2026-05-14 05:14:48 | INFO    | dpfl | Experiment start: algorithm=balance, dataset=fashion_mnist, model=mlp, device=cuda
2026-05-14 05:14:48 | INFO    | dpfl | Config: nodes=500, attackers=100, rounds=150, noise_mode=none, attack=scale
2026-05-14 05:14:48 | INFO    | dpfl.data.fashion_mnist_dataset | Loading Fashion-MNIST dataset...
2026-05-14 05:14:48 | INFO    | dpfl.data.fashion_mnist_dataset | Fashion-MNIST loaded: 60000 train, 10000 test samples
2026-05-14 05:16:01 | INFO    | dpfl.core.base_simulator | Vectorized state ready: param_spec.D=50890, X_test=(10000, 1, 28, 28), train clients N=500, max_n_samples=1000
2026-05-14 05:16:01 | INFO    | dpfl.core.base_simulator | Setup complete: 500 nodes (100 attackers), param_dim=50890, split=iid
2026-05-14 05:16:01 | DEBUG   | dpfl.core.base_simulator | Attacker IDs: {0, 1, 2, 3, 4, 5, 6, 7, 8, 9, 10, 11, 12, 13, 14, 15, 16, 17, 18, 19, 20, 21, 22, 23, 24, 25, 26, 27, 28, 29, 30, 31, 32, 33, 34, 35, 36, 37, 38, 39, 40, 41, 42, 43, 44, 45, 46, 47, 48, 49, 50, 51, 52, 53, 54, 55, 56, 57, 58, 59, 60, 61, 62, 63, 64, 65, 66, 67, 68, 69, 70, 71, 72, 73, 74, 75, 76, 77, 78, 79, 80, 81, 82, 83, 84, 85, 86, 87, 88, 89, 90, 91, 92, 93, 94, 95, 96, 97, 98, 99}
2026-05-14 05:16:02 | INFO    | dpfl.core.base_simulator | Round   1/150 | Acc: 0.4581 | Loss: 1.9726 | eps: 0.00 | P: nan R: nan F1: nan
2026-05-14 05:16:02 | DEBUG   | dpfl.core.base_simulator | Update norms — honest: ['0.23', '0.24', '0.24', '0.23', '0.23'], attacker: ['0.23', '0.23', '0.24', '0.23', '0.24']
2026-05-14 05:16:04 | INFO    | dpfl.core.base_simulator | Round   2/150 | Acc: 0.5721 | Loss: 1.7060 | eps: 0.00 | P: nan R: nan F1: nan
2026-05-14 05:16:04 | DEBUG   | dpfl.core.base_simulator | Update norms — honest: ['0.20', '0.21', '0.21', '0.20', '0.20'], attacker: ['0.20', '0.20', '0.21', '0.20', '0.21']
2026-05-14 05:16:07 | INFO    | dpfl.core.base_simulator | Round   3/150 | Acc: 0.6221 | Loss: 1.4816 | eps: 0.00 | P: nan R: nan F1: nan
2026-05-14 05:16:07 | DEBUG   | dpfl.core.base_simulator | Update norms — honest: ['0.19', '0.19', '0.19', '0.19', '0.18'], attacker: ['0.19', '0.19', '0.19', '0.18', '0.19']
2026-05-14 05:16:11 | INFO    | dpfl.core.base_simulator | Round   4/150 | Acc: 0.6513 | Loss: 1.3056 | eps: 0.00 | P: nan R: nan F1: nan
2026-05-14 05:16:11 | DEBUG   | dpfl.core.base_simulator | Update norms — honest: ['0.16', '0.17', '0.17', '0.16', '0.17'], attacker: ['0.17', '0.17', '0.17', '0.16', '0.17']
2026-05-14 05:16:12 | INFO    | dpfl.core.base_simulator | Round   5/150 | Acc: 0.6735 | Loss: 1.1760 | eps: 0.00 | P: nan R: nan F1: nan
2026-05-14 05:16:12 | DEBUG   | dpfl.core.base_simulator | Update norms — honest: ['0.14', '0.14', '0.14', '0.14', '0.14'], attacker: ['0.14', '0.14', '0.14', '0.14', '0.14']
2026-05-14 05:16:16 | INFO    | dpfl.core.base_simulator | Round   6/150 | Acc: 0.6906 | Loss: 1.0817 | eps: 0.00 | P: nan R: nan F1: nan
2026-05-14 05:16:16 | DEBUG   | dpfl.core.base_simulator | Update norms — honest: ['0.12', '0.12', '0.12', '0.12', '0.12'], attacker: ['0.13', '0.12', '0.12', '0.12', '0.12']
2026-05-14 05:16:20 | INFO    | dpfl.core.base_simulator | Round   7/150 | Acc: 0.7023 | Loss: 1.0113 | eps: 0.00 | P: nan R: nan F1: nan
2026-05-14 05:16:20 | DEBUG   | dpfl.core.base_simulator | Update norms — honest: ['0.11', '0.10', '0.11', '0.11', '0.11'], attacker: ['0.11', '0.11', '0.11', '0.11', '0.11']
2026-05-14 05:16:22 | INFO    | dpfl.core.base_simulator | Round   8/150 | Acc: 0.7106 | Loss: 0.9573 | eps: 0.00 | P: nan R: nan F1: nan
2026-05-14 05:16:22 | DEBUG   | dpfl.core.base_simulator | Update norms — honest: ['0.09', '0.09', '0.10', '0.09', '0.10'], attacker: ['0.10', '0.09', '0.10', '0.10', '0.09']
2026-05-14 05:16:26 | INFO    | dpfl.core.base_simulator | Round   9/150 | Acc: 0.7171 | Loss: 0.9142 | eps: 0.00 | P: nan R: nan F1: nan
2026-05-14 05:16:26 | DEBUG   | dpfl.core.base_simulator | Update norms — honest: ['0.09', '0.08', '0.08', '0.08', '0.09'], attacker: ['0.09', '0.09', '0.09', '0.09', '0.09']
2026-05-14 05:16:30 | INFO    | dpfl.core.base_simulator | Round  10/150 | Acc: 0.7229 | Loss: 0.8791 | eps: 0.00 | P: nan R: nan F1: nan
2026-05-14 05:16:30 | DEBUG   | dpfl.core.base_simulator | Update norms — honest: ['0.08', '0.08', '0.08', '0.08', '0.08'], attacker: ['0.08', '0.08', '0.08', '0.08', '0.08']
2026-05-14 05:16:32 | INFO    | dpfl.core.base_simulator | Round  11/150 | Acc: 0.7278 | Loss: 0.8498 | eps: 0.00 | P: nan R: nan F1: nan
2026-05-14 05:16:32 | DEBUG   | dpfl.core.base_simulator | Update norms — honest: ['0.07', '0.07', '0.07', '0.07', '0.07'], attacker: ['0.08', '0.07', '0.07', '0.07', '0.07']
2026-05-14 05:16:35 | INFO    | dpfl.core.base_simulator | Round  12/150 | Acc: 0.7325 | Loss: 0.8248 | eps: 0.00 | P: nan R: nan F1: nan
2026-05-14 05:16:35 | DEBUG   | dpfl.core.base_simulator | Update norms — honest: ['0.07', '0.07', '0.07', '0.07', '0.07'], attacker: ['0.07', '0.07', '0.07', '0.07', '0.07']
2026-05-14 05:16:39 | INFO    | dpfl.core.base_simulator | Round  13/150 | Acc: 0.7363 | Loss: 0.8036 | eps: 0.00 | P: nan R: nan F1: nan
2026-05-14 05:16:39 | DEBUG   | dpfl.core.base_simulator | Update norms — honest: ['0.06', '0.06', '0.06', '0.06', '0.06'], attacker: ['0.07', '0.06', '0.07', '0.07', '0.06']
2026-05-14 05:16:42 | INFO    | dpfl.core.base_simulator | Round  14/150 | Acc: 0.7403 | Loss: 0.7848 | eps: 0.00 | P: nan R: nan F1: nan
2026-05-14 05:16:42 | DEBUG   | dpfl.core.base_simulator | Update norms — honest: ['0.06', '0.06', '0.06', '0.06', '0.06'], attacker: ['0.07', '0.06', '0.06', '0.06', '0.06']
2026-05-14 05:16:44 | INFO    | dpfl.core.base_simulator | Round  15/150 | Acc: 0.7437 | Loss: 0.7685 | eps: 0.00 | P: nan R: nan F1: nan
2026-05-14 05:16:44 | DEBUG   | dpfl.core.base_simulator | Update norms — honest: ['0.06', '0.06', '0.06', '0.06', '0.06'], attacker: ['0.06', '0.06', '0.06', '0.06', '0.06']
2026-05-14 05:16:48 | INFO    | dpfl.core.base_simulator | Round  16/150 | Acc: 0.7466 | Loss: 0.7544 | eps: 0.00 | P: nan R: nan F1: nan
2026-05-14 05:16:48 | DEBUG   | dpfl.core.base_simulator | Update norms — honest: ['0.05', '0.06', '0.05', '0.05', '0.06'], attacker: ['0.06', '0.06', '0.06', '0.05', '0.06']
2026-05-14 05:16:51 | INFO    | dpfl.core.base_simulator | Round  17/150 | Acc: 0.7493 | Loss: 0.7417 | eps: 0.00 | P: nan R: nan F1: nan
2026-05-14 05:16:51 | DEBUG   | dpfl.core.base_simulator | Update norms — honest: ['0.05', '0.05', '0.05', '0.06', '0.05'], attacker: ['0.05', '0.05', '0.05', '0.06', '0.06']
2026-05-14 05:16:53 | INFO    | dpfl.core.base_simulator | Round  18/150 | Acc: 0.7521 | Loss: 0.7301 | eps: 0.00 | P: nan R: nan F1: nan
2026-05-14 05:16:53 | DEBUG   | dpfl.core.base_simulator | Update norms — honest: ['0.06', '0.05', '0.05', '0.06', '0.05'], attacker: ['0.05', '0.05', '0.05', '0.05', '0.05']
2026-05-14 05:16:56 | INFO    | dpfl.core.base_simulator | Round  19/150 | Acc: 0.7546 | Loss: 0.7199 | eps: 0.00 | P: nan R: nan F1: nan
2026-05-14 05:16:56 | DEBUG   | dpfl.core.base_simulator | Update norms — honest: ['0.05', '0.05', '0.05', '0.05', '0.05'], attacker: ['0.05', '0.05', '0.05', '0.05', '0.05']
2026-05-14 05:17:00 | INFO    | dpfl.core.base_simulator | Round  20/150 | Acc: 0.7568 | Loss: 0.7104 | eps: 0.00 | P: nan R: nan F1: nan
2026-05-14 05:17:00 | DEBUG   | dpfl.core.base_simulator | Update norms — honest: ['0.05', '0.05', '0.04', '0.05', '0.05'], attacker: ['0.05', '0.05', '0.05', '0.05', '0.05']
2026-05-14 05:17:02 | INFO    | dpfl.core.base_simulator | Round  21/150 | Acc: 0.7588 | Loss: 0.7020 | eps: 0.00 | P: nan R: nan F1: nan
2026-05-14 05:17:02 | DEBUG   | dpfl.core.base_simulator | Update norms — honest: ['0.05', '0.04', '0.05', '0.05', '0.04'], attacker: ['0.05', '0.05', '0.05', '0.05', '0.05']
2026-05-14 05:17:05 | INFO    | dpfl.core.base_simulator | Round  22/150 | Acc: 0.7607 | Loss: 0.6944 | eps: 0.00 | P: nan R: nan F1: nan
2026-05-14 05:17:05 | DEBUG   | dpfl.core.base_simulator | Update norms — honest: ['0.05', '0.05', '0.04', '0.05', '0.05'], attacker: ['0.05', '0.05', '0.05', '0.05', '0.04']
2026-05-14 05:17:09 | INFO    | dpfl.core.base_simulator | Round  23/150 | Acc: 0.7626 | Loss: 0.6868 | eps: 0.00 | P: nan R: nan F1: nan
2026-05-14 05:17:09 | DEBUG   | dpfl.core.base_simulator | Update norms — honest: ['0.04', '0.05', '0.04', '0.05', '0.04'], attacker: ['0.04', '0.05', '0.04', '0.05', '0.04']
2026-05-14 05:17:12 | INFO    | dpfl.core.base_simulator | Round  24/150 | Acc: 0.7644 | Loss: 0.6804 | eps: 0.00 | P: nan R: nan F1: nan
2026-05-14 05:17:12 | DEBUG   | dpfl.core.base_simulator | Update norms — honest: ['0.04', '0.05', '0.04', '0.04', '0.04'], attacker: ['0.04', '0.05', '0.04', '0.04', '0.04']
2026-05-14 05:17:13 | INFO    | dpfl.core.base_simulator | Round  25/150 | Acc: 0.7660 | Loss: 0.6742 | eps: 0.00 | P: nan R: nan F1: nan
2026-05-14 05:17:13 | DEBUG   | dpfl.core.base_simulator | Update norms — honest: ['0.04', '0.04', '0.04', '0.05', '0.04'], attacker: ['0.04', '0.04', '0.04', '0.04', '0.05']
2026-05-14 05:17:17 | INFO    | dpfl.core.base_simulator | Round  26/150 | Acc: 0.7674 | Loss: 0.6688 | eps: 0.00 | P: nan R: nan F1: nan
2026-05-14 05:17:17 | DEBUG   | dpfl.core.base_simulator | Update norms — honest: ['0.04', '0.04', '0.04', '0.04', '0.04'], attacker: ['0.05', '0.04', '0.04', '0.04', '0.04']
2026-05-14 05:17:20 | INFO    | dpfl.core.base_simulator | Round  27/150 | Acc: 0.7688 | Loss: 0.6633 | eps: 0.00 | P: nan R: nan F1: nan
2026-05-14 05:17:20 | DEBUG   | dpfl.core.base_simulator | Update norms — honest: ['0.04', '0.04', '0.04', '0.04', '0.04'], attacker: ['0.04', '0.04', '0.04', '0.04', '0.04']
2026-05-14 05:17:22 | INFO    | dpfl.core.base_simulator | Round  28/150 | Acc: 0.7703 | Loss: 0.6584 | eps: 0.00 | P: nan R: nan F1: nan
2026-05-14 05:17:22 | DEBUG   | dpfl.core.base_simulator | Update norms — honest: ['0.04', '0.04', '0.04', '0.04', '0.04'], attacker: ['0.04', '0.04', '0.04', '0.04', '0.04']
2026-05-14 05:17:25 | INFO    | dpfl.core.base_simulator | Round  29/150 | Acc: 0.7717 | Loss: 0.6537 | eps: 0.00 | P: nan R: nan F1: nan
2026-05-14 05:17:25 | DEBUG   | dpfl.core.base_simulator | Update norms — honest: ['0.04', '0.04', '0.04', '0.04', '0.04'], attacker: ['0.04', '0.04', '0.04', '0.04', '0.04']
2026-05-14 05:17:29 | INFO    | dpfl.core.base_simulator | Round  30/150 | Acc: 0.7728 | Loss: 0.6494 | eps: 0.00 | P: nan R: nan F1: nan
2026-05-14 05:17:29 | DEBUG   | dpfl.core.base_simulator | Update norms — honest: ['0.04', '0.04', '0.04', '0.04', '0.04'], attacker: ['0.04', '0.04', '0.04', '0.04', '0.04']
2026-05-14 05:17:32 | INFO    | dpfl.core.base_simulator | Round  31/150 | Acc: 0.7740 | Loss: 0.6454 | eps: 0.00 | P: nan R: nan F1: nan
2026-05-14 05:17:32 | DEBUG   | dpfl.core.base_simulator | Update norms — honest: ['0.04', '0.04', '0.04', '0.04', '0.04'], attacker: ['0.04', '0.04', '0.04', '0.04', '0.04']
2026-05-14 05:17:33 | INFO    | dpfl.core.base_simulator | Round  32/150 | Acc: 0.7753 | Loss: 0.6413 | eps: 0.00 | P: nan R: nan F1: nan
2026-05-14 05:17:33 | DEBUG   | dpfl.core.base_simulator | Update norms — honest: ['0.03', '0.04', '0.03', '0.04', '0.04'], attacker: ['0.04', '0.04', '0.04', '0.04', '0.04']
2026-05-14 05:17:37 | INFO    | dpfl.core.base_simulator | Round  33/150 | Acc: 0.7761 | Loss: 0.6379 | eps: 0.00 | P: nan R: nan F1: nan
2026-05-14 05:17:37 | DEBUG   | dpfl.core.base_simulator | Update norms — honest: ['0.04', '0.04', '0.03', '0.04', '0.04'], attacker: ['0.04', '0.04', '0.04', '0.04', '0.04']
2026-05-14 05:17:41 | INFO    | dpfl.core.base_simulator | Round  34/150 | Acc: 0.7772 | Loss: 0.6344 | eps: 0.00 | P: nan R: nan F1: nan
2026-05-14 05:17:41 | DEBUG   | dpfl.core.base_simulator | Update norms — honest: ['0.04', '0.03', '0.04', '0.04', '0.05'], attacker: ['0.04', '0.04', '0.04', '0.04', '0.04']
2026-05-14 05:17:42 | INFO    | dpfl.core.base_simulator | Round  35/150 | Acc: 0.7782 | Loss: 0.6310 | eps: 0.00 | P: nan R: nan F1: nan
2026-05-14 05:17:42 | DEBUG   | dpfl.core.base_simulator | Update norms — honest: ['0.04', '0.04', '0.03', '0.04', '0.05'], attacker: ['0.04', '0.04', '0.04', '0.04', '0.03']
2026-05-14 05:17:45 | INFO    | dpfl.core.base_simulator | Round  36/150 | Acc: 0.7790 | Loss: 0.6281 | eps: 0.00 | P: nan R: nan F1: nan
2026-05-14 05:17:45 | DEBUG   | dpfl.core.base_simulator | Update norms — honest: ['0.03', '0.03', '0.03', '0.04', '0.04'], attacker: ['0.04', '0.04', '0.04', '0.04', '0.04']
2026-05-14 05:17:49 | INFO    | dpfl.core.base_simulator | Round  37/150 | Acc: 0.7796 | Loss: 0.6255 | eps: 0.00 | P: nan R: nan F1: nan
2026-05-14 05:17:49 | DEBUG   | dpfl.core.base_simulator | Update norms — honest: ['0.03', '0.04', '0.03', '0.04', '0.04'], attacker: ['0.04', '0.04', '0.03', '0.04', '0.04']
2026-05-14 05:17:52 | INFO    | dpfl.core.base_simulator | Round  38/150 | Acc: 0.7805 | Loss: 0.6230 | eps: 0.00 | P: nan R: nan F1: nan
2026-05-14 05:17:52 | DEBUG   | dpfl.core.base_simulator | Update norms — honest: ['0.04', '0.03', '0.03', '0.03', '0.03'], attacker: ['0.03', '0.04', '0.03', '0.04', '0.04']
2026-05-14 05:17:55 | INFO    | dpfl.core.base_simulator | Round  39/150 | Acc: 0.7813 | Loss: 0.6202 | eps: 0.00 | P: nan R: nan F1: nan
2026-05-14 05:17:55 | DEBUG   | dpfl.core.base_simulator | Update norms — honest: ['0.04', '0.04', '0.03', '0.03', '0.03'], attacker: ['0.03', '0.04', '0.04', '0.04', '0.04']
2026-05-14 05:17:59 | INFO    | dpfl.core.base_simulator | Round  40/150 | Acc: 0.7820 | Loss: 0.6177 | eps: 0.00 | P: nan R: nan F1: nan
2026-05-14 05:17:59 | DEBUG   | dpfl.core.base_simulator | Update norms — honest: ['0.03', '0.03', '0.03', '0.04', '0.03'], attacker: ['0.03', '0.04', '0.03', '0.04', '0.03']
2026-05-14 05:18:02 | INFO    | dpfl.core.base_simulator | Round  41/150 | Acc: 0.7827 | Loss: 0.6156 | eps: 0.00 | P: nan R: nan F1: nan
2026-05-14 05:18:02 | DEBUG   | dpfl.core.base_simulator | Update norms — honest: ['0.04', '0.03', '0.03', '0.04', '0.03'], attacker: ['0.04', '0.04', '0.03', '0.03', '0.03']
2026-05-14 05:18:06 | INFO    | dpfl.core.base_simulator | Round  42/150 | Acc: 0.7837 | Loss: 0.6131 | eps: 0.00 | P: nan R: nan F1: nan
2026-05-14 05:18:06 | DEBUG   | dpfl.core.base_simulator | Update norms — honest: ['0.03', '0.03', '0.03', '0.04', '0.03'], attacker: ['0.03', '0.04', '0.03', '0.03', '0.03']
2026-05-14 05:18:10 | INFO    | dpfl.core.base_simulator | Round  43/150 | Acc: 0.7839 | Loss: 0.6115 | eps: 0.00 | P: nan R: nan F1: nan
2026-05-14 05:18:10 | DEBUG   | dpfl.core.base_simulator | Update norms — honest: ['0.03', '0.03', '0.03', '0.04', '0.03'], attacker: ['0.03', '0.04', '0.03', '0.03', '0.03']
2026-05-14 05:18:12 | INFO    | dpfl.core.base_simulator | Round  44/150 | Acc: 0.7848 | Loss: 0.6092 | eps: 0.00 | P: nan R: nan F1: nan
2026-05-14 05:18:12 | DEBUG   | dpfl.core.base_simulator | Update norms — honest: ['0.03', '0.03', '0.03', '0.04', '0.03'], attacker: ['0.04', '0.03', '0.03', '0.04', '0.04']
2026-05-14 05:18:15 | INFO    | dpfl.core.base_simulator | Round  45/150 | Acc: 0.7853 | Loss: 0.6073 | eps: 0.00 | P: nan R: nan F1: nan
2026-05-14 05:18:15 | DEBUG   | dpfl.core.base_simulator | Update norms — honest: ['0.03', '0.03', '0.03', '0.03', '0.03'], attacker: ['0.03', '0.03', '0.03', '0.03', '0.03']
2026-05-14 05:18:20 | INFO    | dpfl.core.base_simulator | Round  46/150 | Acc: 0.7858 | Loss: 0.6056 | eps: 0.00 | P: nan R: nan F1: nan
2026-05-14 05:18:20 | DEBUG   | dpfl.core.base_simulator | Update norms — honest: ['0.03', '0.03', '0.03', '0.04', '0.04'], attacker: ['0.03', '0.03', '0.03', '0.04', '0.03']
2026-05-14 05:18:21 | INFO    | dpfl.core.base_simulator | Round  47/150 | Acc: 0.7864 | Loss: 0.6039 | eps: 0.00 | P: nan R: nan F1: nan
2026-05-14 05:18:21 | DEBUG   | dpfl.core.base_simulator | Update norms — honest: ['0.03', '0.03', '0.03', '0.03', '0.03'], attacker: ['0.03', '0.04', '0.03', '0.04', '0.03']
2026-05-14 05:18:25 | INFO    | dpfl.core.base_simulator | Round  48/150 | Acc: 0.7869 | Loss: 0.6022 | eps: 0.00 | P: nan R: nan F1: nan
2026-05-14 05:18:25 | DEBUG   | dpfl.core.base_simulator | Update norms — honest: ['0.03', '0.04', '0.03', '0.03', '0.03'], attacker: ['0.03', '0.03', '0.03', '0.03', '0.03']
2026-05-14 05:18:29 | INFO    | dpfl.core.base_simulator | Round  49/150 | Acc: 0.7875 | Loss: 0.6007 | eps: 0.00 | P: nan R: nan F1: nan
2026-05-14 05:18:29 | DEBUG   | dpfl.core.base_simulator | Update norms — honest: ['0.03', '0.03', '0.03', '0.04', '0.03'], attacker: ['0.03', '0.03', '0.03', '0.04', '0.03']
2026-05-14 05:18:31 | INFO    | dpfl.core.base_simulator | Round  50/150 | Acc: 0.7879 | Loss: 0.5992 | eps: 0.00 | P: nan R: nan F1: nan
2026-05-14 05:18:31 | DEBUG   | dpfl.core.base_simulator | Update norms — honest: ['0.03', '0.03', '0.03', '0.04', '0.03'], attacker: ['0.03', '0.03', '0.03', '0.03', '0.04']
2026-05-14 05:18:33 | INFO    | dpfl.core.base_simulator | Round  51/150 | Acc: 0.7882 | Loss: 0.5985 | eps: 0.00 | P: nan R: 0.00 F1: nan
2026-05-14 05:18:33 | DEBUG   | dpfl.core.base_simulator | Update norms — honest: ['0.03', '0.04', '0.04', '0.03', '0.03'], attacker: ['0.68', '0.66', '0.61', '0.72', '0.64']
2026-05-14 05:18:37 | INFO    | dpfl.core.base_simulator | Round  52/150 | Acc: 0.7853 | Loss: 0.6227 | eps: 0.00 | P: nan R: 0.00 F1: nan
2026-05-14 05:18:37 | DEBUG   | dpfl.core.base_simulator | Update norms — honest: ['0.03', '0.03', '0.03', '0.03', '0.03'], attacker: ['3.74', '3.00', '2.45', '3.95', '3.48']
2026-05-14 05:18:40 | INFO    | dpfl.core.base_simulator | Round  53/150 | Acc: 0.7872 | Loss: 0.6228 | eps: 0.00 | P: 1.00 R: 0.99 F1: 1.00
2026-05-14 05:18:40 | DEBUG   | dpfl.core.base_simulator | Update norms — honest: ['0.03', '0.03', '0.34', '0.03', '0.03'], attacker: ['27.25', '21.42', '12.18', '25.52', '20.78']
2026-05-14 05:18:42 | INFO    | dpfl.core.base_simulator | Round  54/150 | Acc: 0.7891 | Loss: 0.5958 | eps: 0.00 | P: 1.00 R: 1.00 F1: 1.00
2026-05-14 05:18:42 | DEBUG   | dpfl.core.base_simulator | Update norms — honest: ['0.03', '0.03', '0.05', '0.03', '0.03'], attacker: ['227.42', '184.90', '103.58', '199.68', '168.18']
2026-05-14 05:18:46 | INFO    | dpfl.core.base_simulator | Round  55/150 | Acc: 0.7898 | Loss: 0.5940 | eps: 0.00 | P: 1.00 R: 1.00 F1: 1.00
2026-05-14 05:18:46 | DEBUG   | dpfl.core.base_simulator | Update norms — honest: ['0.03', '0.03', '0.04', '0.03', '0.03'], attacker: ['2026.71', '1771.11', '1044.99', '1890.44', '1612.55']
2026-05-14 05:18:49 | INFO    | dpfl.core.base_simulator | Round  56/150 | Acc: 0.7897 | Loss: 0.5935 | eps: 0.00 | P: 1.00 R: 1.00 F1: 1.00
2026-05-14 05:18:49 | DEBUG   | dpfl.core.base_simulator | Update norms — honest: ['0.03', '0.03', '0.03', '0.03', '0.03'], attacker: ['16650.34', '14631.43', '10709.57', '14840.28', '13836.56']
2026-05-14 05:18:51 | INFO    | dpfl.core.base_simulator | Round  57/150 | Acc: 0.7906 | Loss: 0.5916 | eps: 0.00 | P: 1.00 R: 1.00 F1: 1.00
2026-05-14 05:18:51 | DEBUG   | dpfl.core.base_simulator | Update norms — honest: ['0.03', '0.03', '0.03', '0.03', '0.03'], attacker: ['163565.78', '155270.02', '128136.69', '157574.67', '150371.42']
2026-05-14 05:18:54 | INFO    | dpfl.core.base_simulator | Round  58/150 | Acc: 0.7906 | Loss: 0.5910 | eps: 0.00 | P: 1.00 R: 1.00 F1: 1.00
2026-05-14 05:18:54 | DEBUG   | dpfl.core.base_simulator | Update norms — honest: ['0.03', '0.03', '0.03', '0.03', '0.04'], attacker: ['1415930.12', '1396297.00', '1240821.88', '1512926.00', '1417412.25']
2026-05-14 05:18:58 | INFO    | dpfl.core.base_simulator | Round  59/150 | Acc: 0.7912 | Loss: 0.5899 | eps: 0.00 | P: 1.00 R: 1.00 F1: 1.00
2026-05-14 05:18:58 | DEBUG   | dpfl.core.base_simulator | Update norms — honest: ['0.03', '0.03', '0.03', '0.03', '0.03'], attacker: ['15728053.00', '15262918.00', '14653882.00', '16330532.00', '15456322.00']
2026-05-14 05:19:00 | INFO    | dpfl.core.base_simulator | Round  60/150 | Acc: 0.7914 | Loss: 0.5891 | eps: 0.00 | P: 1.00 R: 1.00 F1: 1.00
2026-05-14 05:19:00 | DEBUG   | dpfl.core.base_simulator | Update norms — honest: ['0.03', '0.03', '0.03', '0.03', '0.03'], attacker: ['129590560.00', '143852112.00', '143176512.00', '157835424.00', '145507776.00']
2026-05-14 05:19:03 | INFO    | dpfl.core.base_simulator | Round  61/150 | Acc: 0.7917 | Loss: 0.5884 | eps: 0.00 | P: 1.00 R: 1.00 F1: 1.00
2026-05-14 05:19:03 | DEBUG   | dpfl.core.base_simulator | Update norms — honest: ['0.03', '0.03', '0.03', '0.03', '0.03'], attacker: ['1490605824.00', '1550175744.00', '1596283264.00', '1662296320.00', '1674662528.00']
2026-05-14 05:19:07 | INFO    | dpfl.core.base_simulator | Round  62/150 | Acc: 0.7918 | Loss: 0.5879 | eps: 0.00 | P: 1.00 R: 1.00 F1: 1.00
2026-05-14 05:19:07 | DEBUG   | dpfl.core.base_simulator | Update norms — honest: ['0.03', '0.04', '0.03', '0.04', '0.03'], attacker: ['14473373696.00', '15246237696.00', '16361522176.00', '16914191360.00', '16568998912.00']
2026-05-14 05:19:10 | INFO    | dpfl.core.base_simulator | Round  63/150 | Acc: 0.7923 | Loss: 0.5867 | eps: 0.00 | P: 1.00 R: 1.00 F1: 1.00
2026-05-14 05:19:10 | DEBUG   | dpfl.core.base_simulator | Update norms — honest: ['0.03', '0.03', '0.04', '0.03', '0.03'], attacker: ['168115175424.00', '167905214464.00', '171174477824.00', '169353428992.00', '176462462976.00']
2026-05-14 05:19:11 | INFO    | dpfl.core.base_simulator | Round  64/150 | Acc: 0.7926 | Loss: 0.5860 | eps: 0.00 | P: 1.00 R: 1.00 F1: 1.00
2026-05-14 05:19:11 | DEBUG   | dpfl.core.base_simulator | Update norms — honest: ['0.03', '0.03', '0.03', '0.03', '0.04'], attacker: ['1756824862720.00', '1763934339072.00', '1817494028288.00', '1648081371136.00', '1869235224576.00']
2026-05-14 05:19:15 | INFO    | dpfl.core.base_simulator | Round  65/150 | Acc: 0.7929 | Loss: 0.5853 | eps: 0.00 | P: 1.00 R: 1.00 F1: 1.00
2026-05-14 05:19:15 | DEBUG   | dpfl.core.base_simulator | Update norms — honest: ['0.03', '0.03', '0.03', '0.03', '0.03'], attacker: ['19064648892416.00', '18630349684736.00', '18798778253312.00', '18211055599616.00', '18963417268224.00']
2026-05-14 05:19:19 | INFO    | dpfl.core.base_simulator | Round  66/150 | Acc: 0.7932 | Loss: 0.5845 | eps: 0.00 | P: 1.00 R: 1.00 F1: 1.00
2026-05-14 05:19:19 | DEBUG   | dpfl.core.base_simulator | Update norms — honest: ['0.03', '0.03', '0.03', '0.04', '0.03'], attacker: ['198087196803072.00', '189881091358720.00', '196615079985152.00', '199024086876160.00', '172554203430912.00']
2026-05-14 05:19:20 | INFO    | dpfl.core.base_simulator | Round  67/150 | Acc: 0.7936 | Loss: 0.5838 | eps: 0.00 | P: 1.00 R: 1.00 F1: 1.00
2026-05-14 05:19:20 | DEBUG   | dpfl.core.base_simulator | Update norms — honest: ['0.03', '0.04', '0.03', '0.03', '0.03'], attacker: ['2107645141975040.00', '2094001507270656.00', '2185932061016064.00', '2042085687427072.00', '2068253446766592.00']
2026-05-14 05:19:24 | INFO    | dpfl.core.base_simulator | Round  68/150 | Acc: 0.7935 | Loss: 0.5836 | eps: 0.00 | P: 1.00 R: 1.00 F1: 1.00
2026-05-14 05:19:24 | DEBUG   | dpfl.core.base_simulator | Update norms — honest: ['0.03', '0.04', '0.03', '0.02', '0.03'], attacker: ['21142955767103488.00', '21558730076192768.00', '18638581811642368.00', '18765422933311488.00', '20717397522513920.00']
2026-05-14 05:19:27 | INFO    | dpfl.core.base_simulator | Round  69/150 | Acc: 0.7939 | Loss: 0.5829 | eps: 0.00 | P: 1.00 R: 1.00 F1: 1.00
2026-05-14 05:19:27 | DEBUG   | dpfl.core.base_simulator | Update norms — honest: ['0.03', '0.03', '0.04', '0.04', '0.03'], attacker: ['225684107449860096.00', '227340212479459328.00', '228868945958928384.00', '230866569608036352.00', '221637526702522368.00']
2026-05-14 05:19:30 | INFO    | dpfl.core.base_simulator | Round  70/150 | Acc: 0.7941 | Loss: 0.5825 | eps: 0.00 | P: 1.00 R: 1.00 F1: 1.00
2026-05-14 05:19:30 | DEBUG   | dpfl.core.base_simulator | Update norms — honest: ['0.03', '0.03', '0.03', '0.04', '0.03'], attacker: ['2356781733661114368.00', '2358668220736471040.00', '2434560086698360832.00', '2257125573132288000.00', '2367580861991223296.00']
2026-05-14 05:19:32 | INFO    | dpfl.core.base_simulator | Round  71/150 | Acc: 0.7944 | Loss: 0.5817 | eps: 0.00 | P: 1.00 R: 1.00 F1: 1.00
2026-05-14 05:19:32 | DEBUG   | dpfl.core.base_simulator | Update norms — honest: ['0.03', '0.03', '0.03', '0.03', '0.04'], attacker: ['inf', 'inf', 'inf', 'inf', 'inf']
2026-05-14 05:19:35 | INFO    | dpfl.core.base_simulator | Round  72/150 | Acc: 0.7945 | Loss: 0.5816 | eps: 0.00 | P: 1.00 R: 1.00 F1: 1.00
2026-05-14 05:19:35 | DEBUG   | dpfl.core.base_simulator | Update norms — honest: ['0.03', '0.03', '0.03', '0.03', '0.03'], attacker: ['nan', 'nan', 'nan', 'nan', 'nan']
2026-05-14 05:19:39 | INFO    | dpfl.core.base_simulator | Round  73/150 | Acc: 0.7947 | Loss: 0.5812 | eps: 0.00 | P: 1.00 R: 1.00 F1: 1.00
2026-05-14 05:19:39 | DEBUG   | dpfl.core.base_simulator | Update norms — honest: ['0.03', '0.03', '0.03', '0.03', '0.03'], attacker: ['nan', 'nan', 'nan', 'nan', 'nan']
2026-05-14 05:19:40 | INFO    | dpfl.core.base_simulator | Round  74/150 | Acc: 0.7950 | Loss: 0.5808 | eps: 0.00 | P: 1.00 R: 1.00 F1: 1.00
2026-05-14 05:19:40 | DEBUG   | dpfl.core.base_simulator | Update norms — honest: ['0.03', '0.03', '0.03', '0.03', '0.03'], attacker: ['nan', 'nan', 'nan', 'nan', 'nan']
2026-05-14 05:19:43 | INFO    | dpfl.core.base_simulator | Round  75/150 | Acc: 0.7950 | Loss: 0.5806 | eps: 0.00 | P: 1.00 R: 1.00 F1: 1.00
2026-05-14 05:19:43 | DEBUG   | dpfl.core.base_simulator | Update norms — honest: ['0.03', '0.03', '0.03', '0.03', '0.03'], attacker: ['nan', 'nan', 'nan', 'nan', 'nan']
2026-05-14 05:19:47 | INFO    | dpfl.core.base_simulator | Round  76/150 | Acc: 0.7950 | Loss: 0.5804 | eps: 0.00 | P: 1.00 R: 1.00 F1: 1.00
2026-05-14 05:19:47 | DEBUG   | dpfl.core.base_simulator | Update norms — honest: ['0.03', '0.03', '0.03', '0.03', '0.03'], attacker: ['nan', 'nan', 'nan', 'nan', 'nan']
2026-05-14 05:19:49 | INFO    | dpfl.core.base_simulator | Round  77/150 | Acc: 0.7955 | Loss: 0.5797 | eps: 0.00 | P: 1.00 R: 1.00 F1: 1.00
2026-05-14 05:19:49 | DEBUG   | dpfl.core.base_simulator | Update norms — honest: ['0.03', '0.03', '0.03', '0.03', '0.03'], attacker: ['nan', 'nan', 'nan', 'nan', 'nan']
2026-05-14 05:19:52 | INFO    | dpfl.core.base_simulator | Round  78/150 | Acc: 0.7956 | Loss: 0.5796 | eps: 0.00 | P: 1.00 R: 1.00 F1: 1.00
2026-05-14 05:19:52 | DEBUG   | dpfl.core.base_simulator | Update norms — honest: ['0.03', '0.04', '0.03', '0.03', '0.03'], attacker: ['nan', 'nan', 'nan', 'nan', 'nan']
2026-05-14 05:19:55 | INFO    | dpfl.core.base_simulator | Round  79/150 | Acc: 0.7959 | Loss: 0.5791 | eps: 0.00 | P: 1.00 R: 1.00 F1: 1.00
2026-05-14 05:19:55 | DEBUG   | dpfl.core.base_simulator | Update norms — honest: ['0.03', '0.04', '0.03', '0.03', '0.03'], attacker: ['nan', 'nan', 'nan', 'nan', 'nan']
2026-05-14 05:19:59 | INFO    | dpfl.core.base_simulator | Round  80/150 | Acc: 0.7960 | Loss: 0.5792 | eps: 0.00 | P: 1.00 R: 1.00 F1: 1.00
2026-05-14 05:19:59 | DEBUG   | dpfl.core.base_simulator | Update norms — honest: ['0.03', '0.03', '0.03', '0.03', '0.03'], attacker: ['nan', 'nan', 'nan', 'nan', 'nan']
2026-05-14 05:20:02 | INFO    | dpfl.core.base_simulator | Round  81/150 | Acc: 0.7960 | Loss: 0.5792 | eps: 0.00 | P: 1.00 R: 1.00 F1: 1.00
2026-05-14 05:20:02 | DEBUG   | dpfl.core.base_simulator | Update norms — honest: ['0.03', '0.03', '0.03', '0.03', '0.03'], attacker: ['nan', 'nan', 'nan', 'nan', 'nan']
2026-05-14 05:20:06 | INFO    | dpfl.core.base_simulator | Round  82/150 | Acc: 0.7963 | Loss: 0.5787 | eps: 0.00 | P: 1.00 R: 1.00 F1: 1.00
2026-05-14 05:20:06 | DEBUG   | dpfl.core.base_simulator | Update norms — honest: ['0.03', '0.03', '0.03', '0.03', '0.02'], attacker: ['nan', 'nan', 'nan', 'nan', 'nan']
2026-05-14 05:20:08 | INFO    | dpfl.core.base_simulator | Round  83/150 | Acc: 0.7963 | Loss: 0.5785 | eps: 0.00 | P: 1.00 R: 1.00 F1: 1.00
2026-05-14 05:20:08 | DEBUG   | dpfl.core.base_simulator | Update norms — honest: ['0.03', '0.03', '0.03', '0.03', '0.03'], attacker: ['nan', 'nan', 'nan', 'nan', 'nan']
2026-05-14 05:20:09 | INFO    | dpfl.core.base_simulator | Round  84/150 | Acc: 0.7963 | Loss: 0.5789 | eps: 0.00 | P: 1.00 R: 1.00 F1: 1.00
2026-05-14 05:20:09 | DEBUG   | dpfl.core.base_simulator | Update norms — honest: ['0.03', '0.03', '0.04', '0.03', '0.03'], attacker: ['nan', 'nan', 'nan', 'nan', 'nan']
2026-05-14 05:20:13 | INFO    | dpfl.core.base_simulator | Round  85/150 | Acc: 0.7966 | Loss: 0.5783 | eps: 0.00 | P: 1.00 R: 1.00 F1: 1.00
2026-05-14 05:20:13 | DEBUG   | dpfl.core.base_simulator | Update norms — honest: ['0.03', '0.02', '0.03', '0.03', '0.03'], attacker: ['nan', 'nan', 'nan', 'nan', 'nan']
2026-05-14 05:20:17 | INFO    | dpfl.core.base_simulator | Round  86/150 | Acc: 0.7967 | Loss: 0.5782 | eps: 0.00 | P: 1.00 R: 1.00 F1: 1.00
2026-05-14 05:20:17 | DEBUG   | dpfl.core.base_simulator | Update norms — honest: ['0.03', '0.02', '0.03', '0.03', '0.03'], attacker: ['nan', 'nan', 'nan', 'nan', 'nan']
2026-05-14 05:20:18 | INFO    | dpfl.core.base_simulator | Round  87/150 | Acc: 0.7968 | Loss: 0.5781 | eps: 0.00 | P: 1.00 R: 1.00 F1: 1.00
2026-05-14 05:20:18 | DEBUG   | dpfl.core.base_simulator | Update norms — honest: ['0.04', '0.03', '0.02', '0.02', '0.02'], attacker: ['nan', 'nan', 'nan', 'nan', 'nan']
2026-05-14 05:20:22 | INFO    | dpfl.core.base_simulator | Round  88/150 | Acc: 0.7970 | Loss: 0.5782 | eps: 0.00 | P: 1.00 R: 1.00 F1: 1.00
2026-05-14 05:20:22 | DEBUG   | dpfl.core.base_simulator | Update norms — honest: ['0.03', '0.03', '0.03', '0.02', '0.03'], attacker: ['nan', 'nan', 'nan', 'nan', 'nan']
2026-05-14 05:20:25 | INFO    | dpfl.core.base_simulator | Round  89/150 | Acc: 0.7971 | Loss: 0.5779 | eps: 0.00 | P: 1.00 R: 1.00 F1: 1.00
2026-05-14 05:20:25 | DEBUG   | dpfl.core.base_simulator | Update norms — honest: ['0.03', '0.03', '0.03', '0.03', '0.03'], attacker: ['nan', 'nan', 'nan', 'nan', 'nan']
2026-05-14 05:20:28 | INFO    | dpfl.core.base_simulator | Round  90/150 | Acc: 0.7972 | Loss: 0.5780 | eps: 0.00 | P: 1.00 R: 1.00 F1: 1.00
2026-05-14 05:20:28 | DEBUG   | dpfl.core.base_simulator | Update norms — honest: ['0.03', '0.03', '0.03', '0.03', '0.03'], attacker: ['nan', 'nan', 'nan', 'nan', 'nan']
2026-05-14 05:20:31 | INFO    | dpfl.core.base_simulator | Round  91/150 | Acc: 0.7971 | Loss: 0.5781 | eps: 0.00 | P: 1.00 R: 1.00 F1: 1.00
2026-05-14 05:20:31 | DEBUG   | dpfl.core.base_simulator | Update norms — honest: ['0.02', '0.03', '0.03', '0.02', '0.03'], attacker: ['nan', 'nan', 'nan', 'nan', 'nan']
2026-05-14 05:20:35 | INFO    | dpfl.core.base_simulator | Round  92/150 | Acc: 0.7975 | Loss: 0.5778 | eps: 0.00 | P: 1.00 R: 1.00 F1: 1.00
2026-05-14 05:20:35 | DEBUG   | dpfl.core.base_simulator | Update norms — honest: ['0.02', '0.03', '0.03', '0.03', '0.03'], attacker: ['nan', 'nan', 'nan', 'nan', 'nan']
2026-05-14 05:20:37 | INFO    | dpfl.core.base_simulator | Round  93/150 | Acc: 0.7974 | Loss: 0.5780 | eps: 0.00 | P: 1.00 R: 1.00 F1: 1.00
2026-05-14 05:20:37 | DEBUG   | dpfl.core.base_simulator | Update norms — honest: ['0.03', '0.03', '0.02', '0.03', '0.04'], attacker: ['nan', 'nan', 'nan', 'nan', 'nan']
2026-05-14 05:20:40 | INFO    | dpfl.core.base_simulator | Round  94/150 | Acc: 0.7977 | Loss: 0.5779 | eps: 0.00 | P: 1.00 R: 1.00 F1: 1.00
2026-05-14 05:20:40 | DEBUG   | dpfl.core.base_simulator | Update norms — honest: ['0.03', '0.03', '0.03', '0.03', '0.03'], attacker: ['nan', 'nan', 'nan', 'nan', 'nan']
2026-05-14 05:20:44 | INFO    | dpfl.core.base_simulator | Round  95/150 | Acc: 0.7977 | Loss: 0.5781 | eps: 0.00 | P: 1.00 R: 1.00 F1: 1.00
2026-05-14 05:20:44 | DEBUG   | dpfl.core.base_simulator | Update norms — honest: ['0.03', '0.03', '0.03', '0.03', '0.03'], attacker: ['nan', 'nan', 'nan', 'nan', 'nan']
2026-05-14 05:20:47 | INFO    | dpfl.core.base_simulator | Round  96/150 | Acc: 0.7976 | Loss: 0.5784 | eps: 0.00 | P: 1.00 R: 1.00 F1: 1.00
2026-05-14 05:20:47 | DEBUG   | dpfl.core.base_simulator | Update norms — honest: ['0.02', '0.03', '0.03', '0.03', '0.04'], attacker: ['nan', 'nan', 'nan', 'nan', 'nan']
2026-05-14 05:20:50 | INFO    | dpfl.core.base_simulator | Round  97/150 | Acc: 0.7977 | Loss: 0.5785 | eps: 0.00 | P: 1.00 R: 1.00 F1: 1.00
2026-05-14 05:20:50 | DEBUG   | dpfl.core.base_simulator | Update norms — honest: ['0.02', '0.03', '0.03', '0.03', '0.03'], attacker: ['nan', 'nan', 'nan', 'nan', 'nan']
2026-05-14 05:20:54 | INFO    | dpfl.core.base_simulator | Round  98/150 | Acc: 0.7980 | Loss: 0.5781 | eps: 0.00 | P: 1.00 R: 1.00 F1: 1.00
2026-05-14 05:20:54 | DEBUG   | dpfl.core.base_simulator | Update norms — honest: ['0.03', '0.03', '0.02', '0.02', '0.03'], attacker: ['nan', 'nan', 'nan', 'nan', 'nan']
2026-05-14 05:20:56 | INFO    | dpfl.core.base_simulator | Round  99/150 | Acc: 0.7980 | Loss: 0.5784 | eps: 0.00 | P: 1.00 R: 1.00 F1: 1.00
2026-05-14 05:20:56 | DEBUG   | dpfl.core.base_simulator | Update norms — honest: ['0.03', '0.03', '0.03', '0.03', '0.02'], attacker: ['nan', 'nan', 'nan', 'nan', 'nan']
2026-05-14 05:21:00 | INFO    | dpfl.core.base_simulator | Round 100/150 | Acc: 0.7981 | Loss: 0.5788 | eps: 0.00 | P: 1.00 R: 1.00 F1: 1.00
2026-05-14 05:21:00 | DEBUG   | dpfl.core.base_simulator | Update norms — honest: ['0.02', '0.02', '0.03', '0.04', '0.03'], attacker: ['nan', 'nan', 'nan', 'nan', 'nan']
2026-05-14 05:21:03 | INFO    | dpfl.core.base_simulator | Round 101/150 | Acc: 0.7983 | Loss: 0.5785 | eps: 0.00 | P: 1.00 R: 1.00 F1: 1.00
2026-05-14 05:21:03 | DEBUG   | dpfl.core.base_simulator | Update norms — honest: ['0.03', '0.02', '0.02', '0.02', '0.03'], attacker: ['nan', 'nan', 'nan', 'nan', 'nan']
2026-05-14 05:21:06 | INFO    | dpfl.core.base_simulator | Round 102/150 | Acc: 0.7983 | Loss: 0.5790 | eps: 0.00 | P: 1.00 R: 1.00 F1: 1.00
2026-05-14 05:21:06 | DEBUG   | dpfl.core.base_simulator | Update norms — honest: ['0.03', '0.03', '0.02', '0.04', '0.03'], attacker: ['nan', 'nan', 'nan', 'nan', 'nan']
2026-05-14 05:21:07 | INFO    | dpfl.core.base_simulator | Round 103/150 | Acc: 0.7983 | Loss: 0.5790 | eps: 0.00 | P: 1.00 R: 1.00 F1: 1.00
2026-05-14 05:21:07 | DEBUG   | dpfl.core.base_simulator | Update norms — honest: ['0.03', '0.03', '0.02', '0.03', '0.02'], attacker: ['nan', 'nan', 'nan', 'nan', 'nan']
2026-05-14 05:21:11 | INFO    | dpfl.core.base_simulator | Round 104/150 | Acc: 0.7983 | Loss: 0.5794 | eps: 0.00 | P: 1.00 R: 1.00 F1: 1.00
2026-05-14 05:21:11 | DEBUG   | dpfl.core.base_simulator | Update norms — honest: ['0.03', '0.03', '0.02', '0.03', '0.03'], attacker: ['nan', 'nan', 'nan', 'nan', 'nan']
2026-05-14 05:21:15 | INFO    | dpfl.core.base_simulator | Round 105/150 | Acc: 0.7983 | Loss: 0.5797 | eps: 0.00 | P: 1.00 R: 1.00 F1: 1.00
2026-05-14 05:21:15 | DEBUG   | dpfl.core.base_simulator | Update norms — honest: ['0.02', '0.03', '0.03', '0.03', '0.02'], attacker: ['nan', 'nan', 'nan', 'nan', 'nan']
2026-05-14 05:21:16 | INFO    | dpfl.core.base_simulator | Round 106/150 | Acc: 0.7984 | Loss: 0.5797 | eps: 0.00 | P: 1.00 R: 1.00 F1: 1.00
2026-05-14 05:21:16 | DEBUG   | dpfl.core.base_simulator | Update norms — honest: ['0.02', '0.02', '0.03', '0.02', '0.03'], attacker: ['nan', 'nan', 'nan', 'nan', 'nan']
2026-05-14 05:21:19 | INFO    | dpfl.core.base_simulator | Round 107/150 | Acc: 0.7984 | Loss: 0.5799 | eps: 0.00 | P: 1.00 R: 1.00 F1: 1.00
2026-05-14 05:21:19 | DEBUG   | dpfl.core.base_simulator | Update norms — honest: ['0.02', '0.02', '0.02', '0.02', '0.03'], attacker: ['nan', 'nan', 'nan', 'nan', 'nan']
2026-05-14 05:21:23 | INFO    | dpfl.core.base_simulator | Round 108/150 | Acc: 0.7987 | Loss: 0.5797 | eps: 0.00 | P: 1.00 R: 1.00 F1: 1.00
2026-05-14 05:21:23 | DEBUG   | dpfl.core.base_simulator | Update norms — honest: ['0.03', '0.03', '0.03', '0.02', '0.04'], attacker: ['nan', 'nan', 'nan', 'nan', 'nan']
2026-05-14 05:21:25 | INFO    | dpfl.core.base_simulator | Round 109/150 | Acc: 0.7986 | Loss: 0.5807 | eps: 0.00 | P: 1.00 R: 1.00 F1: 1.00
2026-05-14 05:21:25 | DEBUG   | dpfl.core.base_simulator | Update norms — honest: ['0.02', '0.02', '0.04', '0.03', '0.02'], attacker: ['nan', 'nan', 'nan', 'nan', 'nan']
2026-05-14 05:21:29 | INFO    | dpfl.core.base_simulator | Round 110/150 | Acc: 0.7986 | Loss: 0.5806 | eps: 0.00 | P: 1.00 R: 1.00 F1: 1.00
2026-05-14 05:21:29 | DEBUG   | dpfl.core.base_simulator | Update norms — honest: ['0.03', '0.02', '0.03', '0.03', '0.02'], attacker: ['nan', 'nan', 'nan', 'nan', 'nan']
2026-05-14 05:21:33 | INFO    | dpfl.core.base_simulator | Round 111/150 | Acc: 0.7987 | Loss: 0.5809 | eps: 0.00 | P: 1.00 R: 1.00 F1: 1.00
2026-05-14 05:21:33 | DEBUG   | dpfl.core.base_simulator | Update norms — honest: ['0.03', '0.03', '0.02', '0.03', '0.03'], attacker: ['nan', 'nan', 'nan', 'nan', 'nan']
2026-05-14 05:21:35 | INFO    | dpfl.core.base_simulator | Round 112/150 | Acc: 0.7986 | Loss: 0.5812 | eps: 0.00 | P: 1.00 R: 1.00 F1: 1.00
2026-05-14 05:21:35 | DEBUG   | dpfl.core.base_simulator | Update norms — honest: ['0.03', '0.02', '0.03', '0.02', '0.02'], attacker: ['nan', 'nan', 'nan', 'nan', 'nan']
2026-05-14 05:21:37 | INFO    | dpfl.core.base_simulator | Round 113/150 | Acc: 0.7989 | Loss: 0.5812 | eps: 0.00 | P: 1.00 R: 1.00 F1: 1.00
2026-05-14 05:21:37 | DEBUG   | dpfl.core.base_simulator | Update norms — honest: ['0.03', '0.02', '0.02', '0.02', '0.03'], attacker: ['nan', 'nan', 'nan', 'nan', 'nan']
2026-05-14 05:21:41 | INFO    | dpfl.core.base_simulator | Round 114/150 | Acc: 0.7989 | Loss: 0.5817 | eps: 0.00 | P: 1.00 R: 1.00 F1: 1.00
2026-05-14 05:21:41 | DEBUG   | dpfl.core.base_simulator | Update norms — honest: ['0.03', '0.02', '0.03', '0.03', '0.03'], attacker: ['nan', 'nan', 'nan', 'nan', 'nan']
2026-05-14 05:21:44 | INFO    | dpfl.core.base_simulator | Round 115/150 | Acc: 0.7987 | Loss: 0.5821 | eps: 0.00 | P: 1.00 R: 1.00 F1: 1.00
2026-05-14 05:21:44 | DEBUG   | dpfl.core.base_simulator | Update norms — honest: ['0.03', '0.02', '0.03', '0.02', '0.02'], attacker: ['nan', 'nan', 'nan', 'nan', 'nan']
2026-05-14 05:21:46 | INFO    | dpfl.core.base_simulator | Round 116/150 | Acc: 0.7990 | Loss: 0.5821 | eps: 0.00 | P: 1.00 R: 1.00 F1: 1.00
2026-05-14 05:21:46 | DEBUG   | dpfl.core.base_simulator | Update norms — honest: ['0.03', '0.02', '0.02', '0.03', '0.02'], attacker: ['nan', 'nan', 'nan', 'nan', 'nan']
2026-05-14 05:21:50 | INFO    | dpfl.core.base_simulator | Round 117/150 | Acc: 0.7990 | Loss: 0.5822 | eps: 0.00 | P: 1.00 R: 1.00 F1: 1.00
2026-05-14 05:21:50 | DEBUG   | dpfl.core.base_simulator | Update norms — honest: ['0.03', '0.03', '0.02', '0.03', '0.02'], attacker: ['nan', 'nan', 'nan', 'nan', 'nan']
2026-05-14 05:21:53 | INFO    | dpfl.core.base_simulator | Round 118/150 | Acc: 0.7990 | Loss: 0.5828 | eps: 0.00 | P: 1.00 R: 1.00 F1: 1.00
2026-05-14 05:21:53 | DEBUG   | dpfl.core.base_simulator | Update norms — honest: ['0.03', '0.02', '0.03', '0.03', '0.02'], attacker: ['nan', 'nan', 'nan', 'nan', 'nan']
2026-05-14 05:21:55 | INFO    | dpfl.core.base_simulator | Round 119/150 | Acc: 0.7992 | Loss: 0.5831 | eps: 0.00 | P: 1.00 R: 1.00 F1: 1.00
2026-05-14 05:21:55 | DEBUG   | dpfl.core.base_simulator | Update norms — honest: ['0.04', '0.02', '0.02', '0.03', '0.03'], attacker: ['nan', 'nan', 'nan', 'nan', 'nan']
2026-05-14 05:21:58 | INFO    | dpfl.core.base_simulator | Round 120/150 | Acc: 0.7989 | Loss: 0.5836 | eps: 0.00 | P: 1.00 R: 1.00 F1: 1.00
2026-05-14 05:21:58 | DEBUG   | dpfl.core.base_simulator | Update norms — honest: ['0.03', '0.02', '0.02', '0.02', '0.03'], attacker: ['nan', 'nan', 'nan', 'nan', 'nan']
2026-05-14 05:22:02 | INFO    | dpfl.core.base_simulator | Round 121/150 | Acc: 0.7991 | Loss: 0.5838 | eps: 0.00 | P: 1.00 R: 1.00 F1: 1.00
2026-05-14 05:22:02 | DEBUG   | dpfl.core.base_simulator | Update norms — honest: ['0.02', '0.03', '0.02', '0.03', '0.02'], attacker: ['nan', 'nan', 'nan', 'nan', 'nan']
2026-05-14 05:22:04 | INFO    | dpfl.core.base_simulator | Round 122/150 | Acc: 0.7992 | Loss: 0.5842 | eps: 0.00 | P: 1.00 R: 1.00 F1: 1.00
2026-05-14 05:22:04 | DEBUG   | dpfl.core.base_simulator | Update norms — honest: ['0.03', '0.03', '0.03', '0.03', '0.02'], attacker: ['nan', 'nan', 'nan', 'nan', 'nan']
2026-05-14 05:22:06 | INFO    | dpfl.core.base_simulator | Round 123/150 | Acc: 0.7992 | Loss: 0.5845 | eps: 0.00 | P: 1.00 R: 1.00 F1: 1.00
2026-05-14 05:22:06 | DEBUG   | dpfl.core.base_simulator | Update norms — honest: ['0.04', '0.03', '0.02', '0.03', '0.03'], attacker: ['nan', 'nan', 'nan', 'nan', 'nan']
2026-05-14 05:22:10 | INFO    | dpfl.core.base_simulator | Round 124/150 | Acc: 0.7992 | Loss: 0.5851 | eps: 0.00 | P: 1.00 R: 1.00 F1: 1.00
2026-05-14 05:22:10 | DEBUG   | dpfl.core.base_simulator | Update norms — honest: ['0.03', '0.03', '0.02', '0.03', '0.02'], attacker: ['nan', 'nan', 'nan', 'nan', 'nan']
2026-05-14 05:22:14 | INFO    | dpfl.core.base_simulator | Round 125/150 | Acc: 0.7993 | Loss: 0.5854 | eps: 0.00 | P: 1.00 R: 1.00 F1: 1.00
2026-05-14 05:22:14 | DEBUG   | dpfl.core.base_simulator | Update norms — honest: ['0.02', '0.02', '0.02', '0.02', '0.02'], attacker: ['nan', 'nan', 'nan', 'nan', 'nan']
2026-05-14 05:22:14 | INFO    | dpfl.core.base_simulator | Round 126/150 | Acc: 0.7992 | Loss: 0.5858 | eps: 0.00 | P: 1.00 R: 1.00 F1: 1.00
2026-05-14 05:22:14 | DEBUG   | dpfl.core.base_simulator | Update norms — honest: ['0.02', '0.02', '0.02', '0.02', '0.02'], attacker: ['nan', 'nan', 'nan', 'nan', 'nan']
2026-05-14 05:22:18 | INFO    | dpfl.core.base_simulator | Round 127/150 | Acc: 0.7993 | Loss: 0.5859 | eps: 0.00 | P: 1.00 R: 1.00 F1: 1.00
2026-05-14 05:22:18 | DEBUG   | dpfl.core.base_simulator | Update norms — honest: ['0.03', '0.02', '0.02', '0.02', '0.02'], attacker: ['nan', 'nan', 'nan', 'nan', 'nan']
2026-05-14 05:22:21 | INFO    | dpfl.core.base_simulator | Round 128/150 | Acc: 0.7992 | Loss: 0.5867 | eps: 0.00 | P: 1.00 R: 1.00 F1: 1.00
2026-05-14 05:22:21 | DEBUG   | dpfl.core.base_simulator | Update norms — honest: ['0.03', '0.02', '0.02', '0.03', '0.02'], attacker: ['nan', 'nan', 'nan', 'nan', 'nan']
2026-05-14 05:22:24 | INFO    | dpfl.core.base_simulator | Round 129/150 | Acc: 0.7994 | Loss: 0.5867 | eps: 0.00 | P: 1.00 R: 1.00 F1: 1.00
2026-05-14 05:22:24 | DEBUG   | dpfl.core.base_simulator | Update norms — honest: ['0.02', '0.02', '0.03', '0.03', '0.02'], attacker: ['nan', 'nan', 'nan', 'nan', 'nan']
2026-05-14 05:22:25 | INFO    | dpfl.core.base_simulator | Round 130/150 | Acc: 0.7993 | Loss: 0.5875 | eps: 0.00 | P: 1.00 R: 1.00 F1: 1.00
2026-05-14 05:22:25 | DEBUG   | dpfl.core.base_simulator | Update norms — honest: ['0.02', '0.03', '0.02', '0.02', '0.02'], attacker: ['nan', 'nan', 'nan', 'nan', 'nan']
2026-05-14 05:22:29 | INFO    | dpfl.core.base_simulator | Round 131/150 | Acc: 0.7993 | Loss: 0.5877 | eps: 0.00 | P: 1.00 R: 1.00 F1: 1.00
2026-05-14 05:22:29 | DEBUG   | dpfl.core.base_simulator | Update norms — honest: ['0.02', '0.03', '0.03', '0.02', '0.03'], attacker: ['nan', 'nan', 'nan', 'nan', 'nan']
2026-05-14 05:22:32 | INFO    | dpfl.core.base_simulator | Round 132/150 | Acc: 0.7993 | Loss: 0.5883 | eps: 0.00 | P: 1.00 R: 1.00 F1: 1.00
2026-05-14 05:22:32 | DEBUG   | dpfl.core.base_simulator | Update norms — honest: ['0.03', '0.03', '0.02', '0.02', '0.02'], attacker: ['nan', 'nan', 'nan', 'nan', 'nan']
2026-05-14 05:22:34 | INFO    | dpfl.core.base_simulator | Round 133/150 | Acc: 0.7993 | Loss: 0.5886 | eps: 0.00 | P: 1.00 R: 1.00 F1: 1.00
2026-05-14 05:22:34 | DEBUG   | dpfl.core.base_simulator | Update norms — honest: ['0.02', '0.02', '0.03', '0.02', '0.02'], attacker: ['nan', 'nan', 'nan', 'nan', 'nan']
2026-05-14 05:22:38 | INFO    | dpfl.core.base_simulator | Round 134/150 | Acc: 0.7993 | Loss: 0.5893 | eps: 0.00 | P: 1.00 R: 1.00 F1: 1.00
2026-05-14 05:22:38 | DEBUG   | dpfl.core.base_simulator | Update norms — honest: ['0.03', '0.02', '0.03', '0.03', '0.02'], attacker: ['nan', 'nan', 'nan', 'nan', 'nan']
2026-05-14 05:22:42 | INFO    | dpfl.core.base_simulator | Round 135/150 | Acc: 0.7994 | Loss: 0.5896 | eps: 0.00 | P: 1.00 R: 1.00 F1: 1.00
2026-05-14 05:22:42 | DEBUG   | dpfl.core.base_simulator | Update norms — honest: ['0.03', '0.02', '0.02', '0.03', '0.03'], attacker: ['nan', 'nan', 'nan', 'nan', 'nan']
2026-05-14 05:22:43 | INFO    | dpfl.core.base_simulator | Round 136/150 | Acc: 0.7994 | Loss: 0.5902 | eps: 0.00 | P: 1.00 R: 1.00 F1: 1.00
2026-05-14 05:22:43 | DEBUG   | dpfl.core.base_simulator | Update norms — honest: ['0.02', '0.02', '0.02', '0.03', '0.03'], attacker: ['nan', 'nan', 'nan', 'nan', 'nan']
2026-05-14 05:22:47 | INFO    | dpfl.core.base_simulator | Round 137/150 | Acc: 0.7994 | Loss: 0.5903 | eps: 0.00 | P: 1.00 R: 1.00 F1: 1.00
2026-05-14 05:22:47 | DEBUG   | dpfl.core.base_simulator | Update norms — honest: ['0.02', '0.02', '0.02', '0.02', '0.02'], attacker: ['nan', 'nan', 'nan', 'nan', 'nan']
2026-05-14 05:22:51 | INFO    | dpfl.core.base_simulator | Round 138/150 | Acc: 0.7994 | Loss: 0.5909 | eps: 0.00 | P: 1.00 R: 1.00 F1: 1.00
2026-05-14 05:22:51 | DEBUG   | dpfl.core.base_simulator | Update norms — honest: ['0.02', '0.02', '0.03', '0.02', '0.02'], attacker: ['nan', 'nan', 'nan', 'nan', 'nan']
2026-05-14 05:22:52 | INFO    | dpfl.core.base_simulator | Round 139/150 | Acc: 0.7994 | Loss: 0.5914 | eps: 0.00 | P: 1.00 R: 1.00 F1: 1.00
2026-05-14 05:22:52 | DEBUG   | dpfl.core.base_simulator | Update norms — honest: ['0.03', '0.02', '0.02', '0.02', '0.03'], attacker: ['nan', 'nan', 'nan', 'nan', 'nan']
2026-05-14 05:22:56 | INFO    | dpfl.core.base_simulator | Round 140/150 | Acc: 0.7994 | Loss: 0.5918 | eps: 0.00 | P: 1.00 R: 1.00 F1: 1.00
2026-05-14 05:22:56 | DEBUG   | dpfl.core.base_simulator | Update norms — honest: ['0.02', '0.03', '0.02', '0.02', '0.02'], attacker: ['nan', 'nan', 'nan', 'nan', 'nan']
2026-05-14 05:23:00 | INFO    | dpfl.core.base_simulator | Round 141/150 | Acc: 0.7995 | Loss: 0.5925 | eps: 0.00 | P: 1.00 R: 1.00 F1: 1.00
2026-05-14 05:23:00 | DEBUG   | dpfl.core.base_simulator | Update norms — honest: ['0.02', '0.02', '0.02', '0.02', '0.03'], attacker: ['nan', 'nan', 'nan', 'nan', 'nan']
2026-05-14 05:23:02 | INFO    | dpfl.core.base_simulator | Round 142/150 | Acc: 0.7993 | Loss: 0.5929 | eps: 0.00 | P: 1.00 R: 1.00 F1: 1.00
2026-05-14 05:23:02 | DEBUG   | dpfl.core.base_simulator | Update norms — honest: ['0.02', '0.02', '0.02', '0.02', '0.02'], attacker: ['nan', 'nan', 'nan', 'nan', 'nan']
2026-05-14 05:23:05 | INFO    | dpfl.core.base_simulator | Round 143/150 | Acc: 0.7995 | Loss: 0.5933 | eps: 0.00 | P: 1.00 R: 1.00 F1: 1.00
2026-05-14 05:23:05 | DEBUG   | dpfl.core.base_simulator | Update norms — honest: ['0.02', '0.02', '0.03', '0.02', '0.02'], attacker: ['nan', 'nan', 'nan', 'nan', 'nan']
2026-05-14 05:23:09 | INFO    | dpfl.core.base_simulator | Round 144/150 | Acc: 0.7995 | Loss: 0.5938 | eps: 0.00 | P: 1.00 R: 1.00 F1: 1.00
2026-05-14 05:23:09 | DEBUG   | dpfl.core.base_simulator | Update norms — honest: ['0.03', '0.03', '0.04', '0.02', '0.02'], attacker: ['nan', 'nan', 'nan', 'nan', 'nan']
2026-05-14 05:23:12 | INFO    | dpfl.core.base_simulator | Round 145/150 | Acc: 0.7994 | Loss: 0.5946 | eps: 0.00 | P: 1.00 R: 1.00 F1: 1.00
2026-05-14 05:23:12 | DEBUG   | dpfl.core.base_simulator | Update norms — honest: ['0.02', '0.03', '0.02', '0.04', '0.02'], attacker: ['nan', 'nan', 'nan', 'nan', 'nan']
2026-05-14 05:23:13 | INFO    | dpfl.core.base_simulator | Round 146/150 | Acc: 0.7994 | Loss: 0.5950 | eps: 0.00 | P: 1.00 R: 1.00 F1: 1.00
2026-05-14 05:23:13 | DEBUG   | dpfl.core.base_simulator | Update norms — honest: ['0.03', '0.02', '0.02', '0.03', '0.02'], attacker: ['nan', 'nan', 'nan', 'nan', 'nan']
2026-05-14 05:23:17 | INFO    | dpfl.core.base_simulator | Round 147/150 | Acc: 0.7995 | Loss: 0.5954 | eps: 0.00 | P: 1.00 R: 1.00 F1: 1.00
2026-05-14 05:23:17 | DEBUG   | dpfl.core.base_simulator | Update norms — honest: ['0.03', '0.02', '0.02', '0.02', '0.04'], attacker: ['nan', 'nan', 'nan', 'nan', 'nan']
2026-05-14 05:23:21 | INFO    | dpfl.core.base_simulator | Round 148/150 | Acc: 0.7995 | Loss: 0.5956 | eps: 0.00 | P: 1.00 R: 1.00 F1: 1.00
2026-05-14 05:23:21 | DEBUG   | dpfl.core.base_simulator | Update norms — honest: ['0.02', '0.02', '0.02', '0.02', '0.03'], attacker: ['nan', 'nan', 'nan', 'nan', 'nan']
2026-05-14 05:23:22 | INFO    | dpfl.core.base_simulator | Round 149/150 | Acc: 0.7994 | Loss: 0.5964 | eps: 0.00 | P: 1.00 R: 1.00 F1: 1.00
2026-05-14 05:23:22 | DEBUG   | dpfl.core.base_simulator | Update norms — honest: ['0.02', '0.02', '0.02', '0.02', '0.02'], attacker: ['nan', 'nan', 'nan', 'nan', 'nan']
2026-05-14 05:23:25 | INFO    | dpfl.core.base_simulator | Round 150/150 | Acc: 0.7995 | Loss: 0.5968 | eps: 0.00 | P: 1.00 R: 1.00 F1: 1.00
2026-05-14 05:23:25 | DEBUG   | dpfl.core.base_simulator | Update norms — honest: ['0.02', '0.03', '0.03', '0.02', '0.02'], attacker: ['nan', 'nan', 'nan', 'nan', 'nan']
2026-05-14 05:23:26 | INFO    | dpfl | Experiment complete in 517.2s
============================================================
REPORT: DP-SGD Decentralized Federated Learning
============================================================
Timestamp:                  20260514_051448
Rounds completed:           150
Attack-active rounds:       100  (from round 50)
Final accuracy:             0.7995
Final test loss:            0.5968
Final epsilon:              0.00
Best alpha:                 None
Avg precision:              1.0000
Avg recall:                 0.9799
Avg F1 score:               1.0000
Avg update norm (honest):   0.0389
Avg update norm (attacker): nan
============================================================
