2026-05-14 07:16:16 | INFO    | dpfl | Experiment start: algorithm=noise_game, dataset=mnist, model=mlp, device=cuda
2026-05-14 07:16:16 | INFO    | dpfl | Config: nodes=500, attackers=200, rounds=150, noise_mode=none, attack=scale
2026-05-14 07:16:16 | INFO    | dpfl.data.mnist_dataset | Loading MNIST dataset...
2026-05-14 07:16:17 | INFO    | dpfl.data.mnist_dataset | MNIST loaded: 60000 train, 10000 test samples
2026-05-14 07:18:48 | INFO    | dpfl.core.base_simulator | Vectorized state ready: param_spec.D=50890, X_test=(10000, 1, 28, 28), train clients N=500, max_n_samples=1000
2026-05-14 07:18:48 | INFO    | dpfl.core.base_simulator | Setup complete: 500 nodes (200 attackers), param_dim=50890, split=iid
2026-05-14 07:18:48 | DEBUG   | dpfl.core.base_simulator | Attacker IDs: {0, 1, 2, 3, 4, 5, 6, 7, 8, 9, 10, 11, 12, 13, 14, 15, 16, 17, 18, 19, 20, 21, 22, 23, 24, 25, 26, 27, 28, 29, 30, 31, 32, 33, 34, 35, 36, 37, 38, 39, 40, 41, 42, 43, 44, 45, 46, 47, 48, 49, 50, 51, 52, 53, 54, 55, 56, 57, 58, 59, 60, 61, 62, 63, 64, 65, 66, 67, 68, 69, 70, 71, 72, 73, 74, 75, 76, 77, 78, 79, 80, 81, 82, 83, 84, 85, 86, 87, 88, 89, 90, 91, 92, 93, 94, 95, 96, 97, 98, 99, 100, 101, 102, 103, 104, 105, 106, 107, 108, 109, 110, 111, 112, 113, 114, 115, 116, 117, 118, 119, 120, 121, 122, 123, 124, 125, 126, 127, 128, 129, 130, 131, 132, 133, 134, 135, 136, 137, 138, 139, 140, 141, 142, 143, 144, 145, 146, 147, 148, 149, 150, 151, 152, 153, 154, 155, 156, 157, 158, 159, 160, 161, 162, 163, 164, 165, 166, 167, 168, 169, 170, 171, 172, 173, 174, 175, 176, 177, 178, 179, 180, 181, 182, 183, 184, 185, 186, 187, 188, 189, 190, 191, 192, 193, 194, 195, 196, 197, 198, 199}
2026-05-14 07:19:04 | INFO    | dpfl.core.base_simulator | Round   1/150 | Acc: 0.3800 | Loss: 2.0956 | eps_max: 1.91 eps_avg: 0.79 | P: nan R: nan F1: nan
2026-05-14 07:19:04 | DEBUG   | dpfl.core.base_simulator | Update norms — honest: ['0.56', '0.56', '0.56', '0.56', '0.57'], attacker: ['0.56', '0.57', '0.57', '0.56', '0.56']
2026-05-14 07:19:24 | INFO    | dpfl.core.base_simulator | Round   2/150 | Acc: 0.5540 | Loss: 1.8905 | eps_max: 2.01 eps_avg: 0.88 | P: nan R: nan F1: nan
2026-05-14 07:19:24 | DEBUG   | dpfl.core.base_simulator | Update norms — honest: ['0.55', '0.55', '0.55', '0.55', '0.55'], attacker: ['1.02', '1.03', '1.03', '1.02', '1.03']
2026-05-14 07:21:27 | INFO    | dpfl.core.base_simulator | Round   3/150 | Acc: 0.6505 | Loss: 1.6799 | eps_max: 2.25 eps_avg: 1.03 | P: nan R: nan F1: nan
2026-05-14 07:21:27 | DEBUG   | dpfl.core.base_simulator | Update norms — honest: ['0.53', '0.53', '0.53', '0.53', '0.53'], attacker: ['1.55', '1.56', '1.56', '1.57', '1.55']
2026-05-14 07:21:45 | INFO    | dpfl.core.base_simulator | Round   4/150 | Acc: 0.7096 | Loss: 1.4801 | eps_max: 2.45 eps_avg: 1.20 | P: nan R: nan F1: nan
2026-05-14 07:21:45 | DEBUG   | dpfl.core.base_simulator | Update norms — honest: ['0.52', '0.51', '0.52', '0.51', '0.52'], attacker: ['2.04', '2.05', '2.05', '2.05', '2.03']
2026-05-14 07:22:02 | INFO    | dpfl.core.base_simulator | Round   5/150 | Acc: 0.7508 | Loss: 1.3000 | eps_max: 2.58 eps_avg: 1.32 | P: nan R: nan F1: nan
2026-05-14 07:22:02 | DEBUG   | dpfl.core.base_simulator | Update norms — honest: ['0.50', '0.50', '0.50', '0.50', '0.50'], attacker: ['2.49', '2.50', '2.49', '2.50', '2.48']
2026-05-14 07:22:18 | INFO    | dpfl.core.base_simulator | Round   6/150 | Acc: 0.7792 | Loss: 1.1459 | eps_max: 2.80 eps_avg: 1.42 | P: nan R: nan F1: nan
2026-05-14 07:22:18 | DEBUG   | dpfl.core.base_simulator | Update norms — honest: ['0.48', '0.94', '0.95', '0.48', '0.97'], attacker: ['2.92', '2.93', '2.94', '2.93', '2.92']
2026-05-14 07:22:35 | INFO    | dpfl.core.base_simulator | Round   7/150 | Acc: 0.7996 | Loss: 1.0195 | eps_max: 3.14 eps_avg: 1.61 | P: nan R: nan F1: nan
2026-05-14 07:22:35 | DEBUG   | dpfl.core.base_simulator | Update norms — honest: ['0.95', '0.47', '0.92', '0.47', '0.47'], attacker: ['3.31', '3.35', '3.34', '3.34', '3.29']
2026-05-14 07:22:52 | INFO    | dpfl.core.base_simulator | Round   8/150 | Acc: 0.8139 | Loss: 0.9186 | eps_max: 3.38 eps_avg: 1.81 | P: nan R: nan F1: nan
2026-05-14 07:22:52 | DEBUG   | dpfl.core.base_simulator | Update norms — honest: ['0.46', '0.90', '0.85', '0.46', '0.46'], attacker: ['3.69', '3.71', '3.74', '3.71', '3.64']
2026-05-14 07:23:09 | INFO    | dpfl.core.base_simulator | Round   9/150 | Acc: 0.8242 | Loss: 0.8389 | eps_max: 3.49 eps_avg: 1.93 | P: nan R: nan F1: nan
2026-05-14 07:23:09 | DEBUG   | dpfl.core.base_simulator | Update norms — honest: ['0.44', '0.44', '0.87', '1.46', '0.44'], attacker: ['4.05', '4.01', '4.06', '4.05', '4.01']
2026-05-14 07:23:26 | INFO    | dpfl.core.base_simulator | Round  10/150 | Acc: 0.8321 | Loss: 0.7753 | eps_max: 3.65 eps_avg: 2.05 | P: nan R: nan F1: nan
2026-05-14 07:23:26 | DEBUG   | dpfl.core.base_simulator | Update norms — honest: ['0.90', '0.43', '0.80', '0.43', '0.81'], attacker: ['4.38', '4.32', '4.33', '4.35', '4.39']
2026-05-14 07:23:44 | INFO    | dpfl.core.base_simulator | Round  11/150 | Acc: 0.8383 | Loss: 0.7244 | eps_max: 3.87 eps_avg: 2.21 | P: nan R: nan F1: nan
2026-05-14 07:23:44 | DEBUG   | dpfl.core.base_simulator | Update norms — honest: ['0.42', '0.42', '0.87', '0.42', '0.42'], attacker: ['4.67', '4.54', '4.69', '4.70', '4.72']
2026-05-14 07:24:02 | INFO    | dpfl.core.base_simulator | Round  12/150 | Acc: 0.8436 | Loss: 0.6827 | eps_max: 4.22 eps_avg: 2.38 | P: nan R: nan F1: nan
2026-05-14 07:24:02 | DEBUG   | dpfl.core.base_simulator | Update norms — honest: ['0.41', '0.77', '0.82', '0.41', '1.41'], attacker: ['4.90', '4.92', '4.93', '4.92', '5.01']
2026-05-14 07:24:19 | INFO    | dpfl.core.base_simulator | Round  13/150 | Acc: 0.8478 | Loss: 0.6485 | eps_max: 4.69 eps_avg: 2.57 | P: nan R: nan F1: nan
2026-05-14 07:24:19 | DEBUG   | dpfl.core.base_simulator | Update norms — honest: ['1.30', '0.39', '1.71', '1.40', '0.83'], attacker: ['5.26', '5.21', '5.23', '5.24', '5.33']
2026-05-14 07:24:38 | INFO    | dpfl.core.base_simulator | Round  14/150 | Acc: 0.8514 | Loss: 0.6199 | eps_max: 5.22 eps_avg: 2.83 | P: nan R: nan F1: nan
2026-05-14 07:24:38 | DEBUG   | dpfl.core.base_simulator | Update norms — honest: ['0.78', '0.81', '0.38', '0.38', '0.80'], attacker: ['5.53', '5.46', '5.58', '5.55', '5.52']
2026-05-14 07:24:55 | INFO    | dpfl.core.base_simulator | Round  15/150 | Acc: 0.8547 | Loss: 0.5954 | eps_max: 5.33 eps_avg: 3.02 | P: nan R: nan F1: nan
2026-05-14 07:24:55 | DEBUG   | dpfl.core.base_simulator | Update norms — honest: ['0.79', '0.37', '1.82', '0.37', '0.37'], attacker: ['5.74', '5.79', '5.68', '5.77', '5.57']
2026-05-14 07:26:26 | INFO    | dpfl.core.base_simulator | Round  16/150 | Acc: 0.8575 | Loss: 0.5745 | eps_max: 5.48 eps_avg: 3.14 | P: nan R: nan F1: nan
2026-05-14 07:26:26 | DEBUG   | dpfl.core.base_simulator | Update norms — honest: ['0.75', '0.75', '1.80', '1.22', '0.36'], attacker: ['5.92', '5.90', '5.96', '5.82', '5.87']
2026-05-14 07:27:26 | INFO    | dpfl.core.base_simulator | Round  17/150 | Acc: 0.8599 | Loss: 0.5564 | eps_max: 5.67 eps_avg: 3.25 | P: nan R: nan F1: nan
2026-05-14 07:27:26 | DEBUG   | dpfl.core.base_simulator | Update norms — honest: ['0.75', '1.42', '1.70', '0.35', '1.34'], attacker: ['6.08', '6.07', '6.21', '5.91', '6.05']
2026-05-14 07:27:45 | INFO    | dpfl.core.base_simulator | Round  18/150 | Acc: 0.8620 | Loss: 0.5407 | eps_max: 5.94 eps_avg: 3.42 | P: nan R: nan F1: nan
2026-05-14 07:27:45 | DEBUG   | dpfl.core.base_simulator | Update norms — honest: ['1.10', '1.82', '0.34', '0.77', '0.71'], attacker: ['6.31', '6.22', '6.49', '6.18', '6.16']
2026-05-14 07:28:03 | INFO    | dpfl.core.base_simulator | Round  19/150 | Acc: 0.8640 | Loss: 0.5269 | eps_max: 6.27 eps_avg: 3.62 | P: nan R: nan F1: nan
2026-05-14 07:28:03 | DEBUG   | dpfl.core.base_simulator | Update norms — honest: ['0.34', '1.83', '0.34', '0.71', '0.34'], attacker: ['6.43', '6.29', '6.35', '6.59', '6.25']
2026-05-14 07:28:21 | INFO    | dpfl.core.base_simulator | Round  20/150 | Acc: 0.8656 | Loss: 0.5147 | eps_max: 6.69 eps_avg: 3.82 | P: nan R: nan F1: nan
2026-05-14 07:28:21 | DEBUG   | dpfl.core.base_simulator | Update norms — honest: ['1.06', '1.56', '1.61', '1.05', '0.34'], attacker: ['6.64', '6.86', '6.38', '6.48', '6.62']
2026-05-14 07:28:39 | INFO    | dpfl.core.base_simulator | Round  21/150 | Acc: 0.8672 | Loss: 0.5038 | eps_max: 7.11 eps_avg: 4.06 | P: nan R: nan F1: nan
2026-05-14 07:28:39 | DEBUG   | dpfl.core.base_simulator | Update norms — honest: ['0.34', '0.34', '1.77', '0.68', '0.60'], attacker: ['6.84', '7.03', '6.84', '6.60', '6.87']
2026-05-14 07:28:58 | INFO    | dpfl.core.base_simulator | Round  22/150 | Acc: 0.8685 | Loss: 0.4940 | eps_max: 7.53 eps_avg: 4.28 | P: nan R: nan F1: nan
2026-05-14 07:28:58 | DEBUG   | dpfl.core.base_simulator | Update norms — honest: ['1.17', '0.60', '0.64', '1.02', '0.34'], attacker: ['6.94', '7.17', '7.21', '7.02', '6.92']
2026-05-14 07:29:16 | INFO    | dpfl.core.base_simulator | Round  23/150 | Acc: 0.8699 | Loss: 0.4852 | eps_max: 7.66 eps_avg: 4.51 | P: nan R: nan F1: nan
2026-05-14 07:29:16 | DEBUG   | dpfl.core.base_simulator | Update norms — honest: ['0.66', '1.62', '1.84', '0.72', '0.60'], attacker: ['6.94', '7.30', '7.21', '7.22', '6.88']
2026-05-14 07:29:34 | INFO    | dpfl.core.base_simulator | Round  24/150 | Acc: 0.8709 | Loss: 0.4773 | eps_max: 7.78 eps_avg: 4.67 | P: nan R: nan F1: nan
2026-05-14 07:29:34 | DEBUG   | dpfl.core.base_simulator | Update norms — honest: ['2.09', '0.59', '1.18', '1.46', '0.34'], attacker: ['6.83', '7.43', '7.10', '7.40', '7.14']
2026-05-14 07:29:52 | INFO    | dpfl.core.base_simulator | Round  25/150 | Acc: 0.8719 | Loss: 0.4701 | eps_max: 7.91 eps_avg: 4.80 | P: nan R: nan F1: nan
2026-05-14 07:29:52 | DEBUG   | dpfl.core.base_simulator | Update norms — honest: ['2.06', '1.11', '0.34', '0.57', '0.60'], attacker: ['7.29', '7.61', '7.10', '7.36', '7.13']
2026-05-14 07:30:12 | INFO    | dpfl.core.base_simulator | Round  26/150 | Acc: 0.8729 | Loss: 0.4636 | eps_max: 8.03 eps_avg: 4.94 | P: nan R: nan F1: nan
2026-05-14 07:30:12 | DEBUG   | dpfl.core.base_simulator | Update norms — honest: ['0.34', '0.62', '0.62', '1.12', '0.34'], attacker: ['7.56', '7.66', '7.19', '6.76', '6.27']
2026-05-14 07:30:12 | WARNING | dpfl.algorithms.noise_game.simulator | Round  26/150 | Budget exceeded (eps_max=8.03 > 8.00)
2026-05-14 07:30:13 | INFO    | dpfl | Experiment complete in 835.4s
============================================================
REPORT: DP-SGD Decentralized Federated Learning
============================================================
Timestamp:                  20260514_071616
Rounds completed:           26
Attack-active rounds:       0  (from round 50)
Final accuracy:             0.8729
Final test loss:            0.4636
Final epsilon (max honest): 8.03
Final epsilon (avg honest): 4.94
Best alpha:                 1000.0
Avg precision:              nan
Avg recall:                 nan
Avg F1 score:               nan
Avg update norm (honest):   0.7028
Avg update norm (attacker): 4.8379

eps_system (max honest): 6.3622
eps_avg (honest):        2.9536
eps_std (honest):        2.1182
n_frozen:                0/300
============================================================
