2026-05-14 09:49:30 | INFO    | dpfl | Experiment start: algorithm=noise_game, dataset=mnist, model=mlp, device=cuda
2026-05-14 09:49:30 | INFO    | dpfl | Config: nodes=500, attackers=200, rounds=150, noise_mode=none, attack=scale
2026-05-14 09:49:30 | INFO    | dpfl.data.mnist_dataset | Loading MNIST dataset...
2026-05-14 09:49:30 | INFO    | dpfl.data.mnist_dataset | MNIST loaded: 60000 train, 10000 test samples
2026-05-14 09:52:34 | INFO    | dpfl.core.base_simulator | Vectorized state ready: param_spec.D=50890, X_test=(10000, 1, 28, 28), train clients N=500, max_n_samples=1000
2026-05-14 09:52:34 | INFO    | dpfl.core.base_simulator | Setup complete: 500 nodes (200 attackers), param_dim=50890, split=iid
2026-05-14 09:52:34 | DEBUG   | dpfl.core.base_simulator | Attacker IDs: {0, 1, 2, 3, 4, 5, 6, 7, 8, 9, 10, 11, 12, 13, 14, 15, 16, 17, 18, 19, 20, 21, 22, 23, 24, 25, 26, 27, 28, 29, 30, 31, 32, 33, 34, 35, 36, 37, 38, 39, 40, 41, 42, 43, 44, 45, 46, 47, 48, 49, 50, 51, 52, 53, 54, 55, 56, 57, 58, 59, 60, 61, 62, 63, 64, 65, 66, 67, 68, 69, 70, 71, 72, 73, 74, 75, 76, 77, 78, 79, 80, 81, 82, 83, 84, 85, 86, 87, 88, 89, 90, 91, 92, 93, 94, 95, 96, 97, 98, 99, 100, 101, 102, 103, 104, 105, 106, 107, 108, 109, 110, 111, 112, 113, 114, 115, 116, 117, 118, 119, 120, 121, 122, 123, 124, 125, 126, 127, 128, 129, 130, 131, 132, 133, 134, 135, 136, 137, 138, 139, 140, 141, 142, 143, 144, 145, 146, 147, 148, 149, 150, 151, 152, 153, 154, 155, 156, 157, 158, 159, 160, 161, 162, 163, 164, 165, 166, 167, 168, 169, 170, 171, 172, 173, 174, 175, 176, 177, 178, 179, 180, 181, 182, 183, 184, 185, 186, 187, 188, 189, 190, 191, 192, 193, 194, 195, 196, 197, 198, 199}
2026-05-14 09:52:42 | INFO    | dpfl.core.base_simulator | Round   1/150 | Acc: 0.3800 | Loss: 2.0956 | eps_max: 1.91 eps_avg: 0.79 | P: 0.00 R: nan F1: nan
2026-05-14 09:52:42 | DEBUG   | dpfl.core.base_simulator | Update norms — honest: ['202.50', '202.98', '203.84', '203.55', '204.45'], attacker: ['202.89', '204.10', '204.49', '203.77', '203.06']
2026-05-14 09:52:49 | INFO    | dpfl.core.base_simulator | Round   2/150 | Acc: 0.5541 | Loss: 1.8904 | eps_max: 1.98 eps_avg: 0.87 | P: 0.00 R: nan F1: nan
2026-05-14 09:52:49 | DEBUG   | dpfl.core.base_simulator | Update norms — honest: ['203.39', '200.96', '201.84', '201.39', '200.99'], attacker: ['197.56', '200.09', '200.04', '197.79', '200.08']
2026-05-14 09:52:58 | INFO    | dpfl.core.base_simulator | Round   3/150 | Acc: 0.6506 | Loss: 1.6799 | eps_max: 2.10 eps_avg: 0.97 | P: 0.00 R: nan F1: nan
2026-05-14 09:52:58 | DEBUG   | dpfl.core.base_simulator | Update norms — honest: ['199.60', '198.84', '199.43', '200.29', '199.45'], attacker: ['207.43', '207.47', '208.27', '208.90', '207.45']
2026-05-14 09:53:06 | INFO    | dpfl.core.base_simulator | Round   4/150 | Acc: 0.7096 | Loss: 1.4801 | eps_max: 2.28 eps_avg: 1.11 | P: 0.00 R: nan F1: nan
2026-05-14 09:53:06 | DEBUG   | dpfl.core.base_simulator | Update norms — honest: ['198.18', '196.41', '197.76', '196.70', '198.36'], attacker: ['209.23', '210.44', '210.79', '210.83', '208.79']
2026-05-14 09:53:14 | INFO    | dpfl.core.base_simulator | Round   5/150 | Acc: 0.7508 | Loss: 1.3000 | eps_max: 2.43 eps_avg: 1.23 | P: 0.00 R: nan F1: nan
2026-05-14 09:53:14 | DEBUG   | dpfl.core.base_simulator | Update norms — honest: ['196.01', '193.92', '195.59', '195.41', '194.62'], attacker: ['209.75', '210.90', '210.23', '210.14', '209.36']
2026-05-14 09:53:21 | INFO    | dpfl.core.base_simulator | Round   6/150 | Acc: 0.7792 | Loss: 1.1459 | eps_max: 2.48 eps_avg: 1.28 | P: 0.00 R: nan F1: nan
2026-05-14 09:53:21 | DEBUG   | dpfl.core.base_simulator | Update norms — honest: ['193.45', '199.10', '200.68', '193.04', '200.60'], attacker: ['210.18', '211.40', '211.91', '211.20', '209.98']
2026-05-14 09:53:29 | INFO    | dpfl.core.base_simulator | Round   7/150 | Acc: 0.7996 | Loss: 1.0194 | eps_max: 2.54 eps_avg: 1.35 | P: 0.00 R: nan F1: nan
2026-05-14 09:53:29 | DEBUG   | dpfl.core.base_simulator | Update norms — honest: ['200.61', '191.00', '186.67', '191.78', '191.18'], attacker: ['209.05', '212.21', '211.06', '210.57', '208.62']
2026-05-14 09:53:37 | INFO    | dpfl.core.base_simulator | Round   8/150 | Acc: 0.8138 | Loss: 0.9186 | eps_max: 2.61 eps_avg: 1.43 | P: 0.00 R: nan F1: nan
2026-05-14 09:53:37 | DEBUG   | dpfl.core.base_simulator | Update norms — honest: ['189.85', '182.06', '167.77', '189.98', '189.48'], attacker: ['208.13', '210.38', '211.85', '210.94', '206.37']
2026-05-14 09:53:45 | INFO    | dpfl.core.base_simulator | Round   9/150 | Acc: 0.8241 | Loss: 0.8389 | eps_max: 2.69 eps_avg: 1.52 | P: 0.00 R: nan F1: nan
2026-05-14 09:53:45 | DEBUG   | dpfl.core.base_simulator | Update norms — honest: ['188.07', '187.60', '194.15', '202.71', '187.75'], attacker: ['209.62', '208.20', '210.25', '207.38', '206.00']
2026-05-14 09:53:52 | INFO    | dpfl.core.base_simulator | Round  10/150 | Acc: 0.8321 | Loss: 0.7752 | eps_max: 2.76 eps_avg: 1.59 | P: 0.00 R: nan F1: nan
2026-05-14 09:53:52 | DEBUG   | dpfl.core.base_simulator | Update norms — honest: ['186.46', '184.61', '158.77', '184.78', '160.71'], attacker: ['208.31', '206.32', '208.30', '206.75', '208.53']
2026-05-14 09:54:00 | INFO    | dpfl.core.base_simulator | Round  11/150 | Acc: 0.8382 | Loss: 0.7243 | eps_max: 2.85 eps_avg: 1.68 | P: 0.00 R: nan F1: nan
2026-05-14 09:54:00 | DEBUG   | dpfl.core.base_simulator | Update norms — honest: ['184.22', '184.14', '187.04', '185.59', '185.01'], attacker: ['206.14', '202.42', '207.84', '208.22', '208.33']
2026-05-14 09:54:08 | INFO    | dpfl.core.base_simulator | Round  12/150 | Acc: 0.8437 | Loss: 0.6826 | eps_max: 2.95 eps_avg: 1.76 | P: 0.00 R: nan F1: nan
2026-05-14 09:54:08 | DEBUG   | dpfl.core.base_simulator | Update norms — honest: ['182.48', '182.54', '188.10', '182.50', '194.70'], attacker: ['200.39', '200.63', '205.32', '204.00', '205.70']
2026-05-14 09:54:16 | INFO    | dpfl.core.base_simulator | Round  13/150 | Acc: 0.8479 | Loss: 0.6483 | eps_max: 3.08 eps_avg: 1.82 | P: 0.00 R: nan F1: nan
2026-05-14 09:54:16 | DEBUG   | dpfl.core.base_simulator | Update norms — honest: ['187.97', '179.83', '190.22', '198.35', '181.38'], attacker: ['207.56', '202.28', '205.74', '203.92', '208.08']
2026-05-14 09:54:24 | INFO    | dpfl.core.base_simulator | Round  14/150 | Acc: 0.8515 | Loss: 0.6196 | eps_max: 3.17 eps_avg: 1.89 | P: 0.00 R: nan F1: nan
2026-05-14 09:54:24 | DEBUG   | dpfl.core.base_simulator | Update norms — honest: ['163.68', '184.68', '178.96', '178.34', '179.31'], attacker: ['207.92', '200.25', '202.44', '205.49', '202.52']
2026-05-14 09:54:32 | INFO    | dpfl.core.base_simulator | Round  15/150 | Acc: 0.8548 | Loss: 0.5951 | eps_max: 3.32 eps_avg: 1.95 | P: 0.00 R: nan F1: nan
2026-05-14 09:54:32 | DEBUG   | dpfl.core.base_simulator | Update norms — honest: ['162.77', '177.45', '198.22', '178.33', '176.74'], attacker: ['203.48', '199.19', '198.65', '204.10', '190.61']
2026-05-14 09:54:40 | INFO    | dpfl.core.base_simulator | Round  16/150 | Acc: 0.8576 | Loss: 0.5743 | eps_max: 3.46 eps_avg: 2.02 | P: 0.00 R: nan F1: nan
2026-05-14 09:54:40 | DEBUG   | dpfl.core.base_simulator | Update norms — honest: ['154.54', '180.82', '191.99', '190.95', '174.64'], attacker: ['204.20', '199.87', '200.61', '203.30', '196.68']
2026-05-14 09:54:49 | INFO    | dpfl.core.base_simulator | Round  17/150 | Acc: 0.8600 | Loss: 0.5561 | eps_max: 3.51 eps_avg: 2.08 | P: 0.00 R: nan F1: nan
2026-05-14 09:54:49 | DEBUG   | dpfl.core.base_simulator | Update norms — honest: ['174.92', '193.87', '189.47', '174.09', '182.71'], attacker: ['198.56', '191.03', '204.93', '198.44', '197.93']
2026-05-14 09:54:56 | INFO    | dpfl.core.base_simulator | Round  18/150 | Acc: 0.8621 | Loss: 0.5404 | eps_max: 3.55 eps_avg: 2.16 | P: 0.00 R: nan F1: nan
2026-05-14 09:54:56 | DEBUG   | dpfl.core.base_simulator | Update norms — honest: ['169.46', '193.25', '171.83', '174.56', '168.24'], attacker: ['192.82', '189.72', '198.21', '194.26', '197.04']
2026-05-14 09:55:05 | INFO    | dpfl.core.base_simulator | Round  19/150 | Acc: 0.8642 | Loss: 0.5266 | eps_max: 3.59 eps_avg: 2.22 | P: 0.00 R: nan F1: nan
2026-05-14 09:55:05 | DEBUG   | dpfl.core.base_simulator | Update norms — honest: ['170.47', '192.76', '169.65', '169.97', '169.93'], attacker: ['189.81', '187.13', '193.67', '193.98', '204.34']
2026-05-14 09:55:13 | INFO    | dpfl.core.base_simulator | Round  20/150 | Acc: 0.8658 | Loss: 0.5144 | eps_max: 3.64 eps_avg: 2.27 | P: 0.00 R: nan F1: nan
2026-05-14 09:55:13 | DEBUG   | dpfl.core.base_simulator | Update norms — honest: ['172.67', '184.49', '171.15', '152.16', '169.18'], attacker: ['185.51', '189.73', '177.19', '184.63', '201.16']
2026-05-14 09:55:20 | INFO    | dpfl.core.base_simulator | Round  21/150 | Acc: 0.8673 | Loss: 0.5035 | eps_max: 3.67 eps_avg: 2.32 | P: 0.00 R: nan F1: nan
2026-05-14 09:55:20 | DEBUG   | dpfl.core.base_simulator | Update norms — honest: ['166.96', '166.37', '185.01', '141.01', '162.35'], attacker: ['194.29', '195.60', '182.52', '191.55', '189.29']
2026-05-14 09:55:28 | INFO    | dpfl.core.base_simulator | Round  22/150 | Acc: 0.8687 | Loss: 0.4937 | eps_max: 3.73 eps_avg: 2.35 | P: 0.00 R: nan F1: nan
2026-05-14 09:55:28 | DEBUG   | dpfl.core.base_simulator | Update norms — honest: ['172.48', '161.25', '131.65', '172.97', '165.32'], attacker: ['191.81', '192.28', '198.46', '205.24', '178.62']
2026-05-14 09:55:37 | INFO    | dpfl.core.base_simulator | Round  23/150 | Acc: 0.8700 | Loss: 0.4848 | eps_max: 3.78 eps_avg: 2.40 | P: 0.00 R: nan F1: nan
2026-05-14 09:55:37 | DEBUG   | dpfl.core.base_simulator | Update norms — honest: ['157.06', '189.77', '176.51', '163.52', '164.55'], attacker: ['190.59', '194.52', '192.47', '197.30', '172.97']
2026-05-14 09:55:45 | INFO    | dpfl.core.base_simulator | Round  24/150 | Acc: 0.8711 | Loss: 0.4769 | eps_max: 3.82 eps_avg: 2.45 | P: 0.00 R: nan F1: nan
2026-05-14 09:55:45 | DEBUG   | dpfl.core.base_simulator | Update norms — honest: ['182.93', '116.52', '177.65', '168.87', '161.84'], attacker: ['195.63', '180.25', '188.59', '195.13', '185.99']
2026-05-14 09:55:52 | INFO    | dpfl.core.base_simulator | Round  25/150 | Acc: 0.8721 | Loss: 0.4698 | eps_max: 3.89 eps_avg: 2.50 | P: 0.00 R: nan F1: nan
2026-05-14 09:55:52 | DEBUG   | dpfl.core.base_simulator | Update norms — honest: ['178.83', '166.25', '160.18', '153.04', '150.45'], attacker: ['192.39', '184.57', '202.64', '192.54', '195.83']
2026-05-14 09:56:00 | INFO    | dpfl.core.base_simulator | Round  26/150 | Acc: 0.8731 | Loss: 0.4632 | eps_max: 3.93 eps_avg: 2.57 | P: 0.00 R: nan F1: nan
2026-05-14 09:56:00 | DEBUG   | dpfl.core.base_simulator | Update norms — honest: ['159.40', '141.18', '163.82', '156.38', '158.80'], attacker: ['189.97', '186.27', '177.72', '182.68', '159.39']
2026-05-14 09:56:09 | INFO    | dpfl.core.base_simulator | Round  27/150 | Acc: 0.8740 | Loss: 0.4571 | eps_max: 3.98 eps_avg: 2.62 | P: 0.00 R: nan F1: nan
2026-05-14 09:56:09 | DEBUG   | dpfl.core.base_simulator | Update norms — honest: ['166.34', '111.86', '171.24', '155.68', '156.78'], attacker: ['181.63', '169.85', '180.35', '177.46', '179.32']
2026-05-14 09:56:18 | INFO    | dpfl.core.base_simulator | Round  28/150 | Acc: 0.8748 | Loss: 0.4517 | eps_max: 4.06 eps_avg: 2.67 | P: 0.00 R: nan F1: nan
2026-05-14 09:56:18 | DEBUG   | dpfl.core.base_simulator | Update norms — honest: ['127.32', '154.83', '156.41', '164.75', '161.03'], attacker: ['173.86', '187.41', '189.14', '189.04', '200.31']
2026-05-14 09:56:27 | INFO    | dpfl.core.base_simulator | Round  29/150 | Acc: 0.8756 | Loss: 0.4466 | eps_max: 4.16 eps_avg: 2.73 | P: 0.00 R: nan F1: nan
2026-05-14 09:56:27 | DEBUG   | dpfl.core.base_simulator | Update norms — honest: ['191.17', '154.15', '181.27', '183.99', '163.07'], attacker: ['179.54', '189.17', '196.26', '195.24', '183.64']
2026-05-14 09:56:37 | INFO    | dpfl.core.base_simulator | Round  30/150 | Acc: 0.8763 | Loss: 0.4419 | eps_max: 4.29 eps_avg: 2.78 | P: 0.00 R: nan F1: nan
2026-05-14 09:56:37 | DEBUG   | dpfl.core.base_simulator | Update norms — honest: ['103.68', '180.58', '150.40', '184.97', '151.97'], attacker: ['181.90', '182.73', '183.39', '184.85', '174.56']
2026-05-14 09:56:45 | INFO    | dpfl.core.base_simulator | Round  31/150 | Acc: 0.8769 | Loss: 0.4376 | eps_max: 4.33 eps_avg: 2.85 | P: 0.00 R: nan F1: nan
2026-05-14 09:56:45 | DEBUG   | dpfl.core.base_simulator | Update norms — honest: ['180.99', '126.41', '180.18', '150.89', '98.47'], attacker: ['187.20', '179.00', '170.96', '167.58', '175.66']
2026-05-14 09:56:53 | INFO    | dpfl.core.base_simulator | Round  32/150 | Acc: 0.8775 | Loss: 0.4336 | eps_max: 4.40 eps_avg: 2.90 | P: 0.00 R: nan F1: nan
2026-05-14 09:56:53 | DEBUG   | dpfl.core.base_simulator | Update norms — honest: ['145.32', '111.20', '158.37', '148.72', '180.98'], attacker: ['187.52', '160.34', '166.22', '156.18', '180.23']
2026-05-14 09:57:02 | INFO    | dpfl.core.base_simulator | Round  33/150 | Acc: 0.8780 | Loss: 0.4299 | eps_max: 4.52 eps_avg: 2.96 | P: 0.00 R: nan F1: nan
2026-05-14 09:57:02 | DEBUG   | dpfl.core.base_simulator | Update norms — honest: ['147.43', '148.12', '185.42', '151.60', '184.63'], attacker: ['180.81', '157.84', '185.95', '155.64', '179.97']
2026-05-14 09:57:11 | INFO    | dpfl.core.base_simulator | Round  34/150 | Acc: 0.8785 | Loss: 0.4265 | eps_max: 4.72 eps_avg: 3.02 | P: 0.00 R: nan F1: nan
2026-05-14 09:57:11 | DEBUG   | dpfl.core.base_simulator | Update norms — honest: ['160.08', '176.38', '145.96', '129.68', '146.74'], attacker: ['190.46', '157.21', '165.65', '147.64', '172.55']
2026-05-14 09:57:20 | INFO    | dpfl.core.base_simulator | Round  35/150 | Acc: 0.8791 | Loss: 0.4233 | eps_max: 4.76 eps_avg: 3.08 | P: 0.00 R: nan F1: nan
2026-05-14 09:57:20 | DEBUG   | dpfl.core.base_simulator | Update norms — honest: ['154.95', '157.98', '144.22', '141.86', '155.60'], attacker: ['179.57', '180.21', '156.66', '180.95', '181.41']
2026-05-14 09:57:29 | INFO    | dpfl.core.base_simulator | Round  36/150 | Acc: 0.8796 | Loss: 0.4203 | eps_max: 4.94 eps_avg: 3.14 | P: 0.00 R: nan F1: nan
2026-05-14 09:57:29 | DEBUG   | dpfl.core.base_simulator | Update norms — honest: ['153.33', '129.73', '146.31', '143.18', '143.79'], attacker: ['178.55', '199.11', '188.51', '183.97', '186.85']
2026-05-14 09:57:37 | INFO    | dpfl.core.base_simulator | Round  37/150 | Acc: 0.8799 | Loss: 0.4175 | eps_max: 5.18 eps_avg: 3.20 | P: 0.00 R: nan F1: nan
2026-05-14 09:57:37 | DEBUG   | dpfl.core.base_simulator | Update norms — honest: ['142.25', '93.91', '152.35', '123.87', '156.12'], attacker: ['171.56', '186.87', '177.52', '166.97', '172.91']
2026-05-14 09:57:45 | INFO    | dpfl.core.base_simulator | Round  38/150 | Acc: 0.8804 | Loss: 0.4150 | eps_max: 5.37 eps_avg: 3.27 | P: 0.00 R: nan F1: nan
2026-05-14 09:57:45 | DEBUG   | dpfl.core.base_simulator | Update norms — honest: ['165.74', '100.35', '157.41', '168.22', '140.71'], attacker: ['162.99', '171.67', '173.08', '166.69', '171.23']
2026-05-14 09:57:54 | INFO    | dpfl.core.base_simulator | Round  39/150 | Acc: 0.8808 | Loss: 0.4126 | eps_max: 5.54 eps_avg: 3.34 | P: 0.00 R: nan F1: nan
2026-05-14 09:57:54 | DEBUG   | dpfl.core.base_simulator | Update norms — honest: ['75.81', '161.74', '180.02', '124.68', '134.57'], attacker: ['172.47', '156.31', '187.18', '168.27', '159.88']
2026-05-14 09:58:03 | INFO    | dpfl.core.base_simulator | Round  40/150 | Acc: 0.8811 | Loss: 0.4103 | eps_max: 5.59 eps_avg: 3.41 | P: 0.00 R: nan F1: nan
2026-05-14 09:58:03 | DEBUG   | dpfl.core.base_simulator | Update norms — honest: ['146.42', '157.54', '137.75', '156.97', '150.62'], attacker: ['156.81', '171.50', '172.24', '173.41', '175.84']
2026-05-14 09:58:11 | INFO    | dpfl.core.base_simulator | Round  41/150 | Acc: 0.8814 | Loss: 0.4081 | eps_max: 5.62 eps_avg: 3.49 | P: 0.00 R: nan F1: nan
2026-05-14 09:58:11 | DEBUG   | dpfl.core.base_simulator | Update norms — honest: ['182.67', '142.71', '138.47', '136.33', '156.73'], attacker: ['176.47', '185.02', '147.48', '180.74', '134.92']
2026-05-14 09:58:20 | INFO    | dpfl.core.base_simulator | Round  42/150 | Acc: 0.8818 | Loss: 0.4061 | eps_max: 5.64 eps_avg: 3.56 | P: 0.00 R: nan F1: nan
2026-05-14 09:58:20 | DEBUG   | dpfl.core.base_simulator | Update norms — honest: ['167.83', '162.57', '146.51', '153.90', '109.60'], attacker: ['175.57', '193.38', '177.61', '193.08', '133.89']
2026-05-14 09:58:29 | INFO    | dpfl.core.base_simulator | Round  43/150 | Acc: 0.8821 | Loss: 0.4042 | eps_max: 5.67 eps_avg: 3.65 | P: 0.00 R: nan F1: nan
2026-05-14 09:58:29 | DEBUG   | dpfl.core.base_simulator | Update norms — honest: ['175.62', '165.66', '137.41', '149.90', '136.61'], attacker: ['148.71', '144.36', '164.55', '160.25', '129.18']
2026-05-14 09:58:38 | INFO    | dpfl.core.base_simulator | Round  44/150 | Acc: 0.8823 | Loss: 0.4025 | eps_max: 5.73 eps_avg: 3.74 | P: 0.00 R: nan F1: nan
2026-05-14 09:58:38 | DEBUG   | dpfl.core.base_simulator | Update norms — honest: ['160.99', '160.86', '172.52', '123.27', '124.18'], attacker: ['147.40', '153.40', '186.00', '147.58', '149.99']
2026-05-14 09:58:47 | INFO    | dpfl.core.base_simulator | Round  45/150 | Acc: 0.8826 | Loss: 0.4009 | eps_max: 5.77 eps_avg: 3.83 | P: 0.00 R: nan F1: nan
2026-05-14 09:58:47 | DEBUG   | dpfl.core.base_simulator | Update norms — honest: ['155.95', '131.37', '155.42', '140.09', '133.24'], attacker: ['135.53', '174.46', '156.57', '165.46', '157.96']
2026-05-14 09:58:57 | INFO    | dpfl.core.base_simulator | Round  46/150 | Acc: 0.8829 | Loss: 0.3994 | eps_max: 5.86 eps_avg: 3.88 | P: 0.00 R: nan F1: nan
2026-05-14 09:58:57 | DEBUG   | dpfl.core.base_simulator | Update norms — honest: ['148.21', '143.68', '185.51', '137.60', '165.68'], attacker: ['148.36', '178.02', '169.89', '163.63', '120.27']
2026-05-14 09:59:06 | INFO    | dpfl.core.base_simulator | Round  47/150 | Acc: 0.8832 | Loss: 0.3978 | eps_max: 5.95 eps_avg: 3.93 | P: 0.00 R: nan F1: nan
2026-05-14 09:59:06 | DEBUG   | dpfl.core.base_simulator | Update norms — honest: ['151.59', '182.31', '165.74', '177.33', '143.26'], attacker: ['163.05', '176.12', '199.52', '174.85', '112.62']
2026-05-14 09:59:16 | INFO    | dpfl.core.base_simulator | Round  48/150 | Acc: 0.8833 | Loss: 0.3965 | eps_max: 6.03 eps_avg: 3.99 | P: 0.00 R: nan F1: nan
2026-05-14 09:59:16 | DEBUG   | dpfl.core.base_simulator | Update norms — honest: ['125.61', '179.84', '166.36', '127.07', '161.30'], attacker: ['171.04', '165.06', '190.20', '188.88', '152.70']
2026-05-14 09:59:25 | INFO    | dpfl.core.base_simulator | Round  49/150 | Acc: 0.8836 | Loss: 0.3952 | eps_max: 6.12 eps_avg: 4.03 | P: 0.00 R: nan F1: nan
2026-05-14 09:59:25 | DEBUG   | dpfl.core.base_simulator | Update norms — honest: ['144.28', '184.02', '132.54', '118.54', '114.18'], attacker: ['157.71', '147.88', '167.12', '163.25', '139.44']
2026-05-14 09:59:35 | INFO    | dpfl.core.base_simulator | Round  50/150 | Acc: 0.8838 | Loss: 0.3939 | eps_max: 6.24 eps_avg: 4.06 | P: 0.00 R: nan F1: nan
2026-05-14 09:59:35 | DEBUG   | dpfl.core.base_simulator | Update norms — honest: ['161.33', '125.65', '117.51', '156.95', '144.31'], attacker: ['166.71', '131.34', '133.15', '164.76', '162.95']
2026-05-14 09:59:37 | INFO    | dpfl.core.base_simulator | Round  51/150 | Acc: 0.8840 | Loss: 0.3928 | eps_max: 5.14 eps_avg: 2.93 | P: 0.67 R: 1.00 F1: 0.85
2026-05-14 09:59:37 | DEBUG   | dpfl.core.base_simulator | Update norms — honest: ['164.84', '134.84', '152.47', '183.71', '123.40'], attacker: ['0.24', '0.29', '0.26', '0.27', '0.25']
2026-05-14 09:59:39 | INFO    | dpfl.core.base_simulator | Round  52/150 | Acc: 0.8841 | Loss: 0.3918 | eps_max: 5.19 eps_avg: 2.97 | P: 0.60 R: 1.00 F1: 0.97
2026-05-14 09:59:39 | DEBUG   | dpfl.core.base_simulator | Update norms — honest: ['126.78', '154.62', '165.62', '131.67', '144.21'], attacker: ['0.41', '0.76', '0.38', '0.48', '0.33']
2026-05-14 09:59:40 | INFO    | dpfl.core.base_simulator | Round  53/150 | Acc: 0.8843 | Loss: 0.3908 | eps_max: 5.19 eps_avg: 3.03 | P: 0.58 R: 1.00 F1: 0.89
2026-05-14 09:59:40 | DEBUG   | dpfl.core.base_simulator | Update norms — honest: ['122.32', '126.47', '168.40', '121.71', '165.24'], attacker: ['1.67', '3.50', '1.29', '1.93', '1.02']
2026-05-14 09:59:42 | INFO    | dpfl.core.base_simulator | Round  54/150 | Acc: 0.8844 | Loss: 0.3899 | eps_max: 5.19 eps_avg: 3.08 | P: 0.67 R: 1.00 F1: 0.89
2026-05-14 09:59:42 | DEBUG   | dpfl.core.base_simulator | Update norms — honest: ['146.81', '171.49', '93.46', '121.92', '119.56'], attacker: ['7.83', '13.69', '6.89', '7.14', '5.77']
2026-05-14 09:59:44 | INFO    | dpfl.core.base_simulator | Round  55/150 | Acc: 0.8846 | Loss: 0.3889 | eps_max: 5.19 eps_avg: 3.13 | P: 0.54 R: 1.00 F1: 0.90
2026-05-14 09:59:44 | DEBUG   | dpfl.core.base_simulator | Update norms — honest: ['163.52', '168.80', '90.96', '184.34', '147.51'], attacker: ['42.44', '67.46', '39.40', '40.58', '34.38']
2026-05-14 09:59:46 | INFO    | dpfl.core.base_simulator | Round  56/150 | Acc: 0.8848 | Loss: 0.3881 | eps_max: 5.28 eps_avg: 3.17 | P: 0.60 R: 1.00 F1: 0.93
2026-05-14 09:59:46 | DEBUG   | dpfl.core.base_simulator | Update norms — honest: ['175.31', '143.98', '106.27', '173.29', '122.05'], attacker: ['270.08', '361.92', '250.61', '246.95', '242.03']
2026-05-14 09:59:47 | INFO    | dpfl.core.base_simulator | Round  57/150 | Acc: 0.8849 | Loss: 0.3874 | eps_max: 5.39 eps_avg: 3.21 | P: 0.62 R: 1.00 F1: 0.94
2026-05-14 09:59:47 | DEBUG   | dpfl.core.base_simulator | Update norms — honest: ['111.67', '121.75', '185.50', '139.38', '110.14'], attacker: ['1471.70', '1824.33', '1539.89', '1409.19', '1291.02']
2026-05-14 09:59:50 | INFO    | dpfl.core.base_simulator | Round  58/150 | Acc: 0.8850 | Loss: 0.3865 | eps_max: 5.40 eps_avg: 3.34 | P: 0.34 R: 1.00 F1: 0.84
2026-05-14 09:59:50 | DEBUG   | dpfl.core.base_simulator | Update norms — honest: ['190.59', '103.43', '105.31', '170.90', '119.48'], attacker: ['9310.99', '10807.82', '9888.04', '8444.45', '8968.91']
2026-05-14 09:59:52 | INFO    | dpfl.core.base_simulator | Round  59/150 | Acc: 0.8851 | Loss: 0.3859 | eps_max: 5.40 eps_avg: 3.46 | P: 0.48 R: 1.00 F1: 0.90
2026-05-14 09:59:52 | DEBUG   | dpfl.core.base_simulator | Update norms — honest: ['185.37', '151.76', '122.16', '131.88', '177.89'], attacker: ['54071.00', '57645.18', '55230.75', '49370.32', '53754.29']
2026-05-14 09:59:54 | INFO    | dpfl.core.base_simulator | Round  60/150 | Acc: 0.8852 | Loss: 0.3852 | eps_max: 5.40 eps_avg: 3.52 | P: 0.50 R: 1.00 F1: 0.90
2026-05-14 09:59:54 | DEBUG   | dpfl.core.base_simulator | Update norms — honest: ['164.69', '135.80', '143.99', '130.91', '102.50'], attacker: ['363134.75', '379058.84', '376560.06', '334995.38', '369070.41']
2026-05-14 09:59:55 | INFO    | dpfl.core.base_simulator | Round  61/150 | Acc: 0.8854 | Loss: 0.3845 | eps_max: 5.61 eps_avg: 3.55 | P: 0.65 R: 1.00 F1: 0.93
2026-05-14 09:59:55 | DEBUG   | dpfl.core.base_simulator | Update norms — honest: ['183.22', '125.48', '128.16', '150.57', '146.02'], attacker: ['2136592.25', '2301912.25', '2363376.00', '2096296.62', '2194719.25']
2026-05-14 09:59:57 | INFO    | dpfl.core.base_simulator | Round  62/150 | Acc: 0.8855 | Loss: 0.3840 | eps_max: 5.61 eps_avg: 3.61 | P: 0.42 R: 1.00 F1: 0.83
2026-05-14 09:59:57 | DEBUG   | dpfl.core.base_simulator | Update norms — honest: ['122.87', '122.09', '139.82', '146.57', '188.13'], attacker: ['15077358.00', '15107066.00', '15702431.00', '14750336.00', '15562691.00']
2026-05-14 10:00:00 | INFO    | dpfl.core.base_simulator | Round  63/150 | Acc: 0.8855 | Loss: 0.3836 | eps_max: 5.61 eps_avg: 3.70 | P: 0.54 R: 1.00 F1: 0.92
2026-05-14 10:00:00 | DEBUG   | dpfl.core.base_simulator | Update norms — honest: ['154.01', '122.47', '172.04', '128.49', '141.78'], attacker: ['94159688.00', '96881768.00', '93827720.00', '89706720.00', '95874464.00']
2026-05-14 10:00:02 | INFO    | dpfl.core.base_simulator | Round  64/150 | Acc: 0.8857 | Loss: 0.3830 | eps_max: 5.61 eps_avg: 3.76 | P: 0.55 R: 1.00 F1: 0.88
2026-05-14 10:00:02 | DEBUG   | dpfl.core.base_simulator | Update norms — honest: ['109.12', '126.95', '115.09', '96.32', '86.31'], attacker: ['655017472.00', '626312576.00', '640792896.00', '634507648.00', '637071936.00']
2026-05-14 10:00:03 | INFO    | dpfl.core.base_simulator | Round  65/150 | Acc: 0.8857 | Loss: 0.3825 | eps_max: 5.68 eps_avg: 3.83 | P: 0.71 R: 1.00 F1: 0.92
2026-05-14 10:00:03 | DEBUG   | dpfl.core.base_simulator | Update norms — honest: ['160.40', '169.77', '145.48', '129.84', '118.50'], attacker: ['3831727616.00', '3807077888.00', '3803041024.00', '3790223872.00', '3732549376.00']
2026-05-14 10:00:05 | INFO    | dpfl.core.base_simulator | Round  66/150 | Acc: 0.8858 | Loss: 0.3820 | eps_max: 5.68 eps_avg: 3.88 | P: 0.63 R: 1.00 F1: 0.88
2026-05-14 10:00:05 | DEBUG   | dpfl.core.base_simulator | Update norms — honest: ['99.42', '99.64', '171.73', '123.65', '106.26'], attacker: ['25255241728.00', '25691213824.00', '26329995264.00', '25177382912.00', '24920672256.00']
2026-05-14 10:00:07 | INFO    | dpfl.core.base_simulator | Round  67/150 | Acc: 0.8859 | Loss: 0.3816 | eps_max: 5.84 eps_avg: 3.92 | P: 0.51 R: 1.00 F1: 0.88
2026-05-14 10:00:07 | DEBUG   | dpfl.core.base_simulator | Update norms — honest: ['155.84', '159.56', '155.45', '136.73', '99.79'], attacker: ['152783224832.00', '153634701312.00', '157563256832.00', '152299962368.00', '153988104192.00']
2026-05-14 10:00:09 | INFO    | dpfl.core.base_simulator | Round  68/150 | Acc: 0.8860 | Loss: 0.3813 | eps_max: 5.84 eps_avg: 4.02 | P: 0.44 R: 1.00 F1: 0.83
2026-05-14 10:00:09 | DEBUG   | dpfl.core.base_simulator | Update norms — honest: ['122.05', '174.73', '145.53', '144.74', '125.44'], attacker: ['1015314382848.00', '1053368844288.00', '1055917277184.00', '1032957132800.00', '1023772590080.00']
2026-05-14 10:00:11 | INFO    | dpfl.core.base_simulator | Round  69/150 | Acc: 0.8860 | Loss: 0.3810 | eps_max: 5.99 eps_avg: 4.12 | P: 0.56 R: 1.00 F1: 0.82
2026-05-14 10:00:11 | DEBUG   | dpfl.core.base_simulator | Update norms — honest: ['121.64', '137.85', '105.83', '169.09', '160.03'], attacker: ['6612279885824.00', '6144932184064.00', '6500080680960.00', '6171588034560.00', '5793100857344.00']
2026-05-14 10:00:13 | INFO    | dpfl.core.base_simulator | Round  70/150 | Acc: 0.8861 | Loss: 0.3806 | eps_max: 5.99 eps_avg: 4.15 | P: 0.43 R: 1.00 F1: 0.99
2026-05-14 10:00:13 | DEBUG   | dpfl.core.base_simulator | Update norms — honest: ['94.03', '91.46', '143.62', '123.41', '102.82'], attacker: ['42476278644736.00', '40882493456384.00', '42604779536384.00', '40775488372736.00', '40559771123712.00']
2026-05-14 10:00:15 | INFO    | dpfl.core.base_simulator | Round  71/150 | Acc: 0.8861 | Loss: 0.3803 | eps_max: 5.99 eps_avg: 4.19 | P: 0.33 R: 1.00 F1: 0.93
2026-05-14 10:00:15 | DEBUG   | dpfl.core.base_simulator | Update norms — honest: ['154.94', '151.77', '163.65', '175.87', '163.88'], attacker: ['250746717077504.00', '235527768899584.00', '258494619975680.00', '247962168983552.00', '247806325424128.00']
2026-05-14 10:00:16 | INFO    | dpfl.core.base_simulator | Round  72/150 | Acc: 0.8862 | Loss: 0.3801 | eps_max: 6.23 eps_avg: 4.22 | P: 0.57 R: 1.00 F1: 0.78
2026-05-14 10:00:16 | DEBUG   | dpfl.core.base_simulator | Update norms — honest: ['125.11', '113.40', '106.63', '164.60', '87.95'], attacker: ['1778600315453440.00', '1693096911831040.00', '1780130934423552.00', '1689939439779840.00', '1667071289065472.00']
2026-05-14 10:00:19 | INFO    | dpfl.core.base_simulator | Round  73/150 | Acc: 0.8863 | Loss: 0.3799 | eps_max: 6.23 eps_avg: 4.28 | P: 0.48 R: 1.00 F1: 0.94
2026-05-14 10:00:19 | DEBUG   | dpfl.core.base_simulator | Update norms — honest: ['160.66', '160.26', '90.40', '151.71', '164.23'], attacker: ['9953951780700160.00', '9258805955133440.00', '10295701254701056.00', '9883190047014912.00', '10123211073126400.00']
2026-05-14 10:00:21 | INFO    | dpfl.core.base_simulator | Round  74/150 | Acc: 0.8863 | Loss: 0.3796 | eps_max: 6.23 eps_avg: 4.35 | P: 0.50 R: 1.00 F1: 0.90
2026-05-14 10:00:21 | DEBUG   | dpfl.core.base_simulator | Update norms — honest: ['166.95', '154.09', '114.33', '167.99', '112.82'], attacker: ['70042408267546624.00', '65078207757418496.00', '67980952814485504.00', '66810552751489024.00', '68870470606258176.00']
2026-05-14 10:00:23 | INFO    | dpfl.core.base_simulator | Round  75/150 | Acc: 0.8863 | Loss: 0.3794 | eps_max: 6.23 eps_avg: 4.41 | P: 0.68 R: 1.00 F1: 0.87
2026-05-14 10:00:23 | DEBUG   | dpfl.core.base_simulator | Update norms — honest: ['104.38', '153.99', '184.23', '142.97', '120.97'], attacker: ['411002634783162368.00', '394019303302627328.00', '398437175382769664.00', '378762445595869184.00', '410643816035385344.00']
2026-05-14 10:00:25 | INFO    | dpfl.core.base_simulator | Round  76/150 | Acc: 0.8864 | Loss: 0.3793 | eps_max: 6.23 eps_avg: 4.45 | P: 0.55 R: 1.00 F1: 0.91
2026-05-14 10:00:25 | DEBUG   | dpfl.core.base_simulator | Update norms — honest: ['171.12', '182.78', '159.42', '123.49', '140.03'], attacker: ['2817668970478305280.00', '2645445867149983744.00', '2623637328890953728.00', '2550010182004375552.00', '2759693921368932352.00']
2026-05-14 10:00:27 | INFO    | dpfl.core.base_simulator | Round  77/150 | Acc: 0.8864 | Loss: 0.3791 | eps_max: 6.35 eps_avg: 4.51 | P: 0.52 R: 1.00 F1: 0.90
2026-05-14 10:00:27 | DEBUG   | dpfl.core.base_simulator | Update norms — honest: ['122.76', '175.33', '147.01', '158.28', '126.96'], attacker: ['16539229937983291392.00', '16209534779324891136.00', '15942400732775317504.00', '16097219666547572736.00', '15981181607398604800.00']
2026-05-14 10:00:29 | INFO    | dpfl.core.base_simulator | Round  78/150 | Acc: 0.8865 | Loss: 0.3789 | eps_max: 6.35 eps_avg: 4.57 | P: 0.33 R: 1.00 F1: 0.89
2026-05-14 10:00:29 | DEBUG   | dpfl.core.base_simulator | Update norms — honest: ['171.28', '131.84', '128.65', '139.20', '132.97'], attacker: ['nan', 'nan', 'nan', 'nan', 'nan']
2026-05-14 10:00:31 | INFO    | dpfl.core.base_simulator | Round  79/150 | Acc: 0.8865 | Loss: 0.3788 | eps_max: 6.36 eps_avg: 4.59 | P: 0.75 R: 1.00 F1: 0.95
2026-05-14 10:00:31 | DEBUG   | dpfl.core.base_simulator | Update norms — honest: ['135.18', '148.46', '149.47', '160.51', '121.97'], attacker: ['nan', 'nan', 'nan', 'nan', 'nan']
2026-05-14 10:00:32 | INFO    | dpfl.core.base_simulator | Round  80/150 | Acc: 0.8865 | Loss: 0.3787 | eps_max: 6.36 eps_avg: 4.65 | P: 0.55 R: 1.00 F1: 0.78
2026-05-14 10:00:32 | DEBUG   | dpfl.core.base_simulator | Update norms — honest: ['121.97', '157.88', '120.86', '113.18', '145.77'], attacker: ['nan', 'nan', 'nan', 'nan', 'nan']
2026-05-14 10:00:34 | INFO    | dpfl.core.base_simulator | Round  81/150 | Acc: 0.8866 | Loss: 0.3786 | eps_max: 6.36 eps_avg: 4.70 | P: 0.47 R: 1.00 F1: 0.84
2026-05-14 10:00:34 | DEBUG   | dpfl.core.base_simulator | Update norms — honest: ['124.95', '143.74', '151.53', '155.40', '81.43'], attacker: ['nan', 'nan', 'nan', 'nan', 'nan']
2026-05-14 10:00:36 | INFO    | dpfl.core.base_simulator | Round  82/150 | Acc: 0.8866 | Loss: 0.3785 | eps_max: 6.36 eps_avg: 4.74 | P: 0.70 R: 1.00 F1: 0.88
2026-05-14 10:00:36 | DEBUG   | dpfl.core.base_simulator | Update norms — honest: ['155.00', '117.80', '105.64', '179.65', '150.28'], attacker: ['nan', 'nan', 'nan', 'nan', 'nan']
2026-05-14 10:00:38 | INFO    | dpfl.core.base_simulator | Round  83/150 | Acc: 0.8866 | Loss: 0.3784 | eps_max: 6.36 eps_avg: 4.75 | P: 0.55 R: 1.00 F1: 0.96
2026-05-14 10:00:38 | DEBUG   | dpfl.core.base_simulator | Update norms — honest: ['120.13', '146.95', '115.31', '172.98', '107.36'], attacker: ['nan', 'nan', 'nan', 'nan', 'nan']
2026-05-14 10:00:39 | INFO    | dpfl.core.base_simulator | Round  84/150 | Acc: 0.8867 | Loss: 0.3784 | eps_max: 6.46 eps_avg: 4.80 | P: 0.54 R: 1.00 F1: 0.87
2026-05-14 10:00:39 | DEBUG   | dpfl.core.base_simulator | Update norms — honest: ['163.87', '144.23', '158.44', '143.99', '178.77'], attacker: ['nan', 'nan', 'nan', 'nan', 'nan']
2026-05-14 10:00:41 | INFO    | dpfl.core.base_simulator | Round  85/150 | Acc: 0.8867 | Loss: 0.3783 | eps_max: 6.46 eps_avg: 4.83 | P: 0.76 R: 1.00 F1: 0.88
2026-05-14 10:00:41 | DEBUG   | dpfl.core.base_simulator | Update norms — honest: ['112.09', '146.40', '182.36', '115.11', '156.03'], attacker: ['nan', 'nan', 'nan', 'nan', 'nan']
2026-05-14 10:00:43 | INFO    | dpfl.core.base_simulator | Round  86/150 | Acc: 0.8867 | Loss: 0.3783 | eps_max: 6.53 eps_avg: 4.87 | P: 0.35 R: 1.00 F1: 0.91
2026-05-14 10:00:43 | DEBUG   | dpfl.core.base_simulator | Update norms — honest: ['121.30', '163.95', '108.79', '131.74', '149.43'], attacker: ['nan', 'nan', 'nan', 'nan', 'nan']
2026-05-14 10:00:44 | INFO    | dpfl.core.base_simulator | Round  87/150 | Acc: 0.8867 | Loss: 0.3783 | eps_max: 6.56 eps_avg: 4.89 | P: 0.59 R: 1.00 F1: 0.87
2026-05-14 10:00:44 | DEBUG   | dpfl.core.base_simulator | Update norms — honest: ['108.00', '143.42', '142.28', '143.56', '150.65'], attacker: ['nan', 'nan', 'nan', 'nan', 'nan']
2026-05-14 10:00:46 | INFO    | dpfl.core.base_simulator | Round  88/150 | Acc: 0.8867 | Loss: 0.3783 | eps_max: 6.98 eps_avg: 4.93 | P: 0.77 R: 1.00 F1: 0.91
2026-05-14 10:00:46 | DEBUG   | dpfl.core.base_simulator | Update norms — honest: ['97.21', '147.55', '147.62', '65.06', '108.82'], attacker: ['nan', 'nan', 'nan', 'nan', 'nan']
2026-05-14 10:00:48 | INFO    | dpfl.core.base_simulator | Round  89/150 | Acc: 0.8868 | Loss: 0.3783 | eps_max: 6.98 eps_avg: 4.96 | P: 0.52 R: 1.00 F1: 0.93
2026-05-14 10:00:48 | DEBUG   | dpfl.core.base_simulator | Update norms — honest: ['176.01', '105.08', '129.25', '112.31', '119.32'], attacker: ['nan', 'nan', 'nan', 'nan', 'nan']
2026-05-14 10:00:50 | INFO    | dpfl.core.base_simulator | Round  90/150 | Acc: 0.8868 | Loss: 0.3783 | eps_max: 6.98 eps_avg: 5.00 | P: 0.70 R: 1.00 F1: 0.90
2026-05-14 10:00:50 | DEBUG   | dpfl.core.base_simulator | Update norms — honest: ['125.72', '152.55', '121.25', '106.49', '126.14'], attacker: ['nan', 'nan', 'nan', 'nan', 'nan']
2026-05-14 10:00:52 | INFO    | dpfl.core.base_simulator | Round  91/150 | Acc: 0.8868 | Loss: 0.3783 | eps_max: 7.00 eps_avg: 5.07 | P: 0.53 R: 1.00 F1: 0.85
2026-05-14 10:00:52 | DEBUG   | dpfl.core.base_simulator | Update norms — honest: ['155.35', '175.48', '125.24', '178.16', '151.31'], attacker: ['nan', 'nan', 'nan', 'nan', 'nan']
2026-05-14 10:00:53 | INFO    | dpfl.core.base_simulator | Round  92/150 | Acc: 0.8868 | Loss: 0.3784 | eps_max: 7.00 eps_avg: 5.10 | P: 0.42 R: 1.00 F1: 0.78
2026-05-14 10:00:53 | DEBUG   | dpfl.core.base_simulator | Update norms — honest: ['139.40', '154.55', '178.76', '118.37', '134.99'], attacker: ['nan', 'nan', 'nan', 'nan', 'nan']
2026-05-14 10:00:56 | INFO    | dpfl.core.base_simulator | Round  93/150 | Acc: 0.8869 | Loss: 0.3784 | eps_max: 7.00 eps_avg: 5.13 | P: 0.38 R: 1.00 F1: 0.82
2026-05-14 10:00:56 | DEBUG   | dpfl.core.base_simulator | Update norms — honest: ['129.76', '145.27', '118.85', '172.91', '64.62'], attacker: ['nan', 'nan', 'nan', 'nan', 'nan']
2026-05-14 10:00:57 | INFO    | dpfl.core.base_simulator | Round  94/150 | Acc: 0.8868 | Loss: 0.3785 | eps_max: 7.27 eps_avg: 5.16 | P: 0.54 R: 1.00 F1: 0.92
2026-05-14 10:00:57 | DEBUG   | dpfl.core.base_simulator | Update norms — honest: ['144.40', '176.82', '171.78', '115.89', '149.23'], attacker: ['nan', 'nan', 'nan', 'nan', 'nan']
2026-05-14 10:00:59 | INFO    | dpfl.core.base_simulator | Round  95/150 | Acc: 0.8869 | Loss: 0.3785 | eps_max: 7.27 eps_avg: 5.19 | P: 0.57 R: 1.00 F1: 0.95
2026-05-14 10:00:59 | DEBUG   | dpfl.core.base_simulator | Update norms — honest: ['155.84', '139.90', '115.96', '122.25', '132.33'], attacker: ['nan', 'nan', 'nan', 'nan', 'nan']
2026-05-14 10:01:01 | INFO    | dpfl.core.base_simulator | Round  96/150 | Acc: 0.8869 | Loss: 0.3786 | eps_max: 7.27 eps_avg: 5.24 | P: 0.50 R: 1.00 F1: 0.86
2026-05-14 10:01:01 | DEBUG   | dpfl.core.base_simulator | Update norms — honest: ['170.29', '172.88', '121.29', '133.46', '106.70'], attacker: ['nan', 'nan', 'nan', 'nan', 'nan']
2026-05-14 10:01:03 | INFO    | dpfl.core.base_simulator | Round  97/150 | Acc: 0.8868 | Loss: 0.3788 | eps_max: 7.47 eps_avg: 5.29 | P: 0.47 R: 1.00 F1: 0.72
2026-05-14 10:01:03 | DEBUG   | dpfl.core.base_simulator | Update norms — honest: ['134.72', '113.13', '122.32', '120.12', '110.25'], attacker: ['nan', 'nan', 'nan', 'nan', 'nan']
2026-05-14 10:01:05 | INFO    | dpfl.core.base_simulator | Round  98/150 | Acc: 0.8868 | Loss: 0.3788 | eps_max: 7.47 eps_avg: 5.33 | P: 0.50 R: 1.00 F1: 0.88
2026-05-14 10:01:05 | DEBUG   | dpfl.core.base_simulator | Update norms — honest: ['137.69', '126.07', '124.68', '155.50', '108.98'], attacker: ['nan', 'nan', 'nan', 'nan', 'nan']
2026-05-14 10:01:06 | INFO    | dpfl.core.base_simulator | Round  99/150 | Acc: 0.8869 | Loss: 0.3789 | eps_max: 7.47 eps_avg: 5.35 | P: 0.53 R: 1.00 F1: 0.91
2026-05-14 10:01:06 | DEBUG   | dpfl.core.base_simulator | Update norms — honest: ['84.49', '145.67', '114.77', '108.79', '168.10'], attacker: ['nan', 'nan', 'nan', 'nan', 'nan']
2026-05-14 10:01:08 | INFO    | dpfl.core.base_simulator | Round 100/150 | Acc: 0.8869 | Loss: 0.3791 | eps_max: 7.47 eps_avg: 5.36 | P: 0.48 R: 1.00 F1: 0.88
2026-05-14 10:01:08 | DEBUG   | dpfl.core.base_simulator | Update norms — honest: ['162.73', '133.17', '130.56', '151.67', '126.02'], attacker: ['nan', 'nan', 'nan', 'nan', 'nan']
2026-05-14 10:01:10 | INFO    | dpfl.core.base_simulator | Round 101/150 | Acc: 0.8869 | Loss: 0.3792 | eps_max: 7.47 eps_avg: 5.39 | P: 0.46 R: 1.00 F1: 0.88
2026-05-14 10:01:10 | DEBUG   | dpfl.core.base_simulator | Update norms — honest: ['157.30', '154.27', '165.54', '156.60', '140.43'], attacker: ['nan', 'nan', 'nan', 'nan', 'nan']
2026-05-14 10:01:11 | INFO    | dpfl.core.base_simulator | Round 102/150 | Acc: 0.8870 | Loss: 0.3792 | eps_max: 7.47 eps_avg: 5.42 | P: 0.51 R: 1.00 F1: 0.81
2026-05-14 10:01:11 | DEBUG   | dpfl.core.base_simulator | Update norms — honest: ['133.16', '95.73', '131.80', '127.79', '150.99'], attacker: ['nan', 'nan', 'nan', 'nan', 'nan']
2026-05-14 10:01:13 | INFO    | dpfl.core.base_simulator | Round 103/150 | Acc: 0.8869 | Loss: 0.3794 | eps_max: 7.47 eps_avg: 5.45 | P: 0.66 R: 1.00 F1: 0.92
2026-05-14 10:01:13 | DEBUG   | dpfl.core.base_simulator | Update norms — honest: ['140.04', '149.81', '116.43', '102.24', '132.77'], attacker: ['nan', 'nan', 'nan', 'nan', 'nan']
2026-05-14 10:01:15 | INFO    | dpfl.core.base_simulator | Round 104/150 | Acc: 0.8869 | Loss: 0.3796 | eps_max: 7.47 eps_avg: 5.50 | P: 0.54 R: 1.00 F1: 0.83
2026-05-14 10:01:15 | DEBUG   | dpfl.core.base_simulator | Update norms — honest: ['136.16', '122.22', '141.05', '137.02', '110.12'], attacker: ['nan', 'nan', 'nan', 'nan', 'nan']
2026-05-14 10:01:17 | INFO    | dpfl.core.base_simulator | Round 105/150 | Acc: 0.8869 | Loss: 0.3797 | eps_max: 7.47 eps_avg: 5.53 | P: 0.66 R: 1.00 F1: 0.89
2026-05-14 10:01:17 | DEBUG   | dpfl.core.base_simulator | Update norms — honest: ['116.31', '100.78', '99.23', '140.66', '147.33'], attacker: ['nan', 'nan', 'nan', 'nan', 'nan']
2026-05-14 10:01:19 | INFO    | dpfl.core.base_simulator | Round 106/150 | Acc: 0.8869 | Loss: 0.3799 | eps_max: 7.47 eps_avg: 5.55 | P: 0.49 R: 1.00 F1: 0.92
2026-05-14 10:01:19 | DEBUG   | dpfl.core.base_simulator | Update norms — honest: ['104.15', '140.50', '118.83', '182.59', '110.00'], attacker: ['nan', 'nan', 'nan', 'nan', 'nan']
2026-05-14 10:01:21 | INFO    | dpfl.core.base_simulator | Round 107/150 | Acc: 0.8869 | Loss: 0.3800 | eps_max: 7.47 eps_avg: 5.57 | P: 0.42 R: 1.00 F1: 0.83
2026-05-14 10:01:21 | DEBUG   | dpfl.core.base_simulator | Update norms — honest: ['169.58', '155.00', '163.80', '105.65', '97.19'], attacker: ['nan', 'nan', 'nan', 'nan', 'nan']
2026-05-14 10:01:22 | INFO    | dpfl.core.base_simulator | Round 108/150 | Acc: 0.8869 | Loss: 0.3802 | eps_max: 7.47 eps_avg: 5.60 | P: 0.57 R: 1.00 F1: 0.86
2026-05-14 10:01:22 | DEBUG   | dpfl.core.base_simulator | Update norms — honest: ['168.16', '140.94', '155.31', '141.36', '107.51'], attacker: ['nan', 'nan', 'nan', 'nan', 'nan']
2026-05-14 10:01:24 | INFO    | dpfl.core.base_simulator | Round 109/150 | Acc: 0.8869 | Loss: 0.3804 | eps_max: 7.47 eps_avg: 5.61 | P: 0.60 R: 1.00 F1: 0.94
2026-05-14 10:01:24 | DEBUG   | dpfl.core.base_simulator | Update norms — honest: ['172.52', '130.16', '140.31', '165.04', '118.05'], attacker: ['nan', 'nan', 'nan', 'nan', 'nan']
2026-05-14 10:01:27 | INFO    | dpfl.core.base_simulator | Round 110/150 | Acc: 0.8870 | Loss: 0.3805 | eps_max: 7.47 eps_avg: 5.66 | P: 0.57 R: 1.00 F1: 0.87
2026-05-14 10:01:27 | DEBUG   | dpfl.core.base_simulator | Update norms — honest: ['154.51', '146.60', '101.14', '155.99', '99.92'], attacker: ['nan', 'nan', 'nan', 'nan', 'nan']
2026-05-14 10:01:29 | INFO    | dpfl.core.base_simulator | Round 111/150 | Acc: 0.8869 | Loss: 0.3807 | eps_max: 7.47 eps_avg: 5.71 | P: 0.48 R: 1.00 F1: 0.82
2026-05-14 10:01:29 | DEBUG   | dpfl.core.base_simulator | Update norms — honest: ['151.75', '151.49', '153.22', '132.82', '138.86'], attacker: ['nan', 'nan', 'nan', 'nan', 'nan']
2026-05-14 10:01:30 | INFO    | dpfl.core.base_simulator | Round 112/150 | Acc: 0.8869 | Loss: 0.3809 | eps_max: 7.47 eps_avg: 5.74 | P: 0.47 R: 1.00 F1: 0.80
2026-05-14 10:01:30 | DEBUG   | dpfl.core.base_simulator | Update norms — honest: ['177.23', '112.54', '157.92', '181.06', '115.38'], attacker: ['nan', 'nan', 'nan', 'nan', 'nan']
2026-05-14 10:01:32 | INFO    | dpfl.core.base_simulator | Round 113/150 | Acc: 0.8869 | Loss: 0.3811 | eps_max: 7.47 eps_avg: 5.75 | P: 0.78 R: 1.00 F1: 0.94
2026-05-14 10:01:32 | DEBUG   | dpfl.core.base_simulator | Update norms — honest: ['161.24', '72.95', '128.50', '119.40', '124.66'], attacker: ['nan', 'nan', 'nan', 'nan', 'nan']
2026-05-14 10:01:34 | INFO    | dpfl.core.base_simulator | Round 114/150 | Acc: 0.8869 | Loss: 0.3813 | eps_max: 7.47 eps_avg: 5.78 | P: 0.50 R: 1.00 F1: 0.75
2026-05-14 10:01:34 | DEBUG   | dpfl.core.base_simulator | Update norms — honest: ['141.88', '159.47', '159.69', '110.67', '137.20'], attacker: ['nan', 'nan', 'nan', 'nan', 'nan']
2026-05-14 10:01:36 | INFO    | dpfl.core.base_simulator | Round 115/150 | Acc: 0.8869 | Loss: 0.3815 | eps_max: 7.47 eps_avg: 5.80 | P: 0.75 R: 1.00 F1: 0.93
2026-05-14 10:01:36 | DEBUG   | dpfl.core.base_simulator | Update norms — honest: ['118.80', '139.36', '140.94', '137.85', '176.44'], attacker: ['nan', 'nan', 'nan', 'nan', 'nan']
2026-05-14 10:01:38 | INFO    | dpfl.core.base_simulator | Round 116/150 | Acc: 0.8869 | Loss: 0.3817 | eps_max: 7.47 eps_avg: 5.83 | P: 0.51 R: 1.00 F1: 0.92
2026-05-14 10:01:38 | DEBUG   | dpfl.core.base_simulator | Update norms — honest: ['80.47', '123.67', '100.60', '138.79', '94.16'], attacker: ['nan', 'nan', 'nan', 'nan', 'nan']
2026-05-14 10:01:40 | INFO    | dpfl.core.base_simulator | Round 117/150 | Acc: 0.8870 | Loss: 0.3819 | eps_max: 7.57 eps_avg: 5.86 | P: 0.44 R: 1.00 F1: 0.71
2026-05-14 10:01:40 | DEBUG   | dpfl.core.base_simulator | Update norms — honest: ['147.20', '135.30', '126.54', '178.32', '149.77'], attacker: ['nan', 'nan', 'nan', 'nan', 'nan']
2026-05-14 10:01:41 | INFO    | dpfl.core.base_simulator | Round 118/150 | Acc: 0.8870 | Loss: 0.3821 | eps_max: 7.57 eps_avg: 5.89 | P: 0.46 R: 1.00 F1: 0.89
2026-05-14 10:01:41 | DEBUG   | dpfl.core.base_simulator | Update norms — honest: ['157.90', '148.43', '173.57', '104.26', '132.28'], attacker: ['nan', 'nan', 'nan', 'nan', 'nan']
2026-05-14 10:01:44 | INFO    | dpfl.core.base_simulator | Round 119/150 | Acc: 0.8870 | Loss: 0.3823 | eps_max: 7.57 eps_avg: 5.93 | P: 0.50 R: 1.00 F1: 0.82
2026-05-14 10:01:44 | DEBUG   | dpfl.core.base_simulator | Update norms — honest: ['149.88', '141.31', '145.15', '151.24', '152.48'], attacker: ['nan', 'nan', 'nan', 'nan', 'nan']
2026-05-14 10:01:46 | INFO    | dpfl.core.base_simulator | Round 120/150 | Acc: 0.8870 | Loss: 0.3825 | eps_max: 7.57 eps_avg: 5.97 | P: 0.48 R: 1.00 F1: 0.88
2026-05-14 10:01:46 | DEBUG   | dpfl.core.base_simulator | Update norms — honest: ['134.29', '153.85', '169.06', '157.89', '148.58'], attacker: ['nan', 'nan', 'nan', 'nan', 'nan']
2026-05-14 10:01:48 | INFO    | dpfl.core.base_simulator | Round 121/150 | Acc: 0.8870 | Loss: 0.3826 | eps_max: 7.57 eps_avg: 5.99 | P: 0.54 R: 1.00 F1: 0.84
2026-05-14 10:01:48 | DEBUG   | dpfl.core.base_simulator | Update norms — honest: ['176.31', '145.92', '122.04', '113.78', '119.38'], attacker: ['nan', 'nan', 'nan', 'nan', 'nan']
2026-05-14 10:01:50 | INFO    | dpfl.core.base_simulator | Round 122/150 | Acc: 0.8870 | Loss: 0.3829 | eps_max: 7.59 eps_avg: 6.02 | P: 0.50 R: 1.00 F1: 0.86
2026-05-14 10:01:50 | DEBUG   | dpfl.core.base_simulator | Update norms — honest: ['164.31', '120.00', '180.08', '145.41', '116.84'], attacker: ['nan', 'nan', 'nan', 'nan', 'nan']
2026-05-14 10:01:52 | INFO    | dpfl.core.base_simulator | Round 123/150 | Acc: 0.8870 | Loss: 0.3831 | eps_max: 7.59 eps_avg: 6.03 | P: 0.55 R: 1.00 F1: 0.86
2026-05-14 10:01:52 | DEBUG   | dpfl.core.base_simulator | Update norms — honest: ['147.08', '177.97', '147.12', '127.04', '129.72'], attacker: ['nan', 'nan', 'nan', 'nan', 'nan']
2026-05-14 10:01:53 | INFO    | dpfl.core.base_simulator | Round 124/150 | Acc: 0.8870 | Loss: 0.3834 | eps_max: 7.59 eps_avg: 6.04 | P: 0.45 R: 1.00 F1: 0.86
2026-05-14 10:01:53 | DEBUG   | dpfl.core.base_simulator | Update norms — honest: ['166.73', '155.72', '164.05', '137.98', '149.85'], attacker: ['nan', 'nan', 'nan', 'nan', 'nan']
2026-05-14 10:01:55 | INFO    | dpfl.core.base_simulator | Round 125/150 | Acc: 0.8870 | Loss: 0.3835 | eps_max: 7.59 eps_avg: 6.06 | P: 0.52 R: 1.00 F1: 0.97
2026-05-14 10:01:55 | DEBUG   | dpfl.core.base_simulator | Update norms — honest: ['152.78', '136.50', '140.29', '142.89', '121.75'], attacker: ['nan', 'nan', 'nan', 'nan', 'nan']
2026-05-14 10:01:57 | INFO    | dpfl.core.base_simulator | Round 126/150 | Acc: 0.8870 | Loss: 0.3838 | eps_max: 7.59 eps_avg: 6.08 | P: 0.70 R: 1.00 F1: 0.93
2026-05-14 10:01:57 | DEBUG   | dpfl.core.base_simulator | Update norms — honest: ['124.14', '108.88', '95.87', '174.95', '149.24'], attacker: ['nan', 'nan', 'nan', 'nan', 'nan']
2026-05-14 10:01:58 | INFO    | dpfl.core.base_simulator | Round 127/150 | Acc: 0.8870 | Loss: 0.3840 | eps_max: 7.59 eps_avg: 6.09 | P: 0.61 R: 1.00 F1: 0.89
2026-05-14 10:01:58 | DEBUG   | dpfl.core.base_simulator | Update norms — honest: ['148.02', '95.21', '155.12', '138.45', '159.23'], attacker: ['nan', 'nan', 'nan', 'nan', 'nan']
2026-05-14 10:02:00 | INFO    | dpfl.core.base_simulator | Round 128/150 | Acc: 0.8870 | Loss: 0.3843 | eps_max: 7.63 eps_avg: 6.12 | P: 0.48 R: 1.00 F1: 0.86
2026-05-14 10:02:00 | DEBUG   | dpfl.core.base_simulator | Update norms — honest: ['180.44', '164.25', '131.90', '170.60', '102.67'], attacker: ['nan', 'nan', 'nan', 'nan', 'nan']
2026-05-14 10:02:02 | INFO    | dpfl.core.base_simulator | Round 129/150 | Acc: 0.8870 | Loss: 0.3845 | eps_max: 7.63 eps_avg: 6.13 | P: 0.57 R: 1.00 F1: 0.83
2026-05-14 10:02:02 | DEBUG   | dpfl.core.base_simulator | Update norms — honest: ['109.50', '108.25', '148.64', '115.48', '77.21'], attacker: ['nan', 'nan', 'nan', 'nan', 'nan']
2026-05-14 10:02:04 | INFO    | dpfl.core.base_simulator | Round 130/150 | Acc: 0.8870 | Loss: 0.3847 | eps_max: 7.66 eps_avg: 6.16 | P: 0.53 R: 1.00 F1: 0.86
2026-05-14 10:02:04 | DEBUG   | dpfl.core.base_simulator | Update norms — honest: ['154.86', '109.88', '106.39', '117.08', '102.75'], attacker: ['nan', 'nan', 'nan', 'nan', 'nan']
2026-05-14 10:02:06 | INFO    | dpfl.core.base_simulator | Round 131/150 | Acc: 0.8870 | Loss: 0.3850 | eps_max: 7.66 eps_avg: 6.17 | P: 0.56 R: 1.00 F1: 0.94
2026-05-14 10:02:06 | DEBUG   | dpfl.core.base_simulator | Update norms — honest: ['99.82', '176.07', '93.80', '128.66', '159.81'], attacker: ['nan', 'nan', 'nan', 'nan', 'nan']
2026-05-14 10:02:07 | INFO    | dpfl.core.base_simulator | Round 132/150 | Acc: 0.8870 | Loss: 0.3852 | eps_max: 7.66 eps_avg: 6.19 | P: 0.70 R: 1.00 F1: 0.85
2026-05-14 10:02:07 | DEBUG   | dpfl.core.base_simulator | Update norms — honest: ['160.70', '126.11', '121.82', '160.54', '138.10'], attacker: ['nan', 'nan', 'nan', 'nan', 'nan']
2026-05-14 10:02:09 | INFO    | dpfl.core.base_simulator | Round 133/150 | Acc: 0.8870 | Loss: 0.3854 | eps_max: 7.72 eps_avg: 6.21 | P: 0.30 R: 1.00 F1: 0.75
2026-05-14 10:02:09 | DEBUG   | dpfl.core.base_simulator | Update norms — honest: ['120.38', '156.09', '144.77', '120.39', '167.69'], attacker: ['nan', 'nan', 'nan', 'nan', 'nan']
2026-05-14 10:02:11 | INFO    | dpfl.core.base_simulator | Round 134/150 | Acc: 0.8870 | Loss: 0.3857 | eps_max: 7.75 eps_avg: 6.24 | P: 0.55 R: 1.00 F1: 0.91
2026-05-14 10:02:11 | DEBUG   | dpfl.core.base_simulator | Update norms — honest: ['156.06', '161.87', '134.27', '131.11', '155.34'], attacker: ['nan', 'nan', 'nan', 'nan', 'nan']
2026-05-14 10:02:13 | INFO    | dpfl.core.base_simulator | Round 135/150 | Acc: 0.8870 | Loss: 0.3859 | eps_max: 7.76 eps_avg: 6.26 | P: 0.68 R: 1.00 F1: 0.92
2026-05-14 10:02:13 | DEBUG   | dpfl.core.base_simulator | Update norms — honest: ['142.91', '126.44', '145.43', '144.80', '153.38'], attacker: ['nan', 'nan', 'nan', 'nan', 'nan']
2026-05-14 10:02:15 | INFO    | dpfl.core.base_simulator | Round 136/150 | Acc: 0.8870 | Loss: 0.3862 | eps_max: 7.76 eps_avg: 6.28 | P: 0.44 R: 1.00 F1: 0.89
2026-05-14 10:02:15 | DEBUG   | dpfl.core.base_simulator | Update norms — honest: ['123.40', '165.27', '154.51', '147.62', '150.88'], attacker: ['nan', 'nan', 'nan', 'nan', 'nan']
2026-05-14 10:02:17 | INFO    | dpfl.core.base_simulator | Round 137/150 | Acc: 0.8870 | Loss: 0.3865 | eps_max: 7.88 eps_avg: 6.29 | P: 0.67 R: 1.00 F1: 0.95
2026-05-14 10:02:17 | DEBUG   | dpfl.core.base_simulator | Update norms — honest: ['125.93', '130.64', '99.55', '109.47', '131.42'], attacker: ['nan', 'nan', 'nan', 'nan', 'nan']
2026-05-14 10:02:19 | INFO    | dpfl.core.base_simulator | Round 138/150 | Acc: 0.8870 | Loss: 0.3867 | eps_max: 8.01 eps_avg: 6.32 | P: 0.60 R: 1.00 F1: 0.86
2026-05-14 10:02:19 | DEBUG   | dpfl.core.base_simulator | Update norms — honest: ['153.68', '154.43', '147.87', '146.26', '106.71'], attacker: ['nan', 'nan', 'nan', 'nan', 'nan']
2026-05-14 10:02:19 | WARNING | dpfl.algorithms.noise_game.simulator | Round 138/150 | Budget exceeded (eps_max=8.01 > 8.00)
2026-05-14 10:02:20 | INFO    | dpfl | Experiment complete in 768.9s
============================================================
REPORT: DP-SGD Decentralized Federated Learning
============================================================
Timestamp:                  20260514_094930
Rounds completed:           138
Attack-active rounds:       88  (from round 50)
Final accuracy:             0.8870
Final test loss:            0.3867
Final epsilon (max honest): 8.01
Final epsilon (avg honest): 6.32
Best alpha:                 1000.0
Avg precision:              0.5450
Avg recall:                 1.0000
Avg F1 score:               0.8783
Avg update norm (honest):   147.6593
Avg update norm (attacker): nan

eps_system (max honest): 8.0077
eps_avg (honest):        6.3158
eps_std (honest):        0.9405
n_frozen:                0/300
============================================================
