2026-05-14 07:19:21 | INFO    | dpfl | Experiment start: algorithm=balance, dataset=mnist, model=mlp, device=cuda
2026-05-14 07:19:21 | INFO    | dpfl | Config: nodes=500, attackers=100, rounds=150, noise_mode=none, attack=scale
2026-05-14 07:19:21 | INFO    | dpfl.data.mnist_dataset | Loading MNIST dataset...
2026-05-14 07:19:21 | INFO    | dpfl.data.mnist_dataset | MNIST loaded: 60000 train, 10000 test samples
2026-05-14 07:21:41 | INFO    | dpfl.core.base_simulator | Vectorized state ready: param_spec.D=50890, X_test=(10000, 1, 28, 28), train clients N=500, max_n_samples=1000
2026-05-14 07:21:41 | INFO    | dpfl.core.base_simulator | Setup complete: 500 nodes (100 attackers), param_dim=50890, split=iid
2026-05-14 07:21:41 | DEBUG   | dpfl.core.base_simulator | Attacker IDs: {0, 1, 2, 3, 4, 5, 6, 7, 8, 9, 10, 11, 12, 13, 14, 15, 16, 17, 18, 19, 20, 21, 22, 23, 24, 25, 26, 27, 28, 29, 30, 31, 32, 33, 34, 35, 36, 37, 38, 39, 40, 41, 42, 43, 44, 45, 46, 47, 48, 49, 50, 51, 52, 53, 54, 55, 56, 57, 58, 59, 60, 61, 62, 63, 64, 65, 66, 67, 68, 69, 70, 71, 72, 73, 74, 75, 76, 77, 78, 79, 80, 81, 82, 83, 84, 85, 86, 87, 88, 89, 90, 91, 92, 93, 94, 95, 96, 97, 98, 99}
2026-05-14 07:21:42 | INFO    | dpfl.core.base_simulator | Round   1/150 | Acc: 0.3801 | Loss: 2.0957 | eps: 0.00 | P: nan R: nan F1: nan
2026-05-14 07:21:42 | DEBUG   | dpfl.core.base_simulator | Update norms — honest: ['0.17', '0.17', '0.18', '0.18', '0.17'], attacker: ['0.18', '0.18', '0.17', '0.18', '0.18']
2026-05-14 07:21:43 | INFO    | dpfl.core.base_simulator | Round   2/150 | Acc: 0.5544 | Loss: 1.8905 | eps: 0.00 | P: nan R: nan F1: nan
2026-05-14 07:21:43 | DEBUG   | dpfl.core.base_simulator | Update norms — honest: ['0.17', '0.18', '0.18', '0.19', '0.18'], attacker: ['0.18', '0.18', '0.18', '0.18', '0.18']
2026-05-14 07:21:44 | INFO    | dpfl.core.base_simulator | Round   3/150 | Acc: 0.6507 | Loss: 1.6800 | eps: 0.00 | P: nan R: nan F1: nan
2026-05-14 07:21:44 | DEBUG   | dpfl.core.base_simulator | Update norms — honest: ['0.18', '0.18', '0.18', '0.18', '0.18'], attacker: ['0.19', '0.18', '0.18', '0.18', '0.19']
2026-05-14 07:21:44 | INFO    | dpfl.core.base_simulator | Round   4/150 | Acc: 0.7092 | Loss: 1.4802 | eps: 0.00 | P: nan R: nan F1: nan
2026-05-14 07:21:44 | DEBUG   | dpfl.core.base_simulator | Update norms — honest: ['0.17', '0.17', '0.18', '0.18', '0.18'], attacker: ['0.18', '0.18', '0.17', '0.18', '0.18']
2026-05-14 07:21:46 | INFO    | dpfl.core.base_simulator | Round   5/150 | Acc: 0.7507 | Loss: 1.2999 | eps: 0.00 | P: nan R: nan F1: nan
2026-05-14 07:21:46 | DEBUG   | dpfl.core.base_simulator | Update norms — honest: ['0.17', '0.16', '0.17', '0.17', '0.17'], attacker: ['0.17', '0.17', '0.16', '0.17', '0.17']
2026-05-14 07:21:50 | INFO    | dpfl.core.base_simulator | Round   6/150 | Acc: 0.7795 | Loss: 1.1457 | eps: 0.00 | P: nan R: nan F1: nan
2026-05-14 07:21:50 | DEBUG   | dpfl.core.base_simulator | Update norms — honest: ['0.16', '0.15', '0.16', '0.15', '0.16'], attacker: ['0.16', '0.15', '0.15', '0.16', '0.16']
2026-05-14 07:21:54 | INFO    | dpfl.core.base_simulator | Round   7/150 | Acc: 0.8000 | Loss: 1.0192 | eps: 0.00 | P: nan R: nan F1: nan
2026-05-14 07:21:54 | DEBUG   | dpfl.core.base_simulator | Update norms — honest: ['0.14', '0.14', '0.14', '0.14', '0.14'], attacker: ['0.14', '0.14', '0.14', '0.14', '0.14']
2026-05-14 07:21:56 | INFO    | dpfl.core.base_simulator | Round   8/150 | Acc: 0.8143 | Loss: 0.9183 | eps: 0.00 | P: nan R: nan F1: nan
2026-05-14 07:21:56 | DEBUG   | dpfl.core.base_simulator | Update norms — honest: ['0.13', '0.13', '0.13', '0.12', '0.13'], attacker: ['0.13', '0.13', '0.13', '0.13', '0.13']
2026-05-14 07:21:57 | INFO    | dpfl.core.base_simulator | Round   9/150 | Acc: 0.8246 | Loss: 0.8385 | eps: 0.00 | P: nan R: nan F1: nan
2026-05-14 07:21:57 | DEBUG   | dpfl.core.base_simulator | Update norms — honest: ['0.11', '0.11', '0.11', '0.11', '0.11'], attacker: ['0.12', '0.11', '0.11', '0.11', '0.12']
2026-05-14 07:21:57 | INFO    | dpfl.core.base_simulator | Round  10/150 | Acc: 0.8326 | Loss: 0.7748 | eps: 0.00 | P: nan R: nan F1: nan
2026-05-14 07:21:57 | DEBUG   | dpfl.core.base_simulator | Update norms — honest: ['0.10', '0.10', '0.10', '0.10', '0.10'], attacker: ['0.10', '0.10', '0.10', '0.10', '0.10']
2026-05-14 07:21:58 | INFO    | dpfl.core.base_simulator | Round  11/150 | Acc: 0.8387 | Loss: 0.7239 | eps: 0.00 | P: nan R: nan F1: nan
2026-05-14 07:21:58 | DEBUG   | dpfl.core.base_simulator | Update norms — honest: ['0.09', '0.09', '0.09', '0.09', '0.09'], attacker: ['0.10', '0.09', '0.09', '0.09', '0.09']
2026-05-14 07:21:59 | INFO    | dpfl.core.base_simulator | Round  12/150 | Acc: 0.8441 | Loss: 0.6820 | eps: 0.00 | P: nan R: nan F1: nan
2026-05-14 07:21:59 | DEBUG   | dpfl.core.base_simulator | Update norms — honest: ['0.09', '0.08', '0.08', '0.08', '0.08'], attacker: ['0.09', '0.09', '0.09', '0.09', '0.09']
2026-05-14 07:21:59 | INFO    | dpfl.core.base_simulator | Round  13/150 | Acc: 0.8484 | Loss: 0.6477 | eps: 0.00 | P: nan R: nan F1: nan
2026-05-14 07:21:59 | DEBUG   | dpfl.core.base_simulator | Update norms — honest: ['0.08', '0.08', '0.08', '0.08', '0.08'], attacker: ['0.08', '0.08', '0.08', '0.08', '0.08']
2026-05-14 07:22:00 | INFO    | dpfl.core.base_simulator | Round  14/150 | Acc: 0.8519 | Loss: 0.6190 | eps: 0.00 | P: nan R: nan F1: nan
2026-05-14 07:22:00 | DEBUG   | dpfl.core.base_simulator | Update norms — honest: ['0.07', '0.07', '0.07', '0.07', '0.07'], attacker: ['0.07', '0.07', '0.08', '0.07', '0.07']
2026-05-14 07:22:01 | INFO    | dpfl.core.base_simulator | Round  15/150 | Acc: 0.8553 | Loss: 0.5946 | eps: 0.00 | P: nan R: nan F1: nan
2026-05-14 07:22:01 | DEBUG   | dpfl.core.base_simulator | Update norms — honest: ['0.07', '0.07', '0.06', '0.07', '0.07'], attacker: ['0.07', '0.07', '0.07', '0.07', '0.07']
2026-05-14 07:22:01 | INFO    | dpfl.core.base_simulator | Round  16/150 | Acc: 0.8581 | Loss: 0.5736 | eps: 0.00 | P: nan R: nan F1: nan
2026-05-14 07:22:01 | DEBUG   | dpfl.core.base_simulator | Update norms — honest: ['0.06', '0.06', '0.06', '0.06', '0.06'], attacker: ['0.06', '0.07', '0.07', '0.06', '0.06']
2026-05-14 07:22:05 | INFO    | dpfl.core.base_simulator | Round  17/150 | Acc: 0.8605 | Loss: 0.5555 | eps: 0.00 | P: nan R: nan F1: nan
2026-05-14 07:22:05 | DEBUG   | dpfl.core.base_simulator | Update norms — honest: ['0.06', '0.06', '0.06', '0.06', '0.06'], attacker: ['0.06', '0.06', '0.06', '0.06', '0.06']
2026-05-14 07:22:09 | INFO    | dpfl.core.base_simulator | Round  18/150 | Acc: 0.8626 | Loss: 0.5398 | eps: 0.00 | P: nan R: nan F1: nan
2026-05-14 07:22:09 | DEBUG   | dpfl.core.base_simulator | Update norms — honest: ['0.06', '0.06', '0.06', '0.06', '0.06'], attacker: ['0.06', '0.06', '0.06', '0.06', '0.06']
2026-05-14 07:22:12 | INFO    | dpfl.core.base_simulator | Round  19/150 | Acc: 0.8646 | Loss: 0.5259 | eps: 0.00 | P: nan R: nan F1: nan
2026-05-14 07:22:12 | DEBUG   | dpfl.core.base_simulator | Update norms — honest: ['0.06', '0.05', '0.05', '0.05', '0.05'], attacker: ['0.06', '0.06', '0.06', '0.06', '0.05']
2026-05-14 07:22:13 | INFO    | dpfl.core.base_simulator | Round  20/150 | Acc: 0.8662 | Loss: 0.5137 | eps: 0.00 | P: nan R: nan F1: nan
2026-05-14 07:22:13 | DEBUG   | dpfl.core.base_simulator | Update norms — honest: ['0.05', '0.05', '0.05', '0.05', '0.05'], attacker: ['0.05', '0.05', '0.06', '0.05', '0.05']
2026-05-14 07:22:13 | INFO    | dpfl.core.base_simulator | Round  21/150 | Acc: 0.8677 | Loss: 0.5028 | eps: 0.00 | P: nan R: nan F1: nan
2026-05-14 07:22:13 | DEBUG   | dpfl.core.base_simulator | Update norms — honest: ['0.05', '0.05', '0.05', '0.05', '0.05'], attacker: ['0.05', '0.05', '0.05', '0.05', '0.05']
2026-05-14 07:22:14 | INFO    | dpfl.core.base_simulator | Round  22/150 | Acc: 0.8691 | Loss: 0.4930 | eps: 0.00 | P: nan R: nan F1: nan
2026-05-14 07:22:14 | DEBUG   | dpfl.core.base_simulator | Update norms — honest: ['0.05', '0.05', '0.05', '0.05', '0.05'], attacker: ['0.05', '0.05', '0.05', '0.05', '0.05']
2026-05-14 07:22:15 | INFO    | dpfl.core.base_simulator | Round  23/150 | Acc: 0.8705 | Loss: 0.4841 | eps: 0.00 | P: nan R: nan F1: nan
2026-05-14 07:22:15 | DEBUG   | dpfl.core.base_simulator | Update norms — honest: ['0.05', '0.05', '0.04', '0.04', '0.05'], attacker: ['0.05', '0.05', '0.05', '0.05', '0.05']
2026-05-14 07:22:15 | INFO    | dpfl.core.base_simulator | Round  24/150 | Acc: 0.8716 | Loss: 0.4761 | eps: 0.00 | P: nan R: nan F1: nan
2026-05-14 07:22:15 | DEBUG   | dpfl.core.base_simulator | Update norms — honest: ['0.04', '0.05', '0.04', '0.04', '0.04'], attacker: ['0.05', '0.05', '0.05', '0.05', '0.04']
2026-05-14 07:22:16 | INFO    | dpfl.core.base_simulator | Round  25/150 | Acc: 0.8725 | Loss: 0.4690 | eps: 0.00 | P: nan R: nan F1: nan
2026-05-14 07:22:16 | DEBUG   | dpfl.core.base_simulator | Update norms — honest: ['0.04', '0.04', '0.04', '0.04', '0.04'], attacker: ['0.04', '0.05', '0.05', '0.05', '0.04']
2026-05-14 07:22:16 | INFO    | dpfl.core.base_simulator | Round  26/150 | Acc: 0.8736 | Loss: 0.4624 | eps: 0.00 | P: nan R: nan F1: nan
2026-05-14 07:22:16 | DEBUG   | dpfl.core.base_simulator | Update norms — honest: ['0.04', '0.04', '0.04', '0.04', '0.04'], attacker: ['0.04', '0.04', '0.05', '0.04', '0.04']
2026-05-14 07:22:17 | INFO    | dpfl.core.base_simulator | Round  27/150 | Acc: 0.8744 | Loss: 0.4563 | eps: 0.00 | P: nan R: nan F1: nan
2026-05-14 07:22:17 | DEBUG   | dpfl.core.base_simulator | Update norms — honest: ['0.04', '0.04', '0.04', '0.04', '0.04'], attacker: ['0.04', '0.04', '0.04', '0.04', '0.04']
2026-05-14 07:22:18 | INFO    | dpfl.core.base_simulator | Round  28/150 | Acc: 0.8752 | Loss: 0.4509 | eps: 0.00 | P: nan R: nan F1: nan
2026-05-14 07:22:18 | DEBUG   | dpfl.core.base_simulator | Update norms — honest: ['0.04', '0.04', '0.04', '0.04', '0.04'], attacker: ['0.04', '0.04', '0.04', '0.04', '0.04']
2026-05-14 07:22:22 | INFO    | dpfl.core.base_simulator | Round  29/150 | Acc: 0.8760 | Loss: 0.4457 | eps: 0.00 | P: nan R: nan F1: nan
2026-05-14 07:22:22 | DEBUG   | dpfl.core.base_simulator | Update norms — honest: ['0.04', '0.04', '0.04', '0.04', '0.04'], attacker: ['0.04', '0.04', '0.04', '0.04', '0.04']
2026-05-14 07:22:26 | INFO    | dpfl.core.base_simulator | Round  30/150 | Acc: 0.8767 | Loss: 0.4410 | eps: 0.00 | P: nan R: nan F1: nan
2026-05-14 07:22:26 | DEBUG   | dpfl.core.base_simulator | Update norms — honest: ['0.04', '0.04', '0.04', '0.04', '0.04'], attacker: ['0.04', '0.04', '0.04', '0.04', '0.04']
2026-05-14 07:22:29 | INFO    | dpfl.core.base_simulator | Round  31/150 | Acc: 0.8774 | Loss: 0.4366 | eps: 0.00 | P: nan R: nan F1: nan
2026-05-14 07:22:29 | DEBUG   | dpfl.core.base_simulator | Update norms — honest: ['0.04', '0.04', '0.03', '0.04', '0.03'], attacker: ['0.04', '0.04', '0.04', '0.04', '0.04']
2026-05-14 07:22:29 | INFO    | dpfl.core.base_simulator | Round  32/150 | Acc: 0.8779 | Loss: 0.4327 | eps: 0.00 | P: nan R: nan F1: nan
2026-05-14 07:22:29 | DEBUG   | dpfl.core.base_simulator | Update norms — honest: ['0.04', '0.04', '0.03', '0.03', '0.03'], attacker: ['0.04', '0.04', '0.04', '0.04', '0.04']
2026-05-14 07:22:30 | INFO    | dpfl.core.base_simulator | Round  33/150 | Acc: 0.8785 | Loss: 0.4289 | eps: 0.00 | P: nan R: nan F1: nan
2026-05-14 07:22:30 | DEBUG   | dpfl.core.base_simulator | Update norms — honest: ['0.04', '0.04', '0.03', '0.03', '0.03'], attacker: ['0.04', '0.04', '0.04', '0.04', '0.04']
2026-05-14 07:22:30 | INFO    | dpfl.core.base_simulator | Round  34/150 | Acc: 0.8790 | Loss: 0.4255 | eps: 0.00 | P: nan R: nan F1: nan
2026-05-14 07:22:30 | DEBUG   | dpfl.core.base_simulator | Update norms — honest: ['0.03', '0.03', '0.03', '0.03', '0.03'], attacker: ['0.03', '0.04', '0.04', '0.04', '0.04']
2026-05-14 07:22:31 | INFO    | dpfl.core.base_simulator | Round  35/150 | Acc: 0.8796 | Loss: 0.4222 | eps: 0.00 | P: nan R: nan F1: nan
2026-05-14 07:22:31 | DEBUG   | dpfl.core.base_simulator | Update norms — honest: ['0.04', '0.03', '0.03', '0.03', '0.03'], attacker: ['0.03', '0.04', '0.04', '0.04', '0.03']
2026-05-14 07:22:32 | INFO    | dpfl.core.base_simulator | Round  36/150 | Acc: 0.8801 | Loss: 0.4192 | eps: 0.00 | P: nan R: nan F1: nan
2026-05-14 07:22:32 | DEBUG   | dpfl.core.base_simulator | Update norms — honest: ['0.04', '0.03', '0.03', '0.03', '0.03'], attacker: ['0.03', '0.04', '0.04', '0.04', '0.04']
2026-05-14 07:22:32 | INFO    | dpfl.core.base_simulator | Round  37/150 | Acc: 0.8805 | Loss: 0.4164 | eps: 0.00 | P: nan R: nan F1: nan
2026-05-14 07:22:32 | DEBUG   | dpfl.core.base_simulator | Update norms — honest: ['0.04', '0.03', '0.03', '0.03', '0.03'], attacker: ['0.03', '0.04', '0.04', '0.04', '0.03']
2026-05-14 07:22:33 | INFO    | dpfl.core.base_simulator | Round  38/150 | Acc: 0.8809 | Loss: 0.4139 | eps: 0.00 | P: nan R: nan F1: nan
2026-05-14 07:22:33 | DEBUG   | dpfl.core.base_simulator | Update norms — honest: ['0.03', '0.03', '0.03', '0.03', '0.03'], attacker: ['0.03', '0.04', '0.04', '0.03', '0.03']
2026-05-14 07:22:33 | INFO    | dpfl.core.base_simulator | Round  39/150 | Acc: 0.8813 | Loss: 0.4115 | eps: 0.00 | P: nan R: nan F1: nan
2026-05-14 07:22:33 | DEBUG   | dpfl.core.base_simulator | Update norms — honest: ['0.03', '0.03', '0.03', '0.03', '0.03'], attacker: ['0.03', '0.04', '0.03', '0.03', '0.03']
2026-05-14 07:22:34 | INFO    | dpfl.core.base_simulator | Round  40/150 | Acc: 0.8816 | Loss: 0.4092 | eps: 0.00 | P: nan R: nan F1: nan
2026-05-14 07:22:34 | DEBUG   | dpfl.core.base_simulator | Update norms — honest: ['0.03', '0.03', '0.03', '0.03', '0.03'], attacker: ['0.03', '0.03', '0.04', '0.03', '0.03']
2026-05-14 07:22:38 | INFO    | dpfl.core.base_simulator | Round  41/150 | Acc: 0.8819 | Loss: 0.4069 | eps: 0.00 | P: nan R: nan F1: nan
2026-05-14 07:22:38 | DEBUG   | dpfl.core.base_simulator | Update norms — honest: ['0.03', '0.03', '0.03', '0.03', '0.03'], attacker: ['0.03', '0.03', '0.03', '0.03', '0.03']
2026-05-14 07:22:42 | INFO    | dpfl.core.base_simulator | Round  42/150 | Acc: 0.8823 | Loss: 0.4050 | eps: 0.00 | P: nan R: nan F1: nan
2026-05-14 07:22:42 | DEBUG   | dpfl.core.base_simulator | Update norms — honest: ['0.03', '0.03', '0.03', '0.03', '0.03'], attacker: ['0.03', '0.03', '0.03', '0.03', '0.03']
2026-05-14 07:22:45 | INFO    | dpfl.core.base_simulator | Round  43/150 | Acc: 0.8826 | Loss: 0.4030 | eps: 0.00 | P: nan R: nan F1: nan
2026-05-14 07:22:45 | DEBUG   | dpfl.core.base_simulator | Update norms — honest: ['0.03', '0.03', '0.03', '0.03', '0.03'], attacker: ['0.03', '0.03', '0.03', '0.03', '0.03']
2026-05-14 07:22:46 | INFO    | dpfl.core.base_simulator | Round  44/150 | Acc: 0.8828 | Loss: 0.4012 | eps: 0.00 | P: nan R: nan F1: nan
2026-05-14 07:22:46 | DEBUG   | dpfl.core.base_simulator | Update norms — honest: ['0.03', '0.03', '0.03', '0.03', '0.03'], attacker: ['0.03', '0.03', '0.03', '0.03', '0.03']
2026-05-14 07:22:47 | INFO    | dpfl.core.base_simulator | Round  45/150 | Acc: 0.8831 | Loss: 0.3996 | eps: 0.00 | P: nan R: nan F1: nan
2026-05-14 07:22:47 | DEBUG   | dpfl.core.base_simulator | Update norms — honest: ['0.03', '0.03', '0.03', '0.03', '0.03'], attacker: ['0.03', '0.03', '0.03', '0.03', '0.03']
2026-05-14 07:22:47 | INFO    | dpfl.core.base_simulator | Round  46/150 | Acc: 0.8834 | Loss: 0.3980 | eps: 0.00 | P: nan R: nan F1: nan
2026-05-14 07:22:47 | DEBUG   | dpfl.core.base_simulator | Update norms — honest: ['0.03', '0.03', '0.03', '0.03', '0.03'], attacker: ['0.03', '0.03', '0.03', '0.03', '0.03']
2026-05-14 07:22:48 | INFO    | dpfl.core.base_simulator | Round  47/150 | Acc: 0.8837 | Loss: 0.3965 | eps: 0.00 | P: nan R: nan F1: nan
2026-05-14 07:22:48 | DEBUG   | dpfl.core.base_simulator | Update norms — honest: ['0.03', '0.03', '0.03', '0.03', '0.03'], attacker: ['0.03', '0.03', '0.03', '0.03', '0.03']
2026-05-14 07:22:49 | INFO    | dpfl.core.base_simulator | Round  48/150 | Acc: 0.8839 | Loss: 0.3952 | eps: 0.00 | P: nan R: nan F1: nan
2026-05-14 07:22:49 | DEBUG   | dpfl.core.base_simulator | Update norms — honest: ['0.03', '0.03', '0.03', '0.03', '0.03'], attacker: ['0.03', '0.03', '0.03', '0.03', '0.03']
2026-05-14 07:22:49 | INFO    | dpfl.core.base_simulator | Round  49/150 | Acc: 0.8841 | Loss: 0.3938 | eps: 0.00 | P: nan R: nan F1: nan
2026-05-14 07:22:49 | DEBUG   | dpfl.core.base_simulator | Update norms — honest: ['0.03', '0.03', '0.03', '0.03', '0.03'], attacker: ['0.03', '0.03', '0.03', '0.03', '0.03']
2026-05-14 07:22:50 | INFO    | dpfl.core.base_simulator | Round  50/150 | Acc: 0.8843 | Loss: 0.3925 | eps: 0.00 | P: nan R: nan F1: nan
2026-05-14 07:22:50 | DEBUG   | dpfl.core.base_simulator | Update norms — honest: ['0.03', '0.03', '0.03', '0.03', '0.03'], attacker: ['0.03', '0.03', '0.03', '0.03', '0.03']
2026-05-14 07:22:50 | INFO    | dpfl.core.base_simulator | Round  51/150 | Acc: 0.8845 | Loss: 0.3915 | eps: 0.00 | P: nan R: 0.00 F1: nan
2026-05-14 07:22:50 | DEBUG   | dpfl.core.base_simulator | Update norms — honest: ['0.03', '0.03', '0.03', '0.02', '0.02'], attacker: ['0.14', '0.16', '0.15', '0.15', '0.14']
2026-05-14 07:22:51 | INFO    | dpfl.core.base_simulator | Round  52/150 | Acc: 0.8846 | Loss: 0.3906 | eps: 0.00 | P: nan R: 0.00 F1: nan
2026-05-14 07:22:51 | DEBUG   | dpfl.core.base_simulator | Update norms — honest: ['0.03', '0.03', '0.02', '0.03', '0.02'], attacker: ['0.16', '0.23', '0.18', '0.20', '0.16']
2026-05-14 07:22:52 | INFO    | dpfl.core.base_simulator | Round  53/150 | Acc: 0.8847 | Loss: 0.3897 | eps: 0.00 | P: nan R: 0.00 F1: nan
2026-05-14 07:22:52 | DEBUG   | dpfl.core.base_simulator | Update norms — honest: ['0.03', '0.03', '0.03', '0.02', '0.03'], attacker: ['0.31', '0.54', '0.28', '0.40', '0.26']
2026-05-14 07:22:56 | INFO    | dpfl.core.base_simulator | Round  54/150 | Acc: 0.8819 | Loss: 0.3961 | eps: 0.00 | P: nan R: 0.00 F1: nan
2026-05-14 07:22:56 | DEBUG   | dpfl.core.base_simulator | Update norms — honest: ['0.03', '0.03', '0.03', '0.02', '0.02'], attacker: ['0.91', '1.65', '0.85', '1.19', '0.73']
2026-05-14 07:23:00 | INFO    | dpfl.core.base_simulator | Round  55/150 | Acc: 0.8605 | Loss: 0.6414 | eps: 0.00 | P: nan R: 0.00 F1: nan
2026-05-14 07:23:00 | DEBUG   | dpfl.core.base_simulator | Update norms — honest: ['0.03', '0.16', '0.02', '0.02', '0.02'], attacker: ['3.09', '4.80', '3.26', '3.69', '2.74']
2026-05-14 07:23:03 | INFO    | dpfl.core.base_simulator | Round  56/150 | Acc: 0.8773 | Loss: 0.4491 | eps: 0.00 | P: 1.00 R: 0.91 F1: 0.95
2026-05-14 07:23:03 | DEBUG   | dpfl.core.base_simulator | Update norms — honest: ['0.02', '0.04', '0.02', '0.03', '0.02'], attacker: ['10.89', '15.60', '10.90', '13.14', '10.67']
2026-05-14 07:23:03 | INFO    | dpfl.core.base_simulator | Round  57/150 | Acc: 0.8849 | Loss: 0.3874 | eps: 0.00 | P: 1.00 R: 1.00 F1: 1.00
2026-05-14 07:23:03 | DEBUG   | dpfl.core.base_simulator | Update norms — honest: ['0.02', '0.03', '0.02', '0.02', '0.02'], attacker: ['48.59', '54.50', '44.86', '52.80', '47.32']
2026-05-14 07:23:04 | INFO    | dpfl.core.base_simulator | Round  58/150 | Acc: 0.8852 | Loss: 0.3861 | eps: 0.00 | P: 1.00 R: 1.00 F1: 1.00
2026-05-14 07:23:04 | DEBUG   | dpfl.core.base_simulator | Update norms — honest: ['0.02', '0.03', '0.03', '0.02', '0.02'], attacker: ['195.43', '194.55', '183.69', '212.69', '197.42']
2026-05-14 07:23:05 | INFO    | dpfl.core.base_simulator | Round  59/150 | Acc: 0.8854 | Loss: 0.3853 | eps: 0.00 | P: 1.00 R: 1.00 F1: 1.00
2026-05-14 07:23:05 | DEBUG   | dpfl.core.base_simulator | Update norms — honest: ['0.02', '0.03', '0.02', '0.03', '0.02'], attacker: ['797.65', '746.29', '755.45', '818.69', '789.45']
2026-05-14 07:23:05 | INFO    | dpfl.core.base_simulator | Round  60/150 | Acc: 0.8855 | Loss: 0.3846 | eps: 0.00 | P: 1.00 R: 1.00 F1: 1.00
2026-05-14 07:23:05 | DEBUG   | dpfl.core.base_simulator | Update norms — honest: ['0.02', '0.03', '0.02', '0.02', '0.02'], attacker: ['3258.48', '2889.67', '2938.38', '2948.47', '3008.57']
2026-05-14 07:23:06 | INFO    | dpfl.core.base_simulator | Round  61/150 | Acc: 0.8857 | Loss: 0.3838 | eps: 0.00 | P: 1.00 R: 1.00 F1: 1.00
2026-05-14 07:23:06 | DEBUG   | dpfl.core.base_simulator | Update norms — honest: ['0.03', '0.02', '0.02', '0.02', '0.02'], attacker: ['12007.01', '11032.25', '11948.23', '12292.94', '12072.43']
2026-05-14 07:23:07 | INFO    | dpfl.core.base_simulator | Round  62/150 | Acc: 0.8858 | Loss: 0.3833 | eps: 0.00 | P: 1.00 R: 1.00 F1: 1.00
2026-05-14 07:23:07 | DEBUG   | dpfl.core.base_simulator | Update norms — honest: ['0.02', '0.03', '0.02', '0.03', '0.02'], attacker: ['44571.72', '43822.63', '44035.96', '44080.51', '46188.34']
2026-05-14 07:23:07 | INFO    | dpfl.core.base_simulator | Round  63/150 | Acc: 0.8858 | Loss: 0.3827 | eps: 0.00 | P: 1.00 R: 1.00 F1: 1.00
2026-05-14 07:23:07 | DEBUG   | dpfl.core.base_simulator | Update norms — honest: ['0.02', '0.02', '0.02', '0.02', '0.02'], attacker: ['181535.39', '177444.06', '182733.88', '185851.61', '181927.86']
2026-05-14 07:23:08 | INFO    | dpfl.core.base_simulator | Round  64/150 | Acc: 0.8859 | Loss: 0.3822 | eps: 0.00 | P: 1.00 R: 1.00 F1: 1.00
2026-05-14 07:23:08 | DEBUG   | dpfl.core.base_simulator | Update norms — honest: ['0.02', '0.02', '0.02', '0.02', '0.02'], attacker: ['680022.38', '668958.31', '676462.75', '681556.50', '693233.56']
2026-05-14 07:23:09 | INFO    | dpfl.core.base_simulator | Round  65/150 | Acc: 0.8860 | Loss: 0.3817 | eps: 0.00 | P: 1.00 R: 1.00 F1: 1.00
2026-05-14 07:23:09 | DEBUG   | dpfl.core.base_simulator | Update norms — honest: ['0.03', '0.02', '0.02', '0.02', '0.02'], attacker: ['2762390.25', '2747685.50', '2778277.75', '2854164.00', '2727249.50']
2026-05-14 07:23:13 | INFO    | dpfl.core.base_simulator | Round  66/150 | Acc: 0.8861 | Loss: 0.3811 | eps: 0.00 | P: 1.00 R: 1.00 F1: 1.00
2026-05-14 07:23:13 | DEBUG   | dpfl.core.base_simulator | Update norms — honest: ['0.02', '0.02', '0.02', '0.02', '0.02'], attacker: ['10194795.00', '9982396.00', '10386181.00', '10253759.00', '10589833.00']
2026-05-14 07:23:16 | INFO    | dpfl.core.base_simulator | Round  67/150 | Acc: 0.8862 | Loss: 0.3807 | eps: 0.00 | P: 1.00 R: 1.00 F1: 1.00
2026-05-14 07:23:16 | DEBUG   | dpfl.core.base_simulator | Update norms — honest: ['0.02', '0.03', '0.02', '0.02', '0.02'], attacker: ['40963508.00', '40791260.00', '41411388.00', '42015460.00', '42710124.00']
2026-05-14 07:23:20 | INFO    | dpfl.core.base_simulator | Round  68/150 | Acc: 0.8863 | Loss: 0.3803 | eps: 0.00 | P: 1.00 R: 1.00 F1: 1.00
2026-05-14 07:23:20 | DEBUG   | dpfl.core.base_simulator | Update norms — honest: ['0.02', '0.02', '0.02', '0.02', '0.02'], attacker: ['155349264.00', '156236720.00', '158713840.00', '157232512.00', '164317616.00']
2026-05-14 07:23:20 | INFO    | dpfl.core.base_simulator | Round  69/150 | Acc: 0.8864 | Loss: 0.3799 | eps: 0.00 | P: 1.00 R: 1.00 F1: 1.00
2026-05-14 07:23:20 | DEBUG   | dpfl.core.base_simulator | Update norms — honest: ['0.02', '0.02', '0.02', '0.02', '0.02'], attacker: ['642865536.00', '630572800.00', '674175296.00', '672025472.00', '672775680.00']
2026-05-14 07:23:21 | INFO    | dpfl.core.base_simulator | Round  70/150 | Acc: 0.8864 | Loss: 0.3796 | eps: 0.00 | P: 1.00 R: 1.00 F1: 1.00
2026-05-14 07:23:21 | DEBUG   | dpfl.core.base_simulator | Update norms — honest: ['0.02', '0.02', '0.02', '0.02', '0.02'], attacker: ['2420460800.00', '2369504512.00', '2525764352.00', '2412718592.00', '2655456768.00']
2026-05-14 07:23:22 | INFO    | dpfl.core.base_simulator | Round  71/150 | Acc: 0.8865 | Loss: 0.3793 | eps: 0.00 | P: 1.00 R: 1.00 F1: 1.00
2026-05-14 07:23:22 | DEBUG   | dpfl.core.base_simulator | Update norms — honest: ['0.02', '0.02', '0.02', '0.02', '0.02'], attacker: ['10359384064.00', '9806133248.00', '10231583744.00', '10049792000.00', '10350877696.00']
2026-05-14 07:23:22 | INFO    | dpfl.core.base_simulator | Round  72/150 | Acc: 0.8866 | Loss: 0.3790 | eps: 0.00 | P: 1.00 R: 1.00 F1: 1.00
2026-05-14 07:23:22 | DEBUG   | dpfl.core.base_simulator | Update norms — honest: ['0.02', '0.02', '0.02', '0.02', '0.02'], attacker: ['37532835840.00', '37176754176.00', '38741757952.00', '37915828224.00', '38789795840.00']
2026-05-14 07:23:23 | INFO    | dpfl.core.base_simulator | Round  73/150 | Acc: 0.8866 | Loss: 0.3787 | eps: 0.00 | P: 1.00 R: 1.00 F1: 1.00
2026-05-14 07:23:23 | DEBUG   | dpfl.core.base_simulator | Update norms — honest: ['0.02', '0.02', '0.02', '0.02', '0.02'], attacker: ['155834384384.00', '152232656896.00', '155215527936.00', '153282494464.00', '157335126016.00']
2026-05-14 07:23:24 | INFO    | dpfl.core.base_simulator | Round  74/150 | Acc: 0.8867 | Loss: 0.3784 | eps: 0.00 | P: 1.00 R: 1.00 F1: 1.00
2026-05-14 07:23:24 | DEBUG   | dpfl.core.base_simulator | Update norms — honest: ['0.02', '0.02', '0.02', '0.02', '0.02'], attacker: ['593301929984.00', '578950660096.00', '588535627776.00', '591016099840.00', '598823731200.00']
2026-05-14 07:23:24 | INFO    | dpfl.core.base_simulator | Round  75/150 | Acc: 0.8867 | Loss: 0.3782 | eps: 0.00 | P: 1.00 R: 1.00 F1: 1.00
2026-05-14 07:23:24 | DEBUG   | dpfl.core.base_simulator | Update norms — honest: ['0.02', '0.02', '0.02', '0.02', '0.02'], attacker: ['2403852091392.00', '2563821535232.00', '2406101286912.00', '2409131933696.00', '2480865280000.00']
2026-05-14 07:23:25 | INFO    | dpfl.core.base_simulator | Round  76/150 | Acc: 0.8868 | Loss: 0.3780 | eps: 0.00 | P: 1.00 R: 1.00 F1: 1.00
2026-05-14 07:23:25 | DEBUG   | dpfl.core.base_simulator | Update norms — honest: ['0.02', '0.02', '0.02', '0.02', '0.02'], attacker: ['9068757385216.00', '9428029931520.00', '9899580850176.00', '9364488323072.00', '9680453632000.00']
2026-05-14 07:23:25 | INFO    | dpfl.core.base_simulator | Round  77/150 | Acc: 0.8868 | Loss: 0.3778 | eps: 0.00 | P: 1.00 R: 1.00 F1: 1.00
2026-05-14 07:23:25 | DEBUG   | dpfl.core.base_simulator | Update norms — honest: ['0.02', '0.02', '0.02', '0.02', '0.02'], attacker: ['37823012929536.00', '38560317046784.00', '39026660737024.00', '38683809939456.00', '39312192176128.00']
2026-05-14 07:23:26 | INFO    | dpfl.core.base_simulator | Round  78/150 | Acc: 0.8868 | Loss: 0.3776 | eps: 0.00 | P: 1.00 R: 1.00 F1: 1.00
2026-05-14 07:23:26 | DEBUG   | dpfl.core.base_simulator | Update norms — honest: ['0.02', '0.02', '0.02', '0.02', '0.02'], attacker: ['140607062278144.00', '148444723281920.00', '150292951728128.00', '146243955195904.00', '152751619178496.00']
2026-05-14 07:23:30 | INFO    | dpfl.core.base_simulator | Round  79/150 | Acc: 0.8869 | Loss: 0.3775 | eps: 0.00 | P: 1.00 R: 1.00 F1: 1.00
2026-05-14 07:23:30 | DEBUG   | dpfl.core.base_simulator | Update norms — honest: ['0.02', '0.02', '0.02', '0.02', '0.02'], attacker: ['631976788754432.00', '594629095325696.00', '601235493224448.00', '623916477317120.00', '613404947513344.00']
2026-05-14 07:23:34 | INFO    | dpfl.core.base_simulator | Round  80/150 | Acc: 0.8869 | Loss: 0.3774 | eps: 0.00 | P: 1.00 R: 1.00 F1: 1.00
2026-05-14 07:23:34 | DEBUG   | dpfl.core.base_simulator | Update norms — honest: ['0.02', '0.02', '0.02', '0.02', '0.02'], attacker: ['2391467049877504.00', '2272855085547520.00', '2320036375035904.00', '2331828476182528.00', '2280771247144960.00']
2026-05-14 07:23:37 | INFO    | dpfl.core.base_simulator | Round  81/150 | Acc: 0.8870 | Loss: 0.3772 | eps: 0.00 | P: 1.00 R: 1.00 F1: 1.00
2026-05-14 07:23:37 | DEBUG   | dpfl.core.base_simulator | Update norms — honest: ['0.02', '0.02', '0.02', '0.02', '0.02'], attacker: ['9736665090228224.00', '9334852646076416.00', '9269440294158336.00', '9362869791490048.00', '9730761657679872.00']
2026-05-14 07:23:38 | INFO    | dpfl.core.base_simulator | Round  82/150 | Acc: 0.8870 | Loss: 0.3771 | eps: 0.00 | P: 1.00 R: 1.00 F1: 1.00
2026-05-14 07:23:38 | DEBUG   | dpfl.core.base_simulator | Update norms — honest: ['0.02', '0.02', '0.02', '0.02', '0.02'], attacker: ['34930988345720832.00', '34904050310840320.00', '35562468797317120.00', '34736690467700736.00', '35981225961193472.00']
2026-05-14 07:23:38 | INFO    | dpfl.core.base_simulator | Round  83/150 | Acc: 0.8870 | Loss: 0.3771 | eps: 0.00 | P: 1.00 R: 1.00 F1: 1.00
2026-05-14 07:23:38 | DEBUG   | dpfl.core.base_simulator | Update norms — honest: ['0.02', '0.02', '0.02', '0.02', '0.02'], attacker: ['146385628047605760.00', '139039722142957568.00', '146375509104656384.00', '143157487678259200.00', '144092441929056256.00']
2026-05-14 07:23:39 | INFO    | dpfl.core.base_simulator | Round  84/150 | Acc: 0.8871 | Loss: 0.3770 | eps: 0.00 | P: 1.00 R: 1.00 F1: 1.00
2026-05-14 07:23:39 | DEBUG   | dpfl.core.base_simulator | Update norms — honest: ['0.02', '0.02', '0.02', '0.02', '0.02'], attacker: ['549621089353859072.00', '550577561390809088.00', '580224792922161152.00', '542442206137417728.00', '572798725747900416.00']
2026-05-14 07:23:40 | INFO    | dpfl.core.base_simulator | Round  85/150 | Acc: 0.8871 | Loss: 0.3769 | eps: 0.00 | P: 1.00 R: 1.00 F1: 1.00
2026-05-14 07:23:40 | DEBUG   | dpfl.core.base_simulator | Update norms — honest: ['0.02', '0.02', '0.02', '0.02', '0.02'], attacker: ['2367453318642401280.00', '2289587554430746624.00', '2308092610004123648.00', '2252871012888608768.00', '2299844073772548096.00']
2026-05-14 07:23:40 | INFO    | dpfl.core.base_simulator | Round  86/150 | Acc: 0.8871 | Loss: 0.3769 | eps: 0.00 | P: 1.00 R: 1.00 F1: 1.00
2026-05-14 07:23:40 | DEBUG   | dpfl.core.base_simulator | Update norms — honest: ['0.02', '0.02', '0.02', '0.02', '0.02'], attacker: ['8258338927492988928.00', '8348839729575231488.00', '8697694977859256320.00', '8257609401527959552.00', '8955195103526256640.00']
2026-05-14 07:23:41 | INFO    | dpfl.core.base_simulator | Round  87/150 | Acc: 0.8871 | Loss: 0.3769 | eps: 0.00 | P: 1.00 R: 1.00 F1: 1.00
2026-05-14 07:23:41 | DEBUG   | dpfl.core.base_simulator | Update norms — honest: ['0.02', '0.02', '0.02', '0.02', '0.02'], attacker: ['nan', 'nan', 'nan', 'nan', 'nan']
2026-05-14 07:23:41 | INFO    | dpfl.core.base_simulator | Round  88/150 | Acc: 0.8871 | Loss: 0.3768 | eps: 0.00 | P: 1.00 R: 1.00 F1: 1.00
2026-05-14 07:23:41 | DEBUG   | dpfl.core.base_simulator | Update norms — honest: ['0.02', '0.02', '0.02', '0.02', '0.02'], attacker: ['nan', 'nan', 'nan', 'nan', 'nan']
2026-05-14 07:23:42 | INFO    | dpfl.core.base_simulator | Round  89/150 | Acc: 0.8871 | Loss: 0.3768 | eps: 0.00 | P: 1.00 R: 1.00 F1: 1.00
2026-05-14 07:23:42 | DEBUG   | dpfl.core.base_simulator | Update norms — honest: ['0.02', '0.02', '0.02', '0.02', '0.02'], attacker: ['nan', 'nan', 'nan', 'nan', 'nan']
2026-05-14 07:23:42 | INFO    | dpfl.core.base_simulator | Round  90/150 | Acc: 0.8872 | Loss: 0.3768 | eps: 0.00 | P: 1.00 R: 1.00 F1: 1.00
2026-05-14 07:23:42 | DEBUG   | dpfl.core.base_simulator | Update norms — honest: ['0.02', '0.02', '0.02', '0.02', '0.02'], attacker: ['nan', 'nan', 'nan', 'nan', 'nan']
2026-05-14 07:23:43 | INFO    | dpfl.core.base_simulator | Round  91/150 | Acc: 0.8872 | Loss: 0.3768 | eps: 0.00 | P: 1.00 R: 1.00 F1: 1.00
2026-05-14 07:23:43 | DEBUG   | dpfl.core.base_simulator | Update norms — honest: ['0.02', '0.02', '0.02', '0.02', '0.02'], attacker: ['nan', 'nan', 'nan', 'nan', 'nan']
2026-05-14 07:23:44 | INFO    | dpfl.core.base_simulator | Round  92/150 | Acc: 0.8872 | Loss: 0.3769 | eps: 0.00 | P: 1.00 R: 1.00 F1: 1.00
2026-05-14 07:23:44 | DEBUG   | dpfl.core.base_simulator | Update norms — honest: ['0.02', '0.02', '0.02', '0.02', '0.02'], attacker: ['nan', 'nan', 'nan', 'nan', 'nan']
2026-05-14 07:23:48 | INFO    | dpfl.core.base_simulator | Round  93/150 | Acc: 0.8873 | Loss: 0.3768 | eps: 0.00 | P: 1.00 R: 1.00 F1: 1.00
2026-05-14 07:23:48 | DEBUG   | dpfl.core.base_simulator | Update norms — honest: ['0.02', '0.02', '0.02', '0.02', '0.02'], attacker: ['nan', 'nan', 'nan', 'nan', 'nan']
2026-05-14 07:23:52 | INFO    | dpfl.core.base_simulator | Round  94/150 | Acc: 0.8873 | Loss: 0.3769 | eps: 0.00 | P: 1.00 R: 1.00 F1: 1.00
2026-05-14 07:23:52 | DEBUG   | dpfl.core.base_simulator | Update norms — honest: ['0.02', '0.02', '0.02', '0.02', '0.02'], attacker: ['nan', 'nan', 'nan', 'nan', 'nan']
2026-05-14 07:23:55 | INFO    | dpfl.core.base_simulator | Round  95/150 | Acc: 0.8873 | Loss: 0.3769 | eps: 0.00 | P: 1.00 R: 1.00 F1: 1.00
2026-05-14 07:23:55 | DEBUG   | dpfl.core.base_simulator | Update norms — honest: ['0.02', '0.02', '0.02', '0.02', '0.02'], attacker: ['nan', 'nan', 'nan', 'nan', 'nan']
2026-05-14 07:23:55 | INFO    | dpfl.core.base_simulator | Round  96/150 | Acc: 0.8873 | Loss: 0.3770 | eps: 0.00 | P: 1.00 R: 1.00 F1: 1.00
2026-05-14 07:23:55 | DEBUG   | dpfl.core.base_simulator | Update norms — honest: ['0.02', '0.02', '0.02', '0.02', '0.02'], attacker: ['nan', 'nan', 'nan', 'nan', 'nan']
2026-05-14 07:23:56 | INFO    | dpfl.core.base_simulator | Round  97/150 | Acc: 0.8873 | Loss: 0.3771 | eps: 0.00 | P: 1.00 R: 1.00 F1: 1.00
2026-05-14 07:23:56 | DEBUG   | dpfl.core.base_simulator | Update norms — honest: ['0.02', '0.02', '0.02', '0.02', '0.02'], attacker: ['nan', 'nan', 'nan', 'nan', 'nan']
2026-05-14 07:23:56 | INFO    | dpfl.core.base_simulator | Round  98/150 | Acc: 0.8873 | Loss: 0.3771 | eps: 0.00 | P: 1.00 R: 1.00 F1: 1.00
2026-05-14 07:23:56 | DEBUG   | dpfl.core.base_simulator | Update norms — honest: ['0.02', '0.02', '0.02', '0.02', '0.02'], attacker: ['nan', 'nan', 'nan', 'nan', 'nan']
2026-05-14 07:23:57 | INFO    | dpfl.core.base_simulator | Round  99/150 | Acc: 0.8874 | Loss: 0.3772 | eps: 0.00 | P: 1.00 R: 1.00 F1: 1.00
2026-05-14 07:23:57 | DEBUG   | dpfl.core.base_simulator | Update norms — honest: ['0.02', '0.02', '0.02', '0.02', '0.02'], attacker: ['nan', 'nan', 'nan', 'nan', 'nan']
2026-05-14 07:23:58 | INFO    | dpfl.core.base_simulator | Round 100/150 | Acc: 0.8874 | Loss: 0.3774 | eps: 0.00 | P: 1.00 R: 1.00 F1: 1.00
2026-05-14 07:23:58 | DEBUG   | dpfl.core.base_simulator | Update norms — honest: ['0.02', '0.02', '0.02', '0.02', '0.02'], attacker: ['nan', 'nan', 'nan', 'nan', 'nan']
2026-05-14 07:23:58 | INFO    | dpfl.core.base_simulator | Round 101/150 | Acc: 0.8874 | Loss: 0.3774 | eps: 0.00 | P: 1.00 R: 1.00 F1: 1.00
2026-05-14 07:23:58 | DEBUG   | dpfl.core.base_simulator | Update norms — honest: ['0.02', '0.02', '0.02', '0.02', '0.01'], attacker: ['nan', 'nan', 'nan', 'nan', 'nan']
2026-05-14 07:23:59 | INFO    | dpfl.core.base_simulator | Round 102/150 | Acc: 0.8874 | Loss: 0.3775 | eps: 0.00 | P: 1.00 R: 1.00 F1: 1.00
2026-05-14 07:23:59 | DEBUG   | dpfl.core.base_simulator | Update norms — honest: ['0.02', '0.02', '0.02', '0.02', '0.02'], attacker: ['nan', 'nan', 'nan', 'nan', 'nan']
2026-05-14 07:23:59 | INFO    | dpfl.core.base_simulator | Round 103/150 | Acc: 0.8874 | Loss: 0.3777 | eps: 0.00 | P: 1.00 R: 1.00 F1: 1.00
2026-05-14 07:23:59 | DEBUG   | dpfl.core.base_simulator | Update norms — honest: ['0.02', '0.02', '0.02', '0.02', '0.01'], attacker: ['nan', 'nan', 'nan', 'nan', 'nan']
2026-05-14 07:24:00 | INFO    | dpfl.core.base_simulator | Round 104/150 | Acc: 0.8873 | Loss: 0.3778 | eps: 0.00 | P: 1.00 R: 1.00 F1: 1.00
2026-05-14 07:24:00 | DEBUG   | dpfl.core.base_simulator | Update norms — honest: ['0.01', '0.02', '0.02', '0.01', '0.02'], attacker: ['nan', 'nan', 'nan', 'nan', 'nan']
2026-05-14 07:24:01 | INFO    | dpfl.core.base_simulator | Round 105/150 | Acc: 0.8874 | Loss: 0.3779 | eps: 0.00 | P: 1.00 R: 1.00 F1: 1.00
2026-05-14 07:24:01 | DEBUG   | dpfl.core.base_simulator | Update norms — honest: ['0.02', '0.02', '0.02', '0.01', '0.02'], attacker: ['nan', 'nan', 'nan', 'nan', 'nan']
2026-05-14 07:24:01 | INFO    | dpfl.core.base_simulator | Round 106/150 | Acc: 0.8874 | Loss: 0.3781 | eps: 0.00 | P: 1.00 R: 1.00 F1: 1.00
2026-05-14 07:24:01 | DEBUG   | dpfl.core.base_simulator | Update norms — honest: ['0.02', '0.02', '0.01', '0.02', '0.01'], attacker: ['nan', 'nan', 'nan', 'nan', 'nan']
2026-05-14 07:24:04 | INFO    | dpfl.core.base_simulator | Round 107/150 | Acc: 0.8874 | Loss: 0.3782 | eps: 0.00 | P: 1.00 R: 1.00 F1: 1.00
2026-05-14 07:24:04 | DEBUG   | dpfl.core.base_simulator | Update norms — honest: ['0.02', '0.02', '0.02', '0.01', '0.01'], attacker: ['nan', 'nan', 'nan', 'nan', 'nan']
2026-05-14 07:24:08 | INFO    | dpfl.core.base_simulator | Round 108/150 | Acc: 0.8874 | Loss: 0.3783 | eps: 0.00 | P: 1.00 R: 1.00 F1: 1.00
2026-05-14 07:24:08 | DEBUG   | dpfl.core.base_simulator | Update norms — honest: ['0.01', '0.02', '0.01', '0.02', '0.02'], attacker: ['nan', 'nan', 'nan', 'nan', 'nan']
2026-05-14 07:24:11 | INFO    | dpfl.core.base_simulator | Round 109/150 | Acc: 0.8874 | Loss: 0.3786 | eps: 0.00 | P: 1.00 R: 1.00 F1: 1.00
2026-05-14 07:24:11 | DEBUG   | dpfl.core.base_simulator | Update norms — honest: ['0.02', '0.02', '0.02', '0.01', '0.01'], attacker: ['nan', 'nan', 'nan', 'nan', 'nan']
2026-05-14 07:24:12 | INFO    | dpfl.core.base_simulator | Round 110/150 | Acc: 0.8874 | Loss: 0.3787 | eps: 0.00 | P: 1.00 R: 1.00 F1: 1.00
2026-05-14 07:24:12 | DEBUG   | dpfl.core.base_simulator | Update norms — honest: ['0.01', '0.02', '0.01', '0.01', '0.01'], attacker: ['nan', 'nan', 'nan', 'nan', 'nan']
2026-05-14 07:24:13 | INFO    | dpfl.core.base_simulator | Round 111/150 | Acc: 0.8874 | Loss: 0.3788 | eps: 0.00 | P: 1.00 R: 1.00 F1: 1.00
2026-05-14 07:24:13 | DEBUG   | dpfl.core.base_simulator | Update norms — honest: ['0.01', '0.02', '0.01', '0.01', '0.01'], attacker: ['nan', 'nan', 'nan', 'nan', 'nan']
2026-05-14 07:24:14 | INFO    | dpfl.core.base_simulator | Round 112/150 | Acc: 0.8874 | Loss: 0.3790 | eps: 0.00 | P: 1.00 R: 1.00 F1: 1.00
2026-05-14 07:24:14 | DEBUG   | dpfl.core.base_simulator | Update norms — honest: ['0.02', '0.01', '0.02', '0.01', '0.01'], attacker: ['nan', 'nan', 'nan', 'nan', 'nan']
2026-05-14 07:24:14 | INFO    | dpfl.core.base_simulator | Round 113/150 | Acc: 0.8874 | Loss: 0.3792 | eps: 0.00 | P: 1.00 R: 1.00 F1: 1.00
2026-05-14 07:24:14 | DEBUG   | dpfl.core.base_simulator | Update norms — honest: ['0.01', '0.02', '0.01', '0.01', '0.01'], attacker: ['nan', 'nan', 'nan', 'nan', 'nan']
2026-05-14 07:24:15 | INFO    | dpfl.core.base_simulator | Round 114/150 | Acc: 0.8874 | Loss: 0.3794 | eps: 0.00 | P: 1.00 R: 1.00 F1: 1.00
2026-05-14 07:24:15 | DEBUG   | dpfl.core.base_simulator | Update norms — honest: ['0.01', '0.01', '0.01', '0.01', '0.01'], attacker: ['nan', 'nan', 'nan', 'nan', 'nan']
2026-05-14 07:24:15 | INFO    | dpfl.core.base_simulator | Round 115/150 | Acc: 0.8874 | Loss: 0.3796 | eps: 0.00 | P: 1.00 R: 1.00 F1: 1.00
2026-05-14 07:24:15 | DEBUG   | dpfl.core.base_simulator | Update norms — honest: ['0.01', '0.02', '0.01', '0.01', '0.01'], attacker: ['nan', 'nan', 'nan', 'nan', 'nan']
2026-05-14 07:24:16 | INFO    | dpfl.core.base_simulator | Round 116/150 | Acc: 0.8874 | Loss: 0.3798 | eps: 0.00 | P: 1.00 R: 1.00 F1: 1.00
2026-05-14 07:24:16 | DEBUG   | dpfl.core.base_simulator | Update norms — honest: ['0.01', '0.01', '0.01', '0.01', '0.01'], attacker: ['nan', 'nan', 'nan', 'nan', 'nan']
2026-05-14 07:24:17 | INFO    | dpfl.core.base_simulator | Round 117/150 | Acc: 0.8874 | Loss: 0.3800 | eps: 0.00 | P: 1.00 R: 1.00 F1: 1.00
2026-05-14 07:24:17 | DEBUG   | dpfl.core.base_simulator | Update norms — honest: ['0.01', '0.01', '0.01', '0.01', '0.01'], attacker: ['nan', 'nan', 'nan', 'nan', 'nan']
2026-05-14 07:24:17 | INFO    | dpfl.core.base_simulator | Round 118/150 | Acc: 0.8875 | Loss: 0.3801 | eps: 0.00 | P: 1.00 R: 1.00 F1: 1.00
2026-05-14 07:24:17 | DEBUG   | dpfl.core.base_simulator | Update norms — honest: ['0.01', '0.01', '0.01', '0.01', '0.01'], attacker: ['nan', 'nan', 'nan', 'nan', 'nan']
2026-05-14 07:24:18 | INFO    | dpfl.core.base_simulator | Round 119/150 | Acc: 0.8875 | Loss: 0.3803 | eps: 0.00 | P: 1.00 R: 1.00 F1: 1.00
2026-05-14 07:24:18 | DEBUG   | dpfl.core.base_simulator | Update norms — honest: ['0.01', '0.01', '0.01', '0.01', '0.01'], attacker: ['nan', 'nan', 'nan', 'nan', 'nan']
2026-05-14 07:24:18 | INFO    | dpfl.core.base_simulator | Round 120/150 | Acc: 0.8874 | Loss: 0.3805 | eps: 0.00 | P: 1.00 R: 1.00 F1: 1.00
2026-05-14 07:24:18 | DEBUG   | dpfl.core.base_simulator | Update norms — honest: ['0.01', '0.01', '0.01', '0.01', '0.01'], attacker: ['nan', 'nan', 'nan', 'nan', 'nan']
2026-05-14 07:24:21 | INFO    | dpfl.core.base_simulator | Round 121/150 | Acc: 0.8874 | Loss: 0.3806 | eps: 0.00 | P: 1.00 R: 1.00 F1: 1.00
2026-05-14 07:24:21 | DEBUG   | dpfl.core.base_simulator | Update norms — honest: ['0.02', '0.01', '0.01', '0.01', '0.01'], attacker: ['nan', 'nan', 'nan', 'nan', 'nan']
2026-05-14 07:24:25 | INFO    | dpfl.core.base_simulator | Round 122/150 | Acc: 0.8874 | Loss: 0.3809 | eps: 0.00 | P: 1.00 R: 1.00 F1: 1.00
2026-05-14 07:24:25 | DEBUG   | dpfl.core.base_simulator | Update norms — honest: ['0.01', '0.01', '0.01', '0.01', '0.01'], attacker: ['nan', 'nan', 'nan', 'nan', 'nan']
2026-05-14 07:24:29 | INFO    | dpfl.core.base_simulator | Round 123/150 | Acc: 0.8874 | Loss: 0.3812 | eps: 0.00 | P: 1.00 R: 1.00 F1: 1.00
2026-05-14 07:24:29 | DEBUG   | dpfl.core.base_simulator | Update norms — honest: ['0.01', '0.01', '0.01', '0.01', '0.01'], attacker: ['nan', 'nan', 'nan', 'nan', 'nan']
2026-05-14 07:24:30 | INFO    | dpfl.core.base_simulator | Round 124/150 | Acc: 0.8874 | Loss: 0.3814 | eps: 0.00 | P: 1.00 R: 1.00 F1: 1.00
2026-05-14 07:24:30 | DEBUG   | dpfl.core.base_simulator | Update norms — honest: ['0.01', '0.01', '0.01', '0.01', '0.01'], attacker: ['nan', 'nan', 'nan', 'nan', 'nan']
2026-05-14 07:24:30 | INFO    | dpfl.core.base_simulator | Round 125/150 | Acc: 0.8874 | Loss: 0.3815 | eps: 0.00 | P: 1.00 R: 1.00 F1: 1.00
2026-05-14 07:24:30 | DEBUG   | dpfl.core.base_simulator | Update norms — honest: ['0.01', '0.01', '0.01', '0.01', '0.01'], attacker: ['nan', 'nan', 'nan', 'nan', 'nan']
2026-05-14 07:24:31 | INFO    | dpfl.core.base_simulator | Round 126/150 | Acc: 0.8874 | Loss: 0.3818 | eps: 0.00 | P: 1.00 R: 1.00 F1: 1.00
2026-05-14 07:24:31 | DEBUG   | dpfl.core.base_simulator | Update norms — honest: ['0.01', '0.01', '0.01', '0.01', '0.01'], attacker: ['nan', 'nan', 'nan', 'nan', 'nan']
2026-05-14 07:24:32 | INFO    | dpfl.core.base_simulator | Round 127/150 | Acc: 0.8874 | Loss: 0.3820 | eps: 0.00 | P: 1.00 R: 1.00 F1: 1.00
2026-05-14 07:24:32 | DEBUG   | dpfl.core.base_simulator | Update norms — honest: ['0.01', '0.01', '0.01', '0.01', '0.01'], attacker: ['nan', 'nan', 'nan', 'nan', 'nan']
2026-05-14 07:24:32 | INFO    | dpfl.core.base_simulator | Round 128/150 | Acc: 0.8874 | Loss: 0.3823 | eps: 0.00 | P: 1.00 R: 1.00 F1: 1.00
2026-05-14 07:24:32 | DEBUG   | dpfl.core.base_simulator | Update norms — honest: ['0.01', '0.01', '0.01', '0.01', '0.01'], attacker: ['nan', 'nan', 'nan', 'nan', 'nan']
2026-05-14 07:24:33 | INFO    | dpfl.core.base_simulator | Round 129/150 | Acc: 0.8874 | Loss: 0.3825 | eps: 0.00 | P: 1.00 R: 1.00 F1: 1.00
2026-05-14 07:24:33 | DEBUG   | dpfl.core.base_simulator | Update norms — honest: ['0.01', '0.01', '0.01', '0.01', '0.01'], attacker: ['nan', 'nan', 'nan', 'nan', 'nan']
2026-05-14 07:24:33 | INFO    | dpfl.core.base_simulator | Round 130/150 | Acc: 0.8874 | Loss: 0.3827 | eps: 0.00 | P: 1.00 R: 1.00 F1: 1.00
2026-05-14 07:24:33 | DEBUG   | dpfl.core.base_simulator | Update norms — honest: ['0.01', '0.01', '0.01', '0.01', '0.01'], attacker: ['nan', 'nan', 'nan', 'nan', 'nan']
2026-05-14 07:24:34 | INFO    | dpfl.core.base_simulator | Round 131/150 | Acc: 0.8874 | Loss: 0.3829 | eps: 0.00 | P: 1.00 R: 1.00 F1: 1.00
2026-05-14 07:24:34 | DEBUG   | dpfl.core.base_simulator | Update norms — honest: ['0.01', '0.01', '0.01', '0.01', '0.01'], attacker: ['nan', 'nan', 'nan', 'nan', 'nan']
2026-05-14 07:24:35 | INFO    | dpfl.core.base_simulator | Round 132/150 | Acc: 0.8875 | Loss: 0.3831 | eps: 0.00 | P: 1.00 R: 1.00 F1: 1.00
2026-05-14 07:24:35 | DEBUG   | dpfl.core.base_simulator | Update norms — honest: ['0.01', '0.01', '0.01', '0.01', '0.01'], attacker: ['nan', 'nan', 'nan', 'nan', 'nan']
2026-05-14 07:24:35 | INFO    | dpfl.core.base_simulator | Round 133/150 | Acc: 0.8874 | Loss: 0.3834 | eps: 0.00 | P: 1.00 R: 1.00 F1: 1.00
2026-05-14 07:24:35 | DEBUG   | dpfl.core.base_simulator | Update norms — honest: ['0.01', '0.01', '0.01', '0.01', '0.01'], attacker: ['nan', 'nan', 'nan', 'nan', 'nan']
2026-05-14 07:24:36 | INFO    | dpfl.core.base_simulator | Round 134/150 | Acc: 0.8874 | Loss: 0.3836 | eps: 0.00 | P: 1.00 R: 1.00 F1: 1.00
2026-05-14 07:24:36 | DEBUG   | dpfl.core.base_simulator | Update norms — honest: ['0.01', '0.01', '0.01', '0.01', '0.01'], attacker: ['nan', 'nan', 'nan', 'nan', 'nan']
2026-05-14 07:24:36 | INFO    | dpfl.core.base_simulator | Round 135/150 | Acc: 0.8874 | Loss: 0.3838 | eps: 0.00 | P: 1.00 R: 1.00 F1: 1.00
2026-05-14 07:24:36 | DEBUG   | dpfl.core.base_simulator | Update norms — honest: ['0.01', '0.01', '0.01', '0.01', '0.01'], attacker: ['nan', 'nan', 'nan', 'nan', 'nan']
2026-05-14 07:24:37 | INFO    | dpfl.core.base_simulator | Round 136/150 | Acc: 0.8874 | Loss: 0.3841 | eps: 0.00 | P: 1.00 R: 1.00 F1: 1.00
2026-05-14 07:24:37 | DEBUG   | dpfl.core.base_simulator | Update norms — honest: ['0.01', '0.01', '0.01', '0.01', '0.01'], attacker: ['nan', 'nan', 'nan', 'nan', 'nan']
2026-05-14 07:24:39 | INFO    | dpfl.core.base_simulator | Round 137/150 | Acc: 0.8874 | Loss: 0.3843 | eps: 0.00 | P: 1.00 R: 1.00 F1: 1.00
2026-05-14 07:24:39 | DEBUG   | dpfl.core.base_simulator | Update norms — honest: ['0.01', '0.01', '0.01', '0.01', '0.01'], attacker: ['nan', 'nan', 'nan', 'nan', 'nan']
2026-05-14 07:24:43 | INFO    | dpfl.core.base_simulator | Round 138/150 | Acc: 0.8874 | Loss: 0.3846 | eps: 0.00 | P: 1.00 R: 1.00 F1: 1.00
2026-05-14 07:24:43 | DEBUG   | dpfl.core.base_simulator | Update norms — honest: ['0.01', '0.01', '0.01', '0.01', '0.01'], attacker: ['nan', 'nan', 'nan', 'nan', 'nan']
2026-05-14 07:24:46 | INFO    | dpfl.core.base_simulator | Round 139/150 | Acc: 0.8874 | Loss: 0.3848 | eps: 0.00 | P: 1.00 R: 1.00 F1: 1.00
2026-05-14 07:24:46 | DEBUG   | dpfl.core.base_simulator | Update norms — honest: ['0.01', '0.01', '0.01', '0.01', '0.01'], attacker: ['nan', 'nan', 'nan', 'nan', 'nan']
2026-05-14 07:24:48 | INFO    | dpfl.core.base_simulator | Round 140/150 | Acc: 0.8874 | Loss: 0.3850 | eps: 0.00 | P: 1.00 R: 1.00 F1: 1.00
2026-05-14 07:24:48 | DEBUG   | dpfl.core.base_simulator | Update norms — honest: ['0.01', '0.01', '0.01', '0.01', '0.01'], attacker: ['nan', 'nan', 'nan', 'nan', 'nan']
2026-05-14 07:24:49 | INFO    | dpfl.core.base_simulator | Round 141/150 | Acc: 0.8875 | Loss: 0.3853 | eps: 0.00 | P: 1.00 R: 1.00 F1: 1.00
2026-05-14 07:24:49 | DEBUG   | dpfl.core.base_simulator | Update norms — honest: ['0.01', '0.01', '0.01', '0.01', '0.01'], attacker: ['nan', 'nan', 'nan', 'nan', 'nan']
2026-05-14 07:24:49 | INFO    | dpfl.core.base_simulator | Round 142/150 | Acc: 0.8875 | Loss: 0.3856 | eps: 0.00 | P: 1.00 R: 1.00 F1: 1.00
2026-05-14 07:24:49 | DEBUG   | dpfl.core.base_simulator | Update norms — honest: ['0.01', '0.01', '0.01', '0.01', '0.01'], attacker: ['nan', 'nan', 'nan', 'nan', 'nan']
2026-05-14 07:24:50 | INFO    | dpfl.core.base_simulator | Round 143/150 | Acc: 0.8874 | Loss: 0.3858 | eps: 0.00 | P: 1.00 R: 1.00 F1: 1.00
2026-05-14 07:24:50 | DEBUG   | dpfl.core.base_simulator | Update norms — honest: ['0.01', '0.01', '0.01', '0.01', '0.01'], attacker: ['nan', 'nan', 'nan', 'nan', 'nan']
2026-05-14 07:24:51 | INFO    | dpfl.core.base_simulator | Round 144/150 | Acc: 0.8874 | Loss: 0.3861 | eps: 0.00 | P: 1.00 R: 1.00 F1: 1.00
2026-05-14 07:24:51 | DEBUG   | dpfl.core.base_simulator | Update norms — honest: ['0.01', '0.01', '0.01', '0.01', '0.01'], attacker: ['nan', 'nan', 'nan', 'nan', 'nan']
2026-05-14 07:24:51 | INFO    | dpfl.core.base_simulator | Round 145/150 | Acc: 0.8874 | Loss: 0.3863 | eps: 0.00 | P: 1.00 R: 1.00 F1: 1.00
2026-05-14 07:24:51 | DEBUG   | dpfl.core.base_simulator | Update norms — honest: ['0.01', '0.01', '0.01', '0.01', '0.01'], attacker: ['nan', 'nan', 'nan', 'nan', 'nan']
2026-05-14 07:24:52 | INFO    | dpfl.core.base_simulator | Round 146/150 | Acc: 0.8874 | Loss: 0.3866 | eps: 0.00 | P: 1.00 R: 1.00 F1: 1.00
2026-05-14 07:24:52 | DEBUG   | dpfl.core.base_simulator | Update norms — honest: ['0.01', '0.01', '0.01', '0.01', '0.01'], attacker: ['nan', 'nan', 'nan', 'nan', 'nan']
2026-05-14 07:24:52 | INFO    | dpfl.core.base_simulator | Round 147/150 | Acc: 0.8875 | Loss: 0.3868 | eps: 0.00 | P: 1.00 R: 1.00 F1: 1.00
2026-05-14 07:24:52 | DEBUG   | dpfl.core.base_simulator | Update norms — honest: ['0.01', '0.01', '0.01', '0.01', '0.01'], attacker: ['nan', 'nan', 'nan', 'nan', 'nan']
2026-05-14 07:24:53 | INFO    | dpfl.core.base_simulator | Round 148/150 | Acc: 0.8874 | Loss: 0.3871 | eps: 0.00 | P: 1.00 R: 1.00 F1: 1.00
2026-05-14 07:24:53 | DEBUG   | dpfl.core.base_simulator | Update norms — honest: ['0.01', '0.01', '0.01', '0.01', '0.01'], attacker: ['nan', 'nan', 'nan', 'nan', 'nan']
2026-05-14 07:24:53 | INFO    | dpfl.core.base_simulator | Round 149/150 | Acc: 0.8874 | Loss: 0.3873 | eps: 0.00 | P: 1.00 R: 1.00 F1: 1.00
2026-05-14 07:24:53 | DEBUG   | dpfl.core.base_simulator | Update norms — honest: ['0.01', '0.01', '0.01', '0.01', '0.01'], attacker: ['nan', 'nan', 'nan', 'nan', 'nan']
2026-05-14 07:24:54 | INFO    | dpfl.core.base_simulator | Round 150/150 | Acc: 0.8875 | Loss: 0.3876 | eps: 0.00 | P: 1.00 R: 1.00 F1: 1.00
2026-05-14 07:24:54 | DEBUG   | dpfl.core.base_simulator | Update norms — honest: ['0.01', '0.01', '0.01', '0.01', '0.01'], attacker: ['nan', 'nan', 'nan', 'nan', 'nan']
2026-05-14 07:24:56 | INFO    | dpfl | Experiment complete in 333.2s
============================================================
REPORT: DP-SGD Decentralized Federated Learning
============================================================
Timestamp:                  20260514_071921
Rounds completed:           150
Attack-active rounds:       100  (from round 50)
Final accuracy:             0.8875
Final test loss:            0.3876
Final epsilon:              0.00
Best alpha:                 None
Avg precision:              1.0000
Avg recall:                 0.9491
Avg F1 score:               0.9995
Avg update norm (honest):   0.0332
Avg update norm (attacker): nan
============================================================
