2026-05-14 12:42:08 | INFO    | dpfl | Experiment start: algorithm=noise_game, dataset=fashion_mnist, model=mlp, device=cuda
2026-05-14 12:42:08 | INFO    | dpfl | Config: nodes=500, attackers=100, rounds=150, noise_mode=none, attack=scale
2026-05-14 12:42:08 | INFO    | dpfl.data.fashion_mnist_dataset | Loading Fashion-MNIST dataset...
2026-05-14 12:42:08 | INFO    | dpfl.data.fashion_mnist_dataset | Fashion-MNIST loaded: 60000 train, 10000 test samples
2026-05-14 12:44:31 | INFO    | dpfl.core.base_simulator | Vectorized state ready: param_spec.D=50890, X_test=(10000, 1, 28, 28), train clients N=500, max_n_samples=1000
2026-05-14 12:44:31 | INFO    | dpfl.core.base_simulator | Setup complete: 500 nodes (100 attackers), param_dim=50890, split=iid
2026-05-14 12:44:31 | DEBUG   | dpfl.core.base_simulator | Attacker IDs: {0, 1, 2, 3, 4, 5, 6, 7, 8, 9, 10, 11, 12, 13, 14, 15, 16, 17, 18, 19, 20, 21, 22, 23, 24, 25, 26, 27, 28, 29, 30, 31, 32, 33, 34, 35, 36, 37, 38, 39, 40, 41, 42, 43, 44, 45, 46, 47, 48, 49, 50, 51, 52, 53, 54, 55, 56, 57, 58, 59, 60, 61, 62, 63, 64, 65, 66, 67, 68, 69, 70, 71, 72, 73, 74, 75, 76, 77, 78, 79, 80, 81, 82, 83, 84, 85, 86, 87, 88, 89, 90, 91, 92, 93, 94, 95, 96, 97, 98, 99}
2026-05-14 12:44:35 | INFO    | dpfl.core.base_simulator | Round   1/150 | Acc: 0.4579 | Loss: 1.9727 | eps_max: 1.91 eps_avg: 0.43 | P: nan R: nan F1: nan
2026-05-14 12:44:35 | DEBUG   | dpfl.core.base_simulator | Update norms — honest: ['0.56', '0.56', '0.56', '0.56', '0.56'], attacker: ['0.56', '0.57', '0.57', '0.56', '0.56']
2026-05-14 12:44:39 | INFO    | dpfl.core.base_simulator | Round   2/150 | Acc: 0.5717 | Loss: 1.7061 | eps_max: 1.95 eps_avg: 0.50 | P: nan R: nan F1: nan
2026-05-14 12:44:39 | DEBUG   | dpfl.core.base_simulator | Update norms — honest: ['0.56', '0.56', '0.56', '0.56', '0.56'], attacker: ['0.95', '0.97', '0.97', '0.96', '0.97']
2026-05-14 12:44:42 | INFO    | dpfl.core.base_simulator | Round   3/150 | Acc: 0.6217 | Loss: 1.4817 | eps_max: 2.06 eps_avg: 0.59 | P: nan R: nan F1: nan
2026-05-14 12:44:42 | DEBUG   | dpfl.core.base_simulator | Update norms — honest: ['0.55', '0.55', '0.55', '0.55', '0.55'], attacker: ['1.53', '1.51', '1.53', '1.55', '1.52']
2026-05-14 12:44:47 | INFO    | dpfl.core.base_simulator | Round   4/150 | Acc: 0.6509 | Loss: 1.3057 | eps_max: 2.22 eps_avg: 0.72 | P: nan R: nan F1: nan
2026-05-14 12:44:47 | DEBUG   | dpfl.core.base_simulator | Update norms — honest: ['0.55', '0.55', '0.55', '0.55', '0.55'], attacker: ['2.02', '2.04', '2.02', '2.04', '2.03']
2026-05-14 12:44:51 | INFO    | dpfl.core.base_simulator | Round   5/150 | Acc: 0.6732 | Loss: 1.1762 | eps_max: 2.41 eps_avg: 0.83 | P: nan R: nan F1: nan
2026-05-14 12:44:51 | DEBUG   | dpfl.core.base_simulator | Update norms — honest: ['0.54', '0.54', '0.54', '0.54', '0.54'], attacker: ['2.47', '2.49', '2.45', '2.43', '2.48']
2026-05-14 12:44:55 | INFO    | dpfl.core.base_simulator | Round   6/150 | Acc: 0.6904 | Loss: 1.0819 | eps_max: 2.46 eps_avg: 0.90 | P: nan R: nan F1: nan
2026-05-14 12:44:55 | DEBUG   | dpfl.core.base_simulator | Update norms — honest: ['0.54', '0.97', '1.03', '0.53', '1.02'], attacker: ['2.86', '2.92', '2.86', '2.87', '2.90']
2026-05-14 12:44:59 | INFO    | dpfl.core.base_simulator | Round   7/150 | Acc: 0.7022 | Loss: 1.0115 | eps_max: 2.51 eps_avg: 0.97 | P: nan R: nan F1: nan
2026-05-14 12:44:59 | DEBUG   | dpfl.core.base_simulator | Update norms — honest: ['1.00', '0.53', '0.95', '0.53', '0.53'], attacker: ['3.26', '3.30', '3.27', '3.22', '3.26']
2026-05-14 12:45:03 | INFO    | dpfl.core.base_simulator | Round   8/150 | Acc: 0.7103 | Loss: 0.9576 | eps_max: 2.57 eps_avg: 1.05 | P: nan R: nan F1: nan
2026-05-14 12:45:03 | DEBUG   | dpfl.core.base_simulator | Update norms — honest: ['0.53', '0.91', '0.82', '0.53', '0.53'], attacker: ['3.68', '3.54', '3.54', '3.64', '3.52']
2026-05-14 12:45:07 | INFO    | dpfl.core.base_simulator | Round   9/150 | Acc: 0.7169 | Loss: 0.9146 | eps_max: 2.62 eps_avg: 1.13 | P: nan R: nan F1: nan
2026-05-14 12:45:07 | DEBUG   | dpfl.core.base_simulator | Update norms — honest: ['0.52', '0.52', '0.93', '1.44', '0.52'], attacker: ['3.93', '3.86', '3.96', '3.99', '4.02']
2026-05-14 12:45:10 | INFO    | dpfl.core.base_simulator | Round  10/150 | Acc: 0.7227 | Loss: 0.8794 | eps_max: 2.68 eps_avg: 1.21 | P: nan R: nan F1: nan
2026-05-14 12:45:10 | DEBUG   | dpfl.core.base_simulator | Update norms — honest: ['0.90', '0.51', '0.72', '0.51', '0.77'], attacker: ['3.74', '4.23', '4.24', '4.33', '4.28']
2026-05-14 12:45:15 | INFO    | dpfl.core.base_simulator | Round  11/150 | Acc: 0.7276 | Loss: 0.8502 | eps_max: 2.74 eps_avg: 1.29 | P: nan R: nan F1: nan
2026-05-14 12:45:15 | DEBUG   | dpfl.core.base_simulator | Update norms — honest: ['0.51', '0.51', '0.93', '0.51', '0.51'], attacker: ['4.37', '4.44', '4.50', '4.65', '4.39']
2026-05-14 12:45:19 | INFO    | dpfl.core.base_simulator | Round  12/150 | Acc: 0.7322 | Loss: 0.8252 | eps_max: 2.79 eps_avg: 1.36 | P: nan R: nan F1: nan
2026-05-14 12:45:19 | DEBUG   | dpfl.core.base_simulator | Update norms — honest: ['0.50', '0.88', '0.93', '0.51', '1.42'], attacker: ['4.10', '4.59', '4.87', '4.97', '4.57']
2026-05-14 12:45:24 | INFO    | dpfl.core.base_simulator | Round  13/150 | Acc: 0.7360 | Loss: 0.8040 | eps_max: 2.86 eps_avg: 1.43 | P: nan R: nan F1: nan
2026-05-14 12:45:24 | DEBUG   | dpfl.core.base_simulator | Update norms — honest: ['1.25', '0.50', '1.88', '1.41', '0.92'], attacker: ['4.79', '4.83', '4.58', '4.91', '5.08']
2026-05-14 12:45:28 | INFO    | dpfl.core.base_simulator | Round  14/150 | Acc: 0.7400 | Loss: 0.7853 | eps_max: 2.96 eps_avg: 1.47 | P: nan R: nan F1: nan
2026-05-14 12:45:28 | DEBUG   | dpfl.core.base_simulator | Update norms — honest: ['0.81', '0.80', '0.49', '0.50', '0.90'], attacker: ['5.14', '5.04', '4.81', '5.40', '5.44']
2026-05-14 12:45:33 | INFO    | dpfl.core.base_simulator | Round  15/150 | Acc: 0.7434 | Loss: 0.7690 | eps_max: 3.06 eps_avg: 1.53 | P: nan R: nan F1: nan
2026-05-14 12:45:33 | DEBUG   | dpfl.core.base_simulator | Update norms — honest: ['0.69', '0.49', '1.62', '0.49', '0.49'], attacker: ['5.49', '5.53', '5.74', '5.71', '5.49']
2026-05-14 12:45:37 | INFO    | dpfl.core.base_simulator | Round  16/150 | Acc: 0.7462 | Loss: 0.7549 | eps_max: 3.15 eps_avg: 1.58 | P: nan R: nan F1: nan
2026-05-14 12:45:37 | DEBUG   | dpfl.core.base_simulator | Update norms — honest: ['0.67', '0.87', '1.84', '1.39', '0.48'], attacker: ['5.52', '5.99', '5.17', '5.75', '5.38']
2026-05-14 12:45:42 | INFO    | dpfl.core.base_simulator | Round  17/150 | Acc: 0.7489 | Loss: 0.7423 | eps_max: 3.28 eps_avg: 1.62 | P: nan R: nan F1: nan
2026-05-14 12:45:42 | DEBUG   | dpfl.core.base_simulator | Update norms — honest: ['0.85', '1.38', '1.68', '0.48', '1.34'], attacker: ['5.81', '6.08', '5.88', '6.10', '4.51']
2026-05-14 12:45:46 | INFO    | dpfl.core.base_simulator | Round  18/150 | Acc: 0.7518 | Loss: 0.7306 | eps_max: 3.43 eps_avg: 1.69 | P: nan R: nan F1: nan
2026-05-14 12:45:46 | DEBUG   | dpfl.core.base_simulator | Update norms — honest: ['1.08', '1.44', '0.48', '0.81', '0.80'], attacker: ['5.87', '6.25', '5.72', '5.87', '5.14']
2026-05-14 12:45:50 | INFO    | dpfl.core.base_simulator | Round  19/150 | Acc: 0.7542 | Loss: 0.7205 | eps_max: 3.52 eps_avg: 1.75 | P: nan R: nan F1: nan
2026-05-14 12:45:50 | DEBUG   | dpfl.core.base_simulator | Update norms — honest: ['0.47', '1.96', '0.47', '0.84', '0.47'], attacker: ['5.73', '5.99', '6.09', '6.55', '6.42']
2026-05-14 12:45:54 | INFO    | dpfl.core.base_simulator | Round  20/150 | Acc: 0.7565 | Loss: 0.7110 | eps_max: 3.57 eps_avg: 1.80 | P: nan R: nan F1: nan
2026-05-14 12:45:54 | DEBUG   | dpfl.core.base_simulator | Update norms — honest: ['1.21', '1.46', '1.61', '1.00', '0.47'], attacker: ['5.20', '6.08', '6.56', '6.40', '6.46']
2026-05-14 12:45:58 | INFO    | dpfl.core.base_simulator | Round  21/150 | Acc: 0.7584 | Loss: 0.7026 | eps_max: 3.61 eps_avg: 1.87 | P: nan R: nan F1: nan
2026-05-14 12:45:58 | DEBUG   | dpfl.core.base_simulator | Update norms — honest: ['0.46', '0.46', '1.94', '0.58', '0.75'], attacker: ['4.47', '6.72', '6.21', '6.32', '6.68']
2026-05-14 12:46:02 | INFO    | dpfl.core.base_simulator | Round  22/150 | Acc: 0.7604 | Loss: 0.6950 | eps_max: 3.66 eps_avg: 1.91 | P: nan R: nan F1: nan
2026-05-14 12:46:02 | DEBUG   | dpfl.core.base_simulator | Update norms — honest: ['1.15', '0.80', '0.58', '1.28', '0.46'], attacker: ['4.76', '6.73', '5.38', '6.21', '6.87']
2026-05-14 12:46:06 | INFO    | dpfl.core.base_simulator | Round  23/150 | Acc: 0.7621 | Loss: 0.6875 | eps_max: 3.70 eps_avg: 1.96 | P: nan R: nan F1: nan
2026-05-14 12:46:06 | DEBUG   | dpfl.core.base_simulator | Update norms — honest: ['0.80', '1.33', '1.86', '0.71', '0.85'], attacker: ['6.31', '6.54', '5.76', '6.50', '6.26']
2026-05-14 12:46:10 | INFO    | dpfl.core.base_simulator | Round  24/150 | Acc: 0.7640 | Loss: 0.6811 | eps_max: 3.74 eps_avg: 2.01 | P: nan R: nan F1: nan
2026-05-14 12:46:10 | DEBUG   | dpfl.core.base_simulator | Update norms — honest: ['1.72', '0.40', '1.34', '1.58', '0.45'], attacker: ['6.68', '7.15', '6.33', '7.24', '6.16']
2026-05-14 12:46:14 | INFO    | dpfl.core.base_simulator | Round  25/150 | Acc: 0.7657 | Loss: 0.6748 | eps_max: 3.76 eps_avg: 2.06 | P: nan R: nan F1: nan
2026-05-14 12:46:14 | DEBUG   | dpfl.core.base_simulator | Update norms — honest: ['2.03', '0.89', '0.44', '0.76', '0.80'], attacker: ['5.86', '7.20', '7.36', '7.01', '6.30']
2026-05-14 12:46:18 | INFO    | dpfl.core.base_simulator | Round  26/150 | Acc: 0.7670 | Loss: 0.6695 | eps_max: 3.82 eps_avg: 2.12 | P: nan R: nan F1: nan
2026-05-14 12:46:18 | DEBUG   | dpfl.core.base_simulator | Update norms — honest: ['0.44', '0.59', '0.70', '1.13', '0.44'], attacker: ['6.78', '6.76', '7.47', '7.36', '6.38']
2026-05-14 12:46:23 | INFO    | dpfl.core.base_simulator | Round  27/150 | Acc: 0.7684 | Loss: 0.6640 | eps_max: 3.87 eps_avg: 2.16 | P: nan R: nan F1: nan
2026-05-14 12:46:23 | DEBUG   | dpfl.core.base_simulator | Update norms — honest: ['1.18', '0.43', '1.52', '0.96', '0.43'], attacker: ['7.39', '6.69', '7.27', '7.27', '6.64']
2026-05-14 12:46:27 | INFO    | dpfl.core.base_simulator | Round  28/150 | Acc: 0.7699 | Loss: 0.6592 | eps_max: 3.91 eps_avg: 2.21 | P: nan R: nan F1: nan
2026-05-14 12:46:27 | DEBUG   | dpfl.core.base_simulator | Update norms — honest: ['0.57', '0.43', '0.43', '1.18', '1.60'], attacker: ['7.55', '6.81', '6.37', '7.52', '5.83']
2026-05-14 12:46:32 | INFO    | dpfl.core.base_simulator | Round  29/150 | Acc: 0.7712 | Loss: 0.6545 | eps_max: 3.98 eps_avg: 2.27 | P: nan R: nan F1: nan
2026-05-14 12:46:32 | DEBUG   | dpfl.core.base_simulator | Update norms — honest: ['1.75', '0.42', '0.94', '1.59', '1.07'], attacker: ['7.35', '7.21', '5.90', '7.28', '5.15']
2026-05-14 12:46:36 | INFO    | dpfl.core.base_simulator | Round  30/150 | Acc: 0.7724 | Loss: 0.6502 | eps_max: 4.03 eps_avg: 2.30 | P: nan R: nan F1: nan
2026-05-14 12:46:36 | DEBUG   | dpfl.core.base_simulator | Update norms — honest: ['0.45', '1.02', '0.68', '1.39', '0.42'], attacker: ['6.65', '7.34', '5.99', '6.75', '6.32']
2026-05-14 12:46:40 | INFO    | dpfl.core.base_simulator | Round  31/150 | Acc: 0.7735 | Loss: 0.6461 | eps_max: 4.08 eps_avg: 2.35 | P: nan R: nan F1: nan
2026-05-14 12:46:40 | DEBUG   | dpfl.core.base_simulator | Update norms — honest: ['0.73', '0.58', '1.97', '0.42', '0.38'], attacker: ['5.55', '7.39', '6.81', '6.75', '5.84']
2026-05-14 12:46:44 | INFO    | dpfl.core.base_simulator | Round  32/150 | Acc: 0.7747 | Loss: 0.6422 | eps_max: 4.13 eps_avg: 2.38 | P: nan R: nan F1: nan
2026-05-14 12:46:44 | DEBUG   | dpfl.core.base_simulator | Update norms — honest: ['0.57', '0.61', '1.24', '0.41', '1.06'], attacker: ['6.56', '7.00', '7.10', '7.14', '5.80']
2026-05-14 12:46:48 | INFO    | dpfl.core.base_simulator | Round  33/150 | Acc: 0.7757 | Loss: 0.6388 | eps_max: 4.19 eps_avg: 2.43 | P: nan R: nan F1: nan
2026-05-14 12:46:48 | DEBUG   | dpfl.core.base_simulator | Update norms — honest: ['0.99', '0.41', '1.80', '0.73', '1.69'], attacker: ['6.15', '7.16', '6.50', '6.63', '7.18']
2026-05-14 12:46:52 | INFO    | dpfl.core.base_simulator | Round  34/150 | Acc: 0.7767 | Loss: 0.6353 | eps_max: 4.21 eps_avg: 2.46 | P: nan R: nan F1: nan
2026-05-14 12:46:52 | DEBUG   | dpfl.core.base_simulator | Update norms — honest: ['1.04', '1.54', '0.40', '0.60', '0.40'], attacker: ['4.65', '6.36', '6.59', '7.11', '5.81']
2026-05-14 12:46:56 | INFO    | dpfl.core.base_simulator | Round  35/150 | Acc: 0.7776 | Loss: 0.6321 | eps_max: 4.27 eps_avg: 2.50 | P: nan R: nan F1: nan
2026-05-14 12:46:56 | DEBUG   | dpfl.core.base_simulator | Update norms — honest: ['0.79', '0.95', '0.40', '0.67', '1.52'], attacker: ['5.22', '7.20', '6.34', '7.36', '5.43']
2026-05-14 12:47:01 | INFO    | dpfl.core.base_simulator | Round  36/150 | Acc: 0.7785 | Loss: 0.6291 | eps_max: 4.36 eps_avg: 2.53 | P: nan R: nan F1: nan
2026-05-14 12:47:01 | DEBUG   | dpfl.core.base_simulator | Update norms — honest: ['0.41', '0.53', '1.15', '1.10', '0.40'], attacker: ['6.09', '6.21', '6.38', '5.67', '5.37']
2026-05-14 12:47:05 | INFO    | dpfl.core.base_simulator | Round  37/150 | Acc: 0.7792 | Loss: 0.6265 | eps_max: 4.43 eps_avg: 2.59 | P: nan R: nan F1: nan
2026-05-14 12:47:05 | DEBUG   | dpfl.core.base_simulator | Update norms — honest: ['0.39', '0.32', '1.15', '0.59', '0.88'], attacker: ['5.69', '6.38', '6.31', '5.72', '6.28']
2026-05-14 12:47:09 | INFO    | dpfl.core.base_simulator | Round  38/150 | Acc: 0.7801 | Loss: 0.6240 | eps_max: 4.52 eps_avg: 2.63 | P: nan R: nan F1: nan
2026-05-14 12:47:09 | DEBUG   | dpfl.core.base_simulator | Update norms — honest: ['1.35', '0.42', '1.36', '1.33', '0.63'], attacker: ['5.37', '6.81', '6.56', '6.01', '7.25']
2026-05-14 12:47:13 | INFO    | dpfl.core.base_simulator | Round  39/150 | Acc: 0.7808 | Loss: 0.6214 | eps_max: 4.60 eps_avg: 2.65 | P: nan R: nan F1: nan
2026-05-14 12:47:13 | DEBUG   | dpfl.core.base_simulator | Update norms — honest: ['0.20', '1.22', '2.27', '0.66', '0.56'], attacker: ['6.15', '6.04', '6.09', '7.49', '6.27']
2026-05-14 12:47:17 | INFO    | dpfl.core.base_simulator | Round  40/150 | Acc: 0.7815 | Loss: 0.6189 | eps_max: 4.68 eps_avg: 2.69 | P: nan R: nan F1: nan
2026-05-14 12:47:17 | DEBUG   | dpfl.core.base_simulator | Update norms — honest: ['0.94', '1.03', '0.38', '1.37', '0.92'], attacker: ['6.70', '6.61', '6.68', '6.76', '6.71']
2026-05-14 12:47:22 | INFO    | dpfl.core.base_simulator | Round  41/150 | Acc: 0.7821 | Loss: 0.6169 | eps_max: 4.80 eps_avg: 2.73 | P: nan R: nan F1: nan
2026-05-14 12:47:22 | DEBUG   | dpfl.core.base_simulator | Update norms — honest: ['2.08', '1.07', '0.77', '0.82', '2.31'], attacker: ['5.08', '5.74', '7.13', '6.28', '5.90']
2026-05-14 12:47:27 | INFO    | dpfl.core.base_simulator | Round  42/150 | Acc: 0.7831 | Loss: 0.6144 | eps_max: 4.84 eps_avg: 2.77 | P: nan R: nan F1: nan
2026-05-14 12:47:27 | DEBUG   | dpfl.core.base_simulator | Update norms — honest: ['0.98', '1.77', '0.67', '0.71', '0.34'], attacker: ['4.34', '6.07', '6.99', '6.91', '5.25']
2026-05-14 12:47:31 | INFO    | dpfl.core.base_simulator | Round  43/150 | Acc: 0.7833 | Loss: 0.6128 | eps_max: 4.89 eps_avg: 2.80 | P: nan R: nan F1: nan
2026-05-14 12:47:31 | DEBUG   | dpfl.core.base_simulator | Update norms — honest: ['1.06', '0.89', '0.46', '1.55', '1.11'], attacker: ['3.05', '7.21', '5.37', '7.03', '4.47']
2026-05-14 12:47:35 | INFO    | dpfl.core.base_simulator | Round  44/150 | Acc: 0.7842 | Loss: 0.6106 | eps_max: 4.93 eps_avg: 2.85 | P: nan R: nan F1: nan
2026-05-14 12:47:35 | DEBUG   | dpfl.core.base_simulator | Update norms — honest: ['0.92', '2.78', '1.42', '0.66', '1.22'], attacker: ['1.68', '6.52', '5.25', '7.72', '4.60']
2026-05-14 12:47:39 | INFO    | dpfl.core.base_simulator | Round  45/150 | Acc: 0.7848 | Loss: 0.6087 | eps_max: 4.97 eps_avg: 2.90 | P: nan R: nan F1: nan
2026-05-14 12:47:39 | DEBUG   | dpfl.core.base_simulator | Update norms — honest: ['1.66', '0.36', '1.11', '1.87', '0.35'], attacker: ['4.56', '6.92', '5.62', '6.91', '5.66']
2026-05-14 12:47:43 | INFO    | dpfl.core.base_simulator | Round  46/150 | Acc: 0.7852 | Loss: 0.6071 | eps_max: 5.03 eps_avg: 2.92 | P: nan R: nan F1: nan
2026-05-14 12:47:43 | DEBUG   | dpfl.core.base_simulator | Update norms — honest: ['0.97', '1.33', '1.19', '1.82', '1.69'], attacker: ['3.77', '6.11', '5.84', '6.79', '5.65']
2026-05-14 12:47:48 | INFO    | dpfl.core.base_simulator | Round  47/150 | Acc: 0.7859 | Loss: 0.6053 | eps_max: 5.11 eps_avg: 2.95 | P: nan R: nan F1: nan
2026-05-14 12:47:48 | DEBUG   | dpfl.core.base_simulator | Update norms — honest: ['1.28', '0.92', '1.33', '1.11', '0.98'], attacker: ['5.47', '7.01', '6.41', '6.54', '6.37']
2026-05-14 12:47:53 | INFO    | dpfl.core.base_simulator | Round  48/150 | Acc: 0.7863 | Loss: 0.6038 | eps_max: 5.26 eps_avg: 3.00 | P: nan R: nan F1: nan
2026-05-14 12:47:53 | DEBUG   | dpfl.core.base_simulator | Update norms — honest: ['0.29', '2.67', '2.63', '0.35', '0.93'], attacker: ['4.48', '7.00', '6.61', '5.81', '5.76']
2026-05-14 12:47:57 | INFO    | dpfl.core.base_simulator | Round  49/150 | Acc: 0.7869 | Loss: 0.6023 | eps_max: 5.39 eps_avg: 3.02 | P: nan R: nan F1: nan
2026-05-14 12:47:57 | DEBUG   | dpfl.core.base_simulator | Update norms — honest: ['1.71', '1.86', '0.41', '1.49', '0.51'], attacker: ['4.01', '5.22', '6.28', '6.20', '5.03']
2026-05-14 12:48:01 | INFO    | dpfl.core.base_simulator | Round  50/150 | Acc: 0.7874 | Loss: 0.6009 | eps_max: 5.46 eps_avg: 3.03 | P: nan R: nan F1: nan
2026-05-14 12:48:01 | DEBUG   | dpfl.core.base_simulator | Update norms — honest: ['0.87', '0.51', '0.89', '1.10', '1.30'], attacker: ['4.54', '5.36', '5.33', '5.50', '6.06']
2026-05-14 12:48:02 | INFO    | dpfl.core.base_simulator | Round  51/150 | Acc: 0.7871 | Loss: 0.6019 | eps_max: 5.10 eps_avg: 2.71 | P: nan R: 0.00 F1: nan
2026-05-14 12:48:02 | DEBUG   | dpfl.core.base_simulator | Update norms — honest: ['0.19', '0.50', '0.90', '1.18', '0.34'], attacker: ['4.01', '5.32', '5.03', '5.10', '4.69']
2026-05-14 12:48:03 | INFO    | dpfl.core.base_simulator | Round  52/150 | Acc: 0.7881 | Loss: 0.5988 | eps_max: 5.19 eps_avg: 2.74 | P: 1.00 R: 1.00 F1: 1.00
2026-05-14 12:48:03 | DEBUG   | dpfl.core.base_simulator | Update norms — honest: ['0.66', '3.18', '0.87', '0.54', '0.87'], attacker: ['21.32', '26.04', '28.65', '26.44', '31.83']
2026-05-14 12:48:04 | INFO    | dpfl.core.base_simulator | Round  53/150 | Acc: 0.7884 | Loss: 0.5976 | eps_max: 5.19 eps_avg: 2.78 | P: 1.00 R: 1.00 F1: 1.00
2026-05-14 12:48:04 | DEBUG   | dpfl.core.base_simulator | Update norms — honest: ['0.34', '1.28', '1.80', '0.34', '1.03'], attacker: ['154.16', '122.51', '163.96', '152.01', '213.06']
2026-05-14 12:48:05 | INFO    | dpfl.core.base_simulator | Round  54/150 | Acc: 0.7889 | Loss: 0.5963 | eps_max: 5.19 eps_avg: 2.81 | P: 1.00 R: 1.00 F1: 1.00
2026-05-14 12:48:05 | DEBUG   | dpfl.core.base_simulator | Update norms — honest: ['1.46', '1.54', '0.45', '0.34', '0.21'], attacker: ['1203.21', '908.23', '1201.73', '1049.66', '1393.41']
2026-05-14 12:48:07 | INFO    | dpfl.core.base_simulator | Round  55/150 | Acc: 0.7894 | Loss: 0.5951 | eps_max: 5.19 eps_avg: 2.83 | P: 1.00 R: 1.00 F1: 1.00
2026-05-14 12:48:07 | DEBUG   | dpfl.core.base_simulator | Update norms — honest: ['0.73', '3.09', '0.28', '0.62', '1.08'], attacker: ['10452.79', '7893.41', '10695.18', '8488.01', '12113.55']
2026-05-14 12:48:08 | INFO    | dpfl.core.base_simulator | Round  56/150 | Acc: 0.7893 | Loss: 0.5946 | eps_max: 5.19 eps_avg: 2.84 | P: 1.00 R: 1.00 F1: 1.00
2026-05-14 12:48:08 | DEBUG   | dpfl.core.base_simulator | Update norms — honest: ['1.99', '0.91', '0.36', '1.50', '0.60'], attacker: ['76076.53', '63703.36', '78495.20', '67217.30', '95210.35']
2026-05-14 12:48:09 | INFO    | dpfl.core.base_simulator | Round  57/150 | Acc: 0.7903 | Loss: 0.5927 | eps_max: 5.23 eps_avg: 2.87 | P: 1.00 R: 1.00 F1: 1.00
2026-05-14 12:48:09 | DEBUG   | dpfl.core.base_simulator | Update norms — honest: ['0.24', '0.53', '1.12', '1.30', '0.31'], attacker: ['763718.69', '739717.00', '795571.12', '815187.94', '930855.56']
2026-05-14 12:48:10 | INFO    | dpfl.core.base_simulator | Round  58/150 | Acc: 0.7902 | Loss: 0.5923 | eps_max: 5.26 eps_avg: 2.96 | P: 1.00 R: 1.00 F1: 1.00
2026-05-14 12:48:10 | DEBUG   | dpfl.core.base_simulator | Update norms — honest: ['1.20', '0.42', '0.55', '1.44', '0.75'], attacker: ['6633022.50', '7603779.50', '7270089.00', '7953709.00', '8217631.00']
2026-05-14 12:48:12 | INFO    | dpfl.core.base_simulator | Round  59/150 | Acc: 0.7907 | Loss: 0.5912 | eps_max: 5.26 eps_avg: 3.02 | P: 1.00 R: 1.00 F1: 1.00
2026-05-14 12:48:12 | DEBUG   | dpfl.core.base_simulator | Update norms — honest: ['1.49', '0.78', '0.34', '0.68', '1.82'], attacker: ['72918768.00', '85868744.00', '82862520.00', '90904416.00', '90870544.00']
2026-05-14 12:48:14 | INFO    | dpfl.core.base_simulator | Round  60/150 | Acc: 0.7909 | Loss: 0.5904 | eps_max: 5.26 eps_avg: 3.06 | P: 1.00 R: 1.00 F1: 1.00
2026-05-14 12:48:14 | DEBUG   | dpfl.core.base_simulator | Update norms — honest: ['1.34', '0.99', '0.92', '0.53', '0.32'], attacker: ['722890880.00', '822790400.00', '863917760.00', '838960320.00', '900817600.00']
2026-05-14 12:48:15 | INFO    | dpfl.core.base_simulator | Round  61/150 | Acc: 0.7912 | Loss: 0.5899 | eps_max: 5.26 eps_avg: 3.08 | P: 1.00 R: 1.00 F1: 1.00
2026-05-14 12:48:15 | DEBUG   | dpfl.core.base_simulator | Update norms — honest: ['0.71', '0.38', '0.49', '1.47', '1.61'], attacker: ['8889029632.00', '9657817088.00', '9986596864.00', '10016839680.00', '9975152640.00']
2026-05-14 12:48:16 | INFO    | dpfl.core.base_simulator | Round  62/150 | Acc: 0.7913 | Loss: 0.5894 | eps_max: 5.32 eps_avg: 3.13 | P: 1.00 R: 1.00 F1: 1.00
2026-05-14 12:48:16 | DEBUG   | dpfl.core.base_simulator | Update norms — honest: ['0.79', '0.34', '2.06', '1.93', '1.01'], attacker: ['99481632768.00', '100500889600.00', '102212804608.00', '107516157952.00', '101864456192.00']
2026-05-14 12:48:18 | INFO    | dpfl.core.base_simulator | Round  63/150 | Acc: 0.7918 | Loss: 0.5883 | eps_max: 5.32 eps_avg: 3.18 | P: 1.00 R: 1.00 F1: 1.00
2026-05-14 12:48:18 | DEBUG   | dpfl.core.base_simulator | Update norms — honest: ['1.81', '0.34', '1.43', '0.94', '0.29'], attacker: ['1134602354688.00', '1185057996800.00', '1187155804160.00', '1172885471232.00', '1199903866880.00']
2026-05-14 12:48:19 | INFO    | dpfl.core.base_simulator | Round  64/150 | Acc: 0.7921 | Loss: 0.5876 | eps_max: 5.32 eps_avg: 3.22 | P: 1.00 R: 1.00 F1: 1.00
2026-05-14 12:48:19 | DEBUG   | dpfl.core.base_simulator | Update norms — honest: ['0.57', '0.65', '1.73', '0.29', '0.84'], attacker: ['11275562123264.00', '11658104668160.00', '11998673764352.00', '11783077101568.00', '11651086548992.00']
2026-05-14 12:48:21 | INFO    | dpfl.core.base_simulator | Round  65/150 | Acc: 0.7923 | Loss: 0.5871 | eps_max: 5.32 eps_avg: 3.28 | P: 1.00 R: 1.00 F1: 1.00
2026-05-14 12:48:21 | DEBUG   | dpfl.core.base_simulator | Update norms — honest: ['1.55', '1.24', '2.96', '1.62', '0.88'], attacker: ['130227820822528.00', '128733088317440.00', '131299096395776.00', '129828489527296.00', '129963562893312.00']
2026-05-14 12:48:23 | INFO    | dpfl.core.base_simulator | Round  66/150 | Acc: 0.7928 | Loss: 0.5863 | eps_max: 5.33 eps_avg: 3.32 | P: 1.00 R: 1.00 F1: 1.00
2026-05-14 12:48:23 | DEBUG   | dpfl.core.base_simulator | Update norms — honest: ['0.44', '0.90', '1.92', '0.49', '0.46'], attacker: ['1239767542923264.00', '1374396111388672.00', '1428851733299200.00', '1365550894678016.00', '1364849070178304.00']
2026-05-14 12:48:24 | INFO    | dpfl.core.base_simulator | Round  67/150 | Acc: 0.7930 | Loss: 0.5857 | eps_max: 5.33 eps_avg: 3.34 | P: 1.00 R: 1.00 F1: 1.00
2026-05-14 12:48:24 | DEBUG   | dpfl.core.base_simulator | Update norms — honest: ['1.07', '1.67', '1.10', '1.41', '0.43'], attacker: ['15404604581740544.00', '14530677521252352.00', '15018758678511616.00', '14420177676402688.00', '15000451380412416.00']
2026-05-14 12:48:25 | INFO    | dpfl.core.base_simulator | Round  68/150 | Acc: 0.7929 | Loss: 0.5856 | eps_max: 5.47 eps_avg: 3.41 | P: 1.00 R: 1.00 F1: 1.00
2026-05-14 12:48:25 | DEBUG   | dpfl.core.base_simulator | Update norms — honest: ['0.34', '0.68', '0.69', '0.19', '0.52'], attacker: ['152734929740890112.00', '153426625633976320.00', '160208378994360320.00', '149526056594833408.00', '153041624765562880.00']
2026-05-14 12:48:27 | INFO    | dpfl.core.base_simulator | Round  69/150 | Acc: 0.7933 | Loss: 0.5849 | eps_max: 5.47 eps_avg: 3.48 | P: 1.00 R: 1.00 F1: 1.00
2026-05-14 12:48:27 | DEBUG   | dpfl.core.base_simulator | Update norms — honest: ['0.34', '0.81', '0.52', '1.18', '1.37'], attacker: ['1699572847413821440.00', '1751626751529713664.00', '1714886982804439040.00', '1796908076335366144.00', '1765477574382714880.00']
2026-05-14 12:48:28 | INFO    | dpfl.core.base_simulator | Round  70/150 | Acc: 0.7936 | Loss: 0.5844 | eps_max: 5.47 eps_avg: 3.51 | P: 1.00 R: 1.00 F1: 1.00
2026-05-14 12:48:28 | DEBUG   | dpfl.core.base_simulator | Update norms — honest: ['0.36', '0.79', '0.55', '1.55', '1.00'], attacker: ['17539368804352524288.00', '16903758724521263104.00', 'inf', '18358033276557328384.00', '15231982080813432832.00']
2026-05-14 12:48:29 | INFO    | dpfl.core.base_simulator | Round  71/150 | Acc: 0.7937 | Loss: 0.5838 | eps_max: 5.47 eps_avg: 3.55 | P: 1.00 R: 1.00 F1: 1.00
2026-05-14 12:48:29 | DEBUG   | dpfl.core.base_simulator | Update norms — honest: ['1.34', '1.03', '1.89', '0.46', '1.24'], attacker: ['nan', 'nan', 'nan', 'nan', 'nan']
2026-05-14 12:48:31 | INFO    | dpfl.core.base_simulator | Round  72/150 | Acc: 0.7939 | Loss: 0.5837 | eps_max: 5.47 eps_avg: 3.57 | P: 1.00 R: 1.00 F1: 1.00
2026-05-14 12:48:31 | DEBUG   | dpfl.core.base_simulator | Update norms — honest: ['1.07', '1.07', '0.69', '0.93', '0.41'], attacker: ['nan', 'nan', 'nan', 'nan', 'nan']
2026-05-14 12:48:32 | INFO    | dpfl.core.base_simulator | Round  73/150 | Acc: 0.7941 | Loss: 0.5833 | eps_max: 5.47 eps_avg: 3.61 | P: 1.00 R: 1.00 F1: 1.00
2026-05-14 12:48:32 | DEBUG   | dpfl.core.base_simulator | Update norms — honest: ['0.83', '1.10', '0.49', '0.73', '1.21'], attacker: ['nan', 'nan', 'nan', 'nan', 'nan']
2026-05-14 12:48:34 | INFO    | dpfl.core.base_simulator | Round  74/150 | Acc: 0.7943 | Loss: 0.5831 | eps_max: 5.47 eps_avg: 3.66 | P: 1.00 R: 1.00 F1: 1.00
2026-05-14 12:48:34 | DEBUG   | dpfl.core.base_simulator | Update norms — honest: ['1.71', '1.31', '0.49', '1.53', '0.71'], attacker: ['nan', 'nan', 'nan', 'nan', 'nan']
2026-05-14 12:48:35 | INFO    | dpfl.core.base_simulator | Round  75/150 | Acc: 0.7943 | Loss: 0.5828 | eps_max: 5.47 eps_avg: 3.71 | P: 1.00 R: 1.00 F1: 1.00
2026-05-14 12:48:35 | DEBUG   | dpfl.core.base_simulator | Update norms — honest: ['0.14', '0.75', '1.43', '0.77', '0.72'], attacker: ['nan', 'nan', 'nan', 'nan', 'nan']
2026-05-14 12:48:36 | INFO    | dpfl.core.base_simulator | Round  76/150 | Acc: 0.7944 | Loss: 0.5829 | eps_max: 5.47 eps_avg: 3.75 | P: 1.00 R: 1.00 F1: 1.00
2026-05-14 12:48:36 | DEBUG   | dpfl.core.base_simulator | Update norms — honest: ['1.43', '2.12', '1.72', '0.28', '1.73'], attacker: ['nan', 'nan', 'nan', 'nan', 'nan']
2026-05-14 12:48:38 | INFO    | dpfl.core.base_simulator | Round  77/150 | Acc: 0.7948 | Loss: 0.5821 | eps_max: 5.47 eps_avg: 3.80 | P: 1.00 R: 1.00 F1: 1.00
2026-05-14 12:48:38 | DEBUG   | dpfl.core.base_simulator | Update norms — honest: ['0.34', '1.37', '0.61', '1.97', '0.18'], attacker: ['nan', 'nan', 'nan', 'nan', 'nan']
2026-05-14 12:48:39 | INFO    | dpfl.core.base_simulator | Round  78/150 | Acc: 0.7949 | Loss: 0.5822 | eps_max: 5.51 eps_avg: 3.85 | P: 1.00 R: 1.00 F1: 1.00
2026-05-14 12:48:39 | DEBUG   | dpfl.core.base_simulator | Update norms — honest: ['1.50', '1.09', '1.29', '1.00', '1.96'], attacker: ['nan', 'nan', 'nan', 'nan', 'nan']
2026-05-14 12:48:40 | INFO    | dpfl.core.base_simulator | Round  79/150 | Acc: 0.7952 | Loss: 0.5817 | eps_max: 5.51 eps_avg: 3.87 | P: 1.00 R: 1.00 F1: 1.00
2026-05-14 12:48:40 | DEBUG   | dpfl.core.base_simulator | Update norms — honest: ['1.10', '2.63', '1.67', '0.70', '0.59'], attacker: ['nan', 'nan', 'nan', 'nan', 'nan']
2026-05-14 12:48:42 | INFO    | dpfl.core.base_simulator | Round  80/150 | Acc: 0.7953 | Loss: 0.5818 | eps_max: 5.80 eps_avg: 3.92 | P: 1.00 R: 1.00 F1: 1.00
2026-05-14 12:48:42 | DEBUG   | dpfl.core.base_simulator | Update norms — honest: ['0.34', '0.59', '0.56', '1.40', '0.76'], attacker: ['nan', 'nan', 'nan', 'nan', 'nan']
2026-05-14 12:48:44 | INFO    | dpfl.core.base_simulator | Round  81/150 | Acc: 0.7952 | Loss: 0.5820 | eps_max: 5.80 eps_avg: 3.98 | P: 1.00 R: 1.00 F1: 1.00
2026-05-14 12:48:44 | DEBUG   | dpfl.core.base_simulator | Update norms — honest: ['1.23', '1.40', '1.19', '2.51', '0.09'], attacker: ['nan', 'nan', 'nan', 'nan', 'nan']
2026-05-14 12:48:45 | INFO    | dpfl.core.base_simulator | Round  82/150 | Acc: 0.7955 | Loss: 0.5816 | eps_max: 5.80 eps_avg: 4.02 | P: 1.00 R: 1.00 F1: 1.00
2026-05-14 12:48:45 | DEBUG   | dpfl.core.base_simulator | Update norms — honest: ['2.87', '0.21', '0.83', '1.98', '1.21'], attacker: ['nan', 'nan', 'nan', 'nan', 'nan']
2026-05-14 12:48:46 | INFO    | dpfl.core.base_simulator | Round  83/150 | Acc: 0.7956 | Loss: 0.5813 | eps_max: 5.80 eps_avg: 4.04 | P: 1.00 R: 1.00 F1: 1.00
2026-05-14 12:48:46 | DEBUG   | dpfl.core.base_simulator | Update norms — honest: ['0.62', '1.29', '0.37', '2.30', '0.21'], attacker: ['nan', 'nan', 'nan', 'nan', 'nan']
2026-05-14 12:48:48 | INFO    | dpfl.core.base_simulator | Round  84/150 | Acc: 0.7956 | Loss: 0.5818 | eps_max: 5.89 eps_avg: 4.08 | P: 1.00 R: 1.00 F1: 1.00
2026-05-14 12:48:48 | DEBUG   | dpfl.core.base_simulator | Update norms — honest: ['0.93', '1.42', '0.00', '1.58', '2.10'], attacker: ['nan', 'nan', 'nan', 'nan', 'nan']
2026-05-14 12:48:49 | INFO    | dpfl.core.base_simulator | Round  85/150 | Acc: 0.7957 | Loss: 0.5814 | eps_max: 5.89 eps_avg: 4.14 | P: 1.00 R: 1.00 F1: 1.00
2026-05-14 12:48:49 | DEBUG   | dpfl.core.base_simulator | Update norms — honest: ['0.54', '1.06', '2.85', '0.64', '2.57'], attacker: ['nan', 'nan', 'nan', 'nan', 'nan']
2026-05-14 12:48:50 | INFO    | dpfl.core.base_simulator | Round  86/150 | Acc: 0.7960 | Loss: 0.5813 | eps_max: 5.89 eps_avg: 4.18 | P: 1.00 R: 1.00 F1: 1.00
2026-05-14 12:48:50 | DEBUG   | dpfl.core.base_simulator | Update norms — honest: ['2.09', '1.02', '1.11', '1.17', '1.69'], attacker: ['nan', 'nan', 'nan', 'nan', 'nan']
2026-05-14 12:48:52 | INFO    | dpfl.core.base_simulator | Round  87/150 | Acc: 0.7959 | Loss: 0.5812 | eps_max: 5.89 eps_avg: 4.22 | P: 1.00 R: 1.00 F1: 1.00
2026-05-14 12:48:52 | DEBUG   | dpfl.core.base_simulator | Update norms — honest: ['0.25', '1.14', '0.06', '2.48', '1.54'], attacker: ['nan', 'nan', 'nan', 'nan', 'nan']
2026-05-14 12:48:53 | INFO    | dpfl.core.base_simulator | Round  88/150 | Acc: 0.7963 | Loss: 0.5814 | eps_max: 5.96 eps_avg: 4.25 | P: 1.00 R: 1.00 F1: 1.00
2026-05-14 12:48:53 | DEBUG   | dpfl.core.base_simulator | Update norms — honest: ['0.13', '1.14', '1.32', '0.11', '0.21'], attacker: ['nan', 'nan', 'nan', 'nan', 'nan']
2026-05-14 12:48:54 | INFO    | dpfl.core.base_simulator | Round  89/150 | Acc: 0.7962 | Loss: 0.5813 | eps_max: 6.13 eps_avg: 4.28 | P: 1.00 R: 1.00 F1: 1.00
2026-05-14 12:48:54 | DEBUG   | dpfl.core.base_simulator | Update norms — honest: ['2.96', '0.62', '0.77', '1.04', '0.66'], attacker: ['nan', 'nan', 'nan', 'nan', 'nan']
2026-05-14 12:48:55 | INFO    | dpfl.core.base_simulator | Round  90/150 | Acc: 0.7963 | Loss: 0.5814 | eps_max: 6.13 eps_avg: 4.32 | P: 1.00 R: 1.00 F1: 1.00
2026-05-14 12:48:55 | DEBUG   | dpfl.core.base_simulator | Update norms — honest: ['0.60', '2.16', '0.76', '1.00', '1.57'], attacker: ['nan', 'nan', 'nan', 'nan', 'nan']
2026-05-14 12:48:57 | INFO    | dpfl.core.base_simulator | Round  91/150 | Acc: 0.7962 | Loss: 0.5816 | eps_max: 6.30 eps_avg: 4.41 | P: 1.00 R: 1.00 F1: 1.00
2026-05-14 12:48:57 | DEBUG   | dpfl.core.base_simulator | Update norms — honest: ['0.92', '2.10', '0.94', '1.79', '1.67'], attacker: ['nan', 'nan', 'nan', 'nan', 'nan']
2026-05-14 12:48:58 | INFO    | dpfl.core.base_simulator | Round  92/150 | Acc: 0.7965 | Loss: 0.5814 | eps_max: 6.30 eps_avg: 4.45 | P: 1.00 R: 1.00 F1: 1.00
2026-05-14 12:48:58 | DEBUG   | dpfl.core.base_simulator | Update norms — honest: ['1.24', '1.58', '0.94', '0.89', '0.00'], attacker: ['nan', 'nan', 'nan', 'nan', 'nan']
2026-05-14 12:49:00 | INFO    | dpfl.core.base_simulator | Round  93/150 | Acc: 0.7965 | Loss: 0.5816 | eps_max: 6.30 eps_avg: 4.49 | P: 1.00 R: 1.00 F1: 1.00
2026-05-14 12:49:00 | DEBUG   | dpfl.core.base_simulator | Update norms — honest: ['1.28', '2.04', '0.08', '2.57', '0.55'], attacker: ['nan', 'nan', 'nan', 'nan', 'nan']
2026-05-14 12:49:02 | INFO    | dpfl.core.base_simulator | Round  94/150 | Acc: 0.7967 | Loss: 0.5817 | eps_max: 6.72 eps_avg: 4.52 | P: 1.00 R: 1.00 F1: 1.00
2026-05-14 12:49:02 | DEBUG   | dpfl.core.base_simulator | Update norms — honest: ['1.12', '2.43', '0.99', '0.57', '0.87'], attacker: ['nan', 'nan', 'nan', 'nan', 'nan']
2026-05-14 12:49:03 | INFO    | dpfl.core.base_simulator | Round  95/150 | Acc: 0.7967 | Loss: 0.5820 | eps_max: 6.72 eps_avg: 4.57 | P: 1.00 R: 1.00 F1: 1.00
2026-05-14 12:49:03 | DEBUG   | dpfl.core.base_simulator | Update norms — honest: ['2.11', '0.80', '1.58', '0.34', '0.79'], attacker: ['nan', 'nan', 'nan', 'nan', 'nan']
2026-05-14 12:49:05 | INFO    | dpfl.core.base_simulator | Round  96/150 | Acc: 0.7966 | Loss: 0.5823 | eps_max: 6.72 eps_avg: 4.63 | P: 1.00 R: 1.00 F1: 1.00
2026-05-14 12:49:05 | DEBUG   | dpfl.core.base_simulator | Update norms — honest: ['0.35', '1.68', '1.12', '1.46', '1.09'], attacker: ['nan', 'nan', 'nan', 'nan', 'nan']
2026-05-14 12:49:06 | INFO    | dpfl.core.base_simulator | Round  97/150 | Acc: 0.7968 | Loss: 0.5826 | eps_max: 6.80 eps_avg: 4.68 | P: 1.00 R: 1.00 F1: 1.00
2026-05-14 12:49:06 | DEBUG   | dpfl.core.base_simulator | Update norms — honest: ['0.67', '0.97', '1.80', '0.89', '0.73'], attacker: ['nan', 'nan', 'nan', 'nan', 'nan']
2026-05-14 12:49:08 | INFO    | dpfl.core.base_simulator | Round  98/150 | Acc: 0.7969 | Loss: 0.5821 | eps_max: 6.80 eps_avg: 4.72 | P: 1.00 R: 1.00 F1: 1.00
2026-05-14 12:49:08 | DEBUG   | dpfl.core.base_simulator | Update norms — honest: ['1.05', '1.64', '0.84', '1.43', '2.14'], attacker: ['nan', 'nan', 'nan', 'nan', 'nan']
2026-05-14 12:49:09 | INFO    | dpfl.core.base_simulator | Round  99/150 | Acc: 0.7970 | Loss: 0.5825 | eps_max: 6.80 eps_avg: 4.75 | P: 1.00 R: 1.00 F1: 1.00
2026-05-14 12:49:09 | DEBUG   | dpfl.core.base_simulator | Update norms — honest: ['0.00', '0.67', '1.10', '0.93', '1.69'], attacker: ['nan', 'nan', 'nan', 'nan', 'nan']
2026-05-14 12:49:11 | INFO    | dpfl.core.base_simulator | Round 100/150 | Acc: 0.7970 | Loss: 0.5830 | eps_max: 6.80 eps_avg: 4.79 | P: 1.00 R: 1.00 F1: 1.00
2026-05-14 12:49:11 | DEBUG   | dpfl.core.base_simulator | Update norms — honest: ['0.74', '1.53', '2.69', '1.99', '1.44'], attacker: ['nan', 'nan', 'nan', 'nan', 'nan']
2026-05-14 12:49:12 | INFO    | dpfl.core.base_simulator | Round 101/150 | Acc: 0.7972 | Loss: 0.5827 | eps_max: 6.80 eps_avg: 4.83 | P: 1.00 R: 1.00 F1: 1.00
2026-05-14 12:49:12 | DEBUG   | dpfl.core.base_simulator | Update norms — honest: ['1.78', '0.43', '1.25', '0.80', '1.30'], attacker: ['nan', 'nan', 'nan', 'nan', 'nan']
2026-05-14 12:49:14 | INFO    | dpfl.core.base_simulator | Round 102/150 | Acc: 0.7972 | Loss: 0.5833 | eps_max: 6.80 eps_avg: 4.87 | P: 1.00 R: 1.00 F1: 1.00
2026-05-14 12:49:14 | DEBUG   | dpfl.core.base_simulator | Update norms — honest: ['1.07', '0.28', '1.89', '0.74', '1.78'], attacker: ['nan', 'nan', 'nan', 'nan', 'nan']
2026-05-14 12:49:15 | INFO    | dpfl.core.base_simulator | Round 103/150 | Acc: 0.7972 | Loss: 0.5835 | eps_max: 6.80 eps_avg: 4.92 | P: 1.00 R: 1.00 F1: 1.00
2026-05-14 12:49:15 | DEBUG   | dpfl.core.base_simulator | Update norms — honest: ['1.24', '2.27', '0.70', '0.45', '2.52'], attacker: ['nan', 'nan', 'nan', 'nan', 'nan']
2026-05-14 12:49:17 | INFO    | dpfl.core.base_simulator | Round 104/150 | Acc: 0.7972 | Loss: 0.5839 | eps_max: 6.80 eps_avg: 4.98 | P: 1.00 R: 1.00 F1: 1.00
2026-05-14 12:49:17 | DEBUG   | dpfl.core.base_simulator | Update norms — honest: ['1.35', '0.34', '0.48', '1.33', '1.14'], attacker: ['nan', 'nan', 'nan', 'nan', 'nan']
2026-05-14 12:49:19 | INFO    | dpfl.core.base_simulator | Round 105/150 | Acc: 0.7971 | Loss: 0.5843 | eps_max: 6.80 eps_avg: 5.03 | P: 1.00 R: 1.00 F1: 1.00
2026-05-14 12:49:19 | DEBUG   | dpfl.core.base_simulator | Update norms — honest: ['0.33', '0.00', '1.73', '1.88', '0.18'], attacker: ['nan', 'nan', 'nan', 'nan', 'nan']
2026-05-14 12:49:20 | INFO    | dpfl.core.base_simulator | Round 106/150 | Acc: 0.7971 | Loss: 0.5844 | eps_max: 6.80 eps_avg: 5.06 | P: 1.00 R: 1.00 F1: 1.00
2026-05-14 12:49:20 | DEBUG   | dpfl.core.base_simulator | Update norms — honest: ['0.33', '1.91', '1.12', '1.68', '0.86'], attacker: ['nan', 'nan', 'nan', 'nan', 'nan']
2026-05-14 12:49:22 | INFO    | dpfl.core.base_simulator | Round 107/150 | Acc: 0.7972 | Loss: 0.5847 | eps_max: 6.80 eps_avg: 5.08 | P: 1.00 R: 1.00 F1: 1.00
2026-05-14 12:49:22 | DEBUG   | dpfl.core.base_simulator | Update norms — honest: ['1.53', '2.25', '2.85', '0.66', '1.09'], attacker: ['nan', 'nan', 'nan', 'nan', 'nan']
2026-05-14 12:49:23 | INFO    | dpfl.core.base_simulator | Round 108/150 | Acc: 0.7975 | Loss: 0.5847 | eps_max: 6.80 eps_avg: 5.11 | P: 1.00 R: 1.00 F1: 1.00
2026-05-14 12:49:23 | DEBUG   | dpfl.core.base_simulator | Update norms — honest: ['3.20', '1.17', '2.24', '1.43', '0.12'], attacker: ['nan', 'nan', 'nan', 'nan', 'nan']
2026-05-14 12:49:24 | INFO    | dpfl.core.base_simulator | Round 109/150 | Acc: 0.7973 | Loss: 0.5857 | eps_max: 6.98 eps_avg: 5.14 | P: 1.00 R: 1.00 F1: 1.00
2026-05-14 12:49:24 | DEBUG   | dpfl.core.base_simulator | Update norms — honest: ['2.28', '1.77', '0.76', '0.97', '0.34'], attacker: ['nan', 'nan', 'nan', 'nan', 'nan']
2026-05-14 12:49:26 | INFO    | dpfl.core.base_simulator | Round 110/150 | Acc: 0.7973 | Loss: 0.5859 | eps_max: 6.98 eps_avg: 5.20 | P: 1.00 R: 1.00 F1: 1.00
2026-05-14 12:49:26 | DEBUG   | dpfl.core.base_simulator | Update norms — honest: ['1.12', '1.97', '0.24', '2.93', '0.28'], attacker: ['nan', 'nan', 'nan', 'nan', 'nan']
2026-05-14 12:49:28 | INFO    | dpfl.core.base_simulator | Round 111/150 | Acc: 0.7974 | Loss: 0.5863 | eps_max: 6.98 eps_avg: 5.25 | P: 1.00 R: 1.00 F1: 1.00
2026-05-14 12:49:28 | DEBUG   | dpfl.core.base_simulator | Update norms — honest: ['0.00', '2.52', '0.68', '0.60', '0.96'], attacker: ['nan', 'nan', 'nan', 'nan', 'nan']
2026-05-14 12:49:30 | INFO    | dpfl.core.base_simulator | Round 112/150 | Acc: 0.7974 | Loss: 0.5866 | eps_max: 6.98 eps_avg: 5.29 | P: 1.00 R: 1.00 F1: 1.00
2026-05-14 12:49:30 | DEBUG   | dpfl.core.base_simulator | Update norms — honest: ['2.71', '0.39', '1.99', '2.65', '1.49'], attacker: ['nan', 'nan', 'nan', 'nan', 'nan']
2026-05-14 12:49:31 | INFO    | dpfl.core.base_simulator | Round 113/150 | Acc: 0.7976 | Loss: 0.5867 | eps_max: 6.98 eps_avg: 5.30 | P: 1.00 R: 1.00 F1: 1.00
2026-05-14 12:49:31 | DEBUG   | dpfl.core.base_simulator | Update norms — honest: ['0.99', '0.70', '0.95', '1.73', '2.01'], attacker: ['nan', 'nan', 'nan', 'nan', 'nan']
2026-05-14 12:49:32 | INFO    | dpfl.core.base_simulator | Round 114/150 | Acc: 0.7975 | Loss: 0.5874 | eps_max: 6.98 eps_avg: 5.34 | P: 1.00 R: 1.00 F1: 1.00
2026-05-14 12:49:32 | DEBUG   | dpfl.core.base_simulator | Update norms — honest: ['2.24', '2.59', '0.64', '1.34', '0.27'], attacker: ['nan', 'nan', 'nan', 'nan', 'nan']
2026-05-14 12:49:34 | INFO    | dpfl.core.base_simulator | Round 115/150 | Acc: 0.7974 | Loss: 0.5879 | eps_max: 7.06 eps_avg: 5.37 | P: 1.00 R: 1.00 F1: 1.00
2026-05-14 12:49:34 | DEBUG   | dpfl.core.base_simulator | Update norms — honest: ['2.37', '0.17', '0.82', '0.75', '2.71'], attacker: ['nan', 'nan', 'nan', 'nan', 'nan']
2026-05-14 12:49:35 | INFO    | dpfl.core.base_simulator | Round 116/150 | Acc: 0.7975 | Loss: 0.5880 | eps_max: 7.07 eps_avg: 5.40 | P: 1.00 R: 1.00 F1: 1.00
2026-05-14 12:49:35 | DEBUG   | dpfl.core.base_simulator | Update norms — honest: ['0.00', '1.78', '0.71', '1.05', '0.90'], attacker: ['nan', 'nan', 'nan', 'nan', 'nan']
2026-05-14 12:49:37 | INFO    | dpfl.core.base_simulator | Round 117/150 | Acc: 0.7975 | Loss: 0.5883 | eps_max: 7.07 eps_avg: 5.43 | P: 1.00 R: 1.00 F1: 1.00
2026-05-14 12:49:37 | DEBUG   | dpfl.core.base_simulator | Update norms — honest: ['1.03', '2.62', '0.33', '2.71', '1.84'], attacker: ['nan', 'nan', 'nan', 'nan', 'nan']
2026-05-14 12:49:38 | INFO    | dpfl.core.base_simulator | Round 118/150 | Acc: 0.7976 | Loss: 0.5889 | eps_max: 7.25 eps_avg: 5.47 | P: 1.00 R: 1.00 F1: 1.00
2026-05-14 12:49:38 | DEBUG   | dpfl.core.base_simulator | Update norms — honest: ['1.70', '0.96', '1.75', '0.99', '2.03'], attacker: ['nan', 'nan', 'nan', 'nan', 'nan']
2026-05-14 12:49:39 | INFO    | dpfl.core.base_simulator | Round 119/150 | Acc: 0.7976 | Loss: 0.5895 | eps_max: 7.25 eps_avg: 5.51 | P: 1.00 R: 1.00 F1: 1.00
2026-05-14 12:49:39 | DEBUG   | dpfl.core.base_simulator | Update norms — honest: ['1.80', '0.89', '1.50', '0.00', '2.24'], attacker: ['nan', 'nan', 'nan', 'nan', 'nan']
2026-05-14 12:49:41 | INFO    | dpfl.core.base_simulator | Round 120/150 | Acc: 0.7974 | Loss: 0.5900 | eps_max: 7.25 eps_avg: 5.55 | P: 1.00 R: 1.00 F1: 1.00
2026-05-14 12:49:41 | DEBUG   | dpfl.core.base_simulator | Update norms — honest: ['1.43', '1.64', '1.98', '2.23', '0.57'], attacker: ['nan', 'nan', 'nan', 'nan', 'nan']
2026-05-14 12:49:42 | INFO    | dpfl.core.base_simulator | Round 121/150 | Acc: 0.7976 | Loss: 0.5904 | eps_max: 7.36 eps_avg: 5.58 | P: 1.00 R: 1.00 F1: 1.00
2026-05-14 12:49:42 | DEBUG   | dpfl.core.base_simulator | Update norms — honest: ['1.93', '2.34', '2.27', '0.00', '1.63'], attacker: ['nan', 'nan', 'nan', 'nan', 'nan']
2026-05-14 12:49:44 | INFO    | dpfl.core.base_simulator | Round 122/150 | Acc: 0.7976 | Loss: 0.5910 | eps_max: 7.46 eps_avg: 5.61 | P: 1.00 R: 1.00 F1: 1.00
2026-05-14 12:49:44 | DEBUG   | dpfl.core.base_simulator | Update norms — honest: ['3.11', '1.82', '1.32', '2.23', '0.66'], attacker: ['nan', 'nan', 'nan', 'nan', 'nan']
2026-05-14 12:49:45 | INFO    | dpfl.core.base_simulator | Round 123/150 | Acc: 0.7977 | Loss: 0.5915 | eps_max: 7.46 eps_avg: 5.63 | P: 1.00 R: 1.00 F1: 1.00
2026-05-14 12:49:45 | DEBUG   | dpfl.core.base_simulator | Update norms — honest: ['0.82', '3.39', '1.74', '0.48', '0.73'], attacker: ['nan', 'nan', 'nan', 'nan', 'nan']
2026-05-14 12:49:46 | INFO    | dpfl.core.base_simulator | Round 124/150 | Acc: 0.7975 | Loss: 0.5922 | eps_max: 7.46 eps_avg: 5.65 | P: 1.00 R: 1.00 F1: 1.00
2026-05-14 12:49:46 | DEBUG   | dpfl.core.base_simulator | Update norms — honest: ['3.09', '2.03', '2.51', '1.21', '0.70'], attacker: ['nan', 'nan', 'nan', 'nan', 'nan']
2026-05-14 12:49:48 | INFO    | dpfl.core.base_simulator | Round 125/150 | Acc: 0.7977 | Loss: 0.5925 | eps_max: 7.46 eps_avg: 5.67 | P: 1.00 R: 1.00 F1: 1.00
2026-05-14 12:49:48 | DEBUG   | dpfl.core.base_simulator | Update norms — honest: ['1.00', '1.12', '2.75', '0.84', '1.44'], attacker: ['nan', 'nan', 'nan', 'nan', 'nan']
2026-05-14 12:49:49 | INFO    | dpfl.core.base_simulator | Round 126/150 | Acc: 0.7974 | Loss: 0.5931 | eps_max: 7.46 eps_avg: 5.69 | P: 1.00 R: 1.00 F1: 1.00
2026-05-14 12:49:49 | DEBUG   | dpfl.core.base_simulator | Update norms — honest: ['1.69', '1.04', '1.68', '2.37', '1.01'], attacker: ['nan', 'nan', 'nan', 'nan', 'nan']
2026-05-14 12:49:50 | INFO    | dpfl.core.base_simulator | Round 127/150 | Acc: 0.7976 | Loss: 0.5931 | eps_max: 7.46 eps_avg: 5.71 | P: 1.00 R: 1.00 F1: 1.00
2026-05-14 12:49:50 | DEBUG   | dpfl.core.base_simulator | Update norms — honest: ['1.54', '0.75', '1.32', '0.91', '2.10'], attacker: ['nan', 'nan', 'nan', 'nan', 'nan']
2026-05-14 12:49:51 | INFO    | dpfl.core.base_simulator | Round 128/150 | Acc: 0.7975 | Loss: 0.5942 | eps_max: 7.46 eps_avg: 5.74 | P: 1.00 R: 1.00 F1: 1.00
2026-05-14 12:49:51 | DEBUG   | dpfl.core.base_simulator | Update norms — honest: ['3.01', '1.91', '0.80', '2.11', '0.69'], attacker: ['nan', 'nan', 'nan', 'nan', 'nan']
2026-05-14 12:49:53 | INFO    | dpfl.core.base_simulator | Round 129/150 | Acc: 0.7977 | Loss: 0.5941 | eps_max: 7.46 eps_avg: 5.76 | P: 1.00 R: 1.00 F1: 1.00
2026-05-14 12:49:53 | DEBUG   | dpfl.core.base_simulator | Update norms — honest: ['0.92', '0.57', '0.43', '0.59', '0.84'], attacker: ['nan', 'nan', 'nan', 'nan', 'nan']
2026-05-14 12:49:54 | INFO    | dpfl.core.base_simulator | Round 130/150 | Acc: 0.7975 | Loss: 0.5952 | eps_max: 7.46 eps_avg: 5.79 | P: 1.00 R: 1.00 F1: 1.00
2026-05-14 12:49:54 | DEBUG   | dpfl.core.base_simulator | Update norms — honest: ['2.58', '0.00', '1.26', '1.87', '0.84'], attacker: ['nan', 'nan', 'nan', 'nan', 'nan']
2026-05-14 12:49:55 | INFO    | dpfl.core.base_simulator | Round 131/150 | Acc: 0.7977 | Loss: 0.5954 | eps_max: 7.46 eps_avg: 5.82 | P: 1.00 R: 1.00 F1: 1.00
2026-05-14 12:49:55 | DEBUG   | dpfl.core.base_simulator | Update norms — honest: ['0.68', '1.01', '0.72', '2.91', '0.90'], attacker: ['nan', 'nan', 'nan', 'nan', 'nan']
2026-05-14 12:49:57 | INFO    | dpfl.core.base_simulator | Round 132/150 | Acc: 0.7976 | Loss: 0.5960 | eps_max: 7.47 eps_avg: 5.84 | P: 1.00 R: 1.00 F1: 1.00
2026-05-14 12:49:57 | DEBUG   | dpfl.core.base_simulator | Update norms — honest: ['0.85', '1.14', '0.76', '1.37', '0.40'], attacker: ['nan', 'nan', 'nan', 'nan', 'nan']
2026-05-14 12:49:59 | INFO    | dpfl.core.base_simulator | Round 133/150 | Acc: 0.7974 | Loss: 0.5967 | eps_max: 7.59 eps_avg: 5.87 | P: 1.00 R: 1.00 F1: 1.00
2026-05-14 12:49:59 | DEBUG   | dpfl.core.base_simulator | Update norms — honest: ['2.97', '2.50', '2.26', '0.85', '1.79'], attacker: ['nan', 'nan', 'nan', 'nan', 'nan']
2026-05-14 12:50:00 | INFO    | dpfl.core.base_simulator | Round 134/150 | Acc: 0.7974 | Loss: 0.5975 | eps_max: 7.59 eps_avg: 5.90 | P: 1.00 R: 1.00 F1: 1.00
2026-05-14 12:50:00 | DEBUG   | dpfl.core.base_simulator | Update norms — honest: ['2.76', '1.79', '0.81', '0.83', '1.25'], attacker: ['nan', 'nan', 'nan', 'nan', 'nan']
2026-05-14 12:50:02 | INFO    | dpfl.core.base_simulator | Round 135/150 | Acc: 0.7975 | Loss: 0.5979 | eps_max: 7.59 eps_avg: 5.93 | P: 1.00 R: 1.00 F1: 1.00
2026-05-14 12:50:02 | DEBUG   | dpfl.core.base_simulator | Update norms — honest: ['2.76', '1.19', '1.62', '0.90', '1.40'], attacker: ['nan', 'nan', 'nan', 'nan', 'nan']
2026-05-14 12:50:04 | INFO    | dpfl.core.base_simulator | Round 136/150 | Acc: 0.7976 | Loss: 0.5985 | eps_max: 7.59 eps_avg: 5.95 | P: 1.00 R: 1.00 F1: 1.00
2026-05-14 12:50:04 | DEBUG   | dpfl.core.base_simulator | Update norms — honest: ['1.11', '2.69', '0.69', '1.53', '1.32'], attacker: ['nan', 'nan', 'nan', 'nan', 'nan']
2026-05-14 12:50:05 | INFO    | dpfl.core.base_simulator | Round 137/150 | Acc: 0.7975 | Loss: 0.5988 | eps_max: 7.61 eps_avg: 5.97 | P: 1.00 R: 1.00 F1: 1.00
2026-05-14 12:50:05 | DEBUG   | dpfl.core.base_simulator | Update norms — honest: ['1.41', '1.10', '0.49', '1.18', '1.21'], attacker: ['nan', 'nan', 'nan', 'nan', 'nan']
2026-05-14 12:50:07 | INFO    | dpfl.core.base_simulator | Round 138/150 | Acc: 0.7974 | Loss: 0.5999 | eps_max: 7.74 eps_avg: 6.00 | P: 1.00 R: 1.00 F1: 1.00
2026-05-14 12:50:07 | DEBUG   | dpfl.core.base_simulator | Update norms — honest: ['1.60', '1.27', '0.55', '2.14', '0.39'], attacker: ['nan', 'nan', 'nan', 'nan', 'nan']
2026-05-14 12:50:08 | INFO    | dpfl.core.base_simulator | Round 139/150 | Acc: 0.7975 | Loss: 0.6005 | eps_max: 7.74 eps_avg: 6.02 | P: 1.00 R: 1.00 F1: 1.00
2026-05-14 12:50:08 | DEBUG   | dpfl.core.base_simulator | Update norms — honest: ['2.65', '0.60', '0.42', '0.00', '0.00'], attacker: ['nan', 'nan', 'nan', 'nan', 'nan']
2026-05-14 12:50:10 | INFO    | dpfl.core.base_simulator | Round 140/150 | Acc: 0.7974 | Loss: 0.6011 | eps_max: 7.74 eps_avg: 6.05 | P: 1.00 R: 1.00 F1: 1.00
2026-05-14 12:50:10 | DEBUG   | dpfl.core.base_simulator | Update norms — honest: ['2.51', '2.63', '0.87', '0.94', '2.11'], attacker: ['nan', 'nan', 'nan', 'nan', 'nan']
2026-05-14 12:50:12 | INFO    | dpfl.core.base_simulator | Round 141/150 | Acc: 0.7974 | Loss: 0.6017 | eps_max: 7.74 eps_avg: 6.07 | P: 1.00 R: 1.00 F1: 1.00
2026-05-14 12:50:12 | DEBUG   | dpfl.core.base_simulator | Update norms — honest: ['1.37', '1.26', '1.79', '1.15', '1.00'], attacker: ['nan', 'nan', 'nan', 'nan', 'nan']
2026-05-14 12:50:13 | INFO    | dpfl.core.base_simulator | Round 142/150 | Acc: 0.7973 | Loss: 0.6024 | eps_max: 7.86 eps_avg: 6.09 | P: 1.00 R: 1.00 F1: 1.00
2026-05-14 12:50:13 | DEBUG   | dpfl.core.base_simulator | Update norms — honest: ['2.65', '2.78', '1.51', '1.54', '0.62'], attacker: ['nan', 'nan', 'nan', 'nan', 'nan']
2026-05-14 12:50:15 | INFO    | dpfl.core.base_simulator | Round 143/150 | Acc: 0.7973 | Loss: 0.6030 | eps_max: 7.86 eps_avg: 6.13 | P: 1.00 R: 1.00 F1: 1.00
2026-05-14 12:50:15 | DEBUG   | dpfl.core.base_simulator | Update norms — honest: ['0.61', '0.12', '3.03', '0.00', '0.00'], attacker: ['nan', 'nan', 'nan', 'nan', 'nan']
2026-05-14 12:50:16 | INFO    | dpfl.core.base_simulator | Round 144/150 | Acc: 0.7973 | Loss: 0.6036 | eps_max: 7.86 eps_avg: 6.14 | P: 1.00 R: 1.00 F1: 1.00
2026-05-14 12:50:16 | DEBUG   | dpfl.core.base_simulator | Update norms — honest: ['0.00', '2.04', '0.11', '0.97', '1.76'], attacker: ['nan', 'nan', 'nan', 'nan', 'nan']
2026-05-14 12:50:17 | INFO    | dpfl.core.base_simulator | Round 145/150 | Acc: 0.7971 | Loss: 0.6045 | eps_max: 7.86 eps_avg: 6.17 | P: 1.00 R: 1.00 F1: 1.00
2026-05-14 12:50:17 | DEBUG   | dpfl.core.base_simulator | Update norms — honest: ['1.21', '2.28', '2.67', '2.36', '1.04'], attacker: ['nan', 'nan', 'nan', 'nan', 'nan']
2026-05-14 12:50:19 | INFO    | dpfl.core.base_simulator | Round 146/150 | Acc: 0.7972 | Loss: 0.6051 | eps_max: 7.86 eps_avg: 6.20 | P: 1.00 R: 1.00 F1: 1.00
2026-05-14 12:50:19 | DEBUG   | dpfl.core.base_simulator | Update norms — honest: ['1.66', '0.81', '2.90', '2.97', '0.37'], attacker: ['nan', 'nan', 'nan', 'nan', 'nan']
2026-05-14 12:50:21 | INFO    | dpfl.core.base_simulator | Round 147/150 | Acc: 0.7971 | Loss: 0.6057 | eps_max: 7.86 eps_avg: 6.22 | P: 1.00 R: 1.00 F1: 1.00
2026-05-14 12:50:21 | DEBUG   | dpfl.core.base_simulator | Update norms — honest: ['0.44', '1.82', '0.73', '0.80', '1.68'], attacker: ['nan', 'nan', 'nan', 'nan', 'nan']
2026-05-14 12:50:22 | INFO    | dpfl.core.base_simulator | Round 148/150 | Acc: 0.7972 | Loss: 0.6061 | eps_max: 7.86 eps_avg: 6.25 | P: 1.00 R: 1.00 F1: 1.00
2026-05-14 12:50:22 | DEBUG   | dpfl.core.base_simulator | Update norms — honest: ['1.40', '0.72', '1.48', '0.50', '2.02'], attacker: ['nan', 'nan', 'nan', 'nan', 'nan']
2026-05-14 12:50:24 | INFO    | dpfl.core.base_simulator | Round 149/150 | Acc: 0.7972 | Loss: 0.6070 | eps_max: 7.86 eps_avg: 6.27 | P: 1.00 R: 1.00 F1: 1.00
2026-05-14 12:50:24 | DEBUG   | dpfl.core.base_simulator | Update norms — honest: ['2.17', '4.26', '2.32', '0.02', '1.09'], attacker: ['nan', 'nan', 'nan', 'nan', 'nan']
2026-05-14 12:50:25 | INFO    | dpfl.core.base_simulator | Round 150/150 | Acc: 0.7972 | Loss: 0.6075 | eps_max: 7.86 eps_avg: 6.29 | P: 1.00 R: 1.00 F1: 1.00
2026-05-14 12:50:25 | DEBUG   | dpfl.core.base_simulator | Update norms — honest: ['3.03', '1.22', '0.97', '0.38', '2.13'], attacker: ['nan', 'nan', 'nan', 'nan', 'nan']
2026-05-14 12:50:27 | INFO    | dpfl | Experiment complete in 497.3s
============================================================
REPORT: DP-SGD Decentralized Federated Learning
============================================================
Timestamp:                  20260514_124208
Rounds completed:           150
Attack-active rounds:       100  (from round 50)
Final accuracy:             0.7972
Final test loss:            0.6075
Final epsilon (max honest): 7.86
Final epsilon (avg honest): 6.29
Best alpha:                 1000.0
Avg precision:              1.0000
Avg recall:                 0.9900
Avg F1 score:               1.0000
Avg update norm (honest):   1.0988
Avg update norm (attacker): nan

eps_system (max honest): 7.8607
eps_avg (honest):        6.2869
eps_std (honest):        0.8259
n_frozen:                0/400
============================================================
