2026-05-14 06:36:22 | INFO    | dpfl | Experiment start: algorithm=balance, dataset=fashion_mnist, model=mlp, device=cuda
2026-05-14 06:36:22 | INFO    | dpfl | Config: nodes=500, attackers=300, rounds=150, noise_mode=none, attack=scale
2026-05-14 06:36:22 | INFO    | dpfl.data.fashion_mnist_dataset | Loading Fashion-MNIST dataset...
2026-05-14 06:36:22 | INFO    | dpfl.data.fashion_mnist_dataset | Fashion-MNIST loaded: 60000 train, 10000 test samples
2026-05-14 06:37:39 | INFO    | dpfl.core.base_simulator | Vectorized state ready: param_spec.D=50890, X_test=(10000, 1, 28, 28), train clients N=500, max_n_samples=1000
2026-05-14 06:37:39 | INFO    | dpfl.core.base_simulator | Setup complete: 500 nodes (300 attackers), param_dim=50890, split=iid
2026-05-14 06:37:39 | DEBUG   | dpfl.core.base_simulator | Attacker IDs: {0, 1, 2, 3, 4, 5, 6, 7, 8, 9, 10, 11, 12, 13, 14, 15, 16, 17, 18, 19, 20, 21, 22, 23, 24, 25, 26, 27, 28, 29, 30, 31, 32, 33, 34, 35, 36, 37, 38, 39, 40, 41, 42, 43, 44, 45, 46, 47, 48, 49, 50, 51, 52, 53, 54, 55, 56, 57, 58, 59, 60, 61, 62, 63, 64, 65, 66, 67, 68, 69, 70, 71, 72, 73, 74, 75, 76, 77, 78, 79, 80, 81, 82, 83, 84, 85, 86, 87, 88, 89, 90, 91, 92, 93, 94, 95, 96, 97, 98, 99, 100, 101, 102, 103, 104, 105, 106, 107, 108, 109, 110, 111, 112, 113, 114, 115, 116, 117, 118, 119, 120, 121, 122, 123, 124, 125, 126, 127, 128, 129, 130, 131, 132, 133, 134, 135, 136, 137, 138, 139, 140, 141, 142, 143, 144, 145, 146, 147, 148, 149, 150, 151, 152, 153, 154, 155, 156, 157, 158, 159, 160, 161, 162, 163, 164, 165, 166, 167, 168, 169, 170, 171, 172, 173, 174, 175, 176, 177, 178, 179, 180, 181, 182, 183, 184, 185, 186, 187, 188, 189, 190, 191, 192, 193, 194, 195, 196, 197, 198, 199, 200, 201, 202, 203, 204, 205, 206, 207, 208, 209, 210, 211, 212, 213, 214, 215, 216, 217, 218, 219, 220, 221, 222, 223, 224, 225, 226, 227, 228, 229, 230, 231, 232, 233, 234, 235, 236, 237, 238, 239, 240, 241, 242, 243, 244, 245, 246, 247, 248, 249, 250, 251, 252, 253, 254, 255, 256, 257, 258, 259, 260, 261, 262, 263, 264, 265, 266, 267, 268, 269, 270, 271, 272, 273, 274, 275, 276, 277, 278, 279, 280, 281, 282, 283, 284, 285, 286, 287, 288, 289, 290, 291, 292, 293, 294, 295, 296, 297, 298, 299}
2026-05-14 06:37:41 | INFO    | dpfl.core.base_simulator | Round   1/150 | Acc: 0.4589 | Loss: 1.9726 | eps: 0.00 | P: nan R: nan F1: nan
2026-05-14 06:37:41 | DEBUG   | dpfl.core.base_simulator | Update norms — honest: ['0.23', '0.24', '0.23', '0.23', '0.24'], attacker: ['0.23', '0.23', '0.24', '0.23', '0.24']
2026-05-14 06:37:43 | INFO    | dpfl.core.base_simulator | Round   2/150 | Acc: 0.5730 | Loss: 1.7057 | eps: 0.00 | P: nan R: nan F1: nan
2026-05-14 06:37:43 | DEBUG   | dpfl.core.base_simulator | Update norms — honest: ['0.21', '0.20', '0.20', '0.21', '0.21'], attacker: ['0.20', '0.20', '0.21', '0.20', '0.21']
2026-05-14 06:37:45 | INFO    | dpfl.core.base_simulator | Round   3/150 | Acc: 0.6227 | Loss: 1.4812 | eps: 0.00 | P: nan R: nan F1: nan
2026-05-14 06:37:45 | DEBUG   | dpfl.core.base_simulator | Update norms — honest: ['0.19', '0.19', '0.19', '0.18', '0.19'], attacker: ['0.19', '0.19', '0.19', '0.18', '0.19']
2026-05-14 06:37:56 | INFO    | dpfl.core.base_simulator | Round   4/150 | Acc: 0.6515 | Loss: 1.3051 | eps: 0.00 | P: nan R: nan F1: nan
2026-05-14 06:37:56 | DEBUG   | dpfl.core.base_simulator | Update norms — honest: ['0.17', '0.17', '0.17', '0.17', '0.17'], attacker: ['0.17', '0.17', '0.17', '0.16', '0.17']
2026-05-14 06:37:58 | INFO    | dpfl.core.base_simulator | Round   5/150 | Acc: 0.6739 | Loss: 1.1756 | eps: 0.00 | P: nan R: nan F1: nan
2026-05-14 06:37:58 | DEBUG   | dpfl.core.base_simulator | Update norms — honest: ['0.15', '0.15', '0.14', '0.14', '0.14'], attacker: ['0.14', '0.14', '0.14', '0.14', '0.14']
2026-05-14 06:38:00 | INFO    | dpfl.core.base_simulator | Round   6/150 | Acc: 0.6911 | Loss: 1.0814 | eps: 0.00 | P: nan R: nan F1: nan
2026-05-14 06:38:00 | DEBUG   | dpfl.core.base_simulator | Update norms — honest: ['0.13', '0.12', '0.12', '0.13', '0.12'], attacker: ['0.13', '0.12', '0.12', '0.12', '0.12']
2026-05-14 06:38:03 | INFO    | dpfl.core.base_simulator | Round   7/150 | Acc: 0.7024 | Loss: 1.0112 | eps: 0.00 | P: nan R: nan F1: nan
2026-05-14 06:38:03 | DEBUG   | dpfl.core.base_simulator | Update norms — honest: ['0.11', '0.11', '0.11', '0.11', '0.11'], attacker: ['0.11', '0.11', '0.11', '0.11', '0.11']
2026-05-14 06:38:14 | INFO    | dpfl.core.base_simulator | Round   8/150 | Acc: 0.7104 | Loss: 0.9573 | eps: 0.00 | P: nan R: nan F1: nan
2026-05-14 06:38:14 | DEBUG   | dpfl.core.base_simulator | Update norms — honest: ['0.10', '0.10', '0.09', '0.10', '0.09'], attacker: ['0.10', '0.09', '0.10', '0.10', '0.09']
2026-05-14 06:38:16 | INFO    | dpfl.core.base_simulator | Round   9/150 | Acc: 0.7167 | Loss: 0.9143 | eps: 0.00 | P: nan R: nan F1: nan
2026-05-14 06:38:16 | DEBUG   | dpfl.core.base_simulator | Update norms — honest: ['0.09', '0.09', '0.08', '0.09', '0.09'], attacker: ['0.09', '0.09', '0.09', '0.09', '0.09']
2026-05-14 06:38:18 | INFO    | dpfl.core.base_simulator | Round  10/150 | Acc: 0.7229 | Loss: 0.8792 | eps: 0.00 | P: nan R: nan F1: nan
2026-05-14 06:38:18 | DEBUG   | dpfl.core.base_simulator | Update norms — honest: ['0.08', '0.08', '0.08', '0.08', '0.08'], attacker: ['0.08', '0.08', '0.08', '0.08', '0.08']
2026-05-14 06:38:20 | INFO    | dpfl.core.base_simulator | Round  11/150 | Acc: 0.7278 | Loss: 0.8500 | eps: 0.00 | P: nan R: nan F1: nan
2026-05-14 06:38:20 | DEBUG   | dpfl.core.base_simulator | Update norms — honest: ['0.07', '0.07', '0.07', '0.07', '0.07'], attacker: ['0.08', '0.07', '0.07', '0.07', '0.07']
2026-05-14 06:38:30 | INFO    | dpfl.core.base_simulator | Round  12/150 | Acc: 0.7326 | Loss: 0.8248 | eps: 0.00 | P: nan R: nan F1: nan
2026-05-14 06:38:30 | DEBUG   | dpfl.core.base_simulator | Update norms — honest: ['0.07', '0.07', '0.07', '0.07', '0.07'], attacker: ['0.07', '0.07', '0.07', '0.07', '0.07']
2026-05-14 06:38:33 | INFO    | dpfl.core.base_simulator | Round  13/150 | Acc: 0.7367 | Loss: 0.8034 | eps: 0.00 | P: nan R: nan F1: nan
2026-05-14 06:38:33 | DEBUG   | dpfl.core.base_simulator | Update norms — honest: ['0.07', '0.07', '0.06', '0.06', '0.06'], attacker: ['0.07', '0.06', '0.07', '0.07', '0.06']
2026-05-14 06:38:35 | INFO    | dpfl.core.base_simulator | Round  14/150 | Acc: 0.7404 | Loss: 0.7846 | eps: 0.00 | P: nan R: nan F1: nan
2026-05-14 06:38:35 | DEBUG   | dpfl.core.base_simulator | Update norms — honest: ['0.06', '0.06', '0.06', '0.06', '0.07'], attacker: ['0.07', '0.06', '0.06', '0.06', '0.06']
2026-05-14 06:38:37 | INFO    | dpfl.core.base_simulator | Round  15/150 | Acc: 0.7437 | Loss: 0.7685 | eps: 0.00 | P: nan R: nan F1: nan
2026-05-14 06:38:37 | DEBUG   | dpfl.core.base_simulator | Update norms — honest: ['0.06', '0.06', '0.06', '0.06', '0.06'], attacker: ['0.06', '0.06', '0.06', '0.06', '0.06']
2026-05-14 06:38:43 | INFO    | dpfl.core.base_simulator | Round  16/150 | Acc: 0.7466 | Loss: 0.7542 | eps: 0.00 | P: nan R: nan F1: nan
2026-05-14 06:38:43 | DEBUG   | dpfl.core.base_simulator | Update norms — honest: ['0.05', '0.05', '0.05', '0.06', '0.06'], attacker: ['0.06', '0.06', '0.06', '0.05', '0.06']
2026-05-14 06:38:51 | INFO    | dpfl.core.base_simulator | Round  17/150 | Acc: 0.7493 | Loss: 0.7413 | eps: 0.00 | P: nan R: nan F1: nan
2026-05-14 06:38:51 | DEBUG   | dpfl.core.base_simulator | Update norms — honest: ['0.05', '0.06', '0.06', '0.05', '0.05'], attacker: ['0.05', '0.05', '0.05', '0.06', '0.06']
2026-05-14 06:38:52 | INFO    | dpfl.core.base_simulator | Round  18/150 | Acc: 0.7522 | Loss: 0.7301 | eps: 0.00 | P: nan R: nan F1: nan
2026-05-14 06:38:52 | DEBUG   | dpfl.core.base_simulator | Update norms — honest: ['0.05', '0.06', '0.05', '0.05', '0.05'], attacker: ['0.05', '0.05', '0.05', '0.05', '0.05']
2026-05-14 06:38:54 | INFO    | dpfl.core.base_simulator | Round  19/150 | Acc: 0.7547 | Loss: 0.7197 | eps: 0.00 | P: nan R: nan F1: nan
2026-05-14 06:38:54 | DEBUG   | dpfl.core.base_simulator | Update norms — honest: ['0.05', '0.05', '0.05', '0.05', '0.05'], attacker: ['0.05', '0.05', '0.05', '0.05', '0.05']
2026-05-14 06:38:56 | INFO    | dpfl.core.base_simulator | Round  20/150 | Acc: 0.7567 | Loss: 0.7103 | eps: 0.00 | P: nan R: nan F1: nan
2026-05-14 06:38:56 | DEBUG   | dpfl.core.base_simulator | Update norms — honest: ['0.05', '0.05', '0.05', '0.05', '0.05'], attacker: ['0.05', '0.05', '0.05', '0.05', '0.05']
2026-05-14 06:39:07 | INFO    | dpfl.core.base_simulator | Round  21/150 | Acc: 0.7590 | Loss: 0.7017 | eps: 0.00 | P: nan R: nan F1: nan
2026-05-14 06:39:07 | DEBUG   | dpfl.core.base_simulator | Update norms — honest: ['0.05', '0.05', '0.05', '0.05', '0.04'], attacker: ['0.05', '0.05', '0.05', '0.05', '0.05']
2026-05-14 06:39:09 | INFO    | dpfl.core.base_simulator | Round  22/150 | Acc: 0.7607 | Loss: 0.6942 | eps: 0.00 | P: nan R: nan F1: nan
2026-05-14 06:39:09 | DEBUG   | dpfl.core.base_simulator | Update norms — honest: ['0.04', '0.05', '0.05', '0.05', '0.04'], attacker: ['0.05', '0.05', '0.05', '0.05', '0.04']
2026-05-14 06:39:11 | INFO    | dpfl.core.base_simulator | Round  23/150 | Acc: 0.7627 | Loss: 0.6866 | eps: 0.00 | P: nan R: nan F1: nan
2026-05-14 06:39:11 | DEBUG   | dpfl.core.base_simulator | Update norms — honest: ['0.05', '0.05', '0.05', '0.05', '0.05'], attacker: ['0.04', '0.05', '0.04', '0.05', '0.04']
2026-05-14 06:39:13 | INFO    | dpfl.core.base_simulator | Round  24/150 | Acc: 0.7643 | Loss: 0.6801 | eps: 0.00 | P: nan R: nan F1: nan
2026-05-14 06:39:13 | DEBUG   | dpfl.core.base_simulator | Update norms — honest: ['0.04', '0.05', '0.05', '0.04', '0.04'], attacker: ['0.04', '0.05', '0.04', '0.04', '0.04']
2026-05-14 06:39:24 | INFO    | dpfl.core.base_simulator | Round  25/150 | Acc: 0.7660 | Loss: 0.6742 | eps: 0.00 | P: nan R: nan F1: nan
2026-05-14 06:39:24 | DEBUG   | dpfl.core.base_simulator | Update norms — honest: ['0.04', '0.04', '0.04', '0.04', '0.04'], attacker: ['0.04', '0.04', '0.04', '0.04', '0.05']
2026-05-14 06:39:26 | INFO    | dpfl.core.base_simulator | Round  26/150 | Acc: 0.7675 | Loss: 0.6687 | eps: 0.00 | P: nan R: nan F1: nan
2026-05-14 06:39:26 | DEBUG   | dpfl.core.base_simulator | Update norms — honest: ['0.04', '0.04', '0.04', '0.05', '0.05'], attacker: ['0.05', '0.04', '0.04', '0.04', '0.04']
2026-05-14 06:39:28 | INFO    | dpfl.core.base_simulator | Round  27/150 | Acc: 0.7688 | Loss: 0.6630 | eps: 0.00 | P: nan R: nan F1: nan
2026-05-14 06:39:28 | DEBUG   | dpfl.core.base_simulator | Update norms — honest: ['0.04', '0.05', '0.04', '0.04', '0.05'], attacker: ['0.04', '0.04', '0.04', '0.04', '0.04']
2026-05-14 06:39:30 | INFO    | dpfl.core.base_simulator | Round  28/150 | Acc: 0.7703 | Loss: 0.6583 | eps: 0.00 | P: nan R: nan F1: nan
2026-05-14 06:39:30 | DEBUG   | dpfl.core.base_simulator | Update norms — honest: ['0.04', '0.05', '0.04', '0.04', '0.04'], attacker: ['0.04', '0.04', '0.04', '0.04', '0.04']
2026-05-14 06:39:40 | INFO    | dpfl.core.base_simulator | Round  29/150 | Acc: 0.7718 | Loss: 0.6535 | eps: 0.00 | P: nan R: nan F1: nan
2026-05-14 06:39:40 | DEBUG   | dpfl.core.base_simulator | Update norms — honest: ['0.04', '0.04', '0.04', '0.04', '0.04'], attacker: ['0.04', '0.04', '0.04', '0.04', '0.04']
2026-05-14 06:39:43 | INFO    | dpfl.core.base_simulator | Round  30/150 | Acc: 0.7727 | Loss: 0.6494 | eps: 0.00 | P: nan R: nan F1: nan
2026-05-14 06:39:43 | DEBUG   | dpfl.core.base_simulator | Update norms — honest: ['0.04', '0.04', '0.04', '0.04', '0.04'], attacker: ['0.04', '0.04', '0.04', '0.04', '0.04']
2026-05-14 06:39:45 | INFO    | dpfl.core.base_simulator | Round  31/150 | Acc: 0.7740 | Loss: 0.6451 | eps: 0.00 | P: nan R: nan F1: nan
2026-05-14 06:39:45 | DEBUG   | dpfl.core.base_simulator | Update norms — honest: ['0.03', '0.04', '0.03', '0.04', '0.04'], attacker: ['0.04', '0.04', '0.04', '0.04', '0.04']
2026-05-14 06:39:47 | INFO    | dpfl.core.base_simulator | Round  32/150 | Acc: 0.7752 | Loss: 0.6413 | eps: 0.00 | P: nan R: nan F1: nan
2026-05-14 06:39:47 | DEBUG   | dpfl.core.base_simulator | Update norms — honest: ['0.04', '0.04', '0.04', '0.04', '0.04'], attacker: ['0.04', '0.04', '0.04', '0.04', '0.04']
2026-05-14 06:39:55 | INFO    | dpfl.core.base_simulator | Round  33/150 | Acc: 0.7760 | Loss: 0.6377 | eps: 0.00 | P: nan R: nan F1: nan
2026-05-14 06:39:55 | DEBUG   | dpfl.core.base_simulator | Update norms — honest: ['0.04', '0.04', '0.04', '0.04', '0.04'], attacker: ['0.04', '0.04', '0.04', '0.04', '0.04']
2026-05-14 06:40:00 | INFO    | dpfl.core.base_simulator | Round  34/150 | Acc: 0.7773 | Loss: 0.6341 | eps: 0.00 | P: nan R: nan F1: nan
2026-05-14 06:40:00 | DEBUG   | dpfl.core.base_simulator | Update norms — honest: ['0.04', '0.04', '0.03', '0.04', '0.03'], attacker: ['0.04', '0.04', '0.04', '0.04', '0.04']
2026-05-14 06:40:02 | INFO    | dpfl.core.base_simulator | Round  35/150 | Acc: 0.7781 | Loss: 0.6310 | eps: 0.00 | P: nan R: nan F1: nan
2026-05-14 06:40:02 | DEBUG   | dpfl.core.base_simulator | Update norms — honest: ['0.03', '0.03', '0.04', '0.04', '0.04'], attacker: ['0.04', '0.04', '0.04', '0.04', '0.03']
2026-05-14 06:40:04 | INFO    | dpfl.core.base_simulator | Round  36/150 | Acc: 0.7791 | Loss: 0.6278 | eps: 0.00 | P: nan R: nan F1: nan
2026-05-14 06:40:04 | DEBUG   | dpfl.core.base_simulator | Update norms — honest: ['0.03', '0.04', '0.04', '0.04', '0.04'], attacker: ['0.04', '0.04', '0.04', '0.04', '0.04']
2026-05-14 06:40:08 | INFO    | dpfl.core.base_simulator | Round  37/150 | Acc: 0.7796 | Loss: 0.6256 | eps: 0.00 | P: nan R: nan F1: nan
2026-05-14 06:40:08 | DEBUG   | dpfl.core.base_simulator | Update norms — honest: ['0.03', '0.04', '0.04', '0.03', '0.03'], attacker: ['0.04', '0.04', '0.03', '0.04', '0.04']
2026-05-14 06:40:17 | INFO    | dpfl.core.base_simulator | Round  38/150 | Acc: 0.7805 | Loss: 0.6230 | eps: 0.00 | P: nan R: nan F1: nan
2026-05-14 06:40:17 | DEBUG   | dpfl.core.base_simulator | Update norms — honest: ['0.03', '0.04', '0.04', '0.04', '0.04'], attacker: ['0.03', '0.04', '0.03', '0.04', '0.04']
2026-05-14 06:40:19 | INFO    | dpfl.core.base_simulator | Round  39/150 | Acc: 0.7815 | Loss: 0.6199 | eps: 0.00 | P: nan R: nan F1: nan
2026-05-14 06:40:19 | DEBUG   | dpfl.core.base_simulator | Update norms — honest: ['0.03', '0.03', '0.03', '0.03', '0.04'], attacker: ['0.03', '0.04', '0.04', '0.04', '0.04']
2026-05-14 06:40:21 | INFO    | dpfl.core.base_simulator | Round  40/150 | Acc: 0.7819 | Loss: 0.6177 | eps: 0.00 | P: nan R: nan F1: nan
2026-05-14 06:40:21 | DEBUG   | dpfl.core.base_simulator | Update norms — honest: ['0.03', '0.03', '0.04', '0.04', '0.03'], attacker: ['0.03', '0.04', '0.03', '0.04', '0.03']
2026-05-14 06:40:23 | INFO    | dpfl.core.base_simulator | Round  41/150 | Acc: 0.7827 | Loss: 0.6155 | eps: 0.00 | P: nan R: nan F1: nan
2026-05-14 06:40:23 | DEBUG   | dpfl.core.base_simulator | Update norms — honest: ['0.03', '0.04', '0.03', '0.03', '0.03'], attacker: ['0.04', '0.04', '0.03', '0.03', '0.03']
2026-05-14 06:40:34 | INFO    | dpfl.core.base_simulator | Round  42/150 | Acc: 0.7836 | Loss: 0.6133 | eps: 0.00 | P: nan R: nan F1: nan
2026-05-14 06:40:34 | DEBUG   | dpfl.core.base_simulator | Update norms — honest: ['0.03', '0.04', '0.03', '0.03', '0.03'], attacker: ['0.03', '0.04', '0.03', '0.03', '0.03']
2026-05-14 06:40:36 | INFO    | dpfl.core.base_simulator | Round  43/150 | Acc: 0.7841 | Loss: 0.6114 | eps: 0.00 | P: nan R: nan F1: nan
2026-05-14 06:40:36 | DEBUG   | dpfl.core.base_simulator | Update norms — honest: ['0.03', '0.04', '0.03', '0.03', '0.03'], attacker: ['0.03', '0.04', '0.03', '0.03', '0.03']
2026-05-14 06:40:38 | INFO    | dpfl.core.base_simulator | Round  44/150 | Acc: 0.7847 | Loss: 0.6091 | eps: 0.00 | P: nan R: nan F1: nan
2026-05-14 06:40:38 | DEBUG   | dpfl.core.base_simulator | Update norms — honest: ['0.03', '0.04', '0.03', '0.03', '0.03'], attacker: ['0.04', '0.03', '0.03', '0.04', '0.03']
2026-05-14 06:40:40 | INFO    | dpfl.core.base_simulator | Round  45/150 | Acc: 0.7854 | Loss: 0.6072 | eps: 0.00 | P: nan R: nan F1: nan
2026-05-14 06:40:40 | DEBUG   | dpfl.core.base_simulator | Update norms — honest: ['0.03', '0.03', '0.04', '0.03', '0.04'], attacker: ['0.03', '0.03', '0.03', '0.04', '0.03']
2026-05-14 06:40:51 | INFO    | dpfl.core.base_simulator | Round  46/150 | Acc: 0.7859 | Loss: 0.6053 | eps: 0.00 | P: nan R: nan F1: nan
2026-05-14 06:40:51 | DEBUG   | dpfl.core.base_simulator | Update norms — honest: ['0.04', '0.03', '0.03', '0.04', '0.04'], attacker: ['0.03', '0.03', '0.03', '0.04', '0.03']
2026-05-14 06:40:53 | INFO    | dpfl.core.base_simulator | Round  47/150 | Acc: 0.7865 | Loss: 0.6038 | eps: 0.00 | P: nan R: nan F1: nan
2026-05-14 06:40:53 | DEBUG   | dpfl.core.base_simulator | Update norms — honest: ['0.04', '0.03', '0.04', '0.04', '0.03'], attacker: ['0.03', '0.04', '0.03', '0.04', '0.03']
2026-05-14 06:40:55 | INFO    | dpfl.core.base_simulator | Round  48/150 | Acc: 0.7869 | Loss: 0.6022 | eps: 0.00 | P: nan R: nan F1: nan
2026-05-14 06:40:55 | DEBUG   | dpfl.core.base_simulator | Update norms — honest: ['0.03', '0.04', '0.04', '0.03', '0.03'], attacker: ['0.03', '0.03', '0.03', '0.03', '0.03']
2026-05-14 06:40:57 | INFO    | dpfl.core.base_simulator | Round  49/150 | Acc: 0.7875 | Loss: 0.6008 | eps: 0.00 | P: nan R: nan F1: nan
2026-05-14 06:40:57 | DEBUG   | dpfl.core.base_simulator | Update norms — honest: ['0.03', '0.03', '0.03', '0.04', '0.03'], attacker: ['0.03', '0.03', '0.03', '0.04', '0.03']
2026-05-14 06:41:05 | INFO    | dpfl.core.base_simulator | Round  50/150 | Acc: 0.7880 | Loss: 0.5993 | eps: 0.00 | P: nan R: nan F1: nan
2026-05-14 06:41:05 | DEBUG   | dpfl.core.base_simulator | Update norms — honest: ['0.03', '0.03', '0.03', '0.03', '0.04'], attacker: ['0.03', '0.03', '0.03', '0.03', '0.04']
2026-05-14 06:41:10 | INFO    | dpfl.core.base_simulator | Round  51/150 | Acc: 0.7881 | Loss: 0.5984 | eps: 0.00 | P: nan R: 0.00 F1: nan
2026-05-14 06:41:10 | DEBUG   | dpfl.core.base_simulator | Update norms — honest: ['0.03', '0.03', '0.03', '0.03', '0.03'], attacker: ['0.34', '0.33', '0.31', '0.36', '0.32']
2026-05-14 06:41:12 | INFO    | dpfl.core.base_simulator | Round  52/150 | Acc: 0.7878 | Loss: 0.6000 | eps: 0.00 | P: nan R: 0.00 F1: nan
2026-05-14 06:41:12 | DEBUG   | dpfl.core.base_simulator | Update norms — honest: ['0.04', '0.04', '0.04', '0.03', '0.03'], attacker: ['0.97', '0.82', '0.67', '1.04', '0.98']
2026-05-14 06:41:14 | INFO    | dpfl.core.base_simulator | Round  53/150 | Acc: 0.7771 | Loss: 0.7151 | eps: 0.00 | P: nan R: 0.00 F1: nan
2026-05-14 06:41:14 | DEBUG   | dpfl.core.base_simulator | Update norms — honest: ['0.03', '0.03', '0.07', '0.03', '0.03'], attacker: ['5.55', '4.22', '2.63', '4.53', '4.08']
2026-05-14 06:41:21 | INFO    | dpfl.core.base_simulator | Round  54/150 | Acc: 0.7836 | Loss: 0.6269 | eps: 0.00 | P: 1.00 R: 0.99 F1: 1.00
2026-05-14 06:41:21 | DEBUG   | dpfl.core.base_simulator | Update norms — honest: ['0.03', '0.03', '0.03', '0.04', '0.03'], attacker: ['25.16', '17.56', '9.55', '21.02', '18.14']
2026-05-14 06:41:27 | INFO    | dpfl.core.base_simulator | Round  55/150 | Acc: 0.7895 | Loss: 0.5945 | eps: 0.00 | P: 1.00 R: 1.00 F1: 1.00
2026-05-14 06:41:27 | DEBUG   | dpfl.core.base_simulator | Update norms — honest: ['0.03', '0.34', '0.04', '0.03', '0.04'], attacker: ['122.21', '86.25', '52.48', '104.12', '93.56']
2026-05-14 06:41:29 | INFO    | dpfl.core.base_simulator | Round  56/150 | Acc: 0.7898 | Loss: 0.5936 | eps: 0.00 | P: 1.00 R: 1.00 F1: 1.00
2026-05-14 06:41:29 | DEBUG   | dpfl.core.base_simulator | Update norms — honest: ['0.03', '0.05', '0.04', '0.03', '0.03'], attacker: ['644.86', '491.84', '331.93', '556.11', '491.77']
2026-05-14 06:41:31 | INFO    | dpfl.core.base_simulator | Round  57/150 | Acc: 0.7903 | Loss: 0.5923 | eps: 0.00 | P: 1.00 R: 1.00 F1: 1.00
2026-05-14 06:41:31 | DEBUG   | dpfl.core.base_simulator | Update norms — honest: ['0.05', '0.03', '0.04', '0.03', '0.03'], attacker: ['3498.00', '2523.02', '2182.44', '3012.56', '2642.51']
2026-05-14 06:41:33 | INFO    | dpfl.core.base_simulator | Round  58/150 | Acc: 0.7904 | Loss: 0.5914 | eps: 0.00 | P: 1.00 R: 1.00 F1: 1.00
2026-05-14 06:41:33 | DEBUG   | dpfl.core.base_simulator | Update norms — honest: ['0.04', '0.04', '0.04', '0.04', '0.03'], attacker: ['19946.30', '15091.53', '14561.61', '17363.40', '15813.44']
2026-05-14 06:41:44 | INFO    | dpfl.core.base_simulator | Round  59/150 | Acc: 0.7911 | Loss: 0.5900 | eps: 0.00 | P: 1.00 R: 1.00 F1: 1.00
2026-05-14 06:41:44 | DEBUG   | dpfl.core.base_simulator | Update norms — honest: ['0.03', '0.04', '0.04', '0.04', '0.03'], attacker: ['108916.36', '94958.27', '99230.67', '103533.70', '96363.12']
2026-05-14 06:41:47 | INFO    | dpfl.core.base_simulator | Round  60/150 | Acc: 0.7913 | Loss: 0.5894 | eps: 0.00 | P: 1.00 R: 1.00 F1: 1.00
2026-05-14 06:41:47 | DEBUG   | dpfl.core.base_simulator | Update norms — honest: ['0.03', '0.03', '0.03', '0.03', '0.03'], attacker: ['686988.00', '574794.31', '589458.00', '620677.25', '584208.19']
2026-05-14 06:41:48 | INFO    | dpfl.core.base_simulator | Round  61/150 | Acc: 0.7917 | Loss: 0.5886 | eps: 0.00 | P: 1.00 R: 1.00 F1: 1.00
2026-05-14 06:41:48 | DEBUG   | dpfl.core.base_simulator | Update norms — honest: ['0.03', '0.03', '0.03', '0.03', '0.03'], attacker: ['4026146.75', '3571630.25', '3765477.25', '3546727.25', '3545243.75']
2026-05-14 06:41:50 | INFO    | dpfl.core.base_simulator | Round  62/150 | Acc: 0.7919 | Loss: 0.5880 | eps: 0.00 | P: 1.00 R: 1.00 F1: 1.00
2026-05-14 06:41:50 | DEBUG   | dpfl.core.base_simulator | Update norms — honest: ['0.03', '0.03', '0.03', '0.03', '0.04'], attacker: ['24014762.00', '22767268.00', '24364598.00', '23031830.00', '23203466.00']
2026-05-14 06:42:02 | INFO    | dpfl.core.base_simulator | Round  63/150 | Acc: 0.7922 | Loss: 0.5872 | eps: 0.00 | P: 1.00 R: 1.00 F1: 1.00
2026-05-14 06:42:02 | DEBUG   | dpfl.core.base_simulator | Update norms — honest: ['0.03', '0.04', '0.03', '0.03', '0.04'], attacker: ['145026480.00', '141590304.00', '145122912.00', '132182712.00', '141098368.00']
2026-05-14 06:42:04 | INFO    | dpfl.core.base_simulator | Round  64/150 | Acc: 0.7925 | Loss: 0.5864 | eps: 0.00 | P: 1.00 R: 1.00 F1: 1.00
2026-05-14 06:42:04 | DEBUG   | dpfl.core.base_simulator | Update norms — honest: ['0.04', '0.04', '0.03', '0.03', '0.03'], attacker: ['913862720.00', '864912960.00', '852384256.00', '876484480.00', '899384448.00']
2026-05-14 06:42:06 | INFO    | dpfl.core.base_simulator | Round  65/150 | Acc: 0.7927 | Loss: 0.5857 | eps: 0.00 | P: 1.00 R: 1.00 F1: 1.00
2026-05-14 06:42:06 | DEBUG   | dpfl.core.base_simulator | Update norms — honest: ['0.04', '0.03', '0.03', '0.03', '0.03'], attacker: ['5242056704.00', '5095191040.00', '5448378368.00', '5201229824.00', '5305111040.00']
2026-05-14 06:42:07 | INFO    | dpfl.core.base_simulator | Round  66/150 | Acc: 0.7932 | Loss: 0.5847 | eps: 0.00 | P: 1.00 R: 1.00 F1: 1.00
2026-05-14 06:42:07 | DEBUG   | dpfl.core.base_simulator | Update norms — honest: ['0.03', '0.03', '0.03', '0.03', '0.03'], attacker: ['35186618368.00', '34018248704.00', '34062938112.00', '34160060416.00', '34816585728.00']
2026-05-14 06:42:09 | INFO    | dpfl.core.base_simulator | Round  67/150 | Acc: 0.7937 | Loss: 0.5842 | eps: 0.00 | P: 1.00 R: 1.00 F1: 1.00
2026-05-14 06:42:09 | DEBUG   | dpfl.core.base_simulator | Update norms — honest: ['0.03', '0.04', '0.03', '0.03', '0.03'], attacker: ['210614288384.00', '204576309248.00', '221879943168.00', '205178257408.00', '211105464320.00']
2026-05-14 06:42:21 | INFO    | dpfl.core.base_simulator | Round  68/150 | Acc: 0.7936 | Loss: 0.5837 | eps: 0.00 | P: 1.00 R: 1.00 F1: 1.00
2026-05-14 06:42:21 | DEBUG   | dpfl.core.base_simulator | Update norms — honest: ['0.02', '0.03', '0.03', '0.03', '0.03'], attacker: ['1356774768640.00', '1366399909888.00', '1377681014784.00', '1393837211648.00', '1373501259776.00']
2026-05-14 06:42:23 | INFO    | dpfl.core.base_simulator | Round  69/150 | Acc: 0.7939 | Loss: 0.5832 | eps: 0.00 | P: 1.00 R: 1.00 F1: 1.00
2026-05-14 06:42:23 | DEBUG   | dpfl.core.base_simulator | Update norms — honest: ['0.02', '0.03', '0.03', '0.03', '0.03'], attacker: ['8472484642816.00', '8283116011520.00', '8317953376256.00', '7862299918336.00', '7935487377408.00']
2026-05-14 06:42:24 | INFO    | dpfl.core.base_simulator | Round  70/150 | Acc: 0.7940 | Loss: 0.5828 | eps: 0.00 | P: 1.00 R: 1.00 F1: 1.00
2026-05-14 06:42:24 | DEBUG   | dpfl.core.base_simulator | Update norms — honest: ['0.03', '0.03', '0.03', '0.03', '0.04'], attacker: ['54910070554624.00', '53329036050432.00', '54027530272768.00', '52779825496064.00', '52953733922816.00']
2026-05-14 06:42:26 | INFO    | dpfl.core.base_simulator | Round  71/150 | Acc: 0.7941 | Loss: 0.5823 | eps: 0.00 | P: 1.00 R: 1.00 F1: 1.00
2026-05-14 06:42:26 | DEBUG   | dpfl.core.base_simulator | Update norms — honest: ['0.03', '0.03', '0.03', '0.03', '0.03'], attacker: ['292538040713216.00', '325313036812288.00', '327326436950016.00', '321373880713216.00', '317697892024320.00']
2026-05-14 06:42:32 | INFO    | dpfl.core.base_simulator | Round  72/150 | Acc: 0.7943 | Loss: 0.5820 | eps: 0.00 | P: 1.00 R: 1.00 F1: 1.00
2026-05-14 06:42:32 | DEBUG   | dpfl.core.base_simulator | Update norms — honest: ['0.02', '0.03', '0.03', '0.02', '0.03'], attacker: ['2140033087700992.00', '2077752169594880.00', '2135741207412736.00', '2099359076319232.00', '2174406247841792.00']
2026-05-14 06:42:39 | INFO    | dpfl.core.base_simulator | Round  73/150 | Acc: 0.7947 | Loss: 0.5813 | eps: 0.00 | P: 1.00 R: 1.00 F1: 1.00
2026-05-14 06:42:39 | DEBUG   | dpfl.core.base_simulator | Update norms — honest: ['0.02', '0.03', '0.03', '0.02', '0.03'], attacker: ['12393895858012160.00', '12286396047818752.00', '13554857730375680.00', '13262657146585088.00', '13860810799448064.00']
2026-05-14 06:42:41 | INFO    | dpfl.core.base_simulator | Round  74/150 | Acc: 0.7948 | Loss: 0.5812 | eps: 0.00 | P: 1.00 R: 1.00 F1: 1.00
2026-05-14 06:42:41 | DEBUG   | dpfl.core.base_simulator | Update norms — honest: ['0.03', '0.04', '0.03', '0.03', '0.03'], attacker: ['82794797529563136.00', '83409879796023296.00', '83971412410236928.00', '84400462463238144.00', '82205845844131840.00']
2026-05-14 06:42:43 | INFO    | dpfl.core.base_simulator | Round  75/150 | Acc: 0.7950 | Loss: 0.5808 | eps: 0.00 | P: 1.00 R: 1.00 F1: 1.00
2026-05-14 06:42:43 | DEBUG   | dpfl.core.base_simulator | Update norms — honest: ['0.03', '0.03', '0.03', '0.03', '0.04'], attacker: ['488437184278298624.00', '495645067113922560.00', '470959278723694592.00', '504534549905014784.00', '530234294174482432.00']
2026-05-14 06:42:45 | INFO    | dpfl.core.base_simulator | Round  76/150 | Acc: 0.7949 | Loss: 0.5805 | eps: 0.00 | P: 1.00 R: 1.00 F1: 1.00
2026-05-14 06:42:45 | DEBUG   | dpfl.core.base_simulator | Update norms — honest: ['0.03', '0.03', '0.03', '0.03', '0.03'], attacker: ['3325540813051527168.00', '3223018500586995712.00', '3274192245644853248.00', '3180999289342001152.00', '3274078446191378432.00']
2026-05-14 06:42:55 | INFO    | dpfl.core.base_simulator | Round  77/150 | Acc: 0.7956 | Loss: 0.5799 | eps: 0.00 | P: 1.00 R: 1.00 F1: 1.00
2026-05-14 06:42:55 | DEBUG   | dpfl.core.base_simulator | Update norms — honest: ['0.03', '0.03', '0.03', '0.04', '0.03'], attacker: ['17299482854962495488.00', 'inf', '17783656098788540416.00', '18158552180464812032.00', 'inf']
2026-05-14 06:42:58 | INFO    | dpfl.core.base_simulator | Round  78/150 | Acc: 0.7954 | Loss: 0.5802 | eps: 0.00 | P: 1.00 R: 1.00 F1: 1.00
2026-05-14 06:42:58 | DEBUG   | dpfl.core.base_simulator | Update norms — honest: ['0.04', '0.03', '0.03', '0.04', '0.03'], attacker: ['nan', 'nan', 'nan', 'nan', 'nan']
2026-05-14 06:43:00 | INFO    | dpfl.core.base_simulator | Round  79/150 | Acc: 0.7958 | Loss: 0.5796 | eps: 0.00 | P: 1.00 R: 1.00 F1: 1.00
2026-05-14 06:43:00 | DEBUG   | dpfl.core.base_simulator | Update norms — honest: ['0.03', '0.02', '0.03', '0.03', '0.03'], attacker: ['nan', 'nan', 'nan', 'nan', 'nan']
2026-05-14 06:43:01 | INFO    | dpfl.core.base_simulator | Round  80/150 | Acc: 0.7959 | Loss: 0.5794 | eps: 0.00 | P: 1.00 R: 1.00 F1: 1.00
2026-05-14 06:43:01 | DEBUG   | dpfl.core.base_simulator | Update norms — honest: ['0.02', '0.03', '0.03', '0.03', '0.03'], attacker: ['nan', 'nan', 'nan', 'nan', 'nan']
2026-05-14 06:43:03 | INFO    | dpfl.core.base_simulator | Round  81/150 | Acc: 0.7960 | Loss: 0.5793 | eps: 0.00 | P: 1.00 R: 1.00 F1: 1.00
2026-05-14 06:43:03 | DEBUG   | dpfl.core.base_simulator | Update norms — honest: ['0.03', '0.03', '0.03', '0.03', '0.02'], attacker: ['nan', 'nan', 'nan', 'nan', 'nan']
2026-05-14 06:43:14 | INFO    | dpfl.core.base_simulator | Round  82/150 | Acc: 0.7960 | Loss: 0.5793 | eps: 0.00 | P: 1.00 R: 1.00 F1: 1.00
2026-05-14 06:43:14 | DEBUG   | dpfl.core.base_simulator | Update norms — honest: ['0.03', '0.03', '0.03', '0.02', '0.02'], attacker: ['nan', 'nan', 'nan', 'nan', 'nan']
2026-05-14 06:43:16 | INFO    | dpfl.core.base_simulator | Round  83/150 | Acc: 0.7963 | Loss: 0.5788 | eps: 0.00 | P: 1.00 R: 1.00 F1: 1.00
2026-05-14 06:43:16 | DEBUG   | dpfl.core.base_simulator | Update norms — honest: ['0.02', '0.03', '0.03', '0.02', '0.03'], attacker: ['nan', 'nan', 'nan', 'nan', 'nan']
2026-05-14 06:43:18 | INFO    | dpfl.core.base_simulator | Round  84/150 | Acc: 0.7964 | Loss: 0.5792 | eps: 0.00 | P: 1.00 R: 1.00 F1: 1.00
2026-05-14 06:43:18 | DEBUG   | dpfl.core.base_simulator | Update norms — honest: ['0.03', '0.02', '0.03', '0.03', '0.02'], attacker: ['nan', 'nan', 'nan', 'nan', 'nan']
2026-05-14 06:43:19 | INFO    | dpfl.core.base_simulator | Round  85/150 | Acc: 0.7963 | Loss: 0.5790 | eps: 0.00 | P: 1.00 R: 1.00 F1: 1.00
2026-05-14 06:43:19 | DEBUG   | dpfl.core.base_simulator | Update norms — honest: ['0.02', '0.03', '0.03', '0.02', '0.02'], attacker: ['nan', 'nan', 'nan', 'nan', 'nan']
2026-05-14 06:43:21 | INFO    | dpfl.core.base_simulator | Round  86/150 | Acc: 0.7967 | Loss: 0.5786 | eps: 0.00 | P: 1.00 R: 1.00 F1: 1.00
2026-05-14 06:43:21 | DEBUG   | dpfl.core.base_simulator | Update norms — honest: ['0.03', '0.03', '0.03', '0.03', '0.02'], attacker: ['nan', 'nan', 'nan', 'nan', 'nan']
2026-05-14 06:43:32 | INFO    | dpfl.core.base_simulator | Round  87/150 | Acc: 0.7966 | Loss: 0.5788 | eps: 0.00 | P: 1.00 R: 1.00 F1: 1.00
2026-05-14 06:43:32 | DEBUG   | dpfl.core.base_simulator | Update norms — honest: ['0.03', '0.03', '0.03', '0.03', '0.03'], attacker: ['nan', 'nan', 'nan', 'nan', 'nan']
2026-05-14 06:43:34 | INFO    | dpfl.core.base_simulator | Round  88/150 | Acc: 0.7968 | Loss: 0.5790 | eps: 0.00 | P: 1.00 R: 1.00 F1: 1.00
2026-05-14 06:43:34 | DEBUG   | dpfl.core.base_simulator | Update norms — honest: ['0.03', '0.03', '0.03', '0.02', '0.02'], attacker: ['nan', 'nan', 'nan', 'nan', 'nan']
2026-05-14 06:43:36 | INFO    | dpfl.core.base_simulator | Round  89/150 | Acc: 0.7969 | Loss: 0.5785 | eps: 0.00 | P: 1.00 R: 1.00 F1: 1.00
2026-05-14 06:43:36 | DEBUG   | dpfl.core.base_simulator | Update norms — honest: ['0.03', '0.03', '0.02', '0.02', '0.03'], attacker: ['nan', 'nan', 'nan', 'nan', 'nan']
2026-05-14 06:43:38 | INFO    | dpfl.core.base_simulator | Round  90/150 | Acc: 0.7969 | Loss: 0.5787 | eps: 0.00 | P: 1.00 R: 1.00 F1: 1.00
2026-05-14 06:43:38 | DEBUG   | dpfl.core.base_simulator | Update norms — honest: ['0.02', '0.04', '0.03', '0.03', '0.02'], attacker: ['nan', 'nan', 'nan', 'nan', 'nan']
2026-05-14 06:43:45 | INFO    | dpfl.core.base_simulator | Round  91/150 | Acc: 0.7972 | Loss: 0.5785 | eps: 0.00 | P: 1.00 R: 1.00 F1: 1.00
2026-05-14 06:43:45 | DEBUG   | dpfl.core.base_simulator | Update norms — honest: ['0.03', '0.03', '0.03', '0.03', '0.03'], attacker: ['nan', 'nan', 'nan', 'nan', 'nan']
2026-05-14 06:43:51 | INFO    | dpfl.core.base_simulator | Round  92/150 | Acc: 0.7973 | Loss: 0.5785 | eps: 0.00 | P: 1.00 R: 1.00 F1: 1.00
2026-05-14 06:43:51 | DEBUG   | dpfl.core.base_simulator | Update norms — honest: ['0.03', '0.04', '0.02', '0.02', '0.04'], attacker: ['nan', 'nan', 'nan', 'nan', 'nan']
2026-05-14 06:43:53 | INFO    | dpfl.core.base_simulator | Round  93/150 | Acc: 0.7971 | Loss: 0.5787 | eps: 0.00 | P: 1.00 R: 1.00 F1: 1.00
2026-05-14 06:43:53 | DEBUG   | dpfl.core.base_simulator | Update norms — honest: ['0.03', '0.03', '0.03', '0.02', '0.03'], attacker: ['nan', 'nan', 'nan', 'nan', 'nan']
2026-05-14 06:43:55 | INFO    | dpfl.core.base_simulator | Round  94/150 | Acc: 0.7977 | Loss: 0.5782 | eps: 0.00 | P: 1.00 R: 1.00 F1: 1.00
2026-05-14 06:43:55 | DEBUG   | dpfl.core.base_simulator | Update norms — honest: ['0.03', '0.02', '0.02', '0.03', '0.02'], attacker: ['nan', 'nan', 'nan', 'nan', 'nan']
2026-05-14 06:43:56 | INFO    | dpfl.core.base_simulator | Round  95/150 | Acc: 0.7976 | Loss: 0.5787 | eps: 0.00 | P: 1.00 R: 1.00 F1: 1.00
2026-05-14 06:43:56 | DEBUG   | dpfl.core.base_simulator | Update norms — honest: ['0.03', '0.03', '0.03', '0.03', '0.03'], attacker: ['nan', 'nan', 'nan', 'nan', 'nan']
2026-05-14 06:44:01 | INFO    | dpfl.core.base_simulator | Round  96/150 | Acc: 0.7975 | Loss: 0.5788 | eps: 0.00 | P: 1.00 R: 1.00 F1: 1.00
2026-05-14 06:44:01 | DEBUG   | dpfl.core.base_simulator | Update norms — honest: ['0.04', '0.03', '0.03', '0.03', '0.03'], attacker: ['nan', 'nan', 'nan', 'nan', 'nan']
2026-05-14 06:44:09 | INFO    | dpfl.core.base_simulator | Round  97/150 | Acc: 0.7975 | Loss: 0.5791 | eps: 0.00 | P: 1.00 R: 1.00 F1: 1.00
2026-05-14 06:44:09 | DEBUG   | dpfl.core.base_simulator | Update norms — honest: ['0.03', '0.02', '0.03', '0.04', '0.03'], attacker: ['nan', 'nan', 'nan', 'nan', 'nan']
2026-05-14 06:44:11 | INFO    | dpfl.core.base_simulator | Round  98/150 | Acc: 0.7978 | Loss: 0.5789 | eps: 0.00 | P: 1.00 R: 1.00 F1: 1.00
2026-05-14 06:44:11 | DEBUG   | dpfl.core.base_simulator | Update norms — honest: ['0.03', '0.02', '0.03', '0.03', '0.04'], attacker: ['nan', 'nan', 'nan', 'nan', 'nan']
2026-05-14 06:44:13 | INFO    | dpfl.core.base_simulator | Round  99/150 | Acc: 0.7978 | Loss: 0.5790 | eps: 0.00 | P: 1.00 R: 1.00 F1: 1.00
2026-05-14 06:44:13 | DEBUG   | dpfl.core.base_simulator | Update norms — honest: ['0.03', '0.03', '0.04', '0.03', '0.02'], attacker: ['nan', 'nan', 'nan', 'nan', 'nan']
2026-05-14 06:44:14 | INFO    | dpfl.core.base_simulator | Round 100/150 | Acc: 0.7981 | Loss: 0.5794 | eps: 0.00 | P: 1.00 R: 1.00 F1: 1.00
2026-05-14 06:44:14 | DEBUG   | dpfl.core.base_simulator | Update norms — honest: ['0.02', '0.03', '0.03', '0.02', '0.02'], attacker: ['nan', 'nan', 'nan', 'nan', 'nan']
2026-05-14 06:44:21 | INFO    | dpfl.core.base_simulator | Round 101/150 | Acc: 0.7981 | Loss: 0.5792 | eps: 0.00 | P: 1.00 R: 1.00 F1: 1.00
2026-05-14 06:44:21 | DEBUG   | dpfl.core.base_simulator | Update norms — honest: ['0.03', '0.03', '0.02', '0.03', '0.03'], attacker: ['nan', 'nan', 'nan', 'nan', 'nan']
2026-05-14 06:44:27 | INFO    | dpfl.core.base_simulator | Round 102/150 | Acc: 0.7982 | Loss: 0.5796 | eps: 0.00 | P: 1.00 R: 1.00 F1: 1.00
2026-05-14 06:44:27 | DEBUG   | dpfl.core.base_simulator | Update norms — honest: ['0.02', '0.02', '0.02', '0.02', '0.03'], attacker: ['nan', 'nan', 'nan', 'nan', 'nan']
2026-05-14 06:44:29 | INFO    | dpfl.core.base_simulator | Round 103/150 | Acc: 0.7980 | Loss: 0.5800 | eps: 0.00 | P: 1.00 R: 1.00 F1: 1.00
2026-05-14 06:44:29 | DEBUG   | dpfl.core.base_simulator | Update norms — honest: ['0.02', '0.03', '0.03', '0.02', '0.02'], attacker: ['nan', 'nan', 'nan', 'nan', 'nan']
2026-05-14 06:44:31 | INFO    | dpfl.core.base_simulator | Round 104/150 | Acc: 0.7982 | Loss: 0.5800 | eps: 0.00 | P: 1.00 R: 1.00 F1: 1.00
2026-05-14 06:44:31 | DEBUG   | dpfl.core.base_simulator | Update norms — honest: ['0.02', '0.03', '0.03', '0.02', '0.03'], attacker: ['nan', 'nan', 'nan', 'nan', 'nan']
2026-05-14 06:44:33 | INFO    | dpfl.core.base_simulator | Round 105/150 | Acc: 0.7981 | Loss: 0.5806 | eps: 0.00 | P: 1.00 R: 1.00 F1: 1.00
2026-05-14 06:44:33 | DEBUG   | dpfl.core.base_simulator | Update norms — honest: ['0.02', '0.02', '0.03', '0.02', '0.03'], attacker: ['nan', 'nan', 'nan', 'nan', 'nan']
2026-05-14 06:44:42 | INFO    | dpfl.core.base_simulator | Round 106/150 | Acc: 0.7982 | Loss: 0.5804 | eps: 0.00 | P: 1.00 R: 1.00 F1: 1.00
2026-05-14 06:44:42 | DEBUG   | dpfl.core.base_simulator | Update norms — honest: ['0.03', '0.03', '0.03', '0.02', '0.02'], attacker: ['nan', 'nan', 'nan', 'nan', 'nan']
2026-05-14 06:44:46 | INFO    | dpfl.core.base_simulator | Round 107/150 | Acc: 0.7983 | Loss: 0.5806 | eps: 0.00 | P: 1.00 R: 1.00 F1: 1.00
2026-05-14 06:44:46 | DEBUG   | dpfl.core.base_simulator | Update norms — honest: ['0.02', '0.03', '0.04', '0.03', '0.02'], attacker: ['nan', 'nan', 'nan', 'nan', 'nan']
2026-05-14 06:44:47 | INFO    | dpfl.core.base_simulator | Round 108/150 | Acc: 0.7984 | Loss: 0.5804 | eps: 0.00 | P: 1.00 R: 1.00 F1: 1.00
2026-05-14 06:44:47 | DEBUG   | dpfl.core.base_simulator | Update norms — honest: ['0.03', '0.02', '0.03', '0.03', '0.03'], attacker: ['nan', 'nan', 'nan', 'nan', 'nan']
2026-05-14 06:44:49 | INFO    | dpfl.core.base_simulator | Round 109/150 | Acc: 0.7984 | Loss: 0.5813 | eps: 0.00 | P: 1.00 R: 1.00 F1: 1.00
2026-05-14 06:44:49 | DEBUG   | dpfl.core.base_simulator | Update norms — honest: ['0.03', '0.02', '0.02', '0.03', '0.02'], attacker: ['nan', 'nan', 'nan', 'nan', 'nan']
2026-05-14 06:44:51 | INFO    | dpfl.core.base_simulator | Round 110/150 | Acc: 0.7986 | Loss: 0.5811 | eps: 0.00 | P: 1.00 R: 1.00 F1: 1.00
2026-05-14 06:44:51 | DEBUG   | dpfl.core.base_simulator | Update norms — honest: ['0.02', '0.02', '0.03', '0.03', '0.03'], attacker: ['nan', 'nan', 'nan', 'nan', 'nan']
2026-05-14 06:44:56 | INFO    | dpfl.core.base_simulator | Round 111/150 | Acc: 0.7985 | Loss: 0.5815 | eps: 0.00 | P: 1.00 R: 1.00 F1: 1.00
2026-05-14 06:44:56 | DEBUG   | dpfl.core.base_simulator | Update norms — honest: ['0.03', '0.02', '0.03', '0.03', '0.02'], attacker: ['nan', 'nan', 'nan', 'nan', 'nan']
2026-05-14 06:45:03 | INFO    | dpfl.core.base_simulator | Round 112/150 | Acc: 0.7983 | Loss: 0.5824 | eps: 0.00 | P: 1.00 R: 1.00 F1: 1.00
2026-05-14 06:45:03 | DEBUG   | dpfl.core.base_simulator | Update norms — honest: ['0.02', '0.02', '0.03', '0.04', '0.02'], attacker: ['nan', 'nan', 'nan', 'nan', 'nan']
2026-05-14 06:45:05 | INFO    | dpfl.core.base_simulator | Round 113/150 | Acc: 0.7987 | Loss: 0.5820 | eps: 0.00 | P: 1.00 R: 1.00 F1: 1.00
2026-05-14 06:45:05 | DEBUG   | dpfl.core.base_simulator | Update norms — honest: ['0.03', '0.02', '0.02', '0.03', '0.02'], attacker: ['nan', 'nan', 'nan', 'nan', 'nan']
2026-05-14 06:45:07 | INFO    | dpfl.core.base_simulator | Round 114/150 | Acc: 0.7987 | Loss: 0.5826 | eps: 0.00 | P: 1.00 R: 1.00 F1: 1.00
2026-05-14 06:45:07 | DEBUG   | dpfl.core.base_simulator | Update norms — honest: ['0.03', '0.03', '0.03', '0.02', '0.03'], attacker: ['nan', 'nan', 'nan', 'nan', 'nan']
2026-05-14 06:45:08 | INFO    | dpfl.core.base_simulator | Round 115/150 | Acc: 0.7984 | Loss: 0.5830 | eps: 0.00 | P: 1.00 R: 1.00 F1: 1.00
2026-05-14 06:45:08 | DEBUG   | dpfl.core.base_simulator | Update norms — honest: ['0.02', '0.02', '0.02', '0.02', '0.03'], attacker: ['nan', 'nan', 'nan', 'nan', 'nan']
2026-05-14 06:45:10 | INFO    | dpfl.core.base_simulator | Round 116/150 | Acc: 0.7989 | Loss: 0.5830 | eps: 0.00 | P: 1.00 R: 1.00 F1: 1.00
2026-05-14 06:45:10 | DEBUG   | dpfl.core.base_simulator | Update norms — honest: ['0.03', '0.03', '0.03', '0.03', '0.03'], attacker: ['nan', 'nan', 'nan', 'nan', 'nan']
2026-05-14 06:45:21 | INFO    | dpfl.core.base_simulator | Round 117/150 | Acc: 0.7989 | Loss: 0.5830 | eps: 0.00 | P: 1.00 R: 1.00 F1: 1.00
2026-05-14 06:45:21 | DEBUG   | dpfl.core.base_simulator | Update norms — honest: ['0.02', '0.02', '0.03', '0.03', '0.03'], attacker: ['nan', 'nan', 'nan', 'nan', 'nan']
2026-05-14 06:45:23 | INFO    | dpfl.core.base_simulator | Round 118/150 | Acc: 0.7989 | Loss: 0.5837 | eps: 0.00 | P: 1.00 R: 1.00 F1: 1.00
2026-05-14 06:45:23 | DEBUG   | dpfl.core.base_simulator | Update norms — honest: ['0.03', '0.02', '0.03', '0.04', '0.02'], attacker: ['nan', 'nan', 'nan', 'nan', 'nan']
2026-05-14 06:45:25 | INFO    | dpfl.core.base_simulator | Round 119/150 | Acc: 0.7990 | Loss: 0.5840 | eps: 0.00 | P: 1.00 R: 1.00 F1: 1.00
2026-05-14 06:45:25 | DEBUG   | dpfl.core.base_simulator | Update norms — honest: ['0.02', '0.02', '0.02', '0.03', '0.03'], attacker: ['nan', 'nan', 'nan', 'nan', 'nan']
2026-05-14 06:45:26 | INFO    | dpfl.core.base_simulator | Round 120/150 | Acc: 0.7988 | Loss: 0.5841 | eps: 0.00 | P: 1.00 R: 1.00 F1: 1.00
2026-05-14 06:45:26 | DEBUG   | dpfl.core.base_simulator | Update norms — honest: ['0.03', '0.02', '0.03', '0.02', '0.02'], attacker: ['nan', 'nan', 'nan', 'nan', 'nan']
2026-05-14 06:45:31 | INFO    | dpfl.core.base_simulator | Round 121/150 | Acc: 0.7989 | Loss: 0.5847 | eps: 0.00 | P: 1.00 R: 1.00 F1: 1.00
2026-05-14 06:45:31 | DEBUG   | dpfl.core.base_simulator | Update norms — honest: ['0.03', '0.02', '0.03', '0.03', '0.03'], attacker: ['nan', 'nan', 'nan', 'nan', 'nan']
2026-05-14 06:45:40 | INFO    | dpfl.core.base_simulator | Round 122/150 | Acc: 0.7992 | Loss: 0.5849 | eps: 0.00 | P: 1.00 R: 1.00 F1: 1.00
2026-05-14 06:45:40 | DEBUG   | dpfl.core.base_simulator | Update norms — honest: ['0.03', '0.02', '0.03', '0.03', '0.03'], attacker: ['nan', 'nan', 'nan', 'nan', 'nan']
2026-05-14 06:45:41 | INFO    | dpfl.core.base_simulator | Round 123/150 | Acc: 0.7989 | Loss: 0.5857 | eps: 0.00 | P: 1.00 R: 1.00 F1: 1.00
2026-05-14 06:45:41 | DEBUG   | dpfl.core.base_simulator | Update norms — honest: ['0.03', '0.03', '0.03', '0.02', '0.02'], attacker: ['nan', 'nan', 'nan', 'nan', 'nan']
2026-05-14 06:45:43 | INFO    | dpfl.core.base_simulator | Round 124/150 | Acc: 0.7989 | Loss: 0.5861 | eps: 0.00 | P: 1.00 R: 1.00 F1: 1.00
2026-05-14 06:45:43 | DEBUG   | dpfl.core.base_simulator | Update norms — honest: ['0.02', '0.02', '0.03', '0.02', '0.02'], attacker: ['nan', 'nan', 'nan', 'nan', 'nan']
2026-05-14 06:45:45 | INFO    | dpfl.core.base_simulator | Round 125/150 | Acc: 0.7991 | Loss: 0.5862 | eps: 0.00 | P: 1.00 R: 1.00 F1: 1.00
2026-05-14 06:45:45 | DEBUG   | dpfl.core.base_simulator | Update norms — honest: ['0.02', '0.02', '0.02', '0.02', '0.02'], attacker: ['nan', 'nan', 'nan', 'nan', 'nan']
2026-05-14 06:45:48 | INFO    | dpfl.core.base_simulator | Round 126/150 | Acc: 0.7990 | Loss: 0.5868 | eps: 0.00 | P: 1.00 R: 1.00 F1: 1.00
2026-05-14 06:45:48 | DEBUG   | dpfl.core.base_simulator | Update norms — honest: ['0.02', '0.02', '0.03', '0.03', '0.02'], attacker: ['nan', 'nan', 'nan', 'nan', 'nan']
2026-05-14 06:45:57 | INFO    | dpfl.core.base_simulator | Round 127/150 | Acc: 0.7990 | Loss: 0.5870 | eps: 0.00 | P: 1.00 R: 1.00 F1: 1.00
2026-05-14 06:45:57 | DEBUG   | dpfl.core.base_simulator | Update norms — honest: ['0.03', '0.02', '0.03', '0.02', '0.03'], attacker: ['nan', 'nan', 'nan', 'nan', 'nan']
2026-05-14 06:45:59 | INFO    | dpfl.core.base_simulator | Round 128/150 | Acc: 0.7989 | Loss: 0.5878 | eps: 0.00 | P: 1.00 R: 1.00 F1: 1.00
2026-05-14 06:45:59 | DEBUG   | dpfl.core.base_simulator | Update norms — honest: ['0.02', '0.02', '0.02', '0.02', '0.02'], attacker: ['nan', 'nan', 'nan', 'nan', 'nan']
2026-05-14 06:46:01 | INFO    | dpfl.core.base_simulator | Round 129/150 | Acc: 0.7992 | Loss: 0.5878 | eps: 0.00 | P: 1.00 R: 1.00 F1: 1.00
2026-05-14 06:46:01 | DEBUG   | dpfl.core.base_simulator | Update norms — honest: ['0.03', '0.03', '0.02', '0.02', '0.02'], attacker: ['nan', 'nan', 'nan', 'nan', 'nan']
2026-05-14 06:46:02 | INFO    | dpfl.core.base_simulator | Round 130/150 | Acc: 0.7989 | Loss: 0.5887 | eps: 0.00 | P: 1.00 R: 1.00 F1: 1.00
2026-05-14 06:46:02 | DEBUG   | dpfl.core.base_simulator | Update norms — honest: ['0.03', '0.03', '0.03', '0.02', '0.03'], attacker: ['nan', 'nan', 'nan', 'nan', 'nan']
2026-05-14 06:46:04 | INFO    | dpfl.core.base_simulator | Round 131/150 | Acc: 0.7994 | Loss: 0.5884 | eps: 0.00 | P: 1.00 R: 1.00 F1: 1.00
2026-05-14 06:46:04 | DEBUG   | dpfl.core.base_simulator | Update norms — honest: ['0.02', '0.03', '0.03', '0.02', '0.02'], attacker: ['nan', 'nan', 'nan', 'nan', 'nan']
2026-05-14 06:46:06 | INFO    | dpfl.core.base_simulator | Round 132/150 | Acc: 0.7993 | Loss: 0.5891 | eps: 0.00 | P: 1.00 R: 1.00 F1: 1.00
2026-05-14 06:46:06 | DEBUG   | dpfl.core.base_simulator | Update norms — honest: ['0.03', '0.03', '0.03', '0.02', '0.03'], attacker: ['nan', 'nan', 'nan', 'nan', 'nan']
2026-05-14 06:46:08 | INFO    | dpfl.core.base_simulator | Round 133/150 | Acc: 0.7991 | Loss: 0.5896 | eps: 0.00 | P: 1.00 R: 1.00 F1: 1.00
2026-05-14 06:46:08 | DEBUG   | dpfl.core.base_simulator | Update norms — honest: ['0.03', '0.02', '0.02', '0.03', '0.02'], attacker: ['nan', 'nan', 'nan', 'nan', 'nan']
2026-05-14 06:46:32 | INFO    | dpfl.core.base_simulator | Round 134/150 | Acc: 0.7991 | Loss: 0.5902 | eps: 0.00 | P: 1.00 R: 1.00 F1: 1.00
2026-05-14 06:46:32 | DEBUG   | dpfl.core.base_simulator | Update norms — honest: ['0.03', '0.02', '0.03', '0.03', '0.02'], attacker: ['nan', 'nan', 'nan', 'nan', 'nan']
2026-05-14 06:46:57 | INFO    | dpfl.core.base_simulator | Round 135/150 | Acc: 0.7992 | Loss: 0.5906 | eps: 0.00 | P: 1.00 R: 1.00 F1: 1.00
2026-05-14 06:46:57 | DEBUG   | dpfl.core.base_simulator | Update norms — honest: ['0.02', '0.02', '0.03', '0.02', '0.02'], attacker: ['nan', 'nan', 'nan', 'nan', 'nan']
2026-05-14 06:47:32 | INFO    | dpfl.core.base_simulator | Round 136/150 | Acc: 0.7994 | Loss: 0.5908 | eps: 0.00 | P: 1.00 R: 1.00 F1: 1.00
2026-05-14 06:47:32 | DEBUG   | dpfl.core.base_simulator | Update norms — honest: ['0.02', '0.02', '0.02', '0.02', '0.02'], attacker: ['nan', 'nan', 'nan', 'nan', 'nan']
2026-05-14 06:47:44 | INFO    | dpfl.core.base_simulator | Round 137/150 | Acc: 0.7993 | Loss: 0.5911 | eps: 0.00 | P: 1.00 R: 1.00 F1: 1.00
2026-05-14 06:47:44 | DEBUG   | dpfl.core.base_simulator | Update norms — honest: ['0.02', '0.02', '0.03', '0.02', '0.02'], attacker: ['nan', 'nan', 'nan', 'nan', 'nan']
2026-05-14 06:47:46 | INFO    | dpfl.core.base_simulator | Round 138/150 | Acc: 0.7992 | Loss: 0.5917 | eps: 0.00 | P: 1.00 R: 1.00 F1: 1.00
2026-05-14 06:47:46 | DEBUG   | dpfl.core.base_simulator | Update norms — honest: ['0.02', '0.02', '0.02', '0.02', '0.02'], attacker: ['nan', 'nan', 'nan', 'nan', 'nan']
2026-05-14 06:47:47 | INFO    | dpfl.core.base_simulator | Round 139/150 | Acc: 0.7993 | Loss: 0.5923 | eps: 0.00 | P: 1.00 R: 1.00 F1: 1.00
2026-05-14 06:47:47 | DEBUG   | dpfl.core.base_simulator | Update norms — honest: ['0.03', '0.02', '0.03', '0.02', '0.03'], attacker: ['nan', 'nan', 'nan', 'nan', 'nan']
2026-05-14 06:47:58 | INFO    | dpfl.core.base_simulator | Round 140/150 | Acc: 0.7992 | Loss: 0.5928 | eps: 0.00 | P: 1.00 R: 1.00 F1: 1.00
2026-05-14 06:47:58 | DEBUG   | dpfl.core.base_simulator | Update norms — honest: ['0.03', '0.02', '0.02', '0.02', '0.02'], attacker: ['nan', 'nan', 'nan', 'nan', 'nan']
2026-05-14 06:48:03 | INFO    | dpfl.core.base_simulator | Round 141/150 | Acc: 0.7992 | Loss: 0.5937 | eps: 0.00 | P: 1.00 R: 1.00 F1: 1.00
2026-05-14 06:48:03 | DEBUG   | dpfl.core.base_simulator | Update norms — honest: ['0.03', '0.02', '0.02', '0.02', '0.02'], attacker: ['nan', 'nan', 'nan', 'nan', 'nan']
2026-05-14 06:48:14 | INFO    | dpfl.core.base_simulator | Round 142/150 | Acc: 0.7992 | Loss: 0.5938 | eps: 0.00 | P: 1.00 R: 1.00 F1: 1.00
2026-05-14 06:48:14 | DEBUG   | dpfl.core.base_simulator | Update norms — honest: ['0.02', '0.03', '0.02', '0.02', '0.02'], attacker: ['nan', 'nan', 'nan', 'nan', 'nan']
2026-05-14 06:48:23 | INFO    | dpfl.core.base_simulator | Round 143/150 | Acc: 0.7992 | Loss: 0.5944 | eps: 0.00 | P: 1.00 R: 1.00 F1: 1.00
2026-05-14 06:48:23 | DEBUG   | dpfl.core.base_simulator | Update norms — honest: ['0.03', '0.02', '0.02', '0.02', '0.02'], attacker: ['nan', 'nan', 'nan', 'nan', 'nan']
2026-05-14 06:48:29 | INFO    | dpfl.core.base_simulator | Round 144/150 | Acc: 0.7994 | Loss: 0.5948 | eps: 0.00 | P: 1.00 R: 1.00 F1: 1.00
2026-05-14 06:48:29 | DEBUG   | dpfl.core.base_simulator | Update norms — honest: ['0.02', '0.02', '0.02', '0.02', '0.02'], attacker: ['nan', 'nan', 'nan', 'nan', 'nan']
2026-05-14 06:48:38 | INFO    | dpfl.core.base_simulator | Round 145/150 | Acc: 0.7994 | Loss: 0.5955 | eps: 0.00 | P: 1.00 R: 1.00 F1: 1.00
2026-05-14 06:48:38 | DEBUG   | dpfl.core.base_simulator | Update norms — honest: ['0.02', '0.02', '0.02', '0.02', '0.02'], attacker: ['nan', 'nan', 'nan', 'nan', 'nan']
2026-05-14 06:48:48 | INFO    | dpfl.core.base_simulator | Round 146/150 | Acc: 0.7992 | Loss: 0.5960 | eps: 0.00 | P: 1.00 R: 1.00 F1: 1.00
2026-05-14 06:48:48 | DEBUG   | dpfl.core.base_simulator | Update norms — honest: ['0.02', '0.03', '0.02', '0.02', '0.02'], attacker: ['nan', 'nan', 'nan', 'nan', 'nan']
2026-05-14 06:48:52 | INFO    | dpfl.core.base_simulator | Round 147/150 | Acc: 0.7993 | Loss: 0.5966 | eps: 0.00 | P: 1.00 R: 1.00 F1: 1.00
2026-05-14 06:48:52 | DEBUG   | dpfl.core.base_simulator | Update norms — honest: ['0.02', '0.02', '0.02', '0.02', '0.02'], attacker: ['nan', 'nan', 'nan', 'nan', 'nan']
2026-05-14 06:49:02 | INFO    | dpfl.core.base_simulator | Round 148/150 | Acc: 0.7992 | Loss: 0.5967 | eps: 0.00 | P: 1.00 R: 1.00 F1: 1.00
2026-05-14 06:49:02 | DEBUG   | dpfl.core.base_simulator | Update norms — honest: ['0.03', '0.02', '0.02', '0.02', '0.02'], attacker: ['nan', 'nan', 'nan', 'nan', 'nan']
2026-05-14 06:49:12 | INFO    | dpfl.core.base_simulator | Round 149/150 | Acc: 0.7993 | Loss: 0.5977 | eps: 0.00 | P: 1.00 R: 1.00 F1: 1.00
2026-05-14 06:49:12 | DEBUG   | dpfl.core.base_simulator | Update norms — honest: ['0.02', '0.02', '0.02', '0.02', '0.02'], attacker: ['nan', 'nan', 'nan', 'nan', 'nan']
2026-05-14 06:49:16 | INFO    | dpfl.core.base_simulator | Round 150/150 | Acc: 0.7993 | Loss: 0.5979 | eps: 0.00 | P: 1.00 R: 1.00 F1: 1.00
2026-05-14 06:49:16 | DEBUG   | dpfl.core.base_simulator | Update norms — honest: ['0.02', '0.02', '0.02', '0.02', '0.02'], attacker: ['nan', 'nan', 'nan', 'nan', 'nan']
2026-05-14 06:49:18 | INFO    | dpfl | Experiment complete in 773.8s
============================================================
REPORT: DP-SGD Decentralized Federated Learning
============================================================
Timestamp:                  20260514_063622
Rounds completed:           150
Attack-active rounds:       100  (from round 50)
Final accuracy:             0.7993
Final test loss:            0.5979
Final epsilon:              0.00
Best alpha:                 None
Avg precision:              1.0000
Avg recall:                 0.9699
Avg F1 score:               1.0000
Avg update norm (honest):   0.0389
Avg update norm (attacker): nan
============================================================
