2026-05-14 06:16:36 | INFO    | dpfl | Experiment start: algorithm=balance, dataset=fashion_mnist, model=mlp, device=cuda
2026-05-14 06:16:36 | INFO    | dpfl | Config: nodes=500, attackers=300, rounds=150, noise_mode=none, attack=scale
2026-05-14 06:16:36 | INFO    | dpfl.data.fashion_mnist_dataset | Loading Fashion-MNIST dataset...
2026-05-14 06:16:36 | INFO    | dpfl.data.fashion_mnist_dataset | Fashion-MNIST loaded: 60000 train, 10000 test samples
2026-05-14 06:18:46 | INFO    | dpfl.core.base_simulator | Vectorized state ready: param_spec.D=50890, X_test=(10000, 1, 28, 28), train clients N=500, max_n_samples=1000
2026-05-14 06:18:46 | INFO    | dpfl.core.base_simulator | Setup complete: 500 nodes (300 attackers), param_dim=50890, split=iid
2026-05-14 06:18:46 | DEBUG   | dpfl.core.base_simulator | Attacker IDs: {0, 1, 2, 3, 4, 5, 6, 7, 8, 9, 10, 11, 12, 13, 14, 15, 16, 17, 18, 19, 20, 21, 22, 23, 24, 25, 26, 27, 28, 29, 30, 31, 32, 33, 34, 35, 36, 37, 38, 39, 40, 41, 42, 43, 44, 45, 46, 47, 48, 49, 50, 51, 52, 53, 54, 55, 56, 57, 58, 59, 60, 61, 62, 63, 64, 65, 66, 67, 68, 69, 70, 71, 72, 73, 74, 75, 76, 77, 78, 79, 80, 81, 82, 83, 84, 85, 86, 87, 88, 89, 90, 91, 92, 93, 94, 95, 96, 97, 98, 99, 100, 101, 102, 103, 104, 105, 106, 107, 108, 109, 110, 111, 112, 113, 114, 115, 116, 117, 118, 119, 120, 121, 122, 123, 124, 125, 126, 127, 128, 129, 130, 131, 132, 133, 134, 135, 136, 137, 138, 139, 140, 141, 142, 143, 144, 145, 146, 147, 148, 149, 150, 151, 152, 153, 154, 155, 156, 157, 158, 159, 160, 161, 162, 163, 164, 165, 166, 167, 168, 169, 170, 171, 172, 173, 174, 175, 176, 177, 178, 179, 180, 181, 182, 183, 184, 185, 186, 187, 188, 189, 190, 191, 192, 193, 194, 195, 196, 197, 198, 199, 200, 201, 202, 203, 204, 205, 206, 207, 208, 209, 210, 211, 212, 213, 214, 215, 216, 217, 218, 219, 220, 221, 222, 223, 224, 225, 226, 227, 228, 229, 230, 231, 232, 233, 234, 235, 236, 237, 238, 239, 240, 241, 242, 243, 244, 245, 246, 247, 248, 249, 250, 251, 252, 253, 254, 255, 256, 257, 258, 259, 260, 261, 262, 263, 264, 265, 266, 267, 268, 269, 270, 271, 272, 273, 274, 275, 276, 277, 278, 279, 280, 281, 282, 283, 284, 285, 286, 287, 288, 289, 290, 291, 292, 293, 294, 295, 296, 297, 298, 299}
2026-05-14 06:18:56 | INFO    | dpfl.core.base_simulator | Round   1/150 | Acc: 0.4589 | Loss: 1.9726 | eps: 0.00 | P: nan R: nan F1: nan
2026-05-14 06:18:56 | DEBUG   | dpfl.core.base_simulator | Update norms — honest: ['0.23', '0.24', '0.23', '0.23', '0.24'], attacker: ['0.23', '0.23', '0.24', '0.23', '0.24']
2026-05-14 06:19:06 | INFO    | dpfl.core.base_simulator | Round   2/150 | Acc: 0.5730 | Loss: 1.7057 | eps: 0.00 | P: nan R: nan F1: nan
2026-05-14 06:19:06 | DEBUG   | dpfl.core.base_simulator | Update norms — honest: ['0.21', '0.20', '0.20', '0.21', '0.21'], attacker: ['0.20', '0.20', '0.21', '0.20', '0.21']
2026-05-14 06:19:19 | INFO    | dpfl.core.base_simulator | Round   3/150 | Acc: 0.6227 | Loss: 1.4812 | eps: 0.00 | P: nan R: nan F1: nan
2026-05-14 06:19:19 | DEBUG   | dpfl.core.base_simulator | Update norms — honest: ['0.19', '0.19', '0.19', '0.18', '0.19'], attacker: ['0.19', '0.19', '0.19', '0.18', '0.19']
2026-05-14 06:19:30 | INFO    | dpfl.core.base_simulator | Round   4/150 | Acc: 0.6515 | Loss: 1.3051 | eps: 0.00 | P: nan R: nan F1: nan
2026-05-14 06:19:30 | DEBUG   | dpfl.core.base_simulator | Update norms — honest: ['0.17', '0.17', '0.17', '0.17', '0.17'], attacker: ['0.17', '0.17', '0.17', '0.16', '0.17']
2026-05-14 06:19:42 | INFO    | dpfl.core.base_simulator | Round   5/150 | Acc: 0.6739 | Loss: 1.1756 | eps: 0.00 | P: nan R: nan F1: nan
2026-05-14 06:19:42 | DEBUG   | dpfl.core.base_simulator | Update norms — honest: ['0.15', '0.15', '0.14', '0.14', '0.14'], attacker: ['0.14', '0.14', '0.14', '0.14', '0.14']
2026-05-14 06:19:53 | INFO    | dpfl.core.base_simulator | Round   6/150 | Acc: 0.6911 | Loss: 1.0814 | eps: 0.00 | P: nan R: nan F1: nan
2026-05-14 06:19:53 | DEBUG   | dpfl.core.base_simulator | Update norms — honest: ['0.13', '0.12', '0.12', '0.13', '0.12'], attacker: ['0.13', '0.12', '0.12', '0.12', '0.12']
2026-05-14 06:20:03 | INFO    | dpfl.core.base_simulator | Round   7/150 | Acc: 0.7024 | Loss: 1.0112 | eps: 0.00 | P: nan R: nan F1: nan
2026-05-14 06:20:03 | DEBUG   | dpfl.core.base_simulator | Update norms — honest: ['0.11', '0.11', '0.11', '0.11', '0.11'], attacker: ['0.11', '0.11', '0.11', '0.11', '0.11']
2026-05-14 06:20:14 | INFO    | dpfl.core.base_simulator | Round   8/150 | Acc: 0.7104 | Loss: 0.9573 | eps: 0.00 | P: nan R: nan F1: nan
2026-05-14 06:20:14 | DEBUG   | dpfl.core.base_simulator | Update norms — honest: ['0.10', '0.10', '0.09', '0.10', '0.09'], attacker: ['0.10', '0.09', '0.10', '0.10', '0.09']
2026-05-14 06:20:27 | INFO    | dpfl.core.base_simulator | Round   9/150 | Acc: 0.7167 | Loss: 0.9143 | eps: 0.00 | P: nan R: nan F1: nan
2026-05-14 06:20:27 | DEBUG   | dpfl.core.base_simulator | Update norms — honest: ['0.09', '0.09', '0.08', '0.09', '0.09'], attacker: ['0.09', '0.09', '0.09', '0.09', '0.09']
2026-05-14 06:20:37 | INFO    | dpfl.core.base_simulator | Round  10/150 | Acc: 0.7229 | Loss: 0.8792 | eps: 0.00 | P: nan R: nan F1: nan
2026-05-14 06:20:37 | DEBUG   | dpfl.core.base_simulator | Update norms — honest: ['0.08', '0.08', '0.08', '0.08', '0.08'], attacker: ['0.08', '0.08', '0.08', '0.08', '0.08']
2026-05-14 06:20:47 | INFO    | dpfl.core.base_simulator | Round  11/150 | Acc: 0.7278 | Loss: 0.8500 | eps: 0.00 | P: nan R: nan F1: nan
2026-05-14 06:20:47 | DEBUG   | dpfl.core.base_simulator | Update norms — honest: ['0.07', '0.07', '0.07', '0.07', '0.07'], attacker: ['0.08', '0.07', '0.07', '0.07', '0.07']
2026-05-14 06:20:59 | INFO    | dpfl.core.base_simulator | Round  12/150 | Acc: 0.7326 | Loss: 0.8248 | eps: 0.00 | P: nan R: nan F1: nan
2026-05-14 06:20:59 | DEBUG   | dpfl.core.base_simulator | Update norms — honest: ['0.07', '0.07', '0.07', '0.07', '0.07'], attacker: ['0.07', '0.07', '0.07', '0.07', '0.07']
2026-05-14 06:21:07 | INFO    | dpfl.core.base_simulator | Round  13/150 | Acc: 0.7367 | Loss: 0.8034 | eps: 0.00 | P: nan R: nan F1: nan
2026-05-14 06:21:07 | DEBUG   | dpfl.core.base_simulator | Update norms — honest: ['0.07', '0.07', '0.06', '0.06', '0.06'], attacker: ['0.07', '0.06', '0.07', '0.07', '0.06']
2026-05-14 06:21:15 | INFO    | dpfl.core.base_simulator | Round  14/150 | Acc: 0.7404 | Loss: 0.7846 | eps: 0.00 | P: nan R: nan F1: nan
2026-05-14 06:21:15 | DEBUG   | dpfl.core.base_simulator | Update norms — honest: ['0.06', '0.06', '0.06', '0.06', '0.07'], attacker: ['0.07', '0.06', '0.06', '0.06', '0.06']
2026-05-14 06:21:26 | INFO    | dpfl.core.base_simulator | Round  15/150 | Acc: 0.7437 | Loss: 0.7685 | eps: 0.00 | P: nan R: nan F1: nan
2026-05-14 06:21:26 | DEBUG   | dpfl.core.base_simulator | Update norms — honest: ['0.06', '0.06', '0.06', '0.06', '0.06'], attacker: ['0.06', '0.06', '0.06', '0.06', '0.06']
2026-05-14 06:21:39 | INFO    | dpfl.core.base_simulator | Round  16/150 | Acc: 0.7466 | Loss: 0.7542 | eps: 0.00 | P: nan R: nan F1: nan
2026-05-14 06:21:39 | DEBUG   | dpfl.core.base_simulator | Update norms — honest: ['0.05', '0.05', '0.05', '0.06', '0.06'], attacker: ['0.06', '0.06', '0.06', '0.05', '0.06']
2026-05-14 06:21:49 | INFO    | dpfl.core.base_simulator | Round  17/150 | Acc: 0.7493 | Loss: 0.7413 | eps: 0.00 | P: nan R: nan F1: nan
2026-05-14 06:21:49 | DEBUG   | dpfl.core.base_simulator | Update norms — honest: ['0.05', '0.06', '0.06', '0.05', '0.05'], attacker: ['0.05', '0.05', '0.05', '0.06', '0.06']
2026-05-14 06:22:00 | INFO    | dpfl.core.base_simulator | Round  18/150 | Acc: 0.7522 | Loss: 0.7301 | eps: 0.00 | P: nan R: nan F1: nan
2026-05-14 06:22:00 | DEBUG   | dpfl.core.base_simulator | Update norms — honest: ['0.05', '0.06', '0.05', '0.05', '0.05'], attacker: ['0.05', '0.05', '0.05', '0.05', '0.05']
2026-05-14 06:22:10 | INFO    | dpfl.core.base_simulator | Round  19/150 | Acc: 0.7547 | Loss: 0.7197 | eps: 0.00 | P: nan R: nan F1: nan
2026-05-14 06:22:10 | DEBUG   | dpfl.core.base_simulator | Update norms — honest: ['0.05', '0.05', '0.05', '0.05', '0.05'], attacker: ['0.05', '0.05', '0.05', '0.05', '0.05']
2026-05-14 06:22:20 | INFO    | dpfl.core.base_simulator | Round  20/150 | Acc: 0.7567 | Loss: 0.7103 | eps: 0.00 | P: nan R: nan F1: nan
2026-05-14 06:22:20 | DEBUG   | dpfl.core.base_simulator | Update norms — honest: ['0.05', '0.05', '0.05', '0.05', '0.05'], attacker: ['0.05', '0.05', '0.05', '0.05', '0.05']
2026-05-14 06:22:30 | INFO    | dpfl.core.base_simulator | Round  21/150 | Acc: 0.7590 | Loss: 0.7017 | eps: 0.00 | P: nan R: nan F1: nan
2026-05-14 06:22:30 | DEBUG   | dpfl.core.base_simulator | Update norms — honest: ['0.05', '0.05', '0.05', '0.05', '0.04'], attacker: ['0.05', '0.05', '0.05', '0.05', '0.05']
2026-05-14 06:22:40 | INFO    | dpfl.core.base_simulator | Round  22/150 | Acc: 0.7607 | Loss: 0.6942 | eps: 0.00 | P: nan R: nan F1: nan
2026-05-14 06:22:40 | DEBUG   | dpfl.core.base_simulator | Update norms — honest: ['0.04', '0.05', '0.05', '0.05', '0.04'], attacker: ['0.05', '0.05', '0.05', '0.05', '0.04']
2026-05-14 06:22:50 | INFO    | dpfl.core.base_simulator | Round  23/150 | Acc: 0.7627 | Loss: 0.6866 | eps: 0.00 | P: nan R: nan F1: nan
2026-05-14 06:22:50 | DEBUG   | dpfl.core.base_simulator | Update norms — honest: ['0.05', '0.05', '0.05', '0.05', '0.05'], attacker: ['0.04', '0.05', '0.04', '0.05', '0.04']
2026-05-14 06:23:00 | INFO    | dpfl.core.base_simulator | Round  24/150 | Acc: 0.7643 | Loss: 0.6801 | eps: 0.00 | P: nan R: nan F1: nan
2026-05-14 06:23:00 | DEBUG   | dpfl.core.base_simulator | Update norms — honest: ['0.04', '0.05', '0.05', '0.04', '0.04'], attacker: ['0.04', '0.05', '0.04', '0.04', '0.04']
2026-05-14 06:23:11 | INFO    | dpfl.core.base_simulator | Round  25/150 | Acc: 0.7660 | Loss: 0.6742 | eps: 0.00 | P: nan R: nan F1: nan
2026-05-14 06:23:11 | DEBUG   | dpfl.core.base_simulator | Update norms — honest: ['0.04', '0.04', '0.04', '0.04', '0.04'], attacker: ['0.04', '0.04', '0.04', '0.04', '0.05']
2026-05-14 06:23:23 | INFO    | dpfl.core.base_simulator | Round  26/150 | Acc: 0.7675 | Loss: 0.6687 | eps: 0.00 | P: nan R: nan F1: nan
2026-05-14 06:23:23 | DEBUG   | dpfl.core.base_simulator | Update norms — honest: ['0.04', '0.04', '0.04', '0.05', '0.05'], attacker: ['0.05', '0.04', '0.04', '0.04', '0.04']
2026-05-14 06:23:34 | INFO    | dpfl.core.base_simulator | Round  27/150 | Acc: 0.7688 | Loss: 0.6630 | eps: 0.00 | P: nan R: nan F1: nan
2026-05-14 06:23:34 | DEBUG   | dpfl.core.base_simulator | Update norms — honest: ['0.04', '0.05', '0.04', '0.04', '0.05'], attacker: ['0.04', '0.04', '0.04', '0.04', '0.04']
2026-05-14 06:23:45 | INFO    | dpfl.core.base_simulator | Round  28/150 | Acc: 0.7703 | Loss: 0.6583 | eps: 0.00 | P: nan R: nan F1: nan
2026-05-14 06:23:45 | DEBUG   | dpfl.core.base_simulator | Update norms — honest: ['0.04', '0.05', '0.04', '0.04', '0.04'], attacker: ['0.04', '0.04', '0.04', '0.04', '0.04']
2026-05-14 06:23:57 | INFO    | dpfl.core.base_simulator | Round  29/150 | Acc: 0.7718 | Loss: 0.6535 | eps: 0.00 | P: nan R: nan F1: nan
2026-05-14 06:23:57 | DEBUG   | dpfl.core.base_simulator | Update norms — honest: ['0.04', '0.04', '0.04', '0.04', '0.04'], attacker: ['0.04', '0.04', '0.04', '0.04', '0.04']
2026-05-14 06:24:07 | INFO    | dpfl.core.base_simulator | Round  30/150 | Acc: 0.7727 | Loss: 0.6494 | eps: 0.00 | P: nan R: nan F1: nan
2026-05-14 06:24:07 | DEBUG   | dpfl.core.base_simulator | Update norms — honest: ['0.04', '0.04', '0.04', '0.04', '0.04'], attacker: ['0.04', '0.04', '0.04', '0.04', '0.04']
2026-05-14 06:24:17 | INFO    | dpfl.core.base_simulator | Round  31/150 | Acc: 0.7740 | Loss: 0.6451 | eps: 0.00 | P: nan R: nan F1: nan
2026-05-14 06:24:17 | DEBUG   | dpfl.core.base_simulator | Update norms — honest: ['0.03', '0.04', '0.03', '0.04', '0.04'], attacker: ['0.04', '0.04', '0.04', '0.04', '0.04']
2026-05-14 06:24:28 | INFO    | dpfl.core.base_simulator | Round  32/150 | Acc: 0.7752 | Loss: 0.6413 | eps: 0.00 | P: nan R: nan F1: nan
2026-05-14 06:24:28 | DEBUG   | dpfl.core.base_simulator | Update norms — honest: ['0.04', '0.04', '0.04', '0.04', '0.04'], attacker: ['0.04', '0.04', '0.04', '0.04', '0.04']
2026-05-14 06:24:39 | INFO    | dpfl.core.base_simulator | Round  33/150 | Acc: 0.7760 | Loss: 0.6377 | eps: 0.00 | P: nan R: nan F1: nan
2026-05-14 06:24:39 | DEBUG   | dpfl.core.base_simulator | Update norms — honest: ['0.04', '0.04', '0.04', '0.04', '0.04'], attacker: ['0.04', '0.04', '0.04', '0.04', '0.04']
2026-05-14 06:24:49 | INFO    | dpfl.core.base_simulator | Round  34/150 | Acc: 0.7773 | Loss: 0.6341 | eps: 0.00 | P: nan R: nan F1: nan
2026-05-14 06:24:49 | DEBUG   | dpfl.core.base_simulator | Update norms — honest: ['0.04', '0.04', '0.03', '0.04', '0.03'], attacker: ['0.04', '0.04', '0.04', '0.04', '0.04']
2026-05-14 06:24:58 | INFO    | dpfl.core.base_simulator | Round  35/150 | Acc: 0.7781 | Loss: 0.6310 | eps: 0.00 | P: nan R: nan F1: nan
2026-05-14 06:24:58 | DEBUG   | dpfl.core.base_simulator | Update norms — honest: ['0.03', '0.03', '0.04', '0.04', '0.04'], attacker: ['0.04', '0.04', '0.04', '0.04', '0.03']
2026-05-14 06:25:09 | INFO    | dpfl.core.base_simulator | Round  36/150 | Acc: 0.7791 | Loss: 0.6278 | eps: 0.00 | P: nan R: nan F1: nan
2026-05-14 06:25:09 | DEBUG   | dpfl.core.base_simulator | Update norms — honest: ['0.03', '0.04', '0.04', '0.04', '0.04'], attacker: ['0.04', '0.04', '0.04', '0.04', '0.04']
2026-05-14 06:25:19 | INFO    | dpfl.core.base_simulator | Round  37/150 | Acc: 0.7796 | Loss: 0.6256 | eps: 0.00 | P: nan R: nan F1: nan
2026-05-14 06:25:19 | DEBUG   | dpfl.core.base_simulator | Update norms — honest: ['0.03', '0.04', '0.04', '0.03', '0.03'], attacker: ['0.04', '0.04', '0.03', '0.04', '0.04']
2026-05-14 06:25:30 | INFO    | dpfl.core.base_simulator | Round  38/150 | Acc: 0.7805 | Loss: 0.6230 | eps: 0.00 | P: nan R: nan F1: nan
2026-05-14 06:25:30 | DEBUG   | dpfl.core.base_simulator | Update norms — honest: ['0.03', '0.04', '0.04', '0.04', '0.04'], attacker: ['0.03', '0.04', '0.03', '0.04', '0.04']
2026-05-14 06:25:40 | INFO    | dpfl.core.base_simulator | Round  39/150 | Acc: 0.7815 | Loss: 0.6199 | eps: 0.00 | P: nan R: nan F1: nan
2026-05-14 06:25:40 | DEBUG   | dpfl.core.base_simulator | Update norms — honest: ['0.03', '0.03', '0.03', '0.03', '0.04'], attacker: ['0.03', '0.04', '0.04', '0.04', '0.04']
2026-05-14 06:25:51 | INFO    | dpfl.core.base_simulator | Round  40/150 | Acc: 0.7819 | Loss: 0.6177 | eps: 0.00 | P: nan R: nan F1: nan
2026-05-14 06:25:51 | DEBUG   | dpfl.core.base_simulator | Update norms — honest: ['0.03', '0.03', '0.04', '0.04', '0.03'], attacker: ['0.03', '0.04', '0.03', '0.04', '0.03']
2026-05-14 06:26:01 | INFO    | dpfl.core.base_simulator | Round  41/150 | Acc: 0.7827 | Loss: 0.6155 | eps: 0.00 | P: nan R: nan F1: nan
2026-05-14 06:26:01 | DEBUG   | dpfl.core.base_simulator | Update norms — honest: ['0.03', '0.04', '0.03', '0.03', '0.03'], attacker: ['0.04', '0.04', '0.03', '0.03', '0.03']
2026-05-14 06:26:12 | INFO    | dpfl.core.base_simulator | Round  42/150 | Acc: 0.7836 | Loss: 0.6133 | eps: 0.00 | P: nan R: nan F1: nan
2026-05-14 06:26:12 | DEBUG   | dpfl.core.base_simulator | Update norms — honest: ['0.03', '0.04', '0.03', '0.03', '0.03'], attacker: ['0.03', '0.04', '0.03', '0.03', '0.03']
2026-05-14 06:26:23 | INFO    | dpfl.core.base_simulator | Round  43/150 | Acc: 0.7841 | Loss: 0.6114 | eps: 0.00 | P: nan R: nan F1: nan
2026-05-14 06:26:23 | DEBUG   | dpfl.core.base_simulator | Update norms — honest: ['0.03', '0.04', '0.03', '0.03', '0.03'], attacker: ['0.03', '0.04', '0.03', '0.03', '0.03']
2026-05-14 06:26:33 | INFO    | dpfl.core.base_simulator | Round  44/150 | Acc: 0.7847 | Loss: 0.6091 | eps: 0.00 | P: nan R: nan F1: nan
2026-05-14 06:26:33 | DEBUG   | dpfl.core.base_simulator | Update norms — honest: ['0.03', '0.04', '0.03', '0.03', '0.03'], attacker: ['0.04', '0.03', '0.03', '0.04', '0.03']
2026-05-14 06:26:43 | INFO    | dpfl.core.base_simulator | Round  45/150 | Acc: 0.7854 | Loss: 0.6072 | eps: 0.00 | P: nan R: nan F1: nan
2026-05-14 06:26:43 | DEBUG   | dpfl.core.base_simulator | Update norms — honest: ['0.03', '0.03', '0.04', '0.03', '0.04'], attacker: ['0.03', '0.03', '0.03', '0.04', '0.03']
2026-05-14 06:26:53 | INFO    | dpfl.core.base_simulator | Round  46/150 | Acc: 0.7859 | Loss: 0.6053 | eps: 0.00 | P: nan R: nan F1: nan
2026-05-14 06:26:53 | DEBUG   | dpfl.core.base_simulator | Update norms — honest: ['0.04', '0.03', '0.03', '0.04', '0.04'], attacker: ['0.03', '0.03', '0.03', '0.04', '0.03']
2026-05-14 06:27:03 | INFO    | dpfl.core.base_simulator | Round  47/150 | Acc: 0.7865 | Loss: 0.6038 | eps: 0.00 | P: nan R: nan F1: nan
2026-05-14 06:27:03 | DEBUG   | dpfl.core.base_simulator | Update norms — honest: ['0.04', '0.03', '0.04', '0.04', '0.03'], attacker: ['0.03', '0.04', '0.03', '0.04', '0.03']
2026-05-14 06:27:13 | INFO    | dpfl.core.base_simulator | Round  48/150 | Acc: 0.7869 | Loss: 0.6022 | eps: 0.00 | P: nan R: nan F1: nan
2026-05-14 06:27:13 | DEBUG   | dpfl.core.base_simulator | Update norms — honest: ['0.03', '0.04', '0.04', '0.03', '0.03'], attacker: ['0.03', '0.03', '0.03', '0.03', '0.03']
2026-05-14 06:27:24 | INFO    | dpfl.core.base_simulator | Round  49/150 | Acc: 0.7875 | Loss: 0.6008 | eps: 0.00 | P: nan R: nan F1: nan
2026-05-14 06:27:24 | DEBUG   | dpfl.core.base_simulator | Update norms — honest: ['0.03', '0.03', '0.03', '0.04', '0.03'], attacker: ['0.03', '0.03', '0.03', '0.04', '0.03']
2026-05-14 06:27:33 | INFO    | dpfl.core.base_simulator | Round  50/150 | Acc: 0.7880 | Loss: 0.5993 | eps: 0.00 | P: nan R: nan F1: nan
2026-05-14 06:27:33 | DEBUG   | dpfl.core.base_simulator | Update norms — honest: ['0.03', '0.03', '0.03', '0.03', '0.04'], attacker: ['0.03', '0.03', '0.03', '0.03', '0.04']
2026-05-14 06:27:35 | INFO    | dpfl.core.base_simulator | Round  51/150 | Acc: 0.7882 | Loss: 0.5982 | eps: 0.00 | P: nan R: 0.00 F1: nan
2026-05-14 06:27:35 | DEBUG   | dpfl.core.base_simulator | Update norms — honest: ['0.03', '0.03', '0.03', '0.03', '0.03'], attacker: ['0.17', '0.16', '0.15', '0.18', '0.16']
2026-05-14 06:27:37 | INFO    | dpfl.core.base_simulator | Round  52/150 | Acc: 0.7887 | Loss: 0.5971 | eps: 0.00 | P: nan R: 0.00 F1: nan
2026-05-14 06:27:37 | DEBUG   | dpfl.core.base_simulator | Update norms — honest: ['0.04', '0.04', '0.04', '0.03', '0.03'], attacker: ['0.27', '0.26', '0.21', '0.30', '0.32']
2026-05-14 06:27:39 | INFO    | dpfl.core.base_simulator | Round  53/150 | Acc: 0.7876 | Loss: 0.6013 | eps: 0.00 | P: nan R: 0.00 F1: nan
2026-05-14 06:27:39 | DEBUG   | dpfl.core.base_simulator | Update norms — honest: ['0.03', '0.03', '0.04', '0.03', '0.03'], attacker: ['0.88', '0.70', '0.57', '0.92', '0.94']
2026-05-14 06:28:12 | INFO    | dpfl.core.base_simulator | Round  54/150 | Acc: 0.7765 | Loss: 0.6827 | eps: 0.00 | P: nan R: 0.00 F1: nan
2026-05-14 06:28:12 | DEBUG   | dpfl.core.base_simulator | Update norms — honest: ['0.03', '0.03', '0.03', '0.04', '0.03'], attacker: ['3.10', '2.21', '1.29', '2.22', '2.12']
2026-05-14 06:28:55 | INFO    | dpfl.core.base_simulator | Round  55/150 | Acc: 0.7601 | Loss: 1.1820 | eps: 0.00 | P: 1.00 R: 0.30 F1: 0.45
2026-05-14 06:28:55 | DEBUG   | dpfl.core.base_simulator | Update norms — honest: ['0.03', '0.32', '0.04', '0.03', '0.04'], attacker: ['9.63', '6.21', '3.65', '6.24', '5.36']
2026-05-14 06:29:05 | INFO    | dpfl.core.base_simulator | Round  56/150 | Acc: 0.7889 | Loss: 0.5967 | eps: 0.00 | P: 1.00 R: 1.00 F1: 1.00
2026-05-14 06:29:05 | DEBUG   | dpfl.core.base_simulator | Update norms — honest: ['0.03', '0.04', '0.03', '0.03', '0.03'], attacker: ['33.49', '18.42', '14.94', '20.13', '17.29']
2026-05-14 06:29:07 | INFO    | dpfl.core.base_simulator | Round  57/150 | Acc: 0.7900 | Loss: 0.5935 | eps: 0.00 | P: 1.00 R: 1.00 F1: 1.00
2026-05-14 06:29:07 | DEBUG   | dpfl.core.base_simulator | Update norms — honest: ['0.05', '0.03', '0.04', '0.03', '0.03'], attacker: ['120.48', '64.90', '68.38', '70.72', '57.02']
2026-05-14 06:29:23 | INFO    | dpfl.core.base_simulator | Round  58/150 | Acc: 0.7903 | Loss: 0.5926 | eps: 0.00 | P: 1.00 R: 1.00 F1: 1.00
2026-05-14 06:29:23 | DEBUG   | dpfl.core.base_simulator | Update norms — honest: ['0.04', '0.04', '0.04', '0.04', '0.03'], attacker: ['432.17', '238.34', '298.52', '278.79', '222.74']
2026-05-14 06:29:32 | INFO    | dpfl.core.base_simulator | Round  59/150 | Acc: 0.7909 | Loss: 0.5908 | eps: 0.00 | P: 1.00 R: 1.00 F1: 1.00
2026-05-14 06:29:32 | DEBUG   | dpfl.core.base_simulator | Update norms — honest: ['0.03', '0.04', '0.04', '0.04', '0.03'], attacker: ['1475.81', '974.83', '1211.62', '1099.80', '940.07']
2026-05-14 06:29:34 | INFO    | dpfl.core.base_simulator | Round  60/150 | Acc: 0.7912 | Loss: 0.5901 | eps: 0.00 | P: 1.00 R: 1.00 F1: 1.00
2026-05-14 06:29:34 | DEBUG   | dpfl.core.base_simulator | Update norms — honest: ['0.03', '0.03', '0.03', '0.03', '0.03'], attacker: ['5584.14', '3902.87', '4717.56', '4468.71', '3965.81']
2026-05-14 06:29:36 | INFO    | dpfl.core.base_simulator | Round  61/150 | Acc: 0.7913 | Loss: 0.5898 | eps: 0.00 | P: 1.00 R: 1.00 F1: 1.00
2026-05-14 06:29:36 | DEBUG   | dpfl.core.base_simulator | Update norms — honest: ['0.03', '0.03', '0.03', '0.03', '0.03'], attacker: ['20449.77', '16438.49', '19262.87', '18304.83', '16937.37']
2026-05-14 06:29:38 | INFO    | dpfl.core.base_simulator | Round  62/150 | Acc: 0.7918 | Loss: 0.5887 | eps: 0.00 | P: 1.00 R: 1.00 F1: 1.00
2026-05-14 06:29:38 | DEBUG   | dpfl.core.base_simulator | Update norms — honest: ['0.03', '0.03', '0.03', '0.03', '0.04'], attacker: ['81938.66', '69237.78', '73405.82', '72815.38', '70759.91']
2026-05-14 06:29:46 | INFO    | dpfl.core.base_simulator | Round  63/150 | Acc: 0.7921 | Loss: 0.5879 | eps: 0.00 | P: 1.00 R: 1.00 F1: 1.00
2026-05-14 06:29:46 | DEBUG   | dpfl.core.base_simulator | Update norms — honest: ['0.03', '0.04', '0.03', '0.03', '0.04'], attacker: ['311785.16', '265677.88', '291782.25', '296274.44', '286803.38']
2026-05-14 06:29:51 | INFO    | dpfl.core.base_simulator | Round  64/150 | Acc: 0.7924 | Loss: 0.5870 | eps: 0.00 | P: 1.00 R: 1.00 F1: 1.00
2026-05-14 06:29:51 | DEBUG   | dpfl.core.base_simulator | Update norms — honest: ['0.04', '0.04', '0.03', '0.03', '0.03'], attacker: ['1175220.88', '1090066.25', '1114342.62', '1085102.62', '1112859.75']
2026-05-14 06:29:53 | INFO    | dpfl.core.base_simulator | Round  65/150 | Acc: 0.7926 | Loss: 0.5863 | eps: 0.00 | P: 1.00 R: 1.00 F1: 1.00
2026-05-14 06:29:53 | DEBUG   | dpfl.core.base_simulator | Update norms — honest: ['0.04', '0.03', '0.03', '0.03', '0.03'], attacker: ['4733314.50', '4543883.00', '4462485.50', '4462560.50', '4389346.00']
2026-05-14 06:29:55 | INFO    | dpfl.core.base_simulator | Round  66/150 | Acc: 0.7930 | Loss: 0.5854 | eps: 0.00 | P: 1.00 R: 1.00 F1: 1.00
2026-05-14 06:29:55 | DEBUG   | dpfl.core.base_simulator | Update norms — honest: ['0.03', '0.03', '0.03', '0.03', '0.03'], attacker: ['18710302.00', '18395754.00', '18267480.00', '17607302.00', '17921804.00']
2026-05-14 06:29:57 | INFO    | dpfl.core.base_simulator | Round  67/150 | Acc: 0.7934 | Loss: 0.5850 | eps: 0.00 | P: 1.00 R: 1.00 F1: 1.00
2026-05-14 06:29:57 | DEBUG   | dpfl.core.base_simulator | Update norms — honest: ['0.03', '0.04', '0.03', '0.03', '0.03'], attacker: ['71895416.00', '72247064.00', '71656072.00', '70953040.00', '72454216.00']
2026-05-14 06:30:08 | INFO    | dpfl.core.base_simulator | Round  68/150 | Acc: 0.7935 | Loss: 0.5843 | eps: 0.00 | P: 1.00 R: 1.00 F1: 1.00
2026-05-14 06:30:08 | DEBUG   | dpfl.core.base_simulator | Update norms — honest: ['0.02', '0.03', '0.03', '0.03', '0.03'], attacker: ['294590048.00', '276994912.00', '288218464.00', '278877568.00', '270792960.00']
2026-05-14 06:30:10 | INFO    | dpfl.core.base_simulator | Round  69/150 | Acc: 0.7938 | Loss: 0.5838 | eps: 0.00 | P: 1.00 R: 1.00 F1: 1.00
2026-05-14 06:30:10 | DEBUG   | dpfl.core.base_simulator | Update norms — honest: ['0.02', '0.03', '0.03', '0.03', '0.03'], attacker: ['1104151168.00', '1104680448.00', '1145546880.00', '1097319808.00', '1137050752.00']
2026-05-14 06:30:12 | INFO    | dpfl.core.base_simulator | Round  70/150 | Acc: 0.7940 | Loss: 0.5831 | eps: 0.00 | P: 1.00 R: 1.00 F1: 1.00
2026-05-14 06:30:12 | DEBUG   | dpfl.core.base_simulator | Update norms — honest: ['0.03', '0.03', '0.03', '0.03', '0.04'], attacker: ['4343698432.00', '4282485504.00', '4288038912.00', '4477714944.00', '4270542336.00']
2026-05-14 06:30:14 | INFO    | dpfl.core.base_simulator | Round  71/150 | Acc: 0.7940 | Loss: 0.5829 | eps: 0.00 | P: 1.00 R: 1.00 F1: 1.00
2026-05-14 06:30:14 | DEBUG   | dpfl.core.base_simulator | Update norms — honest: ['0.03', '0.03', '0.03', '0.03', '0.03'], attacker: ['16574576640.00', '17129035776.00', '16862191616.00', '17019634688.00', '17578364928.00']
2026-05-14 06:30:21 | INFO    | dpfl.core.base_simulator | Round  72/150 | Acc: 0.7943 | Loss: 0.5825 | eps: 0.00 | P: 1.00 R: 1.00 F1: 1.00
2026-05-14 06:30:21 | DEBUG   | dpfl.core.base_simulator | Update norms — honest: ['0.02', '0.03', '0.03', '0.02', '0.03'], attacker: ['64993497088.00', '65594683392.00', '67260346368.00', '66742632448.00', '67073703936.00']
2026-05-14 06:30:28 | INFO    | dpfl.core.base_simulator | Round  73/150 | Acc: 0.7946 | Loss: 0.5820 | eps: 0.00 | P: 1.00 R: 1.00 F1: 1.00
2026-05-14 06:30:28 | DEBUG   | dpfl.core.base_simulator | Update norms — honest: ['0.02', '0.03', '0.03', '0.02', '0.03'], attacker: ['265036677120.00', '266765107200.00', '275291308032.00', '271393390592.00', '285973446656.00']
2026-05-14 06:30:30 | INFO    | dpfl.core.base_simulator | Round  74/150 | Acc: 0.7948 | Loss: 0.5818 | eps: 0.00 | P: 1.00 R: 1.00 F1: 1.00
2026-05-14 06:30:30 | DEBUG   | dpfl.core.base_simulator | Update norms — honest: ['0.03', '0.04', '0.03', '0.03', '0.03'], attacker: ['1075310821376.00', '1017149390848.00', '1004695715840.00', '1012292452352.00', '1042416992256.00']
2026-05-14 06:30:32 | INFO    | dpfl.core.base_simulator | Round  75/150 | Acc: 0.7949 | Loss: 0.5814 | eps: 0.00 | P: 1.00 R: 1.00 F1: 1.00
2026-05-14 06:30:32 | DEBUG   | dpfl.core.base_simulator | Update norms — honest: ['0.03', '0.03', '0.03', '0.03', '0.04'], attacker: ['4004982030336.00', '4218325041152.00', '4224373751808.00', '3982603321344.00', '4278840197120.00']
2026-05-14 06:30:34 | INFO    | dpfl.core.base_simulator | Round  76/150 | Acc: 0.7948 | Loss: 0.5811 | eps: 0.00 | P: 1.00 R: 1.00 F1: 1.00
2026-05-14 06:30:34 | DEBUG   | dpfl.core.base_simulator | Update norms — honest: ['0.03', '0.03', '0.03', '0.03', '0.03'], attacker: ['15557683314688.00', '16212394246144.00', '16064372015104.00', '16579244851200.00', '15799037198336.00']
2026-05-14 06:30:40 | INFO    | dpfl.core.base_simulator | Round  77/150 | Acc: 0.7955 | Loss: 0.5805 | eps: 0.00 | P: 1.00 R: 1.00 F1: 1.00
2026-05-14 06:30:40 | DEBUG   | dpfl.core.base_simulator | Update norms — honest: ['0.03', '0.03', '0.03', '0.04', '0.03'], attacker: ['61953435238400.00', '64694186409984.00', '64434554798080.00', '64658262196224.00', '66593556004864.00']
2026-05-14 06:30:47 | INFO    | dpfl.core.base_simulator | Round  78/150 | Acc: 0.7953 | Loss: 0.5808 | eps: 0.00 | P: 1.00 R: 1.00 F1: 1.00
2026-05-14 06:30:47 | DEBUG   | dpfl.core.base_simulator | Update norms — honest: ['0.04', '0.03', '0.03', '0.04', '0.03'], attacker: ['240942061715456.00', '249792982679552.00', '249903695527936.00', '244712506130432.00', '249366438739968.00']
2026-05-14 06:30:49 | INFO    | dpfl.core.base_simulator | Round  79/150 | Acc: 0.7957 | Loss: 0.5801 | eps: 0.00 | P: 1.00 R: 1.00 F1: 1.00
2026-05-14 06:30:49 | DEBUG   | dpfl.core.base_simulator | Update norms — honest: ['0.03', '0.02', '0.03', '0.03', '0.03'], attacker: ['982490344849408.00', '961324074926080.00', '1009361740627968.00', '1026523893071872.00', '1030715378499584.00']
2026-05-14 06:30:51 | INFO    | dpfl.core.base_simulator | Round  80/150 | Acc: 0.7958 | Loss: 0.5800 | eps: 0.00 | P: 1.00 R: 1.00 F1: 1.00
2026-05-14 06:30:51 | DEBUG   | dpfl.core.base_simulator | Update norms — honest: ['0.02', '0.03', '0.03', '0.03', '0.03'], attacker: ['3901729485619200.00', '3686600479342592.00', '4017011239682048.00', '3977848922570752.00', '3922061592363008.00']
2026-05-14 06:30:53 | INFO    | dpfl.core.base_simulator | Round  81/150 | Acc: 0.7958 | Loss: 0.5801 | eps: 0.00 | P: 1.00 R: 1.00 F1: 1.00
2026-05-14 06:30:53 | DEBUG   | dpfl.core.base_simulator | Update norms — honest: ['0.03', '0.03', '0.03', '0.03', '0.02'], attacker: ['14867618779365376.00', '15706745867337728.00', '16146507568775168.00', '15261848458756096.00', '16067409303568384.00']
2026-05-14 06:31:04 | INFO    | dpfl.core.base_simulator | Round  82/150 | Acc: 0.7960 | Loss: 0.5799 | eps: 0.00 | P: 1.00 R: 1.00 F1: 1.00
2026-05-14 06:31:04 | DEBUG   | dpfl.core.base_simulator | Update norms — honest: ['0.03', '0.03', '0.03', '0.02', '0.02'], attacker: ['61276032124059648.00', '59003839805652992.00', '60641695519211520.00', '58800275535691776.00', '62140042105061376.00']
2026-05-14 06:31:06 | INFO    | dpfl.core.base_simulator | Round  83/150 | Acc: 0.7961 | Loss: 0.5796 | eps: 0.00 | P: 1.00 R: 1.00 F1: 1.00
2026-05-14 06:31:06 | DEBUG   | dpfl.core.base_simulator | Update norms — honest: ['0.02', '0.03', '0.03', '0.02', '0.03'], attacker: ['252226163525550080.00', '235955332759683072.00', '246123564753747968.00', '242555254384623616.00', '252773445438275584.00']
2026-05-14 06:31:08 | INFO    | dpfl.core.base_simulator | Round  84/150 | Acc: 0.7963 | Loss: 0.5797 | eps: 0.00 | P: 1.00 R: 1.00 F1: 1.00
2026-05-14 06:31:08 | DEBUG   | dpfl.core.base_simulator | Update norms — honest: ['0.03', '0.03', '0.03', '0.03', '0.02'], attacker: ['927843983978135552.00', '950179257026347008.00', '951469808799449088.00', '926436677814059008.00', '937972616373731328.00']
2026-05-14 06:31:10 | INFO    | dpfl.core.base_simulator | Round  85/150 | Acc: 0.7962 | Loss: 0.5796 | eps: 0.00 | P: 1.00 R: 1.00 F1: 1.00
2026-05-14 06:31:10 | DEBUG   | dpfl.core.base_simulator | Update norms — honest: ['0.02', '0.03', '0.03', '0.02', '0.02'], attacker: ['3919501117544726528.00', '3803084001762082816.00', '3711059001685835776.00', '3879389558973923328.00', '4012425793010401280.00']
2026-05-14 06:31:18 | INFO    | dpfl.core.base_simulator | Round  86/150 | Acc: 0.7966 | Loss: 0.5794 | eps: 0.00 | P: 1.00 R: 1.00 F1: 1.00
2026-05-14 06:31:18 | DEBUG   | dpfl.core.base_simulator | Update norms — honest: ['0.03', '0.03', '0.03', '0.03', '0.02'], attacker: ['15266455068879093760.00', '15116724674920185856.00', '14855764386160574464.00', '14598992137191161856.00', '15564181926959906816.00']
2026-05-14 06:31:23 | INFO    | dpfl.core.base_simulator | Round  87/150 | Acc: 0.7965 | Loss: 0.5793 | eps: 0.00 | P: 1.00 R: 1.00 F1: 1.00
2026-05-14 06:31:23 | DEBUG   | dpfl.core.base_simulator | Update norms — honest: ['0.03', '0.03', '0.03', '0.03', '0.03'], attacker: ['nan', 'nan', 'nan', 'nan', 'nan']
2026-05-14 06:31:24 | INFO    | dpfl.core.base_simulator | Round  88/150 | Acc: 0.7967 | Loss: 0.5796 | eps: 0.00 | P: 1.00 R: 1.00 F1: 1.00
2026-05-14 06:31:24 | DEBUG   | dpfl.core.base_simulator | Update norms — honest: ['0.03', '0.03', '0.03', '0.02', '0.02'], attacker: ['nan', 'nan', 'nan', 'nan', 'nan']
2026-05-14 06:31:26 | INFO    | dpfl.core.base_simulator | Round  89/150 | Acc: 0.7969 | Loss: 0.5790 | eps: 0.00 | P: 1.00 R: 1.00 F1: 1.00
2026-05-14 06:31:26 | DEBUG   | dpfl.core.base_simulator | Update norms — honest: ['0.03', '0.03', '0.02', '0.02', '0.03'], attacker: ['nan', 'nan', 'nan', 'nan', 'nan']
2026-05-14 06:31:28 | INFO    | dpfl.core.base_simulator | Round  90/150 | Acc: 0.7968 | Loss: 0.5793 | eps: 0.00 | P: 1.00 R: 1.00 F1: 1.00
2026-05-14 06:31:28 | DEBUG   | dpfl.core.base_simulator | Update norms — honest: ['0.02', '0.04', '0.03', '0.03', '0.02'], attacker: ['nan', 'nan', 'nan', 'nan', 'nan']
2026-05-14 06:31:34 | INFO    | dpfl.core.base_simulator | Round  91/150 | Acc: 0.7971 | Loss: 0.5791 | eps: 0.00 | P: 1.00 R: 1.00 F1: 1.00
2026-05-14 06:31:34 | DEBUG   | dpfl.core.base_simulator | Update norms — honest: ['0.03', '0.03', '0.03', '0.03', '0.03'], attacker: ['nan', 'nan', 'nan', 'nan', 'nan']
2026-05-14 06:31:41 | INFO    | dpfl.core.base_simulator | Round  92/150 | Acc: 0.7973 | Loss: 0.5791 | eps: 0.00 | P: 1.00 R: 1.00 F1: 1.00
2026-05-14 06:31:41 | DEBUG   | dpfl.core.base_simulator | Update norms — honest: ['0.03', '0.04', '0.02', '0.02', '0.04'], attacker: ['nan', 'nan', 'nan', 'nan', 'nan']
2026-05-14 06:31:42 | INFO    | dpfl.core.base_simulator | Round  93/150 | Acc: 0.7970 | Loss: 0.5794 | eps: 0.00 | P: 1.00 R: 1.00 F1: 1.00
2026-05-14 06:31:42 | DEBUG   | dpfl.core.base_simulator | Update norms — honest: ['0.03', '0.03', '0.03', '0.02', '0.03'], attacker: ['nan', 'nan', 'nan', 'nan', 'nan']
2026-05-14 06:31:44 | INFO    | dpfl.core.base_simulator | Round  94/150 | Acc: 0.7975 | Loss: 0.5788 | eps: 0.00 | P: 1.00 R: 1.00 F1: 1.00
2026-05-14 06:31:44 | DEBUG   | dpfl.core.base_simulator | Update norms — honest: ['0.03', '0.02', '0.02', '0.03', '0.02'], attacker: ['nan', 'nan', 'nan', 'nan', 'nan']
2026-05-14 06:31:46 | INFO    | dpfl.core.base_simulator | Round  95/150 | Acc: 0.7974 | Loss: 0.5795 | eps: 0.00 | P: 1.00 R: 1.00 F1: 1.00
2026-05-14 06:31:46 | DEBUG   | dpfl.core.base_simulator | Update norms — honest: ['0.03', '0.03', '0.03', '0.03', '0.03'], attacker: ['nan', 'nan', 'nan', 'nan', 'nan']
2026-05-14 06:31:51 | INFO    | dpfl.core.base_simulator | Round  96/150 | Acc: 0.7974 | Loss: 0.5794 | eps: 0.00 | P: 1.00 R: 1.00 F1: 1.00
2026-05-14 06:31:51 | DEBUG   | dpfl.core.base_simulator | Update norms — honest: ['0.04', '0.03', '0.03', '0.03', '0.03'], attacker: ['nan', 'nan', 'nan', 'nan', 'nan']
2026-05-14 06:31:59 | INFO    | dpfl.core.base_simulator | Round  97/150 | Acc: 0.7974 | Loss: 0.5798 | eps: 0.00 | P: 1.00 R: 1.00 F1: 1.00
2026-05-14 06:31:59 | DEBUG   | dpfl.core.base_simulator | Update norms — honest: ['0.03', '0.02', '0.03', '0.04', '0.03'], attacker: ['nan', 'nan', 'nan', 'nan', 'nan']
2026-05-14 06:32:01 | INFO    | dpfl.core.base_simulator | Round  98/150 | Acc: 0.7976 | Loss: 0.5797 | eps: 0.00 | P: 1.00 R: 1.00 F1: 1.00
2026-05-14 06:32:01 | DEBUG   | dpfl.core.base_simulator | Update norms — honest: ['0.03', '0.02', '0.03', '0.03', '0.04'], attacker: ['nan', 'nan', 'nan', 'nan', 'nan']
2026-05-14 06:32:02 | INFO    | dpfl.core.base_simulator | Round  99/150 | Acc: 0.7978 | Loss: 0.5797 | eps: 0.00 | P: 1.00 R: 1.00 F1: 1.00
2026-05-14 06:32:02 | DEBUG   | dpfl.core.base_simulator | Update norms — honest: ['0.03', '0.03', '0.04', '0.03', '0.02'], attacker: ['nan', 'nan', 'nan', 'nan', 'nan']
2026-05-14 06:32:04 | INFO    | dpfl.core.base_simulator | Round 100/150 | Acc: 0.7981 | Loss: 0.5799 | eps: 0.00 | P: 1.00 R: 1.00 F1: 1.00
2026-05-14 06:32:04 | DEBUG   | dpfl.core.base_simulator | Update norms — honest: ['0.02', '0.03', '0.03', '0.02', '0.02'], attacker: ['nan', 'nan', 'nan', 'nan', 'nan']
2026-05-14 06:32:06 | INFO    | dpfl.core.base_simulator | Round 101/150 | Acc: 0.7980 | Loss: 0.5799 | eps: 0.00 | P: 1.00 R: 1.00 F1: 1.00
2026-05-14 06:32:06 | DEBUG   | dpfl.core.base_simulator | Update norms — honest: ['0.03', '0.03', '0.02', '0.03', '0.03'], attacker: ['nan', 'nan', 'nan', 'nan', 'nan']
2026-05-14 06:32:17 | INFO    | dpfl.core.base_simulator | Round 102/150 | Acc: 0.7982 | Loss: 0.5803 | eps: 0.00 | P: 1.00 R: 1.00 F1: 1.00
2026-05-14 06:32:17 | DEBUG   | dpfl.core.base_simulator | Update norms — honest: ['0.02', '0.02', '0.02', '0.02', '0.03'], attacker: ['nan', 'nan', 'nan', 'nan', 'nan']
2026-05-14 06:32:19 | INFO    | dpfl.core.base_simulator | Round 103/150 | Acc: 0.7979 | Loss: 0.5807 | eps: 0.00 | P: 1.00 R: 1.00 F1: 1.00
2026-05-14 06:32:19 | DEBUG   | dpfl.core.base_simulator | Update norms — honest: ['0.02', '0.03', '0.03', '0.02', '0.02'], attacker: ['nan', 'nan', 'nan', 'nan', 'nan']
2026-05-14 06:32:21 | INFO    | dpfl.core.base_simulator | Round 104/150 | Acc: 0.7980 | Loss: 0.5808 | eps: 0.00 | P: 1.00 R: 1.00 F1: 1.00
2026-05-14 06:32:21 | DEBUG   | dpfl.core.base_simulator | Update norms — honest: ['0.02', '0.03', '0.03', '0.02', '0.03'], attacker: ['nan', 'nan', 'nan', 'nan', 'nan']
2026-05-14 06:32:22 | INFO    | dpfl.core.base_simulator | Round 105/150 | Acc: 0.7979 | Loss: 0.5813 | eps: 0.00 | P: 1.00 R: 1.00 F1: 1.00
2026-05-14 06:32:22 | DEBUG   | dpfl.core.base_simulator | Update norms — honest: ['0.02', '0.02', '0.03', '0.02', '0.03'], attacker: ['nan', 'nan', 'nan', 'nan', 'nan']
2026-05-14 06:32:24 | INFO    | dpfl.core.base_simulator | Round 106/150 | Acc: 0.7982 | Loss: 0.5810 | eps: 0.00 | P: 1.00 R: 1.00 F1: 1.00
2026-05-14 06:32:24 | DEBUG   | dpfl.core.base_simulator | Update norms — honest: ['0.03', '0.03', '0.03', '0.02', '0.02'], attacker: ['nan', 'nan', 'nan', 'nan', 'nan']
2026-05-14 06:32:35 | INFO    | dpfl.core.base_simulator | Round 107/150 | Acc: 0.7982 | Loss: 0.5813 | eps: 0.00 | P: 1.00 R: 1.00 F1: 1.00
2026-05-14 06:32:35 | DEBUG   | dpfl.core.base_simulator | Update norms — honest: ['0.02', '0.03', '0.04', '0.03', '0.02'], attacker: ['nan', 'nan', 'nan', 'nan', 'nan']
2026-05-14 06:32:37 | INFO    | dpfl.core.base_simulator | Round 108/150 | Acc: 0.7983 | Loss: 0.5811 | eps: 0.00 | P: 1.00 R: 1.00 F1: 1.00
2026-05-14 06:32:37 | DEBUG   | dpfl.core.base_simulator | Update norms — honest: ['0.03', '0.02', '0.03', '0.03', '0.03'], attacker: ['nan', 'nan', 'nan', 'nan', 'nan']
2026-05-14 06:32:39 | INFO    | dpfl.core.base_simulator | Round 109/150 | Acc: 0.7983 | Loss: 0.5820 | eps: 0.00 | P: 1.00 R: 1.00 F1: 1.00
2026-05-14 06:32:39 | DEBUG   | dpfl.core.base_simulator | Update norms — honest: ['0.03', '0.02', '0.02', '0.03', '0.02'], attacker: ['nan', 'nan', 'nan', 'nan', 'nan']
2026-05-14 06:32:41 | INFO    | dpfl.core.base_simulator | Round 110/150 | Acc: 0.7985 | Loss: 0.5818 | eps: 0.00 | P: 1.00 R: 1.00 F1: 1.00
2026-05-14 06:32:41 | DEBUG   | dpfl.core.base_simulator | Update norms — honest: ['0.02', '0.02', '0.03', '0.03', '0.03'], attacker: ['nan', 'nan', 'nan', 'nan', 'nan']
2026-05-14 06:32:42 | INFO    | dpfl.core.base_simulator | Round 111/150 | Acc: 0.7985 | Loss: 0.5821 | eps: 0.00 | P: 1.00 R: 1.00 F1: 1.00
2026-05-14 06:32:42 | DEBUG   | dpfl.core.base_simulator | Update norms — honest: ['0.03', '0.02', '0.03', '0.03', '0.02'], attacker: ['nan', 'nan', 'nan', 'nan', 'nan']
2026-05-14 06:32:54 | INFO    | dpfl.core.base_simulator | Round 112/150 | Acc: 0.7981 | Loss: 0.5833 | eps: 0.00 | P: 1.00 R: 1.00 F1: 1.00
2026-05-14 06:32:54 | DEBUG   | dpfl.core.base_simulator | Update norms — honest: ['0.02', '0.02', '0.03', '0.04', '0.02'], attacker: ['nan', 'nan', 'nan', 'nan', 'nan']
2026-05-14 06:32:56 | INFO    | dpfl.core.base_simulator | Round 113/150 | Acc: 0.7986 | Loss: 0.5827 | eps: 0.00 | P: 1.00 R: 1.00 F1: 1.00
2026-05-14 06:32:56 | DEBUG   | dpfl.core.base_simulator | Update norms — honest: ['0.03', '0.02', '0.02', '0.03', '0.02'], attacker: ['nan', 'nan', 'nan', 'nan', 'nan']
2026-05-14 06:32:58 | INFO    | dpfl.core.base_simulator | Round 114/150 | Acc: 0.7986 | Loss: 0.5834 | eps: 0.00 | P: 1.00 R: 1.00 F1: 1.00
2026-05-14 06:32:58 | DEBUG   | dpfl.core.base_simulator | Update norms — honest: ['0.03', '0.03', '0.03', '0.02', '0.03'], attacker: ['nan', 'nan', 'nan', 'nan', 'nan']
2026-05-14 06:33:00 | INFO    | dpfl.core.base_simulator | Round 115/150 | Acc: 0.7984 | Loss: 0.5837 | eps: 0.00 | P: 1.00 R: 1.00 F1: 1.00
2026-05-14 06:33:00 | DEBUG   | dpfl.core.base_simulator | Update norms — honest: ['0.02', '0.02', '0.02', '0.02', '0.03'], attacker: ['nan', 'nan', 'nan', 'nan', 'nan']
2026-05-14 06:33:02 | INFO    | dpfl.core.base_simulator | Round 116/150 | Acc: 0.7988 | Loss: 0.5838 | eps: 0.00 | P: 1.00 R: 1.00 F1: 1.00
2026-05-14 06:33:02 | DEBUG   | dpfl.core.base_simulator | Update norms — honest: ['0.03', '0.03', '0.03', '0.03', '0.03'], attacker: ['nan', 'nan', 'nan', 'nan', 'nan']
2026-05-14 06:33:04 | INFO    | dpfl.core.base_simulator | Round 117/150 | Acc: 0.7987 | Loss: 0.5837 | eps: 0.00 | P: 1.00 R: 1.00 F1: 1.00
2026-05-14 06:33:04 | DEBUG   | dpfl.core.base_simulator | Update norms — honest: ['0.02', '0.02', '0.03', '0.03', '0.03'], attacker: ['nan', 'nan', 'nan', 'nan', 'nan']
2026-05-14 06:33:05 | INFO    | dpfl.core.base_simulator | Round 118/150 | Acc: 0.7988 | Loss: 0.5845 | eps: 0.00 | P: 1.00 R: 1.00 F1: 1.00
2026-05-14 06:33:05 | DEBUG   | dpfl.core.base_simulator | Update norms — honest: ['0.03', '0.02', '0.03', '0.04', '0.02'], attacker: ['nan', 'nan', 'nan', 'nan', 'nan']
2026-05-14 06:33:30 | INFO    | dpfl.core.base_simulator | Round 119/150 | Acc: 0.7989 | Loss: 0.5848 | eps: 0.00 | P: 1.00 R: 1.00 F1: 1.00
2026-05-14 06:33:30 | DEBUG   | dpfl.core.base_simulator | Update norms — honest: ['0.02', '0.02', '0.02', '0.03', '0.03'], attacker: ['nan', 'nan', 'nan', 'nan', 'nan']
2026-05-14 06:33:57 | INFO    | dpfl.core.base_simulator | Round 120/150 | Acc: 0.7987 | Loss: 0.5851 | eps: 0.00 | P: 1.00 R: 1.00 F1: 1.00
2026-05-14 06:33:57 | DEBUG   | dpfl.core.base_simulator | Update norms — honest: ['0.03', '0.02', '0.03', '0.02', '0.02'], attacker: ['nan', 'nan', 'nan', 'nan', 'nan']
2026-05-14 06:34:15 | INFO    | dpfl.core.base_simulator | Round 121/150 | Acc: 0.7988 | Loss: 0.5856 | eps: 0.00 | P: 1.00 R: 1.00 F1: 1.00
2026-05-14 06:34:15 | DEBUG   | dpfl.core.base_simulator | Update norms — honest: ['0.03', '0.02', '0.03', '0.03', '0.03'], attacker: ['nan', 'nan', 'nan', 'nan', 'nan']
2026-05-14 06:34:28 | INFO    | dpfl.core.base_simulator | Round 122/150 | Acc: 0.7991 | Loss: 0.5856 | eps: 0.00 | P: 1.00 R: 1.00 F1: 1.00
2026-05-14 06:34:28 | DEBUG   | dpfl.core.base_simulator | Update norms — honest: ['0.03', '0.02', '0.03', '0.03', '0.03'], attacker: ['nan', 'nan', 'nan', 'nan', 'nan']
2026-05-14 06:34:30 | INFO    | dpfl.core.base_simulator | Round 123/150 | Acc: 0.7988 | Loss: 0.5864 | eps: 0.00 | P: 1.00 R: 1.00 F1: 1.00
2026-05-14 06:34:30 | DEBUG   | dpfl.core.base_simulator | Update norms — honest: ['0.03', '0.03', '0.03', '0.02', '0.02'], attacker: ['nan', 'nan', 'nan', 'nan', 'nan']
2026-05-14 06:34:32 | INFO    | dpfl.core.base_simulator | Round 124/150 | Acc: 0.7988 | Loss: 0.5869 | eps: 0.00 | P: 1.00 R: 1.00 F1: 1.00
2026-05-14 06:34:32 | DEBUG   | dpfl.core.base_simulator | Update norms — honest: ['0.02', '0.02', '0.02', '0.02', '0.02'], attacker: ['nan', 'nan', 'nan', 'nan', 'nan']
2026-05-14 06:34:45 | INFO    | dpfl.core.base_simulator | Round 125/150 | Acc: 0.7990 | Loss: 0.5871 | eps: 0.00 | P: 1.00 R: 1.00 F1: 1.00
2026-05-14 06:34:45 | DEBUG   | dpfl.core.base_simulator | Update norms — honest: ['0.02', '0.02', '0.02', '0.02', '0.02'], attacker: ['nan', 'nan', 'nan', 'nan', 'nan']
2026-05-14 06:34:48 | INFO    | dpfl.core.base_simulator | Round 126/150 | Acc: 0.7989 | Loss: 0.5876 | eps: 0.00 | P: 1.00 R: 1.00 F1: 1.00
2026-05-14 06:34:48 | DEBUG   | dpfl.core.base_simulator | Update norms — honest: ['0.02', '0.02', '0.03', '0.03', '0.02'], attacker: ['nan', 'nan', 'nan', 'nan', 'nan']
2026-05-14 06:34:50 | INFO    | dpfl.core.base_simulator | Round 127/150 | Acc: 0.7989 | Loss: 0.5877 | eps: 0.00 | P: 1.00 R: 1.00 F1: 1.00
2026-05-14 06:34:50 | DEBUG   | dpfl.core.base_simulator | Update norms — honest: ['0.03', '0.02', '0.03', '0.02', '0.03'], attacker: ['nan', 'nan', 'nan', 'nan', 'nan']
2026-05-14 06:34:52 | INFO    | dpfl.core.base_simulator | Round 128/150 | Acc: 0.7988 | Loss: 0.5887 | eps: 0.00 | P: 1.00 R: 1.00 F1: 1.00
2026-05-14 06:34:52 | DEBUG   | dpfl.core.base_simulator | Update norms — honest: ['0.02', '0.02', '0.02', '0.02', '0.02'], attacker: ['nan', 'nan', 'nan', 'nan', 'nan']
2026-05-14 06:34:58 | INFO    | dpfl.core.base_simulator | Round 129/150 | Acc: 0.7992 | Loss: 0.5884 | eps: 0.00 | P: 1.00 R: 1.00 F1: 1.00
2026-05-14 06:34:58 | DEBUG   | dpfl.core.base_simulator | Update norms — honest: ['0.03', '0.03', '0.02', '0.02', '0.02'], attacker: ['nan', 'nan', 'nan', 'nan', 'nan']
2026-05-14 06:35:04 | INFO    | dpfl.core.base_simulator | Round 130/150 | Acc: 0.7988 | Loss: 0.5896 | eps: 0.00 | P: 1.00 R: 1.00 F1: 1.00
2026-05-14 06:35:04 | DEBUG   | dpfl.core.base_simulator | Update norms — honest: ['0.03', '0.03', '0.03', '0.02', '0.03'], attacker: ['nan', 'nan', 'nan', 'nan', 'nan']
2026-05-14 06:35:06 | INFO    | dpfl.core.base_simulator | Round 131/150 | Acc: 0.7993 | Loss: 0.5892 | eps: 0.00 | P: 1.00 R: 1.00 F1: 1.00
2026-05-14 06:35:06 | DEBUG   | dpfl.core.base_simulator | Update norms — honest: ['0.02', '0.03', '0.03', '0.02', '0.02'], attacker: ['nan', 'nan', 'nan', 'nan', 'nan']
2026-05-14 06:35:08 | INFO    | dpfl.core.base_simulator | Round 132/150 | Acc: 0.7992 | Loss: 0.5900 | eps: 0.00 | P: 1.00 R: 1.00 F1: 1.00
2026-05-14 06:35:08 | DEBUG   | dpfl.core.base_simulator | Update norms — honest: ['0.03', '0.03', '0.03', '0.02', '0.03'], attacker: ['nan', 'nan', 'nan', 'nan', 'nan']
2026-05-14 06:35:10 | INFO    | dpfl.core.base_simulator | Round 133/150 | Acc: 0.7990 | Loss: 0.5903 | eps: 0.00 | P: 1.00 R: 1.00 F1: 1.00
2026-05-14 06:35:10 | DEBUG   | dpfl.core.base_simulator | Update norms — honest: ['0.03', '0.02', '0.02', '0.03', '0.02'], attacker: ['nan', 'nan', 'nan', 'nan', 'nan']
2026-05-14 06:35:21 | INFO    | dpfl.core.base_simulator | Round 134/150 | Acc: 0.7990 | Loss: 0.5910 | eps: 0.00 | P: 1.00 R: 1.00 F1: 1.00
2026-05-14 06:35:21 | DEBUG   | dpfl.core.base_simulator | Update norms — honest: ['0.03', '0.02', '0.03', '0.03', '0.02'], attacker: ['nan', 'nan', 'nan', 'nan', 'nan']
2026-05-14 06:35:23 | INFO    | dpfl.core.base_simulator | Round 135/150 | Acc: 0.7991 | Loss: 0.5914 | eps: 0.00 | P: 1.00 R: 1.00 F1: 1.00
2026-05-14 06:35:23 | DEBUG   | dpfl.core.base_simulator | Update norms — honest: ['0.02', '0.02', '0.03', '0.02', '0.02'], attacker: ['nan', 'nan', 'nan', 'nan', 'nan']
2026-05-14 06:35:24 | INFO    | dpfl.core.base_simulator | Round 136/150 | Acc: 0.7993 | Loss: 0.5915 | eps: 0.00 | P: 1.00 R: 1.00 F1: 1.00
2026-05-14 06:35:24 | DEBUG   | dpfl.core.base_simulator | Update norms — honest: ['0.02', '0.02', '0.02', '0.02', '0.02'], attacker: ['nan', 'nan', 'nan', 'nan', 'nan']
2026-05-14 06:35:26 | INFO    | dpfl.core.base_simulator | Round 137/150 | Acc: 0.7992 | Loss: 0.5919 | eps: 0.00 | P: 1.00 R: 1.00 F1: 1.00
2026-05-14 06:35:26 | DEBUG   | dpfl.core.base_simulator | Update norms — honest: ['0.02', '0.02', '0.03', '0.02', '0.02'], attacker: ['nan', 'nan', 'nan', 'nan', 'nan']
2026-05-14 06:35:38 | INFO    | dpfl.core.base_simulator | Round 138/150 | Acc: 0.7991 | Loss: 0.5924 | eps: 0.00 | P: 1.00 R: 1.00 F1: 1.00
2026-05-14 06:35:38 | DEBUG   | dpfl.core.base_simulator | Update norms — honest: ['0.02', '0.02', '0.02', '0.02', '0.02'], attacker: ['nan', 'nan', 'nan', 'nan', 'nan']
2026-05-14 06:35:39 | INFO    | dpfl.core.base_simulator | Round 139/150 | Acc: 0.7991 | Loss: 0.5931 | eps: 0.00 | P: 1.00 R: 1.00 F1: 1.00
2026-05-14 06:35:39 | DEBUG   | dpfl.core.base_simulator | Update norms — honest: ['0.03', '0.02', '0.03', '0.02', '0.03'], attacker: ['nan', 'nan', 'nan', 'nan', 'nan']
2026-05-14 06:35:41 | INFO    | dpfl.core.base_simulator | Round 140/150 | Acc: 0.7991 | Loss: 0.5936 | eps: 0.00 | P: 1.00 R: 1.00 F1: 1.00
2026-05-14 06:35:41 | DEBUG   | dpfl.core.base_simulator | Update norms — honest: ['0.03', '0.02', '0.02', '0.02', '0.02'], attacker: ['nan', 'nan', 'nan', 'nan', 'nan']
2026-05-14 06:35:43 | INFO    | dpfl.core.base_simulator | Round 141/150 | Acc: 0.7991 | Loss: 0.5945 | eps: 0.00 | P: 1.00 R: 1.00 F1: 1.00
2026-05-14 06:35:43 | DEBUG   | dpfl.core.base_simulator | Update norms — honest: ['0.03', '0.03', '0.02', '0.02', '0.02'], attacker: ['nan', 'nan', 'nan', 'nan', 'nan']
2026-05-14 06:35:45 | INFO    | dpfl.core.base_simulator | Round 142/150 | Acc: 0.7991 | Loss: 0.5945 | eps: 0.00 | P: 1.00 R: 1.00 F1: 1.00
2026-05-14 06:35:45 | DEBUG   | dpfl.core.base_simulator | Update norms — honest: ['0.02', '0.03', '0.02', '0.02', '0.02'], attacker: ['nan', 'nan', 'nan', 'nan', 'nan']
2026-05-14 06:35:56 | INFO    | dpfl.core.base_simulator | Round 143/150 | Acc: 0.7991 | Loss: 0.5952 | eps: 0.00 | P: 1.00 R: 1.00 F1: 1.00
2026-05-14 06:35:56 | DEBUG   | dpfl.core.base_simulator | Update norms — honest: ['0.03', '0.02', '0.02', '0.02', '0.02'], attacker: ['nan', 'nan', 'nan', 'nan', 'nan']
2026-05-14 06:35:57 | INFO    | dpfl.core.base_simulator | Round 144/150 | Acc: 0.7993 | Loss: 0.5955 | eps: 0.00 | P: 1.00 R: 1.00 F1: 1.00
2026-05-14 06:35:57 | DEBUG   | dpfl.core.base_simulator | Update norms — honest: ['0.02', '0.02', '0.02', '0.02', '0.02'], attacker: ['nan', 'nan', 'nan', 'nan', 'nan']
2026-05-14 06:35:59 | INFO    | dpfl.core.base_simulator | Round 145/150 | Acc: 0.7993 | Loss: 0.5964 | eps: 0.00 | P: 1.00 R: 1.00 F1: 1.00
2026-05-14 06:35:59 | DEBUG   | dpfl.core.base_simulator | Update norms — honest: ['0.02', '0.02', '0.02', '0.02', '0.02'], attacker: ['nan', 'nan', 'nan', 'nan', 'nan']
2026-05-14 06:36:01 | INFO    | dpfl.core.base_simulator | Round 146/150 | Acc: 0.7992 | Loss: 0.5968 | eps: 0.00 | P: 1.00 R: 1.00 F1: 1.00
2026-05-14 06:36:01 | DEBUG   | dpfl.core.base_simulator | Update norms — honest: ['0.02', '0.02', '0.02', '0.02', '0.02'], attacker: ['nan', 'nan', 'nan', 'nan', 'nan']
2026-05-14 06:36:03 | INFO    | dpfl.core.base_simulator | Round 147/150 | Acc: 0.7992 | Loss: 0.5975 | eps: 0.00 | P: 1.00 R: 1.00 F1: 1.00
2026-05-14 06:36:03 | DEBUG   | dpfl.core.base_simulator | Update norms — honest: ['0.02', '0.03', '0.02', '0.02', '0.02'], attacker: ['nan', 'nan', 'nan', 'nan', 'nan']
2026-05-14 06:36:14 | INFO    | dpfl.core.base_simulator | Round 148/150 | Acc: 0.7992 | Loss: 0.5975 | eps: 0.00 | P: 1.00 R: 1.00 F1: 1.00
2026-05-14 06:36:14 | DEBUG   | dpfl.core.base_simulator | Update norms — honest: ['0.03', '0.02', '0.02', '0.02', '0.02'], attacker: ['nan', 'nan', 'nan', 'nan', 'nan']
2026-05-14 06:36:16 | INFO    | dpfl.core.base_simulator | Round 149/150 | Acc: 0.7992 | Loss: 0.5985 | eps: 0.00 | P: 1.00 R: 1.00 F1: 1.00
2026-05-14 06:36:16 | DEBUG   | dpfl.core.base_simulator | Update norms — honest: ['0.02', '0.02', '0.02', '0.02', '0.02'], attacker: ['nan', 'nan', 'nan', 'nan', 'nan']
2026-05-14 06:36:17 | INFO    | dpfl.core.base_simulator | Round 150/150 | Acc: 0.7992 | Loss: 0.5986 | eps: 0.00 | P: 1.00 R: 1.00 F1: 1.00
2026-05-14 06:36:17 | DEBUG   | dpfl.core.base_simulator | Update norms — honest: ['0.02', '0.02', '0.02', '0.02', '0.02'], attacker: ['nan', 'nan', 'nan', 'nan', 'nan']
2026-05-14 06:36:19 | INFO    | dpfl | Experiment complete in 1181.8s
============================================================
REPORT: DP-SGD Decentralized Federated Learning
============================================================
Timestamp:                  20260514_061636
Rounds completed:           150
Attack-active rounds:       100  (from round 50)
Final accuracy:             0.7992
Final test loss:            0.5986
Final epsilon:              0.00
Best alpha:                 None
Avg precision:              1.0000
Avg recall:                 0.9530
Avg F1 score:               0.9943
Avg update norm (honest):   0.0393
Avg update norm (attacker): nan
============================================================
