2026-05-14 06:49:22 | INFO    | dpfl | Experiment start: algorithm=balance, dataset=fashion_mnist, model=mlp, device=cuda
2026-05-14 06:49:22 | INFO    | dpfl | Config: nodes=500, attackers=300, rounds=150, noise_mode=none, attack=scale
2026-05-14 06:49:22 | INFO    | dpfl.data.fashion_mnist_dataset | Loading Fashion-MNIST dataset...
2026-05-14 06:49:22 | INFO    | dpfl.data.fashion_mnist_dataset | Fashion-MNIST loaded: 60000 train, 10000 test samples
2026-05-14 06:51:22 | INFO    | dpfl.core.base_simulator | Vectorized state ready: param_spec.D=50890, X_test=(10000, 1, 28, 28), train clients N=500, max_n_samples=1000
2026-05-14 06:51:22 | INFO    | dpfl.core.base_simulator | Setup complete: 500 nodes (300 attackers), param_dim=50890, split=iid
2026-05-14 06:51:22 | DEBUG   | dpfl.core.base_simulator | Attacker IDs: {0, 1, 2, 3, 4, 5, 6, 7, 8, 9, 10, 11, 12, 13, 14, 15, 16, 17, 18, 19, 20, 21, 22, 23, 24, 25, 26, 27, 28, 29, 30, 31, 32, 33, 34, 35, 36, 37, 38, 39, 40, 41, 42, 43, 44, 45, 46, 47, 48, 49, 50, 51, 52, 53, 54, 55, 56, 57, 58, 59, 60, 61, 62, 63, 64, 65, 66, 67, 68, 69, 70, 71, 72, 73, 74, 75, 76, 77, 78, 79, 80, 81, 82, 83, 84, 85, 86, 87, 88, 89, 90, 91, 92, 93, 94, 95, 96, 97, 98, 99, 100, 101, 102, 103, 104, 105, 106, 107, 108, 109, 110, 111, 112, 113, 114, 115, 116, 117, 118, 119, 120, 121, 122, 123, 124, 125, 126, 127, 128, 129, 130, 131, 132, 133, 134, 135, 136, 137, 138, 139, 140, 141, 142, 143, 144, 145, 146, 147, 148, 149, 150, 151, 152, 153, 154, 155, 156, 157, 158, 159, 160, 161, 162, 163, 164, 165, 166, 167, 168, 169, 170, 171, 172, 173, 174, 175, 176, 177, 178, 179, 180, 181, 182, 183, 184, 185, 186, 187, 188, 189, 190, 191, 192, 193, 194, 195, 196, 197, 198, 199, 200, 201, 202, 203, 204, 205, 206, 207, 208, 209, 210, 211, 212, 213, 214, 215, 216, 217, 218, 219, 220, 221, 222, 223, 224, 225, 226, 227, 228, 229, 230, 231, 232, 233, 234, 235, 236, 237, 238, 239, 240, 241, 242, 243, 244, 245, 246, 247, 248, 249, 250, 251, 252, 253, 254, 255, 256, 257, 258, 259, 260, 261, 262, 263, 264, 265, 266, 267, 268, 269, 270, 271, 272, 273, 274, 275, 276, 277, 278, 279, 280, 281, 282, 283, 284, 285, 286, 287, 288, 289, 290, 291, 292, 293, 294, 295, 296, 297, 298, 299}
2026-05-14 06:51:33 | INFO    | dpfl.core.base_simulator | Round   1/150 | Acc: 0.4589 | Loss: 1.9726 | eps: 0.00 | P: nan R: nan F1: nan
2026-05-14 06:51:33 | DEBUG   | dpfl.core.base_simulator | Update norms — honest: ['0.23', '0.24', '0.23', '0.23', '0.24'], attacker: ['0.23', '0.23', '0.24', '0.23', '0.24']
2026-05-14 06:51:42 | INFO    | dpfl.core.base_simulator | Round   2/150 | Acc: 0.5730 | Loss: 1.7057 | eps: 0.00 | P: nan R: nan F1: nan
2026-05-14 06:51:42 | DEBUG   | dpfl.core.base_simulator | Update norms — honest: ['0.21', '0.20', '0.20', '0.21', '0.21'], attacker: ['0.20', '0.20', '0.21', '0.20', '0.21']
2026-05-14 06:51:46 | INFO    | dpfl.core.base_simulator | Round   3/150 | Acc: 0.6227 | Loss: 1.4812 | eps: 0.00 | P: nan R: nan F1: nan
2026-05-14 06:51:46 | DEBUG   | dpfl.core.base_simulator | Update norms — honest: ['0.19', '0.19', '0.19', '0.18', '0.19'], attacker: ['0.19', '0.19', '0.19', '0.18', '0.19']
2026-05-14 06:51:57 | INFO    | dpfl.core.base_simulator | Round   4/150 | Acc: 0.6515 | Loss: 1.3051 | eps: 0.00 | P: nan R: nan F1: nan
2026-05-14 06:51:57 | DEBUG   | dpfl.core.base_simulator | Update norms — honest: ['0.17', '0.17', '0.17', '0.17', '0.17'], attacker: ['0.17', '0.17', '0.17', '0.16', '0.17']
2026-05-14 06:52:04 | INFO    | dpfl.core.base_simulator | Round   5/150 | Acc: 0.6739 | Loss: 1.1756 | eps: 0.00 | P: nan R: nan F1: nan
2026-05-14 06:52:04 | DEBUG   | dpfl.core.base_simulator | Update norms — honest: ['0.15', '0.15', '0.14', '0.14', '0.14'], attacker: ['0.14', '0.14', '0.14', '0.14', '0.14']
2026-05-14 06:52:10 | INFO    | dpfl.core.base_simulator | Round   6/150 | Acc: 0.6911 | Loss: 1.0814 | eps: 0.00 | P: nan R: nan F1: nan
2026-05-14 06:52:10 | DEBUG   | dpfl.core.base_simulator | Update norms — honest: ['0.13', '0.12', '0.12', '0.13', '0.12'], attacker: ['0.13', '0.12', '0.12', '0.12', '0.12']
2026-05-14 06:52:22 | INFO    | dpfl.core.base_simulator | Round   7/150 | Acc: 0.7024 | Loss: 1.0112 | eps: 0.00 | P: nan R: nan F1: nan
2026-05-14 06:52:22 | DEBUG   | dpfl.core.base_simulator | Update norms — honest: ['0.11', '0.11', '0.11', '0.11', '0.11'], attacker: ['0.11', '0.11', '0.11', '0.11', '0.11']
2026-05-14 06:52:24 | INFO    | dpfl.core.base_simulator | Round   8/150 | Acc: 0.7104 | Loss: 0.9573 | eps: 0.00 | P: nan R: nan F1: nan
2026-05-14 06:52:24 | DEBUG   | dpfl.core.base_simulator | Update norms — honest: ['0.10', '0.10', '0.09', '0.10', '0.09'], attacker: ['0.10', '0.09', '0.10', '0.10', '0.09']
2026-05-14 06:52:35 | INFO    | dpfl.core.base_simulator | Round   9/150 | Acc: 0.7167 | Loss: 0.9143 | eps: 0.00 | P: nan R: nan F1: nan
2026-05-14 06:52:35 | DEBUG   | dpfl.core.base_simulator | Update norms — honest: ['0.09', '0.09', '0.08', '0.09', '0.09'], attacker: ['0.09', '0.09', '0.09', '0.09', '0.09']
2026-05-14 06:52:45 | INFO    | dpfl.core.base_simulator | Round  10/150 | Acc: 0.7229 | Loss: 0.8792 | eps: 0.00 | P: nan R: nan F1: nan
2026-05-14 06:52:45 | DEBUG   | dpfl.core.base_simulator | Update norms — honest: ['0.08', '0.08', '0.08', '0.08', '0.08'], attacker: ['0.08', '0.08', '0.08', '0.08', '0.08']
2026-05-14 06:52:48 | INFO    | dpfl.core.base_simulator | Round  11/150 | Acc: 0.7278 | Loss: 0.8500 | eps: 0.00 | P: nan R: nan F1: nan
2026-05-14 06:52:48 | DEBUG   | dpfl.core.base_simulator | Update norms — honest: ['0.07', '0.07', '0.07', '0.07', '0.07'], attacker: ['0.08', '0.07', '0.07', '0.07', '0.07']
2026-05-14 06:53:00 | INFO    | dpfl.core.base_simulator | Round  12/150 | Acc: 0.7326 | Loss: 0.8248 | eps: 0.00 | P: nan R: nan F1: nan
2026-05-14 06:53:00 | DEBUG   | dpfl.core.base_simulator | Update norms — honest: ['0.07', '0.07', '0.07', '0.07', '0.07'], attacker: ['0.07', '0.07', '0.07', '0.07', '0.07']
2026-05-14 06:53:08 | INFO    | dpfl.core.base_simulator | Round  13/150 | Acc: 0.7367 | Loss: 0.8034 | eps: 0.00 | P: nan R: nan F1: nan
2026-05-14 06:53:08 | DEBUG   | dpfl.core.base_simulator | Update norms — honest: ['0.07', '0.07', '0.06', '0.06', '0.06'], attacker: ['0.07', '0.06', '0.07', '0.07', '0.06']
2026-05-14 06:53:13 | INFO    | dpfl.core.base_simulator | Round  14/150 | Acc: 0.7404 | Loss: 0.7846 | eps: 0.00 | P: nan R: nan F1: nan
2026-05-14 06:53:13 | DEBUG   | dpfl.core.base_simulator | Update norms — honest: ['0.06', '0.06', '0.06', '0.06', '0.07'], attacker: ['0.07', '0.06', '0.06', '0.06', '0.06']
2026-05-14 06:53:24 | INFO    | dpfl.core.base_simulator | Round  15/150 | Acc: 0.7437 | Loss: 0.7685 | eps: 0.00 | P: nan R: nan F1: nan
2026-05-14 06:53:24 | DEBUG   | dpfl.core.base_simulator | Update norms — honest: ['0.06', '0.06', '0.06', '0.06', '0.06'], attacker: ['0.06', '0.06', '0.06', '0.06', '0.06']
2026-05-14 06:53:29 | INFO    | dpfl.core.base_simulator | Round  16/150 | Acc: 0.7466 | Loss: 0.7542 | eps: 0.00 | P: nan R: nan F1: nan
2026-05-14 06:53:29 | DEBUG   | dpfl.core.base_simulator | Update norms — honest: ['0.05', '0.05', '0.05', '0.06', '0.06'], attacker: ['0.06', '0.06', '0.06', '0.05', '0.06']
2026-05-14 06:53:38 | INFO    | dpfl.core.base_simulator | Round  17/150 | Acc: 0.7493 | Loss: 0.7413 | eps: 0.00 | P: nan R: nan F1: nan
2026-05-14 06:53:38 | DEBUG   | dpfl.core.base_simulator | Update norms — honest: ['0.05', '0.06', '0.06', '0.05', '0.05'], attacker: ['0.05', '0.05', '0.05', '0.06', '0.06']
2026-05-14 06:53:48 | INFO    | dpfl.core.base_simulator | Round  18/150 | Acc: 0.7522 | Loss: 0.7301 | eps: 0.00 | P: nan R: nan F1: nan
2026-05-14 06:53:48 | DEBUG   | dpfl.core.base_simulator | Update norms — honest: ['0.05', '0.06', '0.05', '0.05', '0.05'], attacker: ['0.05', '0.05', '0.05', '0.05', '0.05']
2026-05-14 06:53:51 | INFO    | dpfl.core.base_simulator | Round  19/150 | Acc: 0.7547 | Loss: 0.7197 | eps: 0.00 | P: nan R: nan F1: nan
2026-05-14 06:53:51 | DEBUG   | dpfl.core.base_simulator | Update norms — honest: ['0.05', '0.05', '0.05', '0.05', '0.05'], attacker: ['0.05', '0.05', '0.05', '0.05', '0.05']
2026-05-14 06:54:03 | INFO    | dpfl.core.base_simulator | Round  20/150 | Acc: 0.7567 | Loss: 0.7103 | eps: 0.00 | P: nan R: nan F1: nan
2026-05-14 06:54:03 | DEBUG   | dpfl.core.base_simulator | Update norms — honest: ['0.05', '0.05', '0.05', '0.05', '0.05'], attacker: ['0.05', '0.05', '0.05', '0.05', '0.05']
2026-05-14 06:54:08 | INFO    | dpfl.core.base_simulator | Round  21/150 | Acc: 0.7590 | Loss: 0.7017 | eps: 0.00 | P: nan R: nan F1: nan
2026-05-14 06:54:08 | DEBUG   | dpfl.core.base_simulator | Update norms — honest: ['0.05', '0.05', '0.05', '0.05', '0.04'], attacker: ['0.05', '0.05', '0.05', '0.05', '0.05']
2026-05-14 06:54:16 | INFO    | dpfl.core.base_simulator | Round  22/150 | Acc: 0.7607 | Loss: 0.6942 | eps: 0.00 | P: nan R: nan F1: nan
2026-05-14 06:54:16 | DEBUG   | dpfl.core.base_simulator | Update norms — honest: ['0.04', '0.05', '0.05', '0.05', '0.04'], attacker: ['0.05', '0.05', '0.05', '0.05', '0.04']
2026-05-14 06:54:26 | INFO    | dpfl.core.base_simulator | Round  23/150 | Acc: 0.7627 | Loss: 0.6866 | eps: 0.00 | P: nan R: nan F1: nan
2026-05-14 06:54:26 | DEBUG   | dpfl.core.base_simulator | Update norms — honest: ['0.05', '0.05', '0.05', '0.05', '0.05'], attacker: ['0.04', '0.05', '0.04', '0.05', '0.04']
2026-05-14 06:54:29 | INFO    | dpfl.core.base_simulator | Round  24/150 | Acc: 0.7643 | Loss: 0.6801 | eps: 0.00 | P: nan R: nan F1: nan
2026-05-14 06:54:29 | DEBUG   | dpfl.core.base_simulator | Update norms — honest: ['0.04', '0.05', '0.05', '0.04', '0.04'], attacker: ['0.04', '0.05', '0.04', '0.04', '0.04']
2026-05-14 06:54:41 | INFO    | dpfl.core.base_simulator | Round  25/150 | Acc: 0.7660 | Loss: 0.6742 | eps: 0.00 | P: nan R: nan F1: nan
2026-05-14 06:54:41 | DEBUG   | dpfl.core.base_simulator | Update norms — honest: ['0.04', '0.04', '0.04', '0.04', '0.04'], attacker: ['0.04', '0.04', '0.04', '0.04', '0.05']
2026-05-14 06:54:45 | INFO    | dpfl.core.base_simulator | Round  26/150 | Acc: 0.7675 | Loss: 0.6687 | eps: 0.00 | P: nan R: nan F1: nan
2026-05-14 06:54:45 | DEBUG   | dpfl.core.base_simulator | Update norms — honest: ['0.04', '0.04', '0.04', '0.05', '0.05'], attacker: ['0.05', '0.04', '0.04', '0.04', '0.04']
2026-05-14 06:54:54 | INFO    | dpfl.core.base_simulator | Round  27/150 | Acc: 0.7688 | Loss: 0.6630 | eps: 0.00 | P: nan R: nan F1: nan
2026-05-14 06:54:54 | DEBUG   | dpfl.core.base_simulator | Update norms — honest: ['0.04', '0.05', '0.04', '0.04', '0.05'], attacker: ['0.04', '0.04', '0.04', '0.04', '0.04']
2026-05-14 06:55:01 | INFO    | dpfl.core.base_simulator | Round  28/150 | Acc: 0.7703 | Loss: 0.6583 | eps: 0.00 | P: nan R: nan F1: nan
2026-05-14 06:55:01 | DEBUG   | dpfl.core.base_simulator | Update norms — honest: ['0.04', '0.05', '0.04', '0.04', '0.04'], attacker: ['0.04', '0.04', '0.04', '0.04', '0.04']
2026-05-14 06:55:07 | INFO    | dpfl.core.base_simulator | Round  29/150 | Acc: 0.7718 | Loss: 0.6535 | eps: 0.00 | P: nan R: nan F1: nan
2026-05-14 06:55:07 | DEBUG   | dpfl.core.base_simulator | Update norms — honest: ['0.04', '0.04', '0.04', '0.04', '0.04'], attacker: ['0.04', '0.04', '0.04', '0.04', '0.04']
2026-05-14 06:55:16 | INFO    | dpfl.core.base_simulator | Round  30/150 | Acc: 0.7727 | Loss: 0.6494 | eps: 0.00 | P: nan R: nan F1: nan
2026-05-14 06:55:16 | DEBUG   | dpfl.core.base_simulator | Update norms — honest: ['0.04', '0.04', '0.04', '0.04', '0.04'], attacker: ['0.04', '0.04', '0.04', '0.04', '0.04']
2026-05-14 06:55:20 | INFO    | dpfl.core.base_simulator | Round  31/150 | Acc: 0.7740 | Loss: 0.6451 | eps: 0.00 | P: nan R: nan F1: nan
2026-05-14 06:55:20 | DEBUG   | dpfl.core.base_simulator | Update norms — honest: ['0.03', '0.04', '0.03', '0.04', '0.04'], attacker: ['0.04', '0.04', '0.04', '0.04', '0.04']
2026-05-14 06:55:31 | INFO    | dpfl.core.base_simulator | Round  32/150 | Acc: 0.7752 | Loss: 0.6413 | eps: 0.00 | P: nan R: nan F1: nan
2026-05-14 06:55:31 | DEBUG   | dpfl.core.base_simulator | Update norms — honest: ['0.04', '0.04', '0.04', '0.04', '0.04'], attacker: ['0.04', '0.04', '0.04', '0.04', '0.04']
2026-05-14 06:55:34 | INFO    | dpfl.core.base_simulator | Round  33/150 | Acc: 0.7760 | Loss: 0.6377 | eps: 0.00 | P: nan R: nan F1: nan
2026-05-14 06:55:34 | DEBUG   | dpfl.core.base_simulator | Update norms — honest: ['0.04', '0.04', '0.04', '0.04', '0.04'], attacker: ['0.04', '0.04', '0.04', '0.04', '0.04']
2026-05-14 06:55:41 | INFO    | dpfl.core.base_simulator | Round  34/150 | Acc: 0.7773 | Loss: 0.6341 | eps: 0.00 | P: nan R: nan F1: nan
2026-05-14 06:55:41 | DEBUG   | dpfl.core.base_simulator | Update norms — honest: ['0.04', '0.04', '0.03', '0.04', '0.03'], attacker: ['0.04', '0.04', '0.04', '0.04', '0.04']
2026-05-14 06:55:47 | INFO    | dpfl.core.base_simulator | Round  35/150 | Acc: 0.7781 | Loss: 0.6310 | eps: 0.00 | P: nan R: nan F1: nan
2026-05-14 06:55:47 | DEBUG   | dpfl.core.base_simulator | Update norms — honest: ['0.03', '0.03', '0.04', '0.04', '0.04'], attacker: ['0.04', '0.04', '0.04', '0.04', '0.03']
2026-05-14 06:55:58 | INFO    | dpfl.core.base_simulator | Round  36/150 | Acc: 0.7791 | Loss: 0.6278 | eps: 0.00 | P: nan R: nan F1: nan
2026-05-14 06:55:58 | DEBUG   | dpfl.core.base_simulator | Update norms — honest: ['0.03', '0.04', '0.04', '0.04', '0.04'], attacker: ['0.04', '0.04', '0.04', '0.04', '0.04']
2026-05-14 06:56:00 | INFO    | dpfl.core.base_simulator | Round  37/150 | Acc: 0.7796 | Loss: 0.6256 | eps: 0.00 | P: nan R: nan F1: nan
2026-05-14 06:56:00 | DEBUG   | dpfl.core.base_simulator | Update norms — honest: ['0.03', '0.04', '0.04', '0.03', '0.03'], attacker: ['0.04', '0.04', '0.03', '0.04', '0.04']
2026-05-14 06:56:12 | INFO    | dpfl.core.base_simulator | Round  38/150 | Acc: 0.7805 | Loss: 0.6230 | eps: 0.00 | P: nan R: nan F1: nan
2026-05-14 06:56:12 | DEBUG   | dpfl.core.base_simulator | Update norms — honest: ['0.03', '0.04', '0.04', '0.04', '0.04'], attacker: ['0.03', '0.04', '0.03', '0.04', '0.04']
2026-05-14 06:56:14 | INFO    | dpfl.core.base_simulator | Round  39/150 | Acc: 0.7815 | Loss: 0.6199 | eps: 0.00 | P: nan R: nan F1: nan
2026-05-14 06:56:14 | DEBUG   | dpfl.core.base_simulator | Update norms — honest: ['0.03', '0.03', '0.03', '0.03', '0.04'], attacker: ['0.03', '0.04', '0.04', '0.04', '0.04']
2026-05-14 06:56:25 | INFO    | dpfl.core.base_simulator | Round  40/150 | Acc: 0.7819 | Loss: 0.6177 | eps: 0.00 | P: nan R: nan F1: nan
2026-05-14 06:56:25 | DEBUG   | dpfl.core.base_simulator | Update norms — honest: ['0.03', '0.03', '0.04', '0.04', '0.03'], attacker: ['0.03', '0.04', '0.03', '0.04', '0.03']
2026-05-14 06:56:29 | INFO    | dpfl.core.base_simulator | Round  41/150 | Acc: 0.7827 | Loss: 0.6155 | eps: 0.00 | P: nan R: nan F1: nan
2026-05-14 06:56:29 | DEBUG   | dpfl.core.base_simulator | Update norms — honest: ['0.03', '0.04', '0.03', '0.03', '0.03'], attacker: ['0.04', '0.04', '0.03', '0.03', '0.03']
2026-05-14 06:56:39 | INFO    | dpfl.core.base_simulator | Round  42/150 | Acc: 0.7836 | Loss: 0.6133 | eps: 0.00 | P: nan R: nan F1: nan
2026-05-14 06:56:39 | DEBUG   | dpfl.core.base_simulator | Update norms — honest: ['0.03', '0.04', '0.03', '0.03', '0.03'], attacker: ['0.03', '0.04', '0.03', '0.03', '0.03']
2026-05-14 06:56:46 | INFO    | dpfl.core.base_simulator | Round  43/150 | Acc: 0.7841 | Loss: 0.6114 | eps: 0.00 | P: nan R: nan F1: nan
2026-05-14 06:56:46 | DEBUG   | dpfl.core.base_simulator | Update norms — honest: ['0.03', '0.04', '0.03', '0.03', '0.03'], attacker: ['0.03', '0.04', '0.03', '0.03', '0.03']
2026-05-14 06:56:52 | INFO    | dpfl.core.base_simulator | Round  44/150 | Acc: 0.7847 | Loss: 0.6091 | eps: 0.00 | P: nan R: nan F1: nan
2026-05-14 06:56:52 | DEBUG   | dpfl.core.base_simulator | Update norms — honest: ['0.03', '0.04', '0.03', '0.03', '0.03'], attacker: ['0.04', '0.03', '0.03', '0.04', '0.03']
2026-05-14 06:56:55 | INFO    | dpfl.core.base_simulator | Round  45/150 | Acc: 0.7854 | Loss: 0.6072 | eps: 0.00 | P: nan R: nan F1: nan
2026-05-14 06:56:55 | DEBUG   | dpfl.core.base_simulator | Update norms — honest: ['0.03', '0.03', '0.04', '0.03', '0.04'], attacker: ['0.03', '0.03', '0.03', '0.04', '0.03']
2026-05-14 06:57:05 | INFO    | dpfl.core.base_simulator | Round  46/150 | Acc: 0.7859 | Loss: 0.6053 | eps: 0.00 | P: nan R: nan F1: nan
2026-05-14 06:57:05 | DEBUG   | dpfl.core.base_simulator | Update norms — honest: ['0.04', '0.03', '0.03', '0.04', '0.04'], attacker: ['0.03', '0.03', '0.03', '0.04', '0.03']
2026-05-14 06:57:11 | INFO    | dpfl.core.base_simulator | Round  47/150 | Acc: 0.7865 | Loss: 0.6038 | eps: 0.00 | P: nan R: nan F1: nan
2026-05-14 06:57:11 | DEBUG   | dpfl.core.base_simulator | Update norms — honest: ['0.04', '0.03', '0.04', '0.04', '0.03'], attacker: ['0.03', '0.04', '0.03', '0.04', '0.03']
2026-05-14 06:57:18 | INFO    | dpfl.core.base_simulator | Round  48/150 | Acc: 0.7869 | Loss: 0.6022 | eps: 0.00 | P: nan R: nan F1: nan
2026-05-14 06:57:18 | DEBUG   | dpfl.core.base_simulator | Update norms — honest: ['0.03', '0.04', '0.04', '0.03', '0.03'], attacker: ['0.03', '0.03', '0.03', '0.03', '0.03']
2026-05-14 06:57:25 | INFO    | dpfl.core.base_simulator | Round  49/150 | Acc: 0.7875 | Loss: 0.6008 | eps: 0.00 | P: nan R: nan F1: nan
2026-05-14 06:57:25 | DEBUG   | dpfl.core.base_simulator | Update norms — honest: ['0.03', '0.03', '0.03', '0.04', '0.03'], attacker: ['0.03', '0.03', '0.03', '0.04', '0.03']
2026-05-14 06:57:32 | INFO    | dpfl.core.base_simulator | Round  50/150 | Acc: 0.7880 | Loss: 0.5993 | eps: 0.00 | P: nan R: nan F1: nan
2026-05-14 06:57:32 | DEBUG   | dpfl.core.base_simulator | Update norms — honest: ['0.03', '0.03', '0.03', '0.03', '0.04'], attacker: ['0.03', '0.03', '0.03', '0.03', '0.04']
2026-05-14 06:57:39 | INFO    | dpfl.core.base_simulator | Round  51/150 | Acc: 0.7880 | Loss: 0.5989 | eps: 0.00 | P: nan R: 0.00 F1: nan
2026-05-14 06:57:39 | DEBUG   | dpfl.core.base_simulator | Update norms — honest: ['0.03', '0.03', '0.03', '0.03', '0.03'], attacker: ['0.68', '0.66', '0.61', '0.72', '0.64']
2026-05-14 06:57:44 | INFO    | dpfl.core.base_simulator | Round  52/150 | Acc: 0.7821 | Loss: 0.6329 | eps: 0.00 | P: nan R: 0.00 F1: nan
2026-05-14 06:57:44 | DEBUG   | dpfl.core.base_simulator | Update norms — honest: ['0.04', '0.04', '0.04', '0.03', '0.03'], attacker: ['3.81', '2.95', '2.46', '3.90', '3.45']
2026-05-14 06:57:53 | INFO    | dpfl.core.base_simulator | Round  53/150 | Acc: 0.7885 | Loss: 0.5974 | eps: 0.00 | P: 1.00 R: 1.00 F1: 1.00
2026-05-14 06:57:53 | DEBUG   | dpfl.core.base_simulator | Update norms — honest: ['0.03', '0.03', '0.22', '0.03', '0.03'], attacker: ['27.55', '20.54', '12.21', '24.56', '20.05']
2026-05-14 06:57:58 | INFO    | dpfl.core.base_simulator | Round  54/150 | Acc: 0.7891 | Loss: 0.5958 | eps: 0.00 | P: 1.00 R: 1.00 F1: 1.00
2026-05-14 06:57:58 | DEBUG   | dpfl.core.base_simulator | Update norms — honest: ['0.03', '0.03', '0.04', '0.04', '0.03'], attacker: ['219.63', '170.70', '101.55', '188.10', '168.41']
2026-05-14 06:58:06 | INFO    | dpfl.core.base_simulator | Round  55/150 | Acc: 0.7895 | Loss: 0.5945 | eps: 0.00 | P: 1.00 R: 1.00 F1: 1.00
2026-05-14 06:58:06 | DEBUG   | dpfl.core.base_simulator | Update norms — honest: ['0.03', '0.03', '0.04', '0.03', '0.04'], attacker: ['1988.32', '1665.57', '1125.96', '1654.58', '1528.83']
2026-05-14 06:58:11 | INFO    | dpfl.core.base_simulator | Round  56/150 | Acc: 0.7898 | Loss: 0.5936 | eps: 0.00 | P: 1.00 R: 1.00 F1: 1.00
2026-05-14 06:58:11 | DEBUG   | dpfl.core.base_simulator | Update norms — honest: ['0.03', '0.04', '0.04', '0.03', '0.03'], attacker: ['16004.88', '12703.80', '11377.66', '14070.58', '11583.35']
2026-05-14 06:58:19 | INFO    | dpfl.core.base_simulator | Round  57/150 | Acc: 0.7902 | Loss: 0.5924 | eps: 0.00 | P: 1.00 R: 1.00 F1: 1.00
2026-05-14 06:58:19 | DEBUG   | dpfl.core.base_simulator | Update norms — honest: ['0.05', '0.03', '0.04', '0.03', '0.03'], attacker: ['154806.52', '132950.55', '117769.51', '140869.62', '127359.26']
2026-05-14 06:58:24 | INFO    | dpfl.core.base_simulator | Round  58/150 | Acc: 0.7904 | Loss: 0.5915 | eps: 0.00 | P: 1.00 R: 1.00 F1: 1.00
2026-05-14 06:58:24 | DEBUG   | dpfl.core.base_simulator | Update norms — honest: ['0.04', '0.04', '0.04', '0.04', '0.03'], attacker: ['1426348.75', '1257468.12', '1190243.25', '1313332.50', '1305904.50']
2026-05-14 06:58:33 | INFO    | dpfl.core.base_simulator | Round  59/150 | Acc: 0.7910 | Loss: 0.5901 | eps: 0.00 | P: 1.00 R: 1.00 F1: 1.00
2026-05-14 06:58:33 | DEBUG   | dpfl.core.base_simulator | Update norms — honest: ['0.03', '0.04', '0.04', '0.04', '0.03'], attacker: ['13617381.00', '13170239.00', '12886985.00', '13311273.00', '13834834.00']
2026-05-14 06:58:38 | INFO    | dpfl.core.base_simulator | Round  60/150 | Acc: 0.7913 | Loss: 0.5896 | eps: 0.00 | P: 1.00 R: 1.00 F1: 1.00
2026-05-14 06:58:38 | DEBUG   | dpfl.core.base_simulator | Update norms — honest: ['0.03', '0.03', '0.03', '0.03', '0.03'], attacker: ['137280640.00', '130064560.00', '132980440.00', '124621104.00', '131417512.00']
2026-05-14 06:58:46 | INFO    | dpfl.core.base_simulator | Round  61/150 | Acc: 0.7916 | Loss: 0.5887 | eps: 0.00 | P: 1.00 R: 1.00 F1: 1.00
2026-05-14 06:58:46 | DEBUG   | dpfl.core.base_simulator | Update norms — honest: ['0.03', '0.03', '0.03', '0.03', '0.03'], attacker: ['1397349888.00', '1349561216.00', '1392216704.00', '1383011584.00', '1386906880.00']
2026-05-14 06:58:51 | INFO    | dpfl.core.base_simulator | Round  62/150 | Acc: 0.7918 | Loss: 0.5881 | eps: 0.00 | P: 1.00 R: 1.00 F1: 1.00
2026-05-14 06:58:51 | DEBUG   | dpfl.core.base_simulator | Update norms — honest: ['0.03', '0.03', '0.03', '0.03', '0.04'], attacker: ['13833202688.00', '13679790080.00', '13814999040.00', '13512678400.00', '13507580928.00']
2026-05-14 06:59:00 | INFO    | dpfl.core.base_simulator | Round  63/150 | Acc: 0.7922 | Loss: 0.5873 | eps: 0.00 | P: 1.00 R: 1.00 F1: 1.00
2026-05-14 06:59:00 | DEBUG   | dpfl.core.base_simulator | Update norms — honest: ['0.03', '0.04', '0.03', '0.03', '0.04'], attacker: ['150154608640.00', '151996022784.00', '151966564352.00', '153927204864.00', '155706867712.00']
2026-05-14 06:59:04 | INFO    | dpfl.core.base_simulator | Round  64/150 | Acc: 0.7924 | Loss: 0.5865 | eps: 0.00 | P: 1.00 R: 1.00 F1: 1.00
2026-05-14 06:59:04 | DEBUG   | dpfl.core.base_simulator | Update norms — honest: ['0.04', '0.04', '0.03', '0.03', '0.03'], attacker: ['1365080801280.00', '1372391866368.00', '1579207229440.00', '1552536567808.00', '1702479396864.00']
2026-05-14 06:59:14 | INFO    | dpfl.core.base_simulator | Round  65/150 | Acc: 0.7927 | Loss: 0.5858 | eps: 0.00 | P: 1.00 R: 1.00 F1: 1.00
2026-05-14 06:59:14 | DEBUG   | dpfl.core.base_simulator | Update norms — honest: ['0.04', '0.03', '0.03', '0.03', '0.03'], attacker: ['16213351596032.00', '16504649154560.00', '17034147528704.00', '16595033260032.00', '18118359384064.00']
2026-05-14 06:59:18 | INFO    | dpfl.core.base_simulator | Round  66/150 | Acc: 0.7932 | Loss: 0.5848 | eps: 0.00 | P: 1.00 R: 1.00 F1: 1.00
2026-05-14 06:59:18 | DEBUG   | dpfl.core.base_simulator | Update norms — honest: ['0.03', '0.03', '0.03', '0.03', '0.03'], attacker: ['170730603937792.00', '175635272040448.00', '183319522181120.00', '159217843437568.00', '187379910443008.00']
2026-05-14 06:59:28 | INFO    | dpfl.core.base_simulator | Round  67/150 | Acc: 0.7936 | Loss: 0.5843 | eps: 0.00 | P: 1.00 R: 1.00 F1: 1.00
2026-05-14 06:59:28 | DEBUG   | dpfl.core.base_simulator | Update norms — honest: ['0.03', '0.03', '0.04', '0.03', '0.03'], attacker: ['1874006437265408.00', '1905850398539776.00', '1910335955009536.00', '1857424508059648.00', '1924177023991808.00']
2026-05-14 06:59:31 | INFO    | dpfl.core.base_simulator | Round  68/150 | Acc: 0.7936 | Loss: 0.5838 | eps: 0.00 | P: 1.00 R: 1.00 F1: 1.00
2026-05-14 06:59:31 | DEBUG   | dpfl.core.base_simulator | Update norms — honest: ['0.02', '0.03', '0.03', '0.03', '0.03'], attacker: ['20005242552713216.00', '17028530642616320.00', '16904041015541760.00', '19500077089292288.00', '19986683999027200.00']
2026-05-14 06:59:41 | INFO    | dpfl.core.base_simulator | Round  69/150 | Acc: 0.7939 | Loss: 0.5833 | eps: 0.00 | P: 1.00 R: 1.00 F1: 1.00
2026-05-14 06:59:41 | DEBUG   | dpfl.core.base_simulator | Update norms — honest: ['0.02', '0.03', '0.03', '0.03', '0.03'], attacker: ['214322046346199040.00', '211057218366210048.00', '211875512715313152.00', '217562410192470016.00', '218213149277421568.00']
2026-05-14 06:59:54 | INFO    | dpfl.core.base_simulator | Round  70/150 | Acc: 0.7940 | Loss: 0.5828 | eps: 0.00 | P: 1.00 R: 1.00 F1: 1.00
2026-05-14 06:59:54 | DEBUG   | dpfl.core.base_simulator | Update norms — honest: ['0.03', '0.03', '0.03', '0.03', '0.04'], attacker: ['2259125172466352128.00', '1990614537358802944.00', '2175065172060667904.00', '1953108821345828864.00', '2343018321982521344.00']
2026-05-14 07:00:06 | INFO    | dpfl.core.base_simulator | Round  71/150 | Acc: 0.7941 | Loss: 0.5823 | eps: 0.00 | P: 1.00 R: 1.00 F1: 1.00
2026-05-14 07:00:06 | DEBUG   | dpfl.core.base_simulator | Update norms — honest: ['0.03', '0.03', '0.03', '0.03', '0.03'], attacker: ['inf', 'inf', 'inf', 'inf', 'inf']
2026-05-14 07:00:19 | INFO    | dpfl.core.base_simulator | Round  72/150 | Acc: 0.7943 | Loss: 0.5819 | eps: 0.00 | P: 1.00 R: 1.00 F1: 1.00
2026-05-14 07:00:19 | DEBUG   | dpfl.core.base_simulator | Update norms — honest: ['0.02', '0.03', '0.03', '0.02', '0.03'], attacker: ['nan', 'nan', 'nan', 'nan', 'nan']
2026-05-14 07:00:29 | INFO    | dpfl.core.base_simulator | Round  73/150 | Acc: 0.7947 | Loss: 0.5814 | eps: 0.00 | P: 1.00 R: 1.00 F1: 1.00
2026-05-14 07:00:29 | DEBUG   | dpfl.core.base_simulator | Update norms — honest: ['0.02', '0.03', '0.03', '0.02', '0.03'], attacker: ['nan', 'nan', 'nan', 'nan', 'nan']
2026-05-14 07:00:42 | INFO    | dpfl.core.base_simulator | Round  74/150 | Acc: 0.7948 | Loss: 0.5812 | eps: 0.00 | P: 1.00 R: 1.00 F1: 1.00
2026-05-14 07:00:42 | DEBUG   | dpfl.core.base_simulator | Update norms — honest: ['0.03', '0.04', '0.03', '0.03', '0.03'], attacker: ['nan', 'nan', 'nan', 'nan', 'nan']
2026-05-14 07:00:52 | INFO    | dpfl.core.base_simulator | Round  75/150 | Acc: 0.7949 | Loss: 0.5809 | eps: 0.00 | P: 1.00 R: 1.00 F1: 1.00
2026-05-14 07:00:52 | DEBUG   | dpfl.core.base_simulator | Update norms — honest: ['0.03', '0.03', '0.03', '0.03', '0.04'], attacker: ['nan', 'nan', 'nan', 'nan', 'nan']
2026-05-14 07:01:03 | INFO    | dpfl.core.base_simulator | Round  76/150 | Acc: 0.7949 | Loss: 0.5805 | eps: 0.00 | P: 1.00 R: 1.00 F1: 1.00
2026-05-14 07:01:03 | DEBUG   | dpfl.core.base_simulator | Update norms — honest: ['0.03', '0.03', '0.03', '0.03', '0.03'], attacker: ['nan', 'nan', 'nan', 'nan', 'nan']
2026-05-14 07:01:13 | INFO    | dpfl.core.base_simulator | Round  77/150 | Acc: 0.7956 | Loss: 0.5799 | eps: 0.00 | P: 1.00 R: 1.00 F1: 1.00
2026-05-14 07:01:13 | DEBUG   | dpfl.core.base_simulator | Update norms — honest: ['0.03', '0.03', '0.03', '0.04', '0.03'], attacker: ['nan', 'nan', 'nan', 'nan', 'nan']
2026-05-14 07:01:26 | INFO    | dpfl.core.base_simulator | Round  78/150 | Acc: 0.7954 | Loss: 0.5802 | eps: 0.00 | P: 1.00 R: 1.00 F1: 1.00
2026-05-14 07:01:26 | DEBUG   | dpfl.core.base_simulator | Update norms — honest: ['0.04', '0.03', '0.03', '0.04', '0.03'], attacker: ['nan', 'nan', 'nan', 'nan', 'nan']
2026-05-14 07:01:36 | INFO    | dpfl.core.base_simulator | Round  79/150 | Acc: 0.7957 | Loss: 0.5796 | eps: 0.00 | P: 1.00 R: 1.00 F1: 1.00
2026-05-14 07:01:36 | DEBUG   | dpfl.core.base_simulator | Update norms — honest: ['0.03', '0.02', '0.03', '0.03', '0.03'], attacker: ['nan', 'nan', 'nan', 'nan', 'nan']
2026-05-14 07:01:47 | INFO    | dpfl.core.base_simulator | Round  80/150 | Acc: 0.7959 | Loss: 0.5793 | eps: 0.00 | P: 1.00 R: 1.00 F1: 1.00
2026-05-14 07:01:47 | DEBUG   | dpfl.core.base_simulator | Update norms — honest: ['0.02', '0.03', '0.03', '0.03', '0.03'], attacker: ['nan', 'nan', 'nan', 'nan', 'nan']
2026-05-14 07:01:58 | INFO    | dpfl.core.base_simulator | Round  81/150 | Acc: 0.7959 | Loss: 0.5793 | eps: 0.00 | P: 1.00 R: 1.00 F1: 1.00
2026-05-14 07:01:58 | DEBUG   | dpfl.core.base_simulator | Update norms — honest: ['0.03', '0.03', '0.03', '0.03', '0.02'], attacker: ['nan', 'nan', 'nan', 'nan', 'nan']
2026-05-14 07:02:08 | INFO    | dpfl.core.base_simulator | Round  82/150 | Acc: 0.7960 | Loss: 0.5793 | eps: 0.00 | P: 1.00 R: 1.00 F1: 1.00
2026-05-14 07:02:08 | DEBUG   | dpfl.core.base_simulator | Update norms — honest: ['0.03', '0.03', '0.03', '0.02', '0.02'], attacker: ['nan', 'nan', 'nan', 'nan', 'nan']
2026-05-14 07:02:19 | INFO    | dpfl.core.base_simulator | Round  83/150 | Acc: 0.7963 | Loss: 0.5788 | eps: 0.00 | P: 1.00 R: 1.00 F1: 1.00
2026-05-14 07:02:19 | DEBUG   | dpfl.core.base_simulator | Update norms — honest: ['0.02', '0.03', '0.03', '0.02', '0.03'], attacker: ['nan', 'nan', 'nan', 'nan', 'nan']
2026-05-14 07:02:29 | INFO    | dpfl.core.base_simulator | Round  84/150 | Acc: 0.7964 | Loss: 0.5791 | eps: 0.00 | P: 1.00 R: 1.00 F1: 1.00
2026-05-14 07:02:29 | DEBUG   | dpfl.core.base_simulator | Update norms — honest: ['0.03', '0.03', '0.03', '0.03', '0.02'], attacker: ['nan', 'nan', 'nan', 'nan', 'nan']
2026-05-14 07:02:40 | INFO    | dpfl.core.base_simulator | Round  85/150 | Acc: 0.7963 | Loss: 0.5789 | eps: 0.00 | P: 1.00 R: 1.00 F1: 1.00
2026-05-14 07:02:40 | DEBUG   | dpfl.core.base_simulator | Update norms — honest: ['0.02', '0.03', '0.03', '0.02', '0.02'], attacker: ['nan', 'nan', 'nan', 'nan', 'nan']
2026-05-14 07:02:52 | INFO    | dpfl.core.base_simulator | Round  86/150 | Acc: 0.7966 | Loss: 0.5785 | eps: 0.00 | P: 1.00 R: 1.00 F1: 1.00
2026-05-14 07:02:52 | DEBUG   | dpfl.core.base_simulator | Update norms — honest: ['0.03', '0.03', '0.03', '0.03', '0.02'], attacker: ['nan', 'nan', 'nan', 'nan', 'nan']
2026-05-14 07:03:04 | INFO    | dpfl.core.base_simulator | Round  87/150 | Acc: 0.7965 | Loss: 0.5787 | eps: 0.00 | P: 1.00 R: 1.00 F1: 1.00
2026-05-14 07:03:04 | DEBUG   | dpfl.core.base_simulator | Update norms — honest: ['0.03', '0.03', '0.03', '0.03', '0.03'], attacker: ['nan', 'nan', 'nan', 'nan', 'nan']
2026-05-14 07:03:14 | INFO    | dpfl.core.base_simulator | Round  88/150 | Acc: 0.7968 | Loss: 0.5789 | eps: 0.00 | P: 1.00 R: 1.00 F1: 1.00
2026-05-14 07:03:14 | DEBUG   | dpfl.core.base_simulator | Update norms — honest: ['0.03', '0.03', '0.03', '0.02', '0.02'], attacker: ['nan', 'nan', 'nan', 'nan', 'nan']
2026-05-14 07:03:24 | INFO    | dpfl.core.base_simulator | Round  89/150 | Acc: 0.7969 | Loss: 0.5784 | eps: 0.00 | P: 1.00 R: 1.00 F1: 1.00
2026-05-14 07:03:24 | DEBUG   | dpfl.core.base_simulator | Update norms — honest: ['0.03', '0.03', '0.02', '0.02', '0.03'], attacker: ['nan', 'nan', 'nan', 'nan', 'nan']
2026-05-14 07:03:35 | INFO    | dpfl.core.base_simulator | Round  90/150 | Acc: 0.7969 | Loss: 0.5787 | eps: 0.00 | P: 1.00 R: 1.00 F1: 1.00
2026-05-14 07:03:35 | DEBUG   | dpfl.core.base_simulator | Update norms — honest: ['0.02', '0.04', '0.03', '0.03', '0.02'], attacker: ['nan', 'nan', 'nan', 'nan', 'nan']
2026-05-14 07:03:46 | INFO    | dpfl.core.base_simulator | Round  91/150 | Acc: 0.7972 | Loss: 0.5784 | eps: 0.00 | P: 1.00 R: 1.00 F1: 1.00
2026-05-14 07:03:46 | DEBUG   | dpfl.core.base_simulator | Update norms — honest: ['0.03', '0.03', '0.03', '0.03', '0.03'], attacker: ['nan', 'nan', 'nan', 'nan', 'nan']
2026-05-14 07:03:56 | INFO    | dpfl.core.base_simulator | Round  92/150 | Acc: 0.7973 | Loss: 0.5784 | eps: 0.00 | P: 1.00 R: 1.00 F1: 1.00
2026-05-14 07:03:56 | DEBUG   | dpfl.core.base_simulator | Update norms — honest: ['0.03', '0.04', '0.02', '0.02', '0.04'], attacker: ['nan', 'nan', 'nan', 'nan', 'nan']
2026-05-14 07:04:06 | INFO    | dpfl.core.base_simulator | Round  93/150 | Acc: 0.7971 | Loss: 0.5786 | eps: 0.00 | P: 1.00 R: 1.00 F1: 1.00
2026-05-14 07:04:06 | DEBUG   | dpfl.core.base_simulator | Update norms — honest: ['0.03', '0.03', '0.03', '0.02', '0.03'], attacker: ['nan', 'nan', 'nan', 'nan', 'nan']
2026-05-14 07:04:18 | INFO    | dpfl.core.base_simulator | Round  94/150 | Acc: 0.7977 | Loss: 0.5781 | eps: 0.00 | P: 1.00 R: 1.00 F1: 1.00
2026-05-14 07:04:18 | DEBUG   | dpfl.core.base_simulator | Update norms — honest: ['0.03', '0.02', '0.03', '0.03', '0.02'], attacker: ['nan', 'nan', 'nan', 'nan', 'nan']
2026-05-14 07:04:28 | INFO    | dpfl.core.base_simulator | Round  95/150 | Acc: 0.7976 | Loss: 0.5785 | eps: 0.00 | P: 1.00 R: 1.00 F1: 1.00
2026-05-14 07:04:28 | DEBUG   | dpfl.core.base_simulator | Update norms — honest: ['0.03', '0.03', '0.03', '0.03', '0.03'], attacker: ['nan', 'nan', 'nan', 'nan', 'nan']
2026-05-14 07:04:38 | INFO    | dpfl.core.base_simulator | Round  96/150 | Acc: 0.7975 | Loss: 0.5787 | eps: 0.00 | P: 1.00 R: 1.00 F1: 1.00
2026-05-14 07:04:38 | DEBUG   | dpfl.core.base_simulator | Update norms — honest: ['0.04', '0.03', '0.03', '0.03', '0.03'], attacker: ['nan', 'nan', 'nan', 'nan', 'nan']
2026-05-14 07:04:48 | INFO    | dpfl.core.base_simulator | Round  97/150 | Acc: 0.7975 | Loss: 0.5790 | eps: 0.00 | P: 1.00 R: 1.00 F1: 1.00
2026-05-14 07:04:48 | DEBUG   | dpfl.core.base_simulator | Update norms — honest: ['0.03', '0.02', '0.03', '0.04', '0.03'], attacker: ['nan', 'nan', 'nan', 'nan', 'nan']
2026-05-14 07:04:59 | INFO    | dpfl.core.base_simulator | Round  98/150 | Acc: 0.7978 | Loss: 0.5787 | eps: 0.00 | P: 1.00 R: 1.00 F1: 1.00
2026-05-14 07:04:59 | DEBUG   | dpfl.core.base_simulator | Update norms — honest: ['0.03', '0.02', '0.03', '0.03', '0.04'], attacker: ['nan', 'nan', 'nan', 'nan', 'nan']
2026-05-14 07:05:09 | INFO    | dpfl.core.base_simulator | Round  99/150 | Acc: 0.7978 | Loss: 0.5789 | eps: 0.00 | P: 1.00 R: 1.00 F1: 1.00
2026-05-14 07:05:09 | DEBUG   | dpfl.core.base_simulator | Update norms — honest: ['0.03', '0.03', '0.04', '0.03', '0.02'], attacker: ['nan', 'nan', 'nan', 'nan', 'nan']
2026-05-14 07:05:19 | INFO    | dpfl.core.base_simulator | Round 100/150 | Acc: 0.7981 | Loss: 0.5793 | eps: 0.00 | P: 1.00 R: 1.00 F1: 1.00
2026-05-14 07:05:19 | DEBUG   | dpfl.core.base_simulator | Update norms — honest: ['0.02', '0.03', '0.03', '0.02', '0.02'], attacker: ['nan', 'nan', 'nan', 'nan', 'nan']
2026-05-14 07:05:30 | INFO    | dpfl.core.base_simulator | Round 101/150 | Acc: 0.7981 | Loss: 0.5791 | eps: 0.00 | P: 1.00 R: 1.00 F1: 1.00
2026-05-14 07:05:30 | DEBUG   | dpfl.core.base_simulator | Update norms — honest: ['0.03', '0.03', '0.03', '0.03', '0.03'], attacker: ['nan', 'nan', 'nan', 'nan', 'nan']
2026-05-14 07:05:42 | INFO    | dpfl.core.base_simulator | Round 102/150 | Acc: 0.7982 | Loss: 0.5795 | eps: 0.00 | P: 1.00 R: 1.00 F1: 1.00
2026-05-14 07:05:42 | DEBUG   | dpfl.core.base_simulator | Update norms — honest: ['0.02', '0.02', '0.02', '0.02', '0.03'], attacker: ['nan', 'nan', 'nan', 'nan', 'nan']
2026-05-14 07:05:54 | INFO    | dpfl.core.base_simulator | Round 103/150 | Acc: 0.7980 | Loss: 0.5798 | eps: 0.00 | P: 1.00 R: 1.00 F1: 1.00
2026-05-14 07:05:54 | DEBUG   | dpfl.core.base_simulator | Update norms — honest: ['0.02', '0.03', '0.03', '0.02', '0.02'], attacker: ['nan', 'nan', 'nan', 'nan', 'nan']
2026-05-14 07:06:05 | INFO    | dpfl.core.base_simulator | Round 104/150 | Acc: 0.7982 | Loss: 0.5799 | eps: 0.00 | P: 1.00 R: 1.00 F1: 1.00
2026-05-14 07:06:05 | DEBUG   | dpfl.core.base_simulator | Update norms — honest: ['0.02', '0.03', '0.03', '0.02', '0.03'], attacker: ['nan', 'nan', 'nan', 'nan', 'nan']
2026-05-14 07:06:13 | INFO    | dpfl.core.base_simulator | Round 105/150 | Acc: 0.7981 | Loss: 0.5804 | eps: 0.00 | P: 1.00 R: 1.00 F1: 1.00
2026-05-14 07:06:13 | DEBUG   | dpfl.core.base_simulator | Update norms — honest: ['0.02', '0.02', '0.04', '0.02', '0.03'], attacker: ['nan', 'nan', 'nan', 'nan', 'nan']
2026-05-14 07:06:24 | INFO    | dpfl.core.base_simulator | Round 106/150 | Acc: 0.7982 | Loss: 0.5802 | eps: 0.00 | P: 1.00 R: 1.00 F1: 1.00
2026-05-14 07:06:24 | DEBUG   | dpfl.core.base_simulator | Update norms — honest: ['0.03', '0.03', '0.03', '0.02', '0.02'], attacker: ['nan', 'nan', 'nan', 'nan', 'nan']
2026-05-14 07:06:34 | INFO    | dpfl.core.base_simulator | Round 107/150 | Acc: 0.7983 | Loss: 0.5804 | eps: 0.00 | P: 1.00 R: 1.00 F1: 1.00
2026-05-14 07:06:34 | DEBUG   | dpfl.core.base_simulator | Update norms — honest: ['0.02', '0.02', '0.04', '0.03', '0.02'], attacker: ['nan', 'nan', 'nan', 'nan', 'nan']
2026-05-14 07:06:44 | INFO    | dpfl.core.base_simulator | Round 108/150 | Acc: 0.7985 | Loss: 0.5802 | eps: 0.00 | P: 1.00 R: 1.00 F1: 1.00
2026-05-14 07:06:44 | DEBUG   | dpfl.core.base_simulator | Update norms — honest: ['0.03', '0.02', '0.03', '0.03', '0.03'], attacker: ['nan', 'nan', 'nan', 'nan', 'nan']
2026-05-14 07:06:54 | INFO    | dpfl.core.base_simulator | Round 109/150 | Acc: 0.7984 | Loss: 0.5812 | eps: 0.00 | P: 1.00 R: 1.00 F1: 1.00
2026-05-14 07:06:54 | DEBUG   | dpfl.core.base_simulator | Update norms — honest: ['0.03', '0.02', '0.02', '0.03', '0.02'], attacker: ['nan', 'nan', 'nan', 'nan', 'nan']
2026-05-14 07:07:04 | INFO    | dpfl.core.base_simulator | Round 110/150 | Acc: 0.7986 | Loss: 0.5809 | eps: 0.00 | P: 1.00 R: 1.00 F1: 1.00
2026-05-14 07:07:04 | DEBUG   | dpfl.core.base_simulator | Update norms — honest: ['0.02', '0.02', '0.03', '0.03', '0.03'], attacker: ['nan', 'nan', 'nan', 'nan', 'nan']
2026-05-14 07:07:14 | INFO    | dpfl.core.base_simulator | Round 111/150 | Acc: 0.7985 | Loss: 0.5813 | eps: 0.00 | P: 1.00 R: 1.00 F1: 1.00
2026-05-14 07:07:14 | DEBUG   | dpfl.core.base_simulator | Update norms — honest: ['0.03', '0.02', '0.03', '0.03', '0.02'], attacker: ['nan', 'nan', 'nan', 'nan', 'nan']
2026-05-14 07:07:26 | INFO    | dpfl.core.base_simulator | Round 112/150 | Acc: 0.7983 | Loss: 0.5822 | eps: 0.00 | P: 1.00 R: 1.00 F1: 1.00
2026-05-14 07:07:26 | DEBUG   | dpfl.core.base_simulator | Update norms — honest: ['0.02', '0.02', '0.03', '0.04', '0.02'], attacker: ['nan', 'nan', 'nan', 'nan', 'nan']
2026-05-14 07:07:37 | INFO    | dpfl.core.base_simulator | Round 113/150 | Acc: 0.7987 | Loss: 0.5818 | eps: 0.00 | P: 1.00 R: 1.00 F1: 1.00
2026-05-14 07:07:37 | DEBUG   | dpfl.core.base_simulator | Update norms — honest: ['0.03', '0.02', '0.02', '0.03', '0.02'], attacker: ['nan', 'nan', 'nan', 'nan', 'nan']
2026-05-14 07:07:47 | INFO    | dpfl.core.base_simulator | Round 114/150 | Acc: 0.7987 | Loss: 0.5824 | eps: 0.00 | P: 1.00 R: 1.00 F1: 1.00
2026-05-14 07:07:47 | DEBUG   | dpfl.core.base_simulator | Update norms — honest: ['0.03', '0.03', '0.03', '0.02', '0.03'], attacker: ['nan', 'nan', 'nan', 'nan', 'nan']
2026-05-14 07:07:58 | INFO    | dpfl.core.base_simulator | Round 115/150 | Acc: 0.7985 | Loss: 0.5828 | eps: 0.00 | P: 1.00 R: 1.00 F1: 1.00
2026-05-14 07:07:58 | DEBUG   | dpfl.core.base_simulator | Update norms — honest: ['0.02', '0.02', '0.02', '0.02', '0.03'], attacker: ['nan', 'nan', 'nan', 'nan', 'nan']
2026-05-14 07:08:07 | INFO    | dpfl.core.base_simulator | Round 116/150 | Acc: 0.7989 | Loss: 0.5828 | eps: 0.00 | P: 1.00 R: 1.00 F1: 1.00
2026-05-14 07:08:07 | DEBUG   | dpfl.core.base_simulator | Update norms — honest: ['0.03', '0.03', '0.03', '0.03', '0.03'], attacker: ['nan', 'nan', 'nan', 'nan', 'nan']
2026-05-14 07:08:17 | INFO    | dpfl.core.base_simulator | Round 117/150 | Acc: 0.7989 | Loss: 0.5828 | eps: 0.00 | P: 1.00 R: 1.00 F1: 1.00
2026-05-14 07:08:17 | DEBUG   | dpfl.core.base_simulator | Update norms — honest: ['0.02', '0.02', '0.03', '0.03', '0.03'], attacker: ['nan', 'nan', 'nan', 'nan', 'nan']
2026-05-14 07:08:27 | INFO    | dpfl.core.base_simulator | Round 118/150 | Acc: 0.7989 | Loss: 0.5835 | eps: 0.00 | P: 1.00 R: 1.00 F1: 1.00
2026-05-14 07:08:27 | DEBUG   | dpfl.core.base_simulator | Update norms — honest: ['0.03', '0.02', '0.03', '0.04', '0.02'], attacker: ['nan', 'nan', 'nan', 'nan', 'nan']
2026-05-14 07:08:39 | INFO    | dpfl.core.base_simulator | Round 119/150 | Acc: 0.7990 | Loss: 0.5837 | eps: 0.00 | P: 1.00 R: 1.00 F1: 1.00
2026-05-14 07:08:39 | DEBUG   | dpfl.core.base_simulator | Update norms — honest: ['0.02', '0.02', '0.02', '0.03', '0.03'], attacker: ['nan', 'nan', 'nan', 'nan', 'nan']
2026-05-14 07:08:49 | INFO    | dpfl.core.base_simulator | Round 120/150 | Acc: 0.7988 | Loss: 0.5839 | eps: 0.00 | P: 1.00 R: 1.00 F1: 1.00
2026-05-14 07:08:49 | DEBUG   | dpfl.core.base_simulator | Update norms — honest: ['0.03', '0.02', '0.03', '0.02', '0.02'], attacker: ['nan', 'nan', 'nan', 'nan', 'nan']
2026-05-14 07:08:59 | INFO    | dpfl.core.base_simulator | Round 121/150 | Acc: 0.7990 | Loss: 0.5845 | eps: 0.00 | P: 1.00 R: 1.00 F1: 1.00
2026-05-14 07:08:59 | DEBUG   | dpfl.core.base_simulator | Update norms — honest: ['0.03', '0.02', '0.03', '0.03', '0.03'], attacker: ['nan', 'nan', 'nan', 'nan', 'nan']
2026-05-14 07:09:09 | INFO    | dpfl.core.base_simulator | Round 122/150 | Acc: 0.7991 | Loss: 0.5847 | eps: 0.00 | P: 1.00 R: 1.00 F1: 1.00
2026-05-14 07:09:09 | DEBUG   | dpfl.core.base_simulator | Update norms — honest: ['0.03', '0.03', '0.03', '0.03', '0.03'], attacker: ['nan', 'nan', 'nan', 'nan', 'nan']
2026-05-14 07:09:19 | INFO    | dpfl.core.base_simulator | Round 123/150 | Acc: 0.7989 | Loss: 0.5855 | eps: 0.00 | P: 1.00 R: 1.00 F1: 1.00
2026-05-14 07:09:19 | DEBUG   | dpfl.core.base_simulator | Update norms — honest: ['0.03', '0.03', '0.03', '0.02', '0.02'], attacker: ['nan', 'nan', 'nan', 'nan', 'nan']
2026-05-14 07:09:27 | INFO    | dpfl.core.base_simulator | Round 124/150 | Acc: 0.7989 | Loss: 0.5859 | eps: 0.00 | P: 1.00 R: 1.00 F1: 1.00
2026-05-14 07:09:27 | DEBUG   | dpfl.core.base_simulator | Update norms — honest: ['0.02', '0.02', '0.03', '0.02', '0.02'], attacker: ['nan', 'nan', 'nan', 'nan', 'nan']
2026-05-14 07:09:37 | INFO    | dpfl.core.base_simulator | Round 125/150 | Acc: 0.7991 | Loss: 0.5860 | eps: 0.00 | P: 1.00 R: 1.00 F1: 1.00
2026-05-14 07:09:37 | DEBUG   | dpfl.core.base_simulator | Update norms — honest: ['0.02', '0.02', '0.02', '0.02', '0.02'], attacker: ['nan', 'nan', 'nan', 'nan', 'nan']
2026-05-14 07:09:48 | INFO    | dpfl.core.base_simulator | Round 126/150 | Acc: 0.7990 | Loss: 0.5866 | eps: 0.00 | P: 1.00 R: 1.00 F1: 1.00
2026-05-14 07:09:48 | DEBUG   | dpfl.core.base_simulator | Update norms — honest: ['0.02', '0.02', '0.03', '0.03', '0.02'], attacker: ['nan', 'nan', 'nan', 'nan', 'nan']
2026-05-14 07:09:58 | INFO    | dpfl.core.base_simulator | Round 127/150 | Acc: 0.7990 | Loss: 0.5867 | eps: 0.00 | P: 1.00 R: 1.00 F1: 1.00
2026-05-14 07:09:58 | DEBUG   | dpfl.core.base_simulator | Update norms — honest: ['0.03', '0.02', '0.03', '0.02', '0.03'], attacker: ['nan', 'nan', 'nan', 'nan', 'nan']
2026-05-14 07:10:08 | INFO    | dpfl.core.base_simulator | Round 128/150 | Acc: 0.7989 | Loss: 0.5876 | eps: 0.00 | P: 1.00 R: 1.00 F1: 1.00
2026-05-14 07:10:08 | DEBUG   | dpfl.core.base_simulator | Update norms — honest: ['0.02', '0.02', '0.02', '0.02', '0.02'], attacker: ['nan', 'nan', 'nan', 'nan', 'nan']
2026-05-14 07:10:18 | INFO    | dpfl.core.base_simulator | Round 129/150 | Acc: 0.7992 | Loss: 0.5875 | eps: 0.00 | P: 1.00 R: 1.00 F1: 1.00
2026-05-14 07:10:18 | DEBUG   | dpfl.core.base_simulator | Update norms — honest: ['0.03', '0.03', '0.02', '0.02', '0.02'], attacker: ['nan', 'nan', 'nan', 'nan', 'nan']
2026-05-14 07:10:28 | INFO    | dpfl.core.base_simulator | Round 130/150 | Acc: 0.7989 | Loss: 0.5885 | eps: 0.00 | P: 1.00 R: 1.00 F1: 1.00
2026-05-14 07:10:28 | DEBUG   | dpfl.core.base_simulator | Update norms — honest: ['0.03', '0.03', '0.03', '0.02', '0.03'], attacker: ['nan', 'nan', 'nan', 'nan', 'nan']
2026-05-14 07:10:37 | INFO    | dpfl.core.base_simulator | Round 131/150 | Acc: 0.7994 | Loss: 0.5882 | eps: 0.00 | P: 1.00 R: 1.00 F1: 1.00
2026-05-14 07:10:37 | DEBUG   | dpfl.core.base_simulator | Update norms — honest: ['0.02', '0.03', '0.03', '0.02', '0.02'], attacker: ['nan', 'nan', 'nan', 'nan', 'nan']
2026-05-14 07:10:47 | INFO    | dpfl.core.base_simulator | Round 132/150 | Acc: 0.7993 | Loss: 0.5888 | eps: 0.00 | P: 1.00 R: 1.00 F1: 1.00
2026-05-14 07:10:47 | DEBUG   | dpfl.core.base_simulator | Update norms — honest: ['0.03', '0.03', '0.03', '0.02', '0.03'], attacker: ['nan', 'nan', 'nan', 'nan', 'nan']
2026-05-14 07:10:57 | INFO    | dpfl.core.base_simulator | Round 133/150 | Acc: 0.7991 | Loss: 0.5893 | eps: 0.00 | P: 1.00 R: 1.00 F1: 1.00
2026-05-14 07:10:57 | DEBUG   | dpfl.core.base_simulator | Update norms — honest: ['0.03', '0.02', '0.02', '0.03', '0.02'], attacker: ['nan', 'nan', 'nan', 'nan', 'nan']
2026-05-14 07:11:07 | INFO    | dpfl.core.base_simulator | Round 134/150 | Acc: 0.7991 | Loss: 0.5899 | eps: 0.00 | P: 1.00 R: 1.00 F1: 1.00
2026-05-14 07:11:07 | DEBUG   | dpfl.core.base_simulator | Update norms — honest: ['0.03', '0.02', '0.03', '0.03', '0.02'], attacker: ['nan', 'nan', 'nan', 'nan', 'nan']
2026-05-14 07:11:17 | INFO    | dpfl.core.base_simulator | Round 135/150 | Acc: 0.7992 | Loss: 0.5903 | eps: 0.00 | P: 1.00 R: 1.00 F1: 1.00
2026-05-14 07:11:17 | DEBUG   | dpfl.core.base_simulator | Update norms — honest: ['0.02', '0.02', '0.03', '0.02', '0.02'], attacker: ['nan', 'nan', 'nan', 'nan', 'nan']
2026-05-14 07:11:29 | INFO    | dpfl.core.base_simulator | Round 136/150 | Acc: 0.7994 | Loss: 0.5905 | eps: 0.00 | P: 1.00 R: 1.00 F1: 1.00
2026-05-14 07:11:29 | DEBUG   | dpfl.core.base_simulator | Update norms — honest: ['0.02', '0.02', '0.02', '0.02', '0.02'], attacker: ['nan', 'nan', 'nan', 'nan', 'nan']
2026-05-14 07:11:39 | INFO    | dpfl.core.base_simulator | Round 137/150 | Acc: 0.7993 | Loss: 0.5908 | eps: 0.00 | P: 1.00 R: 1.00 F1: 1.00
2026-05-14 07:11:39 | DEBUG   | dpfl.core.base_simulator | Update norms — honest: ['0.02', '0.02', '0.03', '0.02', '0.02'], attacker: ['nan', 'nan', 'nan', 'nan', 'nan']
2026-05-14 07:11:50 | INFO    | dpfl.core.base_simulator | Round 138/150 | Acc: 0.7993 | Loss: 0.5914 | eps: 0.00 | P: 1.00 R: 1.00 F1: 1.00
2026-05-14 07:11:50 | DEBUG   | dpfl.core.base_simulator | Update norms — honest: ['0.02', '0.02', '0.02', '0.02', '0.02'], attacker: ['nan', 'nan', 'nan', 'nan', 'nan']
2026-05-14 07:12:02 | INFO    | dpfl.core.base_simulator | Round 139/150 | Acc: 0.7993 | Loss: 0.5921 | eps: 0.00 | P: 1.00 R: 1.00 F1: 1.00
2026-05-14 07:12:02 | DEBUG   | dpfl.core.base_simulator | Update norms — honest: ['0.03', '0.02', '0.03', '0.02', '0.03'], attacker: ['nan', 'nan', 'nan', 'nan', 'nan']
2026-05-14 07:12:12 | INFO    | dpfl.core.base_simulator | Round 140/150 | Acc: 0.7992 | Loss: 0.5925 | eps: 0.00 | P: 1.00 R: 1.00 F1: 1.00
2026-05-14 07:12:12 | DEBUG   | dpfl.core.base_simulator | Update norms — honest: ['0.03', '0.02', '0.02', '0.02', '0.02'], attacker: ['nan', 'nan', 'nan', 'nan', 'nan']
2026-05-14 07:12:23 | INFO    | dpfl.core.base_simulator | Round 141/150 | Acc: 0.7992 | Loss: 0.5934 | eps: 0.00 | P: 1.00 R: 1.00 F1: 1.00
2026-05-14 07:12:23 | DEBUG   | dpfl.core.base_simulator | Update norms — honest: ['0.03', '0.02', '0.02', '0.02', '0.02'], attacker: ['nan', 'nan', 'nan', 'nan', 'nan']
2026-05-14 07:12:33 | INFO    | dpfl.core.base_simulator | Round 142/150 | Acc: 0.7992 | Loss: 0.5935 | eps: 0.00 | P: 1.00 R: 1.00 F1: 1.00
2026-05-14 07:12:33 | DEBUG   | dpfl.core.base_simulator | Update norms — honest: ['0.02', '0.03', '0.02', '0.02', '0.02'], attacker: ['nan', 'nan', 'nan', 'nan', 'nan']
2026-05-14 07:12:42 | INFO    | dpfl.core.base_simulator | Round 143/150 | Acc: 0.7992 | Loss: 0.5942 | eps: 0.00 | P: 1.00 R: 1.00 F1: 1.00
2026-05-14 07:12:42 | DEBUG   | dpfl.core.base_simulator | Update norms — honest: ['0.03', '0.02', '0.02', '0.02', '0.02'], attacker: ['nan', 'nan', 'nan', 'nan', 'nan']
2026-05-14 07:12:52 | INFO    | dpfl.core.base_simulator | Round 144/150 | Acc: 0.7994 | Loss: 0.5945 | eps: 0.00 | P: 1.00 R: 1.00 F1: 1.00
2026-05-14 07:12:52 | DEBUG   | dpfl.core.base_simulator | Update norms — honest: ['0.02', '0.02', '0.02', '0.02', '0.02'], attacker: ['nan', 'nan', 'nan', 'nan', 'nan']
2026-05-14 07:13:02 | INFO    | dpfl.core.base_simulator | Round 145/150 | Acc: 0.7994 | Loss: 0.5952 | eps: 0.00 | P: 1.00 R: 1.00 F1: 1.00
2026-05-14 07:13:02 | DEBUG   | dpfl.core.base_simulator | Update norms — honest: ['0.02', '0.02', '0.02', '0.02', '0.02'], attacker: ['nan', 'nan', 'nan', 'nan', 'nan']
2026-05-14 07:13:12 | INFO    | dpfl.core.base_simulator | Round 146/150 | Acc: 0.7993 | Loss: 0.5957 | eps: 0.00 | P: 1.00 R: 1.00 F1: 1.00
2026-05-14 07:13:12 | DEBUG   | dpfl.core.base_simulator | Update norms — honest: ['0.02', '0.02', '0.02', '0.02', '0.02'], attacker: ['nan', 'nan', 'nan', 'nan', 'nan']
2026-05-14 07:13:22 | INFO    | dpfl.core.base_simulator | Round 147/150 | Acc: 0.7993 | Loss: 0.5963 | eps: 0.00 | P: 1.00 R: 1.00 F1: 1.00
2026-05-14 07:13:22 | DEBUG   | dpfl.core.base_simulator | Update norms — honest: ['0.02', '0.02', '0.02', '0.02', '0.02'], attacker: ['nan', 'nan', 'nan', 'nan', 'nan']
2026-05-14 07:13:33 | INFO    | dpfl.core.base_simulator | Round 148/150 | Acc: 0.7993 | Loss: 0.5963 | eps: 0.00 | P: 1.00 R: 1.00 F1: 1.00
2026-05-14 07:13:33 | DEBUG   | dpfl.core.base_simulator | Update norms — honest: ['0.03', '0.02', '0.02', '0.02', '0.02'], attacker: ['nan', 'nan', 'nan', 'nan', 'nan']
2026-05-14 07:13:43 | INFO    | dpfl.core.base_simulator | Round 149/150 | Acc: 0.7993 | Loss: 0.5974 | eps: 0.00 | P: 1.00 R: 1.00 F1: 1.00
2026-05-14 07:13:43 | DEBUG   | dpfl.core.base_simulator | Update norms — honest: ['0.02', '0.02', '0.02', '0.02', '0.02'], attacker: ['nan', 'nan', 'nan', 'nan', 'nan']
2026-05-14 07:13:53 | INFO    | dpfl.core.base_simulator | Round 150/150 | Acc: 0.7993 | Loss: 0.5975 | eps: 0.00 | P: 1.00 R: 1.00 F1: 1.00
2026-05-14 07:13:53 | DEBUG   | dpfl.core.base_simulator | Update norms — honest: ['0.02', '0.02', '0.02', '0.02', '0.02'], attacker: ['nan', 'nan', 'nan', 'nan', 'nan']
2026-05-14 07:13:55 | INFO    | dpfl | Experiment complete in 1471.7s
============================================================
REPORT: DP-SGD Decentralized Federated Learning
============================================================
Timestamp:                  20260514_064922
Rounds completed:           150
Attack-active rounds:       100  (from round 50)
Final accuracy:             0.7993
Final test loss:            0.5975
Final epsilon:              0.00
Best alpha:                 None
Avg precision:              1.0000
Avg recall:                 0.9800
Avg F1 score:               1.0000
Avg update norm (honest):   0.0388
Avg update norm (attacker): nan
============================================================
