2026-05-14 04:59:03 | INFO    | dpfl | Experiment start: algorithm=noise_game, dataset=mnist, model=mlp, device=cuda
2026-05-14 04:59:03 | INFO    | dpfl | Config: nodes=500, attackers=200, rounds=150, noise_mode=none, attack=scale
2026-05-14 04:59:03 | INFO    | dpfl.data.mnist_dataset | Loading MNIST dataset...
2026-05-14 04:59:19 | INFO    | dpfl.data.mnist_dataset | MNIST loaded: 60000 train, 10000 test samples
2026-05-14 05:01:26 | INFO    | dpfl.core.base_simulator | Vectorized state ready: param_spec.D=50890, X_test=(10000, 1, 28, 28), train clients N=500, max_n_samples=1000
2026-05-14 05:01:26 | INFO    | dpfl.core.base_simulator | Setup complete: 500 nodes (200 attackers), param_dim=50890, split=iid
2026-05-14 05:01:26 | DEBUG   | dpfl.core.base_simulator | Attacker IDs: {0, 1, 2, 3, 4, 5, 6, 7, 8, 9, 10, 11, 12, 13, 14, 15, 16, 17, 18, 19, 20, 21, 22, 23, 24, 25, 26, 27, 28, 29, 30, 31, 32, 33, 34, 35, 36, 37, 38, 39, 40, 41, 42, 43, 44, 45, 46, 47, 48, 49, 50, 51, 52, 53, 54, 55, 56, 57, 58, 59, 60, 61, 62, 63, 64, 65, 66, 67, 68, 69, 70, 71, 72, 73, 74, 75, 76, 77, 78, 79, 80, 81, 82, 83, 84, 85, 86, 87, 88, 89, 90, 91, 92, 93, 94, 95, 96, 97, 98, 99, 100, 101, 102, 103, 104, 105, 106, 107, 108, 109, 110, 111, 112, 113, 114, 115, 116, 117, 118, 119, 120, 121, 122, 123, 124, 125, 126, 127, 128, 129, 130, 131, 132, 133, 134, 135, 136, 137, 138, 139, 140, 141, 142, 143, 144, 145, 146, 147, 148, 149, 150, 151, 152, 153, 154, 155, 156, 157, 158, 159, 160, 161, 162, 163, 164, 165, 166, 167, 168, 169, 170, 171, 172, 173, 174, 175, 176, 177, 178, 179, 180, 181, 182, 183, 184, 185, 186, 187, 188, 189, 190, 191, 192, 193, 194, 195, 196, 197, 198, 199}
2026-05-14 05:01:33 | INFO    | dpfl.core.base_simulator | Round   1/150 | Acc: 0.3800 | Loss: 2.0956 | eps_max: 1.91 eps_avg: 0.79 | P: nan R: nan F1: nan
2026-05-14 05:01:33 | DEBUG   | dpfl.core.base_simulator | Update norms — honest: ['0.56', '0.56', '0.56', '0.56', '0.57'], attacker: ['0.56', '0.57', '0.57', '0.56', '0.56']
2026-05-14 05:01:40 | INFO    | dpfl.core.base_simulator | Round   2/150 | Acc: 0.5540 | Loss: 1.8905 | eps_max: 1.98 eps_avg: 0.87 | P: nan R: nan F1: nan
2026-05-14 05:01:40 | DEBUG   | dpfl.core.base_simulator | Update norms — honest: ['0.56', '0.56', '0.56', '0.56', '0.56'], attacker: ['1.02', '1.03', '1.03', '1.02', '1.03']
2026-05-14 05:01:47 | INFO    | dpfl.core.base_simulator | Round   3/150 | Acc: 0.6505 | Loss: 1.6799 | eps_max: 2.10 eps_avg: 0.97 | P: nan R: nan F1: nan
2026-05-14 05:01:47 | DEBUG   | dpfl.core.base_simulator | Update norms — honest: ['0.55', '0.55', '0.55', '0.55', '0.55'], attacker: ['1.55', '1.56', '1.56', '1.57', '1.55']
2026-05-14 05:03:06 | INFO    | dpfl.core.base_simulator | Round   4/150 | Acc: 0.7096 | Loss: 1.4801 | eps_max: 2.26 eps_avg: 1.10 | P: nan R: nan F1: nan
2026-05-14 05:03:06 | DEBUG   | dpfl.core.base_simulator | Update norms — honest: ['0.55', '0.54', '0.55', '0.54', '0.55'], attacker: ['2.04', '2.05', '2.05', '2.05', '2.03']
2026-05-14 05:03:20 | INFO    | dpfl.core.base_simulator | Round   5/150 | Acc: 0.7508 | Loss: 1.3000 | eps_max: 2.43 eps_avg: 1.23 | P: nan R: nan F1: nan
2026-05-14 05:03:20 | DEBUG   | dpfl.core.base_simulator | Update norms — honest: ['0.54', '0.54', '0.54', '0.54', '0.54'], attacker: ['2.49', '2.50', '2.49', '2.50', '2.48']
2026-05-14 05:03:27 | INFO    | dpfl.core.base_simulator | Round   6/150 | Acc: 0.7792 | Loss: 1.1459 | eps_max: 2.48 eps_avg: 1.27 | P: nan R: nan F1: nan
2026-05-14 05:03:27 | DEBUG   | dpfl.core.base_simulator | Update norms — honest: ['0.54', '1.02', '1.03', '0.53', '1.03'], attacker: ['2.92', '2.93', '2.94', '2.93', '2.92']
2026-05-14 05:03:35 | INFO    | dpfl.core.base_simulator | Round   7/150 | Acc: 0.7996 | Loss: 1.0195 | eps_max: 2.53 eps_avg: 1.34 | P: nan R: nan F1: nan
2026-05-14 05:03:35 | DEBUG   | dpfl.core.base_simulator | Update norms — honest: ['1.03', '0.53', '0.96', '0.53', '0.53'], attacker: ['3.31', '3.35', '3.34', '3.33', '3.29']
2026-05-14 05:03:42 | INFO    | dpfl.core.base_simulator | Round   8/150 | Acc: 0.8139 | Loss: 0.9186 | eps_max: 2.60 eps_avg: 1.43 | P: nan R: nan F1: nan
2026-05-14 05:03:42 | DEBUG   | dpfl.core.base_simulator | Update norms — honest: ['0.53', '0.94', '0.87', '0.53', '0.52'], attacker: ['3.69', '3.71', '3.74', '3.71', '3.64']
2026-05-14 05:03:49 | INFO    | dpfl.core.base_simulator | Round   9/150 | Acc: 0.8242 | Loss: 0.8390 | eps_max: 2.67 eps_avg: 1.52 | P: nan R: nan F1: nan
2026-05-14 05:03:49 | DEBUG   | dpfl.core.base_simulator | Update norms — honest: ['0.52', '0.52', '1.00', '1.52', '0.52'], attacker: ['4.05', '4.01', '4.06', '4.05', '4.01']
2026-05-14 05:03:56 | INFO    | dpfl.core.base_simulator | Round  10/150 | Acc: 0.8321 | Loss: 0.7753 | eps_max: 2.75 eps_avg: 1.58 | P: nan R: nan F1: nan
2026-05-14 05:03:56 | DEBUG   | dpfl.core.base_simulator | Update norms — honest: ['0.96', '0.51', '0.82', '0.51', '0.83'], attacker: ['4.38', '4.32', '4.33', '4.35', '4.39']
2026-05-14 05:04:03 | INFO    | dpfl.core.base_simulator | Round  11/150 | Acc: 0.8383 | Loss: 0.7244 | eps_max: 2.83 eps_avg: 1.67 | P: nan R: nan F1: nan
2026-05-14 05:04:03 | DEBUG   | dpfl.core.base_simulator | Update norms — honest: ['0.51', '0.51', '0.96', '0.51', '0.51'], attacker: ['4.67', '4.54', '4.69', '4.70', '4.72']
2026-05-14 05:04:10 | INFO    | dpfl.core.base_simulator | Round  12/150 | Acc: 0.8436 | Loss: 0.6828 | eps_max: 2.92 eps_avg: 1.74 | P: nan R: nan F1: nan
2026-05-14 05:04:10 | DEBUG   | dpfl.core.base_simulator | Update norms — honest: ['0.51', '0.94', '0.97', '0.51', '1.47'], attacker: ['4.90', '4.92', '4.93', '4.92', '5.01']
2026-05-14 05:04:17 | INFO    | dpfl.core.base_simulator | Round  13/150 | Acc: 0.8478 | Loss: 0.6485 | eps_max: 3.03 eps_avg: 1.80 | P: nan R: nan F1: nan
2026-05-14 05:04:17 | DEBUG   | dpfl.core.base_simulator | Update norms — honest: ['1.41', '0.50', '1.85', '1.49', '0.93'], attacker: ['5.26', '5.21', '5.23', '5.24', '5.33']
2026-05-14 05:04:25 | INFO    | dpfl.core.base_simulator | Round  14/150 | Acc: 0.8513 | Loss: 0.6199 | eps_max: 3.14 eps_avg: 1.87 | P: nan R: nan F1: nan
2026-05-14 05:04:25 | DEBUG   | dpfl.core.base_simulator | Update norms — honest: ['0.84', '0.95', '0.50', '0.49', '0.92'], attacker: ['5.53', '5.46', '5.58', '5.55', '5.52']
2026-05-14 05:04:32 | INFO    | dpfl.core.base_simulator | Round  15/150 | Acc: 0.8547 | Loss: 0.5954 | eps_max: 3.28 eps_avg: 1.93 | P: nan R: nan F1: nan
2026-05-14 05:04:32 | DEBUG   | dpfl.core.base_simulator | Update norms — honest: ['0.84', '0.49', '1.93', '0.49', '0.49'], attacker: ['5.74', '5.79', '5.68', '5.77', '5.57']
2026-05-14 05:04:39 | INFO    | dpfl.core.base_simulator | Round  16/150 | Acc: 0.8575 | Loss: 0.5746 | eps_max: 3.46 eps_avg: 2.01 | P: nan R: nan F1: nan
2026-05-14 05:04:39 | DEBUG   | dpfl.core.base_simulator | Update norms — honest: ['0.80', '0.93', '1.88', '1.43', '0.48'], attacker: ['5.92', '5.90', '5.96', '5.82', '5.88']
2026-05-14 05:04:46 | INFO    | dpfl.core.base_simulator | Round  17/150 | Acc: 0.8599 | Loss: 0.5564 | eps_max: 3.51 eps_avg: 2.07 | P: nan R: nan F1: nan
2026-05-14 05:04:46 | DEBUG   | dpfl.core.base_simulator | Update norms — honest: ['0.90', '1.45', '1.84', '0.48', '1.37'], attacker: ['6.08', '6.07', '6.21', '5.91', '6.05']
2026-05-14 05:04:54 | INFO    | dpfl.core.base_simulator | Round  18/150 | Acc: 0.8619 | Loss: 0.5408 | eps_max: 3.54 eps_avg: 2.16 | P: nan R: nan F1: nan
2026-05-14 05:04:54 | DEBUG   | dpfl.core.base_simulator | Update norms — honest: ['1.26', '1.86', '0.48', '0.90', '0.86'], attacker: ['6.31', '6.22', '6.49', '6.18', '6.16']
2026-05-14 05:05:01 | INFO    | dpfl.core.base_simulator | Round  19/150 | Acc: 0.8640 | Loss: 0.5269 | eps_max: 3.58 eps_avg: 2.22 | P: nan R: nan F1: nan
2026-05-14 05:05:01 | DEBUG   | dpfl.core.base_simulator | Update norms — honest: ['0.47', '1.87', '0.47', '0.87', '0.47'], attacker: ['6.43', '6.29', '6.35', '6.60', '6.26']
2026-05-14 05:05:08 | INFO    | dpfl.core.base_simulator | Round  20/150 | Acc: 0.8656 | Loss: 0.5147 | eps_max: 3.64 eps_avg: 2.27 | P: nan R: nan F1: nan
2026-05-14 05:05:08 | DEBUG   | dpfl.core.base_simulator | Update norms — honest: ['1.29', '1.80', '1.67', '1.14', '0.47'], attacker: ['6.64', '6.86', '6.38', '6.48', '6.62']
2026-05-14 05:05:15 | INFO    | dpfl.core.base_simulator | Round  21/150 | Acc: 0.8672 | Loss: 0.5038 | eps_max: 3.69 eps_avg: 2.32 | P: nan R: nan F1: nan
2026-05-14 05:05:15 | DEBUG   | dpfl.core.base_simulator | Update norms — honest: ['0.46', '0.46', '1.80', '0.72', '0.83'], attacker: ['6.84', '7.02', '6.84', '6.60', '6.87']
2026-05-14 05:05:22 | INFO    | dpfl.core.base_simulator | Round  22/150 | Acc: 0.8685 | Loss: 0.4941 | eps_max: 3.74 eps_avg: 2.36 | P: nan R: nan F1: nan
2026-05-14 05:05:22 | DEBUG   | dpfl.core.base_simulator | Update norms — honest: ['1.30', '0.83', '0.68', '1.29', '0.46'], attacker: ['6.94', '7.18', '7.21', '7.01', '6.92']
2026-05-14 05:05:30 | INFO    | dpfl.core.base_simulator | Round  23/150 | Acc: 0.8698 | Loss: 0.4853 | eps_max: 3.80 eps_avg: 2.41 | P: nan R: nan F1: nan
2026-05-14 05:05:30 | DEBUG   | dpfl.core.base_simulator | Update norms — honest: ['0.81', '1.78', '2.11', '0.84', '0.84'], attacker: ['6.94', '7.30', '7.21', '7.22', '6.87']
2026-05-14 05:05:37 | INFO    | dpfl.core.base_simulator | Round  24/150 | Acc: 0.8709 | Loss: 0.4774 | eps_max: 3.86 eps_avg: 2.47 | P: nan R: nan F1: nan
2026-05-14 05:05:37 | DEBUG   | dpfl.core.base_simulator | Update norms — honest: ['2.18', '0.60', '1.33', '1.96', '0.45'], attacker: ['6.84', '7.43', '7.10', '7.40', '7.14']
2026-05-14 05:06:45 | INFO    | dpfl.core.base_simulator | Round  25/150 | Acc: 0.8718 | Loss: 0.4702 | eps_max: 3.92 eps_avg: 2.52 | P: nan R: nan F1: nan
2026-05-14 05:06:45 | DEBUG   | dpfl.core.base_simulator | Update norms — honest: ['2.14', '1.25', '0.44', '0.79', '0.77'], attacker: ['7.29', '7.61', '7.10', '7.36', '7.13']
2026-05-14 05:06:59 | INFO    | dpfl.core.base_simulator | Round  26/150 | Acc: 0.8729 | Loss: 0.4636 | eps_max: 3.97 eps_avg: 2.58 | P: nan R: nan F1: nan
2026-05-14 05:06:59 | DEBUG   | dpfl.core.base_simulator | Update norms — honest: ['0.44', '0.73', '0.84', '1.17', '0.44'], attacker: ['7.56', '7.66', '7.19', '6.76', '6.27']
2026-05-14 05:07:16 | INFO    | dpfl.core.base_simulator | Round  27/150 | Acc: 0.8738 | Loss: 0.4576 | eps_max: 4.03 eps_avg: 2.64 | P: nan R: nan F1: nan
2026-05-14 05:07:16 | DEBUG   | dpfl.core.base_simulator | Update norms — honest: ['1.25', '0.58', '2.01', '1.17', '0.43'], attacker: ['7.36', '7.61', '7.34', '7.22', '6.71']
2026-05-14 05:07:32 | INFO    | dpfl.core.base_simulator | Round  28/150 | Acc: 0.8745 | Loss: 0.4522 | eps_max: 4.10 eps_avg: 2.69 | P: nan R: nan F1: nan
2026-05-14 05:07:32 | DEBUG   | dpfl.core.base_simulator | Update norms — honest: ['0.66', '0.43', '0.43', '1.23', '1.56'], attacker: ['6.98', '7.82', '7.21', '7.92', '7.31']
2026-05-14 05:07:50 | INFO    | dpfl.core.base_simulator | Round  29/150 | Acc: 0.8753 | Loss: 0.4471 | eps_max: 4.18 eps_avg: 2.75 | P: nan R: nan F1: nan
2026-05-14 05:07:50 | DEBUG   | dpfl.core.base_simulator | Update norms — honest: ['2.26', '0.43', '1.40', '1.77', '1.21'], attacker: ['7.75', '7.87', '6.62', '8.23', '7.03']
2026-05-14 05:08:07 | INFO    | dpfl.core.base_simulator | Round  30/150 | Acc: 0.8760 | Loss: 0.4424 | eps_max: 4.26 eps_avg: 2.80 | P: nan R: nan F1: nan
2026-05-14 05:08:07 | DEBUG   | dpfl.core.base_simulator | Update norms — honest: ['0.53', '1.35', '0.77', '1.39', '0.42'], attacker: ['7.95', '7.71', '7.28', '7.91', '6.43']
2026-05-14 05:08:25 | INFO    | dpfl.core.base_simulator | Round  31/150 | Acc: 0.8766 | Loss: 0.4381 | eps_max: 4.35 eps_avg: 2.88 | P: nan R: nan F1: nan
2026-05-14 05:08:25 | DEBUG   | dpfl.core.base_simulator | Update norms — honest: ['2.03', '0.64', '2.07', '0.42', '0.51'], attacker: ['7.82', '7.96', '6.81', '7.80', '6.85']
2026-05-14 05:08:42 | INFO    | dpfl.core.base_simulator | Round  32/150 | Acc: 0.8772 | Loss: 0.4342 | eps_max: 4.44 eps_avg: 2.92 | P: nan R: nan F1: nan
2026-05-14 05:08:42 | DEBUG   | dpfl.core.base_simulator | Update norms — honest: ['0.75', '0.83', '1.19', '0.41', '1.35'], attacker: ['7.79', '7.24', '6.75', '7.96', '6.91']
2026-05-14 05:08:58 | INFO    | dpfl.core.base_simulator | Round  33/150 | Acc: 0.8778 | Loss: 0.4305 | eps_max: 4.53 eps_avg: 2.98 | P: nan R: nan F1: nan
2026-05-14 05:08:58 | DEBUG   | dpfl.core.base_simulator | Update norms — honest: ['1.10', '0.41', '1.79', '0.78', '1.80'], attacker: ['7.91', '6.56', '7.56', '6.94', '7.31']
2026-05-14 05:09:15 | INFO    | dpfl.core.base_simulator | Round  34/150 | Acc: 0.8783 | Loss: 0.4271 | eps_max: 4.66 eps_avg: 3.03 | P: nan R: nan F1: nan
2026-05-14 05:09:15 | DEBUG   | dpfl.core.base_simulator | Update norms — honest: ['1.20', '1.89', '0.40', '0.67', '0.41'], attacker: ['7.80', '6.81', '7.62', '5.80', '7.70']
2026-05-14 05:09:33 | INFO    | dpfl.core.base_simulator | Round  35/150 | Acc: 0.8788 | Loss: 0.4241 | eps_max: 4.80 eps_avg: 3.09 | P: nan R: nan F1: nan
2026-05-14 05:09:33 | DEBUG   | dpfl.core.base_simulator | Update norms — honest: ['0.80', '1.18', '0.40', '0.73', '1.39'], attacker: ['7.48', '7.55', '6.58', '7.32', '7.57']
2026-05-14 05:09:49 | INFO    | dpfl.core.base_simulator | Round  36/150 | Acc: 0.8793 | Loss: 0.4211 | eps_max: 4.93 eps_avg: 3.14 | P: nan R: nan F1: nan
2026-05-14 05:09:49 | DEBUG   | dpfl.core.base_simulator | Update norms — honest: ['0.79', '0.67', '1.82', '1.07', '0.40'], attacker: ['7.74', '7.60', '7.03', '7.37', '6.75']
2026-05-14 05:10:06 | INFO    | dpfl.core.base_simulator | Round  37/150 | Acc: 0.8796 | Loss: 0.4183 | eps_max: 5.05 eps_avg: 3.19 | P: nan R: nan F1: nan
2026-05-14 05:10:06 | DEBUG   | dpfl.core.base_simulator | Update norms — honest: ['0.39', '0.48', '1.14', '0.64', '1.17'], attacker: ['7.49', '7.64', '7.30', '6.87', '6.65']
2026-05-14 05:11:14 | INFO    | dpfl.core.base_simulator | Round  38/150 | Acc: 0.8801 | Loss: 0.4158 | eps_max: 5.17 eps_avg: 3.24 | P: nan R: nan F1: nan
2026-05-14 05:11:14 | DEBUG   | dpfl.core.base_simulator | Update norms — honest: ['2.29', '0.52', '2.17', '1.62', '0.72'], attacker: ['7.36', '7.95', '7.30', '6.84', '7.14']
2026-05-14 05:11:27 | INFO    | dpfl.core.base_simulator | Round  39/150 | Acc: 0.8804 | Loss: 0.4135 | eps_max: 5.25 eps_avg: 3.29 | P: nan R: nan F1: nan
2026-05-14 05:11:27 | DEBUG   | dpfl.core.base_simulator | Update norms — honest: ['0.39', '1.91', '2.48', '0.64', '0.69'], attacker: ['6.74', '7.61', '6.70', '7.32', '7.60']
2026-05-14 05:11:44 | INFO    | dpfl.core.base_simulator | Round  40/150 | Acc: 0.8807 | Loss: 0.4112 | eps_max: 5.34 eps_avg: 3.35 | P: nan R: nan F1: nan
2026-05-14 05:11:44 | DEBUG   | dpfl.core.base_simulator | Update norms — honest: ['1.10', '1.18', '0.38', '1.54', '1.12'], attacker: ['7.34', '8.09', '6.75', '7.14', '7.37']
2026-05-14 05:12:01 | INFO    | dpfl.core.base_simulator | Round  41/150 | Acc: 0.8811 | Loss: 0.4091 | eps_max: 5.41 eps_avg: 3.40 | P: nan R: nan F1: nan
2026-05-14 05:12:01 | DEBUG   | dpfl.core.base_simulator | Update norms — honest: ['2.54', '1.08', '1.35', '1.01', '2.13'], attacker: ['8.32', '8.29', '6.54', '6.87', '6.52']
2026-05-14 05:12:18 | INFO    | dpfl.core.base_simulator | Round  42/150 | Acc: 0.8814 | Loss: 0.4073 | eps_max: 5.52 eps_avg: 3.45 | P: nan R: nan F1: nan
2026-05-14 05:12:18 | DEBUG   | dpfl.core.base_simulator | Update norms — honest: ['1.26', '1.94', '1.10', '1.15', '0.56'], attacker: ['7.18', '7.95', '7.36', '8.17', '6.04']
2026-05-14 05:12:35 | INFO    | dpfl.core.base_simulator | Round  43/150 | Acc: 0.8817 | Loss: 0.4054 | eps_max: 5.63 eps_avg: 3.50 | P: nan R: nan F1: nan
2026-05-14 05:12:35 | DEBUG   | dpfl.core.base_simulator | Update norms — honest: ['1.32', '1.24', '0.71', '1.75', '1.02'], attacker: ['6.02', '7.52', '6.41', '7.83', '5.90']
2026-05-14 05:12:51 | INFO    | dpfl.core.base_simulator | Round  44/150 | Acc: 0.8818 | Loss: 0.4038 | eps_max: 5.66 eps_avg: 3.57 | P: nan R: nan F1: nan
2026-05-14 05:12:51 | DEBUG   | dpfl.core.base_simulator | Update norms — honest: ['1.41', '2.44', '1.62', '0.93', '1.68'], attacker: ['6.96', '6.97', '6.82', '6.76', '5.92']
2026-05-14 05:13:08 | INFO    | dpfl.core.base_simulator | Round  45/150 | Acc: 0.8821 | Loss: 0.4022 | eps_max: 5.69 eps_avg: 3.64 | P: nan R: nan F1: nan
2026-05-14 05:13:08 | DEBUG   | dpfl.core.base_simulator | Update norms — honest: ['1.89', '0.36', '1.37', '2.55', '0.69'], attacker: ['8.12', '7.29', '7.14', '7.05', '5.18']
2026-05-14 05:13:25 | INFO    | dpfl.core.base_simulator | Round  46/150 | Acc: 0.8824 | Loss: 0.4008 | eps_max: 5.72 eps_avg: 3.68 | P: nan R: nan F1: nan
2026-05-14 05:13:25 | DEBUG   | dpfl.core.base_simulator | Update norms — honest: ['1.11', '1.39', '1.81', '1.88', '1.62'], attacker: ['7.64', '7.62', '6.83', '6.69', '5.34']
2026-05-14 05:13:42 | INFO    | dpfl.core.base_simulator | Round  47/150 | Acc: 0.8826 | Loss: 0.3993 | eps_max: 5.75 eps_avg: 3.73 | P: nan R: nan F1: nan
2026-05-14 05:13:42 | DEBUG   | dpfl.core.base_simulator | Update norms — honest: ['1.47', '1.37', '1.62', '1.72', '1.08'], attacker: ['6.00', '7.66', '6.55', '6.22', '6.06']
2026-05-14 05:13:59 | INFO    | dpfl.core.base_simulator | Round  48/150 | Acc: 0.8827 | Loss: 0.3981 | eps_max: 5.78 eps_avg: 3.79 | P: nan R: nan F1: nan
2026-05-14 05:13:59 | DEBUG   | dpfl.core.base_simulator | Update norms — honest: ['0.64', '2.79', '2.53', '0.35', '1.56'], attacker: ['6.55', '7.87', '5.00', '6.79', '5.78']
2026-05-14 05:14:15 | INFO    | dpfl.core.base_simulator | Round  49/150 | Acc: 0.8830 | Loss: 0.3968 | eps_max: 5.81 eps_avg: 3.82 | P: nan R: nan F1: nan
2026-05-14 05:14:15 | DEBUG   | dpfl.core.base_simulator | Update norms — honest: ['1.68', '2.52', '0.68', '1.15', '0.59'], attacker: ['6.81', '7.56', '5.01', '5.17', '5.74']
2026-05-14 05:14:33 | INFO    | dpfl.core.base_simulator | Round  50/150 | Acc: 0.8832 | Loss: 0.3956 | eps_max: 5.84 eps_avg: 3.85 | P: nan R: nan F1: nan
2026-05-14 05:14:33 | DEBUG   | dpfl.core.base_simulator | Update norms — honest: ['2.83', '0.64', '0.89', '1.52', '2.05'], attacker: ['5.85', '6.89', '4.21', '6.72', '6.41']
2026-05-14 05:14:43 | INFO    | dpfl.core.base_simulator | Round  51/150 | Acc: 0.8830 | Loss: 0.3956 | eps_max: 5.14 eps_avg: 2.92 | P: nan R: 0.00 F1: nan
2026-05-14 05:14:43 | DEBUG   | dpfl.core.base_simulator | Update norms — honest: ['1.23', '0.69', '1.14', '1.79', '0.34'], attacker: ['2.92', '2.99', '2.63', '3.14', '2.55']
2026-05-14 05:14:44 | INFO    | dpfl.core.base_simulator | Round  52/150 | Acc: 0.8782 | Loss: 0.4102 | eps_max: 5.19 eps_avg: 2.96 | P: 1.00 R: 0.37 F1: 0.60
2026-05-14 05:14:44 | DEBUG   | dpfl.core.base_simulator | Update norms — honest: ['0.96', '3.08', '1.24', '0.67', '1.40'], attacker: ['8.81', '7.07', '7.92', '10.34', '6.85']
2026-05-14 05:14:46 | INFO    | dpfl.core.base_simulator | Round  53/150 | Acc: 0.8833 | Loss: 0.3944 | eps_max: 5.19 eps_avg: 3.02 | P: 1.00 R: 1.00 F1: 1.00
2026-05-14 05:14:46 | DEBUG   | dpfl.core.base_simulator | Update norms — honest: ['0.34', '1.23', '2.46', '0.34', '2.27'], attacker: ['35.71', '25.04', '34.51', '47.87', '25.75']
2026-05-14 05:14:52 | INFO    | dpfl.core.base_simulator | Round  54/150 | Acc: 0.8835 | Loss: 0.3931 | eps_max: 5.19 eps_avg: 3.06 | P: 1.00 R: 1.00 F1: 1.00
2026-05-14 05:14:52 | DEBUG   | dpfl.core.base_simulator | Update norms — honest: ['1.34', '2.34', '0.48', '0.34', '0.62'], attacker: ['148.07', '112.69', '154.48', '195.01', '83.97']
2026-05-14 05:15:27 | INFO    | dpfl.core.base_simulator | Round  55/150 | Acc: 0.8837 | Loss: 0.3921 | eps_max: 5.19 eps_avg: 3.12 | P: 1.00 R: 1.00 F1: 1.00
2026-05-14 05:15:27 | DEBUG   | dpfl.core.base_simulator | Update norms — honest: ['1.93', '2.93', '0.47', '1.38', '1.10'], attacker: ['754.71', '614.70', '778.97', '858.61', '375.57']
2026-05-14 05:15:50 | INFO    | dpfl.core.base_simulator | Round  56/150 | Acc: 0.8839 | Loss: 0.3912 | eps_max: 5.27 eps_avg: 3.15 | P: 1.00 R: 1.00 F1: 1.00
2026-05-14 05:15:50 | DEBUG   | dpfl.core.base_simulator | Update norms — honest: ['2.06', '0.87', '0.53', '1.68', '0.63'], attacker: ['4272.61', '3928.14', '4630.18', '4348.60', '2292.27']
2026-05-14 05:15:52 | INFO    | dpfl.core.base_simulator | Round  57/150 | Acc: 0.8840 | Loss: 0.3903 | eps_max: 5.39 eps_avg: 3.19 | P: 1.00 R: 1.00 F1: 1.00
2026-05-14 05:15:52 | DEBUG   | dpfl.core.base_simulator | Update norms — honest: ['0.57', '0.62', '1.39', '1.37', '0.57'], attacker: ['21920.13', '20384.13', '22472.50', '24451.24', '14487.55']
2026-05-14 05:15:53 | INFO    | dpfl.core.base_simulator | Round  58/150 | Acc: 0.8842 | Loss: 0.3894 | eps_max: 5.41 eps_avg: 3.32 | P: 1.00 R: 1.00 F1: 1.00
2026-05-14 05:15:53 | DEBUG   | dpfl.core.base_simulator | Update norms — honest: ['1.87', '0.53', '0.81', '1.65', '0.89'], attacker: ['153225.36', '141522.48', '155138.48', '136500.16', '105569.66']
2026-05-14 05:16:03 | INFO    | dpfl.core.base_simulator | Round  59/150 | Acc: 0.8843 | Loss: 0.3887 | eps_max: 5.41 eps_avg: 3.44 | P: 1.00 R: 1.00 F1: 1.00
2026-05-14 05:16:03 | DEBUG   | dpfl.core.base_simulator | Update norms — honest: ['1.81', '1.14', '0.34', '0.99', '2.47'], attacker: ['825695.88', '732248.25', '834338.81', '805171.56', '676421.19']
2026-05-14 05:16:13 | INFO    | dpfl.core.base_simulator | Round  60/150 | Acc: 0.8844 | Loss: 0.3880 | eps_max: 5.41 eps_avg: 3.49 | P: 1.00 R: 1.00 F1: 1.00
2026-05-14 05:16:13 | DEBUG   | dpfl.core.base_simulator | Update norms — honest: ['1.91', '1.02', '1.28', '1.27', '0.53'], attacker: ['5947054.00', '5353252.00', '5914786.00', '5425031.50', '4885329.00']
2026-05-14 05:16:22 | INFO    | dpfl.core.base_simulator | Round  61/150 | Acc: 0.8846 | Loss: 0.3873 | eps_max: 5.64 eps_avg: 3.53 | P: 1.00 R: 1.00 F1: 1.00
2026-05-14 05:16:22 | DEBUG   | dpfl.core.base_simulator | Update norms — honest: ['2.59', '1.20', '0.66', '1.48', '1.43'], attacker: ['31538142.00', '32892394.00', '32761906.00', '30658654.00', '31942820.00']
2026-05-14 05:16:32 | INFO    | dpfl.core.base_simulator | Round  62/150 | Acc: 0.8846 | Loss: 0.3869 | eps_max: 5.64 eps_avg: 3.59 | P: 1.00 R: 1.00 F1: 1.00
2026-05-14 05:16:32 | DEBUG   | dpfl.core.base_simulator | Update norms — honest: ['0.92', '0.34', '1.92', '1.71', '1.82'], attacker: ['244879328.00', '229371296.00', '243698080.00', '232880368.00', '224478464.00']
2026-05-14 05:16:42 | INFO    | dpfl.core.base_simulator | Round  63/150 | Acc: 0.8846 | Loss: 0.3864 | eps_max: 5.64 eps_avg: 3.67 | P: 1.00 R: 1.00 F1: 1.00
2026-05-14 05:16:42 | DEBUG   | dpfl.core.base_simulator | Update norms — honest: ['1.80', '0.34', '2.02', '1.73', '1.40'], attacker: ['1568498944.00', '1309768064.00', '1396698496.00', '1353811840.00', '1377195648.00']
2026-05-14 05:16:52 | INFO    | dpfl.core.base_simulator | Round  64/150 | Acc: 0.8848 | Loss: 0.3859 | eps_max: 5.64 eps_avg: 3.73 | P: 1.00 R: 1.00 F1: 1.00
2026-05-14 05:16:52 | DEBUG   | dpfl.core.base_simulator | Update norms — honest: ['0.82', '1.22', '1.35', '0.50', '0.85'], attacker: ['9805375488.00', '9432261632.00', '9923229696.00', '9670430720.00', '9606449152.00']
2026-05-14 05:17:03 | INFO    | dpfl.core.base_simulator | Round  65/150 | Acc: 0.8848 | Loss: 0.3856 | eps_max: 5.64 eps_avg: 3.80 | P: 1.00 R: 1.00 F1: 1.00
2026-05-14 05:17:03 | DEBUG   | dpfl.core.base_simulator | Update norms — honest: ['1.89', '1.56', '3.00', '1.51', '0.88'], attacker: ['54852640768.00', '53341437952.00', '56692654080.00', '55747915776.00', '56548147200.00']
2026-05-14 05:17:13 | INFO    | dpfl.core.base_simulator | Round  66/150 | Acc: 0.8849 | Loss: 0.3851 | eps_max: 5.64 eps_avg: 3.85 | P: 1.00 R: 1.00 F1: 1.00
2026-05-14 05:17:13 | DEBUG   | dpfl.core.base_simulator | Update norms — honest: ['0.51', '0.94', '2.36', '0.94', '0.55'], attacker: ['393421848576.00', '386565308416.00', '389574131712.00', '392811282432.00', '386030338048.00']
2026-05-14 05:17:23 | INFO    | dpfl.core.base_simulator | Round  67/150 | Acc: 0.8849 | Loss: 0.3848 | eps_max: 5.83 eps_avg: 3.90 | P: 1.00 R: 1.00 F1: 1.00
2026-05-14 05:17:23 | DEBUG   | dpfl.core.base_simulator | Update norms — honest: ['1.86', '1.89', '1.84', '1.63', '0.51'], attacker: ['2165886418944.00', '2197769158656.00', '2242534440960.00', '2241902411776.00', '2363439972352.00']
2026-05-14 05:17:33 | INFO    | dpfl.core.base_simulator | Round  68/150 | Acc: 0.8850 | Loss: 0.3846 | eps_max: 5.83 eps_avg: 4.00 | P: 1.00 R: 1.00 F1: 1.00
2026-05-14 05:17:33 | DEBUG   | dpfl.core.base_simulator | Update norms — honest: ['0.34', '3.33', '1.09', '1.75', '0.93'], attacker: ['15587927392256.00', '15704236490752.00', '16182883123200.00', '15731137708032.00', '14997794062336.00']
2026-05-14 05:17:43 | INFO    | dpfl.core.base_simulator | Round  69/150 | Acc: 0.8850 | Loss: 0.3844 | eps_max: 5.98 eps_avg: 4.10 | P: 1.00 R: 1.00 F1: 1.00
2026-05-14 05:17:43 | DEBUG   | dpfl.core.base_simulator | Update norms — honest: ['0.34', '1.34', '0.79', '1.27', '1.90'], attacker: ['88526070743040.00', '91076652171264.00', '93249024819200.00', '89183460786176.00', '91586704703488.00']
2026-05-14 05:17:53 | INFO    | dpfl.core.base_simulator | Round  70/150 | Acc: 0.8851 | Loss: 0.3839 | eps_max: 5.98 eps_avg: 4.13 | P: 1.00 R: 1.00 F1: 1.00
2026-05-14 05:17:53 | DEBUG   | dpfl.core.base_simulator | Update norms — honest: ['0.48', '0.91', '1.08', '1.68', '1.00'], attacker: ['620818933481472.00', '612959344656384.00', '619436155338752.00', '623892452343808.00', '608714105028608.00']
2026-05-14 05:18:02 | INFO    | dpfl.core.base_simulator | Round  71/150 | Acc: 0.8852 | Loss: 0.3837 | eps_max: 5.98 eps_avg: 4.16 | P: 1.00 R: 1.00 F1: 1.00
2026-05-14 05:18:02 | DEBUG   | dpfl.core.base_simulator | Update norms — honest: ['1.51', '1.14', '2.29', '2.70', '1.59'], attacker: ['3587804151939072.00', '3544915145392128.00', '3775592201715712.00', '3727116516458496.00', '3918213301665792.00']
2026-05-14 05:18:12 | INFO    | dpfl.core.base_simulator | Round  72/150 | Acc: 0.8852 | Loss: 0.3834 | eps_max: 6.23 eps_avg: 4.20 | P: 1.00 R: 1.00 F1: 1.00
2026-05-14 05:18:12 | DEBUG   | dpfl.core.base_simulator | Update norms — honest: ['1.30', '1.12', '1.03', '1.23', '0.45'], attacker: ['25941681924734976.00', '26219173319278592.00', '26083106607857664.00', '25759330498248704.00', '25592118831480832.00']
2026-05-14 05:18:22 | INFO    | dpfl.core.base_simulator | Round  73/150 | Acc: 0.8852 | Loss: 0.3832 | eps_max: 6.23 eps_avg: 4.26 | P: 1.00 R: 1.00 F1: 1.00
2026-05-14 05:18:22 | DEBUG   | dpfl.core.base_simulator | Update norms — honest: ['1.90', '1.51', '0.68', '1.80', '1.60'], attacker: ['138897936682582016.00', '148598274939420672.00', '153501461144141824.00', '148411546941259776.00', '159746429491871744.00']
2026-05-14 05:18:32 | INFO    | dpfl.core.base_simulator | Round  74/150 | Acc: 0.8852 | Loss: 0.3832 | eps_max: 6.23 eps_avg: 4.33 | P: 1.00 R: 1.00 F1: 1.00
2026-05-14 05:18:32 | DEBUG   | dpfl.core.base_simulator | Update norms — honest: ['2.60', '2.35', '1.11', '1.63', '0.85'], attacker: ['1076548808466235392.00', '1062623906017312768.00', '1083870044078735360.00', '1067997425500684288.00', '1039506948921229312.00']
2026-05-14 05:18:42 | INFO    | dpfl.core.base_simulator | Round  75/150 | Acc: 0.8853 | Loss: 0.3830 | eps_max: 6.23 eps_avg: 4.39 | P: 1.00 R: 1.00 F1: 1.00
2026-05-14 05:18:42 | DEBUG   | dpfl.core.base_simulator | Update norms — honest: ['0.54', '1.85', '2.17', '1.07', '0.91'], attacker: ['6131324887467294720.00', '6174099738078478336.00', '6168651657962848256.00', '6063088646091702272.00', '6469460996892131328.00']
2026-05-14 05:18:51 | INFO    | dpfl.core.base_simulator | Round  76/150 | Acc: 0.8853 | Loss: 0.3830 | eps_max: 6.23 eps_avg: 4.44 | P: 1.00 R: 1.00 F1: 1.00
2026-05-14 05:18:51 | DEBUG   | dpfl.core.base_simulator | Update norms — honest: ['2.03', '2.43', '2.19', '0.63', '2.20'], attacker: ['nan', 'nan', 'nan', 'nan', 'nan']
2026-05-14 05:19:01 | INFO    | dpfl.core.base_simulator | Round  77/150 | Acc: 0.8852 | Loss: 0.3830 | eps_max: 6.48 eps_avg: 4.49 | P: 1.00 R: 1.00 F1: 1.00
2026-05-14 05:19:01 | DEBUG   | dpfl.core.base_simulator | Update norms — honest: ['0.34', '2.45', '2.22', '2.25', '0.65'], attacker: ['nan', 'nan', 'nan', 'nan', 'nan']
2026-05-14 05:19:11 | INFO    | dpfl.core.base_simulator | Round  78/150 | Acc: 0.8852 | Loss: 0.3830 | eps_max: 6.48 eps_avg: 4.55 | P: 1.00 R: 1.00 F1: 1.00
2026-05-14 05:19:11 | DEBUG   | dpfl.core.base_simulator | Update norms — honest: ['2.84', '1.29', '1.53', '1.36', '2.01'], attacker: ['nan', 'nan', 'nan', 'nan', 'nan']
2026-05-14 05:19:21 | INFO    | dpfl.core.base_simulator | Round  79/150 | Acc: 0.8852 | Loss: 0.3830 | eps_max: 6.48 eps_avg: 4.57 | P: 1.00 R: 1.00 F1: 1.00
2026-05-14 05:19:21 | DEBUG   | dpfl.core.base_simulator | Update norms — honest: ['1.89', '3.73', '2.65', '2.20', '1.18'], attacker: ['nan', 'nan', 'nan', 'nan', 'nan']
2026-05-14 05:19:31 | INFO    | dpfl.core.base_simulator | Round  80/150 | Acc: 0.8852 | Loss: 0.3830 | eps_max: 6.48 eps_avg: 4.64 | P: 1.00 R: 1.00 F1: 1.00
2026-05-14 05:19:31 | DEBUG   | dpfl.core.base_simulator | Update norms — honest: ['0.34', '1.54', '0.90', '1.32', '2.46'], attacker: ['nan', 'nan', 'nan', 'nan', 'nan']
2026-05-14 05:19:40 | INFO    | dpfl.core.base_simulator | Round  81/150 | Acc: 0.8852 | Loss: 0.3829 | eps_max: 6.48 eps_avg: 4.68 | P: 1.00 R: 1.00 F1: 1.00
2026-05-14 05:19:40 | DEBUG   | dpfl.core.base_simulator | Update norms — honest: ['2.02', '1.68', '1.48', '2.42', '1.01'], attacker: ['nan', 'nan', 'nan', 'nan', 'nan']
2026-05-14 05:19:50 | INFO    | dpfl.core.base_simulator | Round  82/150 | Acc: 0.8852 | Loss: 0.3829 | eps_max: 6.48 eps_avg: 4.72 | P: 1.00 R: 1.00 F1: 1.00
2026-05-14 05:19:50 | DEBUG   | dpfl.core.base_simulator | Update norms — honest: ['2.52', '0.88', '1.18', '2.85', '1.46'], attacker: ['nan', 'nan', 'nan', 'nan', 'nan']
2026-05-14 05:19:59 | INFO    | dpfl.core.base_simulator | Round  83/150 | Acc: 0.8852 | Loss: 0.3828 | eps_max: 6.48 eps_avg: 4.74 | P: 1.00 R: 1.00 F1: 1.00
2026-05-14 05:19:59 | DEBUG   | dpfl.core.base_simulator | Update norms — honest: ['1.44', '1.72', '1.40', '2.31', '0.55'], attacker: ['nan', 'nan', 'nan', 'nan', 'nan']
2026-05-14 05:20:09 | INFO    | dpfl.core.base_simulator | Round  84/150 | Acc: 0.8853 | Loss: 0.3829 | eps_max: 6.48 eps_avg: 4.78 | P: 1.00 R: 1.00 F1: 1.00
2026-05-14 05:20:09 | DEBUG   | dpfl.core.base_simulator | Update norms — honest: ['1.60', '2.95', '1.53', '1.95', '2.49'], attacker: ['nan', 'nan', 'nan', 'nan', 'nan']
2026-05-14 05:20:19 | INFO    | dpfl.core.base_simulator | Round  85/150 | Acc: 0.8852 | Loss: 0.3830 | eps_max: 6.48 eps_avg: 4.82 | P: 1.00 R: 1.00 F1: 1.00
2026-05-14 05:20:19 | DEBUG   | dpfl.core.base_simulator | Update norms — honest: ['0.84', '1.43', '2.88', '0.87', '2.46'], attacker: ['nan', 'nan', 'nan', 'nan', 'nan']
2026-05-14 05:20:28 | INFO    | dpfl.core.base_simulator | Round  86/150 | Acc: 0.8853 | Loss: 0.3830 | eps_max: 6.52 eps_avg: 4.85 | P: 1.00 R: 1.00 F1: 1.00
2026-05-14 05:20:28 | DEBUG   | dpfl.core.base_simulator | Update norms — honest: ['2.54', '1.23', '1.30', '2.34', '2.38'], attacker: ['nan', 'nan', 'nan', 'nan', 'nan']
2026-05-14 05:20:38 | INFO    | dpfl.core.base_simulator | Round  87/150 | Acc: 0.8852 | Loss: 0.3832 | eps_max: 6.56 eps_avg: 4.88 | P: 1.00 R: 1.00 F1: 1.00
2026-05-14 05:20:38 | DEBUG   | dpfl.core.base_simulator | Update norms — honest: ['0.56', '1.09', '1.70', '2.78', '2.08'], attacker: ['nan', 'nan', 'nan', 'nan', 'nan']
2026-05-14 05:20:47 | INFO    | dpfl.core.base_simulator | Round  88/150 | Acc: 0.8852 | Loss: 0.3832 | eps_max: 6.98 eps_avg: 4.92 | P: 1.00 R: 1.00 F1: 1.00
2026-05-14 05:20:47 | DEBUG   | dpfl.core.base_simulator | Update norms — honest: ['0.73', '1.63', '1.73', '0.33', '0.81'], attacker: ['nan', 'nan', 'nan', 'nan', 'nan']
2026-05-14 05:20:56 | INFO    | dpfl.core.base_simulator | Round  89/150 | Acc: 0.8852 | Loss: 0.3833 | eps_max: 6.98 eps_avg: 4.94 | P: 1.00 R: 1.00 F1: 1.00
2026-05-14 05:20:56 | DEBUG   | dpfl.core.base_simulator | Update norms — honest: ['3.61', '1.03', '1.26', '1.56', '1.17'], attacker: ['nan', 'nan', 'nan', 'nan', 'nan']
2026-05-14 05:21:06 | INFO    | dpfl.core.base_simulator | Round  90/150 | Acc: 0.8852 | Loss: 0.3835 | eps_max: 6.98 eps_avg: 4.98 | P: 1.00 R: 1.00 F1: 1.00
2026-05-14 05:21:06 | DEBUG   | dpfl.core.base_simulator | Update norms — honest: ['0.94', '3.63', '1.44', '1.25', '1.53'], attacker: ['nan', 'nan', 'nan', 'nan', 'nan']
2026-05-14 05:21:17 | INFO    | dpfl.core.base_simulator | Round  91/150 | Acc: 0.8851 | Loss: 0.3838 | eps_max: 7.00 eps_avg: 5.06 | P: 1.00 R: 1.00 F1: 1.00
2026-05-14 05:21:17 | DEBUG   | dpfl.core.base_simulator | Update norms — honest: ['2.09', '2.46', '1.04', '2.79', '2.06'], attacker: ['nan', 'nan', 'nan', 'nan', 'nan']
2026-05-14 05:21:26 | INFO    | dpfl.core.base_simulator | Round  92/150 | Acc: 0.8851 | Loss: 0.3839 | eps_max: 7.00 eps_avg: 5.08 | P: 1.00 R: 1.00 F1: 1.00
2026-05-14 05:21:26 | DEBUG   | dpfl.core.base_simulator | Update norms — honest: ['1.68', '2.25', '1.32', '1.66', '1.59'], attacker: ['nan', 'nan', 'nan', 'nan', 'nan']
2026-05-14 05:21:36 | INFO    | dpfl.core.base_simulator | Round  93/150 | Acc: 0.8851 | Loss: 0.3841 | eps_max: 7.00 eps_avg: 5.12 | P: 1.00 R: 1.00 F1: 1.00
2026-05-14 05:21:36 | DEBUG   | dpfl.core.base_simulator | Update norms — honest: ['1.76', '2.55', '1.42', '2.76', '0.92'], attacker: ['nan', 'nan', 'nan', 'nan', 'nan']
2026-05-14 05:21:45 | INFO    | dpfl.core.base_simulator | Round  94/150 | Acc: 0.8851 | Loss: 0.3844 | eps_max: 7.34 eps_avg: 5.15 | P: 1.00 R: 1.00 F1: 1.00
2026-05-14 05:21:45 | DEBUG   | dpfl.core.base_simulator | Update norms — honest: ['1.99', '3.12', '2.62', '0.86', '1.45'], attacker: ['nan', 'nan', 'nan', 'nan', 'nan']
2026-05-14 05:21:55 | INFO    | dpfl.core.base_simulator | Round  95/150 | Acc: 0.8851 | Loss: 0.3844 | eps_max: 7.34 eps_avg: 5.18 | P: 1.00 R: 1.00 F1: 1.00
2026-05-14 05:21:55 | DEBUG   | dpfl.core.base_simulator | Update norms — honest: ['2.96', '1.65', '1.36', '0.34', '1.84'], attacker: ['nan', 'nan', 'nan', 'nan', 'nan']
2026-05-14 05:22:05 | INFO    | dpfl.core.base_simulator | Round  96/150 | Acc: 0.8851 | Loss: 0.3847 | eps_max: 7.34 eps_avg: 5.23 | P: 1.00 R: 1.00 F1: 1.00
2026-05-14 05:22:05 | DEBUG   | dpfl.core.base_simulator | Update norms — honest: ['2.93', '2.70', '1.69', '1.85', '1.25'], attacker: ['nan', 'nan', 'nan', 'nan', 'nan']
2026-05-14 05:22:15 | INFO    | dpfl.core.base_simulator | Round  97/150 | Acc: 0.8850 | Loss: 0.3850 | eps_max: 7.47 eps_avg: 5.28 | P: 1.00 R: 1.00 F1: 1.00
2026-05-14 05:22:15 | DEBUG   | dpfl.core.base_simulator | Update norms — honest: ['1.87', '1.08', '2.45', '1.18', '1.08'], attacker: ['nan', 'nan', 'nan', 'nan', 'nan']
2026-05-14 05:22:25 | INFO    | dpfl.core.base_simulator | Round  98/150 | Acc: 0.8850 | Loss: 0.3852 | eps_max: 7.47 eps_avg: 5.32 | P: 1.00 R: 1.00 F1: 1.00
2026-05-14 05:22:25 | DEBUG   | dpfl.core.base_simulator | Update norms — honest: ['1.35', '1.43', '1.74', '1.87', '1.95'], attacker: ['nan', 'nan', 'nan', 'nan', 'nan']
2026-05-14 05:22:34 | INFO    | dpfl.core.base_simulator | Round  99/150 | Acc: 0.8850 | Loss: 0.3854 | eps_max: 7.47 eps_avg: 5.34 | P: 1.00 R: 1.00 F1: 1.00
2026-05-14 05:22:34 | DEBUG   | dpfl.core.base_simulator | Update norms — honest: ['2.50', '1.09', '1.37', '1.27', '2.36'], attacker: ['nan', 'nan', 'nan', 'nan', 'nan']
2026-05-14 05:22:43 | INFO    | dpfl.core.base_simulator | Round 100/150 | Acc: 0.8850 | Loss: 0.3856 | eps_max: 7.47 eps_avg: 5.35 | P: 1.00 R: 1.00 F1: 1.00
2026-05-14 05:22:43 | DEBUG   | dpfl.core.base_simulator | Update norms — honest: ['1.58', '1.71', '2.54', '2.29', '1.97'], attacker: ['nan', 'nan', 'nan', 'nan', 'nan']
2026-05-14 05:22:53 | INFO    | dpfl.core.base_simulator | Round 101/150 | Acc: 0.8850 | Loss: 0.3859 | eps_max: 7.47 eps_avg: 5.38 | P: 1.00 R: 1.00 F1: 1.00
2026-05-14 05:22:53 | DEBUG   | dpfl.core.base_simulator | Update norms — honest: ['3.27', '1.84', '1.95', '1.53', '1.66'], attacker: ['nan', 'nan', 'nan', 'nan', 'nan']
2026-05-14 05:23:02 | INFO    | dpfl.core.base_simulator | Round 102/150 | Acc: 0.8850 | Loss: 0.3859 | eps_max: 7.47 eps_avg: 5.41 | P: 1.00 R: 1.00 F1: 1.00
2026-05-14 05:23:02 | DEBUG   | dpfl.core.base_simulator | Update norms — honest: ['1.42', '0.49', '2.07', '0.96', '2.38'], attacker: ['nan', 'nan', 'nan', 'nan', 'nan']
2026-05-14 05:23:12 | INFO    | dpfl.core.base_simulator | Round 103/150 | Acc: 0.8849 | Loss: 0.3864 | eps_max: 7.47 eps_avg: 5.44 | P: 1.00 R: 1.00 F1: 1.00
2026-05-14 05:23:12 | DEBUG   | dpfl.core.base_simulator | Update norms — honest: ['2.19', '2.10', '1.13', '0.53', '2.78'], attacker: ['nan', 'nan', 'nan', 'nan', 'nan']
2026-05-14 05:23:22 | INFO    | dpfl.core.base_simulator | Round 104/150 | Acc: 0.8849 | Loss: 0.3866 | eps_max: 7.47 eps_avg: 5.49 | P: 1.00 R: 1.00 F1: 1.00
2026-05-14 05:23:22 | DEBUG   | dpfl.core.base_simulator | Update norms — honest: ['1.59', '0.34', '1.98', '1.33', '1.53'], attacker: ['nan', 'nan', 'nan', 'nan', 'nan']
2026-05-14 05:23:26 | INFO    | dpfl.core.base_simulator | Round 105/150 | Acc: 0.8849 | Loss: 0.3868 | eps_max: 7.47 eps_avg: 5.52 | P: 1.00 R: 1.00 F1: 1.00
2026-05-14 05:23:26 | DEBUG   | dpfl.core.base_simulator | Update norms — honest: ['1.13', '0.98', '1.27', '2.43', '2.34'], attacker: ['nan', 'nan', 'nan', 'nan', 'nan']
2026-05-14 05:23:27 | INFO    | dpfl.core.base_simulator | Round 106/150 | Acc: 0.8849 | Loss: 0.3871 | eps_max: 7.47 eps_avg: 5.54 | P: 1.00 R: 1.00 F1: 1.00
2026-05-14 05:23:27 | DEBUG   | dpfl.core.base_simulator | Update norms — honest: ['0.78', '2.90', '1.62', '3.59', '1.57'], attacker: ['nan', 'nan', 'nan', 'nan', 'nan']
2026-05-14 05:23:29 | INFO    | dpfl.core.base_simulator | Round 107/150 | Acc: 0.8849 | Loss: 0.3874 | eps_max: 7.47 eps_avg: 5.56 | P: 1.00 R: 1.00 F1: 1.00
2026-05-14 05:23:29 | DEBUG   | dpfl.core.base_simulator | Update norms — honest: ['2.66', '3.08', '2.96', '0.80', '1.15'], attacker: ['nan', 'nan', 'nan', 'nan', 'nan']
2026-05-14 05:23:59 | INFO    | dpfl.core.base_simulator | Round 108/150 | Acc: 0.8848 | Loss: 0.3878 | eps_max: 7.47 eps_avg: 5.58 | P: 1.00 R: 1.00 F1: 1.00
2026-05-14 05:23:59 | DEBUG   | dpfl.core.base_simulator | Update norms — honest: ['4.46', '2.64', '2.41', '1.57', '1.00'], attacker: ['nan', 'nan', 'nan', 'nan', 'nan']
2026-05-14 05:24:29 | INFO    | dpfl.core.base_simulator | Round 109/150 | Acc: 0.8846 | Loss: 0.3883 | eps_max: 7.47 eps_avg: 5.60 | P: 1.00 R: 1.00 F1: 1.00
2026-05-14 05:24:29 | DEBUG   | dpfl.core.base_simulator | Update norms — honest: ['3.33', '2.58', '1.68', '2.30', '1.40'], attacker: ['nan', 'nan', 'nan', 'nan', 'nan']
2026-05-14 05:24:46 | INFO    | dpfl.core.base_simulator | Round 110/150 | Acc: 0.8846 | Loss: 0.3889 | eps_max: 7.47 eps_avg: 5.65 | P: 1.00 R: 1.00 F1: 1.00
2026-05-14 05:24:46 | DEBUG   | dpfl.core.base_simulator | Update norms — honest: ['1.83', '2.04', '0.52', '3.67', '0.76'], attacker: ['nan', 'nan', 'nan', 'nan', 'nan']
2026-05-14 05:24:48 | INFO    | dpfl.core.base_simulator | Round 111/150 | Acc: 0.8845 | Loss: 0.3893 | eps_max: 7.47 eps_avg: 5.70 | P: 1.00 R: 1.00 F1: 1.00
2026-05-14 05:24:48 | DEBUG   | dpfl.core.base_simulator | Update norms — honest: ['3.16', '2.36', '2.15', '2.36', '1.35'], attacker: ['nan', 'nan', 'nan', 'nan', 'nan']
2026-05-14 05:24:58 | INFO    | dpfl.core.base_simulator | Round 112/150 | Acc: 0.8844 | Loss: 0.3897 | eps_max: 7.47 eps_avg: 5.73 | P: 1.00 R: 1.00 F1: 1.00
2026-05-14 05:24:58 | DEBUG   | dpfl.core.base_simulator | Update norms — honest: ['3.15', '0.58', '2.21', '3.20', '1.87'], attacker: ['nan', 'nan', 'nan', 'nan', 'nan']
2026-05-14 05:25:07 | INFO    | dpfl.core.base_simulator | Round 113/150 | Acc: 0.8844 | Loss: 0.3899 | eps_max: 7.47 eps_avg: 5.74 | P: 1.00 R: 1.00 F1: 1.00
2026-05-14 05:25:07 | DEBUG   | dpfl.core.base_simulator | Update norms — honest: ['1.89', '0.72', '1.99', '2.02', '2.31'], attacker: ['nan', 'nan', 'nan', 'nan', 'nan']
2026-05-14 05:25:17 | INFO    | dpfl.core.base_simulator | Round 114/150 | Acc: 0.8843 | Loss: 0.3905 | eps_max: 7.47 eps_avg: 5.77 | P: 1.00 R: 1.00 F1: 1.00
2026-05-14 05:25:17 | DEBUG   | dpfl.core.base_simulator | Update norms — honest: ['2.71', '2.78', '1.55', '1.79', '1.03'], attacker: ['nan', 'nan', 'nan', 'nan', 'nan']
2026-05-14 05:25:26 | INFO    | dpfl.core.base_simulator | Round 115/150 | Acc: 0.8843 | Loss: 0.3910 | eps_max: 7.47 eps_avg: 5.79 | P: 1.00 R: 1.00 F1: 1.00
2026-05-14 05:25:26 | DEBUG   | dpfl.core.base_simulator | Update norms — honest: ['2.35', '2.11', '1.82', '2.42', '3.04'], attacker: ['nan', 'nan', 'nan', 'nan', 'nan']
2026-05-14 05:25:36 | INFO    | dpfl.core.base_simulator | Round 116/150 | Acc: 0.8842 | Loss: 0.3913 | eps_max: 7.47 eps_avg: 5.81 | P: 1.00 R: 1.00 F1: 1.00
2026-05-14 05:25:36 | DEBUG   | dpfl.core.base_simulator | Update norms — honest: ['0.61', '1.67', '0.99', '1.60', '1.83'], attacker: ['nan', 'nan', 'nan', 'nan', 'nan']
2026-05-14 05:25:46 | INFO    | dpfl.core.base_simulator | Round 117/150 | Acc: 0.8841 | Loss: 0.3921 | eps_max: 7.55 eps_avg: 5.85 | P: 1.00 R: 1.00 F1: 1.00
2026-05-14 05:25:46 | DEBUG   | dpfl.core.base_simulator | Update norms — honest: ['1.10', '2.38', '2.49', '3.88', '3.34'], attacker: ['nan', 'nan', 'nan', 'nan', 'nan']
2026-05-14 05:25:56 | INFO    | dpfl.core.base_simulator | Round 118/150 | Acc: 0.8841 | Loss: 0.3922 | eps_max: 7.55 eps_avg: 5.88 | P: 1.00 R: 1.00 F1: 1.00
2026-05-14 05:25:56 | DEBUG   | dpfl.core.base_simulator | Update norms — honest: ['2.24', '1.10', '2.50', '1.64', '2.38'], attacker: ['nan', 'nan', 'nan', 'nan', 'nan']
2026-05-14 05:26:06 | INFO    | dpfl.core.base_simulator | Round 119/150 | Acc: 0.8839 | Loss: 0.3933 | eps_max: 7.55 eps_avg: 5.92 | P: 1.00 R: 1.00 F1: 1.00
2026-05-14 05:26:06 | DEBUG   | dpfl.core.base_simulator | Update norms — honest: ['2.03', '2.23', '2.03', '2.34', '3.27'], attacker: ['nan', 'nan', 'nan', 'nan', 'nan']
2026-05-14 05:26:16 | INFO    | dpfl.core.base_simulator | Round 120/150 | Acc: 0.8839 | Loss: 0.3936 | eps_max: 7.55 eps_avg: 5.95 | P: 1.00 R: 1.00 F1: 1.00
2026-05-14 05:26:16 | DEBUG   | dpfl.core.base_simulator | Update norms — honest: ['1.26', '1.82', '3.25', '2.45', '1.78'], attacker: ['nan', 'nan', 'nan', 'nan', 'nan']
2026-05-14 05:26:27 | INFO    | dpfl.core.base_simulator | Round 121/150 | Acc: 0.8837 | Loss: 0.3943 | eps_max: 7.55 eps_avg: 5.98 | P: 1.00 R: 1.00 F1: 1.00
2026-05-14 05:26:27 | DEBUG   | dpfl.core.base_simulator | Update norms — honest: ['3.08', '3.38', '2.54', '1.35', '1.66'], attacker: ['nan', 'nan', 'nan', 'nan', 'nan']
2026-05-14 05:26:36 | INFO    | dpfl.core.base_simulator | Round 122/150 | Acc: 0.8837 | Loss: 0.3949 | eps_max: 7.60 eps_avg: 6.00 | P: 1.00 R: 1.00 F1: 1.00
2026-05-14 05:26:36 | DEBUG   | dpfl.core.base_simulator | Update norms — honest: ['3.02', '2.99', '2.32', '2.72', '1.64'], attacker: ['nan', 'nan', 'nan', 'nan', 'nan']
2026-05-14 05:26:46 | INFO    | dpfl.core.base_simulator | Round 123/150 | Acc: 0.8836 | Loss: 0.3955 | eps_max: 7.60 eps_avg: 6.02 | P: 1.00 R: 1.00 F1: 1.00
2026-05-14 05:26:46 | DEBUG   | dpfl.core.base_simulator | Update norms — honest: ['1.11', '3.51', '2.27', '1.49', '1.57'], attacker: ['nan', 'nan', 'nan', 'nan', 'nan']
2026-05-14 05:26:55 | INFO    | dpfl.core.base_simulator | Round 124/150 | Acc: 0.8835 | Loss: 0.3959 | eps_max: 7.60 eps_avg: 6.03 | P: 1.00 R: 1.00 F1: 1.00
2026-05-14 05:26:55 | DEBUG   | dpfl.core.base_simulator | Update norms — honest: ['3.56', '1.74', '2.76', '1.16', '1.44'], attacker: ['nan', 'nan', 'nan', 'nan', 'nan']
2026-05-14 05:27:05 | INFO    | dpfl.core.base_simulator | Round 125/150 | Acc: 0.8836 | Loss: 0.3960 | eps_max: 7.60 eps_avg: 6.05 | P: 1.00 R: 1.00 F1: 1.00
2026-05-14 05:27:05 | DEBUG   | dpfl.core.base_simulator | Update norms — honest: ['1.50', '2.20', '0.78', '2.29', '2.75'], attacker: ['nan', 'nan', 'nan', 'nan', 'nan']
2026-05-14 05:27:15 | INFO    | dpfl.core.base_simulator | Round 126/150 | Acc: 0.8835 | Loss: 0.3965 | eps_max: 7.60 eps_avg: 6.07 | P: 1.00 R: 1.00 F1: 1.00
2026-05-14 05:27:15 | DEBUG   | dpfl.core.base_simulator | Update norms — honest: ['1.74', '1.28', '2.24', '2.75', '2.29'], attacker: ['nan', 'nan', 'nan', 'nan', 'nan']
2026-05-14 05:27:24 | INFO    | dpfl.core.base_simulator | Round 127/150 | Acc: 0.8835 | Loss: 0.3967 | eps_max: 7.60 eps_avg: 6.08 | P: 1.00 R: 1.00 F1: 1.00
2026-05-14 05:27:24 | DEBUG   | dpfl.core.base_simulator | Update norms — honest: ['2.31', '1.10', '1.83', '2.24', '2.17'], attacker: ['nan', 'nan', 'nan', 'nan', 'nan']
2026-05-14 05:27:34 | INFO    | dpfl.core.base_simulator | Round 128/150 | Acc: 0.8833 | Loss: 0.3977 | eps_max: 7.63 eps_avg: 6.11 | P: 1.00 R: 1.00 F1: 1.00
2026-05-14 05:27:34 | DEBUG   | dpfl.core.base_simulator | Update norms — honest: ['4.31', '3.09', '1.70', '2.56', '1.00'], attacker: ['nan', 'nan', 'nan', 'nan', 'nan']
2026-05-14 05:27:43 | INFO    | dpfl.core.base_simulator | Round 129/150 | Acc: 0.8834 | Loss: 0.3978 | eps_max: 7.63 eps_avg: 6.12 | P: 1.00 R: 1.00 F1: 1.00
2026-05-14 05:27:43 | DEBUG   | dpfl.core.base_simulator | Update norms — honest: ['1.29', '0.82', '2.03', '0.87', '0.83'], attacker: ['nan', 'nan', 'nan', 'nan', 'nan']
2026-05-14 05:27:53 | INFO    | dpfl.core.base_simulator | Round 130/150 | Acc: 0.8833 | Loss: 0.3983 | eps_max: 7.71 eps_avg: 6.15 | P: 1.00 R: 1.00 F1: 1.00
2026-05-14 05:27:53 | DEBUG   | dpfl.core.base_simulator | Update norms — honest: ['2.44', '1.31', '1.47', '2.91', '1.23'], attacker: ['nan', 'nan', 'nan', 'nan', 'nan']
2026-05-14 05:28:03 | INFO    | dpfl.core.base_simulator | Round 131/150 | Acc: 0.8832 | Loss: 0.3989 | eps_max: 7.71 eps_avg: 6.16 | P: 1.00 R: 1.00 F1: 1.00
2026-05-14 05:28:03 | DEBUG   | dpfl.core.base_simulator | Update norms — honest: ['1.14', '1.69', '0.91', '2.50', '3.65'], attacker: ['nan', 'nan', 'nan', 'nan', 'nan']
2026-05-14 05:28:12 | INFO    | dpfl.core.base_simulator | Round 132/150 | Acc: 0.8832 | Loss: 0.3992 | eps_max: 7.71 eps_avg: 6.18 | P: 1.00 R: 1.00 F1: 1.00
2026-05-14 05:28:12 | DEBUG   | dpfl.core.base_simulator | Update norms — honest: ['2.51', '1.99', '2.58', '2.50', '3.64'], attacker: ['nan', 'nan', 'nan', 'nan', 'nan']
2026-05-14 05:28:22 | INFO    | dpfl.core.base_simulator | Round 133/150 | Acc: 0.8831 | Loss: 0.3997 | eps_max: 7.72 eps_avg: 6.20 | P: 1.00 R: 1.00 F1: 1.00
2026-05-14 05:28:22 | DEBUG   | dpfl.core.base_simulator | Update norms — honest: ['2.81', '2.74', '2.53', '2.12', '2.72'], attacker: ['nan', 'nan', 'nan', 'nan', 'nan']
2026-05-14 05:28:32 | INFO    | dpfl.core.base_simulator | Round 134/150 | Acc: 0.8830 | Loss: 0.4004 | eps_max: 7.74 eps_avg: 6.23 | P: 1.00 R: 1.00 F1: 1.00
2026-05-14 05:28:32 | DEBUG   | dpfl.core.base_simulator | Update norms — honest: ['3.67', '1.79', '2.25', '1.80', '3.03'], attacker: ['nan', 'nan', 'nan', 'nan', 'nan']
2026-05-14 05:28:42 | INFO    | dpfl.core.base_simulator | Round 135/150 | Acc: 0.8829 | Loss: 0.4011 | eps_max: 7.75 eps_avg: 6.25 | P: 1.00 R: 1.00 F1: 1.00
2026-05-14 05:28:42 | DEBUG   | dpfl.core.base_simulator | Update norms — honest: ['2.79', '3.00', '2.02', '2.25', '2.94'], attacker: ['nan', 'nan', 'nan', 'nan', 'nan']
2026-05-14 05:28:52 | INFO    | dpfl.core.base_simulator | Round 136/150 | Acc: 0.8828 | Loss: 0.4017 | eps_max: 7.75 eps_avg: 6.27 | P: 1.00 R: 1.00 F1: 1.00
2026-05-14 05:28:52 | DEBUG   | dpfl.core.base_simulator | Update norms — honest: ['3.01', '3.49', '2.77', '3.25', '2.06'], attacker: ['nan', 'nan', 'nan', 'nan', 'nan']
2026-05-14 05:29:01 | INFO    | dpfl.core.base_simulator | Round 137/150 | Acc: 0.8828 | Loss: 0.4022 | eps_max: 7.88 eps_avg: 6.28 | P: 1.00 R: 1.00 F1: 1.00
2026-05-14 05:29:01 | DEBUG   | dpfl.core.base_simulator | Update norms — honest: ['1.74', '1.26', '1.42', '1.76', '1.16'], attacker: ['nan', 'nan', 'nan', 'nan', 'nan']
2026-05-14 05:29:11 | INFO    | dpfl.core.base_simulator | Round 138/150 | Acc: 0.8825 | Loss: 0.4035 | eps_max: 8.00 eps_avg: 6.31 | P: 1.00 R: 1.00 F1: 1.00
2026-05-14 05:29:11 | DEBUG   | dpfl.core.base_simulator | Update norms — honest: ['2.63', '2.72', '3.34', '3.55', '2.64'], attacker: ['nan', 'nan', 'nan', 'nan', 'nan']
2026-05-14 05:29:11 | WARNING | dpfl.algorithms.noise_game.simulator | Round 138/150 | Budget exceeded (eps_max=8.00 > 8.00)
2026-05-14 05:29:13 | INFO    | dpfl | Experiment complete in 1808.1s
============================================================
REPORT: DP-SGD Decentralized Federated Learning
============================================================
Timestamp:                  20260514_045903
Rounds completed:           138
Attack-active rounds:       88  (from round 50)
Final accuracy:             0.8825
Final test loss:            0.4035
Final epsilon (max honest): 8.00
Final epsilon (avg honest): 6.31
Best alpha:                 1000.0
Avg precision:              1.0000
Avg recall:                 0.9815
Avg F1 score:               0.9954
Avg update norm (honest):   1.5115
Avg update norm (attacker): nan

eps_system (max honest): 8.0026
eps_avg (honest):        6.3062
eps_std (honest):        0.9404
n_frozen:                0/300
============================================================
