2026-05-14 07:51:58 | INFO    | dpfl | Experiment start: algorithm=balance, dataset=mnist, model=mlp, device=cuda
2026-05-14 07:51:58 | INFO    | dpfl | Config: nodes=500, attackers=200, rounds=150, noise_mode=none, attack=scale
2026-05-14 07:51:58 | INFO    | dpfl.data.mnist_dataset | Loading MNIST dataset...
2026-05-14 07:51:58 | INFO    | dpfl.data.mnist_dataset | MNIST loaded: 60000 train, 10000 test samples
2026-05-14 07:54:31 | INFO    | dpfl.core.base_simulator | Vectorized state ready: param_spec.D=50890, X_test=(10000, 1, 28, 28), train clients N=500, max_n_samples=1000
2026-05-14 07:54:31 | INFO    | dpfl.core.base_simulator | Setup complete: 500 nodes (200 attackers), param_dim=50890, split=iid
2026-05-14 07:54:31 | DEBUG   | dpfl.core.base_simulator | Attacker IDs: {0, 1, 2, 3, 4, 5, 6, 7, 8, 9, 10, 11, 12, 13, 14, 15, 16, 17, 18, 19, 20, 21, 22, 23, 24, 25, 26, 27, 28, 29, 30, 31, 32, 33, 34, 35, 36, 37, 38, 39, 40, 41, 42, 43, 44, 45, 46, 47, 48, 49, 50, 51, 52, 53, 54, 55, 56, 57, 58, 59, 60, 61, 62, 63, 64, 65, 66, 67, 68, 69, 70, 71, 72, 73, 74, 75, 76, 77, 78, 79, 80, 81, 82, 83, 84, 85, 86, 87, 88, 89, 90, 91, 92, 93, 94, 95, 96, 97, 98, 99, 100, 101, 102, 103, 104, 105, 106, 107, 108, 109, 110, 111, 112, 113, 114, 115, 116, 117, 118, 119, 120, 121, 122, 123, 124, 125, 126, 127, 128, 129, 130, 131, 132, 133, 134, 135, 136, 137, 138, 139, 140, 141, 142, 143, 144, 145, 146, 147, 148, 149, 150, 151, 152, 153, 154, 155, 156, 157, 158, 159, 160, 161, 162, 163, 164, 165, 166, 167, 168, 169, 170, 171, 172, 173, 174, 175, 176, 177, 178, 179, 180, 181, 182, 183, 184, 185, 186, 187, 188, 189, 190, 191, 192, 193, 194, 195, 196, 197, 198, 199}
2026-05-14 07:54:39 | INFO    | dpfl.core.base_simulator | Round   1/150 | Acc: 0.3802 | Loss: 2.0956 | eps: 0.00 | P: nan R: nan F1: nan
2026-05-14 07:54:39 | DEBUG   | dpfl.core.base_simulator | Update norms — honest: ['0.17', '0.17', '0.17', '0.17', '0.17'], attacker: ['0.18', '0.18', '0.17', '0.18', '0.18']
2026-05-14 07:54:47 | INFO    | dpfl.core.base_simulator | Round   2/150 | Acc: 0.5548 | Loss: 1.8904 | eps: 0.00 | P: nan R: nan F1: nan
2026-05-14 07:54:47 | DEBUG   | dpfl.core.base_simulator | Update norms — honest: ['0.18', '0.18', '0.18', '0.18', '0.17'], attacker: ['0.18', '0.18', '0.18', '0.18', '0.18']
2026-05-14 07:54:56 | INFO    | dpfl.core.base_simulator | Round   3/150 | Acc: 0.6512 | Loss: 1.6798 | eps: 0.00 | P: nan R: nan F1: nan
2026-05-14 07:54:56 | DEBUG   | dpfl.core.base_simulator | Update norms — honest: ['0.18', '0.18', '0.18', '0.18', '0.18'], attacker: ['0.19', '0.18', '0.18', '0.18', '0.19']
2026-05-14 07:55:05 | INFO    | dpfl.core.base_simulator | Round   4/150 | Acc: 0.7101 | Loss: 1.4799 | eps: 0.00 | P: nan R: nan F1: nan
2026-05-14 07:55:05 | DEBUG   | dpfl.core.base_simulator | Update norms — honest: ['0.18', '0.18', '0.18', '0.18', '0.17'], attacker: ['0.18', '0.18', '0.17', '0.18', '0.18']
2026-05-14 07:55:14 | INFO    | dpfl.core.base_simulator | Round   5/150 | Acc: 0.7512 | Loss: 1.2997 | eps: 0.00 | P: nan R: nan F1: nan
2026-05-14 07:55:14 | DEBUG   | dpfl.core.base_simulator | Update norms — honest: ['0.17', '0.17', '0.17', '0.17', '0.16'], attacker: ['0.17', '0.17', '0.16', '0.17', '0.17']
2026-05-14 07:55:21 | INFO    | dpfl.core.base_simulator | Round   6/150 | Acc: 0.7796 | Loss: 1.1455 | eps: 0.00 | P: nan R: nan F1: nan
2026-05-14 07:55:21 | DEBUG   | dpfl.core.base_simulator | Update norms — honest: ['0.16', '0.15', '0.16', '0.15', '0.15'], attacker: ['0.16', '0.15', '0.15', '0.16', '0.16']
2026-05-14 07:55:28 | INFO    | dpfl.core.base_simulator | Round   7/150 | Acc: 0.7999 | Loss: 1.0190 | eps: 0.00 | P: nan R: nan F1: nan
2026-05-14 07:55:28 | DEBUG   | dpfl.core.base_simulator | Update norms — honest: ['0.14', '0.14', '0.14', '0.14', '0.14'], attacker: ['0.14', '0.14', '0.14', '0.14', '0.14']
2026-05-14 07:55:35 | INFO    | dpfl.core.base_simulator | Round   8/150 | Acc: 0.8141 | Loss: 0.9181 | eps: 0.00 | P: nan R: nan F1: nan
2026-05-14 07:55:35 | DEBUG   | dpfl.core.base_simulator | Update norms — honest: ['0.13', '0.13', '0.13', '0.13', '0.13'], attacker: ['0.13', '0.13', '0.13', '0.13', '0.13']
2026-05-14 07:55:44 | INFO    | dpfl.core.base_simulator | Round   9/150 | Acc: 0.8245 | Loss: 0.8383 | eps: 0.00 | P: nan R: nan F1: nan
2026-05-14 07:55:44 | DEBUG   | dpfl.core.base_simulator | Update norms — honest: ['0.12', '0.11', '0.11', '0.11', '0.11'], attacker: ['0.12', '0.11', '0.11', '0.11', '0.12']
2026-05-14 07:55:53 | INFO    | dpfl.core.base_simulator | Round  10/150 | Acc: 0.8325 | Loss: 0.7746 | eps: 0.00 | P: nan R: nan F1: nan
2026-05-14 07:55:53 | DEBUG   | dpfl.core.base_simulator | Update norms — honest: ['0.10', '0.10', '0.10', '0.10', '0.10'], attacker: ['0.10', '0.10', '0.10', '0.10', '0.10']
2026-05-14 07:56:00 | INFO    | dpfl.core.base_simulator | Round  11/150 | Acc: 0.8386 | Loss: 0.7237 | eps: 0.00 | P: nan R: nan F1: nan
2026-05-14 07:56:00 | DEBUG   | dpfl.core.base_simulator | Update norms — honest: ['0.09', '0.09', '0.09', '0.09', '0.09'], attacker: ['0.10', '0.09', '0.09', '0.09', '0.09']
2026-05-14 07:56:08 | INFO    | dpfl.core.base_simulator | Round  12/150 | Acc: 0.8441 | Loss: 0.6819 | eps: 0.00 | P: nan R: nan F1: nan
2026-05-14 07:56:08 | DEBUG   | dpfl.core.base_simulator | Update norms — honest: ['0.08', '0.08', '0.08', '0.08', '0.09'], attacker: ['0.09', '0.09', '0.09', '0.09', '0.09']
2026-05-14 07:56:15 | INFO    | dpfl.core.base_simulator | Round  13/150 | Acc: 0.8482 | Loss: 0.6476 | eps: 0.00 | P: nan R: nan F1: nan
2026-05-14 07:56:15 | DEBUG   | dpfl.core.base_simulator | Update norms — honest: ['0.08', '0.08', '0.08', '0.08', '0.08'], attacker: ['0.08', '0.08', '0.08', '0.08', '0.08']
2026-05-14 07:56:22 | INFO    | dpfl.core.base_simulator | Round  14/150 | Acc: 0.8518 | Loss: 0.6189 | eps: 0.00 | P: nan R: nan F1: nan
2026-05-14 07:56:22 | DEBUG   | dpfl.core.base_simulator | Update norms — honest: ['0.07', '0.07', '0.07', '0.07', '0.07'], attacker: ['0.07', '0.07', '0.08', '0.07', '0.07']
2026-05-14 07:56:31 | INFO    | dpfl.core.base_simulator | Round  15/150 | Acc: 0.8552 | Loss: 0.5944 | eps: 0.00 | P: nan R: nan F1: nan
2026-05-14 07:56:31 | DEBUG   | dpfl.core.base_simulator | Update norms — honest: ['0.07', '0.07', '0.07', '0.07', '0.07'], attacker: ['0.07', '0.07', '0.07', '0.07', '0.07']
2026-05-14 07:56:39 | INFO    | dpfl.core.base_simulator | Round  16/150 | Acc: 0.8580 | Loss: 0.5735 | eps: 0.00 | P: nan R: nan F1: nan
2026-05-14 07:56:39 | DEBUG   | dpfl.core.base_simulator | Update norms — honest: ['0.06', '0.06', '0.06', '0.06', '0.06'], attacker: ['0.06', '0.07', '0.07', '0.06', '0.06']
2026-05-14 07:56:46 | INFO    | dpfl.core.base_simulator | Round  17/150 | Acc: 0.8604 | Loss: 0.5554 | eps: 0.00 | P: nan R: nan F1: nan
2026-05-14 07:56:46 | DEBUG   | dpfl.core.base_simulator | Update norms — honest: ['0.06', '0.06', '0.06', '0.06', '0.06'], attacker: ['0.06', '0.06', '0.06', '0.06', '0.06']
2026-05-14 07:56:55 | INFO    | dpfl.core.base_simulator | Round  18/150 | Acc: 0.8624 | Loss: 0.5397 | eps: 0.00 | P: nan R: nan F1: nan
2026-05-14 07:56:55 | DEBUG   | dpfl.core.base_simulator | Update norms — honest: ['0.06', '0.06', '0.05', '0.06', '0.06'], attacker: ['0.06', '0.06', '0.06', '0.06', '0.06']
2026-05-14 07:57:02 | INFO    | dpfl.core.base_simulator | Round  19/150 | Acc: 0.8645 | Loss: 0.5259 | eps: 0.00 | P: nan R: nan F1: nan
2026-05-14 07:57:02 | DEBUG   | dpfl.core.base_simulator | Update norms — honest: ['0.05', '0.05', '0.05', '0.05', '0.05'], attacker: ['0.06', '0.06', '0.06', '0.06', '0.05']
2026-05-14 07:57:10 | INFO    | dpfl.core.base_simulator | Round  20/150 | Acc: 0.8661 | Loss: 0.5137 | eps: 0.00 | P: nan R: nan F1: nan
2026-05-14 07:57:10 | DEBUG   | dpfl.core.base_simulator | Update norms — honest: ['0.05', '0.05', '0.05', '0.05', '0.05'], attacker: ['0.05', '0.05', '0.06', '0.05', '0.05']
2026-05-14 07:57:18 | INFO    | dpfl.core.base_simulator | Round  21/150 | Acc: 0.8677 | Loss: 0.5027 | eps: 0.00 | P: nan R: nan F1: nan
2026-05-14 07:57:18 | DEBUG   | dpfl.core.base_simulator | Update norms — honest: ['0.05', '0.05', '0.05', '0.05', '0.05'], attacker: ['0.05', '0.05', '0.05', '0.05', '0.05']
2026-05-14 07:57:27 | INFO    | dpfl.core.base_simulator | Round  22/150 | Acc: 0.8691 | Loss: 0.4930 | eps: 0.00 | P: nan R: nan F1: nan
2026-05-14 07:57:27 | DEBUG   | dpfl.core.base_simulator | Update norms — honest: ['0.05', '0.05', '0.05', '0.05', '0.05'], attacker: ['0.05', '0.05', '0.05', '0.05', '0.05']
2026-05-14 07:57:34 | INFO    | dpfl.core.base_simulator | Round  23/150 | Acc: 0.8704 | Loss: 0.4841 | eps: 0.00 | P: nan R: nan F1: nan
2026-05-14 07:57:34 | DEBUG   | dpfl.core.base_simulator | Update norms — honest: ['0.05', '0.05', '0.04', '0.05', '0.05'], attacker: ['0.05', '0.05', '0.05', '0.05', '0.05']
2026-05-14 07:57:42 | INFO    | dpfl.core.base_simulator | Round  24/150 | Acc: 0.8715 | Loss: 0.4761 | eps: 0.00 | P: nan R: nan F1: nan
2026-05-14 07:57:42 | DEBUG   | dpfl.core.base_simulator | Update norms — honest: ['0.04', '0.04', '0.04', '0.04', '0.05'], attacker: ['0.05', '0.05', '0.05', '0.05', '0.04']
2026-05-14 07:57:50 | INFO    | dpfl.core.base_simulator | Round  25/150 | Acc: 0.8724 | Loss: 0.4690 | eps: 0.00 | P: nan R: nan F1: nan
2026-05-14 07:57:50 | DEBUG   | dpfl.core.base_simulator | Update norms — honest: ['0.04', '0.04', '0.04', '0.04', '0.04'], attacker: ['0.04', '0.05', '0.05', '0.05', '0.04']
2026-05-14 07:57:57 | INFO    | dpfl.core.base_simulator | Round  26/150 | Acc: 0.8734 | Loss: 0.4624 | eps: 0.00 | P: nan R: nan F1: nan
2026-05-14 07:57:57 | DEBUG   | dpfl.core.base_simulator | Update norms — honest: ['0.04', '0.04', '0.04', '0.04', '0.04'], attacker: ['0.04', '0.04', '0.05', '0.04', '0.04']
2026-05-14 07:58:05 | INFO    | dpfl.core.base_simulator | Round  27/150 | Acc: 0.8744 | Loss: 0.4563 | eps: 0.00 | P: nan R: nan F1: nan
2026-05-14 07:58:05 | DEBUG   | dpfl.core.base_simulator | Update norms — honest: ['0.04', '0.04', '0.04', '0.04', '0.04'], attacker: ['0.04', '0.04', '0.04', '0.04', '0.04']
2026-05-14 07:58:14 | INFO    | dpfl.core.base_simulator | Round  28/150 | Acc: 0.8752 | Loss: 0.4509 | eps: 0.00 | P: nan R: nan F1: nan
2026-05-14 07:58:14 | DEBUG   | dpfl.core.base_simulator | Update norms — honest: ['0.04', '0.04', '0.04', '0.04', '0.04'], attacker: ['0.04', '0.04', '0.04', '0.04', '0.04']
2026-05-14 07:58:22 | INFO    | dpfl.core.base_simulator | Round  29/150 | Acc: 0.8759 | Loss: 0.4457 | eps: 0.00 | P: nan R: nan F1: nan
2026-05-14 07:58:22 | DEBUG   | dpfl.core.base_simulator | Update norms — honest: ['0.04', '0.04', '0.04', '0.04', '0.04'], attacker: ['0.04', '0.04', '0.04', '0.04', '0.04']
2026-05-14 07:58:29 | INFO    | dpfl.core.base_simulator | Round  30/150 | Acc: 0.8767 | Loss: 0.4410 | eps: 0.00 | P: nan R: nan F1: nan
2026-05-14 07:58:29 | DEBUG   | dpfl.core.base_simulator | Update norms — honest: ['0.03', '0.04', '0.04', '0.04', '0.04'], attacker: ['0.04', '0.04', '0.04', '0.04', '0.04']
2026-05-14 07:58:36 | INFO    | dpfl.core.base_simulator | Round  31/150 | Acc: 0.8773 | Loss: 0.4367 | eps: 0.00 | P: nan R: nan F1: nan
2026-05-14 07:58:36 | DEBUG   | dpfl.core.base_simulator | Update norms — honest: ['0.04', '0.04', '0.03', '0.04', '0.04'], attacker: ['0.04', '0.04', '0.04', '0.04', '0.04']
2026-05-14 07:58:44 | INFO    | dpfl.core.base_simulator | Round  32/150 | Acc: 0.8778 | Loss: 0.4327 | eps: 0.00 | P: nan R: nan F1: nan
2026-05-14 07:58:44 | DEBUG   | dpfl.core.base_simulator | Update norms — honest: ['0.03', '0.04', '0.03', '0.04', '0.03'], attacker: ['0.04', '0.04', '0.04', '0.04', '0.04']
2026-05-14 07:58:52 | INFO    | dpfl.core.base_simulator | Round  33/150 | Acc: 0.8784 | Loss: 0.4290 | eps: 0.00 | P: nan R: nan F1: nan
2026-05-14 07:58:52 | DEBUG   | dpfl.core.base_simulator | Update norms — honest: ['0.03', '0.04', '0.03', '0.04', '0.03'], attacker: ['0.04', '0.04', '0.04', '0.04', '0.04']
2026-05-14 07:59:01 | INFO    | dpfl.core.base_simulator | Round  34/150 | Acc: 0.8790 | Loss: 0.4256 | eps: 0.00 | P: nan R: nan F1: nan
2026-05-14 07:59:01 | DEBUG   | dpfl.core.base_simulator | Update norms — honest: ['0.03', '0.03', '0.03', '0.04', '0.03'], attacker: ['0.03', '0.04', '0.04', '0.04', '0.04']
2026-05-14 07:59:07 | INFO    | dpfl.core.base_simulator | Round  35/150 | Acc: 0.8795 | Loss: 0.4223 | eps: 0.00 | P: nan R: nan F1: nan
2026-05-14 07:59:07 | DEBUG   | dpfl.core.base_simulator | Update norms — honest: ['0.03', '0.03', '0.03', '0.04', '0.03'], attacker: ['0.03', '0.04', '0.04', '0.04', '0.03']
2026-05-14 07:59:14 | INFO    | dpfl.core.base_simulator | Round  36/150 | Acc: 0.8800 | Loss: 0.4193 | eps: 0.00 | P: nan R: nan F1: nan
2026-05-14 07:59:14 | DEBUG   | dpfl.core.base_simulator | Update norms — honest: ['0.03', '0.03', '0.03', '0.03', '0.03'], attacker: ['0.03', '0.04', '0.04', '0.04', '0.03']
2026-05-14 07:59:22 | INFO    | dpfl.core.base_simulator | Round  37/150 | Acc: 0.8803 | Loss: 0.4166 | eps: 0.00 | P: nan R: nan F1: nan
2026-05-14 07:59:22 | DEBUG   | dpfl.core.base_simulator | Update norms — honest: ['0.03', '0.03', '0.03', '0.03', '0.03'], attacker: ['0.03', '0.04', '0.04', '0.04', '0.03']
2026-05-14 07:59:30 | INFO    | dpfl.core.base_simulator | Round  38/150 | Acc: 0.8808 | Loss: 0.4140 | eps: 0.00 | P: nan R: nan F1: nan
2026-05-14 07:59:30 | DEBUG   | dpfl.core.base_simulator | Update norms — honest: ['0.03', '0.03', '0.03', '0.03', '0.03'], attacker: ['0.03', '0.04', '0.04', '0.03', '0.03']
2026-05-14 07:59:39 | INFO    | dpfl.core.base_simulator | Round  39/150 | Acc: 0.8812 | Loss: 0.4116 | eps: 0.00 | P: nan R: nan F1: nan
2026-05-14 07:59:39 | DEBUG   | dpfl.core.base_simulator | Update norms — honest: ['0.03', '0.03', '0.03', '0.03', '0.03'], attacker: ['0.03', '0.04', '0.03', '0.03', '0.03']
2026-05-14 07:59:48 | INFO    | dpfl.core.base_simulator | Round  40/150 | Acc: 0.8815 | Loss: 0.4093 | eps: 0.00 | P: nan R: nan F1: nan
2026-05-14 07:59:48 | DEBUG   | dpfl.core.base_simulator | Update norms — honest: ['0.03', '0.03', '0.03', '0.03', '0.03'], attacker: ['0.03', '0.03', '0.04', '0.03', '0.03']
2026-05-14 07:59:55 | INFO    | dpfl.core.base_simulator | Round  41/150 | Acc: 0.8818 | Loss: 0.4071 | eps: 0.00 | P: nan R: nan F1: nan
2026-05-14 07:59:55 | DEBUG   | dpfl.core.base_simulator | Update norms — honest: ['0.03', '0.03', '0.03', '0.03', '0.03'], attacker: ['0.03', '0.03', '0.03', '0.03', '0.03']
2026-05-14 08:00:02 | INFO    | dpfl.core.base_simulator | Round  42/150 | Acc: 0.8823 | Loss: 0.4050 | eps: 0.00 | P: nan R: nan F1: nan
2026-05-14 08:00:02 | DEBUG   | dpfl.core.base_simulator | Update norms — honest: ['0.03', '0.03', '0.03', '0.03', '0.03'], attacker: ['0.03', '0.03', '0.03', '0.03', '0.03']
2026-05-14 08:00:09 | INFO    | dpfl.core.base_simulator | Round  43/150 | Acc: 0.8825 | Loss: 0.4032 | eps: 0.00 | P: nan R: nan F1: nan
2026-05-14 08:00:09 | DEBUG   | dpfl.core.base_simulator | Update norms — honest: ['0.03', '0.03', '0.03', '0.03', '0.03'], attacker: ['0.03', '0.03', '0.03', '0.03', '0.03']
2026-05-14 08:00:18 | INFO    | dpfl.core.base_simulator | Round  44/150 | Acc: 0.8827 | Loss: 0.4014 | eps: 0.00 | P: nan R: nan F1: nan
2026-05-14 08:00:18 | DEBUG   | dpfl.core.base_simulator | Update norms — honest: ['0.03', '0.03', '0.03', '0.03', '0.03'], attacker: ['0.03', '0.03', '0.03', '0.03', '0.03']
2026-05-14 08:00:26 | INFO    | dpfl.core.base_simulator | Round  45/150 | Acc: 0.8830 | Loss: 0.3998 | eps: 0.00 | P: nan R: nan F1: nan
2026-05-14 08:00:26 | DEBUG   | dpfl.core.base_simulator | Update norms — honest: ['0.03', '0.03', '0.03', '0.03', '0.03'], attacker: ['0.03', '0.03', '0.03', '0.03', '0.03']
2026-05-14 08:00:35 | INFO    | dpfl.core.base_simulator | Round  46/150 | Acc: 0.8833 | Loss: 0.3983 | eps: 0.00 | P: nan R: nan F1: nan
2026-05-14 08:00:35 | DEBUG   | dpfl.core.base_simulator | Update norms — honest: ['0.03', '0.03', '0.03', '0.03', '0.03'], attacker: ['0.03', '0.03', '0.03', '0.03', '0.03']
2026-05-14 08:00:42 | INFO    | dpfl.core.base_simulator | Round  47/150 | Acc: 0.8836 | Loss: 0.3967 | eps: 0.00 | P: nan R: nan F1: nan
2026-05-14 08:00:42 | DEBUG   | dpfl.core.base_simulator | Update norms — honest: ['0.03', '0.03', '0.03', '0.03', '0.03'], attacker: ['0.03', '0.03', '0.03', '0.03', '0.03']
2026-05-14 08:00:50 | INFO    | dpfl.core.base_simulator | Round  48/150 | Acc: 0.8838 | Loss: 0.3954 | eps: 0.00 | P: nan R: nan F1: nan
2026-05-14 08:00:50 | DEBUG   | dpfl.core.base_simulator | Update norms — honest: ['0.03', '0.03', '0.03', '0.03', '0.03'], attacker: ['0.03', '0.03', '0.03', '0.03', '0.03']
2026-05-14 08:00:57 | INFO    | dpfl.core.base_simulator | Round  49/150 | Acc: 0.8840 | Loss: 0.3941 | eps: 0.00 | P: nan R: nan F1: nan
2026-05-14 08:00:57 | DEBUG   | dpfl.core.base_simulator | Update norms — honest: ['0.03', '0.03', '0.03', '0.03', '0.03'], attacker: ['0.03', '0.03', '0.03', '0.03', '0.03']
2026-05-14 08:01:05 | INFO    | dpfl.core.base_simulator | Round  50/150 | Acc: 0.8843 | Loss: 0.3927 | eps: 0.00 | P: nan R: nan F1: nan
2026-05-14 08:01:05 | DEBUG   | dpfl.core.base_simulator | Update norms — honest: ['0.03', '0.03', '0.03', '0.03', '0.03'], attacker: ['0.03', '0.03', '0.03', '0.03', '0.03']
2026-05-14 08:01:14 | INFO    | dpfl.core.base_simulator | Round  51/150 | Acc: 0.8843 | Loss: 0.3920 | eps: 0.00 | P: nan R: 0.00 F1: nan
2026-05-14 08:01:14 | DEBUG   | dpfl.core.base_simulator | Update norms — honest: ['0.03', '0.03', '0.02', '0.03', '0.03'], attacker: ['0.28', '0.32', '0.30', '0.31', '0.29']
2026-05-14 08:01:21 | INFO    | dpfl.core.base_simulator | Round  52/150 | Acc: 0.8844 | Loss: 0.3913 | eps: 0.00 | P: nan R: 0.00 F1: nan
2026-05-14 08:01:21 | DEBUG   | dpfl.core.base_simulator | Update norms — honest: ['0.03', '0.03', '0.03', '0.03', '0.03'], attacker: ['0.44', '0.70', '0.41', '0.55', '0.41']
2026-05-14 08:01:28 | INFO    | dpfl.core.base_simulator | Round  53/150 | Acc: 0.8812 | Loss: 0.3998 | eps: 0.00 | P: nan R: 0.00 F1: nan
2026-05-14 08:01:28 | DEBUG   | dpfl.core.base_simulator | Update norms — honest: ['0.03', '0.03', '0.03', '0.03', '0.03'], attacker: ['1.69', '3.31', '1.38', '2.30', '1.47']
2026-05-14 08:01:37 | INFO    | dpfl.core.base_simulator | Round  54/150 | Acc: 0.8683 | Loss: 0.5907 | eps: 0.00 | P: 1.00 R: 0.66 F1: 0.80
2026-05-14 08:01:37 | DEBUG   | dpfl.core.base_simulator | Update norms — honest: ['0.03', '0.03', '0.03', '0.03', '0.03'], attacker: ['7.14', '12.73', '8.34', '8.48', '7.10']
2026-05-14 08:01:44 | INFO    | dpfl.core.base_simulator | Round  55/150 | Acc: 0.8842 | Loss: 0.3904 | eps: 0.00 | P: 1.00 R: 1.00 F1: 1.00
2026-05-14 08:01:44 | DEBUG   | dpfl.core.base_simulator | Update norms — honest: ['0.03', '0.83', '0.03', '0.03', '0.03'], attacker: ['38.24', '60.99', '48.72', '46.00', '37.45']
2026-05-14 08:01:53 | INFO    | dpfl.core.base_simulator | Round  56/150 | Acc: 0.8847 | Loss: 0.3886 | eps: 0.00 | P: 1.00 R: 1.00 F1: 1.00
2026-05-14 08:01:53 | DEBUG   | dpfl.core.base_simulator | Update norms — honest: ['0.03', '0.05', '0.03', '0.03', '0.02'], attacker: ['237.25', '325.56', '278.36', '262.17', '241.04']
2026-05-14 08:02:01 | INFO    | dpfl.core.base_simulator | Round  57/150 | Acc: 0.8849 | Loss: 0.3877 | eps: 0.00 | P: 1.00 R: 1.00 F1: 1.00
2026-05-14 08:02:01 | DEBUG   | dpfl.core.base_simulator | Update norms — honest: ['0.02', '0.04', '0.03', '0.03', '0.02'], attacker: ['1328.19', '1560.08', '1574.46', '1342.31', '1502.71']
2026-05-14 08:02:09 | INFO    | dpfl.core.base_simulator | Round  58/150 | Acc: 0.8850 | Loss: 0.3868 | eps: 0.00 | P: 1.00 R: 1.00 F1: 1.00
2026-05-14 08:02:09 | DEBUG   | dpfl.core.base_simulator | Update norms — honest: ['0.02', '0.04', '0.02', '0.02', '0.03'], attacker: ['8295.79', '9784.45', '9890.33', '8424.14', '9548.85']
2026-05-14 08:02:16 | INFO    | dpfl.core.base_simulator | Round  59/150 | Acc: 0.8852 | Loss: 0.3860 | eps: 0.00 | P: 1.00 R: 1.00 F1: 1.00
2026-05-14 08:02:16 | DEBUG   | dpfl.core.base_simulator | Update norms — honest: ['0.02', '0.04', '0.02', '0.02', '0.02'], attacker: ['49391.91', '55083.36', '56322.59', '47207.18', '55581.14']
2026-05-14 08:02:23 | INFO    | dpfl.core.base_simulator | Round  60/150 | Acc: 0.8853 | Loss: 0.3853 | eps: 0.00 | P: 1.00 R: 1.00 F1: 1.00
2026-05-14 08:02:23 | DEBUG   | dpfl.core.base_simulator | Update norms — honest: ['0.02', '0.03', '0.02', '0.03', '0.02'], attacker: ['338173.06', '346486.38', '372983.47', '331218.38', '359329.16']
2026-05-14 08:02:31 | INFO    | dpfl.core.base_simulator | Round  61/150 | Acc: 0.8855 | Loss: 0.3845 | eps: 0.00 | P: 1.00 R: 1.00 F1: 1.00
2026-05-14 08:02:31 | DEBUG   | dpfl.core.base_simulator | Update norms — honest: ['0.02', '0.03', '0.02', '0.02', '0.02'], attacker: ['1967713.50', '2083933.12', '2272303.25', '2142262.50', '2220122.00']
2026-05-14 08:02:40 | INFO    | dpfl.core.base_simulator | Round  62/150 | Acc: 0.8856 | Loss: 0.3840 | eps: 0.00 | P: 1.00 R: 1.00 F1: 1.00
2026-05-14 08:02:40 | DEBUG   | dpfl.core.base_simulator | Update norms — honest: ['0.02', '0.03', '0.02', '0.02', '0.02'], attacker: ['13951043.00', '14166709.00', '14997657.00', '14154099.00', '14945755.00']
2026-05-14 08:02:47 | INFO    | dpfl.core.base_simulator | Round  63/150 | Acc: 0.8856 | Loss: 0.3835 | eps: 0.00 | P: 1.00 R: 1.00 F1: 1.00
2026-05-14 08:02:47 | DEBUG   | dpfl.core.base_simulator | Update norms — honest: ['0.03', '0.04', '0.02', '0.02', '0.02'], attacker: ['83363208.00', '78600720.00', '88512640.00', '83830704.00', '88133784.00']
2026-05-14 08:02:53 | INFO    | dpfl.core.base_simulator | Round  64/150 | Acc: 0.8858 | Loss: 0.3829 | eps: 0.00 | P: 1.00 R: 1.00 F1: 1.00
2026-05-14 08:02:53 | DEBUG   | dpfl.core.base_simulator | Update norms — honest: ['0.02', '0.03', '0.02', '0.02', '0.02'], attacker: ['582361408.00', '576645376.00', '590387072.00', '584825728.00', '592088064.00']
2026-05-14 08:03:01 | INFO    | dpfl.core.base_simulator | Round  65/150 | Acc: 0.8858 | Loss: 0.3823 | eps: 0.00 | P: 1.00 R: 1.00 F1: 1.00
2026-05-14 08:03:01 | DEBUG   | dpfl.core.base_simulator | Update norms — honest: ['0.02', '0.03', '0.02', '0.02', '0.02'], attacker: ['3472957184.00', '3489829376.00', '3511062272.00', '3366589696.00', '3478103040.00']
2026-05-14 08:03:10 | INFO    | dpfl.core.base_simulator | Round  66/150 | Acc: 0.8860 | Loss: 0.3818 | eps: 0.00 | P: 1.00 R: 1.00 F1: 1.00
2026-05-14 08:03:10 | DEBUG   | dpfl.core.base_simulator | Update norms — honest: ['0.02', '0.03', '0.02', '0.02', '0.02'], attacker: ['23326420992.00', '24411017216.00', '24243447808.00', '23036858368.00', '23629836288.00']
2026-05-14 08:03:18 | INFO    | dpfl.core.base_simulator | Round  67/150 | Acc: 0.8861 | Loss: 0.3813 | eps: 0.00 | P: 1.00 R: 1.00 F1: 1.00
2026-05-14 08:03:18 | DEBUG   | dpfl.core.base_simulator | Update norms — honest: ['0.02', '0.03', '0.02', '0.02', '0.02'], attacker: ['141509345280.00', '142572273664.00', '134664208384.00', '139902828544.00', '141952303104.00']
2026-05-14 08:03:27 | INFO    | dpfl.core.base_simulator | Round  68/150 | Acc: 0.8862 | Loss: 0.3810 | eps: 0.00 | P: 1.00 R: 1.00 F1: 1.00
2026-05-14 08:03:27 | DEBUG   | dpfl.core.base_simulator | Update norms — honest: ['0.02', '0.03', '0.02', '0.02', '0.02'], attacker: ['943753789440.00', '964871389184.00', '948503248896.00', '928716881920.00', '966031114240.00']
2026-05-14 08:03:35 | INFO    | dpfl.core.base_simulator | Round  69/150 | Acc: 0.8862 | Loss: 0.3806 | eps: 0.00 | P: 1.00 R: 1.00 F1: 1.00
2026-05-14 08:03:35 | DEBUG   | dpfl.core.base_simulator | Update norms — honest: ['0.02', '0.03', '0.02', '0.02', '0.02'], attacker: ['5692884254720.00', '5775785197568.00', '5327815704576.00', '5500773072896.00', '5767463174144.00']
2026-05-14 08:03:42 | INFO    | dpfl.core.base_simulator | Round  70/150 | Acc: 0.8863 | Loss: 0.3802 | eps: 0.00 | P: 1.00 R: 1.00 F1: 1.00
2026-05-14 08:03:42 | DEBUG   | dpfl.core.base_simulator | Update norms — honest: ['0.02', '0.03', '0.02', '0.02', '0.02'], attacker: ['39319314104320.00', '37918013915136.00', '37404027125760.00', '36713208479744.00', '39351685742592.00']
2026-05-14 08:03:50 | INFO    | dpfl.core.base_simulator | Round  71/150 | Acc: 0.8864 | Loss: 0.3799 | eps: 0.00 | P: 1.00 R: 1.00 F1: 1.00
2026-05-14 08:03:50 | DEBUG   | dpfl.core.base_simulator | Update norms — honest: ['0.02', '0.02', '0.02', '0.02', '0.02'], attacker: ['232281964806144.00', '230350370373632.00', '232771221979136.00', '232498927763456.00', '236585756917760.00']
2026-05-14 08:03:57 | INFO    | dpfl.core.base_simulator | Round  72/150 | Acc: 0.8864 | Loss: 0.3797 | eps: 0.00 | P: 1.00 R: 1.00 F1: 1.00
2026-05-14 08:03:57 | DEBUG   | dpfl.core.base_simulator | Update norms — honest: ['0.02', '0.03', '0.02', '0.02', '0.02'], attacker: ['1645619135381504.00', '1586887202439168.00', '1636071020429312.00', '1569785716408320.00', '1561854656643072.00']
2026-05-14 08:04:06 | INFO    | dpfl.core.base_simulator | Round  73/150 | Acc: 0.8865 | Loss: 0.3794 | eps: 0.00 | P: 1.00 R: 1.00 F1: 1.00
2026-05-14 08:04:06 | DEBUG   | dpfl.core.base_simulator | Update norms — honest: ['0.02', '0.03', '0.02', '0.02', '0.02'], attacker: ['9371334098288640.00', '8791222529294336.00', '9631344975937536.00', '9014434127151104.00', '9525541677826048.00']
2026-05-14 08:04:15 | INFO    | dpfl.core.base_simulator | Round  74/150 | Acc: 0.8866 | Loss: 0.3791 | eps: 0.00 | P: 1.00 R: 1.00 F1: 1.00
2026-05-14 08:04:15 | DEBUG   | dpfl.core.base_simulator | Update norms — honest: ['0.02', '0.02', '0.02', '0.02', '0.02'], attacker: ['66815723892113408.00', '59970181677449216.00', '64064672784973824.00', '61042991493545984.00', '64525544250671104.00']
2026-05-14 08:04:22 | INFO    | dpfl.core.base_simulator | Round  75/150 | Acc: 0.8866 | Loss: 0.3789 | eps: 0.00 | P: 1.00 R: 1.00 F1: 1.00
2026-05-14 08:04:22 | DEBUG   | dpfl.core.base_simulator | Update norms — honest: ['0.02', '0.02', '0.02', '0.02', '0.02'], attacker: ['390600921651871744.00', '368199643546255360.00', '372794055962132480.00', '379143357655416832.00', '383401560031363072.00']
2026-05-14 08:04:30 | INFO    | dpfl.core.base_simulator | Round  76/150 | Acc: 0.8866 | Loss: 0.3787 | eps: 0.00 | P: 1.00 R: 1.00 F1: 1.00
2026-05-14 08:04:30 | DEBUG   | dpfl.core.base_simulator | Update norms — honest: ['0.02', '0.03', '0.02', '0.02', '0.02'], attacker: ['2564307956334067712.00', '2435193130518052864.00', '2493515900179709952.00', '2490336112552181760.00', '2496049449848012800.00']
2026-05-14 08:04:38 | INFO    | dpfl.core.base_simulator | Round  77/150 | Acc: 0.8867 | Loss: 0.3785 | eps: 0.00 | P: 1.00 R: 1.00 F1: 1.00
2026-05-14 08:04:38 | DEBUG   | dpfl.core.base_simulator | Update norms — honest: ['0.02', '0.02', '0.02', '0.02', '0.02'], attacker: ['15648194510926643200.00', '15304139730409488384.00', '14947053538079932416.00', '15126036438895820800.00', '14441329866349477888.00']
2026-05-14 08:04:44 | INFO    | dpfl.core.base_simulator | Round  78/150 | Acc: 0.8867 | Loss: 0.3783 | eps: 0.00 | P: 1.00 R: 1.00 F1: 1.00
2026-05-14 08:04:44 | DEBUG   | dpfl.core.base_simulator | Update norms — honest: ['0.02', '0.02', '0.02', '0.02', '0.02'], attacker: ['nan', 'nan', 'nan', 'nan', 'nan']
2026-05-14 08:04:53 | INFO    | dpfl.core.base_simulator | Round  79/150 | Acc: 0.8867 | Loss: 0.3782 | eps: 0.00 | P: 1.00 R: 1.00 F1: 1.00
2026-05-14 08:04:53 | DEBUG   | dpfl.core.base_simulator | Update norms — honest: ['0.02', '0.02', '0.02', '0.02', '0.02'], attacker: ['nan', 'nan', 'nan', 'nan', 'nan']
2026-05-14 08:05:02 | INFO    | dpfl.core.base_simulator | Round  80/150 | Acc: 0.8867 | Loss: 0.3781 | eps: 0.00 | P: 1.00 R: 1.00 F1: 1.00
2026-05-14 08:05:02 | DEBUG   | dpfl.core.base_simulator | Update norms — honest: ['0.02', '0.02', '0.02', '0.02', '0.02'], attacker: ['nan', 'nan', 'nan', 'nan', 'nan']
2026-05-14 08:05:09 | INFO    | dpfl.core.base_simulator | Round  81/150 | Acc: 0.8869 | Loss: 0.3779 | eps: 0.00 | P: 1.00 R: 1.00 F1: 1.00
2026-05-14 08:05:09 | DEBUG   | dpfl.core.base_simulator | Update norms — honest: ['0.02', '0.02', '0.02', '0.02', '0.02'], attacker: ['nan', 'nan', 'nan', 'nan', 'nan']
2026-05-14 08:05:16 | INFO    | dpfl.core.base_simulator | Round  82/150 | Acc: 0.8868 | Loss: 0.3778 | eps: 0.00 | P: 1.00 R: 1.00 F1: 1.00
2026-05-14 08:05:16 | DEBUG   | dpfl.core.base_simulator | Update norms — honest: ['0.02', '0.02', '0.02', '0.02', '0.02'], attacker: ['nan', 'nan', 'nan', 'nan', 'nan']
2026-05-14 08:05:23 | INFO    | dpfl.core.base_simulator | Round  83/150 | Acc: 0.8869 | Loss: 0.3778 | eps: 0.00 | P: 1.00 R: 1.00 F1: 1.00
2026-05-14 08:05:23 | DEBUG   | dpfl.core.base_simulator | Update norms — honest: ['0.02', '0.02', '0.02', '0.02', '0.02'], attacker: ['nan', 'nan', 'nan', 'nan', 'nan']
2026-05-14 08:05:31 | INFO    | dpfl.core.base_simulator | Round  84/150 | Acc: 0.8869 | Loss: 0.3777 | eps: 0.00 | P: 1.00 R: 1.00 F1: 1.00
2026-05-14 08:05:31 | DEBUG   | dpfl.core.base_simulator | Update norms — honest: ['0.02', '0.02', '0.02', '0.02', '0.02'], attacker: ['nan', 'nan', 'nan', 'nan', 'nan']
2026-05-14 08:05:39 | INFO    | dpfl.core.base_simulator | Round  85/150 | Acc: 0.8870 | Loss: 0.3776 | eps: 0.00 | P: 1.00 R: 1.00 F1: 1.00
2026-05-14 08:05:39 | DEBUG   | dpfl.core.base_simulator | Update norms — honest: ['0.02', '0.02', '0.02', '0.02', '0.02'], attacker: ['nan', 'nan', 'nan', 'nan', 'nan']
2026-05-14 08:05:47 | INFO    | dpfl.core.base_simulator | Round  86/150 | Acc: 0.8869 | Loss: 0.3776 | eps: 0.00 | P: 1.00 R: 1.00 F1: 1.00
2026-05-14 08:05:47 | DEBUG   | dpfl.core.base_simulator | Update norms — honest: ['0.02', '0.02', '0.02', '0.02', '0.02'], attacker: ['nan', 'nan', 'nan', 'nan', 'nan']
2026-05-14 08:05:54 | INFO    | dpfl.core.base_simulator | Round  87/150 | Acc: 0.8870 | Loss: 0.3776 | eps: 0.00 | P: 1.00 R: 1.00 F1: 1.00
2026-05-14 08:05:54 | DEBUG   | dpfl.core.base_simulator | Update norms — honest: ['0.02', '0.02', '0.02', '0.02', '0.02'], attacker: ['nan', 'nan', 'nan', 'nan', 'nan']
2026-05-14 08:06:01 | INFO    | dpfl.core.base_simulator | Round  88/150 | Acc: 0.8870 | Loss: 0.3776 | eps: 0.00 | P: 1.00 R: 1.00 F1: 1.00
2026-05-14 08:06:01 | DEBUG   | dpfl.core.base_simulator | Update norms — honest: ['0.02', '0.02', '0.02', '0.02', '0.02'], attacker: ['nan', 'nan', 'nan', 'nan', 'nan']
2026-05-14 08:06:08 | INFO    | dpfl.core.base_simulator | Round  89/150 | Acc: 0.8870 | Loss: 0.3776 | eps: 0.00 | P: 1.00 R: 1.00 F1: 1.00
2026-05-14 08:06:08 | DEBUG   | dpfl.core.base_simulator | Update norms — honest: ['0.02', '0.02', '0.02', '0.02', '0.02'], attacker: ['nan', 'nan', 'nan', 'nan', 'nan']
2026-05-14 08:06:17 | INFO    | dpfl.core.base_simulator | Round  90/150 | Acc: 0.8871 | Loss: 0.3775 | eps: 0.00 | P: 1.00 R: 1.00 F1: 1.00
2026-05-14 08:06:17 | DEBUG   | dpfl.core.base_simulator | Update norms — honest: ['0.02', '0.02', '0.02', '0.02', '0.02'], attacker: ['nan', 'nan', 'nan', 'nan', 'nan']
2026-05-14 08:06:26 | INFO    | dpfl.core.base_simulator | Round  91/150 | Acc: 0.8870 | Loss: 0.3775 | eps: 0.00 | P: 1.00 R: 1.00 F1: 1.00
2026-05-14 08:06:26 | DEBUG   | dpfl.core.base_simulator | Update norms — honest: ['0.02', '0.02', '0.02', '0.02', '0.02'], attacker: ['nan', 'nan', 'nan', 'nan', 'nan']
2026-05-14 08:06:33 | INFO    | dpfl.core.base_simulator | Round  92/150 | Acc: 0.8871 | Loss: 0.3776 | eps: 0.00 | P: 1.00 R: 1.00 F1: 1.00
2026-05-14 08:06:33 | DEBUG   | dpfl.core.base_simulator | Update norms — honest: ['0.02', '0.02', '0.02', '0.02', '0.02'], attacker: ['nan', 'nan', 'nan', 'nan', 'nan']
2026-05-14 08:06:41 | INFO    | dpfl.core.base_simulator | Round  93/150 | Acc: 0.8871 | Loss: 0.3776 | eps: 0.00 | P: 1.00 R: 1.00 F1: 1.00
2026-05-14 08:06:41 | DEBUG   | dpfl.core.base_simulator | Update norms — honest: ['0.02', '0.03', '0.02', '0.02', '0.02'], attacker: ['nan', 'nan', 'nan', 'nan', 'nan']
2026-05-14 08:06:48 | INFO    | dpfl.core.base_simulator | Round  94/150 | Acc: 0.8871 | Loss: 0.3777 | eps: 0.00 | P: 1.00 R: 1.00 F1: 1.00
2026-05-14 08:06:48 | DEBUG   | dpfl.core.base_simulator | Update norms — honest: ['0.02', '0.02', '0.02', '0.02', '0.02'], attacker: ['nan', 'nan', 'nan', 'nan', 'nan']
2026-05-14 08:06:55 | INFO    | dpfl.core.base_simulator | Round  95/150 | Acc: 0.8871 | Loss: 0.3777 | eps: 0.00 | P: 1.00 R: 1.00 F1: 1.00
2026-05-14 08:06:55 | DEBUG   | dpfl.core.base_simulator | Update norms — honest: ['0.02', '0.02', '0.02', '0.02', '0.02'], attacker: ['nan', 'nan', 'nan', 'nan', 'nan']
2026-05-14 08:07:04 | INFO    | dpfl.core.base_simulator | Round  96/150 | Acc: 0.8872 | Loss: 0.3778 | eps: 0.00 | P: 1.00 R: 1.00 F1: 1.00
2026-05-14 08:07:04 | DEBUG   | dpfl.core.base_simulator | Update norms — honest: ['0.02', '0.02', '0.02', '0.02', '0.02'], attacker: ['nan', 'nan', 'nan', 'nan', 'nan']
2026-05-14 08:07:12 | INFO    | dpfl.core.base_simulator | Round  97/150 | Acc: 0.8871 | Loss: 0.3779 | eps: 0.00 | P: 1.00 R: 1.00 F1: 1.00
2026-05-14 08:07:12 | DEBUG   | dpfl.core.base_simulator | Update norms — honest: ['0.02', '0.02', '0.02', '0.02', '0.02'], attacker: ['nan', 'nan', 'nan', 'nan', 'nan']
2026-05-14 08:07:19 | INFO    | dpfl.core.base_simulator | Round  98/150 | Acc: 0.8871 | Loss: 0.3779 | eps: 0.00 | P: 1.00 R: 1.00 F1: 1.00
2026-05-14 08:07:19 | DEBUG   | dpfl.core.base_simulator | Update norms — honest: ['0.02', '0.02', '0.02', '0.02', '0.02'], attacker: ['nan', 'nan', 'nan', 'nan', 'nan']
2026-05-14 08:07:24 | INFO    | dpfl.core.base_simulator | Round  99/150 | Acc: 0.8872 | Loss: 0.3780 | eps: 0.00 | P: 1.00 R: 1.00 F1: 1.00
2026-05-14 08:07:24 | DEBUG   | dpfl.core.base_simulator | Update norms — honest: ['0.02', '0.02', '0.02', '0.02', '0.02'], attacker: ['nan', 'nan', 'nan', 'nan', 'nan']
2026-05-14 08:07:25 | INFO    | dpfl.core.base_simulator | Round 100/150 | Acc: 0.8872 | Loss: 0.3781 | eps: 0.00 | P: 1.00 R: 1.00 F1: 1.00
2026-05-14 08:07:25 | DEBUG   | dpfl.core.base_simulator | Update norms — honest: ['0.02', '0.02', '0.02', '0.02', '0.02'], attacker: ['nan', 'nan', 'nan', 'nan', 'nan']
2026-05-14 08:07:27 | INFO    | dpfl.core.base_simulator | Round 101/150 | Acc: 0.8872 | Loss: 0.3782 | eps: 0.00 | P: 1.00 R: 1.00 F1: 1.00
2026-05-14 08:07:27 | DEBUG   | dpfl.core.base_simulator | Update norms — honest: ['0.02', '0.02', '0.02', '0.02', '0.02'], attacker: ['nan', 'nan', 'nan', 'nan', 'nan']
2026-05-14 08:07:28 | INFO    | dpfl.core.base_simulator | Round 102/150 | Acc: 0.8873 | Loss: 0.3783 | eps: 0.00 | P: 1.00 R: 1.00 F1: 1.00
2026-05-14 08:07:28 | DEBUG   | dpfl.core.base_simulator | Update norms — honest: ['0.02', '0.02', '0.02', '0.02', '0.02'], attacker: ['nan', 'nan', 'nan', 'nan', 'nan']
2026-05-14 08:07:29 | INFO    | dpfl.core.base_simulator | Round 103/150 | Acc: 0.8872 | Loss: 0.3784 | eps: 0.00 | P: 1.00 R: 1.00 F1: 1.00
2026-05-14 08:07:29 | DEBUG   | dpfl.core.base_simulator | Update norms — honest: ['0.02', '0.02', '0.02', '0.02', '0.02'], attacker: ['nan', 'nan', 'nan', 'nan', 'nan']
2026-05-14 08:07:37 | INFO    | dpfl.core.base_simulator | Round 104/150 | Acc: 0.8872 | Loss: 0.3786 | eps: 0.00 | P: 1.00 R: 1.00 F1: 1.00
2026-05-14 08:07:37 | DEBUG   | dpfl.core.base_simulator | Update norms — honest: ['0.02', '0.02', '0.01', '0.02', '0.02'], attacker: ['nan', 'nan', 'nan', 'nan', 'nan']
2026-05-14 08:07:58 | INFO    | dpfl.core.base_simulator | Round 105/150 | Acc: 0.8872 | Loss: 0.3787 | eps: 0.00 | P: 1.00 R: 1.00 F1: 1.00
2026-05-14 08:07:58 | DEBUG   | dpfl.core.base_simulator | Update norms — honest: ['0.02', '0.02', '0.01', '0.02', '0.02'], attacker: ['nan', 'nan', 'nan', 'nan', 'nan']
2026-05-14 08:08:14 | INFO    | dpfl.core.base_simulator | Round 106/150 | Acc: 0.8872 | Loss: 0.3789 | eps: 0.00 | P: 1.00 R: 1.00 F1: 1.00
2026-05-14 08:08:14 | DEBUG   | dpfl.core.base_simulator | Update norms — honest: ['0.02', '0.02', '0.01', '0.02', '0.02'], attacker: ['nan', 'nan', 'nan', 'nan', 'nan']
2026-05-14 08:08:33 | INFO    | dpfl.core.base_simulator | Round 107/150 | Acc: 0.8872 | Loss: 0.3790 | eps: 0.00 | P: 1.00 R: 1.00 F1: 1.00
2026-05-14 08:08:33 | DEBUG   | dpfl.core.base_simulator | Update norms — honest: ['0.02', '0.02', '0.01', '0.01', '0.02'], attacker: ['nan', 'nan', 'nan', 'nan', 'nan']
2026-05-14 08:08:44 | INFO    | dpfl.core.base_simulator | Round 108/150 | Acc: 0.8873 | Loss: 0.3792 | eps: 0.00 | P: 1.00 R: 1.00 F1: 1.00
2026-05-14 08:08:44 | DEBUG   | dpfl.core.base_simulator | Update norms — honest: ['0.02', '0.02', '0.02', '0.01', '0.02'], attacker: ['nan', 'nan', 'nan', 'nan', 'nan']
2026-05-14 08:09:01 | INFO    | dpfl.core.base_simulator | Round 109/150 | Acc: 0.8872 | Loss: 0.3794 | eps: 0.00 | P: 1.00 R: 1.00 F1: 1.00
2026-05-14 08:09:01 | DEBUG   | dpfl.core.base_simulator | Update norms — honest: ['0.02', '0.02', '0.01', '0.01', '0.02'], attacker: ['nan', 'nan', 'nan', 'nan', 'nan']
2026-05-14 08:09:17 | INFO    | dpfl.core.base_simulator | Round 110/150 | Acc: 0.8873 | Loss: 0.3795 | eps: 0.00 | P: 1.00 R: 1.00 F1: 1.00
2026-05-14 08:09:17 | DEBUG   | dpfl.core.base_simulator | Update norms — honest: ['0.02', '0.02', '0.01', '0.01', '0.02'], attacker: ['nan', 'nan', 'nan', 'nan', 'nan']
2026-05-14 08:09:30 | INFO    | dpfl.core.base_simulator | Round 111/150 | Acc: 0.8873 | Loss: 0.3796 | eps: 0.00 | P: 1.00 R: 1.00 F1: 1.00
2026-05-14 08:09:30 | DEBUG   | dpfl.core.base_simulator | Update norms — honest: ['0.02', '0.02', '0.02', '0.02', '0.02'], attacker: ['nan', 'nan', 'nan', 'nan', 'nan']
2026-05-14 08:09:43 | INFO    | dpfl.core.base_simulator | Round 112/150 | Acc: 0.8872 | Loss: 0.3798 | eps: 0.00 | P: 1.00 R: 1.00 F1: 1.00
2026-05-14 08:09:43 | DEBUG   | dpfl.core.base_simulator | Update norms — honest: ['0.02', '0.02', '0.01', '0.01', '0.01'], attacker: ['nan', 'nan', 'nan', 'nan', 'nan']
2026-05-14 08:09:53 | INFO    | dpfl.core.base_simulator | Round 113/150 | Acc: 0.8872 | Loss: 0.3800 | eps: 0.00 | P: 1.00 R: 1.00 F1: 1.00
2026-05-14 08:09:53 | DEBUG   | dpfl.core.base_simulator | Update norms — honest: ['0.02', '0.02', '0.01', '0.01', '0.02'], attacker: ['nan', 'nan', 'nan', 'nan', 'nan']
2026-05-14 08:10:07 | INFO    | dpfl.core.base_simulator | Round 114/150 | Acc: 0.8872 | Loss: 0.3802 | eps: 0.00 | P: 1.00 R: 1.00 F1: 1.00
2026-05-14 08:10:07 | DEBUG   | dpfl.core.base_simulator | Update norms — honest: ['0.02', '0.02', '0.01', '0.01', '0.02'], attacker: ['nan', 'nan', 'nan', 'nan', 'nan']
2026-05-14 08:10:09 | INFO    | dpfl.core.base_simulator | Round 115/150 | Acc: 0.8872 | Loss: 0.3804 | eps: 0.00 | P: 1.00 R: 1.00 F1: 1.00
2026-05-14 08:10:09 | DEBUG   | dpfl.core.base_simulator | Update norms — honest: ['0.01', '0.02', '0.02', '0.01', '0.01'], attacker: ['nan', 'nan', 'nan', 'nan', 'nan']
2026-05-14 08:10:10 | INFO    | dpfl.core.base_simulator | Round 116/150 | Acc: 0.8872 | Loss: 0.3806 | eps: 0.00 | P: 1.00 R: 1.00 F1: 1.00
2026-05-14 08:10:10 | DEBUG   | dpfl.core.base_simulator | Update norms — honest: ['0.01', '0.02', '0.01', '0.01', '0.01'], attacker: ['nan', 'nan', 'nan', 'nan', 'nan']
2026-05-14 08:10:12 | INFO    | dpfl.core.base_simulator | Round 117/150 | Acc: 0.8873 | Loss: 0.3808 | eps: 0.00 | P: 1.00 R: 1.00 F1: 1.00
2026-05-14 08:10:12 | DEBUG   | dpfl.core.base_simulator | Update norms — honest: ['0.02', '0.02', '0.01', '0.01', '0.01'], attacker: ['nan', 'nan', 'nan', 'nan', 'nan']
2026-05-14 08:10:16 | INFO    | dpfl.core.base_simulator | Round 118/150 | Acc: 0.8873 | Loss: 0.3810 | eps: 0.00 | P: 1.00 R: 1.00 F1: 1.00
2026-05-14 08:10:16 | DEBUG   | dpfl.core.base_simulator | Update norms — honest: ['0.02', '0.02', '0.01', '0.01', '0.02'], attacker: ['nan', 'nan', 'nan', 'nan', 'nan']
2026-05-14 08:10:31 | INFO    | dpfl.core.base_simulator | Round 119/150 | Acc: 0.8873 | Loss: 0.3811 | eps: 0.00 | P: 1.00 R: 1.00 F1: 1.00
2026-05-14 08:10:31 | DEBUG   | dpfl.core.base_simulator | Update norms — honest: ['0.01', '0.02', '0.01', '0.01', '0.01'], attacker: ['nan', 'nan', 'nan', 'nan', 'nan']
2026-05-14 08:10:37 | INFO    | dpfl.core.base_simulator | Round 120/150 | Acc: 0.8873 | Loss: 0.3813 | eps: 0.00 | P: 1.00 R: 1.00 F1: 1.00
2026-05-14 08:10:37 | DEBUG   | dpfl.core.base_simulator | Update norms — honest: ['0.01', '0.02', '0.01', '0.01', '0.01'], attacker: ['nan', 'nan', 'nan', 'nan', 'nan']
2026-05-14 08:10:42 | INFO    | dpfl.core.base_simulator | Round 121/150 | Acc: 0.8873 | Loss: 0.3815 | eps: 0.00 | P: 1.00 R: 1.00 F1: 1.00
2026-05-14 08:10:42 | DEBUG   | dpfl.core.base_simulator | Update norms — honest: ['0.02', '0.01', '0.01', '0.01', '0.01'], attacker: ['nan', 'nan', 'nan', 'nan', 'nan']
2026-05-14 08:10:43 | INFO    | dpfl.core.base_simulator | Round 122/150 | Acc: 0.8873 | Loss: 0.3818 | eps: 0.00 | P: 1.00 R: 1.00 F1: 1.00
2026-05-14 08:10:43 | DEBUG   | dpfl.core.base_simulator | Update norms — honest: ['0.01', '0.02', '0.01', '0.01', '0.01'], attacker: ['nan', 'nan', 'nan', 'nan', 'nan']
2026-05-14 08:10:44 | INFO    | dpfl.core.base_simulator | Round 123/150 | Acc: 0.8873 | Loss: 0.3820 | eps: 0.00 | P: 1.00 R: 1.00 F1: 1.00
2026-05-14 08:10:44 | DEBUG   | dpfl.core.base_simulator | Update norms — honest: ['0.01', '0.02', '0.01', '0.01', '0.01'], attacker: ['nan', 'nan', 'nan', 'nan', 'nan']
2026-05-14 08:10:46 | INFO    | dpfl.core.base_simulator | Round 124/150 | Acc: 0.8873 | Loss: 0.3823 | eps: 0.00 | P: 1.00 R: 1.00 F1: 1.00
2026-05-14 08:10:46 | DEBUG   | dpfl.core.base_simulator | Update norms — honest: ['0.01', '0.01', '0.01', '0.01', '0.01'], attacker: ['nan', 'nan', 'nan', 'nan', 'nan']
2026-05-14 08:10:47 | INFO    | dpfl.core.base_simulator | Round 125/150 | Acc: 0.8873 | Loss: 0.3824 | eps: 0.00 | P: 1.00 R: 1.00 F1: 1.00
2026-05-14 08:10:47 | DEBUG   | dpfl.core.base_simulator | Update norms — honest: ['0.01', '0.02', '0.01', '0.01', '0.01'], attacker: ['nan', 'nan', 'nan', 'nan', 'nan']
2026-05-14 08:10:56 | INFO    | dpfl.core.base_simulator | Round 126/150 | Acc: 0.8873 | Loss: 0.3826 | eps: 0.00 | P: 1.00 R: 1.00 F1: 1.00
2026-05-14 08:10:56 | DEBUG   | dpfl.core.base_simulator | Update norms — honest: ['0.01', '0.02', '0.01', '0.01', '0.01'], attacker: ['nan', 'nan', 'nan', 'nan', 'nan']
2026-05-14 08:10:58 | INFO    | dpfl.core.base_simulator | Round 127/150 | Acc: 0.8873 | Loss: 0.3828 | eps: 0.00 | P: 1.00 R: 1.00 F1: 1.00
2026-05-14 08:10:58 | DEBUG   | dpfl.core.base_simulator | Update norms — honest: ['0.01', '0.01', '0.01', '0.01', '0.01'], attacker: ['nan', 'nan', 'nan', 'nan', 'nan']
2026-05-14 08:11:00 | INFO    | dpfl.core.base_simulator | Round 128/150 | Acc: 0.8873 | Loss: 0.3831 | eps: 0.00 | P: 1.00 R: 1.00 F1: 1.00
2026-05-14 08:11:00 | DEBUG   | dpfl.core.base_simulator | Update norms — honest: ['0.01', '0.01', '0.01', '0.01', '0.01'], attacker: ['nan', 'nan', 'nan', 'nan', 'nan']
2026-05-14 08:11:01 | INFO    | dpfl.core.base_simulator | Round 129/150 | Acc: 0.8873 | Loss: 0.3834 | eps: 0.00 | P: 1.00 R: 1.00 F1: 1.00
2026-05-14 08:11:01 | DEBUG   | dpfl.core.base_simulator | Update norms — honest: ['0.01', '0.01', '0.01', '0.01', '0.01'], attacker: ['nan', 'nan', 'nan', 'nan', 'nan']
2026-05-14 08:11:10 | INFO    | dpfl.core.base_simulator | Round 130/150 | Acc: 0.8873 | Loss: 0.3836 | eps: 0.00 | P: 1.00 R: 1.00 F1: 1.00
2026-05-14 08:11:10 | DEBUG   | dpfl.core.base_simulator | Update norms — honest: ['0.01', '0.01', '0.01', '0.01', '0.01'], attacker: ['nan', 'nan', 'nan', 'nan', 'nan']
2026-05-14 08:11:13 | INFO    | dpfl.core.base_simulator | Round 131/150 | Acc: 0.8873 | Loss: 0.3838 | eps: 0.00 | P: 1.00 R: 1.00 F1: 1.00
2026-05-14 08:11:13 | DEBUG   | dpfl.core.base_simulator | Update norms — honest: ['0.01', '0.02', '0.01', '0.01', '0.01'], attacker: ['nan', 'nan', 'nan', 'nan', 'nan']
2026-05-14 08:11:14 | INFO    | dpfl.core.base_simulator | Round 132/150 | Acc: 0.8873 | Loss: 0.3840 | eps: 0.00 | P: 1.00 R: 1.00 F1: 1.00
2026-05-14 08:11:14 | DEBUG   | dpfl.core.base_simulator | Update norms — honest: ['0.01', '0.01', '0.01', '0.01', '0.01'], attacker: ['nan', 'nan', 'nan', 'nan', 'nan']
2026-05-14 08:11:15 | INFO    | dpfl.core.base_simulator | Round 133/150 | Acc: 0.8873 | Loss: 0.3843 | eps: 0.00 | P: 1.00 R: 1.00 F1: 1.00
2026-05-14 08:11:15 | DEBUG   | dpfl.core.base_simulator | Update norms — honest: ['0.01', '0.01', '0.01', '0.01', '0.01'], attacker: ['nan', 'nan', 'nan', 'nan', 'nan']
2026-05-14 08:11:18 | INFO    | dpfl.core.base_simulator | Round 134/150 | Acc: 0.8873 | Loss: 0.3846 | eps: 0.00 | P: 1.00 R: 1.00 F1: 1.00
2026-05-14 08:11:18 | DEBUG   | dpfl.core.base_simulator | Update norms — honest: ['0.01', '0.01', '0.01', '0.01', '0.01'], attacker: ['nan', 'nan', 'nan', 'nan', 'nan']
2026-05-14 08:11:27 | INFO    | dpfl.core.base_simulator | Round 135/150 | Acc: 0.8873 | Loss: 0.3847 | eps: 0.00 | P: 1.00 R: 1.00 F1: 1.00
2026-05-14 08:11:27 | DEBUG   | dpfl.core.base_simulator | Update norms — honest: ['0.01', '0.01', '0.01', '0.01', '0.01'], attacker: ['nan', 'nan', 'nan', 'nan', 'nan']
2026-05-14 08:11:28 | INFO    | dpfl.core.base_simulator | Round 136/150 | Acc: 0.8873 | Loss: 0.3850 | eps: 0.00 | P: 1.00 R: 1.00 F1: 1.00
2026-05-14 08:11:28 | DEBUG   | dpfl.core.base_simulator | Update norms — honest: ['0.01', '0.01', '0.01', '0.01', '0.01'], attacker: ['nan', 'nan', 'nan', 'nan', 'nan']
2026-05-14 08:11:29 | INFO    | dpfl.core.base_simulator | Round 137/150 | Acc: 0.8873 | Loss: 0.3853 | eps: 0.00 | P: 1.00 R: 1.00 F1: 1.00
2026-05-14 08:11:29 | DEBUG   | dpfl.core.base_simulator | Update norms — honest: ['0.01', '0.01', '0.01', '0.01', '0.01'], attacker: ['nan', 'nan', 'nan', 'nan', 'nan']
2026-05-14 08:11:30 | INFO    | dpfl.core.base_simulator | Round 138/150 | Acc: 0.8873 | Loss: 0.3855 | eps: 0.00 | P: 1.00 R: 1.00 F1: 1.00
2026-05-14 08:11:30 | DEBUG   | dpfl.core.base_simulator | Update norms — honest: ['0.01', '0.01', '0.01', '0.01', '0.01'], attacker: ['nan', 'nan', 'nan', 'nan', 'nan']
2026-05-14 08:11:37 | INFO    | dpfl.core.base_simulator | Round 139/150 | Acc: 0.8873 | Loss: 0.3858 | eps: 0.00 | P: 1.00 R: 1.00 F1: 1.00
2026-05-14 08:11:37 | DEBUG   | dpfl.core.base_simulator | Update norms — honest: ['0.01', '0.01', '0.01', '0.01', '0.01'], attacker: ['nan', 'nan', 'nan', 'nan', 'nan']
2026-05-14 08:11:42 | INFO    | dpfl.core.base_simulator | Round 140/150 | Acc: 0.8873 | Loss: 0.3860 | eps: 0.00 | P: 1.00 R: 1.00 F1: 1.00
2026-05-14 08:11:42 | DEBUG   | dpfl.core.base_simulator | Update norms — honest: ['0.01', '0.01', '0.01', '0.01', '0.01'], attacker: ['nan', 'nan', 'nan', 'nan', 'nan']
2026-05-14 08:11:43 | INFO    | dpfl.core.base_simulator | Round 141/150 | Acc: 0.8873 | Loss: 0.3862 | eps: 0.00 | P: 1.00 R: 1.00 F1: 1.00
2026-05-14 08:11:43 | DEBUG   | dpfl.core.base_simulator | Update norms — honest: ['0.01', '0.01', '0.01', '0.01', '0.01'], attacker: ['nan', 'nan', 'nan', 'nan', 'nan']
2026-05-14 08:11:44 | INFO    | dpfl.core.base_simulator | Round 142/150 | Acc: 0.8873 | Loss: 0.3865 | eps: 0.00 | P: 1.00 R: 1.00 F1: 1.00
2026-05-14 08:11:44 | DEBUG   | dpfl.core.base_simulator | Update norms — honest: ['0.01', '0.01', '0.01', '0.01', '0.01'], attacker: ['nan', 'nan', 'nan', 'nan', 'nan']
2026-05-14 08:11:45 | INFO    | dpfl.core.base_simulator | Round 143/150 | Acc: 0.8873 | Loss: 0.3868 | eps: 0.00 | P: 1.00 R: 1.00 F1: 1.00
2026-05-14 08:11:45 | DEBUG   | dpfl.core.base_simulator | Update norms — honest: ['0.01', '0.01', '0.01', '0.01', '0.01'], attacker: ['nan', 'nan', 'nan', 'nan', 'nan']
2026-05-14 08:11:48 | INFO    | dpfl.core.base_simulator | Round 144/150 | Acc: 0.8873 | Loss: 0.3870 | eps: 0.00 | P: 1.00 R: 1.00 F1: 1.00
2026-05-14 08:11:48 | DEBUG   | dpfl.core.base_simulator | Update norms — honest: ['0.01', '0.01', '0.01', '0.01', '0.01'], attacker: ['nan', 'nan', 'nan', 'nan', 'nan']
2026-05-14 08:11:57 | INFO    | dpfl.core.base_simulator | Round 145/150 | Acc: 0.8873 | Loss: 0.3873 | eps: 0.00 | P: 1.00 R: 1.00 F1: 1.00
2026-05-14 08:11:57 | DEBUG   | dpfl.core.base_simulator | Update norms — honest: ['0.01', '0.01', '0.01', '0.01', '0.01'], attacker: ['nan', 'nan', 'nan', 'nan', 'nan']
2026-05-14 08:11:58 | INFO    | dpfl.core.base_simulator | Round 146/150 | Acc: 0.8873 | Loss: 0.3875 | eps: 0.00 | P: 1.00 R: 1.00 F1: 1.00
2026-05-14 08:11:58 | DEBUG   | dpfl.core.base_simulator | Update norms — honest: ['0.01', '0.01', '0.01', '0.01', '0.01'], attacker: ['nan', 'nan', 'nan', 'nan', 'nan']
2026-05-14 08:11:59 | INFO    | dpfl.core.base_simulator | Round 147/150 | Acc: 0.8873 | Loss: 0.3878 | eps: 0.00 | P: 1.00 R: 1.00 F1: 1.00
2026-05-14 08:11:59 | DEBUG   | dpfl.core.base_simulator | Update norms — honest: ['0.01', '0.01', '0.01', '0.01', '0.01'], attacker: ['nan', 'nan', 'nan', 'nan', 'nan']
2026-05-14 08:12:01 | INFO    | dpfl.core.base_simulator | Round 148/150 | Acc: 0.8872 | Loss: 0.3881 | eps: 0.00 | P: 1.00 R: 1.00 F1: 1.00
2026-05-14 08:12:01 | DEBUG   | dpfl.core.base_simulator | Update norms — honest: ['0.01', '0.01', '0.01', '0.01', '0.01'], attacker: ['nan', 'nan', 'nan', 'nan', 'nan']
2026-05-14 08:12:03 | INFO    | dpfl.core.base_simulator | Round 149/150 | Acc: 0.8873 | Loss: 0.3883 | eps: 0.00 | P: 1.00 R: 1.00 F1: 1.00
2026-05-14 08:12:03 | DEBUG   | dpfl.core.base_simulator | Update norms — honest: ['0.01', '0.01', '0.01', '0.01', '0.01'], attacker: ['nan', 'nan', 'nan', 'nan', 'nan']
2026-05-14 08:12:12 | INFO    | dpfl.core.base_simulator | Round 150/150 | Acc: 0.8873 | Loss: 0.3886 | eps: 0.00 | P: 1.00 R: 1.00 F1: 1.00
2026-05-14 08:12:12 | DEBUG   | dpfl.core.base_simulator | Update norms — honest: ['0.01', '0.01', '0.01', '0.01', '0.01'], attacker: ['nan', 'nan', 'nan', 'nan', 'nan']
2026-05-14 08:12:14 | INFO    | dpfl | Experiment complete in 1213.9s
============================================================
REPORT: DP-SGD Decentralized Federated Learning
============================================================
Timestamp:                  20260514_075158
Rounds completed:           150
Attack-active rounds:       100  (from round 50)
Final accuracy:             0.8873
Final test loss:            0.3886
Final epsilon:              0.00
Best alpha:                 None
Avg precision:              1.0000
Avg recall:                 0.9666
Avg F1 score:               0.9979
Avg update norm (honest):   0.0331
Avg update norm (attacker): nan
============================================================
