2026-05-14 08:42:28 | INFO    | dpfl | Experiment start: algorithm=noise_game, dataset=mnist, model=mlp, device=cuda
2026-05-14 08:42:28 | INFO    | dpfl | Config: nodes=500, attackers=200, rounds=150, noise_mode=none, attack=scale
2026-05-14 08:42:28 | INFO    | dpfl.data.mnist_dataset | Loading MNIST dataset...
2026-05-14 08:42:28 | INFO    | dpfl.data.mnist_dataset | MNIST loaded: 60000 train, 10000 test samples
2026-05-14 08:45:08 | INFO    | dpfl.core.base_simulator | Vectorized state ready: param_spec.D=50890, X_test=(10000, 1, 28, 28), train clients N=500, max_n_samples=1000
2026-05-14 08:45:08 | INFO    | dpfl.core.base_simulator | Setup complete: 500 nodes (200 attackers), param_dim=50890, split=iid
2026-05-14 08:45:08 | DEBUG   | dpfl.core.base_simulator | Attacker IDs: {0, 1, 2, 3, 4, 5, 6, 7, 8, 9, 10, 11, 12, 13, 14, 15, 16, 17, 18, 19, 20, 21, 22, 23, 24, 25, 26, 27, 28, 29, 30, 31, 32, 33, 34, 35, 36, 37, 38, 39, 40, 41, 42, 43, 44, 45, 46, 47, 48, 49, 50, 51, 52, 53, 54, 55, 56, 57, 58, 59, 60, 61, 62, 63, 64, 65, 66, 67, 68, 69, 70, 71, 72, 73, 74, 75, 76, 77, 78, 79, 80, 81, 82, 83, 84, 85, 86, 87, 88, 89, 90, 91, 92, 93, 94, 95, 96, 97, 98, 99, 100, 101, 102, 103, 104, 105, 106, 107, 108, 109, 110, 111, 112, 113, 114, 115, 116, 117, 118, 119, 120, 121, 122, 123, 124, 125, 126, 127, 128, 129, 130, 131, 132, 133, 134, 135, 136, 137, 138, 139, 140, 141, 142, 143, 144, 145, 146, 147, 148, 149, 150, 151, 152, 153, 154, 155, 156, 157, 158, 159, 160, 161, 162, 163, 164, 165, 166, 167, 168, 169, 170, 171, 172, 173, 174, 175, 176, 177, 178, 179, 180, 181, 182, 183, 184, 185, 186, 187, 188, 189, 190, 191, 192, 193, 194, 195, 196, 197, 198, 199}
2026-05-14 08:45:24 | INFO    | dpfl.core.base_simulator | Round   1/150 | Acc: 0.3800 | Loss: 2.0956 | eps_max: 2.41 eps_avg: 1.00 | P: nan R: nan F1: nan
2026-05-14 08:45:24 | DEBUG   | dpfl.core.base_simulator | Update norms — honest: ['0.56', '0.56', '0.56', '0.56', '0.57'], attacker: ['0.56', '0.57', '0.57', '0.56', '0.56']
2026-05-14 08:45:41 | INFO    | dpfl.core.base_simulator | Round   2/150 | Acc: 0.5540 | Loss: 1.8905 | eps_max: 2.50 eps_avg: 1.10 | P: nan R: nan F1: nan
2026-05-14 08:45:41 | DEBUG   | dpfl.core.base_simulator | Update norms — honest: ['0.56', '0.56', '0.56', '0.56', '0.56'], attacker: ['1.02', '1.03', '1.03', '1.02', '1.03']
2026-05-14 08:45:58 | INFO    | dpfl.core.base_simulator | Round   3/150 | Acc: 0.6505 | Loss: 1.6799 | eps_max: 2.64 eps_avg: 1.22 | P: nan R: nan F1: nan
2026-05-14 08:45:58 | DEBUG   | dpfl.core.base_simulator | Update norms — honest: ['0.55', '0.55', '0.55', '0.55', '0.55'], attacker: ['1.55', '1.56', '1.56', '1.57', '1.55']
2026-05-14 08:46:15 | INFO    | dpfl.core.base_simulator | Round   4/150 | Acc: 0.7096 | Loss: 1.4801 | eps_max: 2.81 eps_avg: 1.38 | P: nan R: nan F1: nan
2026-05-14 08:46:15 | DEBUG   | dpfl.core.base_simulator | Update norms — honest: ['0.55', '0.54', '0.55', '0.54', '0.55'], attacker: ['2.04', '2.05', '2.05', '2.05', '2.03']
2026-05-14 08:46:32 | INFO    | dpfl.core.base_simulator | Round   5/150 | Acc: 0.7508 | Loss: 1.3000 | eps_max: 3.02 eps_avg: 1.52 | P: nan R: nan F1: nan
2026-05-14 08:46:32 | DEBUG   | dpfl.core.base_simulator | Update norms — honest: ['0.54', '0.54', '0.54', '0.54', '0.54'], attacker: ['2.49', '2.50', '2.49', '2.50', '2.48']
2026-05-14 08:46:48 | INFO    | dpfl.core.base_simulator | Round   6/150 | Acc: 0.7792 | Loss: 1.1459 | eps_max: 3.27 eps_avg: 1.64 | P: nan R: nan F1: nan
2026-05-14 08:46:48 | DEBUG   | dpfl.core.base_simulator | Update norms — honest: ['0.54', '1.02', '1.03', '0.53', '1.03'], attacker: ['2.92', '2.93', '2.94', '2.93', '2.92']
2026-05-14 08:47:05 | INFO    | dpfl.core.base_simulator | Round   7/150 | Acc: 0.7996 | Loss: 1.0195 | eps_max: 3.36 eps_avg: 1.76 | P: nan R: nan F1: nan
2026-05-14 08:47:05 | DEBUG   | dpfl.core.base_simulator | Update norms — honest: ['1.03', '0.53', '0.96', '0.53', '0.53'], attacker: ['3.31', '3.35', '3.34', '3.33', '3.29']
2026-05-14 08:47:21 | INFO    | dpfl.core.base_simulator | Round   8/150 | Acc: 0.8139 | Loss: 0.9186 | eps_max: 3.41 eps_avg: 1.85 | P: nan R: nan F1: nan
2026-05-14 08:47:21 | DEBUG   | dpfl.core.base_simulator | Update norms — honest: ['0.53', '0.94', '0.87', '0.53', '0.52'], attacker: ['3.69', '3.71', '3.74', '3.71', '3.64']
2026-05-14 08:47:38 | INFO    | dpfl.core.base_simulator | Round   9/150 | Acc: 0.8242 | Loss: 0.8390 | eps_max: 3.47 eps_avg: 1.95 | P: nan R: nan F1: nan
2026-05-14 08:47:38 | DEBUG   | dpfl.core.base_simulator | Update norms — honest: ['0.52', '0.52', '1.00', '1.52', '0.52'], attacker: ['4.05', '4.01', '4.06', '4.05', '4.01']
2026-05-14 08:47:55 | INFO    | dpfl.core.base_simulator | Round  10/150 | Acc: 0.8321 | Loss: 0.7753 | eps_max: 3.54 eps_avg: 2.02 | P: nan R: nan F1: nan
2026-05-14 08:47:55 | DEBUG   | dpfl.core.base_simulator | Update norms — honest: ['0.96', '0.51', '0.82', '0.51', '0.83'], attacker: ['4.38', '4.32', '4.33', '4.35', '4.39']
2026-05-14 08:48:12 | INFO    | dpfl.core.base_simulator | Round  11/150 | Acc: 0.8383 | Loss: 0.7244 | eps_max: 3.61 eps_avg: 2.12 | P: nan R: nan F1: nan
2026-05-14 08:48:12 | DEBUG   | dpfl.core.base_simulator | Update norms — honest: ['0.51', '0.51', '0.96', '0.51', '0.51'], attacker: ['4.67', '4.54', '4.69', '4.70', '4.72']
2026-05-14 08:48:30 | INFO    | dpfl.core.base_simulator | Round  12/150 | Acc: 0.8436 | Loss: 0.6828 | eps_max: 3.68 eps_avg: 2.19 | P: nan R: nan F1: nan
2026-05-14 08:48:30 | DEBUG   | dpfl.core.base_simulator | Update norms — honest: ['0.51', '0.94', '0.97', '0.51', '1.47'], attacker: ['4.90', '4.92', '4.93', '4.92', '5.01']
2026-05-14 08:48:46 | INFO    | dpfl.core.base_simulator | Round  13/150 | Acc: 0.8478 | Loss: 0.6485 | eps_max: 3.76 eps_avg: 2.25 | P: nan R: nan F1: nan
2026-05-14 08:48:46 | DEBUG   | dpfl.core.base_simulator | Update norms — honest: ['1.41', '0.50', '1.85', '1.49', '0.93'], attacker: ['5.26', '5.21', '5.23', '5.24', '5.33']
2026-05-14 08:49:04 | INFO    | dpfl.core.base_simulator | Round  14/150 | Acc: 0.8513 | Loss: 0.6199 | eps_max: 3.84 eps_avg: 2.32 | P: nan R: nan F1: nan
2026-05-14 08:49:04 | DEBUG   | dpfl.core.base_simulator | Update norms — honest: ['0.84', '0.95', '0.50', '0.49', '0.92'], attacker: ['5.53', '5.46', '5.58', '5.55', '5.52']
2026-05-14 08:51:05 | INFO    | dpfl.core.base_simulator | Round  15/150 | Acc: 0.8547 | Loss: 0.5954 | eps_max: 3.94 eps_avg: 2.38 | P: nan R: nan F1: nan
2026-05-14 08:51:05 | DEBUG   | dpfl.core.base_simulator | Update norms — honest: ['0.84', '0.49', '1.93', '0.49', '0.49'], attacker: ['5.74', '5.79', '5.68', '5.77', '5.57']
2026-05-14 08:51:46 | INFO    | dpfl.core.base_simulator | Round  16/150 | Acc: 0.8575 | Loss: 0.5746 | eps_max: 4.05 eps_avg: 2.45 | P: nan R: nan F1: nan
2026-05-14 08:51:46 | DEBUG   | dpfl.core.base_simulator | Update norms — honest: ['0.80', '0.93', '1.88', '1.43', '0.48'], attacker: ['5.92', '5.90', '5.96', '5.82', '5.88']
2026-05-14 08:52:03 | INFO    | dpfl.core.base_simulator | Round  17/150 | Acc: 0.8599 | Loss: 0.5564 | eps_max: 4.16 eps_avg: 2.51 | P: nan R: nan F1: nan
2026-05-14 08:52:03 | DEBUG   | dpfl.core.base_simulator | Update norms — honest: ['0.90', '1.45', '1.84', '0.48', '1.37'], attacker: ['6.08', '6.07', '6.21', '5.91', '6.05']
2026-05-14 08:52:21 | INFO    | dpfl.core.base_simulator | Round  18/150 | Acc: 0.8619 | Loss: 0.5408 | eps_max: 4.26 eps_avg: 2.61 | P: nan R: nan F1: nan
2026-05-14 08:52:21 | DEBUG   | dpfl.core.base_simulator | Update norms — honest: ['1.26', '1.86', '0.48', '0.90', '0.86'], attacker: ['6.31', '6.22', '6.49', '6.18', '6.16']
2026-05-14 08:52:39 | INFO    | dpfl.core.base_simulator | Round  19/150 | Acc: 0.8640 | Loss: 0.5269 | eps_max: 4.39 eps_avg: 2.70 | P: nan R: nan F1: nan
2026-05-14 08:52:39 | DEBUG   | dpfl.core.base_simulator | Update norms — honest: ['0.47', '1.87', '0.47', '0.87', '0.47'], attacker: ['6.43', '6.29', '6.35', '6.60', '6.26']
2026-05-14 08:52:57 | INFO    | dpfl.core.base_simulator | Round  20/150 | Acc: 0.8656 | Loss: 0.5147 | eps_max: 4.56 eps_avg: 2.78 | P: nan R: nan F1: nan
2026-05-14 08:52:57 | DEBUG   | dpfl.core.base_simulator | Update norms — honest: ['1.29', '1.80', '1.67', '1.14', '0.47'], attacker: ['6.64', '6.86', '6.38', '6.48', '6.62']
2026-05-14 08:53:15 | INFO    | dpfl.core.base_simulator | Round  21/150 | Acc: 0.8672 | Loss: 0.5038 | eps_max: 4.72 eps_avg: 2.86 | P: nan R: nan F1: nan
2026-05-14 08:53:15 | DEBUG   | dpfl.core.base_simulator | Update norms — honest: ['0.46', '0.46', '1.80', '0.72', '0.83'], attacker: ['6.84', '7.02', '6.84', '6.60', '6.87']
2026-05-14 08:53:32 | INFO    | dpfl.core.base_simulator | Round  22/150 | Acc: 0.8685 | Loss: 0.4941 | eps_max: 4.89 eps_avg: 2.94 | P: nan R: nan F1: nan
2026-05-14 08:53:32 | DEBUG   | dpfl.core.base_simulator | Update norms — honest: ['1.30', '0.83', '0.68', '1.29', '0.46'], attacker: ['6.94', '7.18', '7.21', '7.01', '6.92']
2026-05-14 08:53:50 | INFO    | dpfl.core.base_simulator | Round  23/150 | Acc: 0.8698 | Loss: 0.4853 | eps_max: 5.08 eps_avg: 3.03 | P: nan R: nan F1: nan
2026-05-14 08:53:50 | DEBUG   | dpfl.core.base_simulator | Update norms — honest: ['0.81', '1.78', '2.11', '0.84', '0.84'], attacker: ['6.94', '7.30', '7.21', '7.22', '6.87']
2026-05-14 08:54:07 | INFO    | dpfl.core.base_simulator | Round  24/150 | Acc: 0.8709 | Loss: 0.4774 | eps_max: 5.28 eps_avg: 3.13 | P: nan R: nan F1: nan
2026-05-14 08:54:07 | DEBUG   | dpfl.core.base_simulator | Update norms — honest: ['2.18', '0.60', '1.33', '1.96', '0.45'], attacker: ['6.84', '7.43', '7.10', '7.40', '7.14']
2026-05-14 08:54:25 | INFO    | dpfl.core.base_simulator | Round  25/150 | Acc: 0.8718 | Loss: 0.4702 | eps_max: 5.43 eps_avg: 3.23 | P: nan R: nan F1: nan
2026-05-14 08:54:25 | DEBUG   | dpfl.core.base_simulator | Update norms — honest: ['2.14', '1.25', '0.44', '0.79', '0.77'], attacker: ['7.29', '7.61', '7.10', '7.36', '7.13']
2026-05-14 08:54:42 | INFO    | dpfl.core.base_simulator | Round  26/150 | Acc: 0.8729 | Loss: 0.4636 | eps_max: 5.47 eps_avg: 3.35 | P: nan R: nan F1: nan
2026-05-14 08:54:42 | DEBUG   | dpfl.core.base_simulator | Update norms — honest: ['0.44', '0.73', '0.84', '1.17', '0.44'], attacker: ['7.56', '7.66', '7.19', '6.76', '6.27']
2026-05-14 08:55:00 | INFO    | dpfl.core.base_simulator | Round  27/150 | Acc: 0.8738 | Loss: 0.4576 | eps_max: 5.50 eps_avg: 3.44 | P: nan R: nan F1: nan
2026-05-14 08:55:00 | DEBUG   | dpfl.core.base_simulator | Update norms — honest: ['1.25', '0.58', '2.01', '1.17', '0.43'], attacker: ['7.36', '7.61', '7.34', '7.22', '6.71']
2026-05-14 08:55:18 | INFO    | dpfl.core.base_simulator | Round  28/150 | Acc: 0.8745 | Loss: 0.4522 | eps_max: 5.54 eps_avg: 3.52 | P: nan R: nan F1: nan
2026-05-14 08:55:18 | DEBUG   | dpfl.core.base_simulator | Update norms — honest: ['0.66', '0.43', '0.43', '1.23', '1.56'], attacker: ['6.98', '7.82', '7.21', '7.92', '7.31']
2026-05-14 08:55:36 | INFO    | dpfl.core.base_simulator | Round  29/150 | Acc: 0.8753 | Loss: 0.4471 | eps_max: 5.58 eps_avg: 3.59 | P: nan R: nan F1: nan
2026-05-14 08:55:36 | DEBUG   | dpfl.core.base_simulator | Update norms — honest: ['2.26', '0.43', '1.40', '1.77', '1.21'], attacker: ['7.75', '7.87', '6.62', '8.23', '7.03']
2026-05-14 08:55:53 | INFO    | dpfl.core.base_simulator | Round  30/150 | Acc: 0.8760 | Loss: 0.4424 | eps_max: 5.63 eps_avg: 3.65 | P: nan R: nan F1: nan
2026-05-14 08:55:53 | DEBUG   | dpfl.core.base_simulator | Update norms — honest: ['0.53', '1.35', '0.77', '1.39', '0.42'], attacker: ['7.95', '7.71', '7.28', '7.91', '6.43']
2026-05-14 08:56:12 | INFO    | dpfl.core.base_simulator | Round  31/150 | Acc: 0.8766 | Loss: 0.4381 | eps_max: 5.68 eps_avg: 3.73 | P: nan R: nan F1: nan
2026-05-14 08:56:12 | DEBUG   | dpfl.core.base_simulator | Update norms — honest: ['2.03', '0.64', '2.07', '0.42', '0.51'], attacker: ['7.82', '7.96', '6.81', '7.80', '6.85']
2026-05-14 08:56:30 | INFO    | dpfl.core.base_simulator | Round  32/150 | Acc: 0.8772 | Loss: 0.4342 | eps_max: 5.72 eps_avg: 3.77 | P: nan R: nan F1: nan
2026-05-14 08:56:30 | DEBUG   | dpfl.core.base_simulator | Update norms — honest: ['0.75', '0.83', '1.19', '0.41', '1.35'], attacker: ['7.79', '7.24', '6.75', '7.96', '6.91']
2026-05-14 08:56:47 | INFO    | dpfl.core.base_simulator | Round  33/150 | Acc: 0.8778 | Loss: 0.4305 | eps_max: 5.77 eps_avg: 3.82 | P: nan R: nan F1: nan
2026-05-14 08:56:47 | DEBUG   | dpfl.core.base_simulator | Update norms — honest: ['1.10', '0.41', '1.79', '0.78', '1.80'], attacker: ['7.91', '6.56', '7.56', '6.94', '7.31']
2026-05-14 08:57:04 | INFO    | dpfl.core.base_simulator | Round  34/150 | Acc: 0.8783 | Loss: 0.4271 | eps_max: 5.83 eps_avg: 3.87 | P: nan R: nan F1: nan
2026-05-14 08:57:04 | DEBUG   | dpfl.core.base_simulator | Update norms — honest: ['1.20', '1.89', '0.40', '0.67', '0.41'], attacker: ['7.80', '6.81', '7.62', '5.80', '7.70']
2026-05-14 08:57:23 | INFO    | dpfl.core.base_simulator | Round  35/150 | Acc: 0.8788 | Loss: 0.4241 | eps_max: 5.89 eps_avg: 3.92 | P: nan R: nan F1: nan
2026-05-14 08:57:23 | DEBUG   | dpfl.core.base_simulator | Update norms — honest: ['0.80', '1.18', '0.40', '0.73', '1.39'], attacker: ['7.48', '7.55', '6.58', '7.32', '7.57']
2026-05-14 08:57:41 | INFO    | dpfl.core.base_simulator | Round  36/150 | Acc: 0.8793 | Loss: 0.4211 | eps_max: 5.95 eps_avg: 3.96 | P: nan R: nan F1: nan
2026-05-14 08:57:41 | DEBUG   | dpfl.core.base_simulator | Update norms — honest: ['0.79', '0.67', '1.82', '1.07', '0.40'], attacker: ['7.74', '7.60', '7.03', '7.37', '6.75']
2026-05-14 08:57:59 | INFO    | dpfl.core.base_simulator | Round  37/150 | Acc: 0.8796 | Loss: 0.4183 | eps_max: 6.01 eps_avg: 4.01 | P: nan R: nan F1: nan
2026-05-14 08:57:59 | DEBUG   | dpfl.core.base_simulator | Update norms — honest: ['0.39', '0.48', '1.14', '0.64', '1.17'], attacker: ['7.49', '7.64', '7.30', '6.87', '6.65']
2026-05-14 08:58:17 | INFO    | dpfl.core.base_simulator | Round  38/150 | Acc: 0.8801 | Loss: 0.4158 | eps_max: 6.07 eps_avg: 4.06 | P: nan R: nan F1: nan
2026-05-14 08:58:17 | DEBUG   | dpfl.core.base_simulator | Update norms — honest: ['2.29', '0.52', '2.17', '1.62', '0.72'], attacker: ['7.36', '7.95', '7.30', '6.84', '7.14']
2026-05-14 08:58:35 | INFO    | dpfl.core.base_simulator | Round  39/150 | Acc: 0.8804 | Loss: 0.4135 | eps_max: 6.11 eps_avg: 4.10 | P: nan R: nan F1: nan
2026-05-14 08:58:35 | DEBUG   | dpfl.core.base_simulator | Update norms — honest: ['0.39', '1.91', '2.48', '0.64', '0.69'], attacker: ['6.74', '7.61', '6.70', '7.32', '7.60']
2026-05-14 08:58:53 | INFO    | dpfl.core.base_simulator | Round  40/150 | Acc: 0.8807 | Loss: 0.4112 | eps_max: 6.16 eps_avg: 4.15 | P: nan R: nan F1: nan
2026-05-14 08:58:53 | DEBUG   | dpfl.core.base_simulator | Update norms — honest: ['1.10', '1.18', '0.38', '1.54', '1.12'], attacker: ['7.34', '8.09', '6.75', '7.14', '7.37']
2026-05-14 08:59:11 | INFO    | dpfl.core.base_simulator | Round  41/150 | Acc: 0.8811 | Loss: 0.4091 | eps_max: 6.20 eps_avg: 4.20 | P: nan R: nan F1: nan
2026-05-14 08:59:11 | DEBUG   | dpfl.core.base_simulator | Update norms — honest: ['2.54', '1.08', '1.35', '1.01', '2.13'], attacker: ['8.32', '8.29', '6.54', '6.87', '6.52']
2026-05-14 08:59:29 | INFO    | dpfl.core.base_simulator | Round  42/150 | Acc: 0.8814 | Loss: 0.4073 | eps_max: 6.25 eps_avg: 4.24 | P: nan R: nan F1: nan
2026-05-14 08:59:29 | DEBUG   | dpfl.core.base_simulator | Update norms — honest: ['1.26', '1.94', '1.10', '1.15', '0.56'], attacker: ['7.18', '7.95', '7.36', '8.17', '6.04']
2026-05-14 08:59:47 | INFO    | dpfl.core.base_simulator | Round  43/150 | Acc: 0.8817 | Loss: 0.4054 | eps_max: 6.32 eps_avg: 4.29 | P: nan R: nan F1: nan
2026-05-14 08:59:47 | DEBUG   | dpfl.core.base_simulator | Update norms — honest: ['1.32', '1.24', '0.71', '1.75', '1.02'], attacker: ['6.02', '7.52', '6.41', '7.83', '5.90']
2026-05-14 09:00:05 | INFO    | dpfl.core.base_simulator | Round  44/150 | Acc: 0.8818 | Loss: 0.4038 | eps_max: 6.39 eps_avg: 4.36 | P: nan R: nan F1: nan
2026-05-14 09:00:05 | DEBUG   | dpfl.core.base_simulator | Update norms — honest: ['1.41', '2.44', '1.62', '0.93', '1.68'], attacker: ['6.96', '6.97', '6.82', '6.76', '5.92']
2026-05-14 09:00:23 | INFO    | dpfl.core.base_simulator | Round  45/150 | Acc: 0.8821 | Loss: 0.4022 | eps_max: 6.44 eps_avg: 4.42 | P: nan R: nan F1: nan
2026-05-14 09:00:23 | DEBUG   | dpfl.core.base_simulator | Update norms — honest: ['1.89', '0.36', '1.37', '2.55', '0.69'], attacker: ['8.12', '7.29', '7.14', '7.05', '5.18']
2026-05-14 09:00:41 | INFO    | dpfl.core.base_simulator | Round  46/150 | Acc: 0.8824 | Loss: 0.4008 | eps_max: 6.49 eps_avg: 4.46 | P: nan R: nan F1: nan
2026-05-14 09:00:41 | DEBUG   | dpfl.core.base_simulator | Update norms — honest: ['1.11', '1.39', '1.81', '1.88', '1.62'], attacker: ['7.64', '7.62', '6.83', '6.69', '5.34']
2026-05-14 09:00:59 | INFO    | dpfl.core.base_simulator | Round  47/150 | Acc: 0.8826 | Loss: 0.3993 | eps_max: 6.55 eps_avg: 4.50 | P: nan R: nan F1: nan
2026-05-14 09:00:59 | DEBUG   | dpfl.core.base_simulator | Update norms — honest: ['1.47', '1.37', '1.62', '1.72', '1.08'], attacker: ['6.00', '7.66', '6.55', '6.22', '6.06']
2026-05-14 09:01:17 | INFO    | dpfl.core.base_simulator | Round  48/150 | Acc: 0.8827 | Loss: 0.3981 | eps_max: 6.63 eps_avg: 4.55 | P: nan R: nan F1: nan
2026-05-14 09:01:17 | DEBUG   | dpfl.core.base_simulator | Update norms — honest: ['0.64', '2.79', '2.53', '0.35', '1.56'], attacker: ['6.55', '7.87', '5.00', '6.79', '5.78']
2026-05-14 09:01:34 | INFO    | dpfl.core.base_simulator | Round  49/150 | Acc: 0.8830 | Loss: 0.3968 | eps_max: 6.69 eps_avg: 4.58 | P: nan R: nan F1: nan
2026-05-14 09:01:34 | DEBUG   | dpfl.core.base_simulator | Update norms — honest: ['1.68', '2.52', '0.68', '1.15', '0.59'], attacker: ['6.81', '7.56', '5.01', '5.17', '5.74']
2026-05-14 09:01:53 | INFO    | dpfl.core.base_simulator | Round  50/150 | Acc: 0.8832 | Loss: 0.3956 | eps_max: 6.74 eps_avg: 4.61 | P: nan R: nan F1: nan
2026-05-14 09:01:53 | DEBUG   | dpfl.core.base_simulator | Update norms — honest: ['2.83', '0.64', '0.89', '1.52', '2.05'], attacker: ['5.85', '6.89', '4.21', '6.72', '6.41']
2026-05-14 09:02:02 | INFO    | dpfl.core.base_simulator | Round  51/150 | Acc: 0.8830 | Loss: 0.3956 | eps_max: 5.59 eps_avg: 3.54 | P: nan R: 0.00 F1: nan
2026-05-14 09:02:02 | DEBUG   | dpfl.core.base_simulator | Update norms — honest: ['1.23', '0.69', '1.14', '1.79', '0.34'], attacker: ['2.92', '2.99', '2.63', '3.14', '2.55']
2026-05-14 09:02:12 | INFO    | dpfl.core.base_simulator | Round  52/150 | Acc: 0.8782 | Loss: 0.4102 | eps_max: 5.65 eps_avg: 3.59 | P: 1.00 R: 0.37 F1: 0.60
2026-05-14 09:02:12 | DEBUG   | dpfl.core.base_simulator | Update norms — honest: ['0.96', '3.08', '1.24', '0.67', '1.40'], attacker: ['8.81', '7.07', '7.92', '10.34', '6.85']
2026-05-14 09:02:22 | INFO    | dpfl.core.base_simulator | Round  53/150 | Acc: 0.8833 | Loss: 0.3944 | eps_max: 5.66 eps_avg: 3.65 | P: 1.00 R: 1.00 F1: 1.00
2026-05-14 09:02:22 | DEBUG   | dpfl.core.base_simulator | Update norms — honest: ['0.34', '1.23', '2.46', '0.34', '2.27'], attacker: ['35.71', '25.04', '34.51', '47.87', '25.75']
2026-05-14 09:02:31 | INFO    | dpfl.core.base_simulator | Round  54/150 | Acc: 0.8835 | Loss: 0.3931 | eps_max: 5.66 eps_avg: 3.70 | P: 1.00 R: 1.00 F1: 1.00
2026-05-14 09:02:31 | DEBUG   | dpfl.core.base_simulator | Update norms — honest: ['1.34', '2.34', '0.48', '0.34', '0.62'], attacker: ['148.07', '112.69', '154.48', '195.01', '83.97']
2026-05-14 09:02:39 | INFO    | dpfl.core.base_simulator | Round  55/150 | Acc: 0.8837 | Loss: 0.3921 | eps_max: 5.66 eps_avg: 3.76 | P: 1.00 R: 1.00 F1: 1.00
2026-05-14 09:02:39 | DEBUG   | dpfl.core.base_simulator | Update norms — honest: ['1.93', '2.93', '0.47', '1.38', '1.10'], attacker: ['754.71', '614.70', '778.97', '858.61', '375.57']
2026-05-14 09:02:41 | INFO    | dpfl.core.base_simulator | Round  56/150 | Acc: 0.8839 | Loss: 0.3912 | eps_max: 5.79 eps_avg: 3.79 | P: 1.00 R: 1.00 F1: 1.00
2026-05-14 09:02:41 | DEBUG   | dpfl.core.base_simulator | Update norms — honest: ['2.06', '0.87', '0.53', '1.68', '0.63'], attacker: ['4272.61', '3928.14', '4630.18', '4348.60', '2292.27']
2026-05-14 09:02:43 | INFO    | dpfl.core.base_simulator | Round  57/150 | Acc: 0.8840 | Loss: 0.3903 | eps_max: 6.04 eps_avg: 3.85 | P: 1.00 R: 1.00 F1: 1.00
2026-05-14 09:02:43 | DEBUG   | dpfl.core.base_simulator | Update norms — honest: ['0.57', '0.62', '1.39', '1.37', '0.57'], attacker: ['21920.13', '20384.13', '22472.50', '24451.24', '14487.55']
2026-05-14 09:03:08 | INFO    | dpfl.core.base_simulator | Round  58/150 | Acc: 0.8842 | Loss: 0.3894 | eps_max: 6.13 eps_avg: 3.97 | P: 1.00 R: 1.00 F1: 1.00
2026-05-14 09:03:08 | DEBUG   | dpfl.core.base_simulator | Update norms — honest: ['1.87', '0.53', '0.81', '1.65', '0.89'], attacker: ['153225.36', '141522.48', '155138.48', '136500.16', '105569.66']
2026-05-14 09:03:38 | INFO    | dpfl.core.base_simulator | Round  59/150 | Acc: 0.8843 | Loss: 0.3887 | eps_max: 6.13 eps_avg: 4.10 | P: 1.00 R: 1.00 F1: 1.00
2026-05-14 09:03:38 | DEBUG   | dpfl.core.base_simulator | Update norms — honest: ['1.81', '1.14', '0.34', '0.99', '2.47'], attacker: ['825695.88', '732248.25', '834338.81', '805171.56', '676421.19']
2026-05-14 09:04:03 | INFO    | dpfl.core.base_simulator | Round  60/150 | Acc: 0.8844 | Loss: 0.3880 | eps_max: 6.13 eps_avg: 4.16 | P: 1.00 R: 1.00 F1: 1.00
2026-05-14 09:04:03 | DEBUG   | dpfl.core.base_simulator | Update norms — honest: ['1.91', '1.02', '1.28', '1.27', '0.53'], attacker: ['5947054.00', '5353252.00', '5914786.00', '5425031.50', '4885329.00']
2026-05-14 09:04:20 | INFO    | dpfl.core.base_simulator | Round  61/150 | Acc: 0.8846 | Loss: 0.3873 | eps_max: 6.60 eps_avg: 4.19 | P: 1.00 R: 1.00 F1: 1.00
2026-05-14 09:04:20 | DEBUG   | dpfl.core.base_simulator | Update norms — honest: ['2.59', '1.20', '0.66', '1.48', '1.43'], attacker: ['31538142.00', '32892394.00', '32761906.00', '30658654.00', '31942820.00']
2026-05-14 09:04:46 | INFO    | dpfl.core.base_simulator | Round  62/150 | Acc: 0.8846 | Loss: 0.3869 | eps_max: 6.60 eps_avg: 4.26 | P: 1.00 R: 1.00 F1: 1.00
2026-05-14 09:04:46 | DEBUG   | dpfl.core.base_simulator | Update norms — honest: ['0.92', '0.34', '1.92', '1.71', '1.82'], attacker: ['244879328.00', '229371296.00', '243698080.00', '232880368.00', '224478464.00']
2026-05-14 09:05:11 | INFO    | dpfl.core.base_simulator | Round  63/150 | Acc: 0.8846 | Loss: 0.3864 | eps_max: 6.60 eps_avg: 4.34 | P: 1.00 R: 1.00 F1: 1.00
2026-05-14 09:05:11 | DEBUG   | dpfl.core.base_simulator | Update norms — honest: ['1.80', '0.34', '2.02', '1.73', '1.40'], attacker: ['1568498944.00', '1309768064.00', '1396698496.00', '1353811840.00', '1377195648.00']
2026-05-14 09:05:37 | INFO    | dpfl.core.base_simulator | Round  64/150 | Acc: 0.8848 | Loss: 0.3859 | eps_max: 6.60 eps_avg: 4.39 | P: 1.00 R: 1.00 F1: 1.00
2026-05-14 09:05:37 | DEBUG   | dpfl.core.base_simulator | Update norms — honest: ['0.82', '1.22', '1.35', '0.50', '0.85'], attacker: ['9805375488.00', '9432261632.00', '9923229696.00', '9670430720.00', '9606449152.00']
2026-05-14 09:05:45 | INFO    | dpfl.core.base_simulator | Round  65/150 | Acc: 0.8848 | Loss: 0.3856 | eps_max: 6.63 eps_avg: 4.47 | P: 1.00 R: 1.00 F1: 1.00
2026-05-14 09:05:45 | DEBUG   | dpfl.core.base_simulator | Update norms — honest: ['1.89', '1.56', '3.00', '1.51', '0.88'], attacker: ['54852640768.00', '53341437952.00', '56692654080.00', '55747915776.00', '56548147200.00']
2026-05-14 09:05:48 | INFO    | dpfl.core.base_simulator | Round  66/150 | Acc: 0.8849 | Loss: 0.3851 | eps_max: 6.63 eps_avg: 4.52 | P: 1.00 R: 1.00 F1: 1.00
2026-05-14 09:05:48 | DEBUG   | dpfl.core.base_simulator | Update norms — honest: ['0.51', '0.94', '2.36', '0.94', '0.55'], attacker: ['393421848576.00', '386565308416.00', '389574131712.00', '392811282432.00', '386030338048.00']
2026-05-14 09:06:05 | INFO    | dpfl.core.base_simulator | Round  67/150 | Acc: 0.8849 | Loss: 0.3848 | eps_max: 6.92 eps_avg: 4.56 | P: 1.00 R: 1.00 F1: 1.00
2026-05-14 09:06:05 | DEBUG   | dpfl.core.base_simulator | Update norms — honest: ['1.86', '1.89', '1.84', '1.63', '0.51'], attacker: ['2165886418944.00', '2197769158656.00', '2242534440960.00', '2241902411776.00', '2363439972352.00']
2026-05-14 09:06:14 | INFO    | dpfl.core.base_simulator | Round  68/150 | Acc: 0.8850 | Loss: 0.3846 | eps_max: 6.92 eps_avg: 4.66 | P: 1.00 R: 1.00 F1: 1.00
2026-05-14 09:06:14 | DEBUG   | dpfl.core.base_simulator | Update norms — honest: ['0.34', '3.33', '1.09', '1.75', '0.93'], attacker: ['15587927392256.00', '15704236490752.00', '16182883123200.00', '15731137708032.00', '14997794062336.00']
2026-05-14 09:06:24 | INFO    | dpfl.core.base_simulator | Round  69/150 | Acc: 0.8850 | Loss: 0.3844 | eps_max: 7.23 eps_avg: 4.76 | P: 1.00 R: 1.00 F1: 1.00
2026-05-14 09:06:24 | DEBUG   | dpfl.core.base_simulator | Update norms — honest: ['0.34', '1.34', '0.79', '1.27', '1.90'], attacker: ['88526070743040.00', '91076652171264.00', '93249024819200.00', '89183460786176.00', '91586704703488.00']
2026-05-14 09:06:34 | INFO    | dpfl.core.base_simulator | Round  70/150 | Acc: 0.8851 | Loss: 0.3839 | eps_max: 7.23 eps_avg: 4.79 | P: 1.00 R: 1.00 F1: 1.00
2026-05-14 09:06:34 | DEBUG   | dpfl.core.base_simulator | Update norms — honest: ['0.48', '0.91', '1.08', '1.68', '1.00'], attacker: ['620818933481472.00', '612959344656384.00', '619436155338752.00', '623892452343808.00', '608714105028608.00']
2026-05-14 09:06:43 | INFO    | dpfl.core.base_simulator | Round  71/150 | Acc: 0.8852 | Loss: 0.3837 | eps_max: 7.23 eps_avg: 4.83 | P: 1.00 R: 1.00 F1: 1.00
2026-05-14 09:06:43 | DEBUG   | dpfl.core.base_simulator | Update norms — honest: ['1.51', '1.14', '2.29', '2.70', '1.59'], attacker: ['3587804151939072.00', '3544915145392128.00', '3775592201715712.00', '3727116516458496.00', '3918213301665792.00']
2026-05-14 09:06:53 | INFO    | dpfl.core.base_simulator | Round  72/150 | Acc: 0.8852 | Loss: 0.3834 | eps_max: 7.38 eps_avg: 4.86 | P: 1.00 R: 1.00 F1: 1.00
2026-05-14 09:06:53 | DEBUG   | dpfl.core.base_simulator | Update norms — honest: ['1.30', '1.12', '1.03', '1.23', '0.45'], attacker: ['25941681924734976.00', '26219173319278592.00', '26083106607857664.00', '25759330498248704.00', '25592118831480832.00']
2026-05-14 09:07:03 | INFO    | dpfl.core.base_simulator | Round  73/150 | Acc: 0.8852 | Loss: 0.3832 | eps_max: 7.38 eps_avg: 4.92 | P: 1.00 R: 1.00 F1: 1.00
2026-05-14 09:07:03 | DEBUG   | dpfl.core.base_simulator | Update norms — honest: ['1.90', '1.51', '0.68', '1.80', '1.60'], attacker: ['138897936682582016.00', '148598274939420672.00', '153501461144141824.00', '148411546941259776.00', '159746429491871744.00']
2026-05-14 09:07:13 | INFO    | dpfl.core.base_simulator | Round  74/150 | Acc: 0.8852 | Loss: 0.3832 | eps_max: 7.38 eps_avg: 4.99 | P: 1.00 R: 1.00 F1: 1.00
2026-05-14 09:07:13 | DEBUG   | dpfl.core.base_simulator | Update norms — honest: ['2.60', '2.35', '1.11', '1.63', '0.85'], attacker: ['1076548808466235392.00', '1062623906017312768.00', '1083870044078735360.00', '1067997425500684288.00', '1039506948921229312.00']
2026-05-14 09:07:23 | INFO    | dpfl.core.base_simulator | Round  75/150 | Acc: 0.8853 | Loss: 0.3830 | eps_max: 7.38 eps_avg: 5.06 | P: 1.00 R: 1.00 F1: 1.00
2026-05-14 09:07:23 | DEBUG   | dpfl.core.base_simulator | Update norms — honest: ['0.54', '1.85', '2.17', '1.07', '0.91'], attacker: ['6131324887467294720.00', '6174099738078478336.00', '6168651657962848256.00', '6063088646091702272.00', '6469460996892131328.00']
2026-05-14 09:07:33 | INFO    | dpfl.core.base_simulator | Round  76/150 | Acc: 0.8853 | Loss: 0.3830 | eps_max: 7.38 eps_avg: 5.11 | P: 1.00 R: 1.00 F1: 1.00
2026-05-14 09:07:33 | DEBUG   | dpfl.core.base_simulator | Update norms — honest: ['2.03', '2.43', '2.19', '0.63', '2.20'], attacker: ['nan', 'nan', 'nan', 'nan', 'nan']
2026-05-14 09:07:43 | INFO    | dpfl.core.base_simulator | Round  77/150 | Acc: 0.8852 | Loss: 0.3830 | eps_max: 7.58 eps_avg: 5.17 | P: 1.00 R: 1.00 F1: 1.00
2026-05-14 09:07:43 | DEBUG   | dpfl.core.base_simulator | Update norms — honest: ['0.34', '2.45', '2.22', '2.25', '0.65'], attacker: ['nan', 'nan', 'nan', 'nan', 'nan']
2026-05-14 09:07:53 | INFO    | dpfl.core.base_simulator | Round  78/150 | Acc: 0.8852 | Loss: 0.3830 | eps_max: 7.58 eps_avg: 5.23 | P: 1.00 R: 1.00 F1: 1.00
2026-05-14 09:07:53 | DEBUG   | dpfl.core.base_simulator | Update norms — honest: ['2.84', '1.29', '1.53', '1.36', '2.01'], attacker: ['nan', 'nan', 'nan', 'nan', 'nan']
2026-05-14 09:08:02 | INFO    | dpfl.core.base_simulator | Round  79/150 | Acc: 0.8852 | Loss: 0.3830 | eps_max: 7.58 eps_avg: 5.26 | P: 1.00 R: 1.00 F1: 1.00
2026-05-14 09:08:02 | DEBUG   | dpfl.core.base_simulator | Update norms — honest: ['1.89', '3.73', '2.65', '2.20', '1.18'], attacker: ['nan', 'nan', 'nan', 'nan', 'nan']
2026-05-14 09:08:12 | INFO    | dpfl.core.base_simulator | Round  80/150 | Acc: 0.8852 | Loss: 0.3830 | eps_max: 7.58 eps_avg: 5.33 | P: 1.00 R: 1.00 F1: 1.00
2026-05-14 09:08:12 | DEBUG   | dpfl.core.base_simulator | Update norms — honest: ['0.34', '1.54', '0.90', '1.32', '2.46'], attacker: ['nan', 'nan', 'nan', 'nan', 'nan']
2026-05-14 09:08:22 | INFO    | dpfl.core.base_simulator | Round  81/150 | Acc: 0.8852 | Loss: 0.3829 | eps_max: 7.58 eps_avg: 5.39 | P: 1.00 R: 1.00 F1: 1.00
2026-05-14 09:08:22 | DEBUG   | dpfl.core.base_simulator | Update norms — honest: ['2.02', '1.68', '1.48', '2.42', '1.01'], attacker: ['nan', 'nan', 'nan', 'nan', 'nan']
2026-05-14 09:08:32 | INFO    | dpfl.core.base_simulator | Round  82/150 | Acc: 0.8852 | Loss: 0.3829 | eps_max: 7.58 eps_avg: 5.44 | P: 1.00 R: 1.00 F1: 1.00
2026-05-14 09:08:32 | DEBUG   | dpfl.core.base_simulator | Update norms — honest: ['2.52', '0.88', '1.18', '2.85', '1.46'], attacker: ['nan', 'nan', 'nan', 'nan', 'nan']
2026-05-14 09:08:41 | INFO    | dpfl.core.base_simulator | Round  83/150 | Acc: 0.8852 | Loss: 0.3828 | eps_max: 7.58 eps_avg: 5.46 | P: 1.00 R: 1.00 F1: 1.00
2026-05-14 09:08:41 | DEBUG   | dpfl.core.base_simulator | Update norms — honest: ['1.44', '1.72', '1.40', '2.31', '0.55'], attacker: ['nan', 'nan', 'nan', 'nan', 'nan']
2026-05-14 09:08:51 | INFO    | dpfl.core.base_simulator | Round  84/150 | Acc: 0.8853 | Loss: 0.3829 | eps_max: 7.58 eps_avg: 5.51 | P: 1.00 R: 1.00 F1: 1.00
2026-05-14 09:08:51 | DEBUG   | dpfl.core.base_simulator | Update norms — honest: ['1.60', '2.95', '1.53', '1.95', '2.49'], attacker: ['nan', 'nan', 'nan', 'nan', 'nan']
2026-05-14 09:09:01 | INFO    | dpfl.core.base_simulator | Round  85/150 | Acc: 0.8852 | Loss: 0.3830 | eps_max: 7.58 eps_avg: 5.56 | P: 1.00 R: 1.00 F1: 1.00
2026-05-14 09:09:01 | DEBUG   | dpfl.core.base_simulator | Update norms — honest: ['0.84', '1.43', '2.88', '0.87', '2.46'], attacker: ['nan', 'nan', 'nan', 'nan', 'nan']
2026-05-14 09:09:10 | INFO    | dpfl.core.base_simulator | Round  86/150 | Acc: 0.8853 | Loss: 0.3830 | eps_max: 7.60 eps_avg: 5.60 | P: 1.00 R: 1.00 F1: 1.00
2026-05-14 09:09:10 | DEBUG   | dpfl.core.base_simulator | Update norms — honest: ['2.54', '1.23', '1.30', '2.34', '2.38'], attacker: ['nan', 'nan', 'nan', 'nan', 'nan']
2026-05-14 09:09:20 | INFO    | dpfl.core.base_simulator | Round  87/150 | Acc: 0.8852 | Loss: 0.3832 | eps_max: 7.60 eps_avg: 5.63 | P: 1.00 R: 1.00 F1: 1.00
2026-05-14 09:09:20 | DEBUG   | dpfl.core.base_simulator | Update norms — honest: ['0.56', '1.09', '1.70', '2.78', '2.08'], attacker: ['nan', 'nan', 'nan', 'nan', 'nan']
2026-05-14 09:09:29 | INFO    | dpfl.core.base_simulator | Round  88/150 | Acc: 0.8852 | Loss: 0.3832 | eps_max: 7.83 eps_avg: 5.67 | P: 1.00 R: 1.00 F1: 1.00
2026-05-14 09:09:29 | DEBUG   | dpfl.core.base_simulator | Update norms — honest: ['0.73', '1.63', '1.73', '0.33', '0.81'], attacker: ['nan', 'nan', 'nan', 'nan', 'nan']
2026-05-14 09:09:39 | INFO    | dpfl.core.base_simulator | Round  89/150 | Acc: 0.8852 | Loss: 0.3833 | eps_max: 7.83 eps_avg: 5.70 | P: 1.00 R: 1.00 F1: 1.00
2026-05-14 09:09:39 | DEBUG   | dpfl.core.base_simulator | Update norms — honest: ['3.61', '1.03', '1.26', '1.56', '1.17'], attacker: ['nan', 'nan', 'nan', 'nan', 'nan']
2026-05-14 09:09:48 | INFO    | dpfl.core.base_simulator | Round  90/150 | Acc: 0.8852 | Loss: 0.3835 | eps_max: 7.83 eps_avg: 5.74 | P: 1.00 R: 1.00 F1: 1.00
2026-05-14 09:09:48 | DEBUG   | dpfl.core.base_simulator | Update norms — honest: ['0.94', '3.63', '1.44', '1.25', '1.53'], attacker: ['nan', 'nan', 'nan', 'nan', 'nan']
2026-05-14 09:09:59 | INFO    | dpfl.core.base_simulator | Round  91/150 | Acc: 0.8851 | Loss: 0.3838 | eps_max: 7.84 eps_avg: 5.83 | P: 1.00 R: 1.00 F1: 1.00
2026-05-14 09:09:59 | DEBUG   | dpfl.core.base_simulator | Update norms — honest: ['2.09', '2.46', '1.04', '2.79', '2.06'], attacker: ['nan', 'nan', 'nan', 'nan', 'nan']
2026-05-14 09:10:08 | INFO    | dpfl.core.base_simulator | Round  92/150 | Acc: 0.8851 | Loss: 0.3839 | eps_max: 7.84 eps_avg: 5.86 | P: 1.00 R: 1.00 F1: 1.00
2026-05-14 09:10:08 | DEBUG   | dpfl.core.base_simulator | Update norms — honest: ['1.68', '2.25', '1.32', '1.66', '1.59'], attacker: ['nan', 'nan', 'nan', 'nan', 'nan']
2026-05-14 09:10:18 | INFO    | dpfl.core.base_simulator | Round  93/150 | Acc: 0.8851 | Loss: 0.3841 | eps_max: 7.84 eps_avg: 5.90 | P: 1.00 R: 1.00 F1: 1.00
2026-05-14 09:10:18 | DEBUG   | dpfl.core.base_simulator | Update norms — honest: ['1.76', '2.55', '1.42', '2.76', '0.92'], attacker: ['nan', 'nan', 'nan', 'nan', 'nan']
2026-05-14 09:10:28 | INFO    | dpfl.core.base_simulator | Round  94/150 | Acc: 0.8851 | Loss: 0.3844 | eps_max: 8.05 eps_avg: 5.94 | P: 1.00 R: 1.00 F1: 1.00
2026-05-14 09:10:28 | DEBUG   | dpfl.core.base_simulator | Update norms — honest: ['1.99', '3.12', '2.62', '0.86', '1.45'], attacker: ['nan', 'nan', 'nan', 'nan', 'nan']
2026-05-14 09:10:28 | WARNING | dpfl.algorithms.noise_game.simulator | Round  94/150 | Budget exceeded (eps_max=8.05 > 8.00)
2026-05-14 09:10:29 | INFO    | dpfl | Experiment complete in 1680.2s
============================================================
REPORT: DP-SGD Decentralized Federated Learning
============================================================
Timestamp:                  20260514_084228
Rounds completed:           94
Attack-active rounds:       44  (from round 50)
Final accuracy:             0.8851
Final test loss:            0.3844
Final epsilon (max honest): 8.05
Final epsilon (avg honest): 5.94
Best alpha:                 1000.0
Avg precision:              1.0000
Avg recall:                 0.9630
Avg F1 score:               0.9908
Avg update norm (honest):   1.2321
Avg update norm (attacker): nan

eps_system (max honest): 8.0486
eps_avg (honest):        5.9427
eps_std (honest):        1.2956
n_frozen:                0/300
============================================================
