2026-05-14 13:02:16 | INFO    | dpfl | Experiment start: algorithm=noise_game, dataset=fashion_mnist, model=mlp, device=cuda
2026-05-14 13:02:16 | INFO    | dpfl | Config: nodes=500, attackers=200, rounds=150, noise_mode=none, attack=scale
2026-05-14 13:02:16 | INFO    | dpfl.data.fashion_mnist_dataset | Loading Fashion-MNIST dataset...
2026-05-14 13:02:16 | INFO    | dpfl.data.fashion_mnist_dataset | Fashion-MNIST loaded: 60000 train, 10000 test samples
2026-05-14 13:04:39 | INFO    | dpfl.core.base_simulator | Vectorized state ready: param_spec.D=50890, X_test=(10000, 1, 28, 28), train clients N=500, max_n_samples=1000
2026-05-14 13:04:39 | INFO    | dpfl.core.base_simulator | Setup complete: 500 nodes (200 attackers), param_dim=50890, split=iid
2026-05-14 13:04:39 | DEBUG   | dpfl.core.base_simulator | Attacker IDs: {0, 1, 2, 3, 4, 5, 6, 7, 8, 9, 10, 11, 12, 13, 14, 15, 16, 17, 18, 19, 20, 21, 22, 23, 24, 25, 26, 27, 28, 29, 30, 31, 32, 33, 34, 35, 36, 37, 38, 39, 40, 41, 42, 43, 44, 45, 46, 47, 48, 49, 50, 51, 52, 53, 54, 55, 56, 57, 58, 59, 60, 61, 62, 63, 64, 65, 66, 67, 68, 69, 70, 71, 72, 73, 74, 75, 76, 77, 78, 79, 80, 81, 82, 83, 84, 85, 86, 87, 88, 89, 90, 91, 92, 93, 94, 95, 96, 97, 98, 99, 100, 101, 102, 103, 104, 105, 106, 107, 108, 109, 110, 111, 112, 113, 114, 115, 116, 117, 118, 119, 120, 121, 122, 123, 124, 125, 126, 127, 128, 129, 130, 131, 132, 133, 134, 135, 136, 137, 138, 139, 140, 141, 142, 143, 144, 145, 146, 147, 148, 149, 150, 151, 152, 153, 154, 155, 156, 157, 158, 159, 160, 161, 162, 163, 164, 165, 166, 167, 168, 169, 170, 171, 172, 173, 174, 175, 176, 177, 178, 179, 180, 181, 182, 183, 184, 185, 186, 187, 188, 189, 190, 191, 192, 193, 194, 195, 196, 197, 198, 199}
2026-05-14 13:04:47 | INFO    | dpfl.core.base_simulator | Round   1/150 | Acc: 0.4581 | Loss: 1.9725 | eps_max: 1.91 eps_avg: 0.79 | P: nan R: nan F1: nan
2026-05-14 13:04:47 | DEBUG   | dpfl.core.base_simulator | Update norms — honest: ['0.56', '0.56', '0.56', '0.56', '0.57'], attacker: ['0.56', '0.57', '0.57', '0.56', '0.56']
2026-05-14 13:04:54 | INFO    | dpfl.core.base_simulator | Round   2/150 | Acc: 0.5717 | Loss: 1.7057 | eps_max: 1.95 eps_avg: 0.86 | P: nan R: nan F1: nan
2026-05-14 13:04:54 | DEBUG   | dpfl.core.base_simulator | Update norms — honest: ['0.56', '0.56', '0.56', '0.56', '0.56'], attacker: ['0.95', '0.97', '0.97', '0.96', '0.97']
2026-05-14 13:05:02 | INFO    | dpfl.core.base_simulator | Round   3/150 | Acc: 0.6214 | Loss: 1.4811 | eps_max: 2.06 eps_avg: 0.95 | P: nan R: nan F1: nan
2026-05-14 13:05:02 | DEBUG   | dpfl.core.base_simulator | Update norms — honest: ['0.55', '0.55', '0.55', '0.55', '0.55'], attacker: ['1.53', '1.51', '1.53', '1.55', '1.52']
2026-05-14 13:05:08 | INFO    | dpfl.core.base_simulator | Round   4/150 | Acc: 0.6507 | Loss: 1.3050 | eps_max: 2.22 eps_avg: 1.08 | P: nan R: nan F1: nan
2026-05-14 13:05:08 | DEBUG   | dpfl.core.base_simulator | Update norms — honest: ['0.55', '0.54', '0.55', '0.54', '0.55'], attacker: ['2.02', '2.04', '2.02', '2.04', '2.03']
2026-05-14 13:05:16 | INFO    | dpfl.core.base_simulator | Round   5/150 | Acc: 0.6730 | Loss: 1.1756 | eps_max: 2.42 eps_avg: 1.20 | P: nan R: nan F1: nan
2026-05-14 13:05:16 | DEBUG   | dpfl.core.base_simulator | Update norms — honest: ['0.54', '0.54', '0.54', '0.54', '0.54'], attacker: ['2.47', '2.49', '2.44', '2.42', '2.47']
2026-05-14 13:05:23 | INFO    | dpfl.core.base_simulator | Round   6/150 | Acc: 0.6906 | Loss: 1.0815 | eps_max: 2.46 eps_avg: 1.26 | P: nan R: nan F1: nan
2026-05-14 13:05:23 | DEBUG   | dpfl.core.base_simulator | Update norms — honest: ['0.54', '1.02', '1.02', '0.53', '1.02'], attacker: ['2.86', '2.92', '2.86', '2.87', '2.90']
2026-05-14 13:05:29 | INFO    | dpfl.core.base_simulator | Round   7/150 | Acc: 0.7022 | Loss: 1.0112 | eps_max: 2.51 eps_avg: 1.33 | P: nan R: nan F1: nan
2026-05-14 13:05:29 | DEBUG   | dpfl.core.base_simulator | Update norms — honest: ['0.97', '0.53', '0.89', '0.53', '0.53'], attacker: ['3.26', '3.29', '3.27', '3.22', '3.26']
2026-05-14 13:05:36 | INFO    | dpfl.core.base_simulator | Round   8/150 | Acc: 0.7103 | Loss: 0.9573 | eps_max: 2.57 eps_avg: 1.41 | P: nan R: nan F1: nan
2026-05-14 13:05:36 | DEBUG   | dpfl.core.base_simulator | Update norms — honest: ['0.53', '0.91', '0.83', '0.53', '0.52'], attacker: ['3.68', '3.54', '3.54', '3.64', '3.52']
2026-05-14 13:05:43 | INFO    | dpfl.core.base_simulator | Round   9/150 | Acc: 0.7165 | Loss: 0.9145 | eps_max: 2.63 eps_avg: 1.49 | P: nan R: nan F1: nan
2026-05-14 13:05:43 | DEBUG   | dpfl.core.base_simulator | Update norms — honest: ['0.52', '0.52', '0.93', '1.46', '0.52'], attacker: ['3.93', '3.86', '3.97', '3.99', '4.03']
2026-05-14 13:05:50 | INFO    | dpfl.core.base_simulator | Round  10/150 | Acc: 0.7226 | Loss: 0.8794 | eps_max: 2.69 eps_avg: 1.54 | P: nan R: nan F1: nan
2026-05-14 13:05:50 | DEBUG   | dpfl.core.base_simulator | Update norms — honest: ['0.84', '0.51', '0.75', '0.51', '0.72'], attacker: ['3.73', '4.23', '4.23', '4.33', '4.28']
2026-05-14 13:05:57 | INFO    | dpfl.core.base_simulator | Round  11/150 | Acc: 0.7276 | Loss: 0.8502 | eps_max: 2.74 eps_avg: 1.62 | P: nan R: nan F1: nan
2026-05-14 13:05:57 | DEBUG   | dpfl.core.base_simulator | Update norms — honest: ['0.51', '0.51', '0.93', '0.51', '0.51'], attacker: ['4.37', '4.44', '4.49', '4.65', '4.38']
2026-05-14 13:06:03 | INFO    | dpfl.core.base_simulator | Round  12/150 | Acc: 0.7322 | Loss: 0.8252 | eps_max: 2.80 eps_avg: 1.68 | P: nan R: nan F1: nan
2026-05-14 13:06:03 | DEBUG   | dpfl.core.base_simulator | Update norms — honest: ['0.51', '0.88', '0.92', '0.51', '1.34'], attacker: ['4.11', '4.59', '4.87', '4.98', '4.56']
2026-05-14 13:06:11 | INFO    | dpfl.core.base_simulator | Round  13/150 | Acc: 0.7362 | Loss: 0.8039 | eps_max: 2.87 eps_avg: 1.73 | P: nan R: nan F1: nan
2026-05-14 13:06:11 | DEBUG   | dpfl.core.base_simulator | Update norms — honest: ['1.36', '0.50', '1.88', '1.41', '0.90'], attacker: ['4.78', '4.82', '4.57', '4.91', '5.07']
2026-05-14 13:06:18 | INFO    | dpfl.core.base_simulator | Round  14/150 | Acc: 0.7398 | Loss: 0.7853 | eps_max: 2.96 eps_avg: 1.78 | P: nan R: nan F1: nan
2026-05-14 13:06:18 | DEBUG   | dpfl.core.base_simulator | Update norms — honest: ['0.85', '0.90', '0.50', '0.49', '0.85'], attacker: ['5.14', '5.04', '4.80', '5.40', '5.43']
2026-05-14 13:06:25 | INFO    | dpfl.core.base_simulator | Round  15/150 | Acc: 0.7431 | Loss: 0.7692 | eps_max: 3.07 eps_avg: 1.83 | P: nan R: nan F1: nan
2026-05-14 13:06:25 | DEBUG   | dpfl.core.base_simulator | Update norms — honest: ['0.67', '0.49', '1.85', '0.49', '0.49'], attacker: ['5.49', '5.54', '5.74', '5.71', '5.48']
2026-05-14 13:06:32 | INFO    | dpfl.core.base_simulator | Round  16/150 | Acc: 0.7461 | Loss: 0.7549 | eps_max: 3.19 eps_avg: 1.89 | P: nan R: nan F1: nan
2026-05-14 13:06:32 | DEBUG   | dpfl.core.base_simulator | Update norms — honest: ['0.71', '0.89', '1.85', '1.28', '0.48'], attacker: ['5.53', '5.99', '5.17', '5.75', '5.37']
2026-05-14 13:06:39 | INFO    | dpfl.core.base_simulator | Round  17/150 | Acc: 0.7489 | Loss: 0.7422 | eps_max: 3.28 eps_avg: 1.93 | P: nan R: nan F1: nan
2026-05-14 13:06:39 | DEBUG   | dpfl.core.base_simulator | Update norms — honest: ['0.87', '1.33', '1.72', '0.48', '1.37'], attacker: ['5.82', '6.08', '5.87', '6.09', '4.51']
2026-05-14 13:06:46 | INFO    | dpfl.core.base_simulator | Round  18/150 | Acc: 0.7517 | Loss: 0.7308 | eps_max: 3.43 eps_avg: 2.01 | P: nan R: nan F1: nan
2026-05-14 13:06:46 | DEBUG   | dpfl.core.base_simulator | Update norms — honest: ['1.07', '1.73', '0.48', '0.79', '0.90'], attacker: ['5.87', '6.26', '5.73', '5.87', '5.14']
2026-05-14 13:06:53 | INFO    | dpfl.core.base_simulator | Round  19/150 | Acc: 0.7543 | Loss: 0.7205 | eps_max: 3.52 eps_avg: 2.08 | P: nan R: nan F1: nan
2026-05-14 13:06:53 | DEBUG   | dpfl.core.base_simulator | Update norms — honest: ['0.47', '1.63', '0.47', '0.88', '0.47'], attacker: ['5.70', '5.99', '6.08', '6.56', '6.43']
2026-05-14 13:07:00 | INFO    | dpfl.core.base_simulator | Round  20/150 | Acc: 0.7562 | Loss: 0.7112 | eps_max: 3.57 eps_avg: 2.15 | P: nan R: nan F1: nan
2026-05-14 13:07:00 | DEBUG   | dpfl.core.base_simulator | Update norms — honest: ['0.98', '1.48', '1.59', '1.08', '0.47'], attacker: ['5.19', '6.08', '6.56', '6.41', '6.43']
2026-05-14 13:07:07 | INFO    | dpfl.core.base_simulator | Round  21/150 | Acc: 0.7584 | Loss: 0.7026 | eps_max: 3.61 eps_avg: 2.21 | P: nan R: nan F1: nan
2026-05-14 13:07:07 | DEBUG   | dpfl.core.base_simulator | Update norms — honest: ['0.46', '0.46', '1.63', '0.54', '0.70'], attacker: ['4.48', '6.70', '6.21', '6.29', '6.66']
2026-05-14 13:07:14 | INFO    | dpfl.core.base_simulator | Round  22/150 | Acc: 0.7602 | Loss: 0.6951 | eps_max: 3.66 eps_avg: 2.26 | P: nan R: nan F1: nan
2026-05-14 13:07:14 | DEBUG   | dpfl.core.base_simulator | Update norms — honest: ['1.15', '0.83', '0.53', '0.86', '0.46'], attacker: ['4.80', '6.71', '5.33', '6.21', '6.87']
2026-05-14 13:07:22 | INFO    | dpfl.core.base_simulator | Round  23/150 | Acc: 0.7620 | Loss: 0.6876 | eps_max: 3.70 eps_avg: 2.32 | P: nan R: nan F1: nan
2026-05-14 13:07:22 | DEBUG   | dpfl.core.base_simulator | Update norms — honest: ['0.82', '1.23', '1.40', '0.72', '0.83'], attacker: ['6.36', '6.48', '5.75', '6.49', '6.20']
2026-05-14 13:07:30 | INFO    | dpfl.core.base_simulator | Round  24/150 | Acc: 0.7638 | Loss: 0.6812 | eps_max: 3.73 eps_avg: 2.38 | P: nan R: nan F1: nan
2026-05-14 13:07:30 | DEBUG   | dpfl.core.base_simulator | Update norms — honest: ['1.62', '0.38', '1.25', '1.53', '0.45'], attacker: ['6.72', '7.14', '6.30', '7.24', '6.11']
2026-05-14 13:07:37 | INFO    | dpfl.core.base_simulator | Round  25/150 | Acc: 0.7655 | Loss: 0.6750 | eps_max: 3.79 eps_avg: 2.43 | P: nan R: nan F1: nan
2026-05-14 13:07:37 | DEBUG   | dpfl.core.base_simulator | Update norms — honest: ['2.09', '1.14', '0.44', '0.80', '0.66'], attacker: ['5.91', '7.19', '7.35', '7.00', '6.24']
2026-05-14 13:07:45 | INFO    | dpfl.core.base_simulator | Round  26/150 | Acc: 0.7669 | Loss: 0.6696 | eps_max: 3.84 eps_avg: 2.49 | P: nan R: nan F1: nan
2026-05-14 13:07:45 | DEBUG   | dpfl.core.base_simulator | Update norms — honest: ['0.44', '0.70', '0.77', '0.99', '0.44'], attacker: ['6.80', '6.75', '7.47', '7.34', '6.39']
2026-05-14 13:07:52 | INFO    | dpfl.core.base_simulator | Round  27/150 | Acc: 0.7682 | Loss: 0.6641 | eps_max: 3.87 eps_avg: 2.54 | P: nan R: nan F1: nan
2026-05-14 13:07:52 | DEBUG   | dpfl.core.base_simulator | Update norms — honest: ['1.14', '0.41', '1.79', '0.99', '0.43'], attacker: ['7.38', '6.71', '7.27', '7.23', '6.59']
2026-05-14 13:08:00 | INFO    | dpfl.core.base_simulator | Round  28/150 | Acc: 0.7698 | Loss: 0.6592 | eps_max: 3.92 eps_avg: 2.59 | P: nan R: nan F1: nan
2026-05-14 13:08:00 | DEBUG   | dpfl.core.base_simulator | Update norms — honest: ['0.60', '0.43', '0.43', '1.21', '1.75'], attacker: ['7.54', '6.87', '6.39', '7.52', '5.77']
2026-05-14 13:08:07 | INFO    | dpfl.core.base_simulator | Round  29/150 | Acc: 0.7712 | Loss: 0.6545 | eps_max: 3.98 eps_avg: 2.63 | P: nan R: nan F1: nan
2026-05-14 13:08:07 | DEBUG   | dpfl.core.base_simulator | Update norms — honest: ['1.23', '0.43', '1.24', '1.41', '0.97'], attacker: ['7.35', '7.23', '5.95', '7.26', '5.01']
2026-05-14 13:08:14 | INFO    | dpfl.core.base_simulator | Round  30/150 | Acc: 0.7723 | Loss: 0.6502 | eps_max: 4.03 eps_avg: 2.67 | P: nan R: nan F1: nan
2026-05-14 13:08:14 | DEBUG   | dpfl.core.base_simulator | Update norms — honest: ['0.44', '0.99', '0.70', '1.43', '0.42'], attacker: ['6.71', '7.34', '5.94', '6.69', '6.14']
2026-05-14 13:08:23 | INFO    | dpfl.core.base_simulator | Round  31/150 | Acc: 0.7735 | Loss: 0.6461 | eps_max: 4.09 eps_avg: 2.73 | P: nan R: nan F1: nan
2026-05-14 13:08:23 | DEBUG   | dpfl.core.base_simulator | Update norms — honest: ['2.09', '0.67', '2.11', '0.42', '0.37'], attacker: ['5.62', '7.39', '6.82', '6.71', '5.81']
2026-05-14 13:08:30 | INFO    | dpfl.core.base_simulator | Round  32/150 | Acc: 0.7747 | Loss: 0.6422 | eps_max: 4.14 eps_avg: 2.76 | P: nan R: nan F1: nan
2026-05-14 13:08:30 | DEBUG   | dpfl.core.base_simulator | Update norms — honest: ['0.60', '0.63', '1.06', '0.41', '1.06'], attacker: ['6.65', '6.96', '7.03', '7.19', '5.78']
2026-05-14 13:08:37 | INFO    | dpfl.core.base_simulator | Round  33/150 | Acc: 0.7756 | Loss: 0.6388 | eps_max: 4.19 eps_avg: 2.80 | P: nan R: nan F1: nan
2026-05-14 13:08:37 | DEBUG   | dpfl.core.base_simulator | Update norms — honest: ['0.91', '0.41', '1.57', '0.62', '1.50'], attacker: ['6.09', '7.09', '6.52', '6.73', '7.18']
2026-05-14 13:08:44 | INFO    | dpfl.core.base_simulator | Round  34/150 | Acc: 0.7767 | Loss: 0.6353 | eps_max: 4.23 eps_avg: 2.84 | P: nan R: nan F1: nan
2026-05-14 13:08:44 | DEBUG   | dpfl.core.base_simulator | Update norms — honest: ['0.97', '1.64', '0.40', '0.49', '0.41'], attacker: ['4.67', '6.45', '6.54', '7.21', '5.82']
2026-05-14 13:08:52 | INFO    | dpfl.core.base_simulator | Round  35/150 | Acc: 0.7777 | Loss: 0.6321 | eps_max: 4.28 eps_avg: 2.87 | P: nan R: nan F1: nan
2026-05-14 13:08:52 | DEBUG   | dpfl.core.base_simulator | Update norms — honest: ['0.77', '0.58', '0.40', '0.52', '0.39'], attacker: ['5.25', '7.20', '6.29', '7.37', '5.43']
2026-05-14 13:08:59 | INFO    | dpfl.core.base_simulator | Round  36/150 | Acc: 0.7785 | Loss: 0.6291 | eps_max: 4.37 eps_avg: 2.90 | P: nan R: nan F1: nan
2026-05-14 13:08:59 | DEBUG   | dpfl.core.base_simulator | Update norms — honest: ['0.62', '0.60', '1.43', '1.08', '0.40'], attacker: ['6.12', '6.03', '6.39', '5.72', '5.40']
2026-05-14 13:09:06 | INFO    | dpfl.core.base_simulator | Round  37/150 | Acc: 0.7789 | Loss: 0.6266 | eps_max: 4.42 eps_avg: 2.94 | P: nan R: nan F1: nan
2026-05-14 13:09:06 | DEBUG   | dpfl.core.base_simulator | Update norms — honest: ['0.39', '0.31', '0.90', '0.69', '1.16'], attacker: ['5.57', '6.38', '6.19', '5.71', '6.27']
2026-05-14 13:09:14 | INFO    | dpfl.core.base_simulator | Round  38/150 | Acc: 0.7799 | Loss: 0.6242 | eps_max: 4.58 eps_avg: 2.98 | P: nan R: nan F1: nan
2026-05-14 13:09:14 | DEBUG   | dpfl.core.base_simulator | Update norms — honest: ['2.47', '0.36', '1.88', '1.44', '0.52'], attacker: ['5.17', '6.84', '6.42', '5.92', '7.16']
2026-05-14 13:09:22 | INFO    | dpfl.core.base_simulator | Round  39/150 | Acc: 0.7807 | Loss: 0.6213 | eps_max: 4.66 eps_avg: 3.01 | P: nan R: nan F1: nan
2026-05-14 13:09:22 | DEBUG   | dpfl.core.base_simulator | Update norms — honest: ['0.25', '1.06', '2.27', '0.64', '0.58'], attacker: ['6.18', '6.17', '6.08', '7.50', '6.21']
2026-05-14 13:09:30 | INFO    | dpfl.core.base_simulator | Round  40/150 | Acc: 0.7814 | Loss: 0.6190 | eps_max: 4.73 eps_avg: 3.04 | P: nan R: nan F1: nan
2026-05-14 13:09:30 | DEBUG   | dpfl.core.base_simulator | Update norms — honest: ['1.07', '0.92', '0.38', '1.43', '0.92'], attacker: ['6.87', '6.65', '6.73', '6.84', '6.81']
2026-05-14 13:09:37 | INFO    | dpfl.core.base_simulator | Round  41/150 | Acc: 0.7821 | Loss: 0.6168 | eps_max: 4.85 eps_avg: 3.08 | P: nan R: nan F1: nan
2026-05-14 13:09:37 | DEBUG   | dpfl.core.base_simulator | Update norms — honest: ['2.26', '0.60', '0.51', '0.74', '1.66'], attacker: ['5.29', '5.81', '7.20', '6.06', '5.67']
2026-05-14 13:09:45 | INFO    | dpfl.core.base_simulator | Round  42/150 | Acc: 0.7829 | Loss: 0.6146 | eps_max: 4.90 eps_avg: 3.10 | P: nan R: nan F1: nan
2026-05-14 13:09:45 | DEBUG   | dpfl.core.base_simulator | Update norms — honest: ['1.03', '1.61', '1.04', '0.73', '0.67'], attacker: ['4.54', '5.86', '7.04', '6.74', '5.19']
2026-05-14 13:09:52 | INFO    | dpfl.core.base_simulator | Round  43/150 | Acc: 0.7833 | Loss: 0.6128 | eps_max: 4.95 eps_avg: 3.14 | P: nan R: nan F1: nan
2026-05-14 13:09:52 | DEBUG   | dpfl.core.base_simulator | Update norms — honest: ['1.11', '0.94', '0.57', '1.55', '0.97'], attacker: ['3.10', '7.10', '5.53', '6.97', '4.48']
2026-05-14 13:10:01 | INFO    | dpfl.core.base_simulator | Round  44/150 | Acc: 0.7841 | Loss: 0.6105 | eps_max: 4.98 eps_avg: 3.18 | P: nan R: nan F1: nan
2026-05-14 13:10:01 | DEBUG   | dpfl.core.base_simulator | Update norms — honest: ['0.96', '1.67', '1.36', '0.63', '1.50'], attacker: ['1.71', '6.51', '5.37', '7.81', '4.49']
2026-05-14 13:10:08 | INFO    | dpfl.core.base_simulator | Round  45/150 | Acc: 0.7848 | Loss: 0.6085 | eps_max: 5.01 eps_avg: 3.23 | P: nan R: nan F1: nan
2026-05-14 13:10:08 | DEBUG   | dpfl.core.base_simulator | Update norms — honest: ['1.93', '0.36', '1.07', '1.01', '0.35'], attacker: ['4.59', '6.90', '5.85', '6.98', '5.65']
2026-05-14 13:10:15 | INFO    | dpfl.core.base_simulator | Round  46/150 | Acc: 0.7853 | Loss: 0.6069 | eps_max: 5.08 eps_avg: 3.26 | P: nan R: nan F1: nan
2026-05-14 13:10:15 | DEBUG   | dpfl.core.base_simulator | Update norms — honest: ['0.74', '0.83', '1.04', '1.19', '1.22'], attacker: ['3.71', '5.84', '5.68', '6.57', '5.62']
2026-05-14 13:10:22 | INFO    | dpfl.core.base_simulator | Round  47/150 | Acc: 0.7859 | Loss: 0.6052 | eps_max: 5.14 eps_avg: 3.29 | P: nan R: nan F1: nan
2026-05-14 13:10:22 | DEBUG   | dpfl.core.base_simulator | Update norms — honest: ['1.33', '1.19', '1.47', '1.72', '0.72'], attacker: ['5.57', '6.97', '6.24', '6.70', '5.97']
2026-05-14 13:10:29 | INFO    | dpfl.core.base_simulator | Round  48/150 | Acc: 0.7862 | Loss: 0.6037 | eps_max: 5.29 eps_avg: 3.33 | P: nan R: nan F1: nan
2026-05-14 13:10:29 | DEBUG   | dpfl.core.base_simulator | Update norms — honest: ['0.40', '1.14', '2.17', '0.35', '0.94'], attacker: ['4.39', '6.97', '6.27', '5.97', '5.84']
2026-05-14 13:10:36 | INFO    | dpfl.core.base_simulator | Round  49/150 | Acc: 0.7869 | Loss: 0.6022 | eps_max: 5.43 eps_avg: 3.35 | P: nan R: nan F1: nan
2026-05-14 13:10:36 | DEBUG   | dpfl.core.base_simulator | Update norms — honest: ['1.33', '2.26', '0.54', '1.00', '0.49'], attacker: ['3.53', '5.65', '5.88', '6.25', '5.46']
2026-05-14 13:10:43 | INFO    | dpfl.core.base_simulator | Round  50/150 | Acc: 0.7874 | Loss: 0.6007 | eps_max: 5.52 eps_avg: 3.37 | P: nan R: nan F1: nan
2026-05-14 13:10:43 | DEBUG   | dpfl.core.base_simulator | Update norms — honest: ['3.00', '0.24', '0.82', '1.00', '0.91'], attacker: ['4.28', '5.44', '5.37', '5.24', '6.05']
2026-05-14 13:10:45 | INFO    | dpfl.core.base_simulator | Round  51/150 | Acc: 0.7873 | Loss: 0.6007 | eps_max: 5.07 eps_avg: 2.67 | P: nan R: 0.00 F1: nan
2026-05-14 13:10:45 | DEBUG   | dpfl.core.base_simulator | Update norms — honest: ['0.13', '0.47', '0.47', '1.29', '0.34'], attacker: ['1.99', '2.74', '2.50', '2.59', '2.40']
2026-05-14 13:10:47 | INFO    | dpfl.core.base_simulator | Round  52/150 | Acc: 0.7850 | Loss: 0.6099 | eps_max: 5.19 eps_avg: 2.70 | P: 1.00 R: 0.28 F1: 0.49
2026-05-14 13:10:47 | DEBUG   | dpfl.core.base_simulator | Update norms — honest: ['0.44', '1.26', '0.98', '0.56', '1.14'], attacker: ['6.41', '8.51', '8.29', '7.86', '8.97']
2026-05-14 13:10:48 | INFO    | dpfl.core.base_simulator | Round  53/150 | Acc: 0.7882 | Loss: 0.5986 | eps_max: 5.19 eps_avg: 2.75 | P: 1.00 R: 1.00 F1: 1.00
2026-05-14 13:10:48 | DEBUG   | dpfl.core.base_simulator | Update norms — honest: ['0.34', '0.72', '1.76', '0.34', '1.95'], attacker: ['32.07', '27.26', '30.79', '32.95', '43.24']
2026-05-14 13:10:50 | INFO    | dpfl.core.base_simulator | Round  54/150 | Acc: 0.7887 | Loss: 0.5968 | eps_max: 5.19 eps_avg: 2.78 | P: 1.00 R: 1.00 F1: 1.00
2026-05-14 13:10:50 | DEBUG   | dpfl.core.base_simulator | Update norms — honest: ['1.23', '0.33', '0.45', '0.34', '0.61'], attacker: ['136.70', '99.56', '121.70', '128.38', '194.33']
2026-05-14 13:10:52 | INFO    | dpfl.core.base_simulator | Round  55/150 | Acc: 0.7892 | Loss: 0.5956 | eps_max: 5.19 eps_avg: 2.80 | P: 1.00 R: 1.00 F1: 1.00
2026-05-14 13:10:52 | DEBUG   | dpfl.core.base_simulator | Update norms — honest: ['2.03', '2.05', '0.35', '0.82', '0.82'], attacker: ['606.65', '484.22', '552.04', '575.38', '833.80']
2026-05-14 13:10:53 | INFO    | dpfl.core.base_simulator | Round  56/150 | Acc: 0.7894 | Loss: 0.5946 | eps_max: 5.19 eps_avg: 2.82 | P: 1.00 R: 1.00 F1: 1.00
2026-05-14 13:10:53 | DEBUG   | dpfl.core.base_simulator | Update norms — honest: ['1.70', '0.74', '0.38', '1.06', '0.62'], attacker: ['3174.69', '2551.03', '2594.99', '2924.36', '4234.75']
2026-05-14 13:10:55 | INFO    | dpfl.core.base_simulator | Round  57/150 | Acc: 0.7900 | Loss: 0.5931 | eps_max: 5.26 eps_avg: 2.85 | P: 1.00 R: 1.00 F1: 1.00
2026-05-14 13:10:55 | DEBUG   | dpfl.core.base_simulator | Update norms — honest: ['0.40', '0.56', '0.88', '1.11', '0.43'], attacker: ['15428.12', '12678.88', '14284.14', '15195.57', '18279.63']
2026-05-14 13:10:57 | INFO    | dpfl.core.base_simulator | Round  58/150 | Acc: 0.7900 | Loss: 0.5926 | eps_max: 5.30 eps_avg: 2.94 | P: 1.00 R: 1.00 F1: 1.00
2026-05-14 13:10:57 | DEBUG   | dpfl.core.base_simulator | Update norms — honest: ['1.46', '0.50', '0.70', '1.04', '0.95'], attacker: ['92237.15', '82505.96', '74841.75', '94781.02', '108951.81']
2026-05-14 13:10:59 | INFO    | dpfl.core.base_simulator | Round  59/150 | Acc: 0.7906 | Loss: 0.5914 | eps_max: 5.30 eps_avg: 3.03 | P: 1.00 R: 1.00 F1: 1.00
2026-05-14 13:10:59 | DEBUG   | dpfl.core.base_simulator | Update norms — honest: ['1.49', '0.96', '0.34', '0.92', '2.45'], attacker: ['495721.56', '509022.69', '434340.84', '495519.19', '540402.81']
2026-05-14 13:11:01 | INFO    | dpfl.core.base_simulator | Round  60/150 | Acc: 0.7908 | Loss: 0.5907 | eps_max: 5.30 eps_avg: 3.06 | P: 1.00 R: 1.00 F1: 1.00
2026-05-14 13:11:01 | DEBUG   | dpfl.core.base_simulator | Update norms — honest: ['1.01', '0.73', '0.88', '0.96', '0.43'], attacker: ['3199926.50', '3224145.75', '2691909.50', '3341099.00', '3481762.25']
2026-05-14 13:11:03 | INFO    | dpfl.core.base_simulator | Round  61/150 | Acc: 0.7911 | Loss: 0.5901 | eps_max: 5.30 eps_avg: 3.07 | P: 1.00 R: 1.00 F1: 1.00
2026-05-14 13:11:03 | DEBUG   | dpfl.core.base_simulator | Update norms — honest: ['1.35', '0.87', '0.44', '1.01', '1.31'], attacker: ['19133040.00', '20538384.00', '17368194.00', '18873348.00', '20195044.00']
2026-05-14 13:11:05 | INFO    | dpfl.core.base_simulator | Round  62/150 | Acc: 0.7912 | Loss: 0.5895 | eps_max: 5.31 eps_avg: 3.12 | P: 1.00 R: 1.00 F1: 1.00
2026-05-14 13:11:05 | DEBUG   | dpfl.core.base_simulator | Update norms — honest: ['0.48', '0.34', '2.22', '0.99', '1.13'], attacker: ['123241712.00', '126387304.00', '116654336.00', '124988408.00', '126085312.00']
2026-05-14 13:11:08 | INFO    | dpfl.core.base_simulator | Round  63/150 | Acc: 0.7917 | Loss: 0.5883 | eps_max: 5.37 eps_avg: 3.18 | P: 1.00 R: 1.00 F1: 1.00
2026-05-14 13:11:08 | DEBUG   | dpfl.core.base_simulator | Update norms — honest: ['1.82', '0.34', '1.00', '0.82', '1.17'], attacker: ['728155136.00', '725788160.00', '685370944.00', '800096832.00', '695348736.00']
2026-05-14 13:11:10 | INFO    | dpfl.core.base_simulator | Round  64/150 | Acc: 0.7920 | Loss: 0.5877 | eps_max: 5.37 eps_avg: 3.23 | P: 1.00 R: 1.00 F1: 1.00
2026-05-14 13:11:10 | DEBUG   | dpfl.core.base_simulator | Update norms — honest: ['0.85', '1.08', '0.87', '0.42', '0.81'], attacker: ['4982555648.00', '5056994304.00', '4866541568.00', '5073808384.00', '5105640960.00']
2026-05-14 13:11:12 | INFO    | dpfl.core.base_simulator | Round  65/150 | Acc: 0.7922 | Loss: 0.5872 | eps_max: 5.37 eps_avg: 3.29 | P: 1.00 R: 1.00 F1: 1.00
2026-05-14 13:11:12 | DEBUG   | dpfl.core.base_simulator | Update norms — honest: ['1.92', '1.21', '1.88', '0.82', '0.81'], attacker: ['30639085568.00', '33586280448.00', '29053323264.00', '31085631488.00', '30205491200.00']
2026-05-14 13:11:14 | INFO    | dpfl.core.base_simulator | Round  66/150 | Acc: 0.7926 | Loss: 0.5863 | eps_max: 5.47 eps_avg: 3.32 | P: 1.00 R: 1.00 F1: 1.00
2026-05-14 13:11:14 | DEBUG   | dpfl.core.base_simulator | Update norms — honest: ['0.28', '0.90', '1.74', '0.61', '0.08'], attacker: ['223036833792.00', '224954482688.00', '214128197632.00', '226652569600.00', '222338662400.00']
2026-05-14 13:11:16 | INFO    | dpfl.core.base_simulator | Round  67/150 | Acc: 0.7930 | Loss: 0.5856 | eps_max: 5.47 eps_avg: 3.35 | P: 1.00 R: 1.00 F1: 1.00
2026-05-14 13:11:16 | DEBUG   | dpfl.core.base_simulator | Update norms — honest: ['1.94', '1.26', '1.63', '1.55', '0.24'], attacker: ['1471037833216.00', '1316387422208.00', '1287328759808.00', '1477078024192.00', '1304456462336.00']
2026-05-14 13:11:18 | INFO    | dpfl.core.base_simulator | Round  68/150 | Acc: 0.7929 | Loss: 0.5856 | eps_max: 5.47 eps_avg: 3.44 | P: 1.00 R: 1.00 F1: 1.00
2026-05-14 13:11:18 | DEBUG   | dpfl.core.base_simulator | Update norms — honest: ['0.34', '2.18', '0.78', '0.93', '0.70'], attacker: ['9116247392256.00', '9276826320896.00', '9012313587712.00', '9389125664768.00', '9353075621888.00']
2026-05-14 13:11:20 | INFO    | dpfl.core.base_simulator | Round  69/150 | Acc: 0.7932 | Loss: 0.5850 | eps_max: 5.47 eps_avg: 3.49 | P: 1.00 R: 1.00 F1: 1.00
2026-05-14 13:11:20 | DEBUG   | dpfl.core.base_simulator | Update norms — honest: ['0.34', '1.36', '0.38', '0.64', '1.52'], attacker: ['52046573076480.00', '56095385059328.00', '57383007027200.00', '53750936895488.00', '54152646361088.00']
2026-05-14 13:11:22 | INFO    | dpfl.core.base_simulator | Round  70/150 | Acc: 0.7933 | Loss: 0.5846 | eps_max: 5.55 eps_avg: 3.52 | P: 1.00 R: 1.00 F1: 1.00
2026-05-14 13:11:22 | DEBUG   | dpfl.core.base_simulator | Update norms — honest: ['0.17', '0.96', '0.46', '2.11', '0.62'], attacker: ['370181687738368.00', '375044463132672.00', '373351105167360.00', '361407505760256.00', '358662283460608.00']
2026-05-14 13:11:23 | INFO    | dpfl.core.base_simulator | Round  71/150 | Acc: 0.7937 | Loss: 0.5838 | eps_max: 5.56 eps_avg: 3.55 | P: 1.00 R: 1.00 F1: 1.00
2026-05-14 13:11:23 | DEBUG   | dpfl.core.base_simulator | Update norms — honest: ['1.58', '0.55', '1.59', '1.97', '1.32'], attacker: ['2130158555234304.00', '2230214784450560.00', '2333559616438272.00', '2131573075869696.00', '2162438589906944.00']
2026-05-14 13:11:25 | INFO    | dpfl.core.base_simulator | Round  72/150 | Acc: 0.7938 | Loss: 0.5837 | eps_max: 5.56 eps_avg: 3.58 | P: 1.00 R: 1.00 F1: 1.00
2026-05-14 13:11:25 | DEBUG   | dpfl.core.base_simulator | Update norms — honest: ['1.09', '1.04', '0.77', '1.07', '0.40'], attacker: ['14729076019298304.00', '14898885067538432.00', '15210913367851008.00', '14673201716002816.00', '14475806092820480.00']
2026-05-14 13:11:27 | INFO    | dpfl.core.base_simulator | Round  73/150 | Acc: 0.7940 | Loss: 0.5834 | eps_max: 5.56 eps_avg: 3.64 | P: 1.00 R: 1.00 F1: 1.00
2026-05-14 13:11:27 | DEBUG   | dpfl.core.base_simulator | Update norms — honest: ['1.38', '1.24', '0.71', '1.54', '1.39'], attacker: ['82790528332070912.00', '83768612644454400.00', '86183406467022848.00', '95297095140900864.00', '85309947557969920.00']
2026-05-14 13:11:29 | INFO    | dpfl.core.base_simulator | Round  74/150 | Acc: 0.7940 | Loss: 0.5834 | eps_max: 5.56 eps_avg: 3.70 | P: 1.00 R: 1.00 F1: 1.00
2026-05-14 13:11:29 | DEBUG   | dpfl.core.base_simulator | Update norms — honest: ['1.82', '2.07', '0.44', '1.28', '0.92'], attacker: ['590916650149085184.00', '573686134710730752.00', '579137788239151104.00', '599855267366043648.00', '594732642692235264.00']
2026-05-14 13:11:30 | INFO    | dpfl.core.base_simulator | Round  75/150 | Acc: 0.7942 | Loss: 0.5829 | eps_max: 5.56 eps_avg: 3.76 | P: 1.00 R: 1.00 F1: 1.00
2026-05-14 13:11:30 | DEBUG   | dpfl.core.base_simulator | Update norms — honest: ['0.44', '1.45', '1.07', '0.36', '0.64'], attacker: ['3817671497405693952.00', '3401702609118035968.00', '3466604031726583808.00', '3901684631128244224.00', '3534216300253413376.00']
2026-05-14 13:11:32 | INFO    | dpfl.core.base_simulator | Round  76/150 | Acc: 0.7943 | Loss: 0.5826 | eps_max: 5.56 eps_avg: 3.79 | P: 1.00 R: 1.00 F1: 1.00
2026-05-14 13:11:32 | DEBUG   | dpfl.core.base_simulator | Update norms — honest: ['1.91', '0.65', '1.00', '0.32', '2.20'], attacker: ['inf', 'inf', 'inf', 'inf', 'inf']
2026-05-14 13:11:34 | INFO    | dpfl.core.base_simulator | Round  77/150 | Acc: 0.7948 | Loss: 0.5821 | eps_max: 5.56 eps_avg: 3.85 | P: 1.00 R: 1.00 F1: 1.00
2026-05-14 13:11:34 | DEBUG   | dpfl.core.base_simulator | Update norms — honest: ['0.34', '0.71', '1.88', '0.33', '0.46'], attacker: ['nan', 'nan', 'nan', 'nan', 'nan']
2026-05-14 13:11:36 | INFO    | dpfl.core.base_simulator | Round  78/150 | Acc: 0.7947 | Loss: 0.5824 | eps_max: 5.56 eps_avg: 3.90 | P: 1.00 R: 1.00 F1: 1.00
2026-05-14 13:11:36 | DEBUG   | dpfl.core.base_simulator | Update norms — honest: ['1.46', '0.74', '1.03', '1.16', '2.11'], attacker: ['nan', 'nan', 'nan', 'nan', 'nan']
2026-05-14 13:11:37 | INFO    | dpfl.core.base_simulator | Round  79/150 | Acc: 0.7951 | Loss: 0.5817 | eps_max: 5.61 eps_avg: 3.93 | P: 1.00 R: 1.00 F1: 1.00
2026-05-14 13:11:37 | DEBUG   | dpfl.core.base_simulator | Update norms — honest: ['1.51', '3.02', '3.15', '1.77', '0.84'], attacker: ['nan', 'nan', 'nan', 'nan', 'nan']
2026-05-14 13:11:39 | INFO    | dpfl.core.base_simulator | Round  80/150 | Acc: 0.7952 | Loss: 0.5817 | eps_max: 5.98 eps_avg: 4.00 | P: 1.00 R: 1.00 F1: 1.00
2026-05-14 13:11:39 | DEBUG   | dpfl.core.base_simulator | Update norms — honest: ['0.34', '1.47', '0.70', '1.42', '1.87'], attacker: ['nan', 'nan', 'nan', 'nan', 'nan']
2026-05-14 13:11:41 | INFO    | dpfl.core.base_simulator | Round  81/150 | Acc: 0.7951 | Loss: 0.5820 | eps_max: 5.98 eps_avg: 4.04 | P: 1.00 R: 1.00 F1: 1.00
2026-05-14 13:11:41 | DEBUG   | dpfl.core.base_simulator | Update norms — honest: ['1.39', '1.70', '0.83', '0.82', '0.74'], attacker: ['nan', 'nan', 'nan', 'nan', 'nan']
2026-05-14 13:11:43 | INFO    | dpfl.core.base_simulator | Round  82/150 | Acc: 0.7952 | Loss: 0.5817 | eps_max: 5.98 eps_avg: 4.10 | P: 1.00 R: 1.00 F1: 1.00
2026-05-14 13:11:43 | DEBUG   | dpfl.core.base_simulator | Update norms — honest: ['0.14', '0.41', '1.08', '1.08', '1.55'], attacker: ['nan', 'nan', 'nan', 'nan', 'nan']
2026-05-14 13:11:44 | INFO    | dpfl.core.base_simulator | Round  83/150 | Acc: 0.7955 | Loss: 0.5814 | eps_max: 5.98 eps_avg: 4.10 | P: 1.00 R: 1.00 F1: 1.00
2026-05-14 13:11:44 | DEBUG   | dpfl.core.base_simulator | Update norms — honest: ['0.62', '1.57', '0.83', '1.40', '0.29'], attacker: ['nan', 'nan', 'nan', 'nan', 'nan']
2026-05-14 13:11:46 | INFO    | dpfl.core.base_simulator | Round  84/150 | Acc: 0.7953 | Loss: 0.5820 | eps_max: 5.98 eps_avg: 4.15 | P: 1.00 R: 1.00 F1: 1.00
2026-05-14 13:11:46 | DEBUG   | dpfl.core.base_simulator | Update norms — honest: ['0.99', '2.65', '1.25', '0.91', '1.19'], attacker: ['nan', 'nan', 'nan', 'nan', 'nan']
2026-05-14 13:11:48 | INFO    | dpfl.core.base_simulator | Round  85/150 | Acc: 0.7956 | Loss: 0.5814 | eps_max: 5.98 eps_avg: 4.19 | P: 1.00 R: 1.00 F1: 1.00
2026-05-14 13:11:48 | DEBUG   | dpfl.core.base_simulator | Update norms — honest: ['0.21', '1.26', '1.64', '0.75', '1.47'], attacker: ['nan', 'nan', 'nan', 'nan', 'nan']
2026-05-14 13:11:50 | INFO    | dpfl.core.base_simulator | Round  86/150 | Acc: 0.7958 | Loss: 0.5813 | eps_max: 5.98 eps_avg: 4.22 | P: 1.00 R: 1.00 F1: 1.00
2026-05-14 13:11:50 | DEBUG   | dpfl.core.base_simulator | Update norms — honest: ['2.13', '0.18', '0.74', '2.29', '1.55'], attacker: ['nan', 'nan', 'nan', 'nan', 'nan']
2026-05-14 13:11:52 | INFO    | dpfl.core.base_simulator | Round  87/150 | Acc: 0.7957 | Loss: 0.5814 | eps_max: 6.09 eps_avg: 4.25 | P: 1.00 R: 1.00 F1: 1.00
2026-05-14 13:11:52 | DEBUG   | dpfl.core.base_simulator | Update norms — honest: ['0.45', '0.72', '1.12', '1.24', '2.08'], attacker: ['nan', 'nan', 'nan', 'nan', 'nan']
2026-05-14 13:11:54 | INFO    | dpfl.core.base_simulator | Round  88/150 | Acc: 0.7960 | Loss: 0.5817 | eps_max: 6.09 eps_avg: 4.29 | P: 1.00 R: 1.00 F1: 1.00
2026-05-14 13:11:54 | DEBUG   | dpfl.core.base_simulator | Update norms — honest: ['0.28', '1.27', '0.91', '0.19', '0.76'], attacker: ['nan', 'nan', 'nan', 'nan', 'nan']
2026-05-14 13:11:55 | INFO    | dpfl.core.base_simulator | Round  89/150 | Acc: 0.7961 | Loss: 0.5813 | eps_max: 6.09 eps_avg: 4.33 | P: 1.00 R: 1.00 F1: 1.00
2026-05-14 13:11:55 | DEBUG   | dpfl.core.base_simulator | Update norms — honest: ['1.68', '0.72', '0.78', '1.50', '1.03'], attacker: ['nan', 'nan', 'nan', 'nan', 'nan']
2026-05-14 13:11:57 | INFO    | dpfl.core.base_simulator | Round  90/150 | Acc: 0.7960 | Loss: 0.5815 | eps_max: 6.09 eps_avg: 4.38 | P: 1.00 R: 1.00 F1: 1.00
2026-05-14 13:11:57 | DEBUG   | dpfl.core.base_simulator | Update norms — honest: ['0.77', '2.81', '1.02', '1.36', '0.99'], attacker: ['nan', 'nan', 'nan', 'nan', 'nan']
2026-05-14 13:11:59 | INFO    | dpfl.core.base_simulator | Round  91/150 | Acc: 0.7961 | Loss: 0.5817 | eps_max: 6.09 eps_avg: 4.45 | P: 1.00 R: 1.00 F1: 1.00
2026-05-14 13:11:59 | DEBUG   | dpfl.core.base_simulator | Update norms — honest: ['1.31', '0.00', '0.87', '3.00', '1.30'], attacker: ['nan', 'nan', 'nan', 'nan', 'nan']
2026-05-14 13:12:01 | INFO    | dpfl.core.base_simulator | Round  92/150 | Acc: 0.7964 | Loss: 0.5815 | eps_max: 6.09 eps_avg: 4.48 | P: 1.00 R: 1.00 F1: 1.00
2026-05-14 13:12:01 | DEBUG   | dpfl.core.base_simulator | Update norms — honest: ['1.45', '1.33', '0.84', '1.32', '1.05'], attacker: ['nan', 'nan', 'nan', 'nan', 'nan']
2026-05-14 13:12:02 | INFO    | dpfl.core.base_simulator | Round  93/150 | Acc: 0.7962 | Loss: 0.5818 | eps_max: 6.15 eps_avg: 4.53 | P: 1.00 R: 1.00 F1: 1.00
2026-05-14 13:12:02 | DEBUG   | dpfl.core.base_simulator | Update norms — honest: ['1.69', '1.22', '1.17', '1.70', '1.28'], attacker: ['nan', 'nan', 'nan', 'nan', 'nan']
2026-05-14 13:12:04 | INFO    | dpfl.core.base_simulator | Round  94/150 | Acc: 0.7965 | Loss: 0.5818 | eps_max: 6.25 eps_avg: 4.57 | P: 1.00 R: 1.00 F1: 1.00
2026-05-14 13:12:04 | DEBUG   | dpfl.core.base_simulator | Update norms — honest: ['1.11', '2.66', '0.96', '0.73', '1.11'], attacker: ['nan', 'nan', 'nan', 'nan', 'nan']
2026-05-14 13:12:06 | INFO    | dpfl.core.base_simulator | Round  95/150 | Acc: 0.7966 | Loss: 0.5819 | eps_max: 6.25 eps_avg: 4.61 | P: 1.00 R: 1.00 F1: 1.00
2026-05-14 13:12:06 | DEBUG   | dpfl.core.base_simulator | Update norms — honest: ['2.91', '1.44', '1.45', '0.34', '0.69'], attacker: ['nan', 'nan', 'nan', 'nan', 'nan']
2026-05-14 13:12:08 | INFO    | dpfl.core.base_simulator | Round  96/150 | Acc: 0.7964 | Loss: 0.5824 | eps_max: 6.48 eps_avg: 4.65 | P: 1.00 R: 1.00 F1: 1.00
2026-05-14 13:12:08 | DEBUG   | dpfl.core.base_simulator | Update norms — honest: ['0.59', '2.17', '1.54', '0.00', '1.20'], attacker: ['nan', 'nan', 'nan', 'nan', 'nan']
2026-05-14 13:12:10 | INFO    | dpfl.core.base_simulator | Round  97/150 | Acc: 0.7964 | Loss: 0.5827 | eps_max: 6.90 eps_avg: 4.70 | P: 1.00 R: 1.00 F1: 1.00
2026-05-14 13:12:10 | DEBUG   | dpfl.core.base_simulator | Update norms — honest: ['1.55', '1.12', '2.80', '0.70', '0.00'], attacker: ['nan', 'nan', 'nan', 'nan', 'nan']
2026-05-14 13:12:11 | INFO    | dpfl.core.base_simulator | Round  98/150 | Acc: 0.7968 | Loss: 0.5823 | eps_max: 6.90 eps_avg: 4.76 | P: 1.00 R: 1.00 F1: 1.00
2026-05-14 13:12:11 | DEBUG   | dpfl.core.base_simulator | Update norms — honest: ['0.72', '1.79', '1.35', '1.01', '1.88'], attacker: ['nan', 'nan', 'nan', 'nan', 'nan']
2026-05-14 13:12:13 | INFO    | dpfl.core.base_simulator | Round  99/150 | Acc: 0.7967 | Loss: 0.5825 | eps_max: 6.90 eps_avg: 4.78 | P: 1.00 R: 1.00 F1: 1.00
2026-05-14 13:12:13 | DEBUG   | dpfl.core.base_simulator | Update norms — honest: ['2.51', '0.71', '0.95', '0.55', '1.12'], attacker: ['nan', 'nan', 'nan', 'nan', 'nan']
2026-05-14 13:12:14 | INFO    | dpfl.core.base_simulator | Round 100/150 | Acc: 0.7968 | Loss: 0.5832 | eps_max: 6.90 eps_avg: 4.80 | P: 1.00 R: 1.00 F1: 1.00
2026-05-14 13:12:14 | DEBUG   | dpfl.core.base_simulator | Update norms — honest: ['1.17', '1.96', '1.16', '0.00', '1.79'], attacker: ['nan', 'nan', 'nan', 'nan', 'nan']
2026-05-14 13:12:16 | INFO    | dpfl.core.base_simulator | Round 101/150 | Acc: 0.7971 | Loss: 0.5829 | eps_max: 6.90 eps_avg: 4.84 | P: 1.00 R: 1.00 F1: 1.00
2026-05-14 13:12:16 | DEBUG   | dpfl.core.base_simulator | Update norms — honest: ['3.48', '1.70', '1.19', '1.01', '1.55'], attacker: ['nan', 'nan', 'nan', 'nan', 'nan']
2026-05-14 13:12:18 | INFO    | dpfl.core.base_simulator | Round 102/150 | Acc: 0.7972 | Loss: 0.5832 | eps_max: 6.90 eps_avg: 4.89 | P: 1.00 R: 1.00 F1: 1.00
2026-05-14 13:12:18 | DEBUG   | dpfl.core.base_simulator | Update norms — honest: ['0.29', '0.50', '1.33', '0.80', '2.02'], attacker: ['nan', 'nan', 'nan', 'nan', 'nan']
2026-05-14 13:12:20 | INFO    | dpfl.core.base_simulator | Round 103/150 | Acc: 0.7970 | Loss: 0.5836 | eps_max: 6.90 eps_avg: 4.93 | P: 1.00 R: 1.00 F1: 1.00
2026-05-14 13:12:20 | DEBUG   | dpfl.core.base_simulator | Update norms — honest: ['1.49', '1.59', '0.46', '0.19', '2.52'], attacker: ['nan', 'nan', 'nan', 'nan', 'nan']
2026-05-14 13:12:22 | INFO    | dpfl.core.base_simulator | Round 104/150 | Acc: 0.7971 | Loss: 0.5841 | eps_max: 6.90 eps_avg: 5.00 | P: 1.00 R: 1.00 F1: 1.00
2026-05-14 13:12:22 | DEBUG   | dpfl.core.base_simulator | Update norms — honest: ['1.40', '0.34', '1.59', '0.58', '1.33'], attacker: ['nan', 'nan', 'nan', 'nan', 'nan']
2026-05-14 13:12:24 | INFO    | dpfl.core.base_simulator | Round 105/150 | Acc: 0.7968 | Loss: 0.5846 | eps_max: 6.90 eps_avg: 5.04 | P: 1.00 R: 1.00 F1: 1.00
2026-05-14 13:12:24 | DEBUG   | dpfl.core.base_simulator | Update norms — honest: ['0.40', '0.00', '0.65', '1.68', '1.97'], attacker: ['nan', 'nan', 'nan', 'nan', 'nan']
2026-05-14 13:12:25 | INFO    | dpfl.core.base_simulator | Round 106/150 | Acc: 0.7970 | Loss: 0.5844 | eps_max: 6.90 eps_avg: 5.05 | P: 1.00 R: 1.00 F1: 1.00
2026-05-14 13:12:25 | DEBUG   | dpfl.core.base_simulator | Update norms — honest: ['0.44', '2.32', '0.95', '2.48', '1.09'], attacker: ['nan', 'nan', 'nan', 'nan', 'nan']
2026-05-14 13:12:27 | INFO    | dpfl.core.base_simulator | Round 107/150 | Acc: 0.7971 | Loss: 0.5848 | eps_max: 6.90 eps_avg: 5.08 | P: 1.00 R: 1.00 F1: 1.00
2026-05-14 13:12:27 | DEBUG   | dpfl.core.base_simulator | Update norms — honest: ['0.99', '2.20', '0.87', '0.15', '0.00'], attacker: ['nan', 'nan', 'nan', 'nan', 'nan']
2026-05-14 13:12:28 | INFO    | dpfl.core.base_simulator | Round 108/150 | Acc: 0.7972 | Loss: 0.5848 | eps_max: 6.95 eps_avg: 5.11 | P: 1.00 R: 1.00 F1: 1.00
2026-05-14 13:12:28 | DEBUG   | dpfl.core.base_simulator | Update norms — honest: ['3.43', '1.86', '2.52', '0.42', '0.84'], attacker: ['nan', 'nan', 'nan', 'nan', 'nan']
2026-05-14 13:12:30 | INFO    | dpfl.core.base_simulator | Round 109/150 | Acc: 0.7971 | Loss: 0.5858 | eps_max: 6.95 eps_avg: 5.14 | P: 1.00 R: 1.00 F1: 1.00
2026-05-14 13:12:30 | DEBUG   | dpfl.core.base_simulator | Update norms — honest: ['2.19', '1.78', '1.77', '2.05', '0.73'], attacker: ['nan', 'nan', 'nan', 'nan', 'nan']
2026-05-14 13:12:32 | INFO    | dpfl.core.base_simulator | Round 110/150 | Acc: 0.7970 | Loss: 0.5861 | eps_max: 6.95 eps_avg: 5.21 | P: 1.00 R: 1.00 F1: 1.00
2026-05-14 13:12:32 | DEBUG   | dpfl.core.base_simulator | Update norms — honest: ['1.04', '1.74', '0.16', '0.99', '0.64'], attacker: ['nan', 'nan', 'nan', 'nan', 'nan']
2026-05-14 13:12:34 | INFO    | dpfl.core.base_simulator | Round 111/150 | Acc: 0.7971 | Loss: 0.5865 | eps_max: 7.24 eps_avg: 5.27 | P: 1.00 R: 1.00 F1: 1.00
2026-05-14 13:12:34 | DEBUG   | dpfl.core.base_simulator | Update norms — honest: ['1.89', '1.88', '1.81', '1.43', '0.61'], attacker: ['nan', 'nan', 'nan', 'nan', 'nan']
2026-05-14 13:12:36 | INFO    | dpfl.core.base_simulator | Round 112/150 | Acc: 0.7971 | Loss: 0.5867 | eps_max: 7.24 eps_avg: 5.30 | P: 1.00 R: 1.00 F1: 1.00
2026-05-14 13:12:36 | DEBUG   | dpfl.core.base_simulator | Update norms — honest: ['0.45', '0.50', '1.92', '1.31', '1.78'], attacker: ['nan', 'nan', 'nan', 'nan', 'nan']
2026-05-14 13:12:37 | INFO    | dpfl.core.base_simulator | Round 113/150 | Acc: 0.7975 | Loss: 0.5867 | eps_max: 7.24 eps_avg: 5.31 | P: 1.00 R: 1.00 F1: 1.00
2026-05-14 13:12:37 | DEBUG   | dpfl.core.base_simulator | Update norms — honest: ['1.80', '0.43', '1.17', '1.92', '1.69'], attacker: ['nan', 'nan', 'nan', 'nan', 'nan']
2026-05-14 13:12:39 | INFO    | dpfl.core.base_simulator | Round 114/150 | Acc: 0.7974 | Loss: 0.5875 | eps_max: 7.31 eps_avg: 5.34 | P: 1.00 R: 1.00 F1: 1.00
2026-05-14 13:12:39 | DEBUG   | dpfl.core.base_simulator | Update norms — honest: ['0.40', '1.63', '0.33', '1.36', '0.71'], attacker: ['nan', 'nan', 'nan', 'nan', 'nan']
2026-05-14 13:12:41 | INFO    | dpfl.core.base_simulator | Round 115/150 | Acc: 0.7971 | Loss: 0.5880 | eps_max: 7.31 eps_avg: 5.37 | P: 1.00 R: 1.00 F1: 1.00
2026-05-14 13:12:41 | DEBUG   | dpfl.core.base_simulator | Update norms — honest: ['2.15', '2.24', '1.42', '1.52', '2.87'], attacker: ['nan', 'nan', 'nan', 'nan', 'nan']
2026-05-14 13:12:42 | INFO    | dpfl.core.base_simulator | Round 116/150 | Acc: 0.7974 | Loss: 0.5881 | eps_max: 7.31 eps_avg: 5.40 | P: 1.00 R: 1.00 F1: 1.00
2026-05-14 13:12:42 | DEBUG   | dpfl.core.base_simulator | Update norms — honest: ['0.00', '1.32', '0.59', '1.57', '1.95'], attacker: ['nan', 'nan', 'nan', 'nan', 'nan']
2026-05-14 13:12:45 | INFO    | dpfl.core.base_simulator | Round 117/150 | Acc: 0.7974 | Loss: 0.5885 | eps_max: 7.31 eps_avg: 5.43 | P: 1.00 R: 1.00 F1: 1.00
2026-05-14 13:12:45 | DEBUG   | dpfl.core.base_simulator | Update norms — honest: ['0.46', '1.66', '0.16', '3.15', '1.66'], attacker: ['nan', 'nan', 'nan', 'nan', 'nan']
2026-05-14 13:12:47 | INFO    | dpfl.core.base_simulator | Round 118/150 | Acc: 0.7974 | Loss: 0.5891 | eps_max: 7.31 eps_avg: 5.47 | P: 1.00 R: 1.00 F1: 1.00
2026-05-14 13:12:47 | DEBUG   | dpfl.core.base_simulator | Update norms — honest: ['0.00', '0.41', '1.74', '1.43', '0.90'], attacker: ['nan', 'nan', 'nan', 'nan', 'nan']
2026-05-14 13:12:49 | INFO    | dpfl.core.base_simulator | Round 119/150 | Acc: 0.7974 | Loss: 0.5898 | eps_max: 7.31 eps_avg: 5.51 | P: 1.00 R: 1.00 F1: 1.00
2026-05-14 13:12:49 | DEBUG   | dpfl.core.base_simulator | Update norms — honest: ['1.40', '1.85', '1.05', '2.35', '2.02'], attacker: ['nan', 'nan', 'nan', 'nan', 'nan']
2026-05-14 13:12:51 | INFO    | dpfl.core.base_simulator | Round 120/150 | Acc: 0.7973 | Loss: 0.5902 | eps_max: 7.31 eps_avg: 5.55 | P: 1.00 R: 1.00 F1: 1.00
2026-05-14 13:12:51 | DEBUG   | dpfl.core.base_simulator | Update norms — honest: ['1.43', '1.77', '2.39', '1.29', '0.00'], attacker: ['nan', 'nan', 'nan', 'nan', 'nan']
2026-05-14 13:12:53 | INFO    | dpfl.core.base_simulator | Round 121/150 | Acc: 0.7974 | Loss: 0.5906 | eps_max: 7.43 eps_avg: 5.58 | P: 1.00 R: 1.00 F1: 1.00
2026-05-14 13:12:53 | DEBUG   | dpfl.core.base_simulator | Update norms — honest: ['1.52', '0.63', '1.58', '0.45', '0.94'], attacker: ['nan', 'nan', 'nan', 'nan', 'nan']
2026-05-14 13:12:54 | INFO    | dpfl.core.base_simulator | Round 122/150 | Acc: 0.7974 | Loss: 0.5910 | eps_max: 7.55 eps_avg: 5.60 | P: 1.00 R: 1.00 F1: 1.00
2026-05-14 13:12:54 | DEBUG   | dpfl.core.base_simulator | Update norms — honest: ['1.33', '1.31', '1.05', '2.36', '0.97'], attacker: ['nan', 'nan', 'nan', 'nan', 'nan']
2026-05-14 13:12:56 | INFO    | dpfl.core.base_simulator | Round 123/150 | Acc: 0.7974 | Loss: 0.5915 | eps_max: 7.55 eps_avg: 5.62 | P: 1.00 R: 1.00 F1: 1.00
2026-05-14 13:12:56 | DEBUG   | dpfl.core.base_simulator | Update norms — honest: ['0.67', '2.44', '0.80', '0.94', '1.95'], attacker: ['nan', 'nan', 'nan', 'nan', 'nan']
2026-05-14 13:12:57 | INFO    | dpfl.core.base_simulator | Round 124/150 | Acc: 0.7975 | Loss: 0.5920 | eps_max: 7.55 eps_avg: 5.64 | P: 1.00 R: 1.00 F1: 1.00
2026-05-14 13:12:57 | DEBUG   | dpfl.core.base_simulator | Update norms — honest: ['3.16', '1.46', '1.56', '1.99', '0.71'], attacker: ['nan', 'nan', 'nan', 'nan', 'nan']
2026-05-14 13:12:59 | INFO    | dpfl.core.base_simulator | Round 125/150 | Acc: 0.7976 | Loss: 0.5925 | eps_max: 7.55 eps_avg: 5.65 | P: 1.00 R: 1.00 F1: 1.00
2026-05-14 13:12:59 | DEBUG   | dpfl.core.base_simulator | Update norms — honest: ['1.02', '0.51', '0.63', '1.92', '1.28'], attacker: ['nan', 'nan', 'nan', 'nan', 'nan']
2026-05-14 13:13:01 | INFO    | dpfl.core.base_simulator | Round 126/150 | Acc: 0.7974 | Loss: 0.5930 | eps_max: 7.55 eps_avg: 5.67 | P: 1.00 R: 1.00 F1: 1.00
2026-05-14 13:13:01 | DEBUG   | dpfl.core.base_simulator | Update norms — honest: ['1.43', '0.81', '0.00', '0.92', '1.75'], attacker: ['nan', 'nan', 'nan', 'nan', 'nan']
2026-05-14 13:13:02 | INFO    | dpfl.core.base_simulator | Round 127/150 | Acc: 0.7974 | Loss: 0.5932 | eps_max: 7.55 eps_avg: 5.68 | P: 1.00 R: 1.00 F1: 1.00
2026-05-14 13:13:02 | DEBUG   | dpfl.core.base_simulator | Update norms — honest: ['1.91', '1.04', '1.44', '1.86', '1.68'], attacker: ['nan', 'nan', 'nan', 'nan', 'nan']
2026-05-14 13:13:04 | INFO    | dpfl.core.base_simulator | Round 128/150 | Acc: 0.7972 | Loss: 0.5943 | eps_max: 7.55 eps_avg: 5.72 | P: 1.00 R: 1.00 F1: 1.00
2026-05-14 13:13:04 | DEBUG   | dpfl.core.base_simulator | Update norms — honest: ['2.09', '1.23', '0.64', '0.83', '0.76'], attacker: ['nan', 'nan', 'nan', 'nan', 'nan']
2026-05-14 13:13:06 | INFO    | dpfl.core.base_simulator | Round 129/150 | Acc: 0.7975 | Loss: 0.5941 | eps_max: 7.55 eps_avg: 5.74 | P: 1.00 R: 1.00 F1: 1.00
2026-05-14 13:13:06 | DEBUG   | dpfl.core.base_simulator | Update norms — honest: ['0.00', '0.54', '1.17', '0.78', '0.96'], attacker: ['nan', 'nan', 'nan', 'nan', 'nan']
2026-05-14 13:13:08 | INFO    | dpfl.core.base_simulator | Round 130/150 | Acc: 0.7973 | Loss: 0.5953 | eps_max: 7.55 eps_avg: 5.77 | P: 1.00 R: 1.00 F1: 1.00
2026-05-14 13:13:08 | DEBUG   | dpfl.core.base_simulator | Update norms — honest: ['0.47', '0.82', '0.69', '1.58', '1.54'], attacker: ['nan', 'nan', 'nan', 'nan', 'nan']
2026-05-14 13:13:10 | INFO    | dpfl.core.base_simulator | Round 131/150 | Acc: 0.7975 | Loss: 0.5955 | eps_max: 7.55 eps_avg: 5.79 | P: 1.00 R: 1.00 F1: 1.00
2026-05-14 13:13:10 | DEBUG   | dpfl.core.base_simulator | Update norms — honest: ['0.59', '1.23', '0.86', '1.14', '2.78'], attacker: ['nan', 'nan', 'nan', 'nan', 'nan']
2026-05-14 13:13:11 | INFO    | dpfl.core.base_simulator | Round 132/150 | Acc: 0.7975 | Loss: 0.5959 | eps_max: 7.55 eps_avg: 5.80 | P: 1.00 R: 1.00 F1: 1.00
2026-05-14 13:13:11 | DEBUG   | dpfl.core.base_simulator | Update norms — honest: ['1.62', '1.45', '1.93', '1.98', '0.00'], attacker: ['nan', 'nan', 'nan', 'nan', 'nan']
2026-05-14 13:13:13 | INFO    | dpfl.core.base_simulator | Round 133/150 | Acc: 0.7974 | Loss: 0.5967 | eps_max: 7.62 eps_avg: 5.84 | P: 1.00 R: 1.00 F1: 1.00
2026-05-14 13:13:13 | DEBUG   | dpfl.core.base_simulator | Update norms — honest: ['2.65', '1.57', '0.88', '1.08', '0.92'], attacker: ['nan', 'nan', 'nan', 'nan', 'nan']
2026-05-14 13:13:15 | INFO    | dpfl.core.base_simulator | Round 134/150 | Acc: 0.7973 | Loss: 0.5974 | eps_max: 7.62 eps_avg: 5.87 | P: 1.00 R: 1.00 F1: 1.00
2026-05-14 13:13:15 | DEBUG   | dpfl.core.base_simulator | Update norms — honest: ['3.29', '0.97', '0.61', '0.84', '2.60'], attacker: ['nan', 'nan', 'nan', 'nan', 'nan']
2026-05-14 13:13:17 | INFO    | dpfl.core.base_simulator | Round 135/150 | Acc: 0.7973 | Loss: 0.5981 | eps_max: 7.62 eps_avg: 5.89 | P: 1.00 R: 1.00 F1: 1.00
2026-05-14 13:13:17 | DEBUG   | dpfl.core.base_simulator | Update norms — honest: ['2.20', '0.82', '0.81', '1.37', '3.34'], attacker: ['nan', 'nan', 'nan', 'nan', 'nan']
2026-05-14 13:13:19 | INFO    | dpfl.core.base_simulator | Round 136/150 | Acc: 0.7975 | Loss: 0.5985 | eps_max: 7.68 eps_avg: 5.91 | P: 1.00 R: 1.00 F1: 1.00
2026-05-14 13:13:19 | DEBUG   | dpfl.core.base_simulator | Update norms — honest: ['1.67', '3.39', '1.19', '2.10', '1.94'], attacker: ['nan', 'nan', 'nan', 'nan', 'nan']
2026-05-14 13:13:20 | INFO    | dpfl.core.base_simulator | Round 137/150 | Acc: 0.7973 | Loss: 0.5989 | eps_max: 7.69 eps_avg: 5.93 | P: 1.00 R: 1.00 F1: 1.00
2026-05-14 13:13:20 | DEBUG   | dpfl.core.base_simulator | Update norms — honest: ['1.48', '1.08', '1.46', '0.85', '1.95'], attacker: ['nan', 'nan', 'nan', 'nan', 'nan']
2026-05-14 13:13:22 | INFO    | dpfl.core.base_simulator | Round 138/150 | Acc: 0.7972 | Loss: 0.5997 | eps_max: 7.81 eps_avg: 5.96 | P: 1.00 R: 1.00 F1: 1.00
2026-05-14 13:13:22 | DEBUG   | dpfl.core.base_simulator | Update norms — honest: ['1.18', '1.51', '3.12', '1.58', '0.00'], attacker: ['nan', 'nan', 'nan', 'nan', 'nan']
2026-05-14 13:13:24 | INFO    | dpfl.core.base_simulator | Round 139/150 | Acc: 0.7972 | Loss: 0.6005 | eps_max: 7.81 eps_avg: 5.98 | P: 1.00 R: 1.00 F1: 1.00
2026-05-14 13:13:24 | DEBUG   | dpfl.core.base_simulator | Update norms — honest: ['1.67', '1.25', '1.24', '0.00', '1.44'], attacker: ['nan', 'nan', 'nan', 'nan', 'nan']
2026-05-14 13:13:25 | INFO    | dpfl.core.base_simulator | Round 140/150 | Acc: 0.7972 | Loss: 0.6010 | eps_max: 7.81 eps_avg: 6.00 | P: 1.00 R: 1.00 F1: 1.00
2026-05-14 13:13:25 | DEBUG   | dpfl.core.base_simulator | Update norms — honest: ['2.42', '1.61', '2.98', '2.18', '1.45'], attacker: ['nan', 'nan', 'nan', 'nan', 'nan']
2026-05-14 13:13:27 | INFO    | dpfl.core.base_simulator | Round 141/150 | Acc: 0.7971 | Loss: 0.6018 | eps_max: 7.81 eps_avg: 6.02 | P: 1.00 R: 1.00 F1: 1.00
2026-05-14 13:13:27 | DEBUG   | dpfl.core.base_simulator | Update norms — honest: ['2.12', '0.77', '1.58', '1.39', '0.07'], attacker: ['nan', 'nan', 'nan', 'nan', 'nan']
2026-05-14 13:13:29 | INFO    | dpfl.core.base_simulator | Round 142/150 | Acc: 0.7971 | Loss: 0.6027 | eps_max: 7.94 eps_avg: 6.04 | P: 1.00 R: 1.00 F1: 1.00
2026-05-14 13:13:29 | DEBUG   | dpfl.core.base_simulator | Update norms — honest: ['3.49', '0.72', '2.20', '1.29', '1.44'], attacker: ['nan', 'nan', 'nan', 'nan', 'nan']
2026-05-14 13:13:30 | INFO    | dpfl.core.base_simulator | Round 143/150 | Acc: 0.7973 | Loss: 0.6030 | eps_max: 7.94 eps_avg: 6.07 | P: 1.00 R: 1.00 F1: 1.00
2026-05-14 13:13:30 | DEBUG   | dpfl.core.base_simulator | Update norms — honest: ['1.59', '0.34', '2.11', '0.50', '1.07'], attacker: ['nan', 'nan', 'nan', 'nan', 'nan']
2026-05-14 13:13:32 | INFO    | dpfl.core.base_simulator | Round 144/150 | Acc: 0.7972 | Loss: 0.6036 | eps_max: 7.94 eps_avg: 6.09 | P: 1.00 R: 1.00 F1: 1.00
2026-05-14 13:13:32 | DEBUG   | dpfl.core.base_simulator | Update norms — honest: ['1.99', '0.14', '0.15', '0.17', '0.58'], attacker: ['nan', 'nan', 'nan', 'nan', 'nan']
2026-05-14 13:13:33 | INFO    | dpfl.core.base_simulator | Round 145/150 | Acc: 0.7971 | Loss: 0.6044 | eps_max: 7.94 eps_avg: 6.12 | P: 1.00 R: 1.00 F1: 1.00
2026-05-14 13:13:33 | DEBUG   | dpfl.core.base_simulator | Update norms — honest: ['1.45', '2.38', '0.00', '1.47', '0.92'], attacker: ['nan', 'nan', 'nan', 'nan', 'nan']
2026-05-14 13:13:35 | INFO    | dpfl.core.base_simulator | Round 146/150 | Acc: 0.7970 | Loss: 0.6051 | eps_max: 7.94 eps_avg: 6.14 | P: 1.00 R: 1.00 F1: 1.00
2026-05-14 13:13:35 | DEBUG   | dpfl.core.base_simulator | Update norms — honest: ['0.46', '0.00', '1.92', '2.19', '0.87'], attacker: ['nan', 'nan', 'nan', 'nan', 'nan']
2026-05-14 13:13:37 | INFO    | dpfl.core.base_simulator | Round 147/150 | Acc: 0.7971 | Loss: 0.6056 | eps_max: 7.94 eps_avg: 6.17 | P: 1.00 R: 1.00 F1: 1.00
2026-05-14 13:13:37 | DEBUG   | dpfl.core.base_simulator | Update norms — honest: ['0.00', '0.56', '0.46', '0.67', '0.86'], attacker: ['nan', 'nan', 'nan', 'nan', 'nan']
2026-05-14 13:13:39 | INFO    | dpfl.core.base_simulator | Round 148/150 | Acc: 0.7971 | Loss: 0.6059 | eps_max: 7.94 eps_avg: 6.20 | P: 1.00 R: 1.00 F1: 1.00
2026-05-14 13:13:39 | DEBUG   | dpfl.core.base_simulator | Update norms — honest: ['0.00', '0.00', '2.50', '0.36', '1.82'], attacker: ['nan', 'nan', 'nan', 'nan', 'nan']
2026-05-14 13:13:41 | INFO    | dpfl.core.base_simulator | Round 149/150 | Acc: 0.7970 | Loss: 0.6069 | eps_max: 7.94 eps_avg: 6.22 | P: 1.00 R: 1.00 F1: 1.00
2026-05-14 13:13:41 | DEBUG   | dpfl.core.base_simulator | Update norms — honest: ['3.08', '3.07', '1.97', '2.78', '1.56'], attacker: ['nan', 'nan', 'nan', 'nan', 'nan']
2026-05-14 13:13:42 | INFO    | dpfl.core.base_simulator | Round 150/150 | Acc: 0.7970 | Loss: 0.6075 | eps_max: 7.94 eps_avg: 6.24 | P: 1.00 R: 1.00 F1: 1.00
2026-05-14 13:13:42 | DEBUG   | dpfl.core.base_simulator | Update norms — honest: ['1.91', '1.74', '1.19', '0.33', '1.91'], attacker: ['nan', 'nan', 'nan', 'nan', 'nan']
2026-05-14 13:13:44 | INFO    | dpfl | Experiment complete in 686.8s
============================================================
REPORT: DP-SGD Decentralized Federated Learning
============================================================
Timestamp:                  20260514_130216
Rounds completed:           150
Attack-active rounds:       100  (from round 50)
Final accuracy:             0.7970
Final test loss:            0.6075
Final epsilon (max honest): 7.94
Final epsilon (avg honest): 6.24
Best alpha:                 1000.0
Avg precision:              1.0000
Avg recall:                 0.9828
Avg F1 score:               0.9948
Avg update norm (honest):   1.0972
Avg update norm (attacker): nan

eps_system (max honest): 7.9358
eps_avg (honest):        6.2351
eps_std (honest):        0.8592
n_frozen:                0/300
============================================================
