2026-05-14 10:15:12 | INFO    | dpfl | Experiment start: algorithm=noise_game, dataset=mnist, model=mlp, device=cuda
2026-05-14 10:15:12 | INFO    | dpfl | Config: nodes=500, attackers=200, rounds=150, noise_mode=none, attack=scale
2026-05-14 10:15:12 | INFO    | dpfl.data.mnist_dataset | Loading MNIST dataset...
2026-05-14 10:15:12 | INFO    | dpfl.data.mnist_dataset | MNIST loaded: 60000 train, 10000 test samples
2026-05-14 10:17:50 | INFO    | dpfl.core.base_simulator | Vectorized state ready: param_spec.D=50890, X_test=(10000, 1, 28, 28), train clients N=500, max_n_samples=1000
2026-05-14 10:17:50 | INFO    | dpfl.core.base_simulator | Setup complete: 500 nodes (200 attackers), param_dim=50890, split=iid
2026-05-14 10:17:50 | DEBUG   | dpfl.core.base_simulator | Attacker IDs: {0, 1, 2, 3, 4, 5, 6, 7, 8, 9, 10, 11, 12, 13, 14, 15, 16, 17, 18, 19, 20, 21, 22, 23, 24, 25, 26, 27, 28, 29, 30, 31, 32, 33, 34, 35, 36, 37, 38, 39, 40, 41, 42, 43, 44, 45, 46, 47, 48, 49, 50, 51, 52, 53, 54, 55, 56, 57, 58, 59, 60, 61, 62, 63, 64, 65, 66, 67, 68, 69, 70, 71, 72, 73, 74, 75, 76, 77, 78, 79, 80, 81, 82, 83, 84, 85, 86, 87, 88, 89, 90, 91, 92, 93, 94, 95, 96, 97, 98, 99, 100, 101, 102, 103, 104, 105, 106, 107, 108, 109, 110, 111, 112, 113, 114, 115, 116, 117, 118, 119, 120, 121, 122, 123, 124, 125, 126, 127, 128, 129, 130, 131, 132, 133, 134, 135, 136, 137, 138, 139, 140, 141, 142, 143, 144, 145, 146, 147, 148, 149, 150, 151, 152, 153, 154, 155, 156, 157, 158, 159, 160, 161, 162, 163, 164, 165, 166, 167, 168, 169, 170, 171, 172, 173, 174, 175, 176, 177, 178, 179, 180, 181, 182, 183, 184, 185, 186, 187, 188, 189, 190, 191, 192, 193, 194, 195, 196, 197, 198, 199}
2026-05-14 10:17:58 | INFO    | dpfl.core.base_simulator | Round   1/150 | Acc: 0.3800 | Loss: 2.0956 | eps_max: 1.91 eps_avg: 0.79 | P: 0.00 R: nan F1: nan
2026-05-14 10:17:58 | DEBUG   | dpfl.core.base_simulator | Update norms — honest: ['10.66', '10.68', '10.73', '10.71', '10.76'], attacker: ['10.68', '10.74', '10.76', '10.72', '10.69']
2026-05-14 10:18:04 | INFO    | dpfl.core.base_simulator | Round   2/150 | Acc: 0.5541 | Loss: 1.8904 | eps_max: 1.98 eps_avg: 0.87 | P: 0.00 R: nan F1: nan
2026-05-14 10:18:04 | DEBUG   | dpfl.core.base_simulator | Update norms — honest: ['10.70', '10.58', '10.62', '10.60', '10.58'], attacker: ['19.31', '19.56', '19.55', '19.33', '19.56']
2026-05-14 10:18:12 | INFO    | dpfl.core.base_simulator | Round   3/150 | Acc: 0.6506 | Loss: 1.6799 | eps_max: 2.10 eps_avg: 0.97 | P: 0.00 R: nan F1: nan
2026-05-14 10:18:12 | DEBUG   | dpfl.core.base_simulator | Update norms — honest: ['10.51', '10.47', '10.50', '10.54', '10.50'], attacker: ['29.59', '29.59', '29.71', '29.80', '29.59']
2026-05-14 10:18:20 | INFO    | dpfl.core.base_simulator | Round   4/150 | Acc: 0.7096 | Loss: 1.4801 | eps_max: 2.28 eps_avg: 1.11 | P: 0.00 R: nan F1: nan
2026-05-14 10:18:20 | DEBUG   | dpfl.core.base_simulator | Update norms — honest: ['10.43', '10.34', '10.41', '10.35', '10.44'], attacker: ['38.81', '39.04', '39.10', '39.11', '38.73']
2026-05-14 10:18:27 | INFO    | dpfl.core.base_simulator | Round   5/150 | Acc: 0.7508 | Loss: 1.3000 | eps_max: 2.43 eps_avg: 1.23 | P: 0.00 R: nan F1: nan
2026-05-14 10:18:27 | DEBUG   | dpfl.core.base_simulator | Update norms — honest: ['10.32', '10.21', '10.29', '10.28', '10.24'], attacker: ['47.45', '47.71', '47.56', '47.54', '47.36']
2026-05-14 10:18:34 | INFO    | dpfl.core.base_simulator | Round   6/150 | Acc: 0.7792 | Loss: 1.1459 | eps_max: 2.48 eps_avg: 1.28 | P: 0.00 R: nan F1: nan
2026-05-14 10:18:34 | DEBUG   | dpfl.core.base_simulator | Update norms — honest: ['10.18', '19.46', '19.61', '10.16', '19.61'], attacker: ['55.68', '56.00', '56.14', '55.95', '55.63']
2026-05-14 10:18:41 | INFO    | dpfl.core.base_simulator | Round   7/150 | Acc: 0.7996 | Loss: 1.0194 | eps_max: 2.54 eps_avg: 1.35 | P: 0.00 R: nan F1: nan
2026-05-14 10:18:41 | DEBUG   | dpfl.core.base_simulator | Update norms — honest: ['19.61', '10.05', '18.25', '10.09', '10.06'], attacker: ['63.06', '64.02', '63.67', '63.52', '62.93']
2026-05-14 10:18:48 | INFO    | dpfl.core.base_simulator | Round   8/150 | Acc: 0.8138 | Loss: 0.9186 | eps_max: 2.61 eps_avg: 1.43 | P: 0.00 R: nan F1: nan
2026-05-14 10:18:48 | DEBUG   | dpfl.core.base_simulator | Update norms — honest: ['9.99', '17.80', '16.40', '10.00', '9.97'], attacker: ['70.05', '70.81', '71.30', '71.00', '69.46']
2026-05-14 10:18:57 | INFO    | dpfl.core.base_simulator | Round   9/150 | Acc: 0.8241 | Loss: 0.8389 | eps_max: 2.69 eps_avg: 1.52 | P: 0.00 R: nan F1: nan
2026-05-14 10:18:57 | DEBUG   | dpfl.core.base_simulator | Update norms — honest: ['9.90', '9.87', '18.98', '28.91', '9.88'], attacker: ['77.51', '76.98', '77.74', '76.68', '76.17']
2026-05-14 10:19:04 | INFO    | dpfl.core.base_simulator | Round  10/150 | Acc: 0.8321 | Loss: 0.7752 | eps_max: 2.76 eps_avg: 1.59 | P: 0.00 R: nan F1: nan
2026-05-14 10:19:04 | DEBUG   | dpfl.core.base_simulator | Update norms — honest: ['18.23', '9.72', '15.52', '9.73', '15.71'], attacker: ['83.59', '82.79', '83.58', '82.96', '83.68']
2026-05-14 10:19:11 | INFO    | dpfl.core.base_simulator | Round  11/150 | Acc: 0.8382 | Loss: 0.7243 | eps_max: 2.85 eps_avg: 1.68 | P: 0.00 R: nan F1: nan
2026-05-14 10:19:11 | DEBUG   | dpfl.core.base_simulator | Update norms — honest: ['9.70', '9.69', '18.28', '9.77', '9.74'], attacker: ['88.89', '87.28', '89.62', '89.78', '89.83']
2026-05-14 10:19:18 | INFO    | dpfl.core.base_simulator | Round  12/150 | Acc: 0.8437 | Loss: 0.6826 | eps_max: 2.95 eps_avg: 1.76 | P: 0.00 R: nan F1: nan
2026-05-14 10:19:18 | DEBUG   | dpfl.core.base_simulator | Update norms — honest: ['9.60', '17.84', '18.39', '9.61', '27.77'], attacker: ['92.11', '92.22', '94.37', '93.76', '94.55']
2026-05-14 10:19:25 | INFO    | dpfl.core.base_simulator | Round  13/150 | Acc: 0.8479 | Loss: 0.6483 | eps_max: 3.08 eps_avg: 1.82 | P: 0.00 R: nan F1: nan
2026-05-14 10:19:25 | DEBUG   | dpfl.core.base_simulator | Update norms — honest: ['26.81', '9.46', '35.29', '28.29', '17.73'], attacker: ['101.01', '98.44', '100.13', '99.24', '101.27']
2026-05-14 10:19:33 | INFO    | dpfl.core.base_simulator | Round  14/150 | Acc: 0.8515 | Loss: 0.6196 | eps_max: 3.17 eps_avg: 1.89 | P: 0.00 R: nan F1: nan
2026-05-14 10:19:33 | DEBUG   | dpfl.core.base_simulator | Update norms — honest: ['16.00', '18.05', '9.42', '9.39', '17.53'], attacker: ['106.52', '102.59', '103.72', '105.28', '103.76']
2026-05-14 10:19:40 | INFO    | dpfl.core.base_simulator | Round  15/150 | Acc: 0.8548 | Loss: 0.5951 | eps_max: 3.32 eps_avg: 1.95 | P: 0.00 R: nan F1: nan
2026-05-14 10:19:40 | DEBUG   | dpfl.core.base_simulator | Update norms — honest: ['15.91', '9.34', '36.77', '9.39', '9.30'], attacker: ['109.21', '106.91', '106.62', '109.54', '102.30']
2026-05-14 10:19:48 | INFO    | dpfl.core.base_simulator | Round  16/150 | Acc: 0.8576 | Loss: 0.5743 | eps_max: 3.46 eps_avg: 2.02 | P: 0.00 R: nan F1: nan
2026-05-14 10:19:48 | DEBUG   | dpfl.core.base_simulator | Update norms — honest: ['15.11', '17.67', '35.61', '27.24', '9.19'], attacker: ['114.32', '111.90', '112.32', '113.82', '110.12']
2026-05-14 10:19:55 | INFO    | dpfl.core.base_simulator | Round  17/150 | Acc: 0.8600 | Loss: 0.5561 | eps_max: 3.51 eps_avg: 2.08 | P: 0.00 R: nan F1: nan
2026-05-14 10:19:55 | DEBUG   | dpfl.core.base_simulator | Update norms — honest: ['17.10', '27.65', '35.15', '9.16', '26.06'], attacker: ['115.54', '111.15', '119.24', '115.47', '115.18']
2026-05-14 10:20:03 | INFO    | dpfl.core.base_simulator | Round  18/150 | Acc: 0.8621 | Loss: 0.5404 | eps_max: 3.55 eps_avg: 2.16 | P: 0.00 R: nan F1: nan
2026-05-14 10:20:03 | DEBUG   | dpfl.core.base_simulator | Update norms — honest: ['24.17', '35.85', '9.04', '17.06', '16.44'], attacker: ['116.23', '114.36', '119.48', '117.10', '118.77']
2026-05-14 10:20:10 | INFO    | dpfl.core.base_simulator | Round  19/150 | Acc: 0.8642 | Loss: 0.5266 | eps_max: 3.59 eps_avg: 2.22 | P: 0.00 R: nan F1: nan
2026-05-14 10:20:10 | DEBUG   | dpfl.core.base_simulator | Update norms — honest: ['8.97', '35.76', '8.93', '16.61', '8.94'], attacker: ['118.18', '116.51', '120.56', '120.77', '127.23']
2026-05-14 10:20:18 | INFO    | dpfl.core.base_simulator | Round  20/150 | Acc: 0.8658 | Loss: 0.5144 | eps_max: 3.64 eps_avg: 2.27 | P: 0.00 R: nan F1: nan
2026-05-14 10:20:18 | DEBUG   | dpfl.core.base_simulator | Update norms — honest: ['24.63', '34.22', '31.75', '21.70', '8.90'], attacker: ['119.01', '121.72', '113.64', '118.41', '129.05']
2026-05-14 10:20:26 | INFO    | dpfl.core.base_simulator | Round  21/150 | Acc: 0.8673 | Loss: 0.5035 | eps_max: 3.67 eps_avg: 2.32 | P: 0.00 R: nan F1: nan
2026-05-14 10:20:26 | DEBUG   | dpfl.core.base_simulator | Update norms — honest: ['8.79', '8.76', '34.32', '13.78', '15.87'], attacker: ['128.12', '128.99', '120.35', '126.31', '124.82']
2026-05-14 10:20:34 | INFO    | dpfl.core.base_simulator | Round  22/150 | Acc: 0.8687 | Loss: 0.4937 | eps_max: 3.73 eps_avg: 2.35 | P: 0.00 R: nan F1: nan
2026-05-14 10:20:34 | DEBUG   | dpfl.core.base_simulator | Update norms — honest: ['24.60', '15.76', '12.87', '24.67', '8.70'], attacker: ['129.75', '130.07', '134.25', '138.83', '120.83']
2026-05-14 10:20:41 | INFO    | dpfl.core.base_simulator | Round  23/150 | Acc: 0.8700 | Loss: 0.4848 | eps_max: 3.78 eps_avg: 2.40 | P: 0.00 R: nan F1: nan
2026-05-14 10:20:41 | DEBUG   | dpfl.core.base_simulator | Update norms — honest: ['15.35', '35.20', '39.93', '15.98', '16.08'], attacker: ['132.01', '134.73', '133.31', '136.66', '119.81']
2026-05-14 10:20:49 | INFO    | dpfl.core.base_simulator | Round  24/150 | Acc: 0.8711 | Loss: 0.4769 | eps_max: 3.82 eps_avg: 2.45 | P: 0.00 R: nan F1: nan
2026-05-14 10:20:49 | DEBUG   | dpfl.core.base_simulator | Update norms — honest: ['41.38', '11.39', '25.34', '38.20', '8.52'], attacker: ['138.51', '127.62', '133.53', '138.14', '131.69']
2026-05-14 10:20:57 | INFO    | dpfl.core.base_simulator | Round  25/150 | Acc: 0.8721 | Loss: 0.4698 | eps_max: 3.89 eps_avg: 2.50 | P: 0.00 R: nan F1: nan
2026-05-14 10:20:57 | DEBUG   | dpfl.core.base_simulator | Update norms — honest: ['40.46', '23.71', '8.43', '14.96', '14.70'], attacker: ['139.02', '133.37', '146.43', '139.11', '141.51']
2026-05-14 10:21:04 | INFO    | dpfl.core.base_simulator | Round  26/150 | Acc: 0.8731 | Loss: 0.4632 | eps_max: 3.93 eps_avg: 2.57 | P: 0.00 R: nan F1: nan
2026-05-14 10:21:04 | DEBUG   | dpfl.core.base_simulator | Update norms — honest: ['8.39', '13.80', '16.01', '22.31', '8.36'], attacker: ['139.91', '137.18', '130.91', '134.55', '117.39']
2026-05-14 10:21:11 | INFO    | dpfl.core.base_simulator | Round  27/150 | Acc: 0.8740 | Loss: 0.4571 | eps_max: 3.98 eps_avg: 2.62 | P: 0.00 R: nan F1: nan
2026-05-14 10:21:11 | DEBUG   | dpfl.core.base_simulator | Update norms — honest: ['23.73', '10.93', '38.74', '22.21', '8.25'], attacker: ['136.16', '127.33', '135.19', '132.97', '134.43']
2026-05-14 10:21:20 | INFO    | dpfl.core.base_simulator | Round  28/150 | Acc: 0.8748 | Loss: 0.4517 | eps_max: 4.06 eps_avg: 2.67 | P: 0.00 R: nan F1: nan
2026-05-14 10:21:20 | DEBUG   | dpfl.core.base_simulator | Update norms — honest: ['12.44', '8.15', '8.23', '23.50', '29.87'], attacker: ['132.51', '142.84', '144.15', '144.08', '152.67']
2026-05-14 10:21:28 | INFO    | dpfl.core.base_simulator | Round  29/150 | Acc: 0.8756 | Loss: 0.4466 | eps_max: 4.16 eps_avg: 2.73 | P: 0.00 R: nan F1: nan
2026-05-14 10:21:28 | DEBUG   | dpfl.core.base_simulator | Update norms — honest: ['43.25', '8.11', '25.86', '34.13', '23.26'], attacker: ['138.98', '146.43', '151.92', '151.18', '142.14']
2026-05-14 10:21:35 | INFO    | dpfl.core.base_simulator | Round  30/150 | Acc: 0.8763 | Loss: 0.4419 | eps_max: 4.29 eps_avg: 2.78 | P: 0.00 R: nan F1: nan
2026-05-14 10:21:35 | DEBUG   | dpfl.core.base_simulator | Update norms — honest: ['10.13', '25.76', '14.70', '26.38', '8.00'], attacker: ['142.86', '143.51', '144.02', '145.19', '137.06']
2026-05-14 10:21:44 | INFO    | dpfl.core.base_simulator | Round  31/150 | Acc: 0.8769 | Loss: 0.4376 | eps_max: 4.33 eps_avg: 2.85 | P: 0.00 R: nan F1: nan
2026-05-14 10:21:44 | DEBUG   | dpfl.core.base_simulator | Update norms — honest: ['40.94', '12.36', '40.77', '7.94', '9.63'], attacker: ['149.03', '142.50', '136.12', '133.45', '139.83']
2026-05-14 10:21:52 | INFO    | dpfl.core.base_simulator | Round  32/150 | Acc: 0.8775 | Loss: 0.4336 | eps_max: 4.40 eps_avg: 2.90 | P: 0.00 R: nan F1: nan
2026-05-14 10:21:52 | DEBUG   | dpfl.core.base_simulator | Update norms — honest: ['14.20', '15.86', '22.59', '7.83', '25.82'], attacker: ['151.20', '129.28', '133.98', '125.90', '145.32']
2026-05-14 10:22:00 | INFO    | dpfl.core.base_simulator | Round  33/150 | Acc: 0.8780 | Loss: 0.4299 | eps_max: 4.52 eps_avg: 2.96 | P: 0.00 R: nan F1: nan
2026-05-14 10:22:00 | DEBUG   | dpfl.core.base_simulator | Update norms — honest: ['21.03', '7.80', '34.39', '14.82', '34.25'], attacker: ['147.54', '128.79', '151.72', '127.02', '146.87']
2026-05-14 10:22:07 | INFO    | dpfl.core.base_simulator | Round  34/150 | Acc: 0.8785 | Loss: 0.4265 | eps_max: 4.72 eps_avg: 3.02 | P: 0.00 R: nan F1: nan
2026-05-14 10:22:07 | DEBUG   | dpfl.core.base_simulator | Update norms — honest: ['22.83', '39.90', '7.68', '12.68', '7.72'], attacker: ['157.17', '129.72', '136.71', '121.78', '142.38']
2026-05-14 10:22:15 | INFO    | dpfl.core.base_simulator | Round  35/150 | Acc: 0.8791 | Loss: 0.4233 | eps_max: 4.76 eps_avg: 3.08 | P: 0.00 R: nan F1: nan
2026-05-14 10:22:15 | DEBUG   | dpfl.core.base_simulator | Update norms — honest: ['15.15', '22.53', '7.59', '13.87', '28.86'], attacker: ['149.72', '150.28', '130.66', '150.77', '151.28']
2026-05-14 10:22:24 | INFO    | dpfl.core.base_simulator | Round  36/150 | Acc: 0.8796 | Loss: 0.4203 | eps_max: 4.94 eps_avg: 3.14 | P: 0.00 R: nan F1: nan
2026-05-14 10:22:24 | DEBUG   | dpfl.core.base_simulator | Update norms — honest: ['14.99', '12.68', '33.10', '20.42', '7.57'], attacker: ['150.35', '167.69', '158.74', '154.88', '157.36']
2026-05-14 10:22:31 | INFO    | dpfl.core.base_simulator | Round  37/150 | Acc: 0.8799 | Loss: 0.4175 | eps_max: 5.18 eps_avg: 3.20 | P: 0.00 R: nan F1: nan
2026-05-14 10:22:31 | DEBUG   | dpfl.core.base_simulator | Update norms — honest: ['7.49', '9.18', '21.73', '12.11', '22.27'], attacker: ['145.85', '158.86', '150.99', '141.94', '146.99']
2026-05-14 10:22:40 | INFO    | dpfl.core.base_simulator | Round  38/150 | Acc: 0.8804 | Loss: 0.4150 | eps_max: 5.37 eps_avg: 3.27 | P: 0.00 R: nan F1: nan
2026-05-14 10:22:40 | DEBUG   | dpfl.core.base_simulator | Update norms — honest: ['43.91', '9.81', '41.70', '31.20', '13.75'], attacker: ['139.77', '147.22', '148.49', '142.95', '146.86']
2026-05-14 10:22:48 | INFO    | dpfl.core.base_simulator | Round  39/150 | Acc: 0.8808 | Loss: 0.4126 | eps_max: 5.54 eps_avg: 3.34 | P: 0.00 R: nan F1: nan
2026-05-14 10:22:48 | DEBUG   | dpfl.core.base_simulator | Update norms — honest: ['7.41', '36.59', '47.69', '12.19', '13.15'], attacker: ['149.08', '135.17', '161.83', '145.53', '138.27']
2026-05-14 10:22:56 | INFO    | dpfl.core.base_simulator | Round  40/150 | Acc: 0.8811 | Loss: 0.4103 | eps_max: 5.59 eps_avg: 3.41 | P: 0.00 R: nan F1: nan
2026-05-14 10:22:56 | DEBUG   | dpfl.core.base_simulator | Update norms — honest: ['20.89', '22.47', '7.25', '29.12', '21.49'], attacker: ['136.68', '149.46', '150.02', '151.07', '153.23']
2026-05-14 10:23:04 | INFO    | dpfl.core.base_simulator | Round  41/150 | Acc: 0.8814 | Loss: 0.4081 | eps_max: 5.62 eps_avg: 3.49 | P: 0.00 R: nan F1: nan
2026-05-14 10:23:04 | DEBUG   | dpfl.core.base_simulator | Update norms — honest: ['48.39', '20.36', '25.69', '19.45', '41.52'], attacker: ['154.92', '162.43', '129.40', '158.81', '118.42']
2026-05-14 10:23:12 | INFO    | dpfl.core.base_simulator | Round  42/150 | Acc: 0.8818 | Loss: 0.4061 | eps_max: 5.64 eps_avg: 3.56 | P: 0.00 R: nan F1: nan
2026-05-14 10:23:12 | DEBUG   | dpfl.core.base_simulator | Update norms — honest: ['23.94', '36.78', '20.90', '21.95', '10.71'], attacker: ['155.20', '170.95', '157.08', '170.68', '118.34']
2026-05-14 10:23:20 | INFO    | dpfl.core.base_simulator | Round  43/150 | Acc: 0.8821 | Loss: 0.4042 | eps_max: 5.67 eps_avg: 3.65 | P: 0.00 R: nan F1: nan
2026-05-14 10:23:20 | DEBUG   | dpfl.core.base_simulator | Update norms — honest: ['25.05', '23.63', '13.43', '33.91', '19.49'], attacker: ['132.33', '128.45', '146.15', '142.53', '114.93']
2026-05-14 10:23:29 | INFO    | dpfl.core.base_simulator | Round  44/150 | Acc: 0.8823 | Loss: 0.4025 | eps_max: 5.73 eps_avg: 3.74 | P: 0.00 R: nan F1: nan
2026-05-14 10:23:29 | DEBUG   | dpfl.core.base_simulator | Update norms — honest: ['29.86', '48.53', '32.00', '17.58', '32.90'], attacker: ['131.99', '137.35', '166.45', '132.06', '134.30']
2026-05-14 10:23:38 | INFO    | dpfl.core.base_simulator | Round  45/150 | Acc: 0.8826 | Loss: 0.4009 | eps_max: 5.77 eps_avg: 3.83 | P: 0.00 R: nan F1: nan
2026-05-14 10:23:38 | DEBUG   | dpfl.core.base_simulator | Update norms — honest: ['35.28', '6.91', '28.83', '47.15', '13.02'], attacker: ['122.06', '157.11', '141.02', '149.08', '142.20']
2026-05-14 10:23:46 | INFO    | dpfl.core.base_simulator | Round  46/150 | Acc: 0.8829 | Loss: 0.3994 | eps_max: 5.86 eps_avg: 3.88 | P: 0.00 R: nan F1: nan
2026-05-14 10:23:46 | DEBUG   | dpfl.core.base_simulator | Update norms — honest: ['21.14', '26.65', '34.41', '36.46', '30.73'], attacker: ['134.34', '161.20', '153.78', '148.06', '108.83']
2026-05-14 10:23:54 | INFO    | dpfl.core.base_simulator | Round  47/150 | Acc: 0.8832 | Loss: 0.3978 | eps_max: 5.95 eps_avg: 3.93 | P: 0.00 R: nan F1: nan
2026-05-14 10:23:54 | DEBUG   | dpfl.core.base_simulator | Update norms — honest: ['28.12', '26.01', '30.74', '32.89', '20.43'], attacker: ['148.42', '160.31', '181.53', '159.39', '102.51']
2026-05-14 10:24:02 | INFO    | dpfl.core.base_simulator | Round  48/150 | Acc: 0.8833 | Loss: 0.3965 | eps_max: 6.03 eps_avg: 3.99 | P: 0.00 R: nan F1: nan
2026-05-14 10:24:02 | DEBUG   | dpfl.core.base_simulator | Update norms — honest: ['12.28', '54.25', '50.19', '6.69', '29.92'], attacker: ['156.46', '150.98', '174.00', '172.87', '139.67']
2026-05-14 10:24:11 | INFO    | dpfl.core.base_simulator | Round  49/150 | Acc: 0.8836 | Loss: 0.3952 | eps_max: 6.12 eps_avg: 4.03 | P: 0.00 R: nan F1: nan
2026-05-14 10:24:11 | DEBUG   | dpfl.core.base_simulator | Update norms — honest: ['32.64', '48.79', '12.96', '22.00', '11.16'], attacker: ['144.93', '135.90', '153.63', '149.96', '128.10']
2026-05-14 10:24:19 | INFO    | dpfl.core.base_simulator | Round  50/150 | Acc: 0.8838 | Loss: 0.3939 | eps_max: 6.24 eps_avg: 4.06 | P: 0.00 R: nan F1: nan
2026-05-14 10:24:19 | DEBUG   | dpfl.core.base_simulator | Update norms — honest: ['54.30', '12.28', '16.76', '29.11', '38.23'], attacker: ['153.89', '121.23', '122.89', '152.04', '150.41']
2026-05-14 10:24:21 | INFO    | dpfl.core.base_simulator | Round  51/150 | Acc: 0.8839 | Loss: 0.3930 | eps_max: 5.14 eps_avg: 2.93 | P: 0.56 R: 0.83 F1: 0.70
2026-05-14 10:24:21 | DEBUG   | dpfl.core.base_simulator | Update norms — honest: ['23.51', '13.18', '21.75', '34.07', '6.49'], attacker: ['0.24', '0.29', '0.26', '0.27', '0.25']
2026-05-14 10:24:23 | INFO    | dpfl.core.base_simulator | Round  52/150 | Acc: 0.8841 | Loss: 0.3919 | eps_max: 5.19 eps_avg: 2.97 | P: 0.60 R: 1.00 F1: 0.97
2026-05-14 10:24:23 | DEBUG   | dpfl.core.base_simulator | Update norms — honest: ['18.08', '57.17', '23.62', '12.87', '26.75'], attacker: ['0.41', '0.76', '0.38', '0.48', '0.33']
2026-05-14 10:24:24 | INFO    | dpfl.core.base_simulator | Round  53/150 | Acc: 0.8836 | Loss: 0.3935 | eps_max: 5.19 eps_avg: 3.03 | P: 0.50 R: 0.89 F1: 0.78
2026-05-14 10:24:24 | DEBUG   | dpfl.core.base_simulator | Update norms — honest: ['6.44', '23.46', '44.61', '6.41', '43.80'], attacker: ['1.67', '3.51', '1.29', '1.93', '1.02']
2026-05-14 10:24:26 | INFO    | dpfl.core.base_simulator | Round  54/150 | Acc: 0.8843 | Loss: 0.3901 | eps_max: 5.19 eps_avg: 3.08 | P: 0.67 R: 1.00 F1: 0.89
2026-05-14 10:24:26 | DEBUG   | dpfl.core.base_simulator | Update norms — honest: ['27.23', '45.43', '9.13', '6.42', '11.69'], attacker: ['7.82', '13.68', '6.88', '7.12', '5.74']
2026-05-14 10:24:28 | INFO    | dpfl.core.base_simulator | Round  55/150 | Acc: 0.8845 | Loss: 0.3891 | eps_max: 5.19 eps_avg: 3.13 | P: 0.54 R: 1.00 F1: 0.90
2026-05-14 10:24:28 | DEBUG   | dpfl.core.base_simulator | Update norms — honest: ['36.98', '56.86', '8.89', '26.30', '21.05'], attacker: ['42.13', '67.17', '39.51', '40.34', '34.34']
2026-05-14 10:24:30 | INFO    | dpfl.core.base_simulator | Round  56/150 | Acc: 0.8847 | Loss: 0.3883 | eps_max: 5.23 eps_avg: 3.17 | P: 0.60 R: 1.00 F1: 0.93
2026-05-14 10:24:30 | DEBUG   | dpfl.core.base_simulator | Update norms — honest: ['39.66', '20.54', '9.31', '32.14', '11.93'], attacker: ['264.98', '354.95', '253.49', '242.67', '237.05']
2026-05-14 10:24:32 | INFO    | dpfl.core.base_simulator | Round  57/150 | Acc: 0.8848 | Loss: 0.3876 | eps_max: 5.39 eps_avg: 3.21 | P: 0.62 R: 1.00 F1: 0.94
2026-05-14 10:24:32 | DEBUG   | dpfl.core.base_simulator | Update norms — honest: ['10.91', '11.86', '26.46', '25.85', '10.77'], attacker: ['1509.84', '1770.98', '1566.35', '1356.98', '1419.39']
2026-05-14 10:24:34 | INFO    | dpfl.core.base_simulator | Round  58/150 | Acc: 0.8850 | Loss: 0.3867 | eps_max: 5.40 eps_avg: 3.34 | P: 0.34 R: 1.00 F1: 0.84
2026-05-14 10:24:34 | DEBUG   | dpfl.core.base_simulator | Update norms — honest: ['35.35', '9.26', '15.67', '31.70', '17.04'], attacker: ['9325.24', '10439.08', '9712.72', '8289.31', '8963.52']
2026-05-14 10:24:36 | INFO    | dpfl.core.base_simulator | Round  59/150 | Acc: 0.8851 | Loss: 0.3860 | eps_max: 5.40 eps_avg: 3.46 | P: 0.48 R: 1.00 F1: 0.90
2026-05-14 10:24:36 | DEBUG   | dpfl.core.base_simulator | Update norms — honest: ['34.39', '21.65', '6.43', '18.81', '47.13'], attacker: ['54257.82', '61311.20', '60875.59', '49014.47', '53046.02']
2026-05-14 10:24:38 | INFO    | dpfl.core.base_simulator | Round  60/150 | Acc: 0.8852 | Loss: 0.3854 | eps_max: 5.40 eps_avg: 3.52 | P: 0.50 R: 1.00 F1: 0.90
2026-05-14 10:24:38 | DEBUG   | dpfl.core.base_simulator | Update norms — honest: ['37.23', '19.36', '26.71', '24.28', '10.02'], attacker: ['350615.12', '372152.34', '381941.78', '324708.53', '356363.31']
2026-05-14 10:24:40 | INFO    | dpfl.core.base_simulator | Round  61/150 | Acc: 0.8853 | Loss: 0.3847 | eps_max: 5.60 eps_avg: 3.55 | P: 0.65 R: 1.00 F1: 0.93
2026-05-14 10:24:40 | DEBUG   | dpfl.core.base_simulator | Update norms — honest: ['48.51', '23.25', '12.53', '27.93', '27.16'], attacker: ['2106644.50', '2242782.50', '2382828.00', '2047596.25', '2190942.25']
2026-05-14 10:24:42 | INFO    | dpfl.core.base_simulator | Round  62/150 | Acc: 0.8855 | Loss: 0.3842 | eps_max: 5.60 eps_avg: 3.61 | P: 0.42 R: 1.00 F1: 0.83
2026-05-14 10:24:42 | DEBUG   | dpfl.core.base_simulator | Update norms — honest: ['17.53', '6.43', '37.04', '33.16', '34.90'], attacker: ['15121309.00', '15013094.00', '15688678.00', '14407446.00', '15221975.00']
2026-05-14 10:24:43 | INFO    | dpfl.core.base_simulator | Round  63/150 | Acc: 0.8855 | Loss: 0.3837 | eps_max: 5.60 eps_avg: 3.70 | P: 0.54 R: 1.00 F1: 0.92
2026-05-14 10:24:43 | DEBUG   | dpfl.core.base_simulator | Update norms — honest: ['34.84', '6.45', '38.92', '34.04', '26.30'], attacker: ['94180624.00', '95641208.00', '92878056.00', '91145976.00', '94652936.00']
2026-05-14 10:24:45 | INFO    | dpfl.core.base_simulator | Round  64/150 | Acc: 0.8856 | Loss: 0.3832 | eps_max: 5.60 eps_avg: 3.76 | P: 0.55 R: 1.00 F1: 0.88
2026-05-14 10:24:45 | DEBUG   | dpfl.core.base_simulator | Update norms — honest: ['15.56', '23.55', '26.04', '9.42', '16.01'], attacker: ['620887872.00', '619541888.00', '640623552.00', '617073344.00', '629173504.00']
2026-05-14 10:24:47 | INFO    | dpfl.core.base_simulator | Round  65/150 | Acc: 0.8857 | Loss: 0.3827 | eps_max: 5.68 eps_avg: 3.83 | P: 0.71 R: 1.00 F1: 0.92
2026-05-14 10:24:47 | DEBUG   | dpfl.core.base_simulator | Update norms — honest: ['36.29', '31.49', '58.39', '29.37', '16.90'], attacker: ['3751405056.00', '3545931008.00', '3788360960.00', '3692473088.00', '3933253376.00']
2026-05-14 10:24:49 | INFO    | dpfl.core.base_simulator | Round  66/150 | Acc: 0.8858 | Loss: 0.3822 | eps_max: 5.68 eps_avg: 3.88 | P: 0.63 R: 1.00 F1: 0.88
2026-05-14 10:24:49 | DEBUG   | dpfl.core.base_simulator | Update norms — honest: ['9.72', '18.48', '45.49', '17.64', '10.39'], attacker: ['24980463616.00', '25086681088.00', '25528498176.00', '25150308352.00', '26400264192.00']
2026-05-14 10:24:51 | INFO    | dpfl.core.base_simulator | Round  67/150 | Acc: 0.8858 | Loss: 0.3818 | eps_max: 5.84 eps_avg: 3.92 | P: 0.51 R: 1.00 F1: 0.88
2026-05-14 10:24:51 | DEBUG   | dpfl.core.base_simulator | Update norms — honest: ['35.25', '36.10', '35.19', '30.93', '9.75'], attacker: ['150810886144.00', '149387821056.00', '153630392320.00', '149970108416.00', '161480048640.00']
2026-05-14 10:24:53 | INFO    | dpfl.core.base_simulator | Round  68/150 | Acc: 0.8859 | Loss: 0.3815 | eps_max: 5.84 eps_avg: 4.02 | P: 0.44 R: 1.00 F1: 0.83
2026-05-14 10:24:53 | DEBUG   | dpfl.core.base_simulator | Update norms — honest: ['6.42', '64.59', '20.76', '38.32', '17.89'], attacker: ['1032661172224.00', '994871345152.00', '1017347244032.00', '1022574460928.00', '1053075046400.00']
2026-05-14 10:24:55 | INFO    | dpfl.core.base_simulator | Round  69/150 | Acc: 0.8859 | Loss: 0.3811 | eps_max: 5.99 eps_avg: 4.12 | P: 0.56 R: 1.00 F1: 0.82
2026-05-14 10:24:55 | DEBUG   | dpfl.core.base_simulator | Update norms — honest: ['6.40', '25.57', '15.10', '24.12', '36.19'], attacker: ['6062901559296.00', '6053641060352.00', '6174884757504.00', '6133013544960.00', '6174997479424.00']
2026-05-14 10:24:57 | INFO    | dpfl.core.base_simulator | Round  70/150 | Acc: 0.8861 | Loss: 0.3807 | eps_max: 5.99 eps_avg: 4.15 | P: 0.43 R: 1.00 F1: 0.99
2026-05-14 10:24:57 | DEBUG   | dpfl.core.base_simulator | Update norms — honest: ['9.19', '16.96', '20.49', '32.69', '19.07'], attacker: ['42450190073856.00', '39947922833408.00', '42011562344448.00', '40194279473152.00', '42459132329984.00']
2026-05-14 10:24:59 | INFO    | dpfl.core.base_simulator | Round  71/150 | Acc: 0.8861 | Loss: 0.3805 | eps_max: 5.99 eps_avg: 4.19 | P: 0.33 R: 1.00 F1: 0.93
2026-05-14 10:24:59 | DEBUG   | dpfl.core.base_simulator | Update norms — honest: ['28.74', '21.65', '43.39', '53.05', '30.40'], attacker: ['247313528258560.00', '233031419822080.00', '252542801936384.00', '239244442337280.00', '251512630542336.00']
2026-05-14 10:25:00 | INFO    | dpfl.core.base_simulator | Round  72/150 | Acc: 0.8862 | Loss: 0.3802 | eps_max: 6.23 eps_avg: 4.22 | P: 0.57 R: 1.00 F1: 0.78
2026-05-14 10:25:00 | DEBUG   | dpfl.core.base_simulator | Update norms — honest: ['23.21', '21.03', '19.78', '23.48', '8.60'], attacker: ['1702486918299648.00', '1725546731929600.00', '1688551896907776.00', '1685039016312832.00', '1671450008223744.00']
2026-05-14 10:25:02 | INFO    | dpfl.core.base_simulator | Round  73/150 | Acc: 0.8862 | Loss: 0.3800 | eps_max: 6.23 eps_avg: 4.28 | P: 0.48 R: 1.00 F1: 0.94
2026-05-14 10:25:02 | DEBUG   | dpfl.core.base_simulator | Update norms — honest: ['36.35', '29.73', '12.90', '34.32', '30.46'], attacker: ['9838975506186240.00', '10267406010155008.00', '10122318793670656.00', '9810285124648960.00', '10081163343298560.00']
2026-05-14 10:25:04 | INFO    | dpfl.core.base_simulator | Round  74/150 | Acc: 0.8863 | Loss: 0.3798 | eps_max: 6.23 eps_avg: 4.35 | P: 0.50 R: 1.00 F1: 0.90
2026-05-14 10:25:04 | DEBUG   | dpfl.core.base_simulator | Update norms — honest: ['50.27', '46.48', '21.21', '31.16', '16.09'], attacker: ['69149639185530880.00', '67347853160218624.00', '69958119534362624.00', '65233659803729920.00', '68240394608967680.00']
2026-05-14 10:25:06 | INFO    | dpfl.core.base_simulator | Round  75/150 | Acc: 0.8863 | Loss: 0.3795 | eps_max: 6.23 eps_avg: 4.41 | P: 0.68 R: 1.00 F1: 0.87
2026-05-14 10:25:06 | DEBUG   | dpfl.core.base_simulator | Update norms — honest: ['10.20', '34.77', '41.70', '20.39', '17.26'], attacker: ['406105100755402752.00', '396353222891012096.00', '364925572796645376.00', '383179252524122112.00', '411345373173383168.00']
2026-05-14 10:25:08 | INFO    | dpfl.core.base_simulator | Round  76/150 | Acc: 0.8863 | Loss: 0.3794 | eps_max: 6.23 eps_avg: 4.45 | P: 0.55 R: 1.00 F1: 0.91
2026-05-14 10:25:08 | DEBUG   | dpfl.core.base_simulator | Update norms — honest: ['38.71', '48.43', '42.23', '12.07', '42.24'], attacker: ['2780970296000118784.00', '2583114278093455360.00', '2653286209689747456.00', '2580645049855377408.00', '2754207633224237056.00']
2026-05-14 10:25:10 | INFO    | dpfl.core.base_simulator | Round  77/150 | Acc: 0.8864 | Loss: 0.3792 | eps_max: 6.35 eps_avg: 4.51 | P: 0.52 R: 1.00 F1: 0.90
2026-05-14 10:25:10 | DEBUG   | dpfl.core.base_simulator | Update norms — honest: ['6.46', '46.45', '44.31', '41.95', '12.41'], attacker: ['16381028906443997184.00', '16029508441974243328.00', '15547629878915366912.00', '15712397193895739392.00', '15761858724471242752.00']
2026-05-14 10:25:12 | INFO    | dpfl.core.base_simulator | Round  78/150 | Acc: 0.8864 | Loss: 0.3790 | eps_max: 6.35 eps_avg: 4.57 | P: 0.33 R: 1.00 F1: 0.89
2026-05-14 10:25:12 | DEBUG   | dpfl.core.base_simulator | Update norms — honest: ['57.37', '24.45', '29.10', '25.82', '40.11'], attacker: ['nan', 'nan', 'nan', 'nan', 'nan']
2026-05-14 10:25:13 | INFO    | dpfl.core.base_simulator | Round  79/150 | Acc: 0.8864 | Loss: 0.3789 | eps_max: 6.36 eps_avg: 4.59 | P: 0.75 R: 1.00 F1: 0.95
2026-05-14 10:25:13 | DEBUG   | dpfl.core.base_simulator | Update norms — honest: ['35.81', '64.04', '50.30', '42.52', '22.62'], attacker: ['nan', 'nan', 'nan', 'nan', 'nan']
2026-05-14 10:25:15 | INFO    | dpfl.core.base_simulator | Round  80/150 | Acc: 0.8865 | Loss: 0.3788 | eps_max: 6.36 eps_avg: 4.65 | P: 0.55 R: 1.00 F1: 0.78
2026-05-14 10:25:15 | DEBUG   | dpfl.core.base_simulator | Update norms — honest: ['6.42', '29.28', '17.24', '25.58', '49.11'], attacker: ['nan', 'nan', 'nan', 'nan', 'nan']
2026-05-14 10:25:17 | INFO    | dpfl.core.base_simulator | Round  81/150 | Acc: 0.8866 | Loss: 0.3787 | eps_max: 6.36 eps_avg: 4.70 | P: 0.47 R: 1.00 F1: 0.84
2026-05-14 10:25:17 | DEBUG   | dpfl.core.base_simulator | Update norms — honest: ['37.69', '32.51', '28.11', '46.88', '18.42'], attacker: ['nan', 'nan', 'nan', 'nan', 'nan']
2026-05-14 10:25:18 | INFO    | dpfl.core.base_simulator | Round  82/150 | Acc: 0.8865 | Loss: 0.3786 | eps_max: 6.36 eps_avg: 4.74 | P: 0.70 R: 1.00 F1: 0.88
2026-05-14 10:25:18 | DEBUG   | dpfl.core.base_simulator | Update norms — honest: ['46.70', '16.80', '23.92', '54.20', '27.88'], attacker: ['nan', 'nan', 'nan', 'nan', 'nan']
2026-05-14 10:25:20 | INFO    | dpfl.core.base_simulator | Round  83/150 | Acc: 0.8866 | Loss: 0.3786 | eps_max: 6.36 eps_avg: 4.75 | P: 0.55 R: 1.00 F1: 0.96
2026-05-14 10:25:20 | DEBUG   | dpfl.core.base_simulator | Update norms — honest: ['27.18', '33.24', '26.09', '45.82', '10.49'], attacker: ['nan', 'nan', 'nan', 'nan', 'nan']
2026-05-14 10:25:21 | INFO    | dpfl.core.base_simulator | Round  84/150 | Acc: 0.8866 | Loss: 0.3785 | eps_max: 6.46 eps_avg: 4.80 | P: 0.54 R: 1.00 F1: 0.87
2026-05-14 10:25:21 | DEBUG   | dpfl.core.base_simulator | Update norms — honest: ['30.41', '53.31', '29.38', '38.14', '47.36'], attacker: ['nan', 'nan', 'nan', 'nan', 'nan']
2026-05-14 10:25:23 | INFO    | dpfl.core.base_simulator | Round  85/150 | Acc: 0.8867 | Loss: 0.3784 | eps_max: 6.46 eps_avg: 4.83 | P: 0.76 R: 1.00 F1: 0.88
2026-05-14 10:25:23 | DEBUG   | dpfl.core.base_simulator | Update norms — honest: ['15.99', '27.16', '55.01', '15.67', '47.07'], attacker: ['nan', 'nan', 'nan', 'nan', 'nan']
2026-05-14 10:25:25 | INFO    | dpfl.core.base_simulator | Round  86/150 | Acc: 0.8867 | Loss: 0.3784 | eps_max: 6.53 eps_avg: 4.87 | P: 0.35 R: 1.00 F1: 0.91
2026-05-14 10:25:25 | DEBUG   | dpfl.core.base_simulator | Update norms — honest: ['40.83', '23.47', '24.61', '44.32', '45.08'], attacker: ['nan', 'nan', 'nan', 'nan', 'nan']
2026-05-14 10:25:26 | INFO    | dpfl.core.base_simulator | Round  87/150 | Acc: 0.8867 | Loss: 0.3784 | eps_max: 6.56 eps_avg: 4.89 | P: 0.59 R: 1.00 F1: 0.87
2026-05-14 10:25:26 | DEBUG   | dpfl.core.base_simulator | Update norms — honest: ['10.56', '20.49', '32.19', '53.14', '39.91'], attacker: ['nan', 'nan', 'nan', 'nan', 'nan']
2026-05-14 10:25:28 | INFO    | dpfl.core.base_simulator | Round  88/150 | Acc: 0.8867 | Loss: 0.3784 | eps_max: 6.98 eps_avg: 4.93 | P: 0.77 R: 1.00 F1: 0.91
2026-05-14 10:25:28 | DEBUG   | dpfl.core.base_simulator | Update norms — honest: ['13.87', '33.38', '33.39', '6.36', '15.52'], attacker: ['nan', 'nan', 'nan', 'nan', 'nan']
2026-05-14 10:25:30 | INFO    | dpfl.core.base_simulator | Round  89/150 | Acc: 0.8867 | Loss: 0.3784 | eps_max: 6.98 eps_avg: 4.96 | P: 0.52 R: 1.00 F1: 0.93
2026-05-14 10:25:30 | DEBUG   | dpfl.core.base_simulator | Update norms — honest: ['70.69', '19.49', '23.98', '29.75', '22.14'], attacker: ['nan', 'nan', 'nan', 'nan', 'nan']
2026-05-14 10:25:31 | INFO    | dpfl.core.base_simulator | Round  90/150 | Acc: 0.8868 | Loss: 0.3784 | eps_max: 6.98 eps_avg: 5.00 | P: 0.70 R: 1.00 F1: 0.90
2026-05-14 10:25:31 | DEBUG   | dpfl.core.base_simulator | Update norms — honest: ['17.93', '70.14', '27.43', '24.09', '28.52'], attacker: ['nan', 'nan', 'nan', 'nan', 'nan']
2026-05-14 10:25:33 | INFO    | dpfl.core.base_simulator | Round  91/150 | Acc: 0.8867 | Loss: 0.3784 | eps_max: 7.00 eps_avg: 5.07 | P: 0.53 R: 1.00 F1: 0.85
2026-05-14 10:25:33 | DEBUG   | dpfl.core.base_simulator | Update norms — honest: ['41.15', '46.50', '23.23', '53.74', '40.07'], attacker: ['nan', 'nan', 'nan', 'nan', 'nan']
2026-05-14 10:25:35 | INFO    | dpfl.core.base_simulator | Round  92/150 | Acc: 0.8867 | Loss: 0.3785 | eps_max: 7.00 eps_avg: 5.10 | P: 0.42 R: 1.00 F1: 0.78
2026-05-14 10:25:35 | DEBUG   | dpfl.core.base_simulator | Update norms — honest: ['31.56', '46.62', '25.50', '31.36', '30.54'], attacker: ['nan', 'nan', 'nan', 'nan', 'nan']
2026-05-14 10:25:37 | INFO    | dpfl.core.base_simulator | Round  93/150 | Acc: 0.8868 | Loss: 0.3785 | eps_max: 7.00 eps_avg: 5.13 | P: 0.38 R: 1.00 F1: 0.82
2026-05-14 10:25:37 | DEBUG   | dpfl.core.base_simulator | Update norms — honest: ['34.36', '48.83', '26.94', '52.20', '17.12'], attacker: ['nan', 'nan', 'nan', 'nan', 'nan']
2026-05-14 10:25:38 | INFO    | dpfl.core.base_simulator | Round  94/150 | Acc: 0.8868 | Loss: 0.3786 | eps_max: 7.27 eps_avg: 5.16 | P: 0.54 R: 1.00 F1: 0.92
2026-05-14 10:25:38 | DEBUG   | dpfl.core.base_simulator | Update norms — honest: ['38.23', '59.51', '51.81', '16.53', '27.67'], attacker: ['nan', 'nan', 'nan', 'nan', 'nan']
2026-05-14 10:25:40 | INFO    | dpfl.core.base_simulator | Round  95/150 | Acc: 0.8868 | Loss: 0.3786 | eps_max: 7.27 eps_avg: 5.19 | P: 0.57 R: 1.00 F1: 0.95
2026-05-14 10:25:40 | DEBUG   | dpfl.core.base_simulator | Update norms — honest: ['57.51', '31.64', '26.23', '6.43', '35.06'], attacker: ['nan', 'nan', 'nan', 'nan', 'nan']
2026-05-14 10:25:42 | INFO    | dpfl.core.base_simulator | Round  96/150 | Acc: 0.8869 | Loss: 0.3787 | eps_max: 7.27 eps_avg: 5.24 | P: 0.50 R: 1.00 F1: 0.86
2026-05-14 10:25:42 | DEBUG   | dpfl.core.base_simulator | Update norms — honest: ['68.12', '52.17', '32.13', '35.35', '24.13'], attacker: ['nan', 'nan', 'nan', 'nan', 'nan']
2026-05-14 10:25:44 | INFO    | dpfl.core.base_simulator | Round  97/150 | Acc: 0.8868 | Loss: 0.3789 | eps_max: 7.47 eps_avg: 5.29 | P: 0.47 R: 1.00 F1: 0.72
2026-05-14 10:25:44 | DEBUG   | dpfl.core.base_simulator | Update norms — honest: ['35.69', '20.98', '45.23', '22.28', '20.45'], attacker: ['nan', 'nan', 'nan', 'nan', 'nan']
2026-05-14 10:25:46 | INFO    | dpfl.core.base_simulator | Round  98/150 | Acc: 0.8868 | Loss: 0.3789 | eps_max: 7.47 eps_avg: 5.33 | P: 0.50 R: 1.00 F1: 0.88
2026-05-14 10:25:46 | DEBUG   | dpfl.core.base_simulator | Update norms — honest: ['25.54', '28.50', '37.61', '35.18', '36.69'], attacker: ['nan', 'nan', 'nan', 'nan', 'nan']
2026-05-14 10:25:48 | INFO    | dpfl.core.base_simulator | Round  99/150 | Acc: 0.8869 | Loss: 0.3790 | eps_max: 7.47 eps_avg: 5.35 | P: 0.53 R: 1.00 F1: 0.91
2026-05-14 10:25:48 | DEBUG   | dpfl.core.base_simulator | Update norms — honest: ['31.38', '20.78', '25.96', '24.61', '44.53'], attacker: ['nan', 'nan', 'nan', 'nan', 'nan']
2026-05-14 10:25:50 | INFO    | dpfl.core.base_simulator | Round 100/150 | Acc: 0.8869 | Loss: 0.3792 | eps_max: 7.47 eps_avg: 5.36 | P: 0.48 R: 1.00 F1: 0.88
2026-05-14 10:25:50 | DEBUG   | dpfl.core.base_simulator | Update norms — honest: ['30.20', '35.28', '48.28', '45.62', '38.08'], attacker: ['nan', 'nan', 'nan', 'nan', 'nan']
2026-05-14 10:25:51 | INFO    | dpfl.core.base_simulator | Round 101/150 | Acc: 0.8869 | Loss: 0.3792 | eps_max: 7.47 eps_avg: 5.39 | P: 0.46 R: 1.00 F1: 0.88
2026-05-14 10:25:51 | DEBUG   | dpfl.core.base_simulator | Update norms — honest: ['58.15', '34.91', '37.40', '29.05', '31.77'], attacker: ['nan', 'nan', 'nan', 'nan', 'nan']
2026-05-14 10:25:53 | INFO    | dpfl.core.base_simulator | Round 102/150 | Acc: 0.8869 | Loss: 0.3793 | eps_max: 7.47 eps_avg: 5.42 | P: 0.51 R: 1.00 F1: 0.81
2026-05-14 10:25:53 | DEBUG   | dpfl.core.base_simulator | Update norms — honest: ['30.18', '9.36', '39.76', '18.23', '45.52'], attacker: ['nan', 'nan', 'nan', 'nan', 'nan']
2026-05-14 10:25:55 | INFO    | dpfl.core.base_simulator | Round 103/150 | Acc: 0.8869 | Loss: 0.3795 | eps_max: 7.47 eps_avg: 5.45 | P: 0.66 R: 1.00 F1: 0.92
2026-05-14 10:25:55 | DEBUG   | dpfl.core.base_simulator | Update norms — honest: ['42.24', '39.69', '21.48', '9.99', '53.27'], attacker: ['nan', 'nan', 'nan', 'nan', 'nan']
2026-05-14 10:25:57 | INFO    | dpfl.core.base_simulator | Round 104/150 | Acc: 0.8869 | Loss: 0.3797 | eps_max: 7.47 eps_avg: 5.50 | P: 0.54 R: 1.00 F1: 0.83
2026-05-14 10:25:57 | DEBUG   | dpfl.core.base_simulator | Update norms — honest: ['30.80', '6.43', '37.36', '25.42', '29.17'], attacker: ['nan', 'nan', 'nan', 'nan', 'nan']
2026-05-14 10:25:59 | INFO    | dpfl.core.base_simulator | Round 105/150 | Acc: 0.8869 | Loss: 0.3798 | eps_max: 7.47 eps_avg: 5.53 | P: 0.66 R: 1.00 F1: 0.89
2026-05-14 10:25:59 | DEBUG   | dpfl.core.base_simulator | Update norms — honest: ['21.58', '18.69', '26.29', '47.34', '44.45'], attacker: ['nan', 'nan', 'nan', 'nan', 'nan']
2026-05-14 10:26:01 | INFO    | dpfl.core.base_simulator | Round 106/150 | Acc: 0.8869 | Loss: 0.3800 | eps_max: 7.47 eps_avg: 5.55 | P: 0.49 R: 1.00 F1: 0.92
2026-05-14 10:26:01 | DEBUG   | dpfl.core.base_simulator | Update norms — honest: ['14.86', '56.36', '31.48', '67.51', '24.88'], attacker: ['nan', 'nan', 'nan', 'nan', 'nan']
2026-05-14 10:26:03 | INFO    | dpfl.core.base_simulator | Round 107/150 | Acc: 0.8869 | Loss: 0.3801 | eps_max: 7.47 eps_avg: 5.57 | P: 0.42 R: 1.00 F1: 0.83
2026-05-14 10:26:03 | DEBUG   | dpfl.core.base_simulator | Update norms — honest: ['51.13', '57.22', '55.14', '15.07', '21.99'], attacker: ['nan', 'nan', 'nan', 'nan', 'nan']
2026-05-14 10:26:05 | INFO    | dpfl.core.base_simulator | Round 108/150 | Acc: 0.8869 | Loss: 0.3802 | eps_max: 7.47 eps_avg: 5.60 | P: 0.57 R: 1.00 F1: 0.86
2026-05-14 10:26:05 | DEBUG   | dpfl.core.base_simulator | Update norms — honest: ['81.83', '52.11', '46.85', '31.98', '19.94'], attacker: ['nan', 'nan', 'nan', 'nan', 'nan']
2026-05-14 10:26:07 | INFO    | dpfl.core.base_simulator | Round 109/150 | Acc: 0.8869 | Loss: 0.3805 | eps_max: 7.47 eps_avg: 5.61 | P: 0.60 R: 1.00 F1: 0.94
2026-05-14 10:26:07 | DEBUG   | dpfl.core.base_simulator | Update norms — honest: ['69.08', '48.10', '31.74', '55.55', '26.74'], attacker: ['nan', 'nan', 'nan', 'nan', 'nan']
2026-05-14 10:26:09 | INFO    | dpfl.core.base_simulator | Round 110/150 | Acc: 0.8869 | Loss: 0.3806 | eps_max: 7.47 eps_avg: 5.66 | P: 0.57 R: 1.00 F1: 0.87
2026-05-14 10:26:09 | DEBUG   | dpfl.core.base_simulator | Update norms — honest: ['34.95', '38.83', '9.89', '67.45', '14.25'], attacker: ['nan', 'nan', 'nan', 'nan', 'nan']
2026-05-14 10:26:11 | INFO    | dpfl.core.base_simulator | Round 111/150 | Acc: 0.8869 | Loss: 0.3808 | eps_max: 7.47 eps_avg: 5.71 | P: 0.48 R: 1.00 F1: 0.82
2026-05-14 10:26:11 | DEBUG   | dpfl.core.base_simulator | Update norms — honest: ['60.95', '45.46', '40.59', '44.71', '25.76'], attacker: ['nan', 'nan', 'nan', 'nan', 'nan']
2026-05-14 10:26:13 | INFO    | dpfl.core.base_simulator | Round 112/150 | Acc: 0.8869 | Loss: 0.3809 | eps_max: 7.47 eps_avg: 5.74 | P: 0.47 R: 1.00 F1: 0.80
2026-05-14 10:26:13 | DEBUG   | dpfl.core.base_simulator | Update norms — honest: ['59.65', '11.00', '41.91', '61.05', '34.81'], attacker: ['nan', 'nan', 'nan', 'nan', 'nan']
2026-05-14 10:26:14 | INFO    | dpfl.core.base_simulator | Round 113/150 | Acc: 0.8869 | Loss: 0.3812 | eps_max: 7.47 eps_avg: 5.75 | P: 0.78 R: 1.00 F1: 0.94
2026-05-14 10:26:14 | DEBUG   | dpfl.core.base_simulator | Update norms — honest: ['36.48', '13.53', '34.04', '36.02', '41.96'], attacker: ['nan', 'nan', 'nan', 'nan', 'nan']
2026-05-14 10:26:16 | INFO    | dpfl.core.base_simulator | Round 114/150 | Acc: 0.8869 | Loss: 0.3813 | eps_max: 7.47 eps_avg: 5.78 | P: 0.50 R: 1.00 F1: 0.75
2026-05-14 10:26:16 | DEBUG   | dpfl.core.base_simulator | Update norms — honest: ['56.94', '53.69', '29.62', '33.39', '19.57'], attacker: ['nan', 'nan', 'nan', 'nan', 'nan']
2026-05-14 10:26:17 | INFO    | dpfl.core.base_simulator | Round 115/150 | Acc: 0.8869 | Loss: 0.3816 | eps_max: 7.47 eps_avg: 5.80 | P: 0.75 R: 1.00 F1: 0.93
2026-05-14 10:26:17 | DEBUG   | dpfl.core.base_simulator | Update norms — honest: ['43.93', '42.04', '37.32', '46.42', '75.87'], attacker: ['nan', 'nan', 'nan', 'nan', 'nan']
2026-05-14 10:26:19 | INFO    | dpfl.core.base_simulator | Round 116/150 | Acc: 0.8869 | Loss: 0.3818 | eps_max: 7.47 eps_avg: 5.82 | P: 0.51 R: 1.00 F1: 0.92
2026-05-14 10:26:19 | DEBUG   | dpfl.core.base_simulator | Update norms — honest: ['11.48', '32.79', '18.66', '31.45', '31.69'], attacker: ['nan', 'nan', 'nan', 'nan', 'nan']
2026-05-14 10:26:22 | INFO    | dpfl.core.base_simulator | Round 117/150 | Acc: 0.8869 | Loss: 0.3820 | eps_max: 7.57 eps_avg: 5.86 | P: 0.44 R: 1.00 F1: 0.71
2026-05-14 10:26:22 | DEBUG   | dpfl.core.base_simulator | Update norms — honest: ['20.93', '45.53', '46.75', '76.85', '64.58'], attacker: ['nan', 'nan', 'nan', 'nan', 'nan']
2026-05-14 10:26:23 | INFO    | dpfl.core.base_simulator | Round 118/150 | Acc: 0.8870 | Loss: 0.3821 | eps_max: 7.57 eps_avg: 5.89 | P: 0.46 R: 1.00 F1: 0.89
2026-05-14 10:26:23 | DEBUG   | dpfl.core.base_simulator | Update norms — honest: ['41.85', '21.19', '45.98', '31.45', '44.52'], attacker: ['nan', 'nan', 'nan', 'nan', 'nan']
2026-05-14 10:26:25 | INFO    | dpfl.core.base_simulator | Round 119/150 | Acc: 0.8870 | Loss: 0.3823 | eps_max: 7.57 eps_avg: 5.93 | P: 0.50 R: 1.00 F1: 0.82
2026-05-14 10:26:25 | DEBUG   | dpfl.core.base_simulator | Update norms — honest: ['39.70', '42.63', '38.42', '45.55', '70.09'], attacker: ['nan', 'nan', 'nan', 'nan', 'nan']
2026-05-14 10:26:27 | INFO    | dpfl.core.base_simulator | Round 120/150 | Acc: 0.8870 | Loss: 0.3825 | eps_max: 7.57 eps_avg: 5.97 | P: 0.48 R: 1.00 F1: 0.88
2026-05-14 10:26:27 | DEBUG   | dpfl.core.base_simulator | Update norms — honest: ['24.94', '34.81', '62.51', '47.62', '33.61'], attacker: ['nan', 'nan', 'nan', 'nan', 'nan']
2026-05-14 10:26:30 | INFO    | dpfl.core.base_simulator | Round 121/150 | Acc: 0.8869 | Loss: 0.3827 | eps_max: 7.57 eps_avg: 5.99 | P: 0.54 R: 1.00 F1: 0.84
2026-05-14 10:26:30 | DEBUG   | dpfl.core.base_simulator | Update norms — honest: ['59.35', '62.74', '49.49', '25.74', '31.63'], attacker: ['nan', 'nan', 'nan', 'nan', 'nan']
2026-05-14 10:26:32 | INFO    | dpfl.core.base_simulator | Round 122/150 | Acc: 0.8869 | Loss: 0.3830 | eps_max: 7.58 eps_avg: 6.01 | P: 0.50 R: 1.00 F1: 0.86
2026-05-14 10:26:32 | DEBUG   | dpfl.core.base_simulator | Update norms — honest: ['60.77', '51.80', '47.71', '48.96', '30.95'], attacker: ['nan', 'nan', 'nan', 'nan', 'nan']
2026-05-14 10:26:34 | INFO    | dpfl.core.base_simulator | Round 123/150 | Acc: 0.8870 | Loss: 0.3832 | eps_max: 7.58 eps_avg: 6.03 | P: 0.55 R: 1.00 F1: 0.86
2026-05-14 10:26:34 | DEBUG   | dpfl.core.base_simulator | Update norms — honest: ['20.98', '65.81', '44.38', '28.75', '29.29'], attacker: ['nan', 'nan', 'nan', 'nan', 'nan']
2026-05-14 10:26:35 | INFO    | dpfl.core.base_simulator | Round 124/150 | Acc: 0.8869 | Loss: 0.3835 | eps_max: 7.58 eps_avg: 6.04 | P: 0.45 R: 1.00 F1: 0.86
2026-05-14 10:26:35 | DEBUG   | dpfl.core.base_simulator | Update norms — honest: ['66.94', '62.49', '55.22', '36.55', '27.80'], attacker: ['nan', 'nan', 'nan', 'nan', 'nan']
2026-05-14 10:26:37 | INFO    | dpfl.core.base_simulator | Round 125/150 | Acc: 0.8870 | Loss: 0.3836 | eps_max: 7.58 eps_avg: 6.06 | P: 0.52 R: 1.00 F1: 0.97
2026-05-14 10:26:37 | DEBUG   | dpfl.core.base_simulator | Update norms — honest: ['28.31', '45.94', '60.58', '43.07', '48.85'], attacker: ['nan', 'nan', 'nan', 'nan', 'nan']
2026-05-14 10:26:39 | INFO    | dpfl.core.base_simulator | Round 126/150 | Acc: 0.8870 | Loss: 0.3839 | eps_max: 7.58 eps_avg: 6.08 | P: 0.70 R: 1.00 F1: 0.93
2026-05-14 10:26:39 | DEBUG   | dpfl.core.base_simulator | Update norms — honest: ['32.85', '24.64', '35.45', '52.77', '45.05'], attacker: ['nan', 'nan', 'nan', 'nan', 'nan']
2026-05-14 10:26:40 | INFO    | dpfl.core.base_simulator | Round 127/150 | Acc: 0.8870 | Loss: 0.3841 | eps_max: 7.58 eps_avg: 6.09 | P: 0.61 R: 1.00 F1: 0.89
2026-05-14 10:26:40 | DEBUG   | dpfl.core.base_simulator | Update norms — honest: ['44.65', '20.45', '35.09', '41.72', '42.18'], attacker: ['nan', 'nan', 'nan', 'nan', 'nan']
2026-05-14 10:26:42 | INFO    | dpfl.core.base_simulator | Round 128/150 | Acc: 0.8870 | Loss: 0.3844 | eps_max: 7.63 eps_avg: 6.12 | P: 0.48 R: 1.00 F1: 0.86
2026-05-14 10:26:42 | DEBUG   | dpfl.core.base_simulator | Update norms — honest: ['92.42', '60.74', '34.88', '51.46', '19.04'], attacker: ['nan', 'nan', 'nan', 'nan', 'nan']
2026-05-14 10:26:44 | INFO    | dpfl.core.base_simulator | Round 129/150 | Acc: 0.8870 | Loss: 0.3846 | eps_max: 7.63 eps_avg: 6.13 | P: 0.57 R: 1.00 F1: 0.83
2026-05-14 10:26:44 | DEBUG   | dpfl.core.base_simulator | Update norms — honest: ['24.77', '15.44', '39.37', '16.49', '17.47'], attacker: ['nan', 'nan', 'nan', 'nan', 'nan']
2026-05-14 10:26:46 | INFO    | dpfl.core.base_simulator | Round 130/150 | Acc: 0.8869 | Loss: 0.3848 | eps_max: 7.66 eps_avg: 6.16 | P: 0.53 R: 1.00 F1: 0.86
2026-05-14 10:26:46 | DEBUG   | dpfl.core.base_simulator | Update norms — honest: ['46.73', '24.86', '28.18', '46.98', '23.25'], attacker: ['nan', 'nan', 'nan', 'nan', 'nan']
2026-05-14 10:26:47 | INFO    | dpfl.core.base_simulator | Round 131/150 | Acc: 0.8870 | Loss: 0.3851 | eps_max: 7.66 eps_avg: 6.17 | P: 0.56 R: 1.00 F1: 0.94
2026-05-14 10:26:47 | DEBUG   | dpfl.core.base_simulator | Update norms — honest: ['26.44', '32.65', '17.40', '47.57', '64.12'], attacker: ['nan', 'nan', 'nan', 'nan', 'nan']
2026-05-14 10:26:49 | INFO    | dpfl.core.base_simulator | Round 132/150 | Acc: 0.8870 | Loss: 0.3852 | eps_max: 7.66 eps_avg: 6.19 | P: 0.70 R: 1.00 F1: 0.85
2026-05-14 10:26:49 | DEBUG   | dpfl.core.base_simulator | Update norms — honest: ['48.46', '38.04', '48.80', '69.05', '67.25'], attacker: ['nan', 'nan', 'nan', 'nan', 'nan']
2026-05-14 10:26:51 | INFO    | dpfl.core.base_simulator | Round 133/150 | Acc: 0.8870 | Loss: 0.3855 | eps_max: 7.72 eps_avg: 6.21 | P: 0.30 R: 1.00 F1: 0.75
2026-05-14 10:26:51 | DEBUG   | dpfl.core.base_simulator | Update norms — honest: ['55.28', '52.36', '48.78', '40.52', '50.59'], attacker: ['nan', 'nan', 'nan', 'nan', 'nan']
2026-05-14 10:26:53 | INFO    | dpfl.core.base_simulator | Round 134/150 | Acc: 0.8869 | Loss: 0.3858 | eps_max: 7.75 eps_avg: 6.24 | P: 0.55 R: 1.00 F1: 0.91
2026-05-14 10:26:53 | DEBUG   | dpfl.core.base_simulator | Update norms — honest: ['71.39', '36.59', '45.19', '34.74', '57.53'], attacker: ['nan', 'nan', 'nan', 'nan', 'nan']
2026-05-14 10:26:55 | INFO    | dpfl.core.base_simulator | Round 135/150 | Acc: 0.8870 | Loss: 0.3860 | eps_max: 7.76 eps_avg: 6.26 | P: 0.68 R: 1.00 F1: 0.92
2026-05-14 10:26:55 | DEBUG   | dpfl.core.base_simulator | Update norms — honest: ['57.35', '54.53', '38.54', '43.68', '56.71'], attacker: ['nan', 'nan', 'nan', 'nan', 'nan']
2026-05-14 10:26:56 | INFO    | dpfl.core.base_simulator | Round 136/150 | Acc: 0.8869 | Loss: 0.3863 | eps_max: 7.76 eps_avg: 6.28 | P: 0.44 R: 1.00 F1: 0.89
2026-05-14 10:26:56 | DEBUG   | dpfl.core.base_simulator | Update norms — honest: ['53.21', '66.30', '52.06', '71.84', '39.96'], attacker: ['nan', 'nan', 'nan', 'nan', 'nan']
2026-05-14 10:26:58 | INFO    | dpfl.core.base_simulator | Round 137/150 | Acc: 0.8870 | Loss: 0.3865 | eps_max: 7.88 eps_avg: 6.29 | P: 0.67 R: 1.00 F1: 0.95
2026-05-14 10:26:58 | DEBUG   | dpfl.core.base_simulator | Update norms — honest: ['33.36', '24.27', '26.37', '33.02', '39.65'], attacker: ['nan', 'nan', 'nan', 'nan', 'nan']
2026-05-14 10:27:00 | INFO    | dpfl.core.base_simulator | Round 138/150 | Acc: 0.8869 | Loss: 0.3868 | eps_max: 8.01 eps_avg: 6.32 | P: 0.60 R: 1.00 F1: 0.86
2026-05-14 10:27:00 | DEBUG   | dpfl.core.base_simulator | Update norms — honest: ['51.71', '51.95', '59.34', '66.82', '46.16'], attacker: ['nan', 'nan', 'nan', 'nan', 'nan']
2026-05-14 10:27:00 | WARNING | dpfl.algorithms.noise_game.simulator | Round 138/150 | Budget exceeded (eps_max=8.01 > 8.00)
2026-05-14 10:27:01 | INFO    | dpfl | Experiment complete in 707.6s
============================================================
REPORT: DP-SGD Decentralized Federated Learning
============================================================
Timestamp:                  20260514_101512
Rounds completed:           138
Attack-active rounds:       88  (from round 50)
Final accuracy:             0.8869
Final test loss:            0.3868
Final epsilon (max honest): 8.01
Final epsilon (avg honest): 6.32
Best alpha:                 1000.0
Avg precision:              0.5429
Avg recall:                 0.9968
Avg F1 score:               0.8754
Avg update norm (honest):   29.0922
Avg update norm (attacker): nan

eps_system (max honest): 8.0075
eps_avg (honest):        6.3156
eps_std (honest):        0.9404
n_frozen:                0/300
============================================================
