2026-05-14 10:39:05 | INFO    | dpfl | Experiment start: algorithm=noise_game, dataset=mnist, model=mlp, device=cuda
2026-05-14 10:39:05 | INFO    | dpfl | Config: nodes=500, attackers=100, rounds=150, noise_mode=none, attack=scale
2026-05-14 10:39:05 | INFO    | dpfl.data.mnist_dataset | Loading MNIST dataset...
2026-05-14 10:39:05 | INFO    | dpfl.data.mnist_dataset | MNIST loaded: 60000 train, 10000 test samples
2026-05-14 10:41:23 | INFO    | dpfl.core.base_simulator | Vectorized state ready: param_spec.D=50890, X_test=(10000, 1, 28, 28), train clients N=500, max_n_samples=1000
2026-05-14 10:41:23 | INFO    | dpfl.core.base_simulator | Setup complete: 500 nodes (100 attackers), param_dim=50890, split=iid
2026-05-14 10:41:23 | DEBUG   | dpfl.core.base_simulator | Attacker IDs: {0, 1, 2, 3, 4, 5, 6, 7, 8, 9, 10, 11, 12, 13, 14, 15, 16, 17, 18, 19, 20, 21, 22, 23, 24, 25, 26, 27, 28, 29, 30, 31, 32, 33, 34, 35, 36, 37, 38, 39, 40, 41, 42, 43, 44, 45, 46, 47, 48, 49, 50, 51, 52, 53, 54, 55, 56, 57, 58, 59, 60, 61, 62, 63, 64, 65, 66, 67, 68, 69, 70, 71, 72, 73, 74, 75, 76, 77, 78, 79, 80, 81, 82, 83, 84, 85, 86, 87, 88, 89, 90, 91, 92, 93, 94, 95, 96, 97, 98, 99}
2026-05-14 10:41:27 | INFO    | dpfl.core.base_simulator | Round   1/150 | Acc: 0.3799 | Loss: 2.0957 | eps_max: 1.91 eps_avg: 0.43 | P: nan R: nan F1: nan
2026-05-14 10:41:27 | DEBUG   | dpfl.core.base_simulator | Update norms — honest: ['0.56', '0.56', '0.56', '0.56', '0.56'], attacker: ['0.56', '0.57', '0.57', '0.56', '0.56']
2026-05-14 10:41:30 | INFO    | dpfl.core.base_simulator | Round   2/150 | Acc: 0.5538 | Loss: 1.8906 | eps_max: 1.97 eps_avg: 0.50 | P: nan R: nan F1: nan
2026-05-14 10:41:30 | DEBUG   | dpfl.core.base_simulator | Update norms — honest: ['0.56', '0.56', '0.56', '0.56', '0.56'], attacker: ['1.02', '1.03', '1.03', '1.02', '1.03']
2026-05-14 10:41:34 | INFO    | dpfl.core.base_simulator | Round   3/150 | Acc: 0.6501 | Loss: 1.6801 | eps_max: 2.10 eps_avg: 0.60 | P: nan R: nan F1: nan
2026-05-14 10:41:34 | DEBUG   | dpfl.core.base_simulator | Update norms — honest: ['0.55', '0.55', '0.55', '0.55', '0.55'], attacker: ['1.55', '1.56', '1.56', '1.57', '1.55']
2026-05-14 10:41:38 | INFO    | dpfl.core.base_simulator | Round   4/150 | Acc: 0.7087 | Loss: 1.4803 | eps_max: 2.26 eps_avg: 0.73 | P: nan R: nan F1: nan
2026-05-14 10:41:38 | DEBUG   | dpfl.core.base_simulator | Update norms — honest: ['0.55', '0.55', '0.55', '0.55', '0.55'], attacker: ['2.04', '2.05', '2.05', '2.05', '2.03']
2026-05-14 10:41:41 | INFO    | dpfl.core.base_simulator | Round   5/150 | Acc: 0.7503 | Loss: 1.3002 | eps_max: 2.43 eps_avg: 0.84 | P: nan R: nan F1: nan
2026-05-14 10:41:41 | DEBUG   | dpfl.core.base_simulator | Update norms — honest: ['0.54', '0.54', '0.54', '0.54', '0.54'], attacker: ['2.49', '2.50', '2.49', '2.50', '2.48']
2026-05-14 10:41:45 | INFO    | dpfl.core.base_simulator | Round   6/150 | Acc: 0.7790 | Loss: 1.1461 | eps_max: 2.48 eps_avg: 0.91 | P: nan R: nan F1: nan
2026-05-14 10:41:45 | DEBUG   | dpfl.core.base_simulator | Update norms — honest: ['0.54', '1.04', '1.03', '0.53', '1.02'], attacker: ['2.92', '2.93', '2.95', '2.93', '2.92']
2026-05-14 10:41:49 | INFO    | dpfl.core.base_simulator | Round   7/150 | Acc: 0.7996 | Loss: 1.0197 | eps_max: 2.53 eps_avg: 0.98 | P: nan R: nan F1: nan
2026-05-14 10:41:49 | DEBUG   | dpfl.core.base_simulator | Update norms — honest: ['1.02', '0.53', '0.95', '0.53', '0.53'], attacker: ['3.31', '3.35', '3.34', '3.33', '3.29']
2026-05-14 10:41:53 | INFO    | dpfl.core.base_simulator | Round   8/150 | Acc: 0.8138 | Loss: 0.9188 | eps_max: 2.60 eps_avg: 1.06 | P: nan R: nan F1: nan
2026-05-14 10:41:53 | DEBUG   | dpfl.core.base_simulator | Update norms — honest: ['0.53', '0.92', '0.88', '0.53', '0.53'], attacker: ['3.69', '3.71', '3.74', '3.71', '3.64']
2026-05-14 10:41:57 | INFO    | dpfl.core.base_simulator | Round   9/150 | Acc: 0.8242 | Loss: 0.8391 | eps_max: 2.67 eps_avg: 1.15 | P: nan R: nan F1: nan
2026-05-14 10:41:57 | DEBUG   | dpfl.core.base_simulator | Update norms — honest: ['0.52', '0.52', '1.00', '1.53', '0.52'], attacker: ['4.05', '4.01', '4.06', '4.05', '4.01']
2026-05-14 10:42:01 | INFO    | dpfl.core.base_simulator | Round  10/150 | Acc: 0.8321 | Loss: 0.7755 | eps_max: 2.73 eps_avg: 1.23 | P: nan R: nan F1: nan
2026-05-14 10:42:01 | DEBUG   | dpfl.core.base_simulator | Update norms — honest: ['0.95', '0.51', '0.83', '0.51', '0.78'], attacker: ['4.38', '4.32', '4.32', '4.36', '4.39']
2026-05-14 10:42:06 | INFO    | dpfl.core.base_simulator | Round  11/150 | Acc: 0.8382 | Loss: 0.7246 | eps_max: 2.82 eps_avg: 1.32 | P: nan R: nan F1: nan
2026-05-14 10:42:06 | DEBUG   | dpfl.core.base_simulator | Update norms — honest: ['0.51', '0.51', '0.97', '0.51', '0.51'], attacker: ['4.67', '4.54', '4.69', '4.70', '4.71']
2026-05-14 10:42:10 | INFO    | dpfl.core.base_simulator | Round  12/150 | Acc: 0.8436 | Loss: 0.6828 | eps_max: 2.92 eps_avg: 1.39 | P: nan R: nan F1: nan
2026-05-14 10:42:10 | DEBUG   | dpfl.core.base_simulator | Update norms — honest: ['0.50', '0.94', '0.97', '0.51', '1.47'], attacker: ['4.90', '4.91', '4.93', '4.92', '5.00']
2026-05-14 10:42:14 | INFO    | dpfl.core.base_simulator | Round  13/150 | Acc: 0.8479 | Loss: 0.6486 | eps_max: 3.03 eps_avg: 1.46 | P: nan R: nan F1: nan
2026-05-14 10:42:14 | DEBUG   | dpfl.core.base_simulator | Update norms — honest: ['1.43', '0.50', '1.94', '1.51', '0.95'], attacker: ['5.26', '5.21', '5.23', '5.24', '5.33']
2026-05-14 10:42:18 | INFO    | dpfl.core.base_simulator | Round  14/150 | Acc: 0.8514 | Loss: 0.6199 | eps_max: 3.14 eps_avg: 1.52 | P: nan R: nan F1: nan
2026-05-14 10:42:18 | DEBUG   | dpfl.core.base_simulator | Update norms — honest: ['0.90', '0.96', '0.49', '0.50', '0.95'], attacker: ['5.53', '5.46', '5.58', '5.56', '5.53']
2026-05-14 10:42:22 | INFO    | dpfl.core.base_simulator | Round  15/150 | Acc: 0.8547 | Loss: 0.5954 | eps_max: 3.29 eps_avg: 1.58 | P: nan R: nan F1: nan
2026-05-14 10:42:22 | DEBUG   | dpfl.core.base_simulator | Update norms — honest: ['0.83', '0.49', '1.95', '0.49', '0.49'], attacker: ['5.74', '5.78', '5.68', '5.78', '5.56']
2026-05-14 10:42:26 | INFO    | dpfl.core.base_simulator | Round  16/150 | Acc: 0.8576 | Loss: 0.5745 | eps_max: 3.45 eps_avg: 1.65 | P: nan R: nan F1: nan
2026-05-14 10:42:26 | DEBUG   | dpfl.core.base_simulator | Update norms — honest: ['0.81', '0.94', '1.86', '1.39', '0.48'], attacker: ['5.92', '5.90', '5.96', '5.82', '5.87']
2026-05-14 10:42:30 | INFO    | dpfl.core.base_simulator | Round  17/150 | Acc: 0.8599 | Loss: 0.5564 | eps_max: 3.50 eps_avg: 1.70 | P: nan R: nan F1: nan
2026-05-14 10:42:30 | DEBUG   | dpfl.core.base_simulator | Update norms — honest: ['0.90', '1.47', '1.86', '0.48', '1.40'], attacker: ['6.08', '6.06', '6.21', '5.90', '6.05']
2026-05-14 10:42:34 | INFO    | dpfl.core.base_simulator | Round  18/150 | Acc: 0.8620 | Loss: 0.5407 | eps_max: 3.54 eps_avg: 1.77 | P: nan R: nan F1: nan
2026-05-14 10:42:34 | DEBUG   | dpfl.core.base_simulator | Update norms — honest: ['1.28', '1.91', '0.48', '0.88', '0.90'], attacker: ['6.31', '6.21', '6.49', '6.17', '6.17']
2026-05-14 10:42:38 | INFO    | dpfl.core.base_simulator | Round  19/150 | Acc: 0.8640 | Loss: 0.5269 | eps_max: 3.58 eps_avg: 1.82 | P: nan R: nan F1: nan
2026-05-14 10:42:38 | DEBUG   | dpfl.core.base_simulator | Update norms — honest: ['0.47', '1.94', '0.47', '0.91', '0.47'], attacker: ['6.42', '6.30', '6.34', '6.59', '6.24']
2026-05-14 10:42:42 | INFO    | dpfl.core.base_simulator | Round  20/150 | Acc: 0.8656 | Loss: 0.5147 | eps_max: 3.64 eps_avg: 1.88 | P: nan R: nan F1: nan
2026-05-14 10:42:42 | DEBUG   | dpfl.core.base_simulator | Update norms — honest: ['1.31', '1.73', '1.75', '1.10', '0.47'], attacker: ['6.65', '6.87', '6.38', '6.48', '6.61']
2026-05-14 10:42:46 | INFO    | dpfl.core.base_simulator | Round  21/150 | Acc: 0.8672 | Loss: 0.5038 | eps_max: 3.68 eps_avg: 1.93 | P: nan R: nan F1: nan
2026-05-14 10:42:46 | DEBUG   | dpfl.core.base_simulator | Update norms — honest: ['0.46', '0.46', '1.82', '0.71', '0.76'], attacker: ['6.84', '7.04', '6.84', '6.61', '6.88']
2026-05-14 10:42:50 | INFO    | dpfl.core.base_simulator | Round  22/150 | Acc: 0.8686 | Loss: 0.4940 | eps_max: 3.74 eps_avg: 1.97 | P: nan R: nan F1: nan
2026-05-14 10:42:50 | DEBUG   | dpfl.core.base_simulator | Update norms — honest: ['1.34', '0.87', '0.70', '1.11', '0.46'], attacker: ['6.93', '7.18', '7.20', '7.01', '6.93']
2026-05-14 10:42:55 | INFO    | dpfl.core.base_simulator | Round  23/150 | Acc: 0.8699 | Loss: 0.4852 | eps_max: 3.79 eps_avg: 2.02 | P: nan R: nan F1: nan
2026-05-14 10:42:55 | DEBUG   | dpfl.core.base_simulator | Update norms — honest: ['0.77', '1.87', '2.20', '0.81', '0.84'], attacker: ['6.94', '7.30', '7.21', '7.21', '6.88']
2026-05-14 10:42:59 | INFO    | dpfl.core.base_simulator | Round  24/150 | Acc: 0.8710 | Loss: 0.4772 | eps_max: 3.85 eps_avg: 2.07 | P: nan R: nan F1: nan
2026-05-14 10:42:59 | DEBUG   | dpfl.core.base_simulator | Update norms — honest: ['2.26', '0.57', '1.34', '2.04', '0.45'], attacker: ['6.84', '7.42', '7.10', '7.41', '7.14']
2026-05-14 10:43:04 | INFO    | dpfl.core.base_simulator | Round  25/150 | Acc: 0.8720 | Loss: 0.4702 | eps_max: 3.91 eps_avg: 2.12 | P: nan R: nan F1: nan
2026-05-14 10:43:04 | DEBUG   | dpfl.core.base_simulator | Update norms — honest: ['2.34', '1.23', '0.44', '0.84', '0.82'], attacker: ['7.27', '7.60', '7.11', '7.39', '7.14']
2026-05-14 10:43:09 | INFO    | dpfl.core.base_simulator | Round  26/150 | Acc: 0.8730 | Loss: 0.4635 | eps_max: 3.97 eps_avg: 2.18 | P: nan R: nan F1: nan
2026-05-14 10:43:09 | DEBUG   | dpfl.core.base_simulator | Update norms — honest: ['0.44', '0.79', '0.83', '1.25', '0.44'], attacker: ['7.56', '7.65', '7.23', '6.75', '6.27']
2026-05-14 10:43:14 | INFO    | dpfl.core.base_simulator | Round  27/150 | Acc: 0.8739 | Loss: 0.4574 | eps_max: 4.03 eps_avg: 2.23 | P: nan R: nan F1: nan
2026-05-14 10:43:14 | DEBUG   | dpfl.core.base_simulator | Update norms — honest: ['1.24', '0.60', '1.64', '1.13', '0.43'], attacker: ['7.36', '7.58', '7.36', '7.20', '6.69']
2026-05-14 10:43:18 | INFO    | dpfl.core.base_simulator | Round  28/150 | Acc: 0.8747 | Loss: 0.4521 | eps_max: 4.10 eps_avg: 2.29 | P: nan R: nan F1: nan
2026-05-14 10:43:18 | DEBUG   | dpfl.core.base_simulator | Update norms — honest: ['0.62', '0.43', '0.43', '1.26', '1.74'], attacker: ['6.99', '7.82', '7.17', '7.91', '7.35']
2026-05-14 10:43:22 | INFO    | dpfl.core.base_simulator | Round  29/150 | Acc: 0.8755 | Loss: 0.4469 | eps_max: 4.17 eps_avg: 2.35 | P: nan R: nan F1: nan
2026-05-14 10:43:22 | DEBUG   | dpfl.core.base_simulator | Update norms — honest: ['2.37', '0.42', '1.10', '1.85', '1.22'], attacker: ['7.76', '7.87', '6.57', '8.20', '6.98']
2026-05-14 10:43:27 | INFO    | dpfl.core.base_simulator | Round  30/150 | Acc: 0.8762 | Loss: 0.4422 | eps_max: 4.25 eps_avg: 2.39 | P: nan R: nan F1: nan
2026-05-14 10:43:27 | DEBUG   | dpfl.core.base_simulator | Update norms — honest: ['0.55', '1.30', '0.76', '1.42', '0.42'], attacker: ['7.97', '7.71', '7.24', '7.88', '6.42']
2026-05-14 10:43:32 | INFO    | dpfl.core.base_simulator | Round  31/150 | Acc: 0.8768 | Loss: 0.4380 | eps_max: 4.33 eps_avg: 2.46 | P: nan R: nan F1: nan
2026-05-14 10:43:32 | DEBUG   | dpfl.core.base_simulator | Update norms — honest: ['2.16', '0.69', '2.28', '0.42', '0.46'], attacker: ['7.82', '7.94', '6.79', '7.85', '6.85']
2026-05-14 10:43:36 | INFO    | dpfl.core.base_simulator | Round  32/150 | Acc: 0.8773 | Loss: 0.4340 | eps_max: 4.43 eps_avg: 2.50 | P: nan R: nan F1: nan
2026-05-14 10:43:36 | DEBUG   | dpfl.core.base_simulator | Update norms — honest: ['0.76', '0.91', '1.31', '0.41', '1.41'], attacker: ['7.77', '7.26', '6.71', '7.97', '6.90']
2026-05-14 10:43:41 | INFO    | dpfl.core.base_simulator | Round  33/150 | Acc: 0.8779 | Loss: 0.4303 | eps_max: 4.52 eps_avg: 2.56 | P: nan R: nan F1: nan
2026-05-14 10:43:41 | DEBUG   | dpfl.core.base_simulator | Update norms — honest: ['1.07', '0.41', '1.86', '0.81', '1.72'], attacker: ['7.90', '6.55', '7.57', '6.92', '7.21']
2026-05-14 10:43:45 | INFO    | dpfl.core.base_simulator | Round  34/150 | Acc: 0.8783 | Loss: 0.4270 | eps_max: 4.59 eps_avg: 2.60 | P: nan R: nan F1: nan
2026-05-14 10:43:45 | DEBUG   | dpfl.core.base_simulator | Update norms — honest: ['1.24', '2.04', '0.40', '0.67', '0.40'], attacker: ['7.79', '6.75', '7.61', '5.83', '7.61']
2026-05-14 10:43:50 | INFO    | dpfl.core.base_simulator | Round  35/150 | Acc: 0.8789 | Loss: 0.4238 | eps_max: 4.70 eps_avg: 2.65 | P: nan R: nan F1: nan
2026-05-14 10:43:50 | DEBUG   | dpfl.core.base_simulator | Update norms — honest: ['0.69', '1.19', '0.40', '0.76', '1.51'], attacker: ['7.44', '7.50', '6.56', '7.37', '7.52']
2026-05-14 10:43:54 | INFO    | dpfl.core.base_simulator | Round  36/150 | Acc: 0.8794 | Loss: 0.4209 | eps_max: 4.86 eps_avg: 2.70 | P: nan R: nan F1: nan
2026-05-14 10:43:54 | DEBUG   | dpfl.core.base_simulator | Update norms — honest: ['0.65', '0.73', '1.71', '1.16', '0.40'], attacker: ['7.67', '7.61', '7.12', '7.38', '6.69']
2026-05-14 10:43:59 | INFO    | dpfl.core.base_simulator | Round  37/150 | Acc: 0.8798 | Loss: 0.4181 | eps_max: 4.98 eps_avg: 2.77 | P: nan R: nan F1: nan
2026-05-14 10:43:59 | DEBUG   | dpfl.core.base_simulator | Update norms — honest: ['0.39', '0.42', '1.10', '0.72', '1.27'], attacker: ['7.41', '7.68', '7.39', '6.91', '6.66']
2026-05-14 10:44:03 | INFO    | dpfl.core.base_simulator | Round  38/150 | Acc: 0.8802 | Loss: 0.4156 | eps_max: 5.09 eps_avg: 2.82 | P: nan R: nan F1: nan
2026-05-14 10:44:03 | DEBUG   | dpfl.core.base_simulator | Update norms — honest: ['2.44', '0.47', '2.16', '1.06', '0.73'], attacker: ['7.39', '7.94', '7.24', '6.83', '7.22']
2026-05-14 10:44:07 | INFO    | dpfl.core.base_simulator | Round  39/150 | Acc: 0.8805 | Loss: 0.4133 | eps_max: 5.21 eps_avg: 2.86 | P: nan R: nan F1: nan
2026-05-14 10:44:07 | DEBUG   | dpfl.core.base_simulator | Update norms — honest: ['0.32', '1.96', '2.40', '0.67', '0.68'], attacker: ['6.82', '7.61', '6.74', '7.28', '7.62']
2026-05-14 10:44:12 | INFO    | dpfl.core.base_simulator | Round  40/150 | Acc: 0.8808 | Loss: 0.4110 | eps_max: 5.26 eps_avg: 2.91 | P: nan R: nan F1: nan
2026-05-14 10:44:12 | DEBUG   | dpfl.core.base_simulator | Update norms — honest: ['1.08', '1.18', '0.38', '1.57', '1.15'], attacker: ['7.38', '8.07', '6.75', '7.20', '7.51']
2026-05-14 10:44:16 | INFO    | dpfl.core.base_simulator | Round  41/150 | Acc: 0.8812 | Loss: 0.4088 | eps_max: 5.33 eps_avg: 2.96 | P: nan R: nan F1: nan
2026-05-14 10:44:16 | DEBUG   | dpfl.core.base_simulator | Update norms — honest: ['2.48', '1.18', '1.47', '1.04', '2.52'], attacker: ['8.32', '8.34', '6.52', '6.89', '6.41']
2026-05-14 10:44:21 | INFO    | dpfl.core.base_simulator | Round  42/150 | Acc: 0.8814 | Loss: 0.4071 | eps_max: 5.48 eps_avg: 3.02 | P: nan R: nan F1: nan
2026-05-14 10:44:21 | DEBUG   | dpfl.core.base_simulator | Update norms — honest: ['1.29', '1.94', '1.15', '1.17', '0.71'], attacker: ['7.17', '8.07', '7.42', '8.19', '5.95']
2026-05-14 10:44:25 | INFO    | dpfl.core.base_simulator | Round  43/150 | Acc: 0.8818 | Loss: 0.4051 | eps_max: 5.56 eps_avg: 3.07 | P: nan R: nan F1: nan
2026-05-14 10:44:25 | DEBUG   | dpfl.core.base_simulator | Update norms — honest: ['1.34', '1.23', '0.71', '1.94', '1.10'], attacker: ['6.04', '7.60', '6.48', '8.04', '5.66']
2026-05-14 10:44:30 | INFO    | dpfl.core.base_simulator | Round  44/150 | Acc: 0.8820 | Loss: 0.4034 | eps_max: 5.60 eps_avg: 3.13 | P: nan R: nan F1: nan
2026-05-14 10:44:30 | DEBUG   | dpfl.core.base_simulator | Update norms — honest: ['1.57', '2.63', '1.71', '0.93', '1.99'], attacker: ['7.02', '7.02', '6.93', '6.90', '5.85']
2026-05-14 10:44:34 | INFO    | dpfl.core.base_simulator | Round  45/150 | Acc: 0.8823 | Loss: 0.4019 | eps_max: 5.66 eps_avg: 3.20 | P: nan R: nan F1: nan
2026-05-14 10:44:34 | DEBUG   | dpfl.core.base_simulator | Update norms — honest: ['1.99', '0.36', '1.36', '2.75', '0.66'], attacker: ['8.11', '7.34', '7.12', '6.96', '5.05']
2026-05-14 10:44:39 | INFO    | dpfl.core.base_simulator | Round  46/150 | Acc: 0.8826 | Loss: 0.4004 | eps_max: 5.69 eps_avg: 3.24 | P: nan R: nan F1: nan
2026-05-14 10:44:39 | DEBUG   | dpfl.core.base_simulator | Update norms — honest: ['1.06', '1.49', '1.60', '2.07', '1.69'], attacker: ['7.59', '7.70', '6.70', '6.56', '5.11']
2026-05-14 10:44:43 | INFO    | dpfl.core.base_simulator | Round  47/150 | Acc: 0.8828 | Loss: 0.3989 | eps_max: 5.73 eps_avg: 3.28 | P: nan R: nan F1: nan
2026-05-14 10:44:43 | DEBUG   | dpfl.core.base_simulator | Update norms — honest: ['1.52', '1.33', '1.53', '1.66', '1.17'], attacker: ['6.03', '7.73', '6.49', '6.26', '5.74']
2026-05-14 10:44:47 | INFO    | dpfl.core.base_simulator | Round  48/150 | Acc: 0.8829 | Loss: 0.3978 | eps_max: 5.76 eps_avg: 3.34 | P: nan R: nan F1: nan
2026-05-14 10:44:47 | DEBUG   | dpfl.core.base_simulator | Update norms — honest: ['0.66', '2.97', '1.94', '0.35', '1.54'], attacker: ['6.51', '7.87', '5.07', '6.71', '5.48']
2026-05-14 10:44:51 | INFO    | dpfl.core.base_simulator | Round  49/150 | Acc: 0.8831 | Loss: 0.3965 | eps_max: 5.79 eps_avg: 3.37 | P: nan R: nan F1: nan
2026-05-14 10:44:51 | DEBUG   | dpfl.core.base_simulator | Update norms — honest: ['1.79', '2.42', '0.71', '1.47', '0.57'], attacker: ['6.76', '7.45', '5.01', '5.09', '5.47']
2026-05-14 10:44:55 | INFO    | dpfl.core.base_simulator | Round  50/150 | Acc: 0.8833 | Loss: 0.3953 | eps_max: 5.82 eps_avg: 3.39 | P: nan R: nan F1: nan
2026-05-14 10:44:55 | DEBUG   | dpfl.core.base_simulator | Update norms — honest: ['2.94', '0.59', '0.73', '1.37', '2.07'], attacker: ['5.77', '6.78', '3.83', '6.62', '6.13']
2026-05-14 10:44:57 | INFO    | dpfl.core.base_simulator | Round  51/150 | Acc: 0.8834 | Loss: 0.3944 | eps_max: 5.09 eps_avg: 2.97 | P: nan R: 0.00 F1: nan
2026-05-14 10:44:57 | DEBUG   | dpfl.core.base_simulator | Update norms — honest: ['1.17', '0.71', '1.11', '1.64', '0.34'], attacker: ['1.46', '1.48', '1.33', '1.56', '1.23']
2026-05-14 10:44:58 | INFO    | dpfl.core.base_simulator | Round  52/150 | Acc: 0.8829 | Loss: 0.3949 | eps_max: 5.19 eps_avg: 3.01 | P: nan R: 0.00 F1: nan
2026-05-14 10:44:58 | DEBUG   | dpfl.core.base_simulator | Update norms — honest: ['0.93', '3.15', '1.30', '0.64', '1.40'], attacker: ['2.92', '2.62', '2.55', '3.24', '2.29']
2026-05-14 10:44:59 | INFO    | dpfl.core.base_simulator | Round  53/150 | Acc: 0.8782 | Loss: 0.4142 | eps_max: 5.19 eps_avg: 3.07 | P: 1.00 R: 0.10 F1: 0.20
2026-05-14 10:44:59 | DEBUG   | dpfl.core.base_simulator | Update norms — honest: ['0.34', '1.42', '2.33', '0.34', '1.82'], attacker: ['7.13', '5.63', '7.17', '9.32', '5.66']
2026-05-14 10:45:00 | INFO    | dpfl.core.base_simulator | Round  54/150 | Acc: 0.8835 | Loss: 0.3927 | eps_max: 5.19 eps_avg: 3.11 | P: 1.00 R: 1.00 F1: 1.00
2026-05-14 10:45:00 | DEBUG   | dpfl.core.base_simulator | Update norms — honest: ['1.57', '2.07', '0.54', '0.34', '0.54'], attacker: ['20.12', '14.97', '19.82', '26.74', '14.24']
2026-05-14 10:45:02 | INFO    | dpfl.core.base_simulator | Round  55/150 | Acc: 0.8838 | Loss: 0.3915 | eps_max: 5.19 eps_avg: 3.16 | P: 1.00 R: 1.00 F1: 1.00
2026-05-14 10:45:02 | DEBUG   | dpfl.core.base_simulator | Update norms — honest: ['1.96', '3.32', '0.48', '1.38', '1.19'], attacker: ['55.85', '44.95', '60.20', '69.36', '31.54']
2026-05-14 10:45:03 | INFO    | dpfl.core.base_simulator | Round  56/150 | Acc: 0.8840 | Loss: 0.3906 | eps_max: 5.28 eps_avg: 3.19 | P: 1.00 R: 1.00 F1: 1.00
2026-05-14 10:45:03 | DEBUG   | dpfl.core.base_simulator | Update norms — honest: ['1.46', '0.89', '0.55', '1.52', '0.57'], attacker: ['176.31', '159.11', '205.87', '206.33', '89.08']
2026-05-14 10:45:04 | INFO    | dpfl.core.base_simulator | Round  57/150 | Acc: 0.8841 | Loss: 0.3896 | eps_max: 5.53 eps_avg: 3.22 | P: 1.00 R: 1.00 F1: 1.00
2026-05-14 10:45:04 | DEBUG   | dpfl.core.base_simulator | Update norms — honest: ['0.55', '0.59', '1.24', '1.50', '0.61'], attacker: ['621.78', '595.41', '748.38', '640.05', '335.03']
2026-05-14 10:45:06 | INFO    | dpfl.core.base_simulator | Round  58/150 | Acc: 0.8843 | Loss: 0.3888 | eps_max: 5.53 eps_avg: 3.33 | P: 1.00 R: 1.00 F1: 1.00
2026-05-14 10:45:06 | DEBUG   | dpfl.core.base_simulator | Update norms — honest: ['1.57', '0.49', '0.73', '1.52', '0.98'], attacker: ['2359.23', '2263.37', '2633.29', '2136.62', '1526.89']
2026-05-14 10:45:07 | INFO    | dpfl.core.base_simulator | Round  59/150 | Acc: 0.8844 | Loss: 0.3882 | eps_max: 5.53 eps_avg: 3.43 | P: 1.00 R: 1.00 F1: 1.00
2026-05-14 10:45:07 | DEBUG   | dpfl.core.base_simulator | Update norms — honest: ['1.50', '1.19', '0.34', '0.93', '2.62'], attacker: ['9860.75', '9317.27', '10445.21', '8059.93', '6953.66']
2026-05-14 10:45:08 | INFO    | dpfl.core.base_simulator | Round  60/150 | Acc: 0.8845 | Loss: 0.3875 | eps_max: 5.53 eps_avg: 3.48 | P: 1.00 R: 1.00 F1: 1.00
2026-05-14 10:45:08 | DEBUG   | dpfl.core.base_simulator | Update norms — honest: ['1.62', '0.96', '1.03', '1.08', '0.54'], attacker: ['38826.18', '36074.95', '41723.46', '33631.79', '32653.50']
2026-05-14 10:45:10 | INFO    | dpfl.core.base_simulator | Round  61/150 | Acc: 0.8846 | Loss: 0.3869 | eps_max: 5.53 eps_avg: 3.52 | P: 1.00 R: 1.00 F1: 1.00
2026-05-14 10:45:10 | DEBUG   | dpfl.core.base_simulator | Update norms — honest: ['2.17', '1.46', '0.63', '1.29', '1.59'], attacker: ['159051.44', '153465.72', '164585.41', '144200.05', '138016.38']
2026-05-14 10:45:11 | INFO    | dpfl.core.base_simulator | Round  62/150 | Acc: 0.8847 | Loss: 0.3864 | eps_max: 5.53 eps_avg: 3.59 | P: 1.00 R: 1.00 F1: 1.00
2026-05-14 10:45:11 | DEBUG   | dpfl.core.base_simulator | Update norms — honest: ['0.97', '0.34', '2.24', '1.92', '1.67'], attacker: ['582301.81', '582607.50', '618677.12', '557655.38', '503745.50']
2026-05-14 10:45:12 | INFO    | dpfl.core.base_simulator | Round  63/150 | Acc: 0.8847 | Loss: 0.3859 | eps_max: 5.59 eps_avg: 3.67 | P: 1.00 R: 1.00 F1: 1.00
2026-05-14 10:45:12 | DEBUG   | dpfl.core.base_simulator | Update norms — honest: ['1.70', '0.34', '2.00', '2.09', '1.39'], attacker: ['2475548.00', '2340446.00', '2497810.00', '2369764.00', '2260259.50']
2026-05-14 10:45:14 | INFO    | dpfl.core.base_simulator | Round  64/150 | Acc: 0.8848 | Loss: 0.3855 | eps_max: 5.59 eps_avg: 3.73 | P: 1.00 R: 1.00 F1: 1.00
2026-05-14 10:45:14 | DEBUG   | dpfl.core.base_simulator | Update norms — honest: ['0.94', '1.35', '1.86', '0.49', '1.23'], attacker: ['9203434.00', '9179995.00', '9332680.00', '8907919.00', '9003824.00']
2026-05-14 10:45:15 | INFO    | dpfl.core.base_simulator | Round  65/150 | Acc: 0.8848 | Loss: 0.3852 | eps_max: 5.59 eps_avg: 3.80 | P: 1.00 R: 1.00 F1: 1.00
2026-05-14 10:45:15 | DEBUG   | dpfl.core.base_simulator | Update norms — honest: ['1.99', '1.69', '3.28', '1.66', '0.87'], attacker: ['36936872.00', '35767452.00', '37487080.00', '36645208.00', '35673712.00']
2026-05-14 10:45:17 | INFO    | dpfl.core.base_simulator | Round  66/150 | Acc: 0.8849 | Loss: 0.3848 | eps_max: 5.76 eps_avg: 3.87 | P: 1.00 R: 1.00 F1: 1.00
2026-05-14 10:45:17 | DEBUG   | dpfl.core.base_simulator | Update norms — honest: ['0.53', '1.06', '2.38', '1.13', '0.60'], attacker: ['138506928.00', '133782120.00', '139280848.00', '135830000.00', '131874312.00']
2026-05-14 10:45:18 | INFO    | dpfl.core.base_simulator | Round  67/150 | Acc: 0.8850 | Loss: 0.3844 | eps_max: 5.76 eps_avg: 3.90 | P: 1.00 R: 1.00 F1: 1.00
2026-05-14 10:45:18 | DEBUG   | dpfl.core.base_simulator | Update norms — honest: ['2.18', '1.42', '1.55', '1.82', '0.46'], attacker: ['586480000.00', '572760512.00', '578907648.00', '577412736.00', '562060096.00']
2026-05-14 10:45:19 | INFO    | dpfl.core.base_simulator | Round  68/150 | Acc: 0.8850 | Loss: 0.3841 | eps_max: 5.76 eps_avg: 4.00 | P: 1.00 R: 1.00 F1: 1.00
2026-05-14 10:45:19 | DEBUG   | dpfl.core.base_simulator | Update norms — honest: ['0.34', '3.45', '1.13', '1.62', '0.94'], attacker: ['2133608960.00', '2132830720.00', '2158187008.00', '2047157504.00', '2204169984.00']
2026-05-14 10:45:21 | INFO    | dpfl.core.base_simulator | Round  69/150 | Acc: 0.8850 | Loss: 0.3839 | eps_max: 6.06 eps_avg: 4.09 | P: 1.00 R: 1.00 F1: 1.00
2026-05-14 10:45:21 | DEBUG   | dpfl.core.base_simulator | Update norms — honest: ['0.34', '1.63', '0.80', '1.34', '1.87'], attacker: ['8902035456.00', '8808282112.00', '8910200832.00', '8656807936.00', '9026962432.00']
2026-05-14 10:45:22 | INFO    | dpfl.core.base_simulator | Round  70/150 | Acc: 0.8851 | Loss: 0.3835 | eps_max: 6.11 eps_avg: 4.14 | P: 1.00 R: 1.00 F1: 1.00
2026-05-14 10:45:22 | DEBUG   | dpfl.core.base_simulator | Update norms — honest: ['0.34', '1.10', '0.97', '2.08', '1.06'], attacker: ['32544686080.00', '32727517184.00', '34011510784.00', '32103223296.00', '34873491456.00']
2026-05-14 10:45:23 | INFO    | dpfl.core.base_simulator | Round  71/150 | Acc: 0.8852 | Loss: 0.3833 | eps_max: 6.11 eps_avg: 4.18 | P: 1.00 R: 1.00 F1: 1.00
2026-05-14 10:45:23 | DEBUG   | dpfl.core.base_simulator | Update norms — honest: ['1.49', '1.21', '2.42', '2.54', '1.60'], attacker: ['136975794176.00', '135713947648.00', '142084079616.00', '134325428224.00', '144470671360.00']
2026-05-14 10:45:24 | INFO    | dpfl.core.base_simulator | Round  72/150 | Acc: 0.8852 | Loss: 0.3831 | eps_max: 6.12 eps_avg: 4.22 | P: 1.00 R: 1.00 F1: 1.00
2026-05-14 10:45:24 | DEBUG   | dpfl.core.base_simulator | Update norms — honest: ['1.30', '1.16', '0.85', '1.29', '0.49'], attacker: ['510107156480.00', '510325850112.00', '532748271616.00', '515023929344.00', '536601559040.00']
2026-05-14 10:45:25 | INFO    | dpfl.core.base_simulator | Round  73/150 | Acc: 0.8852 | Loss: 0.3829 | eps_max: 6.12 eps_avg: 4.28 | P: 1.00 R: 1.00 F1: 1.00
2026-05-14 10:45:25 | DEBUG   | dpfl.core.base_simulator | Update norms — honest: ['1.81', '1.66', '0.87', '1.60', '1.46'], attacker: ['2097943543808.00', '2132654817280.00', '2220270551040.00', '2075154186240.00', '2228019003392.00']
2026-05-14 10:45:27 | INFO    | dpfl.core.base_simulator | Round  74/150 | Acc: 0.8852 | Loss: 0.3829 | eps_max: 6.20 eps_avg: 4.34 | P: 1.00 R: 1.00 F1: 1.00
2026-05-14 10:45:27 | DEBUG   | dpfl.core.base_simulator | Update norms — honest: ['2.44', '2.49', '1.17', '1.34', '0.97'], attacker: ['8087949803520.00', '8006853459968.00', '8206263779328.00', '8082830131200.00', '8482159853568.00']
2026-05-14 10:45:28 | INFO    | dpfl.core.base_simulator | Round  75/150 | Acc: 0.8853 | Loss: 0.3826 | eps_max: 6.20 eps_avg: 4.40 | P: 1.00 R: 1.00 F1: 1.00
2026-05-14 10:45:28 | DEBUG   | dpfl.core.base_simulator | Update norms — honest: ['0.50', '1.97', '1.63', '1.15', '0.89'], attacker: ['33515781488640.00', '34568486780928.00', '33580688343040.00', '32879895642112.00', '35186997723136.00']
2026-05-14 10:45:29 | INFO    | dpfl.core.base_simulator | Round  76/150 | Acc: 0.8853 | Loss: 0.3826 | eps_max: 6.23 eps_avg: 4.45 | P: 1.00 R: 1.00 F1: 1.00
2026-05-14 10:45:29 | DEBUG   | dpfl.core.base_simulator | Update norms — honest: ['2.04', '2.22', '2.14', '0.48', '1.51'], attacker: ['122157753434112.00', '128292829003776.00', '129763930800128.00', '126463005163520.00', '128937367699456.00']
2026-05-14 10:45:31 | INFO    | dpfl.core.base_simulator | Round  77/150 | Acc: 0.8853 | Loss: 0.3826 | eps_max: 6.39 eps_avg: 4.49 | P: 1.00 R: 1.00 F1: 1.00
2026-05-14 10:45:31 | DEBUG   | dpfl.core.base_simulator | Update norms — honest: ['0.34', '2.41', '2.29', '2.39', '0.61'], attacker: ['527456847003648.00', '534156358451200.00', '530098620989440.00', '539770149142528.00', '548112619798528.00']
2026-05-14 10:45:32 | INFO    | dpfl.core.base_simulator | Round  78/150 | Acc: 0.8852 | Loss: 0.3826 | eps_max: 6.39 eps_avg: 4.54 | P: 1.00 R: 1.00 F1: 1.00
2026-05-14 10:45:32 | DEBUG   | dpfl.core.base_simulator | Update norms — honest: ['2.18', '1.40', '1.61', '1.34', '2.22'], attacker: ['1888587851235328.00', '2068962921676800.00', '2042679064002560.00', '1988451880665088.00', '2195070006591488.00']
2026-05-14 10:45:33 | INFO    | dpfl.core.base_simulator | Round  79/150 | Acc: 0.8853 | Loss: 0.3826 | eps_max: 6.43 eps_avg: 4.57 | P: 1.00 R: 1.00 F1: 1.00
2026-05-14 10:45:33 | DEBUG   | dpfl.core.base_simulator | Update norms — honest: ['2.43', '3.57', '2.93', '2.23', '1.14'], attacker: ['8642641893785600.00', '8331904768016384.00', '8225193084321792.00', '8606153999122432.00', '8684442662993920.00']
2026-05-14 10:45:34 | INFO    | dpfl.core.base_simulator | Round  80/150 | Acc: 0.8853 | Loss: 0.3825 | eps_max: 6.43 eps_avg: 4.62 | P: 1.00 R: 1.00 F1: 1.00
2026-05-14 10:45:34 | DEBUG   | dpfl.core.base_simulator | Update norms — honest: ['0.34', '1.37', '0.71', '1.52', '2.85'], attacker: ['31360702291640320.00', '31581429250916352.00', '31577857985609728.00', '31005630902829056.00', '33465251299065856.00']
2026-05-14 10:45:36 | INFO    | dpfl.core.base_simulator | Round  81/150 | Acc: 0.8853 | Loss: 0.3825 | eps_max: 6.43 eps_avg: 4.67 | P: 1.00 R: 1.00 F1: 1.00
2026-05-14 10:45:36 | DEBUG   | dpfl.core.base_simulator | Update norms — honest: ['2.34', '1.24', '1.31', '2.75', '1.30'], attacker: ['134124638878826496.00', '128906803370000384.00', '129801857374617600.00', '131609548979961856.00', '131381726734712832.00']
2026-05-14 10:45:37 | INFO    | dpfl.core.base_simulator | Round  82/150 | Acc: 0.8853 | Loss: 0.3825 | eps_max: 6.47 eps_avg: 4.71 | P: 1.00 R: 1.00 F1: 1.00
2026-05-14 10:45:37 | DEBUG   | dpfl.core.base_simulator | Update norms — honest: ['2.27', '0.83', '1.25', '2.69', '1.34'], attacker: ['497598967995957248.00', '471873694440882176.00', '498880002121531392.00', '514993860422664192.00', '471704163491774464.00']
2026-05-14 10:45:38 | INFO    | dpfl.core.base_simulator | Round  83/150 | Acc: 0.8854 | Loss: 0.3824 | eps_max: 6.47 eps_avg: 4.74 | P: 1.00 R: 1.00 F1: 1.00
2026-05-14 10:45:38 | DEBUG   | dpfl.core.base_simulator | Update norms — honest: ['1.59', '2.01', '1.58', '2.40', '0.58'], attacker: ['2044156355584983040.00', '2046428908680642560.00', '2066460361271279616.00', '2008594988446777344.00', '2108496202629644288.00']
2026-05-14 10:45:40 | INFO    | dpfl.core.base_simulator | Round  84/150 | Acc: 0.8853 | Loss: 0.3825 | eps_max: 6.47 eps_avg: 4.78 | P: 1.00 R: 1.00 F1: 1.00
2026-05-14 10:45:40 | DEBUG   | dpfl.core.base_simulator | Update norms — honest: ['1.39', '3.28', '1.54', '2.02', '1.95'], attacker: ['7678339946771382272.00', '7842896705275035648.00', '7985330740072022016.00', '7529486413335625728.00', '8187793161943252992.00']
2026-05-14 10:45:42 | INFO    | dpfl.core.base_simulator | Round  85/150 | Acc: 0.8853 | Loss: 0.3825 | eps_max: 6.47 eps_avg: 4.83 | P: 1.00 R: 1.00 F1: 1.00
2026-05-14 10:45:42 | DEBUG   | dpfl.core.base_simulator | Update norms — honest: ['0.81', '1.01', '2.20', '0.68', '2.81'], attacker: ['nan', 'nan', 'nan', 'nan', 'nan']
2026-05-14 10:45:43 | INFO    | dpfl.core.base_simulator | Round  86/150 | Acc: 0.8854 | Loss: 0.3825 | eps_max: 6.69 eps_avg: 4.87 | P: 1.00 R: 1.00 F1: 1.00
2026-05-14 10:45:43 | DEBUG   | dpfl.core.base_simulator | Update norms — honest: ['2.50', '1.08', '1.24', '2.55', '2.87'], attacker: ['nan', 'nan', 'nan', 'nan', 'nan']
2026-05-14 10:45:44 | INFO    | dpfl.core.base_simulator | Round  87/150 | Acc: 0.8853 | Loss: 0.3827 | eps_max: 6.69 eps_avg: 4.90 | P: 1.00 R: 1.00 F1: 1.00
2026-05-14 10:45:44 | DEBUG   | dpfl.core.base_simulator | Update norms — honest: ['0.48', '1.15', '1.60', '2.27', '2.10'], attacker: ['nan', 'nan', 'nan', 'nan', 'nan']
2026-05-14 10:45:45 | INFO    | dpfl.core.base_simulator | Round  88/150 | Acc: 0.8853 | Loss: 0.3827 | eps_max: 6.98 eps_avg: 4.93 | P: 1.00 R: 1.00 F1: 1.00
2026-05-14 10:45:45 | DEBUG   | dpfl.core.base_simulator | Update norms — honest: ['0.78', '1.44', '1.53', '0.31', '0.97'], attacker: ['nan', 'nan', 'nan', 'nan', 'nan']
2026-05-14 10:45:46 | INFO    | dpfl.core.base_simulator | Round  89/150 | Acc: 0.8853 | Loss: 0.3828 | eps_max: 6.98 eps_avg: 4.96 | P: 1.00 R: 1.00 F1: 1.00
2026-05-14 10:45:46 | DEBUG   | dpfl.core.base_simulator | Update norms — honest: ['3.37', '1.10', '1.22', '1.26', '1.50'], attacker: ['nan', 'nan', 'nan', 'nan', 'nan']
2026-05-14 10:45:47 | INFO    | dpfl.core.base_simulator | Round  90/150 | Acc: 0.8853 | Loss: 0.3830 | eps_max: 6.98 eps_avg: 5.00 | P: 1.00 R: 1.00 F1: 1.00
2026-05-14 10:45:47 | DEBUG   | dpfl.core.base_simulator | Update norms — honest: ['1.03', '4.10', '1.51', '1.34', '2.09'], attacker: ['nan', 'nan', 'nan', 'nan', 'nan']
2026-05-14 10:45:49 | INFO    | dpfl.core.base_simulator | Round  91/150 | Acc: 0.8853 | Loss: 0.3832 | eps_max: 6.98 eps_avg: 5.07 | P: 1.00 R: 1.00 F1: 1.00
2026-05-14 10:45:49 | DEBUG   | dpfl.core.base_simulator | Update norms — honest: ['1.77', '2.36', '1.25', '2.93', '2.17'], attacker: ['nan', 'nan', 'nan', 'nan', 'nan']
2026-05-14 10:45:50 | INFO    | dpfl.core.base_simulator | Round  92/150 | Acc: 0.8852 | Loss: 0.3833 | eps_max: 6.98 eps_avg: 5.11 | P: 1.00 R: 1.00 F1: 1.00
2026-05-14 10:45:50 | DEBUG   | dpfl.core.base_simulator | Update norms — honest: ['1.86', '2.20', '1.42', '2.12', '1.88'], attacker: ['nan', 'nan', 'nan', 'nan', 'nan']
2026-05-14 10:45:52 | INFO    | dpfl.core.base_simulator | Round  93/150 | Acc: 0.8853 | Loss: 0.3834 | eps_max: 6.98 eps_avg: 5.14 | P: 1.00 R: 1.00 F1: 1.00
2026-05-14 10:45:52 | DEBUG   | dpfl.core.base_simulator | Update norms — honest: ['2.09', '3.13', '1.48', '2.11', '1.21'], attacker: ['nan', 'nan', 'nan', 'nan', 'nan']
2026-05-14 10:45:53 | INFO    | dpfl.core.base_simulator | Round  94/150 | Acc: 0.8853 | Loss: 0.3837 | eps_max: 7.38 eps_avg: 5.18 | P: 1.00 R: 1.00 F1: 1.00
2026-05-14 10:45:53 | DEBUG   | dpfl.core.base_simulator | Update norms — honest: ['1.97', '2.76', '2.42', '0.63', '1.16'], attacker: ['nan', 'nan', 'nan', 'nan', 'nan']
2026-05-14 10:45:54 | INFO    | dpfl.core.base_simulator | Round  95/150 | Acc: 0.8852 | Loss: 0.3839 | eps_max: 7.38 eps_avg: 5.21 | P: 1.00 R: 1.00 F1: 1.00
2026-05-14 10:45:54 | DEBUG   | dpfl.core.base_simulator | Update norms — honest: ['2.34', '1.88', '1.90', '0.34', '1.71'], attacker: ['nan', 'nan', 'nan', 'nan', 'nan']
2026-05-14 10:45:56 | INFO    | dpfl.core.base_simulator | Round  96/150 | Acc: 0.8851 | Loss: 0.3842 | eps_max: 7.38 eps_avg: 5.26 | P: 1.00 R: 1.00 F1: 1.00
2026-05-14 10:45:56 | DEBUG   | dpfl.core.base_simulator | Update norms — honest: ['2.46', '2.77', '1.51', '1.78', '1.48'], attacker: ['nan', 'nan', 'nan', 'nan', 'nan']
2026-05-14 10:45:58 | INFO    | dpfl.core.base_simulator | Round  97/150 | Acc: 0.8851 | Loss: 0.3844 | eps_max: 7.51 eps_avg: 5.30 | P: 1.00 R: 1.00 F1: 1.00
2026-05-14 10:45:58 | DEBUG   | dpfl.core.base_simulator | Update norms — honest: ['1.69', '1.03', '2.63', '1.13', '1.01'], attacker: ['nan', 'nan', 'nan', 'nan', 'nan']
2026-05-14 10:45:59 | INFO    | dpfl.core.base_simulator | Round  98/150 | Acc: 0.8852 | Loss: 0.3845 | eps_max: 7.51 eps_avg: 5.34 | P: 1.00 R: 1.00 F1: 1.00
2026-05-14 10:45:59 | DEBUG   | dpfl.core.base_simulator | Update norms — honest: ['1.35', '1.81', '1.71', '1.57', '3.02'], attacker: ['nan', 'nan', 'nan', 'nan', 'nan']
2026-05-14 10:46:00 | INFO    | dpfl.core.base_simulator | Round  99/150 | Acc: 0.8851 | Loss: 0.3847 | eps_max: 7.51 eps_avg: 5.36 | P: 1.00 R: 1.00 F1: 1.00
2026-05-14 10:46:00 | DEBUG   | dpfl.core.base_simulator | Update norms — honest: ['2.78', '1.14', '1.17', '1.04', '2.34'], attacker: ['nan', 'nan', 'nan', 'nan', 'nan']
2026-05-14 10:46:02 | INFO    | dpfl.core.base_simulator | Round 100/150 | Acc: 0.8851 | Loss: 0.3851 | eps_max: 7.51 eps_avg: 5.39 | P: 1.00 R: 1.00 F1: 1.00
2026-05-14 10:46:02 | DEBUG   | dpfl.core.base_simulator | Update norms — honest: ['1.55', '2.36', '2.63', '2.34', '2.11'], attacker: ['nan', 'nan', 'nan', 'nan', 'nan']
2026-05-14 10:46:03 | INFO    | dpfl.core.base_simulator | Round 101/150 | Acc: 0.8851 | Loss: 0.3853 | eps_max: 7.51 eps_avg: 5.42 | P: 1.00 R: 1.00 F1: 1.00
2026-05-14 10:46:03 | DEBUG   | dpfl.core.base_simulator | Update norms — honest: ['3.26', '1.72', '1.57', '1.53', '1.55'], attacker: ['nan', 'nan', 'nan', 'nan', 'nan']
2026-05-14 10:46:04 | INFO    | dpfl.core.base_simulator | Round 102/150 | Acc: 0.8851 | Loss: 0.3854 | eps_max: 7.51 eps_avg: 5.45 | P: 1.00 R: 1.00 F1: 1.00
2026-05-14 10:46:04 | DEBUG   | dpfl.core.base_simulator | Update norms — honest: ['1.82', '0.48', '1.88', '1.13', '2.63'], attacker: ['nan', 'nan', 'nan', 'nan', 'nan']
2026-05-14 10:46:06 | INFO    | dpfl.core.base_simulator | Round 103/150 | Acc: 0.8849 | Loss: 0.3859 | eps_max: 7.51 eps_avg: 5.49 | P: 1.00 R: 1.00 F1: 1.00
2026-05-14 10:46:06 | DEBUG   | dpfl.core.base_simulator | Update norms — honest: ['2.24', '2.31', '1.01', '0.53', '2.79'], attacker: ['nan', 'nan', 'nan', 'nan', 'nan']
2026-05-14 10:46:08 | INFO    | dpfl.core.base_simulator | Round 104/150 | Acc: 0.8849 | Loss: 0.3862 | eps_max: 7.51 eps_avg: 5.54 | P: 1.00 R: 1.00 F1: 1.00
2026-05-14 10:46:08 | DEBUG   | dpfl.core.base_simulator | Update norms — honest: ['1.73', '0.34', '2.01', '1.54', '1.69'], attacker: ['nan', 'nan', 'nan', 'nan', 'nan']
2026-05-14 10:46:09 | INFO    | dpfl.core.base_simulator | Round 105/150 | Acc: 0.8849 | Loss: 0.3864 | eps_max: 7.51 eps_avg: 5.57 | P: 1.00 R: 1.00 F1: 1.00
2026-05-14 10:46:09 | DEBUG   | dpfl.core.base_simulator | Update norms — honest: ['1.10', '0.65', '1.63', '2.38', '2.74'], attacker: ['nan', 'nan', 'nan', 'nan', 'nan']
2026-05-14 10:46:10 | INFO    | dpfl.core.base_simulator | Round 106/150 | Acc: 0.8849 | Loss: 0.3867 | eps_max: 7.51 eps_avg: 5.60 | P: 1.00 R: 1.00 F1: 1.00
2026-05-14 10:46:10 | DEBUG   | dpfl.core.base_simulator | Update norms — honest: ['0.67', '2.76', '1.29', '2.30', '1.52'], attacker: ['nan', 'nan', 'nan', 'nan', 'nan']
2026-05-14 10:46:12 | INFO    | dpfl.core.base_simulator | Round 107/150 | Acc: 0.8848 | Loss: 0.3871 | eps_max: 7.51 eps_avg: 5.62 | P: 1.00 R: 1.00 F1: 1.00
2026-05-14 10:46:12 | DEBUG   | dpfl.core.base_simulator | Update norms — honest: ['2.34', '3.48', '2.89', '0.77', '1.37'], attacker: ['nan', 'nan', 'nan', 'nan', 'nan']
2026-05-14 10:46:13 | INFO    | dpfl.core.base_simulator | Round 108/150 | Acc: 0.8847 | Loss: 0.3876 | eps_max: 7.51 eps_avg: 5.64 | P: 1.00 R: 1.00 F1: 1.00
2026-05-14 10:46:13 | DEBUG   | dpfl.core.base_simulator | Update norms — honest: ['4.28', '2.53', '2.80', '1.95', '0.86'], attacker: ['nan', 'nan', 'nan', 'nan', 'nan']
2026-05-14 10:46:14 | INFO    | dpfl.core.base_simulator | Round 109/150 | Acc: 0.8847 | Loss: 0.3880 | eps_max: 7.51 eps_avg: 5.67 | P: 1.00 R: 1.00 F1: 1.00
2026-05-14 10:46:14 | DEBUG   | dpfl.core.base_simulator | Update norms — honest: ['3.51', '3.11', '1.65', '2.74', '1.18'], attacker: ['nan', 'nan', 'nan', 'nan', 'nan']
2026-05-14 10:46:16 | INFO    | dpfl.core.base_simulator | Round 110/150 | Acc: 0.8846 | Loss: 0.3883 | eps_max: 7.51 eps_avg: 5.71 | P: 1.00 R: 1.00 F1: 1.00
2026-05-14 10:46:16 | DEBUG   | dpfl.core.base_simulator | Update norms — honest: ['1.65', '2.15', '0.51', '2.74', '0.75'], attacker: ['nan', 'nan', 'nan', 'nan', 'nan']
2026-05-14 10:46:18 | INFO    | dpfl.core.base_simulator | Round 111/150 | Acc: 0.8846 | Loss: 0.3888 | eps_max: 7.51 eps_avg: 5.75 | P: 1.00 R: 1.00 F1: 1.00
2026-05-14 10:46:18 | DEBUG   | dpfl.core.base_simulator | Update norms — honest: ['3.55', '1.27', '1.99', '2.14', '1.48'], attacker: ['nan', 'nan', 'nan', 'nan', 'nan']
2026-05-14 10:46:19 | INFO    | dpfl.core.base_simulator | Round 112/150 | Acc: 0.8845 | Loss: 0.3891 | eps_max: 7.51 eps_avg: 5.78 | P: 1.00 R: 1.00 F1: 1.00
2026-05-14 10:46:19 | DEBUG   | dpfl.core.base_simulator | Update norms — honest: ['3.11', '0.52', '2.18', '3.19', '1.93'], attacker: ['nan', 'nan', 'nan', 'nan', 'nan']
2026-05-14 10:46:21 | INFO    | dpfl.core.base_simulator | Round 113/150 | Acc: 0.8845 | Loss: 0.3894 | eps_max: 7.51 eps_avg: 5.79 | P: 1.00 R: 1.00 F1: 1.00
2026-05-14 10:46:21 | DEBUG   | dpfl.core.base_simulator | Update norms — honest: ['1.49', '1.00', '2.12', '2.19', '2.09'], attacker: ['nan', 'nan', 'nan', 'nan', 'nan']
2026-05-14 10:46:22 | INFO    | dpfl.core.base_simulator | Round 114/150 | Acc: 0.8844 | Loss: 0.3901 | eps_max: 7.51 eps_avg: 5.82 | P: 1.00 R: 1.00 F1: 1.00
2026-05-14 10:46:22 | DEBUG   | dpfl.core.base_simulator | Update norms — honest: ['3.00', '2.69', '1.73', '1.75', '1.01'], attacker: ['nan', 'nan', 'nan', 'nan', 'nan']
2026-05-14 10:46:24 | INFO    | dpfl.core.base_simulator | Round 115/150 | Acc: 0.8843 | Loss: 0.3906 | eps_max: 7.51 eps_avg: 5.84 | P: 1.00 R: 1.00 F1: 1.00
2026-05-14 10:46:24 | DEBUG   | dpfl.core.base_simulator | Update norms — honest: ['2.57', '2.53', '1.55', '2.43', '3.02'], attacker: ['nan', 'nan', 'nan', 'nan', 'nan']
2026-05-14 10:46:25 | INFO    | dpfl.core.base_simulator | Round 116/150 | Acc: 0.8843 | Loss: 0.3908 | eps_max: 7.51 eps_avg: 5.87 | P: 1.00 R: 1.00 F1: 1.00
2026-05-14 10:46:25 | DEBUG   | dpfl.core.base_simulator | Update norms — honest: ['0.81', '2.16', '0.73', '1.04', '2.26'], attacker: ['nan', 'nan', 'nan', 'nan', 'nan']
2026-05-14 10:46:27 | INFO    | dpfl.core.base_simulator | Round 117/150 | Acc: 0.8842 | Loss: 0.3915 | eps_max: 7.57 eps_avg: 5.90 | P: 1.00 R: 1.00 F1: 1.00
2026-05-14 10:46:27 | DEBUG   | dpfl.core.base_simulator | Update norms — honest: ['0.95', '3.17', '2.37', '2.88', '2.91'], attacker: ['nan', 'nan', 'nan', 'nan', 'nan']
2026-05-14 10:46:28 | INFO    | dpfl.core.base_simulator | Round 118/150 | Acc: 0.8842 | Loss: 0.3918 | eps_max: 7.57 eps_avg: 5.93 | P: 1.00 R: 1.00 F1: 1.00
2026-05-14 10:46:28 | DEBUG   | dpfl.core.base_simulator | Update norms — honest: ['2.21', '1.15', '2.11', '1.53', '2.27'], attacker: ['nan', 'nan', 'nan', 'nan', 'nan']
2026-05-14 10:46:30 | INFO    | dpfl.core.base_simulator | Round 119/150 | Acc: 0.8840 | Loss: 0.3926 | eps_max: 7.58 eps_avg: 5.97 | P: 1.00 R: 1.00 F1: 1.00
2026-05-14 10:46:30 | DEBUG   | dpfl.core.base_simulator | Update norms — honest: ['2.20', '2.66', '2.01', '2.11', '3.23'], attacker: ['nan', 'nan', 'nan', 'nan', 'nan']
2026-05-14 10:46:31 | INFO    | dpfl.core.base_simulator | Round 120/150 | Acc: 0.8840 | Loss: 0.3929 | eps_max: 7.58 eps_avg: 5.99 | P: 1.00 R: 1.00 F1: 1.00
2026-05-14 10:46:31 | DEBUG   | dpfl.core.base_simulator | Update norms — honest: ['1.53', '1.90', '2.92', '2.44', '1.63'], attacker: ['nan', 'nan', 'nan', 'nan', 'nan']
2026-05-14 10:46:33 | INFO    | dpfl.core.base_simulator | Round 121/150 | Acc: 0.8839 | Loss: 0.3936 | eps_max: 7.58 eps_avg: 6.02 | P: 1.00 R: 1.00 F1: 1.00
2026-05-14 10:46:33 | DEBUG   | dpfl.core.base_simulator | Update norms — honest: ['2.88', '3.89', '3.74', '1.12', '1.38'], attacker: ['nan', 'nan', 'nan', 'nan', 'nan']
2026-05-14 10:46:35 | INFO    | dpfl.core.base_simulator | Round 122/150 | Acc: 0.8837 | Loss: 0.3943 | eps_max: 7.66 eps_avg: 6.04 | P: 1.00 R: 1.00 F1: 1.00
2026-05-14 10:46:35 | DEBUG   | dpfl.core.base_simulator | Update norms — honest: ['3.20', '3.54', '2.31', '2.63', '1.74'], attacker: ['nan', 'nan', 'nan', 'nan', 'nan']
2026-05-14 10:46:36 | INFO    | dpfl.core.base_simulator | Round 123/150 | Acc: 0.8837 | Loss: 0.3948 | eps_max: 7.66 eps_avg: 6.06 | P: 1.00 R: 1.00 F1: 1.00
2026-05-14 10:46:36 | DEBUG   | dpfl.core.base_simulator | Update norms — honest: ['1.10', '2.71', '1.93', '1.64', '1.61'], attacker: ['nan', 'nan', 'nan', 'nan', 'nan']
2026-05-14 10:46:37 | INFO    | dpfl.core.base_simulator | Round 124/150 | Acc: 0.8837 | Loss: 0.3951 | eps_max: 7.66 eps_avg: 6.07 | P: 1.00 R: 1.00 F1: 1.00
2026-05-14 10:46:37 | DEBUG   | dpfl.core.base_simulator | Update norms — honest: ['2.95', '2.49', '3.16', '1.07', '1.24'], attacker: ['nan', 'nan', 'nan', 'nan', 'nan']
2026-05-14 10:46:39 | INFO    | dpfl.core.base_simulator | Round 125/150 | Acc: 0.8837 | Loss: 0.3954 | eps_max: 7.69 eps_avg: 6.09 | P: 1.00 R: 1.00 F1: 1.00
2026-05-14 10:46:39 | DEBUG   | dpfl.core.base_simulator | Update norms — honest: ['1.25', '2.12', '3.31', '2.46', '2.90'], attacker: ['nan', 'nan', 'nan', 'nan', 'nan']
2026-05-14 10:46:40 | INFO    | dpfl.core.base_simulator | Round 126/150 | Acc: 0.8836 | Loss: 0.3958 | eps_max: 7.69 eps_avg: 6.11 | P: 1.00 R: 1.00 F1: 1.00
2026-05-14 10:46:40 | DEBUG   | dpfl.core.base_simulator | Update norms — honest: ['1.47', '1.26', '2.22', '2.21', '2.28'], attacker: ['nan', 'nan', 'nan', 'nan', 'nan']
2026-05-14 10:46:41 | INFO    | dpfl.core.base_simulator | Round 127/150 | Acc: 0.8836 | Loss: 0.3961 | eps_max: 7.69 eps_avg: 6.12 | P: 1.00 R: 1.00 F1: 1.00
2026-05-14 10:46:41 | DEBUG   | dpfl.core.base_simulator | Update norms — honest: ['2.56', '1.19', '1.95', '1.87', '2.24'], attacker: ['nan', 'nan', 'nan', 'nan', 'nan']
2026-05-14 10:46:42 | INFO    | dpfl.core.base_simulator | Round 128/150 | Acc: 0.8835 | Loss: 0.3969 | eps_max: 7.69 eps_avg: 6.14 | P: 1.00 R: 1.00 F1: 1.00
2026-05-14 10:46:42 | DEBUG   | dpfl.core.base_simulator | Update norms — honest: ['4.52', '3.18', '2.37', '2.50', '1.30'], attacker: ['nan', 'nan', 'nan', 'nan', 'nan']
2026-05-14 10:46:43 | INFO    | dpfl.core.base_simulator | Round 129/150 | Acc: 0.8835 | Loss: 0.3971 | eps_max: 7.69 eps_avg: 6.16 | P: 1.00 R: 1.00 F1: 1.00
2026-05-14 10:46:43 | DEBUG   | dpfl.core.base_simulator | Update norms — honest: ['1.11', '0.71', '1.40', '0.72', '1.26'], attacker: ['nan', 'nan', 'nan', 'nan', 'nan']
2026-05-14 10:46:45 | INFO    | dpfl.core.base_simulator | Round 130/150 | Acc: 0.8834 | Loss: 0.3977 | eps_max: 7.72 eps_avg: 6.19 | P: 1.00 R: 1.00 F1: 1.00
2026-05-14 10:46:45 | DEBUG   | dpfl.core.base_simulator | Update norms — honest: ['2.32', '1.24', '1.10', '2.53', '1.53'], attacker: ['nan', 'nan', 'nan', 'nan', 'nan']
2026-05-14 10:46:46 | INFO    | dpfl.core.base_simulator | Round 131/150 | Acc: 0.8834 | Loss: 0.3981 | eps_max: 7.72 eps_avg: 6.21 | P: 1.00 R: 1.00 F1: 1.00
2026-05-14 10:46:46 | DEBUG   | dpfl.core.base_simulator | Update norms — honest: ['1.42', '1.58', '0.74', '3.45', '3.62'], attacker: ['nan', 'nan', 'nan', 'nan', 'nan']
2026-05-14 10:46:47 | INFO    | dpfl.core.base_simulator | Round 132/150 | Acc: 0.8833 | Loss: 0.3986 | eps_max: 7.75 eps_avg: 6.22 | P: 1.00 R: 1.00 F1: 1.00
2026-05-14 10:46:47 | DEBUG   | dpfl.core.base_simulator | Update norms — honest: ['2.12', '1.90', '2.73', '3.34', '3.74'], attacker: ['nan', 'nan', 'nan', 'nan', 'nan']
2026-05-14 10:46:49 | INFO    | dpfl.core.base_simulator | Round 133/150 | Acc: 0.8832 | Loss: 0.3992 | eps_max: 7.87 eps_avg: 6.25 | P: 1.00 R: 1.00 F1: 1.00
2026-05-14 10:46:49 | DEBUG   | dpfl.core.base_simulator | Update norms — honest: ['3.71', '3.15', '2.16', '2.40', '2.49'], attacker: ['nan', 'nan', 'nan', 'nan', 'nan']
2026-05-14 10:46:51 | INFO    | dpfl.core.base_simulator | Round 134/150 | Acc: 0.8830 | Loss: 0.4001 | eps_max: 7.87 eps_avg: 6.28 | P: 1.00 R: 1.00 F1: 1.00
2026-05-14 10:46:51 | DEBUG   | dpfl.core.base_simulator | Update norms — honest: ['4.07', '1.60', '2.33', '1.63', '2.63'], attacker: ['nan', 'nan', 'nan', 'nan', 'nan']
2026-05-14 10:46:52 | INFO    | dpfl.core.base_simulator | Round 135/150 | Acc: 0.8829 | Loss: 0.4007 | eps_max: 7.87 eps_avg: 6.30 | P: 1.00 R: 1.00 F1: 1.00
2026-05-14 10:46:52 | DEBUG   | dpfl.core.base_simulator | Update norms — honest: ['2.87', '3.25', '1.64', '2.27', '3.03'], attacker: ['nan', 'nan', 'nan', 'nan', 'nan']
2026-05-14 10:46:53 | INFO    | dpfl.core.base_simulator | Round 136/150 | Acc: 0.8829 | Loss: 0.4012 | eps_max: 7.87 eps_avg: 6.32 | P: 1.00 R: 1.00 F1: 1.00
2026-05-14 10:46:53 | DEBUG   | dpfl.core.base_simulator | Update norms — honest: ['2.17', '3.22', '2.27', '3.50', '2.00'], attacker: ['nan', 'nan', 'nan', 'nan', 'nan']
2026-05-14 10:46:55 | INFO    | dpfl.core.base_simulator | Round 137/150 | Acc: 0.8828 | Loss: 0.4019 | eps_max: 7.91 eps_avg: 6.34 | P: 1.00 R: 1.00 F1: 1.00
2026-05-14 10:46:55 | DEBUG   | dpfl.core.base_simulator | Update norms — honest: ['1.89', '1.20', '1.53', '1.10', '2.33'], attacker: ['nan', 'nan', 'nan', 'nan', 'nan']
2026-05-14 10:46:56 | INFO    | dpfl.core.base_simulator | Round 138/150 | Acc: 0.8826 | Loss: 0.4031 | eps_max: 8.03 eps_avg: 6.36 | P: 0.86 R: 1.00 F1: 1.00
2026-05-14 10:46:56 | DEBUG   | dpfl.core.base_simulator | Update norms — honest: ['2.76', '2.85', '3.34', '3.26', '2.40'], attacker: ['nan', 'nan', 'nan', 'nan', 'nan']
2026-05-14 10:46:56 | WARNING | dpfl.algorithms.noise_game.simulator | Round 138/150 | Budget exceeded (eps_max=8.03 > 8.00)
2026-05-14 10:46:58 | INFO    | dpfl | Experiment complete in 470.8s
============================================================
REPORT: DP-SGD Decentralized Federated Learning
============================================================
Timestamp:                  20260514_103905
Rounds completed:           138
Attack-active rounds:       88  (from round 50)
Final accuracy:             0.8826
Final test loss:            0.4031
Final epsilon (max honest): 8.03
Final epsilon (avg honest): 6.36
Best alpha:                 1000.0
Avg precision:              0.9983
Avg recall:                 0.9670
Avg F1 score:               0.9907
Avg update norm (honest):   1.5199
Avg update norm (attacker): nan

eps_system (max honest): 8.0330
eps_avg (honest):        6.3569
eps_std (honest):        0.9191
n_frozen:                0/400
============================================================
