2026-05-14 10:02:24 | INFO    | dpfl | Experiment start: algorithm=noise_game, dataset=mnist, model=mlp, device=cuda
2026-05-14 10:02:24 | INFO    | dpfl | Config: nodes=500, attackers=200, rounds=150, noise_mode=none, attack=scale
2026-05-14 10:02:24 | INFO    | dpfl.data.mnist_dataset | Loading MNIST dataset...
2026-05-14 10:02:24 | INFO    | dpfl.data.mnist_dataset | MNIST loaded: 60000 train, 10000 test samples
2026-05-14 10:05:25 | INFO    | dpfl.core.base_simulator | Vectorized state ready: param_spec.D=50890, X_test=(10000, 1, 28, 28), train clients N=500, max_n_samples=1000
2026-05-14 10:05:25 | INFO    | dpfl.core.base_simulator | Setup complete: 500 nodes (200 attackers), param_dim=50890, split=iid
2026-05-14 10:05:25 | DEBUG   | dpfl.core.base_simulator | Attacker IDs: {0, 1, 2, 3, 4, 5, 6, 7, 8, 9, 10, 11, 12, 13, 14, 15, 16, 17, 18, 19, 20, 21, 22, 23, 24, 25, 26, 27, 28, 29, 30, 31, 32, 33, 34, 35, 36, 37, 38, 39, 40, 41, 42, 43, 44, 45, 46, 47, 48, 49, 50, 51, 52, 53, 54, 55, 56, 57, 58, 59, 60, 61, 62, 63, 64, 65, 66, 67, 68, 69, 70, 71, 72, 73, 74, 75, 76, 77, 78, 79, 80, 81, 82, 83, 84, 85, 86, 87, 88, 89, 90, 91, 92, 93, 94, 95, 96, 97, 98, 99, 100, 101, 102, 103, 104, 105, 106, 107, 108, 109, 110, 111, 112, 113, 114, 115, 116, 117, 118, 119, 120, 121, 122, 123, 124, 125, 126, 127, 128, 129, 130, 131, 132, 133, 134, 135, 136, 137, 138, 139, 140, 141, 142, 143, 144, 145, 146, 147, 148, 149, 150, 151, 152, 153, 154, 155, 156, 157, 158, 159, 160, 161, 162, 163, 164, 165, 166, 167, 168, 169, 170, 171, 172, 173, 174, 175, 176, 177, 178, 179, 180, 181, 182, 183, 184, 185, 186, 187, 188, 189, 190, 191, 192, 193, 194, 195, 196, 197, 198, 199}
2026-05-14 10:05:33 | INFO    | dpfl.core.base_simulator | Round   1/150 | Acc: 0.3800 | Loss: 2.0956 | eps_max: 1.91 eps_avg: 0.79 | P: 0.00 R: nan F1: nan
2026-05-14 10:05:33 | DEBUG   | dpfl.core.base_simulator | Update norms — honest: ['9.59', '9.61', '9.66', '9.64', '9.68'], attacker: ['9.61', '9.67', '9.69', '9.65', '9.62']
2026-05-14 10:05:41 | INFO    | dpfl.core.base_simulator | Round   2/150 | Acc: 0.5541 | Loss: 1.8904 | eps_max: 1.98 eps_avg: 0.87 | P: 0.00 R: nan F1: nan
2026-05-14 10:05:41 | DEBUG   | dpfl.core.base_simulator | Update norms — honest: ['9.63', '9.52', '9.56', '9.54', '9.52'], attacker: ['9.36', '9.48', '9.48', '9.37', '9.48']
2026-05-14 10:05:48 | INFO    | dpfl.core.base_simulator | Round   3/150 | Acc: 0.6506 | Loss: 1.6799 | eps_max: 2.10 eps_avg: 0.97 | P: 0.00 R: nan F1: nan
2026-05-14 10:05:48 | DEBUG   | dpfl.core.base_simulator | Update norms — honest: ['9.45', '9.42', '9.45', '9.49', '9.45'], attacker: ['9.83', '9.83', '9.87', '9.90', '9.83']
2026-05-14 10:05:55 | INFO    | dpfl.core.base_simulator | Round   4/150 | Acc: 0.7096 | Loss: 1.4801 | eps_max: 2.28 eps_avg: 1.11 | P: 0.00 R: nan F1: nan
2026-05-14 10:05:55 | DEBUG   | dpfl.core.base_simulator | Update norms — honest: ['9.39', '9.30', '9.37', '9.32', '9.40'], attacker: ['9.91', '9.97', '9.98', '9.99', '9.89']
2026-05-14 10:06:04 | INFO    | dpfl.core.base_simulator | Round   5/150 | Acc: 0.7508 | Loss: 1.3000 | eps_max: 2.43 eps_avg: 1.23 | P: 0.00 R: nan F1: nan
2026-05-14 10:06:04 | DEBUG   | dpfl.core.base_simulator | Update norms — honest: ['9.28', '9.19', '9.26', '9.26', '9.22'], attacker: ['9.94', '9.99', '9.96', '9.95', '9.92']
2026-05-14 10:06:11 | INFO    | dpfl.core.base_simulator | Round   6/150 | Acc: 0.7792 | Loss: 1.1459 | eps_max: 2.48 eps_avg: 1.28 | P: 0.00 R: nan F1: nan
2026-05-14 10:06:11 | DEBUG   | dpfl.core.base_simulator | Update norms — honest: ['9.16', '9.43', '9.51', '9.14', '9.50'], attacker: ['9.96', '10.01', '10.04', '10.00', '9.95']
2026-05-14 10:06:19 | INFO    | dpfl.core.base_simulator | Round   7/150 | Acc: 0.7996 | Loss: 1.0194 | eps_max: 2.54 eps_avg: 1.35 | P: 0.00 R: nan F1: nan
2026-05-14 10:06:19 | DEBUG   | dpfl.core.base_simulator | Update norms — honest: ['9.50', '9.05', '8.84', '9.08', '9.06'], attacker: ['9.90', '10.05', '10.00', '9.97', '9.88']
2026-05-14 10:06:27 | INFO    | dpfl.core.base_simulator | Round   8/150 | Acc: 0.8138 | Loss: 0.9186 | eps_max: 2.61 eps_avg: 1.43 | P: 0.00 R: nan F1: nan
2026-05-14 10:06:27 | DEBUG   | dpfl.core.base_simulator | Update norms — honest: ['8.99', '8.62', '7.95', '9.00', '8.98'], attacker: ['9.86', '9.97', '10.03', '9.99', '9.78']
2026-05-14 10:06:34 | INFO    | dpfl.core.base_simulator | Round   9/150 | Acc: 0.8241 | Loss: 0.8389 | eps_max: 2.69 eps_avg: 1.52 | P: 0.00 R: nan F1: nan
2026-05-14 10:06:34 | DEBUG   | dpfl.core.base_simulator | Update norms — honest: ['8.91', '8.89', '9.20', '9.60', '8.89'], attacker: ['9.93', '9.86', '9.96', '9.82', '9.76']
2026-05-14 10:06:42 | INFO    | dpfl.core.base_simulator | Round  10/150 | Acc: 0.8321 | Loss: 0.7752 | eps_max: 2.76 eps_avg: 1.59 | P: 0.00 R: nan F1: nan
2026-05-14 10:06:42 | DEBUG   | dpfl.core.base_simulator | Update norms — honest: ['8.83', '8.74', '7.52', '8.75', '7.61'], attacker: ['9.87', '9.77', '9.87', '9.79', '9.88']
2026-05-14 10:06:50 | INFO    | dpfl.core.base_simulator | Round  11/150 | Acc: 0.8382 | Loss: 0.7243 | eps_max: 2.85 eps_avg: 1.68 | P: 0.00 R: nan F1: nan
2026-05-14 10:06:50 | DEBUG   | dpfl.core.base_simulator | Update norms — honest: ['8.73', '8.72', '8.86', '8.79', '8.76'], attacker: ['9.76', '9.59', '9.85', '9.86', '9.87']
2026-05-14 10:06:57 | INFO    | dpfl.core.base_simulator | Round  12/150 | Acc: 0.8437 | Loss: 0.6826 | eps_max: 2.95 eps_avg: 1.76 | P: 0.00 R: nan F1: nan
2026-05-14 10:06:57 | DEBUG   | dpfl.core.base_simulator | Update norms — honest: ['8.64', '8.65', '8.91', '8.64', '9.22'], attacker: ['9.49', '9.50', '9.73', '9.66', '9.74']
2026-05-14 10:07:05 | INFO    | dpfl.core.base_simulator | Round  13/150 | Acc: 0.8479 | Loss: 0.6483 | eps_max: 3.08 eps_avg: 1.82 | P: 0.00 R: nan F1: nan
2026-05-14 10:07:05 | DEBUG   | dpfl.core.base_simulator | Update norms — honest: ['8.90', '8.52', '9.01', '9.40', '8.59'], attacker: ['9.83', '9.58', '9.75', '9.66', '9.86']
2026-05-14 10:07:14 | INFO    | dpfl.core.base_simulator | Round  14/150 | Acc: 0.8515 | Loss: 0.6196 | eps_max: 3.17 eps_avg: 1.89 | P: 0.00 R: nan F1: nan
2026-05-14 10:07:14 | DEBUG   | dpfl.core.base_simulator | Update norms — honest: ['7.75', '8.75', '8.48', '8.45', '8.49'], attacker: ['9.85', '9.49', '9.59', '9.73', '9.59']
2026-05-14 10:07:22 | INFO    | dpfl.core.base_simulator | Round  15/150 | Acc: 0.8548 | Loss: 0.5951 | eps_max: 3.32 eps_avg: 1.95 | P: 0.00 R: nan F1: nan
2026-05-14 10:07:22 | DEBUG   | dpfl.core.base_simulator | Update norms — honest: ['7.71', '8.41', '9.39', '8.45', '8.37'], attacker: ['9.64', '9.44', '9.41', '9.67', '9.03']
2026-05-14 10:07:29 | INFO    | dpfl.core.base_simulator | Round  16/150 | Acc: 0.8576 | Loss: 0.5743 | eps_max: 3.46 eps_avg: 2.02 | P: 0.00 R: nan F1: nan
2026-05-14 10:07:29 | DEBUG   | dpfl.core.base_simulator | Update norms — honest: ['7.32', '8.57', '9.09', '9.05', '8.27'], attacker: ['9.67', '9.47', '9.50', '9.63', '9.32']
2026-05-14 10:07:36 | INFO    | dpfl.core.base_simulator | Round  17/150 | Acc: 0.8600 | Loss: 0.5561 | eps_max: 3.51 eps_avg: 2.08 | P: 0.00 R: nan F1: nan
2026-05-14 10:07:36 | DEBUG   | dpfl.core.base_simulator | Update norms — honest: ['8.29', '9.18', '8.97', '8.25', '8.65'], attacker: ['9.41', '9.05', '9.71', '9.40', '9.38']
2026-05-14 10:07:45 | INFO    | dpfl.core.base_simulator | Round  18/150 | Acc: 0.8621 | Loss: 0.5404 | eps_max: 3.55 eps_avg: 2.16 | P: 0.00 R: nan F1: nan
2026-05-14 10:07:45 | DEBUG   | dpfl.core.base_simulator | Update norms — honest: ['8.03', '9.15', '8.14', '8.27', '7.97'], attacker: ['9.13', '8.99', '9.39', '9.20', '9.33']
2026-05-14 10:07:52 | INFO    | dpfl.core.base_simulator | Round  19/150 | Acc: 0.8640 | Loss: 0.5272 | eps_max: 3.59 eps_avg: 2.22 | P: 0.00 R: nan F1: nan
2026-05-14 10:07:52 | DEBUG   | dpfl.core.base_simulator | Update norms — honest: ['8.07', '9.13', '8.04', '8.05', '8.05'], attacker: ['8.99', '8.86', '9.17', '9.19', '9.68']
2026-05-14 10:08:00 | INFO    | dpfl.core.base_simulator | Round  20/150 | Acc: 0.8656 | Loss: 0.5147 | eps_max: 3.64 eps_avg: 2.27 | P: 0.00 R: nan F1: nan
2026-05-14 10:08:00 | DEBUG   | dpfl.core.base_simulator | Update norms — honest: ['8.18', '8.74', '8.11', '7.21', '8.01'], attacker: ['8.79', '8.99', '8.39', '8.74', '9.53']
2026-05-14 10:08:08 | INFO    | dpfl.core.base_simulator | Round  21/150 | Acc: 0.8672 | Loss: 0.5038 | eps_max: 3.67 eps_avg: 2.32 | P: 0.00 R: nan F1: nan
2026-05-14 10:08:08 | DEBUG   | dpfl.core.base_simulator | Update norms — honest: ['7.91', '7.88', '8.76', '6.68', '7.69'], attacker: ['9.20', '9.27', '8.65', '9.07', '8.97']
2026-05-14 10:08:16 | INFO    | dpfl.core.base_simulator | Round  22/150 | Acc: 0.8686 | Loss: 0.4940 | eps_max: 3.73 eps_avg: 2.35 | P: 0.00 R: nan F1: nan
2026-05-14 10:08:16 | DEBUG   | dpfl.core.base_simulator | Update norms — honest: ['8.17', '7.64', '6.24', '8.19', '7.83'], attacker: ['9.09', '9.11', '9.40', '9.72', '8.46']
2026-05-14 10:08:24 | INFO    | dpfl.core.base_simulator | Round  23/150 | Acc: 0.8691 | Loss: 0.4869 | eps_max: 3.78 eps_avg: 2.40 | P: 0.00 R: nan F1: nan
2026-05-14 10:08:24 | DEBUG   | dpfl.core.base_simulator | Update norms — honest: ['7.44', '8.99', '8.36', '7.75', '7.79'], attacker: ['9.03', '9.21', '9.12', '9.35', '8.19']
2026-05-14 10:08:32 | INFO    | dpfl.core.base_simulator | Round  24/150 | Acc: 0.8702 | Loss: 0.4790 | eps_max: 3.82 eps_avg: 2.45 | P: 0.00 R: nan F1: nan
2026-05-14 10:08:32 | DEBUG   | dpfl.core.base_simulator | Update norms — honest: ['8.66', '5.52', '8.41', '4.73', '7.67'], attacker: ['9.27', '8.54', '8.93', '9.24', '8.81']
2026-05-14 10:08:40 | INFO    | dpfl.core.base_simulator | Round  25/150 | Acc: 0.8709 | Loss: 0.4727 | eps_max: 3.89 eps_avg: 2.50 | P: 0.00 R: nan F1: nan
2026-05-14 10:08:40 | DEBUG   | dpfl.core.base_simulator | Update norms — honest: ['8.47', '7.87', '7.59', '7.25', '7.13'], attacker: ['9.11', '8.74', '9.60', '9.12', '9.28']
2026-05-14 10:08:47 | INFO    | dpfl.core.base_simulator | Round  26/150 | Acc: 0.8719 | Loss: 0.4662 | eps_max: 3.93 eps_avg: 2.56 | P: 0.00 R: nan F1: nan
2026-05-14 10:08:47 | DEBUG   | dpfl.core.base_simulator | Update norms — honest: ['7.55', '6.69', '7.76', '7.41', '7.52'], attacker: ['5.31', '5.02', '8.42', '5.74', '7.55']
2026-05-14 10:08:55 | INFO    | dpfl.core.base_simulator | Round  27/150 | Acc: 0.8724 | Loss: 0.4611 | eps_max: 3.98 eps_avg: 2.61 | P: 0.00 R: nan F1: nan
2026-05-14 10:08:55 | DEBUG   | dpfl.core.base_simulator | Update norms — honest: ['7.88', '5.30', '8.11', '7.37', '7.43'], attacker: ['8.70', '8.51', '7.61', '8.92', '3.98']
2026-05-14 10:09:04 | INFO    | dpfl.core.base_simulator | Round  28/150 | Acc: 0.8729 | Loss: 0.4562 | eps_max: 4.06 eps_avg: 2.67 | P: 0.00 R: nan F1: nan
2026-05-14 10:09:04 | DEBUG   | dpfl.core.base_simulator | Update norms — honest: ['6.03', '7.33', '7.41', '7.80', '7.63'], attacker: ['8.97', '9.10', '8.69', '9.23', '9.25']
2026-05-14 10:09:13 | INFO    | dpfl.core.base_simulator | Round  29/150 | Acc: 0.8740 | Loss: 0.4507 | eps_max: 4.16 eps_avg: 2.75 | P: 0.00 R: nan F1: nan
2026-05-14 10:09:13 | DEBUG   | dpfl.core.base_simulator | Update norms — honest: ['9.06', '7.30', '6.79', '7.69', '7.72'], attacker: ['9.48', '9.14', '9.33', '9.70', '8.71']
2026-05-14 10:09:22 | INFO    | dpfl.core.base_simulator | Round  30/150 | Acc: 0.8744 | Loss: 0.4470 | eps_max: 4.29 eps_avg: 2.82 | P: 0.00 R: nan F1: nan
2026-05-14 10:09:22 | DEBUG   | dpfl.core.base_simulator | Update norms — honest: ['4.91', '8.55', '6.60', '8.61', '7.20'], attacker: ['9.48', '9.58', '9.51', '9.70', '9.25']
2026-05-14 10:09:30 | INFO    | dpfl.core.base_simulator | Round  31/150 | Acc: 0.8742 | Loss: 0.4445 | eps_max: 4.44 eps_avg: 2.93 | P: 0.00 R: nan F1: nan
2026-05-14 10:09:30 | DEBUG   | dpfl.core.base_simulator | Update norms — honest: ['8.57', '5.99', '8.53', '7.15', '4.66'], attacker: ['9.55', '9.76', '9.36', '9.56', '9.30']
2026-05-14 10:09:39 | INFO    | dpfl.core.base_simulator | Round  32/150 | Acc: 0.8747 | Loss: 0.4408 | eps_max: 4.65 eps_avg: 3.02 | P: 0.00 R: nan F1: nan
2026-05-14 10:09:39 | DEBUG   | dpfl.core.base_simulator | Update norms — honest: ['6.88', '5.27', '7.50', '7.04', '8.22'], attacker: ['9.59', '9.47', '9.37', '9.44', '9.64']
2026-05-14 10:09:47 | INFO    | dpfl.core.base_simulator | Round  33/150 | Acc: 0.8757 | Loss: 0.4362 | eps_max: 4.92 eps_avg: 3.13 | P: 0.00 R: nan F1: nan
2026-05-14 10:09:47 | DEBUG   | dpfl.core.base_simulator | Update norms — honest: ['6.14', '7.02', '7.58', '7.18', '8.75'], attacker: ['9.69', '9.24', '9.82', '9.12', '9.48']
2026-05-14 10:09:56 | INFO    | dpfl.core.base_simulator | Round  34/150 | Acc: 0.8758 | Loss: 0.4337 | eps_max: 5.16 eps_avg: 3.24 | P: 0.00 R: nan F1: nan
2026-05-14 10:09:56 | DEBUG   | dpfl.core.base_simulator | Update norms — honest: ['7.58', '8.35', '6.91', '6.14', '6.95'], attacker: ['9.71', '9.12', '9.74', '8.46', '9.54']
2026-05-14 10:10:06 | INFO    | dpfl.core.base_simulator | Round  35/150 | Acc: 0.8759 | Loss: 0.4319 | eps_max: 5.43 eps_avg: 3.35 | P: 0.00 R: nan F1: nan
2026-05-14 10:10:06 | DEBUG   | dpfl.core.base_simulator | Update norms — honest: ['7.34', '6.95', '6.83', '6.72', '7.37'], attacker: ['9.56', '9.49', '9.56', '9.14', '9.51']
2026-05-14 10:10:14 | INFO    | dpfl.core.base_simulator | Round  36/150 | Acc: 0.8766 | Loss: 0.4283 | eps_max: 5.51 eps_avg: 3.46 | P: 0.00 R: nan F1: nan
2026-05-14 10:10:14 | DEBUG   | dpfl.core.base_simulator | Update norms — honest: ['6.90', '6.15', '3.29', '6.78', '6.81'], attacker: ['9.50', '9.71', '9.61', '9.39', '9.45']
2026-05-14 10:10:23 | INFO    | dpfl.core.base_simulator | Round  37/150 | Acc: 0.8767 | Loss: 0.4260 | eps_max: 5.56 eps_avg: 3.55 | P: 0.00 R: nan F1: nan
2026-05-14 10:10:23 | DEBUG   | dpfl.core.base_simulator | Update norms — honest: ['6.74', '4.45', '6.93', '5.46', '7.40'], attacker: ['9.14', '9.69', '9.39', '9.08', '9.36']
2026-05-14 10:10:32 | INFO    | dpfl.core.base_simulator | Round  38/150 | Acc: 0.8773 | Loss: 0.4235 | eps_max: 5.62 eps_avg: 3.61 | P: 0.00 R: nan F1: nan
2026-05-14 10:10:32 | DEBUG   | dpfl.core.base_simulator | Update norms — honest: ['7.24', '4.75', '4.78', '7.59', '6.67'], attacker: ['9.02', '9.43', '8.86', '9.45', '9.53']
2026-05-14 10:10:41 | INFO    | dpfl.core.base_simulator | Round  39/150 | Acc: 0.8769 | Loss: 0.4230 | eps_max: 5.67 eps_avg: 3.66 | P: 0.00 R: nan F1: nan
2026-05-14 10:10:41 | DEBUG   | dpfl.core.base_simulator | Update norms — honest: ['3.59', '7.66', '8.04', '5.15', '5.79'], attacker: ['8.97', '9.30', '9.04', '9.36', '9.14']
2026-05-14 10:10:50 | INFO    | dpfl.core.base_simulator | Round  40/150 | Acc: 0.8773 | Loss: 0.4205 | eps_max: 5.72 eps_avg: 3.70 | P: 0.00 R: nan F1: nan
2026-05-14 10:10:50 | DEBUG   | dpfl.core.base_simulator | Update norms — honest: ['6.94', '7.46', '6.52', '7.44', '5.37'], attacker: ['8.79', '9.47', '9.23', '8.89', '8.68']
2026-05-14 10:11:00 | INFO    | dpfl.core.base_simulator | Round  41/150 | Acc: 0.8777 | Loss: 0.4184 | eps_max: 5.77 eps_avg: 3.74 | P: 0.00 R: nan F1: nan
2026-05-14 10:11:00 | DEBUG   | dpfl.core.base_simulator | Update norms — honest: ['8.65', '6.43', '6.20', '5.34', '6.07'], attacker: ['9.13', '9.31', '8.56', '9.11', '8.42']
2026-05-14 10:11:09 | INFO    | dpfl.core.base_simulator | Round  42/150 | Acc: 0.8774 | Loss: 0.4180 | eps_max: 5.83 eps_avg: 3.78 | P: 0.00 R: nan F1: nan
2026-05-14 10:11:09 | DEBUG   | dpfl.core.base_simulator | Update norms — honest: ['7.30', '7.70', '6.77', '6.92', '4.70'], attacker: ['9.01', '9.21', '8.99', '9.28', '7.90']
2026-05-14 10:11:19 | INFO    | dpfl.core.base_simulator | Round  43/150 | Acc: 0.8778 | Loss: 0.4161 | eps_max: 5.90 eps_avg: 3.83 | P: 0.00 R: nan F1: nan
2026-05-14 10:11:19 | DEBUG   | dpfl.core.base_simulator | Update norms — honest: ['7.79', '7.34', '6.51', '6.16', '6.47'], attacker: ['8.31', '8.78', '8.91', '9.43', '8.08']
2026-05-14 10:11:28 | INFO    | dpfl.core.base_simulator | Round  44/150 | Acc: 0.8776 | Loss: 0.4157 | eps_max: 5.97 eps_avg: 3.88 | P: 0.00 R: nan F1: nan
2026-05-14 10:11:28 | DEBUG   | dpfl.core.base_simulator | Update norms — honest: ['4.20', '6.89', '5.80', '5.79', '5.70'], attacker: ['8.53', '8.46', '9.06', '8.93', '8.15']
2026-05-14 10:11:37 | INFO    | dpfl.core.base_simulator | Round  45/150 | Acc: 0.8776 | Loss: 0.4149 | eps_max: 6.04 eps_avg: 3.94 | P: 0.00 R: nan F1: nan
2026-05-14 10:11:37 | DEBUG   | dpfl.core.base_simulator | Update norms — honest: ['7.64', '6.22', '4.36', '6.70', '5.68'], attacker: ['8.67', '8.81', '8.79', '8.48', '7.98']
2026-05-14 10:11:46 | INFO    | dpfl.core.base_simulator | Round  46/150 | Acc: 0.8772 | Loss: 0.4152 | eps_max: 6.12 eps_avg: 3.98 | P: 0.00 R: nan F1: nan
2026-05-14 10:11:46 | DEBUG   | dpfl.core.base_simulator | Update norms — honest: ['7.02', '6.50', '8.79', '6.18', '7.44'], attacker: ['8.78', '9.14', '8.61', '8.28', '8.03']
2026-05-14 10:11:55 | INFO    | dpfl.core.base_simulator | Round  47/150 | Acc: 0.8775 | Loss: 0.4136 | eps_max: 6.19 eps_avg: 4.02 | P: 0.00 R: nan F1: nan
2026-05-14 10:11:55 | DEBUG   | dpfl.core.base_simulator | Update norms — honest: ['7.18', '8.33', '7.48', '8.08', '6.79'], attacker: ['8.23', '9.11', '8.07', '7.87', '7.36']
2026-05-14 10:12:04 | INFO    | dpfl.core.base_simulator | Round  48/150 | Acc: 0.8774 | Loss: 0.4133 | eps_max: 6.25 eps_avg: 4.07 | P: 0.00 R: nan F1: nan
2026-05-14 10:12:04 | DEBUG   | dpfl.core.base_simulator | Update norms — honest: ['5.95', '8.52', '7.06', '6.02', '7.08'], attacker: ['8.43', '8.90', '6.37', '8.12', '6.98']
2026-05-14 10:12:13 | INFO    | dpfl.core.base_simulator | Round  49/150 | Acc: 0.8777 | Loss: 0.4118 | eps_max: 6.34 eps_avg: 4.09 | P: 0.00 R: nan F1: nan
2026-05-14 10:12:13 | DEBUG   | dpfl.core.base_simulator | Update norms — honest: ['6.83', '8.16', '6.28', '5.17', '5.41'], attacker: ['8.41', '8.69', '6.15', '7.54', '7.02']
2026-05-14 10:12:22 | INFO    | dpfl.core.base_simulator | Round  50/150 | Acc: 0.8779 | Loss: 0.4105 | eps_max: 6.47 eps_avg: 4.12 | P: 0.00 R: nan F1: nan
2026-05-14 10:12:22 | DEBUG   | dpfl.core.base_simulator | Update norms — honest: ['7.64', '5.37', '4.74', '6.72', '7.59'], attacker: ['8.01', '7.98', '6.20', '7.97', '7.95']
2026-05-14 10:12:24 | INFO    | dpfl.core.base_simulator | Round  51/150 | Acc: 0.8769 | Loss: 0.4129 | eps_max: 5.07 eps_avg: 2.86 | P: 0.00 R: 0.00 F1: 0.00
2026-05-14 10:12:24 | DEBUG   | dpfl.core.base_simulator | Update norms — honest: ['6.67', '6.39', '6.77', '8.45', '5.85'], attacker: ['3.21', '3.18', '2.81', '3.41', '2.87']
2026-05-14 10:12:25 | INFO    | dpfl.core.base_simulator | Round  52/150 | Acc: 0.8748 | Loss: 0.4242 | eps_max: 5.19 eps_avg: 2.90 | P: 0.62 R: 0.69 F1: 0.74
2026-05-14 10:12:25 | DEBUG   | dpfl.core.base_simulator | Update norms — honest: ['6.01', '7.32', '7.85', '5.95', '6.83'], attacker: ['9.94', '8.41', '7.29', '11.37', '8.88']
2026-05-14 10:12:27 | INFO    | dpfl.core.base_simulator | Round  53/150 | Acc: 0.8710 | Loss: 0.4621 | eps_max: 5.19 eps_avg: 2.95 | P: 0.71 R: 0.99 F1: 0.96
2026-05-14 10:12:27 | DEBUG   | dpfl.core.base_simulator | Update norms — honest: ['5.79', '5.36', '8.12', '5.77', '7.71'], attacker: ['35.60', '26.36', '27.70', '46.35', '37.25']
2026-05-14 10:12:29 | INFO    | dpfl.core.base_simulator | Round  54/150 | Acc: 0.8775 | Loss: 0.4104 | eps_max: 5.19 eps_avg: 2.99 | P: 0.78 R: 1.00 F1: 0.96
2026-05-14 10:12:29 | DEBUG   | dpfl.core.base_simulator | Update norms — honest: ['6.46', '8.12', '4.43', '5.77', '5.34'], attacker: ['128.64', '106.48', '114.83', '206.03', '154.86']
2026-05-14 10:12:31 | INFO    | dpfl.core.base_simulator | Round  55/150 | Acc: 0.8776 | Loss: 0.4096 | eps_max: 5.19 eps_avg: 3.04 | P: 0.76 R: 1.00 F1: 0.94
2026-05-14 10:12:31 | DEBUG   | dpfl.core.base_simulator | Update norms — honest: ['7.27', '7.60', '4.31', '8.57', '6.99'], attacker: ['601.16', '571.45', '612.51', '987.29', '740.16']
2026-05-14 10:12:32 | INFO    | dpfl.core.base_simulator | Round  56/150 | Acc: 0.8775 | Loss: 0.4092 | eps_max: 5.23 eps_avg: 3.07 | P: 0.74 R: 1.00 F1: 0.99
2026-05-14 10:12:32 | DEBUG   | dpfl.core.base_simulator | Update norms — honest: ['7.37', '5.21', '4.41', '7.68', '5.43'], attacker: ['3140.38', '3441.64', '3978.76', '5323.00', '3698.27']
2026-05-14 10:12:34 | INFO    | dpfl.core.base_simulator | Round  57/150 | Acc: 0.8779 | Loss: 0.4077 | eps_max: 5.28 eps_avg: 3.11 | P: 0.75 R: 1.00 F1: 0.98
2026-05-14 10:12:34 | DEBUG   | dpfl.core.base_simulator | Update norms — honest: ['4.79', '5.75', '8.67', '6.60', '4.50'], attacker: ['19707.38', '18882.06', '21254.85', '27112.27', '20583.47']
2026-05-14 10:12:36 | INFO    | dpfl.core.base_simulator | Round  58/150 | Acc: 0.8778 | Loss: 0.4078 | eps_max: 5.32 eps_avg: 3.22 | P: 0.48 R: 1.00 F1: 0.93
2026-05-14 10:12:36 | DEBUG   | dpfl.core.base_simulator | Update norms — honest: ['9.04', '4.46', '4.83', '7.52', '5.36'], attacker: ['134092.91', '131068.27', '150586.53', '165846.50', '122211.38']
2026-05-14 10:12:38 | INFO    | dpfl.core.base_simulator | Round  59/150 | Acc: 0.8776 | Loss: 0.4080 | eps_max: 5.32 eps_avg: 3.33 | P: 0.69 R: 1.00 F1: 0.94
2026-05-14 10:12:38 | DEBUG   | dpfl.core.base_simulator | Update norms — honest: ['8.59', '7.00', '5.79', '6.06', '8.43'], attacker: ['806760.25', '766113.12', '892645.06', '904377.44', '732115.62']
2026-05-14 10:12:40 | INFO    | dpfl.core.base_simulator | Round  60/150 | Acc: 0.8778 | Loss: 0.4074 | eps_max: 5.32 eps_avg: 3.38 | P: 0.68 R: 1.00 F1: 0.99
2026-05-14 10:12:40 | DEBUG   | dpfl.core.base_simulator | Update norms — honest: ['7.93', '6.25', '3.60', '6.09', '4.86'], attacker: ['5802706.00', '5541667.50', '6063585.00', '6226984.00', '5353381.00']
2026-05-14 10:12:42 | INFO    | dpfl.core.base_simulator | Round  61/150 | Acc: 0.8777 | Loss: 0.4076 | eps_max: 5.37 eps_avg: 3.40 | P: 0.97 R: 1.00 F1: 0.99
2026-05-14 10:12:42 | DEBUG   | dpfl.core.base_simulator | Update norms — honest: ['6.71', '2.93', '5.75', '6.47', '6.37'], attacker: ['34561480.00', '31518722.00', '32678528.00', '37200232.00', '35430484.00']
2026-05-14 10:12:44 | INFO    | dpfl.core.base_simulator | Round  62/150 | Acc: 0.8775 | Loss: 0.4083 | eps_max: 5.42 eps_avg: 3.46 | P: 0.63 R: 1.00 F1: 0.95
2026-05-14 10:12:44 | DEBUG   | dpfl.core.base_simulator | Update norms — honest: ['5.60', '5.78', '6.19', '6.26', '8.97'], attacker: ['242675856.00', '241951248.00', '247283232.00', '249565792.00', '241473072.00']
2026-05-14 10:12:46 | INFO    | dpfl.core.base_simulator | Round  63/150 | Acc: 0.8772 | Loss: 0.4085 | eps_max: 5.42 eps_avg: 3.54 | P: 0.70 R: 1.00 F1: 0.99
2026-05-14 10:12:46 | DEBUG   | dpfl.core.base_simulator | Update norms — honest: ['6.57', '5.80', '7.93', '5.34', '6.17'], attacker: ['1278028672.00', '1365882368.00', '1355553536.00', '1486752512.00', '1416448256.00']
2026-05-14 10:12:48 | INFO    | dpfl.core.base_simulator | Round  64/150 | Acc: 0.8771 | Loss: 0.4089 | eps_max: 5.42 eps_avg: 3.60 | P: 0.76 R: 1.00 F1: 0.97
2026-05-14 10:12:48 | DEBUG   | dpfl.core.base_simulator | Update norms — honest: ['5.17', '5.81', '5.54', '2.21', '4.52'], attacker: ['9608303616.00', '10036795392.00', '9866747904.00', '10119558144.00', '9881679872.00']
2026-05-14 10:12:50 | INFO    | dpfl.core.base_simulator | Round  65/150 | Acc: 0.8767 | Loss: 0.4095 | eps_max: 5.45 eps_avg: 3.68 | P: 0.80 R: 1.00 F1: 0.98
2026-05-14 10:12:50 | DEBUG   | dpfl.core.base_simulator | Update norms — honest: ['6.78', '7.31', '6.89', '5.88', '5.12'], attacker: ['52666322944.00', '61089554432.00', '55854358528.00', '60873883648.00', '62054227968.00']
2026-05-14 10:12:52 | INFO    | dpfl.core.base_simulator | Round  66/150 | Acc: 0.8765 | Loss: 0.4103 | eps_max: 5.52 eps_avg: 3.72 | P: 0.99 R: 1.00 F1: 0.99
2026-05-14 10:12:52 | DEBUG   | dpfl.core.base_simulator | Update norms — honest: ['4.71', '3.72', '7.74', '5.74', '4.73'], attacker: ['406813835264.00', '430878883840.00', '411273723904.00', '425202024448.00', '416428130304.00']
2026-05-14 10:12:53 | INFO    | dpfl.core.base_simulator | Round  67/150 | Acc: 0.8761 | Loss: 0.4111 | eps_max: 5.64 eps_avg: 3.77 | P: 0.77 R: 1.00 F1: 1.00
2026-05-14 10:12:53 | DEBUG   | dpfl.core.base_simulator | Update norms — honest: ['6.24', '7.22', '7.37', '6.11', '4.43'], attacker: ['2510613905408.00', '2549815181312.00', '2561635516416.00', '2592820690944.00', '2578587582464.00']
2026-05-14 10:12:55 | INFO    | dpfl.core.base_simulator | Round  68/150 | Acc: 0.8759 | Loss: 0.4121 | eps_max: 5.64 eps_avg: 3.87 | P: 0.79 R: 1.00 F1: 0.99
2026-05-14 10:12:55 | DEBUG   | dpfl.core.base_simulator | Update norms — honest: ['5.78', '7.76', '6.80', '4.26', '5.57'], attacker: ['16366152187904.00', '16779018502144.00', '16502248964096.00', '16642874540032.00', '16900916510720.00']
2026-05-14 10:12:57 | INFO    | dpfl.core.base_simulator | Round  69/150 | Acc: 0.8755 | Loss: 0.4132 | eps_max: 5.83 eps_avg: 3.96 | P: 0.84 R: 1.00 F1: 0.93
2026-05-14 10:12:57 | DEBUG   | dpfl.core.base_simulator | Update norms — honest: ['5.76', '6.28', '4.61', '7.80', '6.66'], attacker: ['103967275089920.00', '103260828467200.00', '104793796247552.00', '98973041819648.00', '103736059887616.00']
2026-05-14 10:12:59 | INFO    | dpfl.core.base_simulator | Round  70/150 | Acc: 0.8760 | Loss: 0.4119 | eps_max: 5.83 eps_avg: 3.99 | P: 0.99 R: 1.00 F1: 0.99
2026-05-14 10:12:59 | DEBUG   | dpfl.core.base_simulator | Update norms — honest: ['2.55', '3.84', '6.03', '5.72', '4.17'], attacker: ['671679600656384.00', '649071698116608.00', '668979005751296.00', '657694851596288.00', '681603793682432.00']
2026-05-14 10:13:01 | INFO    | dpfl.core.base_simulator | Round  71/150 | Acc: 0.8761 | Loss: 0.4114 | eps_max: 5.83 eps_avg: 4.02 | P: 0.50 R: 1.00 F1: 1.00
2026-05-14 10:13:01 | DEBUG   | dpfl.core.base_simulator | Update norms — honest: ['6.13', '7.14', '6.59', '6.89', '7.76'], attacker: ['4176005023399936.00', '4042622934974464.00', '4260801636466688.00', '3998980698537984.00', '3611308628901888.00']
2026-05-14 10:13:02 | INFO    | dpfl.core.base_simulator | Round  72/150 | Acc: 0.8760 | Loss: 0.4118 | eps_max: 6.03 eps_avg: 4.06 | P: 0.89 R: 1.00 F1: 0.90
2026-05-14 10:13:02 | DEBUG   | dpfl.core.base_simulator | Update norms — honest: ['6.29', '5.47', '4.73', '7.58', '4.01'], attacker: ['27527869181722624.00', '26642356446953472.00', '27718151265320960.00', '26152940628606976.00', '27510392959795200.00']
2026-05-14 10:13:04 | INFO    | dpfl.core.base_simulator | Round  73/150 | Acc: 0.8761 | Loss: 0.4118 | eps_max: 6.03 eps_avg: 4.12 | P: 0.72 R: 1.00 F1: 0.99
2026-05-14 10:13:04 | DEBUG   | dpfl.core.base_simulator | Update norms — honest: ['6.88', '7.59', '4.40', '6.83', '7.78'], attacker: ['163747998981947392.00', '163992245182136320.00', '171871568845078528.00', '155703628315754496.00', '141457376413745152.00']
2026-05-14 10:13:07 | INFO    | dpfl.core.base_simulator | Round  74/150 | Acc: 0.8753 | Loss: 0.4140 | eps_max: 6.03 eps_avg: 4.19 | P: 0.78 R: 1.00 F1: 0.99
2026-05-14 10:13:07 | DEBUG   | dpfl.core.base_simulator | Update norms — honest: ['7.51', '6.55', '5.00', '7.50', '5.03'], attacker: ['1096328679052541952.00', '1061456362107568128.00', '1071932302738587648.00', '1037702306742665216.00', '1106876019219890176.00']
2026-05-14 10:13:09 | INFO    | dpfl.core.base_simulator | Round  75/150 | Acc: 0.8753 | Loss: 0.4146 | eps_max: 6.03 eps_avg: 4.26 | P: 0.86 R: 1.00 F1: 0.95
2026-05-14 10:13:09 | DEBUG   | dpfl.core.base_simulator | Update norms — honest: ['4.43', '6.29', '8.73', '6.53', '5.63'], attacker: ['6794659152992927744.00', '6558635238195462144.00', '6506603049434218496.00', '6090089902890811392.00', '5738000441153683456.00']
2026-05-14 10:13:11 | INFO    | dpfl.core.base_simulator | Round  76/150 | Acc: 0.8751 | Loss: 0.4150 | eps_max: 6.03 eps_avg: 4.30 | P: 0.79 R: 1.00 F1: 0.98
2026-05-14 10:13:11 | DEBUG   | dpfl.core.base_simulator | Update norms — honest: ['8.04', '5.79', '7.26', '5.85', '5.52'], attacker: ['nan', 'nan', 'nan', 'nan', 'nan']
2026-05-14 10:13:12 | INFO    | dpfl.core.base_simulator | Round  77/150 | Acc: 0.8748 | Loss: 0.4162 | eps_max: 6.25 eps_avg: 4.36 | P: 0.68 R: 1.00 F1: 0.98
2026-05-14 10:13:12 | DEBUG   | dpfl.core.base_simulator | Update norms — honest: ['5.82', '8.05', '6.08', '7.82', '5.75'], attacker: ['nan', 'nan', 'nan', 'nan', 'nan']
2026-05-14 10:13:14 | INFO    | dpfl.core.base_simulator | Round  78/150 | Acc: 0.8746 | Loss: 0.4173 | eps_max: 6.25 eps_avg: 4.42 | P: 0.58 R: 1.00 F1: 1.00
2026-05-14 10:13:14 | DEBUG   | dpfl.core.base_simulator | Update norms — honest: ['6.63', '6.01', '5.71', '6.47', '5.41'], attacker: ['nan', 'nan', 'nan', 'nan', 'nan']
2026-05-14 10:13:16 | INFO    | dpfl.core.base_simulator | Round  79/150 | Acc: 0.8745 | Loss: 0.4177 | eps_max: 6.30 eps_avg: 4.45 | P: 0.98 R: 1.00 F1: 0.99
2026-05-14 10:13:16 | DEBUG   | dpfl.core.base_simulator | Update norms — honest: ['6.70', '7.04', '7.17', '7.60', '5.79'], attacker: ['nan', 'nan', 'nan', 'nan', 'nan']
2026-05-14 10:13:18 | INFO    | dpfl.core.base_simulator | Round  80/150 | Acc: 0.8744 | Loss: 0.4182 | eps_max: 6.30 eps_avg: 4.51 | P: 0.92 R: 1.00 F1: 0.95
2026-05-14 10:13:18 | DEBUG   | dpfl.core.base_simulator | Update norms — honest: ['5.78', '7.48', '5.72', '4.92', '5.73'], attacker: ['nan', 'nan', 'nan', 'nan', 'nan']
2026-05-14 10:13:19 | INFO    | dpfl.core.base_simulator | Round  81/150 | Acc: 0.8741 | Loss: 0.4198 | eps_max: 6.30 eps_avg: 4.56 | P: 0.79 R: 1.00 F1: 0.97
2026-05-14 10:13:19 | DEBUG   | dpfl.core.base_simulator | Update norms — honest: ['5.92', '5.83', '6.91', '6.85', '4.77'], attacker: ['nan', 'nan', 'nan', 'nan', 'nan']
2026-05-14 10:13:21 | INFO    | dpfl.core.base_simulator | Round  82/150 | Acc: 0.8742 | Loss: 0.4193 | eps_max: 6.30 eps_avg: 4.60 | P: 0.79 R: 1.00 F1: 0.96
2026-05-14 10:13:21 | DEBUG   | dpfl.core.base_simulator | Update norms — honest: ['4.92', '5.34', '3.23', '8.51', '7.22'], attacker: ['nan', 'nan', 'nan', 'nan', 'nan']
2026-05-14 10:13:22 | INFO    | dpfl.core.base_simulator | Round  83/150 | Acc: 0.8745 | Loss: 0.4187 | eps_max: 6.30 eps_avg: 4.62 | P: 0.98 R: 1.00 F1: 0.99
2026-05-14 10:13:22 | DEBUG   | dpfl.core.base_simulator | Update norms — honest: ['5.74', '6.28', '5.54', '8.19', '4.86'], attacker: ['nan', 'nan', 'nan', 'nan', 'nan']
2026-05-14 10:13:24 | INFO    | dpfl.core.base_simulator | Round  84/150 | Acc: 0.8739 | Loss: 0.4212 | eps_max: 6.30 eps_avg: 4.66 | P: 0.83 R: 1.00 F1: 1.00
2026-05-14 10:13:24 | DEBUG   | dpfl.core.base_simulator | Update norms — honest: ['7.28', '7.48', '7.24', '5.93', '7.73'], attacker: ['nan', 'nan', 'nan', 'nan', 'nan']
2026-05-14 10:13:26 | INFO    | dpfl.core.base_simulator | Round  85/150 | Acc: 0.8738 | Loss: 0.4216 | eps_max: 6.30 eps_avg: 4.70 | P: 0.85 R: 1.00 F1: 0.93
2026-05-14 10:13:26 | DEBUG   | dpfl.core.base_simulator | Update norms — honest: ['4.89', '6.68', '8.64', '5.24', '6.77'], attacker: ['nan', 'nan', 'nan', 'nan', 'nan']
2026-05-14 10:13:27 | INFO    | dpfl.core.base_simulator | Round  86/150 | Acc: 0.8740 | Loss: 0.4212 | eps_max: 6.30 eps_avg: 4.74 | P: 0.49 R: 1.00 F1: 0.99
2026-05-14 10:13:27 | DEBUG   | dpfl.core.base_simulator | Update norms — honest: ['7.89', '7.55', '4.98', '5.43', '7.08'], attacker: ['nan', 'nan', 'nan', 'nan', 'nan']
2026-05-14 10:13:29 | INFO    | dpfl.core.base_simulator | Round  87/150 | Acc: 0.8737 | Loss: 0.4225 | eps_max: 6.30 eps_avg: 4.76 | P: 0.86 R: 1.00 F1: 0.98
2026-05-14 10:13:29 | DEBUG   | dpfl.core.base_simulator | Update norms — honest: ['5.12', '6.02', '6.47', '5.93', '6.88'], attacker: ['nan', 'nan', 'nan', 'nan', 'nan']
2026-05-14 10:13:30 | INFO    | dpfl.core.base_simulator | Round  88/150 | Acc: 0.8738 | Loss: 0.4225 | eps_max: 6.72 eps_avg: 4.80 | P: 0.87 R: 1.00 F1: 0.98
2026-05-14 10:13:30 | DEBUG   | dpfl.core.base_simulator | Update norms — honest: ['4.52', '4.09', '6.29', '3.08', '4.53'], attacker: ['nan', 'nan', 'nan', 'nan', 'nan']
2026-05-14 10:13:32 | INFO    | dpfl.core.base_simulator | Round  89/150 | Acc: 0.8735 | Loss: 0.4240 | eps_max: 6.72 eps_avg: 4.83 | P: 1.00 R: 1.00 F1: 1.00
2026-05-14 10:13:32 | DEBUG   | dpfl.core.base_simulator | Update norms — honest: ['7.39', '4.98', '6.40', '5.18', '5.37'], attacker: ['nan', 'nan', 'nan', 'nan', 'nan']
2026-05-14 10:13:33 | INFO    | dpfl.core.base_simulator | Round  90/150 | Acc: 0.8736 | Loss: 0.4240 | eps_max: 6.72 eps_avg: 4.87 | P: 0.86 R: 1.00 F1: 0.96
2026-05-14 10:13:33 | DEBUG   | dpfl.core.base_simulator | Update norms — honest: ['5.67', '7.23', '5.77', '4.39', '5.91'], attacker: ['nan', 'nan', 'nan', 'nan', 'nan']
2026-05-14 10:13:36 | INFO    | dpfl.core.base_simulator | Round  91/150 | Acc: 0.8731 | Loss: 0.4261 | eps_max: 7.00 eps_avg: 4.95 | P: 0.74 R: 1.00 F1: 0.98
2026-05-14 10:13:36 | DEBUG   | dpfl.core.base_simulator | Update norms — honest: ['6.09', '8.31', '4.89', '7.32', '6.36'], attacker: ['nan', 'nan', 'nan', 'nan', 'nan']
2026-05-14 10:13:37 | INFO    | dpfl.core.base_simulator | Round  92/150 | Acc: 0.8734 | Loss: 0.4255 | eps_max: 7.00 eps_avg: 4.98 | P: 0.49 R: 1.00 F1: 0.80
2026-05-14 10:13:37 | DEBUG   | dpfl.core.base_simulator | Update norms — honest: ['6.15', '7.04', '7.54', '5.82', '6.76'], attacker: ['nan', 'nan', 'nan', 'nan', 'nan']
2026-05-14 10:13:39 | INFO    | dpfl.core.base_simulator | Round  93/150 | Acc: 0.8730 | Loss: 0.4272 | eps_max: 7.00 eps_avg: 5.01 | P: 0.59 R: 1.00 F1: 0.89
2026-05-14 10:13:39 | DEBUG   | dpfl.core.base_simulator | Update norms — honest: ['5.77', '7.23', '5.53', '7.62', '4.04'], attacker: ['nan', 'nan', 'nan', 'nan', 'nan']
2026-05-14 10:13:41 | INFO    | dpfl.core.base_simulator | Round  94/150 | Acc: 0.8726 | Loss: 0.4294 | eps_max: 7.37 eps_avg: 5.05 | P: 0.86 R: 1.00 F1: 0.97
2026-05-14 10:13:41 | DEBUG   | dpfl.core.base_simulator | Update norms — honest: ['6.40', '8.38', '8.13', '5.11', '6.39'], attacker: ['nan', 'nan', 'nan', 'nan', 'nan']
2026-05-14 10:13:42 | INFO    | dpfl.core.base_simulator | Round  95/150 | Acc: 0.8726 | Loss: 0.4297 | eps_max: 7.37 eps_avg: 5.08 | P: 0.97 R: 1.00 F1: 0.98
2026-05-14 10:13:42 | DEBUG   | dpfl.core.base_simulator | Update norms — honest: ['6.91', '6.75', '5.13', '5.79', '6.16'], attacker: ['nan', 'nan', 'nan', 'nan', 'nan']
2026-05-14 10:13:44 | INFO    | dpfl.core.base_simulator | Round  96/150 | Acc: 0.8722 | Loss: 0.4311 | eps_max: 7.37 eps_avg: 5.14 | P: 0.73 R: 1.00 F1: 0.94
2026-05-14 10:13:44 | DEBUG   | dpfl.core.base_simulator | Update norms — honest: ['5.12', '8.19', '5.78', '6.13', '4.53'], attacker: ['nan', 'nan', 'nan', 'nan', 'nan']
2026-05-14 10:13:47 | INFO    | dpfl.core.base_simulator | Round  97/150 | Acc: 0.8717 | Loss: 0.4334 | eps_max: 7.49 eps_avg: 5.18 | P: 0.84 R: 1.00 F1: 0.92
2026-05-14 10:13:47 | DEBUG   | dpfl.core.base_simulator | Update norms — honest: ['6.24', '5.36', '6.07', '5.37', '5.17'], attacker: ['nan', 'nan', 'nan', 'nan', 'nan']
2026-05-14 10:13:49 | INFO    | dpfl.core.base_simulator | Round  98/150 | Acc: 0.8717 | Loss: 0.4341 | eps_max: 7.49 eps_avg: 5.23 | P: 0.75 R: 1.00 F1: 0.98
2026-05-14 10:13:49 | DEBUG   | dpfl.core.base_simulator | Update norms — honest: ['6.22', '5.97', '3.37', '7.11', '4.85'], attacker: ['nan', 'nan', 'nan', 'nan', 'nan']
2026-05-14 10:13:50 | INFO    | dpfl.core.base_simulator | Round  99/150 | Acc: 0.8717 | Loss: 0.4343 | eps_max: 7.49 eps_avg: 5.25 | P: 0.89 R: 1.00 F1: 0.93
2026-05-14 10:13:50 | DEBUG   | dpfl.core.base_simulator | Update norms — honest: ['5.80', '6.75', '5.30', '4.72', '7.61'], attacker: ['nan', 'nan', 'nan', 'nan', 'nan']
2026-05-14 10:13:52 | INFO    | dpfl.core.base_simulator | Round 100/150 | Acc: 0.8719 | Loss: 0.4342 | eps_max: 7.49 eps_avg: 5.26 | P: 0.60 R: 1.00 F1: 0.90
2026-05-14 10:13:52 | DEBUG   | dpfl.core.base_simulator | Update norms — honest: ['7.11', '4.89', '6.11', '6.12', '5.98'], attacker: ['nan', 'nan', 'nan', 'nan', 'nan']
2026-05-14 10:13:54 | INFO    | dpfl.core.base_simulator | Round 101/150 | Acc: 0.8715 | Loss: 0.4358 | eps_max: 7.49 eps_avg: 5.29 | P: 0.66 R: 1.00 F1: 0.99
2026-05-14 10:13:54 | DEBUG   | dpfl.core.base_simulator | Update norms — honest: ['8.25', '6.90', '7.80', '7.42', '6.30'], attacker: ['nan', 'nan', 'nan', 'nan', 'nan']
2026-05-14 10:13:55 | INFO    | dpfl.core.base_simulator | Round 102/150 | Acc: 0.8714 | Loss: 0.4364 | eps_max: 7.49 eps_avg: 5.32 | P: 0.84 R: 1.00 F1: 0.95
2026-05-14 10:13:55 | DEBUG   | dpfl.core.base_simulator | Update norms — honest: ['4.45', '4.36', '5.97', '5.82', '5.77'], attacker: ['nan', 'nan', 'nan', 'nan', 'nan']
2026-05-14 10:13:57 | INFO    | dpfl.core.base_simulator | Round 103/150 | Acc: 0.8709 | Loss: 0.4386 | eps_max: 7.49 eps_avg: 5.36 | P: 0.98 R: 1.00 F1: 0.99
2026-05-14 10:13:57 | DEBUG   | dpfl.core.base_simulator | Update norms — honest: ['5.99', '6.95', '5.29', '4.84', '5.99'], attacker: ['nan', 'nan', 'nan', 'nan', 'nan']
2026-05-14 10:13:59 | INFO    | dpfl.core.base_simulator | Round 104/150 | Acc: 0.8706 | Loss: 0.4400 | eps_max: 7.49 eps_avg: 5.41 | P: 0.82 R: 1.00 F1: 0.96
2026-05-14 10:13:59 | DEBUG   | dpfl.core.base_simulator | Update norms — honest: ['5.94', '5.79', '6.60', '6.06', '4.75'], attacker: ['nan', 'nan', 'nan', 'nan', 'nan']
2026-05-14 10:14:01 | INFO    | dpfl.core.base_simulator | Round 105/150 | Acc: 0.8707 | Loss: 0.4400 | eps_max: 7.49 eps_avg: 5.43 | P: 0.84 R: 1.00 F1: 0.94
2026-05-14 10:14:01 | DEBUG   | dpfl.core.base_simulator | Update norms — honest: ['5.25', '4.63', '0.68', '4.70', '6.98'], attacker: ['nan', 'nan', 'nan', 'nan', 'nan']
2026-05-14 10:14:02 | INFO    | dpfl.core.base_simulator | Round 106/150 | Acc: 0.8709 | Loss: 0.4399 | eps_max: 7.49 eps_avg: 5.45 | P: 0.76 R: 1.00 F1: 0.97
2026-05-14 10:14:02 | DEBUG   | dpfl.core.base_simulator | Update norms — honest: ['4.93', '6.01', '5.20', '8.65', '7.00'], attacker: ['nan', 'nan', 'nan', 'nan', 'nan']
2026-05-14 10:14:04 | INFO    | dpfl.core.base_simulator | Round 107/150 | Acc: 0.8703 | Loss: 0.4424 | eps_max: 7.49 eps_avg: 5.48 | P: 0.98 R: 1.00 F1: 0.99
2026-05-14 10:14:04 | DEBUG   | dpfl.core.base_simulator | Update norms — honest: ['7.68', '8.06', '7.07', '5.00', '4.71'], attacker: ['nan', 'nan', 'nan', 'nan', 'nan']
2026-05-14 10:14:06 | INFO    | dpfl.core.base_simulator | Round 108/150 | Acc: 0.8701 | Loss: 0.4439 | eps_max: 7.49 eps_avg: 5.50 | P: 0.73 R: 1.00 F1: 0.95
2026-05-14 10:14:06 | DEBUG   | dpfl.core.base_simulator | Update norms — honest: ['7.96', '6.70', '7.45', '6.70', '3.04'], attacker: ['nan', 'nan', 'nan', 'nan', 'nan']
2026-05-14 10:14:07 | INFO    | dpfl.core.base_simulator | Round 109/150 | Acc: 0.8698 | Loss: 0.4456 | eps_max: 7.49 eps_avg: 5.51 | P: 0.80 R: 1.00 F1: 1.00
2026-05-14 10:14:07 | DEBUG   | dpfl.core.base_simulator | Update norms — honest: ['6.46', '5.73', '6.36', '2.94', '5.69'], attacker: ['nan', 'nan', 'nan', 'nan', 'nan']
2026-05-14 10:14:10 | INFO    | dpfl.core.base_simulator | Round 110/150 | Acc: 0.8689 | Loss: 0.4494 | eps_max: 7.49 eps_avg: 5.57 | P: 0.82 R: 1.00 F1: 0.97
2026-05-14 10:14:10 | DEBUG   | dpfl.core.base_simulator | Update norms — honest: ['7.32', '6.87', '4.69', '7.59', '2.53'], attacker: ['nan', 'nan', 'nan', 'nan', 'nan']
2026-05-14 10:14:12 | INFO    | dpfl.core.base_simulator | Round 111/150 | Acc: 0.8684 | Loss: 0.4516 | eps_max: 7.49 eps_avg: 5.62 | P: 0.87 R: 1.00 F1: 0.96
2026-05-14 10:14:12 | DEBUG   | dpfl.core.base_simulator | Update norms — honest: ['6.73', '6.46', '7.02', '6.15', '6.34'], attacker: ['nan', 'nan', 'nan', 'nan', 'nan']
2026-05-14 10:14:14 | INFO    | dpfl.core.base_simulator | Round 112/150 | Acc: 0.8684 | Loss: 0.4522 | eps_max: 7.49 eps_avg: 5.64 | P: 0.74 R: 1.00 F1: 0.99
2026-05-14 10:14:14 | DEBUG   | dpfl.core.base_simulator | Update norms — honest: ['8.40', '5.32', '6.98', '7.33', '6.02'], attacker: ['nan', 'nan', 'nan', 'nan', 'nan']
2026-05-14 10:14:15 | INFO    | dpfl.core.base_simulator | Round 113/150 | Acc: 0.8685 | Loss: 0.4527 | eps_max: 7.49 eps_avg: 5.66 | P: 0.94 R: 1.00 F1: 0.97
2026-05-14 10:14:15 | DEBUG   | dpfl.core.base_simulator | Update norms — honest: ['7.13', '3.45', '6.43', '6.66', '5.47'], attacker: ['nan', 'nan', 'nan', 'nan', 'nan']
2026-05-14 10:14:17 | INFO    | dpfl.core.base_simulator | Round 114/150 | Acc: 0.8681 | Loss: 0.4547 | eps_max: 7.49 eps_avg: 5.69 | P: 0.81 R: 1.00 F1: 0.92
2026-05-14 10:14:17 | DEBUG   | dpfl.core.base_simulator | Update norms — honest: ['5.42', '7.55', '7.04', '5.12', '6.44'], attacker: ['nan', 'nan', 'nan', 'nan', 'nan']
2026-05-14 10:14:19 | INFO    | dpfl.core.base_simulator | Round 115/150 | Acc: 0.8678 | Loss: 0.4567 | eps_max: 7.49 eps_avg: 5.71 | P: 0.87 R: 1.00 F1: 1.00
2026-05-14 10:14:19 | DEBUG   | dpfl.core.base_simulator | Update norms — honest: ['5.98', '6.41', '4.42', '6.61', '4.69'], attacker: ['nan', 'nan', 'nan', 'nan', 'nan']
2026-05-14 10:14:20 | INFO    | dpfl.core.base_simulator | Round 116/150 | Acc: 0.8679 | Loss: 0.4570 | eps_max: 7.49 eps_avg: 5.74 | P: 0.69 R: 1.00 F1: 1.00
2026-05-14 10:14:20 | DEBUG   | dpfl.core.base_simulator | Update norms — honest: ['3.62', '5.68', '4.45', '5.75', '5.81'], attacker: ['nan', 'nan', 'nan', 'nan', 'nan']
2026-05-14 10:14:22 | INFO    | dpfl.core.base_simulator | Round 117/150 | Acc: 0.8669 | Loss: 0.4613 | eps_max: 7.57 eps_avg: 5.77 | P: 0.86 R: 1.00 F1: 0.98
2026-05-14 10:14:22 | DEBUG   | dpfl.core.base_simulator | Update norms — honest: ['6.88', '6.19', '6.17', '8.51', '6.79'], attacker: ['nan', 'nan', 'nan', 'nan', 'nan']
2026-05-14 10:14:24 | INFO    | dpfl.core.base_simulator | Round 118/150 | Acc: 0.8672 | Loss: 0.4610 | eps_max: 7.57 eps_avg: 5.80 | P: 0.57 R: 1.00 F1: 0.90
2026-05-14 10:14:24 | DEBUG   | dpfl.core.base_simulator | Update norms — honest: ['7.36', '6.93', '8.11', '4.47', '6.57'], attacker: ['nan', 'nan', 'nan', 'nan', 'nan']
2026-05-14 10:14:26 | INFO    | dpfl.core.base_simulator | Round 119/150 | Acc: 0.8661 | Loss: 0.4663 | eps_max: 7.57 eps_avg: 5.85 | P: 0.80 R: 1.00 F1: 0.97
2026-05-14 10:14:26 | DEBUG   | dpfl.core.base_simulator | Update norms — honest: ['7.10', '6.66', '5.99', '7.19', '6.37'], attacker: ['nan', 'nan', 'nan', 'nan', 'nan']
2026-05-14 10:14:28 | INFO    | dpfl.core.base_simulator | Round 120/150 | Acc: 0.8661 | Loss: 0.4670 | eps_max: 7.57 eps_avg: 5.88 | P: 0.74 R: 1.00 F1: 0.96
2026-05-14 10:14:28 | DEBUG   | dpfl.core.base_simulator | Update norms — honest: ['6.39', '6.83', '8.01', '6.73', '6.99'], attacker: ['nan', 'nan', 'nan', 'nan', 'nan']
2026-05-14 10:14:30 | INFO    | dpfl.core.base_simulator | Round 121/150 | Acc: 0.8654 | Loss: 0.4706 | eps_max: 7.57 eps_avg: 5.91 | P: 0.76 R: 1.00 F1: 0.98
2026-05-14 10:14:30 | DEBUG   | dpfl.core.base_simulator | Update norms — honest: ['7.96', '6.69', '6.06', '5.16', '5.94'], attacker: ['nan', 'nan', 'nan', 'nan', 'nan']
2026-05-14 10:14:32 | INFO    | dpfl.core.base_simulator | Round 122/150 | Acc: 0.8652 | Loss: 0.4723 | eps_max: 7.57 eps_avg: 5.93 | P: 0.76 R: 1.00 F1: 0.98
2026-05-14 10:14:32 | DEBUG   | dpfl.core.base_simulator | Update norms — honest: ['7.79', '6.61', '6.55', '7.11', '5.33'], attacker: ['nan', 'nan', 'nan', 'nan', 'nan']
2026-05-14 10:14:34 | INFO    | dpfl.core.base_simulator | Round 123/150 | Acc: 0.8654 | Loss: 0.4725 | eps_max: 7.57 eps_avg: 5.95 | P: 0.65 R: 1.00 F1: 0.96
2026-05-14 10:14:34 | DEBUG   | dpfl.core.base_simulator | Update norms — honest: ['6.99', '8.43', '6.09', '5.34', '6.13'], attacker: ['nan', 'nan', 'nan', 'nan', 'nan']
2026-05-14 10:14:35 | INFO    | dpfl.core.base_simulator | Round 124/150 | Acc: 0.8654 | Loss: 0.4734 | eps_max: 7.57 eps_avg: 5.96 | P: 0.71 R: 1.00 F1: 1.00
2026-05-14 10:14:35 | DEBUG   | dpfl.core.base_simulator | Update norms — honest: ['7.67', '4.76', '7.67', '2.35', '7.21'], attacker: ['nan', 'nan', 'nan', 'nan', 'nan']
2026-05-14 10:14:37 | INFO    | dpfl.core.base_simulator | Round 125/150 | Acc: 0.8657 | Loss: 0.4734 | eps_max: 7.57 eps_avg: 5.97 | P: 0.71 R: 1.00 F1: 1.00
2026-05-14 10:14:37 | DEBUG   | dpfl.core.base_simulator | Update norms — honest: ['7.15', '4.37', '0.00', '6.77', '5.41'], attacker: ['nan', 'nan', 'nan', 'nan', 'nan']
2026-05-14 10:14:39 | INFO    | dpfl.core.base_simulator | Round 126/150 | Acc: 0.8652 | Loss: 0.4759 | eps_max: 7.57 eps_avg: 5.99 | P: 0.91 R: 1.00 F1: 0.99
2026-05-14 10:14:39 | DEBUG   | dpfl.core.base_simulator | Update norms — honest: ['5.86', '4.68', '4.90', '7.60', '5.78'], attacker: ['nan', 'nan', 'nan', 'nan', 'nan']
2026-05-14 10:14:40 | INFO    | dpfl.core.base_simulator | Round 127/150 | Acc: 0.8654 | Loss: 0.4760 | eps_max: 7.57 eps_avg: 6.00 | P: 0.94 R: 1.00 F1: 0.97
2026-05-14 10:14:40 | DEBUG   | dpfl.core.base_simulator | Update norms — honest: ['7.01', '3.93', '7.35', '5.85', '7.43'], attacker: ['nan', 'nan', 'nan', 'nan', 'nan']
2026-05-14 10:14:42 | INFO    | dpfl.core.base_simulator | Round 128/150 | Acc: 0.8649 | Loss: 0.4792 | eps_max: 7.57 eps_avg: 6.03 | P: 0.67 R: 1.00 F1: 0.92
2026-05-14 10:14:42 | DEBUG   | dpfl.core.base_simulator | Update norms — honest: ['8.54', '7.19', '6.23', '7.28', '4.85'], attacker: ['nan', 'nan', 'nan', 'nan', 'nan']
2026-05-14 10:14:43 | INFO    | dpfl.core.base_simulator | Round 129/150 | Acc: 0.8651 | Loss: 0.4790 | eps_max: 7.57 eps_avg: 6.05 | P: 0.78 R: 1.00 F1: 0.89
2026-05-14 10:14:43 | DEBUG   | dpfl.core.base_simulator | Update norms — honest: ['5.19', '5.20', '5.70', '5.22', '2.07'], attacker: ['nan', 'nan', 'nan', 'nan', 'nan']
2026-05-14 10:14:45 | INFO    | dpfl.core.base_simulator | Round 130/150 | Acc: 0.8644 | Loss: 0.4824 | eps_max: 7.66 eps_avg: 6.08 | P: 0.92 R: 1.00 F1: 1.00
2026-05-14 10:14:45 | DEBUG   | dpfl.core.base_simulator | Update norms — honest: ['6.26', '5.26', '4.84', '5.93', '5.24'], attacker: ['nan', 'nan', 'nan', 'nan', 'nan']
2026-05-14 10:14:47 | INFO    | dpfl.core.base_simulator | Round 131/150 | Acc: 0.8644 | Loss: 0.4839 | eps_max: 7.66 eps_avg: 6.10 | P: 0.98 R: 1.00 F1: 0.99
2026-05-14 10:14:47 | DEBUG   | dpfl.core.base_simulator | Update norms — honest: ['2.70', '8.29', '3.59', '4.99', '7.48'], attacker: ['nan', 'nan', 'nan', 'nan', 'nan']
2026-05-14 10:14:48 | INFO    | dpfl.core.base_simulator | Round 132/150 | Acc: 0.8643 | Loss: 0.4854 | eps_max: 7.66 eps_avg: 6.11 | P: 0.99 R: 1.00 F1: 0.99
2026-05-14 10:14:48 | DEBUG   | dpfl.core.base_simulator | Update norms — honest: ['6.00', '5.54', '5.72', '4.70', '6.45'], attacker: ['nan', 'nan', 'nan', 'nan', 'nan']
2026-05-14 10:14:50 | INFO    | dpfl.core.base_simulator | Round 133/150 | Acc: 0.8639 | Loss: 0.4876 | eps_max: 7.71 eps_avg: 6.14 | P: 0.71 R: 1.00 F1: 0.92
2026-05-14 10:14:50 | DEBUG   | dpfl.core.base_simulator | Update norms — honest: ['5.11', '6.62', '6.07', '5.22', '7.89'], attacker: ['nan', 'nan', 'nan', 'nan', 'nan']
2026-05-14 10:14:52 | INFO    | dpfl.core.base_simulator | Round 134/150 | Acc: 0.8636 | Loss: 0.4895 | eps_max: 7.73 eps_avg: 6.16 | P: 0.77 R: 1.00 F1: 0.95
2026-05-14 10:14:52 | DEBUG   | dpfl.core.base_simulator | Update norms — honest: ['6.92', '7.70', '4.87', '5.72', '6.61'], attacker: ['nan', 'nan', 'nan', 'nan', 'nan']
2026-05-14 10:14:54 | INFO    | dpfl.core.base_simulator | Round 135/150 | Acc: 0.8632 | Loss: 0.4926 | eps_max: 7.73 eps_avg: 6.19 | P: 0.84 R: 1.00 F1: 0.99
2026-05-14 10:14:54 | DEBUG   | dpfl.core.base_simulator | Update norms — honest: ['4.99', '5.82', '5.95', '5.77', '7.46'], attacker: ['nan', 'nan', 'nan', 'nan', 'nan']
2026-05-14 10:14:55 | INFO    | dpfl.core.base_simulator | Round 136/150 | Acc: 0.8630 | Loss: 0.4941 | eps_max: 7.73 eps_avg: 6.21 | P: 0.78 R: 1.00 F1: 0.99
2026-05-14 10:14:55 | DEBUG   | dpfl.core.base_simulator | Update norms — honest: ['5.11', '7.83', '7.22', '5.25', '6.26'], attacker: ['nan', 'nan', 'nan', 'nan', 'nan']
2026-05-14 10:14:57 | INFO    | dpfl.core.base_simulator | Round 137/150 | Acc: 0.8632 | Loss: 0.4949 | eps_max: 7.79 eps_avg: 6.22 | P: 0.88 R: 1.00 F1: 0.99
2026-05-14 10:14:57 | DEBUG   | dpfl.core.base_simulator | Update norms — honest: ['5.76', '5.53', '4.97', '5.44', '1.17'], attacker: ['nan', 'nan', 'nan', 'nan', 'nan']
2026-05-14 10:14:59 | INFO    | dpfl.core.base_simulator | Round 138/150 | Acc: 0.8627 | Loss: 0.4990 | eps_max: 7.92 eps_avg: 6.24 | P: 0.91 R: 1.00 F1: 0.99
2026-05-14 10:14:59 | DEBUG   | dpfl.core.base_simulator | Update norms — honest: ['7.28', '6.65', '7.70', '5.71', '5.47'], attacker: ['nan', 'nan', 'nan', 'nan', 'nan']
2026-05-14 10:15:01 | INFO    | dpfl.core.base_simulator | Round 139/150 | Acc: 0.8625 | Loss: 0.5001 | eps_max: 7.92 eps_avg: 6.26 | P: 0.73 R: 1.00 F1: 0.99
2026-05-14 10:15:01 | DEBUG   | dpfl.core.base_simulator | Update norms — honest: ['7.09', '5.36', '7.44', '4.87', '4.89'], attacker: ['nan', 'nan', 'nan', 'nan', 'nan']
2026-05-14 10:15:03 | INFO    | dpfl.core.base_simulator | Round 140/150 | Acc: 0.8623 | Loss: 0.5015 | eps_max: 7.92 eps_avg: 6.28 | P: 0.76 R: 1.00 F1: 0.97
2026-05-14 10:15:03 | DEBUG   | dpfl.core.base_simulator | Update norms — honest: ['6.58', '8.25', '6.86', '6.43', '6.95'], attacker: ['nan', 'nan', 'nan', 'nan', 'nan']
2026-05-14 10:15:04 | INFO    | dpfl.core.base_simulator | Round 141/150 | Acc: 0.8625 | Loss: 0.5016 | eps_max: 7.92 eps_avg: 6.30 | P: 0.48 R: 1.00 F1: 0.90
2026-05-14 10:15:04 | DEBUG   | dpfl.core.base_simulator | Update norms — honest: ['5.67', '5.15', '4.64', '4.67', '7.17'], attacker: ['nan', 'nan', 'nan', 'nan', 'nan']
2026-05-14 10:15:06 | INFO    | dpfl.core.base_simulator | Round 142/150 | Acc: 0.8620 | Loss: 0.5055 | eps_max: 8.04 eps_avg: 6.32 | P: 0.86 R: 1.00 F1: 0.90
2026-05-14 10:15:06 | DEBUG   | dpfl.core.base_simulator | Update norms — honest: ['7.32', '6.93', '8.73', '4.74', '7.13'], attacker: ['nan', 'nan', 'nan', 'nan', 'nan']
2026-05-14 10:15:06 | WARNING | dpfl.algorithms.noise_game.simulator | Round 142/150 | Budget exceeded (eps_max=8.04 > 8.00)
2026-05-14 10:15:08 | INFO    | dpfl | Experiment complete in 762.1s
============================================================
REPORT: DP-SGD Decentralized Federated Learning
============================================================
Timestamp:                  20260514_100224
Rounds completed:           142
Attack-active rounds:       92  (from round 50)
Final accuracy:             0.8620
Final test loss:            0.5055
Final epsilon (max honest): 8.04
Final epsilon (avg honest): 6.32
Best alpha:                 1000.0
Avg precision:              0.7774
Avg recall:                 0.9856
Avg F1 score:               0.9521
Avg update norm (honest):   6.6972
Avg update norm (attacker): nan

eps_system (max honest): 8.0432
eps_avg (honest):        6.3183
eps_std (honest):        0.9625
n_frozen:                0/300
============================================================
