2026-05-14 12:50:31 | INFO    | dpfl | Experiment start: algorithm=noise_game, dataset=fashion_mnist, model=mlp, device=cuda
2026-05-14 12:50:31 | INFO    | dpfl | Config: nodes=500, attackers=200, rounds=150, noise_mode=none, attack=scale
2026-05-14 12:50:31 | INFO    | dpfl.data.fashion_mnist_dataset | Loading Fashion-MNIST dataset...
2026-05-14 12:50:31 | INFO    | dpfl.data.fashion_mnist_dataset | Fashion-MNIST loaded: 60000 train, 10000 test samples
2026-05-14 12:52:51 | INFO    | dpfl.core.base_simulator | Vectorized state ready: param_spec.D=50890, X_test=(10000, 1, 28, 28), train clients N=500, max_n_samples=1000
2026-05-14 12:52:51 | INFO    | dpfl.core.base_simulator | Setup complete: 500 nodes (200 attackers), param_dim=50890, split=iid
2026-05-14 12:52:51 | DEBUG   | dpfl.core.base_simulator | Attacker IDs: {0, 1, 2, 3, 4, 5, 6, 7, 8, 9, 10, 11, 12, 13, 14, 15, 16, 17, 18, 19, 20, 21, 22, 23, 24, 25, 26, 27, 28, 29, 30, 31, 32, 33, 34, 35, 36, 37, 38, 39, 40, 41, 42, 43, 44, 45, 46, 47, 48, 49, 50, 51, 52, 53, 54, 55, 56, 57, 58, 59, 60, 61, 62, 63, 64, 65, 66, 67, 68, 69, 70, 71, 72, 73, 74, 75, 76, 77, 78, 79, 80, 81, 82, 83, 84, 85, 86, 87, 88, 89, 90, 91, 92, 93, 94, 95, 96, 97, 98, 99, 100, 101, 102, 103, 104, 105, 106, 107, 108, 109, 110, 111, 112, 113, 114, 115, 116, 117, 118, 119, 120, 121, 122, 123, 124, 125, 126, 127, 128, 129, 130, 131, 132, 133, 134, 135, 136, 137, 138, 139, 140, 141, 142, 143, 144, 145, 146, 147, 148, 149, 150, 151, 152, 153, 154, 155, 156, 157, 158, 159, 160, 161, 162, 163, 164, 165, 166, 167, 168, 169, 170, 171, 172, 173, 174, 175, 176, 177, 178, 179, 180, 181, 182, 183, 184, 185, 186, 187, 188, 189, 190, 191, 192, 193, 194, 195, 196, 197, 198, 199}
2026-05-14 12:53:00 | INFO    | dpfl.core.base_simulator | Round   1/150 | Acc: 0.4581 | Loss: 1.9725 | eps_max: 1.91 eps_avg: 0.79 | P: nan R: nan F1: nan
2026-05-14 12:53:00 | DEBUG   | dpfl.core.base_simulator | Update norms — honest: ['0.56', '0.56', '0.56', '0.56', '0.57'], attacker: ['0.56', '0.57', '0.57', '0.56', '0.56']
2026-05-14 12:53:06 | INFO    | dpfl.core.base_simulator | Round   2/150 | Acc: 0.5717 | Loss: 1.7057 | eps_max: 1.95 eps_avg: 0.86 | P: nan R: nan F1: nan
2026-05-14 12:53:06 | DEBUG   | dpfl.core.base_simulator | Update norms — honest: ['0.56', '0.56', '0.56', '0.56', '0.56'], attacker: ['0.95', '0.97', '0.97', '0.96', '0.97']
2026-05-14 12:53:14 | INFO    | dpfl.core.base_simulator | Round   3/150 | Acc: 0.6214 | Loss: 1.4811 | eps_max: 2.06 eps_avg: 0.95 | P: nan R: nan F1: nan
2026-05-14 12:53:14 | DEBUG   | dpfl.core.base_simulator | Update norms — honest: ['0.55', '0.55', '0.55', '0.55', '0.55'], attacker: ['1.53', '1.51', '1.53', '1.55', '1.52']
2026-05-14 12:53:20 | INFO    | dpfl.core.base_simulator | Round   4/150 | Acc: 0.6507 | Loss: 1.3050 | eps_max: 2.22 eps_avg: 1.08 | P: nan R: nan F1: nan
2026-05-14 12:53:20 | DEBUG   | dpfl.core.base_simulator | Update norms — honest: ['0.55', '0.54', '0.55', '0.54', '0.55'], attacker: ['2.02', '2.04', '2.02', '2.04', '2.03']
2026-05-14 12:53:28 | INFO    | dpfl.core.base_simulator | Round   5/150 | Acc: 0.6730 | Loss: 1.1756 | eps_max: 2.42 eps_avg: 1.20 | P: nan R: nan F1: nan
2026-05-14 12:53:28 | DEBUG   | dpfl.core.base_simulator | Update norms — honest: ['0.54', '0.54', '0.54', '0.54', '0.54'], attacker: ['2.47', '2.49', '2.44', '2.42', '2.47']
2026-05-14 12:53:35 | INFO    | dpfl.core.base_simulator | Round   6/150 | Acc: 0.6906 | Loss: 1.0815 | eps_max: 2.46 eps_avg: 1.26 | P: nan R: nan F1: nan
2026-05-14 12:53:35 | DEBUG   | dpfl.core.base_simulator | Update norms — honest: ['0.54', '1.02', '1.02', '0.53', '1.02'], attacker: ['2.86', '2.92', '2.86', '2.87', '2.90']
2026-05-14 12:53:42 | INFO    | dpfl.core.base_simulator | Round   7/150 | Acc: 0.7022 | Loss: 1.0112 | eps_max: 2.51 eps_avg: 1.33 | P: nan R: nan F1: nan
2026-05-14 12:53:42 | DEBUG   | dpfl.core.base_simulator | Update norms — honest: ['0.97', '0.53', '0.89', '0.53', '0.53'], attacker: ['3.26', '3.29', '3.27', '3.22', '3.26']
2026-05-14 12:53:49 | INFO    | dpfl.core.base_simulator | Round   8/150 | Acc: 0.7103 | Loss: 0.9573 | eps_max: 2.57 eps_avg: 1.41 | P: nan R: nan F1: nan
2026-05-14 12:53:49 | DEBUG   | dpfl.core.base_simulator | Update norms — honest: ['0.53', '0.91', '0.83', '0.53', '0.52'], attacker: ['3.68', '3.54', '3.54', '3.64', '3.52']
2026-05-14 12:53:56 | INFO    | dpfl.core.base_simulator | Round   9/150 | Acc: 0.7165 | Loss: 0.9145 | eps_max: 2.63 eps_avg: 1.49 | P: nan R: nan F1: nan
2026-05-14 12:53:56 | DEBUG   | dpfl.core.base_simulator | Update norms — honest: ['0.52', '0.52', '0.93', '1.46', '0.52'], attacker: ['3.93', '3.86', '3.97', '3.99', '4.03']
2026-05-14 12:54:04 | INFO    | dpfl.core.base_simulator | Round  10/150 | Acc: 0.7226 | Loss: 0.8794 | eps_max: 2.69 eps_avg: 1.54 | P: nan R: nan F1: nan
2026-05-14 12:54:04 | DEBUG   | dpfl.core.base_simulator | Update norms — honest: ['0.84', '0.51', '0.75', '0.51', '0.72'], attacker: ['3.73', '4.23', '4.23', '4.33', '4.28']
2026-05-14 12:54:11 | INFO    | dpfl.core.base_simulator | Round  11/150 | Acc: 0.7276 | Loss: 0.8502 | eps_max: 2.74 eps_avg: 1.62 | P: nan R: nan F1: nan
2026-05-14 12:54:11 | DEBUG   | dpfl.core.base_simulator | Update norms — honest: ['0.51', '0.51', '0.93', '0.51', '0.51'], attacker: ['4.37', '4.44', '4.49', '4.65', '4.38']
2026-05-14 12:54:18 | INFO    | dpfl.core.base_simulator | Round  12/150 | Acc: 0.7322 | Loss: 0.8252 | eps_max: 2.80 eps_avg: 1.68 | P: nan R: nan F1: nan
2026-05-14 12:54:18 | DEBUG   | dpfl.core.base_simulator | Update norms — honest: ['0.51', '0.88', '0.92', '0.51', '1.34'], attacker: ['4.11', '4.59', '4.87', '4.98', '4.56']
2026-05-14 12:54:25 | INFO    | dpfl.core.base_simulator | Round  13/150 | Acc: 0.7362 | Loss: 0.8039 | eps_max: 2.87 eps_avg: 1.73 | P: nan R: nan F1: nan
2026-05-14 12:54:25 | DEBUG   | dpfl.core.base_simulator | Update norms — honest: ['1.36', '0.50', '1.88', '1.41', '0.90'], attacker: ['4.78', '4.82', '4.57', '4.91', '5.07']
2026-05-14 12:54:32 | INFO    | dpfl.core.base_simulator | Round  14/150 | Acc: 0.7398 | Loss: 0.7853 | eps_max: 2.96 eps_avg: 1.78 | P: nan R: nan F1: nan
2026-05-14 12:54:32 | DEBUG   | dpfl.core.base_simulator | Update norms — honest: ['0.85', '0.90', '0.50', '0.49', '0.85'], attacker: ['5.14', '5.04', '4.80', '5.40', '5.43']
2026-05-14 12:54:39 | INFO    | dpfl.core.base_simulator | Round  15/150 | Acc: 0.7431 | Loss: 0.7692 | eps_max: 3.07 eps_avg: 1.83 | P: nan R: nan F1: nan
2026-05-14 12:54:39 | DEBUG   | dpfl.core.base_simulator | Update norms — honest: ['0.67', '0.49', '1.85', '0.49', '0.49'], attacker: ['5.49', '5.54', '5.74', '5.71', '5.48']
2026-05-14 12:54:46 | INFO    | dpfl.core.base_simulator | Round  16/150 | Acc: 0.7461 | Loss: 0.7549 | eps_max: 3.19 eps_avg: 1.89 | P: nan R: nan F1: nan
2026-05-14 12:54:46 | DEBUG   | dpfl.core.base_simulator | Update norms — honest: ['0.71', '0.89', '1.85', '1.28', '0.48'], attacker: ['5.53', '5.99', '5.17', '5.75', '5.37']
2026-05-14 12:54:53 | INFO    | dpfl.core.base_simulator | Round  17/150 | Acc: 0.7489 | Loss: 0.7422 | eps_max: 3.28 eps_avg: 1.93 | P: nan R: nan F1: nan
2026-05-14 12:54:53 | DEBUG   | dpfl.core.base_simulator | Update norms — honest: ['0.87', '1.33', '1.72', '0.48', '1.37'], attacker: ['5.82', '6.08', '5.87', '6.09', '4.51']
2026-05-14 12:55:01 | INFO    | dpfl.core.base_simulator | Round  18/150 | Acc: 0.7517 | Loss: 0.7308 | eps_max: 3.43 eps_avg: 2.01 | P: nan R: nan F1: nan
2026-05-14 12:55:01 | DEBUG   | dpfl.core.base_simulator | Update norms — honest: ['1.07', '1.73', '0.48', '0.79', '0.90'], attacker: ['5.87', '6.26', '5.73', '5.87', '5.14']
2026-05-14 12:55:08 | INFO    | dpfl.core.base_simulator | Round  19/150 | Acc: 0.7543 | Loss: 0.7205 | eps_max: 3.52 eps_avg: 2.08 | P: nan R: nan F1: nan
2026-05-14 12:55:08 | DEBUG   | dpfl.core.base_simulator | Update norms — honest: ['0.47', '1.63', '0.47', '0.88', '0.47'], attacker: ['5.70', '5.99', '6.08', '6.56', '6.43']
2026-05-14 12:55:16 | INFO    | dpfl.core.base_simulator | Round  20/150 | Acc: 0.7562 | Loss: 0.7112 | eps_max: 3.57 eps_avg: 2.15 | P: nan R: nan F1: nan
2026-05-14 12:55:16 | DEBUG   | dpfl.core.base_simulator | Update norms — honest: ['0.98', '1.48', '1.59', '1.08', '0.47'], attacker: ['5.19', '6.08', '6.56', '6.41', '6.43']
2026-05-14 12:55:23 | INFO    | dpfl.core.base_simulator | Round  21/150 | Acc: 0.7584 | Loss: 0.7026 | eps_max: 3.61 eps_avg: 2.21 | P: nan R: nan F1: nan
2026-05-14 12:55:23 | DEBUG   | dpfl.core.base_simulator | Update norms — honest: ['0.46', '0.46', '1.63', '0.54', '0.70'], attacker: ['4.48', '6.70', '6.21', '6.29', '6.66']
2026-05-14 12:55:31 | INFO    | dpfl.core.base_simulator | Round  22/150 | Acc: 0.7602 | Loss: 0.6951 | eps_max: 3.66 eps_avg: 2.26 | P: nan R: nan F1: nan
2026-05-14 12:55:31 | DEBUG   | dpfl.core.base_simulator | Update norms — honest: ['1.15', '0.83', '0.53', '0.86', '0.46'], attacker: ['4.80', '6.71', '5.33', '6.21', '6.87']
2026-05-14 12:55:39 | INFO    | dpfl.core.base_simulator | Round  23/150 | Acc: 0.7620 | Loss: 0.6876 | eps_max: 3.70 eps_avg: 2.32 | P: nan R: nan F1: nan
2026-05-14 12:55:39 | DEBUG   | dpfl.core.base_simulator | Update norms — honest: ['0.82', '1.23', '1.40', '0.72', '0.83'], attacker: ['6.36', '6.48', '5.75', '6.49', '6.20']
2026-05-14 12:55:46 | INFO    | dpfl.core.base_simulator | Round  24/150 | Acc: 0.7638 | Loss: 0.6812 | eps_max: 3.73 eps_avg: 2.38 | P: nan R: nan F1: nan
2026-05-14 12:55:46 | DEBUG   | dpfl.core.base_simulator | Update norms — honest: ['1.62', '0.38', '1.25', '1.53', '0.45'], attacker: ['6.72', '7.14', '6.30', '7.24', '6.11']
2026-05-14 12:55:54 | INFO    | dpfl.core.base_simulator | Round  25/150 | Acc: 0.7655 | Loss: 0.6750 | eps_max: 3.79 eps_avg: 2.43 | P: nan R: nan F1: nan
2026-05-14 12:55:54 | DEBUG   | dpfl.core.base_simulator | Update norms — honest: ['2.09', '1.14', '0.44', '0.80', '0.66'], attacker: ['5.91', '7.19', '7.35', '7.00', '6.24']
2026-05-14 12:56:02 | INFO    | dpfl.core.base_simulator | Round  26/150 | Acc: 0.7669 | Loss: 0.6696 | eps_max: 3.84 eps_avg: 2.49 | P: nan R: nan F1: nan
2026-05-14 12:56:02 | DEBUG   | dpfl.core.base_simulator | Update norms — honest: ['0.44', '0.70', '0.77', '0.99', '0.44'], attacker: ['6.80', '6.75', '7.47', '7.34', '6.39']
2026-05-14 12:56:10 | INFO    | dpfl.core.base_simulator | Round  27/150 | Acc: 0.7682 | Loss: 0.6641 | eps_max: 3.87 eps_avg: 2.54 | P: nan R: nan F1: nan
2026-05-14 12:56:10 | DEBUG   | dpfl.core.base_simulator | Update norms — honest: ['1.14', '0.41', '1.79', '0.99', '0.43'], attacker: ['7.38', '6.71', '7.27', '7.23', '6.59']
2026-05-14 12:56:18 | INFO    | dpfl.core.base_simulator | Round  28/150 | Acc: 0.7698 | Loss: 0.6592 | eps_max: 3.92 eps_avg: 2.59 | P: nan R: nan F1: nan
2026-05-14 12:56:18 | DEBUG   | dpfl.core.base_simulator | Update norms — honest: ['0.60', '0.43', '0.43', '1.21', '1.75'], attacker: ['7.54', '6.87', '6.39', '7.52', '5.77']
2026-05-14 12:56:27 | INFO    | dpfl.core.base_simulator | Round  29/150 | Acc: 0.7712 | Loss: 0.6545 | eps_max: 3.98 eps_avg: 2.63 | P: nan R: nan F1: nan
2026-05-14 12:56:27 | DEBUG   | dpfl.core.base_simulator | Update norms — honest: ['1.23', '0.43', '1.24', '1.41', '0.97'], attacker: ['7.35', '7.23', '5.95', '7.26', '5.01']
2026-05-14 12:56:35 | INFO    | dpfl.core.base_simulator | Round  30/150 | Acc: 0.7723 | Loss: 0.6502 | eps_max: 4.03 eps_avg: 2.67 | P: nan R: nan F1: nan
2026-05-14 12:56:35 | DEBUG   | dpfl.core.base_simulator | Update norms — honest: ['0.44', '0.99', '0.70', '1.43', '0.42'], attacker: ['6.71', '7.34', '5.94', '6.69', '6.14']
2026-05-14 12:56:43 | INFO    | dpfl.core.base_simulator | Round  31/150 | Acc: 0.7735 | Loss: 0.6461 | eps_max: 4.09 eps_avg: 2.73 | P: nan R: nan F1: nan
2026-05-14 12:56:43 | DEBUG   | dpfl.core.base_simulator | Update norms — honest: ['2.09', '0.67', '2.11', '0.42', '0.37'], attacker: ['5.62', '7.39', '6.82', '6.71', '5.81']
2026-05-14 12:56:50 | INFO    | dpfl.core.base_simulator | Round  32/150 | Acc: 0.7747 | Loss: 0.6422 | eps_max: 4.14 eps_avg: 2.76 | P: nan R: nan F1: nan
2026-05-14 12:56:50 | DEBUG   | dpfl.core.base_simulator | Update norms — honest: ['0.60', '0.63', '1.06', '0.41', '1.06'], attacker: ['6.65', '6.96', '7.03', '7.19', '5.78']
2026-05-14 12:56:59 | INFO    | dpfl.core.base_simulator | Round  33/150 | Acc: 0.7756 | Loss: 0.6388 | eps_max: 4.19 eps_avg: 2.80 | P: nan R: nan F1: nan
2026-05-14 12:56:59 | DEBUG   | dpfl.core.base_simulator | Update norms — honest: ['0.91', '0.41', '1.57', '0.62', '1.50'], attacker: ['6.09', '7.09', '6.52', '6.73', '7.18']
2026-05-14 12:57:07 | INFO    | dpfl.core.base_simulator | Round  34/150 | Acc: 0.7767 | Loss: 0.6353 | eps_max: 4.23 eps_avg: 2.84 | P: nan R: nan F1: nan
2026-05-14 12:57:07 | DEBUG   | dpfl.core.base_simulator | Update norms — honest: ['0.97', '1.64', '0.40', '0.49', '0.41'], attacker: ['4.67', '6.45', '6.54', '7.21', '5.82']
2026-05-14 12:57:15 | INFO    | dpfl.core.base_simulator | Round  35/150 | Acc: 0.7777 | Loss: 0.6321 | eps_max: 4.28 eps_avg: 2.87 | P: nan R: nan F1: nan
2026-05-14 12:57:15 | DEBUG   | dpfl.core.base_simulator | Update norms — honest: ['0.77', '0.58', '0.40', '0.52', '0.39'], attacker: ['5.25', '7.20', '6.29', '7.37', '5.43']
2026-05-14 12:57:22 | INFO    | dpfl.core.base_simulator | Round  36/150 | Acc: 0.7785 | Loss: 0.6291 | eps_max: 4.37 eps_avg: 2.90 | P: nan R: nan F1: nan
2026-05-14 12:57:22 | DEBUG   | dpfl.core.base_simulator | Update norms — honest: ['0.62', '0.60', '1.43', '1.08', '0.40'], attacker: ['6.12', '6.03', '6.39', '5.72', '5.40']
2026-05-14 12:57:29 | INFO    | dpfl.core.base_simulator | Round  37/150 | Acc: 0.7789 | Loss: 0.6266 | eps_max: 4.42 eps_avg: 2.94 | P: nan R: nan F1: nan
2026-05-14 12:57:29 | DEBUG   | dpfl.core.base_simulator | Update norms — honest: ['0.39', '0.31', '0.90', '0.69', '1.16'], attacker: ['5.57', '6.38', '6.19', '5.71', '6.27']
2026-05-14 12:57:36 | INFO    | dpfl.core.base_simulator | Round  38/150 | Acc: 0.7799 | Loss: 0.6242 | eps_max: 4.58 eps_avg: 2.98 | P: nan R: nan F1: nan
2026-05-14 12:57:36 | DEBUG   | dpfl.core.base_simulator | Update norms — honest: ['2.47', '0.36', '1.88', '1.44', '0.52'], attacker: ['5.17', '6.84', '6.42', '5.92', '7.16']
2026-05-14 12:57:44 | INFO    | dpfl.core.base_simulator | Round  39/150 | Acc: 0.7807 | Loss: 0.6213 | eps_max: 4.66 eps_avg: 3.01 | P: nan R: nan F1: nan
2026-05-14 12:57:44 | DEBUG   | dpfl.core.base_simulator | Update norms — honest: ['0.25', '1.06', '2.27', '0.64', '0.58'], attacker: ['6.18', '6.17', '6.08', '7.50', '6.21']
2026-05-14 12:57:52 | INFO    | dpfl.core.base_simulator | Round  40/150 | Acc: 0.7814 | Loss: 0.6190 | eps_max: 4.73 eps_avg: 3.04 | P: nan R: nan F1: nan
2026-05-14 12:57:52 | DEBUG   | dpfl.core.base_simulator | Update norms — honest: ['1.07', '0.92', '0.38', '1.43', '0.92'], attacker: ['6.87', '6.65', '6.73', '6.84', '6.81']
2026-05-14 12:58:00 | INFO    | dpfl.core.base_simulator | Round  41/150 | Acc: 0.7821 | Loss: 0.6168 | eps_max: 4.85 eps_avg: 3.08 | P: nan R: nan F1: nan
2026-05-14 12:58:00 | DEBUG   | dpfl.core.base_simulator | Update norms — honest: ['2.26', '0.60', '0.51', '0.74', '1.66'], attacker: ['5.29', '5.81', '7.20', '6.06', '5.67']
2026-05-14 12:58:09 | INFO    | dpfl.core.base_simulator | Round  42/150 | Acc: 0.7829 | Loss: 0.6146 | eps_max: 4.90 eps_avg: 3.10 | P: nan R: nan F1: nan
2026-05-14 12:58:09 | DEBUG   | dpfl.core.base_simulator | Update norms — honest: ['1.03', '1.61', '1.04', '0.73', '0.67'], attacker: ['4.54', '5.86', '7.04', '6.74', '5.19']
2026-05-14 12:58:16 | INFO    | dpfl.core.base_simulator | Round  43/150 | Acc: 0.7833 | Loss: 0.6128 | eps_max: 4.95 eps_avg: 3.14 | P: nan R: nan F1: nan
2026-05-14 12:58:16 | DEBUG   | dpfl.core.base_simulator | Update norms — honest: ['1.11', '0.94', '0.57', '1.55', '0.97'], attacker: ['3.10', '7.10', '5.53', '6.97', '4.48']
2026-05-14 12:58:24 | INFO    | dpfl.core.base_simulator | Round  44/150 | Acc: 0.7841 | Loss: 0.6105 | eps_max: 4.98 eps_avg: 3.18 | P: nan R: nan F1: nan
2026-05-14 12:58:24 | DEBUG   | dpfl.core.base_simulator | Update norms — honest: ['0.96', '1.67', '1.36', '0.63', '1.50'], attacker: ['1.71', '6.51', '5.37', '7.81', '4.49']
2026-05-14 12:58:31 | INFO    | dpfl.core.base_simulator | Round  45/150 | Acc: 0.7848 | Loss: 0.6085 | eps_max: 5.01 eps_avg: 3.23 | P: nan R: nan F1: nan
2026-05-14 12:58:31 | DEBUG   | dpfl.core.base_simulator | Update norms — honest: ['1.93', '0.36', '1.07', '1.01', '0.35'], attacker: ['4.59', '6.90', '5.85', '6.98', '5.65']
2026-05-14 12:58:39 | INFO    | dpfl.core.base_simulator | Round  46/150 | Acc: 0.7853 | Loss: 0.6069 | eps_max: 5.08 eps_avg: 3.26 | P: nan R: nan F1: nan
2026-05-14 12:58:39 | DEBUG   | dpfl.core.base_simulator | Update norms — honest: ['0.74', '0.83', '1.04', '1.19', '1.22'], attacker: ['3.71', '5.84', '5.68', '6.57', '5.62']
2026-05-14 12:58:46 | INFO    | dpfl.core.base_simulator | Round  47/150 | Acc: 0.7859 | Loss: 0.6052 | eps_max: 5.14 eps_avg: 3.29 | P: nan R: nan F1: nan
2026-05-14 12:58:46 | DEBUG   | dpfl.core.base_simulator | Update norms — honest: ['1.33', '1.19', '1.47', '1.72', '0.72'], attacker: ['5.57', '6.97', '6.24', '6.70', '5.97']
2026-05-14 12:58:54 | INFO    | dpfl.core.base_simulator | Round  48/150 | Acc: 0.7862 | Loss: 0.6037 | eps_max: 5.29 eps_avg: 3.33 | P: nan R: nan F1: nan
2026-05-14 12:58:54 | DEBUG   | dpfl.core.base_simulator | Update norms — honest: ['0.40', '1.14', '2.17', '0.35', '0.94'], attacker: ['4.39', '6.97', '6.27', '5.97', '5.84']
2026-05-14 12:59:01 | INFO    | dpfl.core.base_simulator | Round  49/150 | Acc: 0.7869 | Loss: 0.6022 | eps_max: 5.43 eps_avg: 3.35 | P: nan R: nan F1: nan
2026-05-14 12:59:01 | DEBUG   | dpfl.core.base_simulator | Update norms — honest: ['1.33', '2.26', '0.54', '1.00', '0.49'], attacker: ['3.53', '5.65', '5.88', '6.25', '5.46']
2026-05-14 12:59:09 | INFO    | dpfl.core.base_simulator | Round  50/150 | Acc: 0.7874 | Loss: 0.6007 | eps_max: 5.52 eps_avg: 3.37 | P: nan R: nan F1: nan
2026-05-14 12:59:09 | DEBUG   | dpfl.core.base_simulator | Update norms — honest: ['3.00', '0.24', '0.82', '1.00', '0.91'], attacker: ['4.28', '5.44', '5.37', '5.24', '6.05']
2026-05-14 12:59:10 | INFO    | dpfl.core.base_simulator | Round  51/150 | Acc: 0.7875 | Loss: 0.6000 | eps_max: 5.07 eps_avg: 2.67 | P: nan R: 0.00 F1: nan
2026-05-14 12:59:10 | DEBUG   | dpfl.core.base_simulator | Update norms — honest: ['0.13', '0.47', '0.47', '1.29', '0.34'], attacker: ['1.00', '1.37', '1.25', '1.30', '1.20']
2026-05-14 12:59:12 | INFO    | dpfl.core.base_simulator | Round  52/150 | Acc: 0.7879 | Loss: 0.5992 | eps_max: 5.19 eps_avg: 2.70 | P: nan R: 0.00 F1: nan
2026-05-14 12:59:12 | DEBUG   | dpfl.core.base_simulator | Update norms — honest: ['0.44', '1.26', '0.98', '0.56', '1.14'], attacker: ['2.03', '2.77', '2.65', '2.50', '2.70']
2026-05-14 12:59:14 | INFO    | dpfl.core.base_simulator | Round  53/150 | Acc: 0.7829 | Loss: 0.6203 | eps_max: 5.19 eps_avg: 2.75 | P: 1.00 R: 0.15 F1: 0.28
2026-05-14 12:59:14 | DEBUG   | dpfl.core.base_simulator | Update norms — honest: ['0.34', '0.72', '1.76', '0.34', '1.95'], attacker: ['5.65', '6.66', '7.44', '6.99', '8.22']
2026-05-14 12:59:15 | INFO    | dpfl.core.base_simulator | Round  54/150 | Acc: 0.7886 | Loss: 0.5975 | eps_max: 5.19 eps_avg: 2.78 | P: 1.00 R: 1.00 F1: 1.00
2026-05-14 12:59:15 | DEBUG   | dpfl.core.base_simulator | Update norms — honest: ['1.24', '0.33', '0.45', '0.34', '0.61'], attacker: ['17.37', '15.50', '16.05', '18.22', '24.72']
2026-05-14 12:59:17 | INFO    | dpfl.core.base_simulator | Round  55/150 | Acc: 0.7892 | Loss: 0.5957 | eps_max: 5.19 eps_avg: 2.80 | P: 1.00 R: 1.00 F1: 1.00
2026-05-14 12:59:17 | DEBUG   | dpfl.core.base_simulator | Update norms — honest: ['2.03', '2.05', '0.35', '0.82', '0.82'], attacker: ['48.20', '36.06', '41.42', '48.54', '71.84']
2026-05-14 12:59:19 | INFO    | dpfl.core.base_simulator | Round  56/150 | Acc: 0.7894 | Loss: 0.5946 | eps_max: 5.19 eps_avg: 2.82 | P: 1.00 R: 1.00 F1: 1.00
2026-05-14 12:59:19 | DEBUG   | dpfl.core.base_simulator | Update norms — honest: ['1.38', '0.86', '0.38', '1.06', '0.62'], attacker: ['145.59', '102.32', '119.12', '143.25', '210.24']
2026-05-14 12:59:21 | INFO    | dpfl.core.base_simulator | Round  57/150 | Acc: 0.7901 | Loss: 0.5930 | eps_max: 5.26 eps_avg: 2.85 | P: 1.00 R: 1.00 F1: 1.00
2026-05-14 12:59:21 | DEBUG   | dpfl.core.base_simulator | Update norms — honest: ['0.40', '0.56', '0.88', '1.11', '0.43'], attacker: ['458.52', '318.54', '344.89', '425.19', '649.12']
2026-05-14 12:59:23 | INFO    | dpfl.core.base_simulator | Round  58/150 | Acc: 0.7900 | Loss: 0.5926 | eps_max: 5.26 eps_avg: 2.94 | P: 1.00 R: 1.00 F1: 1.00
2026-05-14 12:59:23 | DEBUG   | dpfl.core.base_simulator | Update norms — honest: ['1.46', '0.44', '0.69', '1.04', '0.95'], attacker: ['1483.59', '1088.07', '1128.01', '1416.05', '1862.69']
2026-05-14 12:59:25 | INFO    | dpfl.core.base_simulator | Round  59/150 | Acc: 0.7906 | Loss: 0.5913 | eps_max: 5.26 eps_avg: 3.03 | P: 1.00 R: 1.00 F1: 1.00
2026-05-14 12:59:25 | DEBUG   | dpfl.core.base_simulator | Update norms — honest: ['1.49', '0.96', '0.34', '0.92', '2.45'], attacker: ['5059.94', '4090.21', '3774.08', '5261.09', '6353.11']
2026-05-14 12:59:27 | INFO    | dpfl.core.base_simulator | Round  60/150 | Acc: 0.7908 | Loss: 0.5906 | eps_max: 5.26 eps_avg: 3.06 | P: 1.00 R: 1.00 F1: 1.00
2026-05-14 12:59:27 | DEBUG   | dpfl.core.base_simulator | Update norms — honest: ['1.02', '0.73', '0.88', '0.96', '0.43'], attacker: ['17956.75', '16199.36', '13396.84', '18734.36', '20495.08']
2026-05-14 12:59:29 | INFO    | dpfl.core.base_simulator | Round  61/150 | Acc: 0.7911 | Loss: 0.5900 | eps_max: 5.26 eps_avg: 3.07 | P: 1.00 R: 1.00 F1: 1.00
2026-05-14 12:59:29 | DEBUG   | dpfl.core.base_simulator | Update norms — honest: ['1.36', '0.87', '0.44', '0.99', '1.31'], attacker: ['68262.34', '66302.14', '51115.69', '74069.57', '76776.63']
2026-05-14 12:59:30 | INFO    | dpfl.core.base_simulator | Round  62/150 | Acc: 0.7912 | Loss: 0.5895 | eps_max: 5.31 eps_avg: 3.12 | P: 1.00 R: 1.00 F1: 1.00
2026-05-14 12:59:30 | DEBUG   | dpfl.core.base_simulator | Update norms — honest: ['0.48', '0.34', '2.22', '0.99', '1.13'], attacker: ['273088.28', '243811.17', '218626.16', '286238.78', '274464.03']
2026-05-14 12:59:32 | INFO    | dpfl.core.base_simulator | Round  63/150 | Acc: 0.7918 | Loss: 0.5882 | eps_max: 5.37 eps_avg: 3.18 | P: 1.00 R: 1.00 F1: 1.00
2026-05-14 12:59:32 | DEBUG   | dpfl.core.base_simulator | Update norms — honest: ['1.82', '0.34', '1.00', '0.82', '1.17'], attacker: ['1069243.50', '1044095.25', '964320.25', '1104902.38', '1079331.88']
2026-05-14 12:59:34 | INFO    | dpfl.core.base_simulator | Round  64/150 | Acc: 0.7920 | Loss: 0.5876 | eps_max: 5.37 eps_avg: 3.23 | P: 1.00 R: 1.00 F1: 1.00
2026-05-14 12:59:34 | DEBUG   | dpfl.core.base_simulator | Update norms — honest: ['0.85', '1.08', '0.87', '0.42', '0.81'], attacker: ['4015896.75', '3940337.75', '3867470.25', '4270538.00', '4217694.50']
2026-05-14 12:59:37 | INFO    | dpfl.core.base_simulator | Round  65/150 | Acc: 0.7923 | Loss: 0.5871 | eps_max: 5.37 eps_avg: 3.29 | P: 1.00 R: 1.00 F1: 1.00
2026-05-14 12:59:37 | DEBUG   | dpfl.core.base_simulator | Update norms — honest: ['1.94', '1.27', '1.93', '0.82', '0.81'], attacker: ['16282110.00', '16017133.00', '15966585.00', '16973128.00', '16774536.00']
2026-05-14 12:59:39 | INFO    | dpfl.core.base_simulator | Round  66/150 | Acc: 0.7926 | Loss: 0.5862 | eps_max: 5.49 eps_avg: 3.32 | P: 1.00 R: 1.00 F1: 1.00
2026-05-14 12:59:39 | DEBUG   | dpfl.core.base_simulator | Update norms — honest: ['0.28', '0.90', '1.74', '0.61', '0.08'], attacker: ['66668248.00', '66263784.00', '66919884.00', '64402436.00', '64338104.00']
2026-05-14 12:59:40 | INFO    | dpfl.core.base_simulator | Round  67/150 | Acc: 0.7930 | Loss: 0.5856 | eps_max: 5.49 eps_avg: 3.35 | P: 1.00 R: 1.00 F1: 1.00
2026-05-14 12:59:40 | DEBUG   | dpfl.core.base_simulator | Update norms — honest: ['1.93', '1.26', '1.63', '1.54', '0.23'], attacker: ['269183520.00', '267529424.00', '259615456.00', '266883680.00', '274893408.00']
2026-05-14 12:59:43 | INFO    | dpfl.core.base_simulator | Round  68/150 | Acc: 0.7929 | Loss: 0.5855 | eps_max: 5.49 eps_avg: 3.44 | P: 1.00 R: 1.00 F1: 1.00
2026-05-14 12:59:43 | DEBUG   | dpfl.core.base_simulator | Update norms — honest: ['0.34', '2.18', '0.78', '0.93', '0.70'], attacker: ['1047786368.00', '1050538432.00', '1012031232.00', '1076860416.00', '1039556800.00']
2026-05-14 12:59:45 | INFO    | dpfl.core.base_simulator | Round  69/150 | Acc: 0.7932 | Loss: 0.5850 | eps_max: 5.49 eps_avg: 3.49 | P: 1.00 R: 1.00 F1: 1.00
2026-05-14 12:59:45 | DEBUG   | dpfl.core.base_simulator | Update norms — honest: ['0.34', '1.36', '0.38', '0.64', '1.52'], attacker: ['4296574976.00', '4213006592.00', '4174362624.00', '4360973824.00', '4313861632.00']
2026-05-14 12:59:47 | INFO    | dpfl.core.base_simulator | Round  70/150 | Acc: 0.7933 | Loss: 0.5845 | eps_max: 5.55 eps_avg: 3.52 | P: 1.00 R: 1.00 F1: 1.00
2026-05-14 12:59:47 | DEBUG   | dpfl.core.base_simulator | Update norms — honest: ['0.17', '0.96', '0.46', '2.11', '0.62'], attacker: ['17065203712.00', '15679292416.00', '16572670976.00', '16000121856.00', '16116355072.00']
2026-05-14 12:59:48 | INFO    | dpfl.core.base_simulator | Round  71/150 | Acc: 0.7937 | Loss: 0.5838 | eps_max: 5.58 eps_avg: 3.55 | P: 1.00 R: 1.00 F1: 1.00
2026-05-14 12:59:48 | DEBUG   | dpfl.core.base_simulator | Update norms — honest: ['1.58', '0.55', '1.59', '1.97', '1.32'], attacker: ['68402569216.00', '67200888832.00', '66907762688.00', '68231106560.00', '70262145024.00']
2026-05-14 12:59:50 | INFO    | dpfl.core.base_simulator | Round  72/150 | Acc: 0.7938 | Loss: 0.5836 | eps_max: 5.58 eps_avg: 3.58 | P: 1.00 R: 1.00 F1: 1.00
2026-05-14 12:59:50 | DEBUG   | dpfl.core.base_simulator | Update norms — honest: ['1.09', '1.04', '0.77', '1.06', '0.40'], attacker: ['276220149760.00', '262727761920.00', '254669176832.00', '259835674624.00', '261442994176.00']
2026-05-14 12:59:52 | INFO    | dpfl.core.base_simulator | Round  73/150 | Acc: 0.7940 | Loss: 0.5833 | eps_max: 5.58 eps_avg: 3.64 | P: 1.00 R: 1.00 F1: 1.00
2026-05-14 12:59:52 | DEBUG   | dpfl.core.base_simulator | Update norms — honest: ['1.38', '1.28', '0.71', '1.54', '1.39'], attacker: ['1085146202112.00', '1075953074176.00', '1071099412480.00', '1087191056384.00', '1071799205888.00']
2026-05-14 12:59:54 | INFO    | dpfl.core.base_simulator | Round  74/150 | Acc: 0.7940 | Loss: 0.5833 | eps_max: 5.58 eps_avg: 3.70 | P: 1.00 R: 1.00 F1: 1.00
2026-05-14 12:59:54 | DEBUG   | dpfl.core.base_simulator | Update norms — honest: ['1.82', '2.07', '0.44', '1.28', '0.92'], attacker: ['4132251107328.00', '4080928030720.00', '3962960871424.00', '3997841752064.00', '4143958458368.00']
2026-05-14 12:59:56 | INFO    | dpfl.core.base_simulator | Round  75/150 | Acc: 0.7942 | Loss: 0.5829 | eps_max: 5.58 eps_avg: 3.76 | P: 1.00 R: 1.00 F1: 1.00
2026-05-14 12:59:56 | DEBUG   | dpfl.core.base_simulator | Update norms — honest: ['0.44', '1.45', '1.07', '0.36', '0.64'], attacker: ['16499736576000.00', '17068065816576.00', '16767645646848.00', '17301458911232.00', '17633191657472.00']
2026-05-14 12:59:57 | INFO    | dpfl.core.base_simulator | Round  76/150 | Acc: 0.7943 | Loss: 0.5826 | eps_max: 5.58 eps_avg: 3.79 | P: 1.00 R: 1.00 F1: 1.00
2026-05-14 12:59:57 | DEBUG   | dpfl.core.base_simulator | Update norms — honest: ['1.91', '0.65', '1.00', '0.32', '2.20'], attacker: ['65849268371456.00', '63623611285504.00', '62792447033344.00', '62657344307200.00', '63269914017792.00']
2026-05-14 12:59:59 | INFO    | dpfl.core.base_simulator | Round  77/150 | Acc: 0.7949 | Loss: 0.5821 | eps_max: 5.58 eps_avg: 3.85 | P: 1.00 R: 1.00 F1: 1.00
2026-05-14 12:59:59 | DEBUG   | dpfl.core.base_simulator | Update norms — honest: ['0.34', '0.71', '1.88', '0.34', '0.46'], attacker: ['268937279307776.00', '273823878348800.00', '261927171260416.00', '264895715082240.00', '270796144508928.00']
2026-05-14 13:00:01 | INFO    | dpfl.core.base_simulator | Round  78/150 | Acc: 0.7947 | Loss: 0.5824 | eps_max: 5.58 eps_avg: 3.90 | P: 1.00 R: 1.00 F1: 1.00
2026-05-14 13:00:01 | DEBUG   | dpfl.core.base_simulator | Update norms — honest: ['1.46', '0.74', '1.03', '1.17', '2.11'], attacker: ['990032911400960.00', '1040638967545856.00', '968421575491584.00', '1070380341002240.00', '978160279617536.00']
2026-05-14 13:00:03 | INFO    | dpfl.core.base_simulator | Round  79/150 | Acc: 0.7951 | Loss: 0.5817 | eps_max: 5.58 eps_avg: 3.93 | P: 1.00 R: 1.00 F1: 1.00
2026-05-14 13:00:03 | DEBUG   | dpfl.core.base_simulator | Update norms — honest: ['1.52', '3.21', '3.15', '1.77', '0.84'], attacker: ['4215551203213312.00', '4207899450540032.00', '4122709042659328.00', '4140134530285568.00', '4168190330404864.00']
2026-05-14 13:00:05 | INFO    | dpfl.core.base_simulator | Round  80/150 | Acc: 0.7951 | Loss: 0.5817 | eps_max: 6.00 eps_avg: 4.00 | P: 1.00 R: 1.00 F1: 1.00
2026-05-14 13:00:05 | DEBUG   | dpfl.core.base_simulator | Update norms — honest: ['0.34', '1.47', '0.70', '1.42', '1.87'], attacker: ['15560576319094784.00', '16007465518759936.00', '16652821935947776.00', '16160121541361664.00', '16936964087349248.00']
2026-05-14 13:00:07 | INFO    | dpfl.core.base_simulator | Round  81/150 | Acc: 0.7951 | Loss: 0.5820 | eps_max: 6.00 eps_avg: 4.04 | P: 1.00 R: 1.00 F1: 1.00
2026-05-14 13:00:07 | DEBUG   | dpfl.core.base_simulator | Update norms — honest: ['1.37', '1.69', '0.83', '0.82', '0.74'], attacker: ['63563750749241344.00', '64826690177597440.00', '64555587546906624.00', '65769456973905920.00', '67286022811025408.00']
2026-05-14 13:00:09 | INFO    | dpfl.core.base_simulator | Round  82/150 | Acc: 0.7952 | Loss: 0.5817 | eps_max: 6.00 eps_avg: 4.10 | P: 1.00 R: 1.00 F1: 1.00
2026-05-14 13:00:09 | DEBUG   | dpfl.core.base_simulator | Update norms — honest: ['0.14', '0.41', '1.08', '1.08', '1.55'], attacker: ['246417134358364160.00', '271716828194013184.00', '254804569832292352.00', '259981792130367488.00', '244342733873872896.00']
2026-05-14 13:00:11 | INFO    | dpfl.core.base_simulator | Round  83/150 | Acc: 0.7955 | Loss: 0.5813 | eps_max: 6.00 eps_avg: 4.10 | P: 1.00 R: 1.00 F1: 1.00
2026-05-14 13:00:11 | DEBUG   | dpfl.core.base_simulator | Update norms — honest: ['0.62', '1.57', '0.83', '0.84', '0.29'], attacker: ['1033498117875433472.00', '1023795271357693952.00', '1045974963510575104.00', '1043254771743457280.00', '1083071042722725888.00']
2026-05-14 13:00:12 | INFO    | dpfl.core.base_simulator | Round  84/150 | Acc: 0.7953 | Loss: 0.5819 | eps_max: 6.00 eps_avg: 4.15 | P: 1.00 R: 1.00 F1: 1.00
2026-05-14 13:00:12 | DEBUG   | dpfl.core.base_simulator | Update norms — honest: ['0.99', '2.65', '1.25', '0.91', '1.19'], attacker: ['4167948139346526208.00', '3879347227776253952.00', '3986014424199593984.00', '4007049181150576640.00', '4230792100821598208.00']
2026-05-14 13:00:14 | INFO    | dpfl.core.base_simulator | Round  85/150 | Acc: 0.7956 | Loss: 0.5814 | eps_max: 6.00 eps_avg: 4.19 | P: 1.00 R: 1.00 F1: 1.00
2026-05-14 13:00:14 | DEBUG   | dpfl.core.base_simulator | Update norms — honest: ['0.21', '1.26', '1.64', '0.69', '1.47'], attacker: ['16942331791446900736.00', 'nan', '16116245615754608640.00', '16740447162936066048.00', 'nan']
2026-05-14 13:00:16 | INFO    | dpfl.core.base_simulator | Round  86/150 | Acc: 0.7958 | Loss: 0.5813 | eps_max: 6.00 eps_avg: 4.22 | P: 1.00 R: 1.00 F1: 1.00
2026-05-14 13:00:16 | DEBUG   | dpfl.core.base_simulator | Update norms — honest: ['2.13', '0.18', '0.74', '2.30', '1.55'], attacker: ['nan', 'nan', 'nan', 'nan', 'nan']
2026-05-14 13:00:18 | INFO    | dpfl.core.base_simulator | Round  87/150 | Acc: 0.7957 | Loss: 0.5814 | eps_max: 6.09 eps_avg: 4.25 | P: 1.00 R: 1.00 F1: 1.00
2026-05-14 13:00:18 | DEBUG   | dpfl.core.base_simulator | Update norms — honest: ['0.45', '0.72', '1.12', '1.24', '2.08'], attacker: ['nan', 'nan', 'nan', 'nan', 'nan']
2026-05-14 13:00:19 | INFO    | dpfl.core.base_simulator | Round  88/150 | Acc: 0.7960 | Loss: 0.5816 | eps_max: 6.09 eps_avg: 4.29 | P: 1.00 R: 1.00 F1: 1.00
2026-05-14 13:00:19 | DEBUG   | dpfl.core.base_simulator | Update norms — honest: ['0.28', '1.28', '0.91', '0.19', '0.76'], attacker: ['nan', 'nan', 'nan', 'nan', 'nan']
2026-05-14 13:00:21 | INFO    | dpfl.core.base_simulator | Round  89/150 | Acc: 0.7962 | Loss: 0.5812 | eps_max: 6.09 eps_avg: 4.33 | P: 1.00 R: 1.00 F1: 1.00
2026-05-14 13:00:21 | DEBUG   | dpfl.core.base_simulator | Update norms — honest: ['1.67', '0.72', '0.78', '1.50', '1.03'], attacker: ['nan', 'nan', 'nan', 'nan', 'nan']
2026-05-14 13:00:23 | INFO    | dpfl.core.base_simulator | Round  90/150 | Acc: 0.7961 | Loss: 0.5815 | eps_max: 6.09 eps_avg: 4.38 | P: 1.00 R: 1.00 F1: 1.00
2026-05-14 13:00:23 | DEBUG   | dpfl.core.base_simulator | Update norms — honest: ['0.77', '2.88', '1.02', '1.36', '1.00'], attacker: ['nan', 'nan', 'nan', 'nan', 'nan']
2026-05-14 13:00:25 | INFO    | dpfl.core.base_simulator | Round  91/150 | Acc: 0.7961 | Loss: 0.5817 | eps_max: 6.09 eps_avg: 4.45 | P: 1.00 R: 1.00 F1: 1.00
2026-05-14 13:00:25 | DEBUG   | dpfl.core.base_simulator | Update norms — honest: ['1.31', '0.00', '0.91', '3.00', '1.30'], attacker: ['nan', 'nan', 'nan', 'nan', 'nan']
2026-05-14 13:00:26 | INFO    | dpfl.core.base_simulator | Round  92/150 | Acc: 0.7963 | Loss: 0.5815 | eps_max: 6.09 eps_avg: 4.47 | P: 1.00 R: 1.00 F1: 1.00
2026-05-14 13:00:26 | DEBUG   | dpfl.core.base_simulator | Update norms — honest: ['1.45', '1.33', '0.84', '1.31', '1.05'], attacker: ['nan', 'nan', 'nan', 'nan', 'nan']
2026-05-14 13:00:28 | INFO    | dpfl.core.base_simulator | Round  93/150 | Acc: 0.7963 | Loss: 0.5817 | eps_max: 6.15 eps_avg: 4.52 | P: 1.00 R: 1.00 F1: 1.00
2026-05-14 13:00:28 | DEBUG   | dpfl.core.base_simulator | Update norms — honest: ['1.69', '1.22', '1.17', '1.70', '1.28'], attacker: ['nan', 'nan', 'nan', 'nan', 'nan']
2026-05-14 13:00:30 | INFO    | dpfl.core.base_simulator | Round  94/150 | Acc: 0.7965 | Loss: 0.5818 | eps_max: 6.25 eps_avg: 4.57 | P: 1.00 R: 1.00 F1: 1.00
2026-05-14 13:00:30 | DEBUG   | dpfl.core.base_simulator | Update norms — honest: ['1.11', '2.66', '0.96', '0.73', '1.11'], attacker: ['nan', 'nan', 'nan', 'nan', 'nan']
2026-05-14 13:00:32 | INFO    | dpfl.core.base_simulator | Round  95/150 | Acc: 0.7966 | Loss: 0.5819 | eps_max: 6.25 eps_avg: 4.61 | P: 1.00 R: 1.00 F1: 1.00
2026-05-14 13:00:32 | DEBUG   | dpfl.core.base_simulator | Update norms — honest: ['2.91', '1.44', '1.45', '0.34', '0.69'], attacker: ['nan', 'nan', 'nan', 'nan', 'nan']
2026-05-14 13:00:33 | INFO    | dpfl.core.base_simulator | Round  96/150 | Acc: 0.7964 | Loss: 0.5824 | eps_max: 6.48 eps_avg: 4.65 | P: 1.00 R: 1.00 F1: 1.00
2026-05-14 13:00:33 | DEBUG   | dpfl.core.base_simulator | Update norms — honest: ['0.59', '2.19', '1.54', '0.00', '1.20'], attacker: ['nan', 'nan', 'nan', 'nan', 'nan']
2026-05-14 13:00:36 | INFO    | dpfl.core.base_simulator | Round  97/150 | Acc: 0.7964 | Loss: 0.5827 | eps_max: 6.89 eps_avg: 4.70 | P: 1.00 R: 1.00 F1: 1.00
2026-05-14 13:00:36 | DEBUG   | dpfl.core.base_simulator | Update norms — honest: ['1.55', '1.12', '2.81', '0.70', '0.00'], attacker: ['nan', 'nan', 'nan', 'nan', 'nan']
2026-05-14 13:00:38 | INFO    | dpfl.core.base_simulator | Round  98/150 | Acc: 0.7968 | Loss: 0.5822 | eps_max: 6.89 eps_avg: 4.76 | P: 1.00 R: 1.00 F1: 1.00
2026-05-14 13:00:38 | DEBUG   | dpfl.core.base_simulator | Update norms — honest: ['0.72', '1.79', '1.35', '1.01', '1.87'], attacker: ['nan', 'nan', 'nan', 'nan', 'nan']
2026-05-14 13:00:39 | INFO    | dpfl.core.base_simulator | Round  99/150 | Acc: 0.7967 | Loss: 0.5825 | eps_max: 6.89 eps_avg: 4.78 | P: 1.00 R: 1.00 F1: 1.00
2026-05-14 13:00:39 | DEBUG   | dpfl.core.base_simulator | Update norms — honest: ['2.51', '0.71', '0.95', '0.55', '1.12'], attacker: ['nan', 'nan', 'nan', 'nan', 'nan']
2026-05-14 13:00:41 | INFO    | dpfl.core.base_simulator | Round 100/150 | Acc: 0.7968 | Loss: 0.5832 | eps_max: 6.89 eps_avg: 4.80 | P: 1.00 R: 1.00 F1: 1.00
2026-05-14 13:00:41 | DEBUG   | dpfl.core.base_simulator | Update norms — honest: ['1.17', '2.05', '1.16', '0.00', '1.79'], attacker: ['nan', 'nan', 'nan', 'nan', 'nan']
2026-05-14 13:00:43 | INFO    | dpfl.core.base_simulator | Round 101/150 | Acc: 0.7971 | Loss: 0.5829 | eps_max: 6.89 eps_avg: 4.84 | P: 1.00 R: 1.00 F1: 1.00
2026-05-14 13:00:43 | DEBUG   | dpfl.core.base_simulator | Update norms — honest: ['3.48', '1.70', '1.19', '1.01', '1.55'], attacker: ['nan', 'nan', 'nan', 'nan', 'nan']
2026-05-14 13:00:44 | INFO    | dpfl.core.base_simulator | Round 102/150 | Acc: 0.7972 | Loss: 0.5832 | eps_max: 6.89 eps_avg: 4.88 | P: 1.00 R: 1.00 F1: 1.00
2026-05-14 13:00:44 | DEBUG   | dpfl.core.base_simulator | Update norms — honest: ['0.29', '0.50', '1.33', '0.80', '1.98'], attacker: ['nan', 'nan', 'nan', 'nan', 'nan']
2026-05-14 13:00:46 | INFO    | dpfl.core.base_simulator | Round 103/150 | Acc: 0.7970 | Loss: 0.5836 | eps_max: 6.89 eps_avg: 4.93 | P: 1.00 R: 1.00 F1: 1.00
2026-05-14 13:00:46 | DEBUG   | dpfl.core.base_simulator | Update norms — honest: ['1.49', '1.59', '0.49', '0.19', '2.52'], attacker: ['nan', 'nan', 'nan', 'nan', 'nan']
2026-05-14 13:00:48 | INFO    | dpfl.core.base_simulator | Round 104/150 | Acc: 0.7971 | Loss: 0.5841 | eps_max: 6.89 eps_avg: 5.00 | P: 1.00 R: 1.00 F1: 1.00
2026-05-14 13:00:48 | DEBUG   | dpfl.core.base_simulator | Update norms — honest: ['1.40', '0.34', '1.58', '0.57', '1.33'], attacker: ['nan', 'nan', 'nan', 'nan', 'nan']
2026-05-14 13:00:50 | INFO    | dpfl.core.base_simulator | Round 105/150 | Acc: 0.7968 | Loss: 0.5846 | eps_max: 6.89 eps_avg: 5.03 | P: 1.00 R: 1.00 F1: 1.00
2026-05-14 13:00:50 | DEBUG   | dpfl.core.base_simulator | Update norms — honest: ['0.40', '0.00', '0.65', '1.67', '1.98'], attacker: ['nan', 'nan', 'nan', 'nan', 'nan']
2026-05-14 13:00:51 | INFO    | dpfl.core.base_simulator | Round 106/150 | Acc: 0.7970 | Loss: 0.5844 | eps_max: 6.89 eps_avg: 5.05 | P: 1.00 R: 1.00 F1: 1.00
2026-05-14 13:00:51 | DEBUG   | dpfl.core.base_simulator | Update norms — honest: ['0.44', '2.32', '0.94', '2.47', '1.09'], attacker: ['nan', 'nan', 'nan', 'nan', 'nan']
2026-05-14 13:00:53 | INFO    | dpfl.core.base_simulator | Round 107/150 | Acc: 0.7971 | Loss: 0.5848 | eps_max: 6.89 eps_avg: 5.08 | P: 1.00 R: 1.00 F1: 1.00
2026-05-14 13:00:53 | DEBUG   | dpfl.core.base_simulator | Update norms — honest: ['0.99', '2.20', '0.87', '0.15', '0.00'], attacker: ['nan', 'nan', 'nan', 'nan', 'nan']
2026-05-14 13:00:55 | INFO    | dpfl.core.base_simulator | Round 108/150 | Acc: 0.7973 | Loss: 0.5848 | eps_max: 6.95 eps_avg: 5.11 | P: 1.00 R: 1.00 F1: 1.00
2026-05-14 13:00:55 | DEBUG   | dpfl.core.base_simulator | Update norms — honest: ['3.51', '1.86', '2.52', '0.40', '0.84'], attacker: ['nan', 'nan', 'nan', 'nan', 'nan']
2026-05-14 13:00:56 | INFO    | dpfl.core.base_simulator | Round 109/150 | Acc: 0.7971 | Loss: 0.5858 | eps_max: 6.95 eps_avg: 5.14 | P: 1.00 R: 1.00 F1: 1.00
2026-05-14 13:00:56 | DEBUG   | dpfl.core.base_simulator | Update norms — honest: ['2.19', '1.78', '1.77', '2.05', '0.73'], attacker: ['nan', 'nan', 'nan', 'nan', 'nan']
2026-05-14 13:00:58 | INFO    | dpfl.core.base_simulator | Round 110/150 | Acc: 0.7971 | Loss: 0.5861 | eps_max: 6.95 eps_avg: 5.20 | P: 1.00 R: 1.00 F1: 1.00
2026-05-14 13:00:58 | DEBUG   | dpfl.core.base_simulator | Update norms — honest: ['1.04', '1.74', '0.16', '0.97', '0.64'], attacker: ['nan', 'nan', 'nan', 'nan', 'nan']
2026-05-14 13:01:01 | INFO    | dpfl.core.base_simulator | Round 111/150 | Acc: 0.7971 | Loss: 0.5865 | eps_max: 7.26 eps_avg: 5.26 | P: 1.00 R: 1.00 F1: 1.00
2026-05-14 13:01:01 | DEBUG   | dpfl.core.base_simulator | Update norms — honest: ['1.89', '1.88', '1.81', '1.43', '0.61'], attacker: ['nan', 'nan', 'nan', 'nan', 'nan']
2026-05-14 13:01:03 | INFO    | dpfl.core.base_simulator | Round 112/150 | Acc: 0.7971 | Loss: 0.5867 | eps_max: 7.26 eps_avg: 5.29 | P: 1.00 R: 1.00 F1: 1.00
2026-05-14 13:01:03 | DEBUG   | dpfl.core.base_simulator | Update norms — honest: ['0.45', '0.50', '1.89', '1.33', '1.77'], attacker: ['nan', 'nan', 'nan', 'nan', 'nan']
2026-05-14 13:01:04 | INFO    | dpfl.core.base_simulator | Round 113/150 | Acc: 0.7975 | Loss: 0.5867 | eps_max: 7.26 eps_avg: 5.31 | P: 1.00 R: 1.00 F1: 1.00
2026-05-14 13:01:04 | DEBUG   | dpfl.core.base_simulator | Update norms — honest: ['1.80', '0.43', '1.17', '1.93', '1.68'], attacker: ['nan', 'nan', 'nan', 'nan', 'nan']
2026-05-14 13:01:06 | INFO    | dpfl.core.base_simulator | Round 114/150 | Acc: 0.7975 | Loss: 0.5875 | eps_max: 7.31 eps_avg: 5.34 | P: 1.00 R: 1.00 F1: 1.00
2026-05-14 13:01:06 | DEBUG   | dpfl.core.base_simulator | Update norms — honest: ['0.39', '1.63', '0.33', '1.36', '0.71'], attacker: ['nan', 'nan', 'nan', 'nan', 'nan']
2026-05-14 13:01:08 | INFO    | dpfl.core.base_simulator | Round 115/150 | Acc: 0.7971 | Loss: 0.5880 | eps_max: 7.31 eps_avg: 5.36 | P: 1.00 R: 1.00 F1: 1.00
2026-05-14 13:01:08 | DEBUG   | dpfl.core.base_simulator | Update norms — honest: ['2.14', '2.32', '1.42', '1.52', '2.87'], attacker: ['nan', 'nan', 'nan', 'nan', 'nan']
2026-05-14 13:01:10 | INFO    | dpfl.core.base_simulator | Round 116/150 | Acc: 0.7974 | Loss: 0.5881 | eps_max: 7.31 eps_avg: 5.39 | P: 1.00 R: 1.00 F1: 1.00
2026-05-14 13:01:10 | DEBUG   | dpfl.core.base_simulator | Update norms — honest: ['0.00', '1.32', '0.59', '1.57', '1.94'], attacker: ['nan', 'nan', 'nan', 'nan', 'nan']
2026-05-14 13:01:11 | INFO    | dpfl.core.base_simulator | Round 117/150 | Acc: 0.7974 | Loss: 0.5885 | eps_max: 7.31 eps_avg: 5.43 | P: 1.00 R: 1.00 F1: 1.00
2026-05-14 13:01:11 | DEBUG   | dpfl.core.base_simulator | Update norms — honest: ['0.46', '1.66', '0.15', '3.17', '1.66'], attacker: ['nan', 'nan', 'nan', 'nan', 'nan']
2026-05-14 13:01:13 | INFO    | dpfl.core.base_simulator | Round 118/150 | Acc: 0.7974 | Loss: 0.5891 | eps_max: 7.31 eps_avg: 5.46 | P: 1.00 R: 1.00 F1: 1.00
2026-05-14 13:01:13 | DEBUG   | dpfl.core.base_simulator | Update norms — honest: ['0.00', '0.42', '1.74', '1.43', '0.89'], attacker: ['nan', 'nan', 'nan', 'nan', 'nan']
2026-05-14 13:01:15 | INFO    | dpfl.core.base_simulator | Round 119/150 | Acc: 0.7975 | Loss: 0.5898 | eps_max: 7.31 eps_avg: 5.51 | P: 1.00 R: 1.00 F1: 1.00
2026-05-14 13:01:15 | DEBUG   | dpfl.core.base_simulator | Update norms — honest: ['1.41', '1.85', '1.05', '2.34', '2.03'], attacker: ['nan', 'nan', 'nan', 'nan', 'nan']
2026-05-14 13:01:17 | INFO    | dpfl.core.base_simulator | Round 120/150 | Acc: 0.7972 | Loss: 0.5902 | eps_max: 7.31 eps_avg: 5.55 | P: 1.00 R: 1.00 F1: 1.00
2026-05-14 13:01:17 | DEBUG   | dpfl.core.base_simulator | Update norms — honest: ['1.43', '1.76', '2.39', '1.29', '0.00'], attacker: ['nan', 'nan', 'nan', 'nan', 'nan']
2026-05-14 13:01:19 | INFO    | dpfl.core.base_simulator | Round 121/150 | Acc: 0.7974 | Loss: 0.5906 | eps_max: 7.43 eps_avg: 5.58 | P: 1.00 R: 1.00 F1: 1.00
2026-05-14 13:01:19 | DEBUG   | dpfl.core.base_simulator | Update norms — honest: ['1.52', '0.63', '1.57', '0.46', '0.94'], attacker: ['nan', 'nan', 'nan', 'nan', 'nan']
2026-05-14 13:01:21 | INFO    | dpfl.core.base_simulator | Round 122/150 | Acc: 0.7974 | Loss: 0.5910 | eps_max: 7.55 eps_avg: 5.60 | P: 1.00 R: 1.00 F1: 1.00
2026-05-14 13:01:21 | DEBUG   | dpfl.core.base_simulator | Update norms — honest: ['1.33', '1.32', '1.06', '2.37', '0.97'], attacker: ['nan', 'nan', 'nan', 'nan', 'nan']
2026-05-14 13:01:22 | INFO    | dpfl.core.base_simulator | Round 123/150 | Acc: 0.7974 | Loss: 0.5915 | eps_max: 7.55 eps_avg: 5.62 | P: 1.00 R: 1.00 F1: 1.00
2026-05-14 13:01:22 | DEBUG   | dpfl.core.base_simulator | Update norms — honest: ['0.67', '2.43', '0.80', '0.94', '1.95'], attacker: ['nan', 'nan', 'nan', 'nan', 'nan']
2026-05-14 13:01:24 | INFO    | dpfl.core.base_simulator | Round 124/150 | Acc: 0.7975 | Loss: 0.5920 | eps_max: 7.55 eps_avg: 5.63 | P: 1.00 R: 1.00 F1: 1.00
2026-05-14 13:01:24 | DEBUG   | dpfl.core.base_simulator | Update norms — honest: ['3.16', '1.58', '1.56', '1.98', '0.71'], attacker: ['nan', 'nan', 'nan', 'nan', 'nan']
2026-05-14 13:01:25 | INFO    | dpfl.core.base_simulator | Round 125/150 | Acc: 0.7976 | Loss: 0.5925 | eps_max: 7.55 eps_avg: 5.65 | P: 1.00 R: 1.00 F1: 1.00
2026-05-14 13:01:25 | DEBUG   | dpfl.core.base_simulator | Update norms — honest: ['1.02', '0.51', '0.62', '1.92', '1.28'], attacker: ['nan', 'nan', 'nan', 'nan', 'nan']
2026-05-14 13:01:27 | INFO    | dpfl.core.base_simulator | Round 126/150 | Acc: 0.7974 | Loss: 0.5930 | eps_max: 7.55 eps_avg: 5.67 | P: 1.00 R: 1.00 F1: 1.00
2026-05-14 13:01:27 | DEBUG   | dpfl.core.base_simulator | Update norms — honest: ['1.44', '0.81', '0.00', '0.92', '1.76'], attacker: ['nan', 'nan', 'nan', 'nan', 'nan']
2026-05-14 13:01:29 | INFO    | dpfl.core.base_simulator | Round 127/150 | Acc: 0.7974 | Loss: 0.5932 | eps_max: 7.55 eps_avg: 5.68 | P: 1.00 R: 1.00 F1: 1.00
2026-05-14 13:01:29 | DEBUG   | dpfl.core.base_simulator | Update norms — honest: ['1.89', '1.05', '1.45', '1.86', '1.68'], attacker: ['nan', 'nan', 'nan', 'nan', 'nan']
2026-05-14 13:01:30 | INFO    | dpfl.core.base_simulator | Round 128/150 | Acc: 0.7973 | Loss: 0.5943 | eps_max: 7.55 eps_avg: 5.71 | P: 1.00 R: 1.00 F1: 1.00
2026-05-14 13:01:30 | DEBUG   | dpfl.core.base_simulator | Update norms — honest: ['2.16', '1.23', '0.64', '0.83', '0.76'], attacker: ['nan', 'nan', 'nan', 'nan', 'nan']
2026-05-14 13:01:32 | INFO    | dpfl.core.base_simulator | Round 129/150 | Acc: 0.7975 | Loss: 0.5941 | eps_max: 7.55 eps_avg: 5.74 | P: 1.00 R: 1.00 F1: 1.00
2026-05-14 13:01:32 | DEBUG   | dpfl.core.base_simulator | Update norms — honest: ['0.00', '0.54', '0.97', '0.78', '0.96'], attacker: ['nan', 'nan', 'nan', 'nan', 'nan']
2026-05-14 13:01:34 | INFO    | dpfl.core.base_simulator | Round 130/150 | Acc: 0.7973 | Loss: 0.5953 | eps_max: 7.55 eps_avg: 5.77 | P: 1.00 R: 1.00 F1: 1.00
2026-05-14 13:01:34 | DEBUG   | dpfl.core.base_simulator | Update norms — honest: ['0.48', '0.82', '0.71', '1.57', '1.55'], attacker: ['nan', 'nan', 'nan', 'nan', 'nan']
2026-05-14 13:01:35 | INFO    | dpfl.core.base_simulator | Round 131/150 | Acc: 0.7975 | Loss: 0.5955 | eps_max: 7.55 eps_avg: 5.78 | P: 1.00 R: 1.00 F1: 1.00
2026-05-14 13:01:35 | DEBUG   | dpfl.core.base_simulator | Update norms — honest: ['0.59', '1.24', '0.86', '1.12', '2.80'], attacker: ['nan', 'nan', 'nan', 'nan', 'nan']
2026-05-14 13:01:37 | INFO    | dpfl.core.base_simulator | Round 132/150 | Acc: 0.7975 | Loss: 0.5959 | eps_max: 7.55 eps_avg: 5.80 | P: 1.00 R: 1.00 F1: 1.00
2026-05-14 13:01:37 | DEBUG   | dpfl.core.base_simulator | Update norms — honest: ['1.59', '1.43', '1.93', '2.15', '0.00'], attacker: ['nan', 'nan', 'nan', 'nan', 'nan']
2026-05-14 13:01:38 | INFO    | dpfl.core.base_simulator | Round 133/150 | Acc: 0.7974 | Loss: 0.5967 | eps_max: 7.62 eps_avg: 5.84 | P: 1.00 R: 1.00 F1: 1.00
2026-05-14 13:01:38 | DEBUG   | dpfl.core.base_simulator | Update norms — honest: ['2.65', '1.67', '0.87', '1.09', '0.92'], attacker: ['nan', 'nan', 'nan', 'nan', 'nan']
2026-05-14 13:01:40 | INFO    | dpfl.core.base_simulator | Round 134/150 | Acc: 0.7973 | Loss: 0.5974 | eps_max: 7.62 eps_avg: 5.86 | P: 1.00 R: 1.00 F1: 1.00
2026-05-14 13:01:40 | DEBUG   | dpfl.core.base_simulator | Update norms — honest: ['3.29', '0.97', '0.61', '0.83', '2.59'], attacker: ['nan', 'nan', 'nan', 'nan', 'nan']
2026-05-14 13:01:42 | INFO    | dpfl.core.base_simulator | Round 135/150 | Acc: 0.7973 | Loss: 0.5981 | eps_max: 7.62 eps_avg: 5.89 | P: 1.00 R: 1.00 F1: 1.00
2026-05-14 13:01:42 | DEBUG   | dpfl.core.base_simulator | Update norms — honest: ['2.20', '0.82', '0.79', '1.49', '3.35'], attacker: ['nan', 'nan', 'nan', 'nan', 'nan']
2026-05-14 13:01:44 | INFO    | dpfl.core.base_simulator | Round 136/150 | Acc: 0.7975 | Loss: 0.5985 | eps_max: 7.68 eps_avg: 5.91 | P: 1.00 R: 1.00 F1: 1.00
2026-05-14 13:01:44 | DEBUG   | dpfl.core.base_simulator | Update norms — honest: ['1.67', '3.39', '1.19', '2.12', '1.94'], attacker: ['nan', 'nan', 'nan', 'nan', 'nan']
2026-05-14 13:01:45 | INFO    | dpfl.core.base_simulator | Round 137/150 | Acc: 0.7973 | Loss: 0.5989 | eps_max: 7.69 eps_avg: 5.93 | P: 1.00 R: 1.00 F1: 1.00
2026-05-14 13:01:45 | DEBUG   | dpfl.core.base_simulator | Update norms — honest: ['1.48', '1.08', '1.45', '0.85', '1.91'], attacker: ['nan', 'nan', 'nan', 'nan', 'nan']
2026-05-14 13:01:47 | INFO    | dpfl.core.base_simulator | Round 138/150 | Acc: 0.7972 | Loss: 0.5997 | eps_max: 7.81 eps_avg: 5.95 | P: 1.00 R: 1.00 F1: 1.00
2026-05-14 13:01:47 | DEBUG   | dpfl.core.base_simulator | Update norms — honest: ['1.18', '1.50', '3.11', '1.58', '0.00'], attacker: ['nan', 'nan', 'nan', 'nan', 'nan']
2026-05-14 13:01:49 | INFO    | dpfl.core.base_simulator | Round 139/150 | Acc: 0.7972 | Loss: 0.6005 | eps_max: 7.81 eps_avg: 5.98 | P: 1.00 R: 1.00 F1: 1.00
2026-05-14 13:01:49 | DEBUG   | dpfl.core.base_simulator | Update norms — honest: ['1.66', '1.26', '1.24', '0.06', '1.44'], attacker: ['nan', 'nan', 'nan', 'nan', 'nan']
2026-05-14 13:01:51 | INFO    | dpfl.core.base_simulator | Round 140/150 | Acc: 0.7972 | Loss: 0.6011 | eps_max: 7.81 eps_avg: 6.00 | P: 1.00 R: 1.00 F1: 1.00
2026-05-14 13:01:51 | DEBUG   | dpfl.core.base_simulator | Update norms — honest: ['2.42', '1.60', '2.98', '2.19', '1.45'], attacker: ['nan', 'nan', 'nan', 'nan', 'nan']
2026-05-14 13:01:53 | INFO    | dpfl.core.base_simulator | Round 141/150 | Acc: 0.7971 | Loss: 0.6018 | eps_max: 7.81 eps_avg: 6.02 | P: 1.00 R: 1.00 F1: 1.00
2026-05-14 13:01:53 | DEBUG   | dpfl.core.base_simulator | Update norms — honest: ['2.12', '0.77', '1.58', '1.39', '0.07'], attacker: ['nan', 'nan', 'nan', 'nan', 'nan']
2026-05-14 13:01:55 | INFO    | dpfl.core.base_simulator | Round 142/150 | Acc: 0.7971 | Loss: 0.6028 | eps_max: 7.94 eps_avg: 6.04 | P: 1.00 R: 1.00 F1: 1.00
2026-05-14 13:01:55 | DEBUG   | dpfl.core.base_simulator | Update norms — honest: ['3.50', '0.72', '2.18', '1.28', '1.44'], attacker: ['nan', 'nan', 'nan', 'nan', 'nan']
2026-05-14 13:01:56 | INFO    | dpfl.core.base_simulator | Round 143/150 | Acc: 0.7973 | Loss: 0.6030 | eps_max: 7.94 eps_avg: 6.07 | P: 1.00 R: 1.00 F1: 1.00
2026-05-14 13:01:56 | DEBUG   | dpfl.core.base_simulator | Update norms — honest: ['1.59', '0.33', '2.12', '0.52', '1.07'], attacker: ['nan', 'nan', 'nan', 'nan', 'nan']
2026-05-14 13:01:58 | INFO    | dpfl.core.base_simulator | Round 144/150 | Acc: 0.7972 | Loss: 0.6036 | eps_max: 7.94 eps_avg: 6.09 | P: 1.00 R: 1.00 F1: 1.00
2026-05-14 13:01:58 | DEBUG   | dpfl.core.base_simulator | Update norms — honest: ['1.99', '0.15', '0.14', '0.36', '0.58'], attacker: ['nan', 'nan', 'nan', 'nan', 'nan']
2026-05-14 13:01:59 | INFO    | dpfl.core.base_simulator | Round 145/150 | Acc: 0.7972 | Loss: 0.6044 | eps_max: 7.94 eps_avg: 6.11 | P: 1.00 R: 1.00 F1: 1.00
2026-05-14 13:01:59 | DEBUG   | dpfl.core.base_simulator | Update norms — honest: ['1.45', '2.40', '0.00', '1.48', '0.92'], attacker: ['nan', 'nan', 'nan', 'nan', 'nan']
2026-05-14 13:02:01 | INFO    | dpfl.core.base_simulator | Round 146/150 | Acc: 0.7970 | Loss: 0.6051 | eps_max: 7.94 eps_avg: 6.14 | P: 1.00 R: 1.00 F1: 1.00
2026-05-14 13:02:01 | DEBUG   | dpfl.core.base_simulator | Update norms — honest: ['0.46', '0.00', '1.87', '2.20', '0.87'], attacker: ['nan', 'nan', 'nan', 'nan', 'nan']
2026-05-14 13:02:03 | INFO    | dpfl.core.base_simulator | Round 147/150 | Acc: 0.7971 | Loss: 0.6056 | eps_max: 7.94 eps_avg: 6.17 | P: 1.00 R: 1.00 F1: 1.00
2026-05-14 13:02:03 | DEBUG   | dpfl.core.base_simulator | Update norms — honest: ['0.00', '0.56', '0.47', '0.53', '0.85'], attacker: ['nan', 'nan', 'nan', 'nan', 'nan']
2026-05-14 13:02:05 | INFO    | dpfl.core.base_simulator | Round 148/150 | Acc: 0.7971 | Loss: 0.6059 | eps_max: 7.94 eps_avg: 6.20 | P: 1.00 R: 1.00 F1: 1.00
2026-05-14 13:02:05 | DEBUG   | dpfl.core.base_simulator | Update norms — honest: ['0.00', '0.00', '2.49', '0.36', '1.82'], attacker: ['nan', 'nan', 'nan', 'nan', 'nan']
2026-05-14 13:02:07 | INFO    | dpfl.core.base_simulator | Round 149/150 | Acc: 0.7971 | Loss: 0.6069 | eps_max: 7.94 eps_avg: 6.21 | P: 1.00 R: 1.00 F1: 1.00
2026-05-14 13:02:07 | DEBUG   | dpfl.core.base_simulator | Update norms — honest: ['3.11', '2.98', '2.00', '2.79', '1.59'], attacker: ['nan', 'nan', 'nan', 'nan', 'nan']
2026-05-14 13:02:09 | INFO    | dpfl.core.base_simulator | Round 150/150 | Acc: 0.7970 | Loss: 0.6076 | eps_max: 7.94 eps_avg: 6.23 | P: 1.00 R: 1.00 F1: 1.00
2026-05-14 13:02:09 | DEBUG   | dpfl.core.base_simulator | Update norms — honest: ['1.92', '1.74', '1.19', '0.33', '1.91'], attacker: ['nan', 'nan', 'nan', 'nan', 'nan']
2026-05-14 13:02:11 | INFO    | dpfl | Experiment complete in 698.4s
============================================================
REPORT: DP-SGD Decentralized Federated Learning
============================================================
Timestamp:                  20260514_125031
Rounds completed:           150
Attack-active rounds:       100  (from round 50)
Final accuracy:             0.7970
Final test loss:            0.6076
Final epsilon (max honest): 7.94
Final epsilon (avg honest): 6.23
Best alpha:                 1000.0
Avg precision:              1.0000
Avg recall:                 0.9715
Avg F1 score:               0.9926
Avg update norm (honest):   1.0961
Avg update norm (attacker): nan

eps_system (max honest): 7.9353
eps_avg (honest):        6.2326
eps_std (honest):        0.8646
n_frozen:                0/300
============================================================
