2026-05-14 13:13:47 | INFO    | dpfl | Experiment start: algorithm=noise_game, dataset=fashion_mnist, model=mlp, device=cuda
2026-05-14 13:13:47 | INFO    | dpfl | Config: nodes=500, attackers=200, rounds=150, noise_mode=none, attack=scale
2026-05-14 13:13:47 | INFO    | dpfl.data.fashion_mnist_dataset | Loading Fashion-MNIST dataset...
2026-05-14 13:13:47 | INFO    | dpfl.data.fashion_mnist_dataset | Fashion-MNIST loaded: 60000 train, 10000 test samples
2026-05-14 13:16:37 | INFO    | dpfl.core.base_simulator | Vectorized state ready: param_spec.D=50890, X_test=(10000, 1, 28, 28), train clients N=500, max_n_samples=1000
2026-05-14 13:16:37 | INFO    | dpfl.core.base_simulator | Setup complete: 500 nodes (200 attackers), param_dim=50890, split=iid
2026-05-14 13:16:37 | DEBUG   | dpfl.core.base_simulator | Attacker IDs: {0, 1, 2, 3, 4, 5, 6, 7, 8, 9, 10, 11, 12, 13, 14, 15, 16, 17, 18, 19, 20, 21, 22, 23, 24, 25, 26, 27, 28, 29, 30, 31, 32, 33, 34, 35, 36, 37, 38, 39, 40, 41, 42, 43, 44, 45, 46, 47, 48, 49, 50, 51, 52, 53, 54, 55, 56, 57, 58, 59, 60, 61, 62, 63, 64, 65, 66, 67, 68, 69, 70, 71, 72, 73, 74, 75, 76, 77, 78, 79, 80, 81, 82, 83, 84, 85, 86, 87, 88, 89, 90, 91, 92, 93, 94, 95, 96, 97, 98, 99, 100, 101, 102, 103, 104, 105, 106, 107, 108, 109, 110, 111, 112, 113, 114, 115, 116, 117, 118, 119, 120, 121, 122, 123, 124, 125, 126, 127, 128, 129, 130, 131, 132, 133, 134, 135, 136, 137, 138, 139, 140, 141, 142, 143, 144, 145, 146, 147, 148, 149, 150, 151, 152, 153, 154, 155, 156, 157, 158, 159, 160, 161, 162, 163, 164, 165, 166, 167, 168, 169, 170, 171, 172, 173, 174, 175, 176, 177, 178, 179, 180, 181, 182, 183, 184, 185, 186, 187, 188, 189, 190, 191, 192, 193, 194, 195, 196, 197, 198, 199}
2026-05-14 13:16:44 | INFO    | dpfl.core.base_simulator | Round   1/150 | Acc: 0.4581 | Loss: 1.9725 | eps_max: 1.91 eps_avg: 0.79 | P: nan R: nan F1: nan
2026-05-14 13:16:44 | DEBUG   | dpfl.core.base_simulator | Update norms — honest: ['0.56', '0.56', '0.56', '0.56', '0.57'], attacker: ['0.56', '0.57', '0.57', '0.56', '0.56']
2026-05-14 13:16:51 | INFO    | dpfl.core.base_simulator | Round   2/150 | Acc: 0.5717 | Loss: 1.7057 | eps_max: 1.95 eps_avg: 0.86 | P: nan R: nan F1: nan
2026-05-14 13:16:51 | DEBUG   | dpfl.core.base_simulator | Update norms — honest: ['0.56', '0.56', '0.56', '0.56', '0.56'], attacker: ['0.95', '0.97', '0.97', '0.96', '0.97']
2026-05-14 13:16:58 | INFO    | dpfl.core.base_simulator | Round   3/150 | Acc: 0.6214 | Loss: 1.4811 | eps_max: 2.06 eps_avg: 0.95 | P: nan R: nan F1: nan
2026-05-14 13:16:58 | DEBUG   | dpfl.core.base_simulator | Update norms — honest: ['0.55', '0.55', '0.55', '0.55', '0.55'], attacker: ['1.53', '1.51', '1.53', '1.55', '1.52']
2026-05-14 13:17:07 | INFO    | dpfl.core.base_simulator | Round   4/150 | Acc: 0.6507 | Loss: 1.3050 | eps_max: 2.22 eps_avg: 1.08 | P: nan R: nan F1: nan
2026-05-14 13:17:07 | DEBUG   | dpfl.core.base_simulator | Update norms — honest: ['0.55', '0.54', '0.55', '0.54', '0.55'], attacker: ['2.02', '2.04', '2.02', '2.04', '2.03']
2026-05-14 13:17:14 | INFO    | dpfl.core.base_simulator | Round   5/150 | Acc: 0.6730 | Loss: 1.1756 | eps_max: 2.42 eps_avg: 1.20 | P: nan R: nan F1: nan
2026-05-14 13:17:14 | DEBUG   | dpfl.core.base_simulator | Update norms — honest: ['0.54', '0.54', '0.54', '0.54', '0.54'], attacker: ['2.47', '2.49', '2.44', '2.42', '2.47']
2026-05-14 13:17:20 | INFO    | dpfl.core.base_simulator | Round   6/150 | Acc: 0.6906 | Loss: 1.0815 | eps_max: 2.46 eps_avg: 1.26 | P: nan R: nan F1: nan
2026-05-14 13:17:20 | DEBUG   | dpfl.core.base_simulator | Update norms — honest: ['0.54', '1.02', '1.02', '0.53', '1.02'], attacker: ['2.86', '2.92', '2.86', '2.87', '2.90']
2026-05-14 13:17:27 | INFO    | dpfl.core.base_simulator | Round   7/150 | Acc: 0.7022 | Loss: 1.0112 | eps_max: 2.51 eps_avg: 1.33 | P: nan R: nan F1: nan
2026-05-14 13:17:27 | DEBUG   | dpfl.core.base_simulator | Update norms — honest: ['0.97', '0.53', '0.89', '0.53', '0.53'], attacker: ['3.26', '3.29', '3.27', '3.22', '3.26']
2026-05-14 13:17:34 | INFO    | dpfl.core.base_simulator | Round   8/150 | Acc: 0.7103 | Loss: 0.9573 | eps_max: 2.57 eps_avg: 1.41 | P: nan R: nan F1: nan
2026-05-14 13:17:34 | DEBUG   | dpfl.core.base_simulator | Update norms — honest: ['0.53', '0.91', '0.83', '0.53', '0.52'], attacker: ['3.68', '3.54', '3.54', '3.64', '3.52']
2026-05-14 13:17:41 | INFO    | dpfl.core.base_simulator | Round   9/150 | Acc: 0.7165 | Loss: 0.9145 | eps_max: 2.63 eps_avg: 1.49 | P: nan R: nan F1: nan
2026-05-14 13:17:41 | DEBUG   | dpfl.core.base_simulator | Update norms — honest: ['0.52', '0.52', '0.93', '1.46', '0.52'], attacker: ['3.93', '3.86', '3.97', '3.99', '4.03']
2026-05-14 13:17:48 | INFO    | dpfl.core.base_simulator | Round  10/150 | Acc: 0.7226 | Loss: 0.8794 | eps_max: 2.69 eps_avg: 1.54 | P: nan R: nan F1: nan
2026-05-14 13:17:48 | DEBUG   | dpfl.core.base_simulator | Update norms — honest: ['0.84', '0.51', '0.75', '0.51', '0.72'], attacker: ['3.73', '4.23', '4.23', '4.33', '4.28']
2026-05-14 13:17:56 | INFO    | dpfl.core.base_simulator | Round  11/150 | Acc: 0.7276 | Loss: 0.8502 | eps_max: 2.74 eps_avg: 1.62 | P: nan R: nan F1: nan
2026-05-14 13:17:56 | DEBUG   | dpfl.core.base_simulator | Update norms — honest: ['0.51', '0.51', '0.93', '0.51', '0.51'], attacker: ['4.37', '4.44', '4.49', '4.65', '4.38']
2026-05-14 13:18:04 | INFO    | dpfl.core.base_simulator | Round  12/150 | Acc: 0.7322 | Loss: 0.8252 | eps_max: 2.80 eps_avg: 1.68 | P: nan R: nan F1: nan
2026-05-14 13:18:04 | DEBUG   | dpfl.core.base_simulator | Update norms — honest: ['0.51', '0.88', '0.92', '0.51', '1.34'], attacker: ['4.11', '4.59', '4.87', '4.98', '4.56']
2026-05-14 13:18:10 | INFO    | dpfl.core.base_simulator | Round  13/150 | Acc: 0.7362 | Loss: 0.8039 | eps_max: 2.87 eps_avg: 1.73 | P: nan R: nan F1: nan
2026-05-14 13:18:10 | DEBUG   | dpfl.core.base_simulator | Update norms — honest: ['1.36', '0.50', '1.88', '1.41', '0.90'], attacker: ['4.78', '4.82', '4.57', '4.91', '5.07']
2026-05-14 13:18:17 | INFO    | dpfl.core.base_simulator | Round  14/150 | Acc: 0.7398 | Loss: 0.7853 | eps_max: 2.96 eps_avg: 1.78 | P: nan R: nan F1: nan
2026-05-14 13:18:17 | DEBUG   | dpfl.core.base_simulator | Update norms — honest: ['0.85', '0.90', '0.50', '0.49', '0.85'], attacker: ['5.14', '5.04', '4.80', '5.40', '5.43']
2026-05-14 13:18:24 | INFO    | dpfl.core.base_simulator | Round  15/150 | Acc: 0.7431 | Loss: 0.7692 | eps_max: 3.07 eps_avg: 1.83 | P: nan R: nan F1: nan
2026-05-14 13:18:24 | DEBUG   | dpfl.core.base_simulator | Update norms — honest: ['0.67', '0.49', '1.85', '0.49', '0.49'], attacker: ['5.49', '5.54', '5.74', '5.71', '5.48']
2026-05-14 13:18:31 | INFO    | dpfl.core.base_simulator | Round  16/150 | Acc: 0.7461 | Loss: 0.7549 | eps_max: 3.19 eps_avg: 1.89 | P: nan R: nan F1: nan
2026-05-14 13:18:31 | DEBUG   | dpfl.core.base_simulator | Update norms — honest: ['0.71', '0.89', '1.85', '1.28', '0.48'], attacker: ['5.53', '5.99', '5.17', '5.75', '5.37']
2026-05-14 13:18:39 | INFO    | dpfl.core.base_simulator | Round  17/150 | Acc: 0.7489 | Loss: 0.7422 | eps_max: 3.28 eps_avg: 1.93 | P: nan R: nan F1: nan
2026-05-14 13:18:39 | DEBUG   | dpfl.core.base_simulator | Update norms — honest: ['0.87', '1.33', '1.72', '0.48', '1.37'], attacker: ['5.82', '6.08', '5.87', '6.09', '4.51']
2026-05-14 13:18:46 | INFO    | dpfl.core.base_simulator | Round  18/150 | Acc: 0.7517 | Loss: 0.7308 | eps_max: 3.43 eps_avg: 2.01 | P: nan R: nan F1: nan
2026-05-14 13:18:46 | DEBUG   | dpfl.core.base_simulator | Update norms — honest: ['1.07', '1.73', '0.48', '0.79', '0.90'], attacker: ['5.87', '6.26', '5.73', '5.87', '5.14']
2026-05-14 13:18:54 | INFO    | dpfl.core.base_simulator | Round  19/150 | Acc: 0.7543 | Loss: 0.7205 | eps_max: 3.52 eps_avg: 2.08 | P: nan R: nan F1: nan
2026-05-14 13:18:54 | DEBUG   | dpfl.core.base_simulator | Update norms — honest: ['0.47', '1.63', '0.47', '0.88', '0.47'], attacker: ['5.70', '5.99', '6.08', '6.56', '6.43']
2026-05-14 13:19:01 | INFO    | dpfl.core.base_simulator | Round  20/150 | Acc: 0.7562 | Loss: 0.7112 | eps_max: 3.57 eps_avg: 2.15 | P: nan R: nan F1: nan
2026-05-14 13:19:01 | DEBUG   | dpfl.core.base_simulator | Update norms — honest: ['0.98', '1.48', '1.59', '1.08', '0.47'], attacker: ['5.19', '6.08', '6.56', '6.41', '6.43']
2026-05-14 13:19:08 | INFO    | dpfl.core.base_simulator | Round  21/150 | Acc: 0.7584 | Loss: 0.7026 | eps_max: 3.61 eps_avg: 2.21 | P: nan R: nan F1: nan
2026-05-14 13:19:08 | DEBUG   | dpfl.core.base_simulator | Update norms — honest: ['0.46', '0.46', '1.63', '0.54', '0.70'], attacker: ['4.48', '6.70', '6.21', '6.29', '6.66']
2026-05-14 13:19:15 | INFO    | dpfl.core.base_simulator | Round  22/150 | Acc: 0.7602 | Loss: 0.6951 | eps_max: 3.66 eps_avg: 2.26 | P: nan R: nan F1: nan
2026-05-14 13:19:15 | DEBUG   | dpfl.core.base_simulator | Update norms — honest: ['1.15', '0.83', '0.53', '0.86', '0.46'], attacker: ['4.80', '6.71', '5.33', '6.21', '6.87']
2026-05-14 13:19:23 | INFO    | dpfl.core.base_simulator | Round  23/150 | Acc: 0.7620 | Loss: 0.6876 | eps_max: 3.70 eps_avg: 2.32 | P: nan R: nan F1: nan
2026-05-14 13:19:23 | DEBUG   | dpfl.core.base_simulator | Update norms — honest: ['0.82', '1.23', '1.40', '0.72', '0.83'], attacker: ['6.36', '6.48', '5.75', '6.49', '6.20']
2026-05-14 13:19:30 | INFO    | dpfl.core.base_simulator | Round  24/150 | Acc: 0.7638 | Loss: 0.6812 | eps_max: 3.73 eps_avg: 2.38 | P: nan R: nan F1: nan
2026-05-14 13:19:30 | DEBUG   | dpfl.core.base_simulator | Update norms — honest: ['1.62', '0.38', '1.25', '1.53', '0.45'], attacker: ['6.72', '7.14', '6.30', '7.24', '6.11']
2026-05-14 13:19:37 | INFO    | dpfl.core.base_simulator | Round  25/150 | Acc: 0.7655 | Loss: 0.6750 | eps_max: 3.79 eps_avg: 2.43 | P: nan R: nan F1: nan
2026-05-14 13:19:37 | DEBUG   | dpfl.core.base_simulator | Update norms — honest: ['2.09', '1.14', '0.44', '0.80', '0.66'], attacker: ['5.91', '7.19', '7.35', '7.00', '6.24']
2026-05-14 13:19:45 | INFO    | dpfl.core.base_simulator | Round  26/150 | Acc: 0.7669 | Loss: 0.6696 | eps_max: 3.84 eps_avg: 2.49 | P: nan R: nan F1: nan
2026-05-14 13:19:45 | DEBUG   | dpfl.core.base_simulator | Update norms — honest: ['0.44', '0.70', '0.77', '0.99', '0.44'], attacker: ['6.80', '6.75', '7.47', '7.34', '6.39']
2026-05-14 13:19:52 | INFO    | dpfl.core.base_simulator | Round  27/150 | Acc: 0.7682 | Loss: 0.6641 | eps_max: 3.87 eps_avg: 2.54 | P: nan R: nan F1: nan
2026-05-14 13:19:52 | DEBUG   | dpfl.core.base_simulator | Update norms — honest: ['1.14', '0.41', '1.79', '0.99', '0.43'], attacker: ['7.38', '6.71', '7.27', '7.23', '6.59']
2026-05-14 13:20:00 | INFO    | dpfl.core.base_simulator | Round  28/150 | Acc: 0.7698 | Loss: 0.6592 | eps_max: 3.92 eps_avg: 2.59 | P: nan R: nan F1: nan
2026-05-14 13:20:00 | DEBUG   | dpfl.core.base_simulator | Update norms — honest: ['0.60', '0.43', '0.43', '1.21', '1.75'], attacker: ['7.54', '6.87', '6.39', '7.52', '5.77']
2026-05-14 13:20:07 | INFO    | dpfl.core.base_simulator | Round  29/150 | Acc: 0.7712 | Loss: 0.6545 | eps_max: 3.98 eps_avg: 2.63 | P: nan R: nan F1: nan
2026-05-14 13:20:07 | DEBUG   | dpfl.core.base_simulator | Update norms — honest: ['1.23', '0.43', '1.24', '1.41', '0.97'], attacker: ['7.35', '7.23', '5.95', '7.26', '5.01']
2026-05-14 13:20:15 | INFO    | dpfl.core.base_simulator | Round  30/150 | Acc: 0.7723 | Loss: 0.6502 | eps_max: 4.03 eps_avg: 2.67 | P: nan R: nan F1: nan
2026-05-14 13:20:15 | DEBUG   | dpfl.core.base_simulator | Update norms — honest: ['0.44', '0.99', '0.70', '1.43', '0.42'], attacker: ['6.71', '7.34', '5.94', '6.69', '6.14']
2026-05-14 13:20:23 | INFO    | dpfl.core.base_simulator | Round  31/150 | Acc: 0.7735 | Loss: 0.6461 | eps_max: 4.09 eps_avg: 2.73 | P: nan R: nan F1: nan
2026-05-14 13:20:23 | DEBUG   | dpfl.core.base_simulator | Update norms — honest: ['2.09', '0.67', '2.11', '0.42', '0.37'], attacker: ['5.62', '7.39', '6.82', '6.71', '5.81']
2026-05-14 13:20:30 | INFO    | dpfl.core.base_simulator | Round  32/150 | Acc: 0.7747 | Loss: 0.6422 | eps_max: 4.14 eps_avg: 2.76 | P: nan R: nan F1: nan
2026-05-14 13:20:30 | DEBUG   | dpfl.core.base_simulator | Update norms — honest: ['0.60', '0.63', '1.06', '0.41', '1.06'], attacker: ['6.65', '6.96', '7.03', '7.19', '5.78']
2026-05-14 13:20:37 | INFO    | dpfl.core.base_simulator | Round  33/150 | Acc: 0.7756 | Loss: 0.6388 | eps_max: 4.19 eps_avg: 2.80 | P: nan R: nan F1: nan
2026-05-14 13:20:37 | DEBUG   | dpfl.core.base_simulator | Update norms — honest: ['0.91', '0.41', '1.57', '0.62', '1.50'], attacker: ['6.09', '7.09', '6.52', '6.73', '7.18']
2026-05-14 13:20:44 | INFO    | dpfl.core.base_simulator | Round  34/150 | Acc: 0.7767 | Loss: 0.6353 | eps_max: 4.23 eps_avg: 2.84 | P: nan R: nan F1: nan
2026-05-14 13:20:44 | DEBUG   | dpfl.core.base_simulator | Update norms — honest: ['0.97', '1.64', '0.40', '0.49', '0.41'], attacker: ['4.67', '6.45', '6.54', '7.21', '5.82']
2026-05-14 13:20:53 | INFO    | dpfl.core.base_simulator | Round  35/150 | Acc: 0.7777 | Loss: 0.6321 | eps_max: 4.28 eps_avg: 2.87 | P: nan R: nan F1: nan
2026-05-14 13:20:53 | DEBUG   | dpfl.core.base_simulator | Update norms — honest: ['0.77', '0.58', '0.40', '0.52', '0.39'], attacker: ['5.25', '7.20', '6.29', '7.37', '5.43']
2026-05-14 13:21:00 | INFO    | dpfl.core.base_simulator | Round  36/150 | Acc: 0.7785 | Loss: 0.6291 | eps_max: 4.37 eps_avg: 2.90 | P: nan R: nan F1: nan
2026-05-14 13:21:00 | DEBUG   | dpfl.core.base_simulator | Update norms — honest: ['0.62', '0.60', '1.43', '1.08', '0.40'], attacker: ['6.12', '6.03', '6.39', '5.72', '5.40']
2026-05-14 13:21:08 | INFO    | dpfl.core.base_simulator | Round  37/150 | Acc: 0.7789 | Loss: 0.6266 | eps_max: 4.42 eps_avg: 2.94 | P: nan R: nan F1: nan
2026-05-14 13:21:08 | DEBUG   | dpfl.core.base_simulator | Update norms — honest: ['0.39', '0.31', '0.90', '0.69', '1.16'], attacker: ['5.57', '6.38', '6.19', '5.71', '6.27']
2026-05-14 13:21:15 | INFO    | dpfl.core.base_simulator | Round  38/150 | Acc: 0.7799 | Loss: 0.6242 | eps_max: 4.58 eps_avg: 2.98 | P: nan R: nan F1: nan
2026-05-14 13:21:15 | DEBUG   | dpfl.core.base_simulator | Update norms — honest: ['2.47', '0.36', '1.88', '1.44', '0.52'], attacker: ['5.17', '6.84', '6.42', '5.92', '7.16']
2026-05-14 13:21:23 | INFO    | dpfl.core.base_simulator | Round  39/150 | Acc: 0.7807 | Loss: 0.6213 | eps_max: 4.66 eps_avg: 3.01 | P: nan R: nan F1: nan
2026-05-14 13:21:23 | DEBUG   | dpfl.core.base_simulator | Update norms — honest: ['0.25', '1.06', '2.27', '0.64', '0.58'], attacker: ['6.18', '6.17', '6.08', '7.50', '6.21']
2026-05-14 13:21:30 | INFO    | dpfl.core.base_simulator | Round  40/150 | Acc: 0.7814 | Loss: 0.6190 | eps_max: 4.73 eps_avg: 3.04 | P: nan R: nan F1: nan
2026-05-14 13:21:30 | DEBUG   | dpfl.core.base_simulator | Update norms — honest: ['1.07', '0.92', '0.38', '1.43', '0.92'], attacker: ['6.87', '6.65', '6.73', '6.84', '6.81']
2026-05-14 13:21:38 | INFO    | dpfl.core.base_simulator | Round  41/150 | Acc: 0.7821 | Loss: 0.6168 | eps_max: 4.85 eps_avg: 3.08 | P: nan R: nan F1: nan
2026-05-14 13:21:38 | DEBUG   | dpfl.core.base_simulator | Update norms — honest: ['2.26', '0.60', '0.51', '0.74', '1.66'], attacker: ['5.29', '5.81', '7.20', '6.06', '5.67']
2026-05-14 13:21:45 | INFO    | dpfl.core.base_simulator | Round  42/150 | Acc: 0.7829 | Loss: 0.6146 | eps_max: 4.90 eps_avg: 3.10 | P: nan R: nan F1: nan
2026-05-14 13:21:45 | DEBUG   | dpfl.core.base_simulator | Update norms — honest: ['1.03', '1.61', '1.04', '0.73', '0.67'], attacker: ['4.54', '5.86', '7.04', '6.74', '5.19']
2026-05-14 13:21:53 | INFO    | dpfl.core.base_simulator | Round  43/150 | Acc: 0.7833 | Loss: 0.6128 | eps_max: 4.95 eps_avg: 3.14 | P: nan R: nan F1: nan
2026-05-14 13:21:53 | DEBUG   | dpfl.core.base_simulator | Update norms — honest: ['1.11', '0.94', '0.57', '1.55', '0.97'], attacker: ['3.10', '7.10', '5.53', '6.97', '4.48']
2026-05-14 13:22:00 | INFO    | dpfl.core.base_simulator | Round  44/150 | Acc: 0.7841 | Loss: 0.6105 | eps_max: 4.98 eps_avg: 3.18 | P: nan R: nan F1: nan
2026-05-14 13:22:00 | DEBUG   | dpfl.core.base_simulator | Update norms — honest: ['0.96', '1.67', '1.36', '0.63', '1.50'], attacker: ['1.71', '6.51', '5.37', '7.81', '4.49']
2026-05-14 13:22:08 | INFO    | dpfl.core.base_simulator | Round  45/150 | Acc: 0.7848 | Loss: 0.6085 | eps_max: 5.01 eps_avg: 3.23 | P: nan R: nan F1: nan
2026-05-14 13:22:08 | DEBUG   | dpfl.core.base_simulator | Update norms — honest: ['1.93', '0.36', '1.07', '1.01', '0.35'], attacker: ['4.59', '6.90', '5.85', '6.98', '5.65']
2026-05-14 13:22:16 | INFO    | dpfl.core.base_simulator | Round  46/150 | Acc: 0.7853 | Loss: 0.6069 | eps_max: 5.08 eps_avg: 3.26 | P: nan R: nan F1: nan
2026-05-14 13:22:16 | DEBUG   | dpfl.core.base_simulator | Update norms — honest: ['0.74', '0.83', '1.04', '1.19', '1.22'], attacker: ['3.71', '5.84', '5.68', '6.57', '5.62']
2026-05-14 13:22:23 | INFO    | dpfl.core.base_simulator | Round  47/150 | Acc: 0.7859 | Loss: 0.6052 | eps_max: 5.14 eps_avg: 3.29 | P: nan R: nan F1: nan
2026-05-14 13:22:23 | DEBUG   | dpfl.core.base_simulator | Update norms — honest: ['1.33', '1.19', '1.47', '1.72', '0.72'], attacker: ['5.57', '6.97', '6.24', '6.70', '5.97']
2026-05-14 13:22:31 | INFO    | dpfl.core.base_simulator | Round  48/150 | Acc: 0.7862 | Loss: 0.6037 | eps_max: 5.29 eps_avg: 3.33 | P: nan R: nan F1: nan
2026-05-14 13:22:31 | DEBUG   | dpfl.core.base_simulator | Update norms — honest: ['0.40', '1.14', '2.17', '0.35', '0.94'], attacker: ['4.39', '6.97', '6.27', '5.97', '5.84']
2026-05-14 13:22:38 | INFO    | dpfl.core.base_simulator | Round  49/150 | Acc: 0.7869 | Loss: 0.6022 | eps_max: 5.43 eps_avg: 3.35 | P: nan R: nan F1: nan
2026-05-14 13:22:38 | DEBUG   | dpfl.core.base_simulator | Update norms — honest: ['1.33', '2.26', '0.54', '1.00', '0.49'], attacker: ['3.53', '5.65', '5.88', '6.25', '5.46']
2026-05-14 13:22:45 | INFO    | dpfl.core.base_simulator | Round  50/150 | Acc: 0.7874 | Loss: 0.6007 | eps_max: 5.52 eps_avg: 3.37 | P: nan R: nan F1: nan
2026-05-14 13:22:45 | DEBUG   | dpfl.core.base_simulator | Update norms — honest: ['3.00', '0.24', '0.82', '1.00', '0.91'], attacker: ['4.28', '5.44', '5.37', '5.24', '6.05']
2026-05-14 13:22:47 | INFO    | dpfl.core.base_simulator | Round  51/150 | Acc: 0.7865 | Loss: 0.6031 | eps_max: 5.07 eps_avg: 2.67 | P: nan R: 0.00 F1: nan
2026-05-14 13:22:47 | DEBUG   | dpfl.core.base_simulator | Update norms — honest: ['0.13', '0.47', '0.47', '1.29', '0.34'], attacker: ['3.98', '5.49', '5.00', '5.18', '4.79']
2026-05-14 13:22:49 | INFO    | dpfl.core.base_simulator | Round  52/150 | Acc: 0.7880 | Loss: 0.5988 | eps_max: 5.19 eps_avg: 2.70 | P: 1.00 R: 1.00 F1: 1.00
2026-05-14 13:22:49 | DEBUG   | dpfl.core.base_simulator | Update norms — honest: ['0.44', '1.26', '0.98', '0.56', '1.14'], attacker: ['22.18', '27.17', '28.44', '28.01', '31.90']
2026-05-14 13:22:51 | INFO    | dpfl.core.base_simulator | Round  53/150 | Acc: 0.7884 | Loss: 0.5977 | eps_max: 5.19 eps_avg: 2.75 | P: 1.00 R: 1.00 F1: 1.00
2026-05-14 13:22:51 | DEBUG   | dpfl.core.base_simulator | Update norms — honest: ['0.34', '0.72', '1.76', '0.34', '1.95'], attacker: ['156.22', '131.83', '157.79', '158.09', '212.53']
2026-05-14 13:22:52 | INFO    | dpfl.core.base_simulator | Round  54/150 | Acc: 0.7888 | Loss: 0.5964 | eps_max: 5.19 eps_avg: 2.78 | P: 1.00 R: 1.00 F1: 1.00
2026-05-14 13:22:52 | DEBUG   | dpfl.core.base_simulator | Update norms — honest: ['1.16', '0.33', '0.45', '0.34', '0.61'], attacker: ['1205.84', '1012.82', '1182.93', '1133.34', '1415.84']
2026-05-14 13:22:54 | INFO    | dpfl.core.base_simulator | Round  55/150 | Acc: 0.7892 | Loss: 0.5953 | eps_max: 5.19 eps_avg: 2.80 | P: 1.00 R: 1.00 F1: 1.00
2026-05-14 13:22:54 | DEBUG   | dpfl.core.base_simulator | Update norms — honest: ['2.03', '2.05', '0.35', '0.82', '0.82'], attacker: ['10530.18', '9637.76', '9722.04', '9029.73', '11425.61']
2026-05-14 13:22:56 | INFO    | dpfl.core.base_simulator | Round  56/150 | Acc: 0.7894 | Loss: 0.5944 | eps_max: 5.19 eps_avg: 2.82 | P: 1.00 R: 1.00 F1: 1.00
2026-05-14 13:22:56 | DEBUG   | dpfl.core.base_simulator | Update norms — honest: ['1.70', '0.89', '0.37', '1.06', '0.62'], attacker: ['90140.77', '89052.02', '72373.74', '73912.17', '93550.77']
2026-05-14 13:22:57 | INFO    | dpfl.core.base_simulator | Round  57/150 | Acc: 0.7901 | Loss: 0.5929 | eps_max: 5.26 eps_avg: 2.85 | P: 1.00 R: 1.00 F1: 1.00
2026-05-14 13:22:57 | DEBUG   | dpfl.core.base_simulator | Update norms — honest: ['0.40', '0.56', '0.88', '1.11', '0.43'], attacker: ['863393.75', '920895.31', '723130.31', '855360.38', '956941.12']
2026-05-14 13:22:59 | INFO    | dpfl.core.base_simulator | Round  58/150 | Acc: 0.7900 | Loss: 0.5924 | eps_max: 5.30 eps_avg: 2.94 | P: 1.00 R: 1.00 F1: 1.00
2026-05-14 13:22:59 | DEBUG   | dpfl.core.base_simulator | Update norms — honest: ['1.46', '0.50', '0.71', '1.04', '0.95'], attacker: ['7923717.00', '8205805.50', '7452503.00', '7312179.50', '8529555.00']
2026-05-14 13:23:01 | INFO    | dpfl.core.base_simulator | Round  59/150 | Acc: 0.7906 | Loss: 0.5912 | eps_max: 5.30 eps_avg: 3.03 | P: 1.00 R: 1.00 F1: 1.00
2026-05-14 13:23:01 | DEBUG   | dpfl.core.base_simulator | Update norms — honest: ['1.49', '0.96', '0.34', '0.92', '2.45'], attacker: ['85256880.00', '89097008.00', '81036520.00', '87589624.00', '94424376.00']
2026-05-14 13:23:03 | INFO    | dpfl.core.base_simulator | Round  60/150 | Acc: 0.7908 | Loss: 0.5906 | eps_max: 5.30 eps_avg: 3.06 | P: 1.00 R: 1.00 F1: 1.00
2026-05-14 13:23:03 | DEBUG   | dpfl.core.base_simulator | Update norms — honest: ['1.01', '0.73', '0.88', '0.96', '0.43'], attacker: ['832904704.00', '849127168.00', '765686976.00', '844485952.00', '814582464.00']
2026-05-14 13:23:04 | INFO    | dpfl.core.base_simulator | Round  61/150 | Acc: 0.7911 | Loss: 0.5900 | eps_max: 5.30 eps_avg: 3.07 | P: 1.00 R: 1.00 F1: 1.00
2026-05-14 13:23:04 | DEBUG   | dpfl.core.base_simulator | Update norms — honest: ['1.35', '0.87', '0.44', '1.03', '1.31'], attacker: ['8706808832.00', '9427760128.00', '8911044608.00', '9424097280.00', '9709618176.00']
2026-05-14 13:23:06 | INFO    | dpfl.core.base_simulator | Round  62/150 | Acc: 0.7912 | Loss: 0.5894 | eps_max: 5.31 eps_avg: 3.12 | P: 1.00 R: 1.00 F1: 1.00
2026-05-14 13:23:06 | DEBUG   | dpfl.core.base_simulator | Update norms — honest: ['0.48', '0.34', '2.22', '0.99', '1.13'], attacker: ['82187190272.00', '93954285568.00', '86922977280.00', '87234928640.00', '89191686144.00']
2026-05-14 13:23:08 | INFO    | dpfl.core.base_simulator | Round  63/150 | Acc: 0.7917 | Loss: 0.5881 | eps_max: 5.37 eps_avg: 3.18 | P: 1.00 R: 1.00 F1: 1.00
2026-05-14 13:23:08 | DEBUG   | dpfl.core.base_simulator | Update norms — honest: ['1.82', '0.34', '0.99', '0.82', '1.17'], attacker: ['972009504768.00', '1028208001024.00', '1006691024896.00', '1051982888960.00', '1067599003648.00']
2026-05-14 13:23:10 | INFO    | dpfl.core.base_simulator | Round  64/150 | Acc: 0.7920 | Loss: 0.5876 | eps_max: 5.37 eps_avg: 3.23 | P: 1.00 R: 1.00 F1: 1.00
2026-05-14 13:23:10 | DEBUG   | dpfl.core.base_simulator | Update norms — honest: ['0.85', '1.08', '0.87', '0.42', '0.81'], attacker: ['8943978938368.00', '9765072666624.00', '9625168510976.00', '11285454389248.00', '11631681601536.00']
2026-05-14 13:23:12 | INFO    | dpfl.core.base_simulator | Round  65/150 | Acc: 0.7923 | Loss: 0.5871 | eps_max: 5.37 eps_avg: 3.29 | P: 1.00 R: 1.00 F1: 1.00
2026-05-14 13:23:12 | DEBUG   | dpfl.core.base_simulator | Update norms — honest: ['1.89', '1.27', '1.94', '0.82', '0.81'], attacker: ['119347276152832.00', '120725910323200.00', '118443353309184.00', '120498235113472.00', '123562711056384.00']
2026-05-14 13:23:14 | INFO    | dpfl.core.base_simulator | Round  66/150 | Acc: 0.7926 | Loss: 0.5862 | eps_max: 5.41 eps_avg: 3.32 | P: 1.00 R: 1.00 F1: 1.00
2026-05-14 13:23:14 | DEBUG   | dpfl.core.base_simulator | Update norms — honest: ['0.28', '0.90', '1.74', '0.61', '0.08'], attacker: ['1274748306718720.00', '1288769630109696.00', '1335089241784320.00', '1171000418893824.00', '1245713254055936.00']
2026-05-14 13:23:15 | INFO    | dpfl.core.base_simulator | Round  67/150 | Acc: 0.7931 | Loss: 0.5855 | eps_max: 5.41 eps_avg: 3.35 | P: 1.00 R: 1.00 F1: 1.00
2026-05-14 13:23:15 | DEBUG   | dpfl.core.base_simulator | Update norms — honest: ['1.90', '1.26', '1.63', '1.55', '0.24'], attacker: ['14896192123043840.00', '15383357378527232.00', '15086423740776448.00', '14694848351174656.00', '14901663911378944.00']
2026-05-14 13:23:17 | INFO    | dpfl.core.base_simulator | Round  68/150 | Acc: 0.7929 | Loss: 0.5855 | eps_max: 5.41 eps_avg: 3.44 | P: 1.00 R: 1.00 F1: 1.00
2026-05-14 13:23:17 | DEBUG   | dpfl.core.base_simulator | Update norms — honest: ['0.34', '2.18', '0.78', '0.93', '0.70'], attacker: ['153406765705199616.00', '136209510493585408.00', '145630727415791616.00', '134535899177287680.00', '135113125602000896.00']
2026-05-14 13:23:19 | INFO    | dpfl.core.base_simulator | Round  69/150 | Acc: 0.7932 | Loss: 0.5849 | eps_max: 5.41 eps_avg: 3.49 | P: 1.00 R: 1.00 F1: 1.00
2026-05-14 13:23:19 | DEBUG   | dpfl.core.base_simulator | Update norms — honest: ['0.34', '1.36', '0.38', '0.64', '1.52'], attacker: ['1766193081574490112.00', '1744433334143942656.00', '1815833282789507072.00', '1733431483357462528.00', '1687831987374522368.00']
2026-05-14 13:23:21 | INFO    | dpfl.core.base_simulator | Round  70/150 | Acc: 0.7934 | Loss: 0.5845 | eps_max: 5.55 eps_avg: 3.52 | P: 1.00 R: 1.00 F1: 1.00
2026-05-14 13:23:21 | DEBUG   | dpfl.core.base_simulator | Update norms — honest: ['0.17', '0.96', '0.46', '2.11', '0.62'], attacker: ['16190208663443472384.00', '18046173296013082624.00', '17671238731429838848.00', '15605817133768900608.00', '18383814625205420032.00']
2026-05-14 13:23:23 | INFO    | dpfl.core.base_simulator | Round  71/150 | Acc: 0.7937 | Loss: 0.5838 | eps_max: 5.55 eps_avg: 3.55 | P: 1.00 R: 1.00 F1: 1.00
2026-05-14 13:23:23 | DEBUG   | dpfl.core.base_simulator | Update norms — honest: ['1.58', '0.55', '1.59', '1.97', '1.32'], attacker: ['nan', 'nan', 'nan', 'nan', 'nan']
2026-05-14 13:23:25 | INFO    | dpfl.core.base_simulator | Round  72/150 | Acc: 0.7938 | Loss: 0.5836 | eps_max: 5.55 eps_avg: 3.58 | P: 1.00 R: 1.00 F1: 1.00
2026-05-14 13:23:25 | DEBUG   | dpfl.core.base_simulator | Update norms — honest: ['1.09', '1.04', '0.77', '1.06', '0.40'], attacker: ['nan', 'nan', 'nan', 'nan', 'nan']
2026-05-14 13:23:26 | INFO    | dpfl.core.base_simulator | Round  73/150 | Acc: 0.7940 | Loss: 0.5833 | eps_max: 5.55 eps_avg: 3.64 | P: 1.00 R: 1.00 F1: 1.00
2026-05-14 13:23:26 | DEBUG   | dpfl.core.base_simulator | Update norms — honest: ['1.38', '1.27', '0.71', '1.54', '1.39'], attacker: ['nan', 'nan', 'nan', 'nan', 'nan']
2026-05-14 13:23:29 | INFO    | dpfl.core.base_simulator | Round  74/150 | Acc: 0.7940 | Loss: 0.5833 | eps_max: 5.55 eps_avg: 3.70 | P: 1.00 R: 1.00 F1: 1.00
2026-05-14 13:23:29 | DEBUG   | dpfl.core.base_simulator | Update norms — honest: ['1.82', '2.08', '0.44', '1.28', '0.92'], attacker: ['nan', 'nan', 'nan', 'nan', 'nan']
2026-05-14 13:23:30 | INFO    | dpfl.core.base_simulator | Round  75/150 | Acc: 0.7942 | Loss: 0.5828 | eps_max: 5.55 eps_avg: 3.76 | P: 1.00 R: 1.00 F1: 1.00
2026-05-14 13:23:30 | DEBUG   | dpfl.core.base_simulator | Update norms — honest: ['0.44', '1.45', '1.07', '0.36', '0.64'], attacker: ['nan', 'nan', 'nan', 'nan', 'nan']
2026-05-14 13:23:32 | INFO    | dpfl.core.base_simulator | Round  76/150 | Acc: 0.7944 | Loss: 0.5825 | eps_max: 5.55 eps_avg: 3.79 | P: 1.00 R: 1.00 F1: 1.00
2026-05-14 13:23:32 | DEBUG   | dpfl.core.base_simulator | Update norms — honest: ['1.91', '0.65', '1.00', '0.32', '2.20'], attacker: ['nan', 'nan', 'nan', 'nan', 'nan']
2026-05-14 13:23:34 | INFO    | dpfl.core.base_simulator | Round  77/150 | Acc: 0.7949 | Loss: 0.5820 | eps_max: 5.55 eps_avg: 3.85 | P: 1.00 R: 1.00 F1: 1.00
2026-05-14 13:23:34 | DEBUG   | dpfl.core.base_simulator | Update norms — honest: ['0.34', '0.71', '1.88', '0.34', '0.46'], attacker: ['nan', 'nan', 'nan', 'nan', 'nan']
2026-05-14 13:23:36 | INFO    | dpfl.core.base_simulator | Round  78/150 | Acc: 0.7948 | Loss: 0.5823 | eps_max: 5.55 eps_avg: 3.90 | P: 1.00 R: 1.00 F1: 1.00
2026-05-14 13:23:36 | DEBUG   | dpfl.core.base_simulator | Update norms — honest: ['1.46', '0.74', '1.03', '1.16', '2.10'], attacker: ['nan', 'nan', 'nan', 'nan', 'nan']
2026-05-14 13:23:37 | INFO    | dpfl.core.base_simulator | Round  79/150 | Acc: 0.7951 | Loss: 0.5816 | eps_max: 5.61 eps_avg: 3.93 | P: 1.00 R: 1.00 F1: 1.00
2026-05-14 13:23:37 | DEBUG   | dpfl.core.base_simulator | Update norms — honest: ['1.53', '3.27', '3.15', '1.77', '0.84'], attacker: ['nan', 'nan', 'nan', 'nan', 'nan']
2026-05-14 13:23:40 | INFO    | dpfl.core.base_simulator | Round  80/150 | Acc: 0.7952 | Loss: 0.5817 | eps_max: 5.94 eps_avg: 4.00 | P: 1.00 R: 1.00 F1: 1.00
2026-05-14 13:23:40 | DEBUG   | dpfl.core.base_simulator | Update norms — honest: ['0.34', '1.47', '0.70', '1.42', '1.87'], attacker: ['nan', 'nan', 'nan', 'nan', 'nan']
2026-05-14 13:23:41 | INFO    | dpfl.core.base_simulator | Round  81/150 | Acc: 0.7951 | Loss: 0.5820 | eps_max: 5.94 eps_avg: 4.04 | P: 1.00 R: 1.00 F1: 1.00
2026-05-14 13:23:41 | DEBUG   | dpfl.core.base_simulator | Update norms — honest: ['1.42', '1.70', '0.83', '0.82', '0.74'], attacker: ['nan', 'nan', 'nan', 'nan', 'nan']
2026-05-14 13:23:43 | INFO    | dpfl.core.base_simulator | Round  82/150 | Acc: 0.7952 | Loss: 0.5816 | eps_max: 5.94 eps_avg: 4.10 | P: 1.00 R: 1.00 F1: 1.00
2026-05-14 13:23:43 | DEBUG   | dpfl.core.base_simulator | Update norms — honest: ['0.14', '0.41', '1.08', '1.08', '1.55'], attacker: ['nan', 'nan', 'nan', 'nan', 'nan']
2026-05-14 13:23:45 | INFO    | dpfl.core.base_simulator | Round  83/150 | Acc: 0.7955 | Loss: 0.5813 | eps_max: 5.94 eps_avg: 4.10 | P: 1.00 R: 1.00 F1: 1.00
2026-05-14 13:23:45 | DEBUG   | dpfl.core.base_simulator | Update norms — honest: ['0.62', '1.58', '0.83', '1.40', '0.29'], attacker: ['nan', 'nan', 'nan', 'nan', 'nan']
2026-05-14 13:23:47 | INFO    | dpfl.core.base_simulator | Round  84/150 | Acc: 0.7953 | Loss: 0.5819 | eps_max: 5.94 eps_avg: 4.15 | P: 1.00 R: 1.00 F1: 1.00
2026-05-14 13:23:47 | DEBUG   | dpfl.core.base_simulator | Update norms — honest: ['1.00', '2.65', '1.25', '0.91', '1.19'], attacker: ['nan', 'nan', 'nan', 'nan', 'nan']
2026-05-14 13:23:49 | INFO    | dpfl.core.base_simulator | Round  85/150 | Acc: 0.7956 | Loss: 0.5813 | eps_max: 5.94 eps_avg: 4.19 | P: 1.00 R: 1.00 F1: 1.00
2026-05-14 13:23:49 | DEBUG   | dpfl.core.base_simulator | Update norms — honest: ['0.21', '1.26', '1.64', '0.75', '1.47'], attacker: ['nan', 'nan', 'nan', 'nan', 'nan']
2026-05-14 13:23:50 | INFO    | dpfl.core.base_simulator | Round  86/150 | Acc: 0.7958 | Loss: 0.5812 | eps_max: 5.94 eps_avg: 4.22 | P: 1.00 R: 1.00 F1: 1.00
2026-05-14 13:23:50 | DEBUG   | dpfl.core.base_simulator | Update norms — honest: ['2.18', '0.18', '0.74', '2.29', '1.55'], attacker: ['nan', 'nan', 'nan', 'nan', 'nan']
2026-05-14 13:23:52 | INFO    | dpfl.core.base_simulator | Round  87/150 | Acc: 0.7957 | Loss: 0.5814 | eps_max: 6.09 eps_avg: 4.25 | P: 1.00 R: 1.00 F1: 1.00
2026-05-14 13:23:52 | DEBUG   | dpfl.core.base_simulator | Update norms — honest: ['0.45', '0.72', '1.12', '1.24', '2.08'], attacker: ['nan', 'nan', 'nan', 'nan', 'nan']
2026-05-14 13:23:54 | INFO    | dpfl.core.base_simulator | Round  88/150 | Acc: 0.7960 | Loss: 0.5816 | eps_max: 6.09 eps_avg: 4.30 | P: 1.00 R: 1.00 F1: 1.00
2026-05-14 13:23:54 | DEBUG   | dpfl.core.base_simulator | Update norms — honest: ['0.28', '1.27', '0.92', '0.19', '0.76'], attacker: ['nan', 'nan', 'nan', 'nan', 'nan']
2026-05-14 13:23:56 | INFO    | dpfl.core.base_simulator | Round  89/150 | Acc: 0.7962 | Loss: 0.5812 | eps_max: 6.09 eps_avg: 4.33 | P: 1.00 R: 1.00 F1: 1.00
2026-05-14 13:23:56 | DEBUG   | dpfl.core.base_simulator | Update norms — honest: ['1.67', '0.72', '0.78', '1.50', '1.03'], attacker: ['nan', 'nan', 'nan', 'nan', 'nan']
2026-05-14 13:23:57 | INFO    | dpfl.core.base_simulator | Round  90/150 | Acc: 0.7961 | Loss: 0.5814 | eps_max: 6.09 eps_avg: 4.38 | P: 1.00 R: 1.00 F1: 1.00
2026-05-14 13:23:57 | DEBUG   | dpfl.core.base_simulator | Update norms — honest: ['0.77', '2.94', '1.02', '1.36', '0.98'], attacker: ['nan', 'nan', 'nan', 'nan', 'nan']
2026-05-14 13:23:59 | INFO    | dpfl.core.base_simulator | Round  91/150 | Acc: 0.7961 | Loss: 0.5816 | eps_max: 6.09 eps_avg: 4.45 | P: 1.00 R: 1.00 F1: 1.00
2026-05-14 13:23:59 | DEBUG   | dpfl.core.base_simulator | Update norms — honest: ['1.31', '0.00', '0.91', '3.00', '1.30'], attacker: ['nan', 'nan', 'nan', 'nan', 'nan']
2026-05-14 13:24:01 | INFO    | dpfl.core.base_simulator | Round  92/150 | Acc: 0.7964 | Loss: 0.5815 | eps_max: 6.09 eps_avg: 4.48 | P: 1.00 R: 1.00 F1: 1.00
2026-05-14 13:24:01 | DEBUG   | dpfl.core.base_simulator | Update norms — honest: ['1.46', '1.33', '0.84', '1.32', '1.05'], attacker: ['nan', 'nan', 'nan', 'nan', 'nan']
2026-05-14 13:24:03 | INFO    | dpfl.core.base_simulator | Round  93/150 | Acc: 0.7963 | Loss: 0.5817 | eps_max: 6.15 eps_avg: 4.53 | P: 1.00 R: 1.00 F1: 1.00
2026-05-14 13:24:03 | DEBUG   | dpfl.core.base_simulator | Update norms — honest: ['1.69', '1.22', '1.17', '1.70', '1.28'], attacker: ['nan', 'nan', 'nan', 'nan', 'nan']
2026-05-14 13:24:04 | INFO    | dpfl.core.base_simulator | Round  94/150 | Acc: 0.7965 | Loss: 0.5817 | eps_max: 6.25 eps_avg: 4.57 | P: 1.00 R: 1.00 F1: 1.00
2026-05-14 13:24:04 | DEBUG   | dpfl.core.base_simulator | Update norms — honest: ['1.11', '2.67', '0.96', '0.73', '1.11'], attacker: ['nan', 'nan', 'nan', 'nan', 'nan']
2026-05-14 13:24:06 | INFO    | dpfl.core.base_simulator | Round  95/150 | Acc: 0.7966 | Loss: 0.5819 | eps_max: 6.25 eps_avg: 4.61 | P: 1.00 R: 1.00 F1: 1.00
2026-05-14 13:24:06 | DEBUG   | dpfl.core.base_simulator | Update norms — honest: ['2.91', '1.44', '1.45', '0.34', '0.69'], attacker: ['nan', 'nan', 'nan', 'nan', 'nan']
2026-05-14 13:24:08 | INFO    | dpfl.core.base_simulator | Round  96/150 | Acc: 0.7964 | Loss: 0.5823 | eps_max: 6.48 eps_avg: 4.65 | P: 1.00 R: 1.00 F1: 1.00
2026-05-14 13:24:08 | DEBUG   | dpfl.core.base_simulator | Update norms — honest: ['0.59', '2.19', '1.54', '0.00', '1.20'], attacker: ['nan', 'nan', 'nan', 'nan', 'nan']
2026-05-14 13:24:10 | INFO    | dpfl.core.base_simulator | Round  97/150 | Acc: 0.7965 | Loss: 0.5826 | eps_max: 6.90 eps_avg: 4.70 | P: 1.00 R: 1.00 F1: 1.00
2026-05-14 13:24:10 | DEBUG   | dpfl.core.base_simulator | Update norms — honest: ['1.55', '1.12', '2.81', '0.70', '0.00'], attacker: ['nan', 'nan', 'nan', 'nan', 'nan']
2026-05-14 13:24:11 | INFO    | dpfl.core.base_simulator | Round  98/150 | Acc: 0.7968 | Loss: 0.5822 | eps_max: 6.90 eps_avg: 4.76 | P: 1.00 R: 1.00 F1: 1.00
2026-05-14 13:24:11 | DEBUG   | dpfl.core.base_simulator | Update norms — honest: ['0.72', '1.79', '1.36', '1.01', '1.88'], attacker: ['nan', 'nan', 'nan', 'nan', 'nan']
2026-05-14 13:24:13 | INFO    | dpfl.core.base_simulator | Round  99/150 | Acc: 0.7967 | Loss: 0.5825 | eps_max: 6.90 eps_avg: 4.79 | P: 1.00 R: 1.00 F1: 1.00
2026-05-14 13:24:13 | DEBUG   | dpfl.core.base_simulator | Update norms — honest: ['2.50', '0.71', '0.95', '0.56', '1.13'], attacker: ['nan', 'nan', 'nan', 'nan', 'nan']
2026-05-14 13:24:14 | INFO    | dpfl.core.base_simulator | Round 100/150 | Acc: 0.7968 | Loss: 0.5831 | eps_max: 6.90 eps_avg: 4.80 | P: 1.00 R: 1.00 F1: 1.00
2026-05-14 13:24:14 | DEBUG   | dpfl.core.base_simulator | Update norms — honest: ['1.17', '2.07', '1.16', '0.00', '1.80'], attacker: ['nan', 'nan', 'nan', 'nan', 'nan']
2026-05-14 13:24:16 | INFO    | dpfl.core.base_simulator | Round 101/150 | Acc: 0.7972 | Loss: 0.5828 | eps_max: 6.90 eps_avg: 4.85 | P: 1.00 R: 1.00 F1: 1.00
2026-05-14 13:24:16 | DEBUG   | dpfl.core.base_simulator | Update norms — honest: ['3.48', '1.71', '1.19', '1.01', '1.55'], attacker: ['nan', 'nan', 'nan', 'nan', 'nan']
2026-05-14 13:24:17 | INFO    | dpfl.core.base_simulator | Round 102/150 | Acc: 0.7972 | Loss: 0.5832 | eps_max: 6.90 eps_avg: 4.89 | P: 1.00 R: 1.00 F1: 1.00
2026-05-14 13:24:17 | DEBUG   | dpfl.core.base_simulator | Update norms — honest: ['0.29', '0.50', '1.33', '0.80', '2.02'], attacker: ['nan', 'nan', 'nan', 'nan', 'nan']
2026-05-14 13:24:19 | INFO    | dpfl.core.base_simulator | Round 103/150 | Acc: 0.7970 | Loss: 0.5835 | eps_max: 6.90 eps_avg: 4.93 | P: 1.00 R: 1.00 F1: 1.00
2026-05-14 13:24:19 | DEBUG   | dpfl.core.base_simulator | Update norms — honest: ['1.49', '1.59', '0.46', '0.19', '2.52'], attacker: ['nan', 'nan', 'nan', 'nan', 'nan']
2026-05-14 13:24:21 | INFO    | dpfl.core.base_simulator | Round 104/150 | Acc: 0.7971 | Loss: 0.5840 | eps_max: 6.90 eps_avg: 5.00 | P: 1.00 R: 1.00 F1: 1.00
2026-05-14 13:24:21 | DEBUG   | dpfl.core.base_simulator | Update norms — honest: ['1.40', '0.34', '1.58', '0.58', '1.32'], attacker: ['nan', 'nan', 'nan', 'nan', 'nan']
2026-05-14 13:24:23 | INFO    | dpfl.core.base_simulator | Round 105/150 | Acc: 0.7969 | Loss: 0.5846 | eps_max: 6.90 eps_avg: 5.04 | P: 1.00 R: 1.00 F1: 1.00
2026-05-14 13:24:23 | DEBUG   | dpfl.core.base_simulator | Update norms — honest: ['0.40', '0.00', '0.65', '1.68', '1.98'], attacker: ['nan', 'nan', 'nan', 'nan', 'nan']
2026-05-14 13:24:24 | INFO    | dpfl.core.base_simulator | Round 106/150 | Acc: 0.7970 | Loss: 0.5844 | eps_max: 6.90 eps_avg: 5.05 | P: 1.00 R: 1.00 F1: 1.00
2026-05-14 13:24:24 | DEBUG   | dpfl.core.base_simulator | Update norms — honest: ['0.44', '2.31', '0.95', '2.48', '1.09'], attacker: ['nan', 'nan', 'nan', 'nan', 'nan']
2026-05-14 13:24:26 | INFO    | dpfl.core.base_simulator | Round 107/150 | Acc: 0.7971 | Loss: 0.5848 | eps_max: 6.90 eps_avg: 5.08 | P: 1.00 R: 1.00 F1: 1.00
2026-05-14 13:24:26 | DEBUG   | dpfl.core.base_simulator | Update norms — honest: ['0.98', '2.20', '0.87', '0.15', '0.00'], attacker: ['nan', 'nan', 'nan', 'nan', 'nan']
2026-05-14 13:24:28 | INFO    | dpfl.core.base_simulator | Round 108/150 | Acc: 0.7972 | Loss: 0.5848 | eps_max: 6.95 eps_avg: 5.11 | P: 1.00 R: 1.00 F1: 1.00
2026-05-14 13:24:28 | DEBUG   | dpfl.core.base_simulator | Update norms — honest: ['3.56', '1.86', '2.52', '0.41', '0.84'], attacker: ['nan', 'nan', 'nan', 'nan', 'nan']
2026-05-14 13:24:30 | INFO    | dpfl.core.base_simulator | Round 109/150 | Acc: 0.7971 | Loss: 0.5857 | eps_max: 6.95 eps_avg: 5.14 | P: 1.00 R: 1.00 F1: 1.00
2026-05-14 13:24:30 | DEBUG   | dpfl.core.base_simulator | Update norms — honest: ['2.19', '1.78', '1.77', '2.05', '0.73'], attacker: ['nan', 'nan', 'nan', 'nan', 'nan']
2026-05-14 13:24:32 | INFO    | dpfl.core.base_simulator | Round 110/150 | Acc: 0.7971 | Loss: 0.5861 | eps_max: 6.95 eps_avg: 5.21 | P: 1.00 R: 1.00 F1: 1.00
2026-05-14 13:24:32 | DEBUG   | dpfl.core.base_simulator | Update norms — honest: ['1.04', '1.73', '0.16', '0.99', '0.64'], attacker: ['nan', 'nan', 'nan', 'nan', 'nan']
2026-05-14 13:24:34 | INFO    | dpfl.core.base_simulator | Round 111/150 | Acc: 0.7971 | Loss: 0.5864 | eps_max: 7.20 eps_avg: 5.27 | P: 1.00 R: 1.00 F1: 1.00
2026-05-14 13:24:34 | DEBUG   | dpfl.core.base_simulator | Update norms — honest: ['1.89', '1.88', '1.81', '1.43', '0.61'], attacker: ['nan', 'nan', 'nan', 'nan', 'nan']
2026-05-14 13:24:36 | INFO    | dpfl.core.base_simulator | Round 112/150 | Acc: 0.7971 | Loss: 0.5867 | eps_max: 7.20 eps_avg: 5.30 | P: 1.00 R: 1.00 F1: 1.00
2026-05-14 13:24:36 | DEBUG   | dpfl.core.base_simulator | Update norms — honest: ['0.45', '0.50', '1.93', '1.31', '1.77'], attacker: ['nan', 'nan', 'nan', 'nan', 'nan']
2026-05-14 13:24:38 | INFO    | dpfl.core.base_simulator | Round 113/150 | Acc: 0.7975 | Loss: 0.5866 | eps_max: 7.20 eps_avg: 5.31 | P: 1.00 R: 1.00 F1: 1.00
2026-05-14 13:24:38 | DEBUG   | dpfl.core.base_simulator | Update norms — honest: ['1.80', '0.43', '1.17', '1.93', '1.70'], attacker: ['nan', 'nan', 'nan', 'nan', 'nan']
2026-05-14 13:24:40 | INFO    | dpfl.core.base_simulator | Round 114/150 | Acc: 0.7974 | Loss: 0.5874 | eps_max: 7.31 eps_avg: 5.34 | P: 1.00 R: 1.00 F1: 1.00
2026-05-14 13:24:40 | DEBUG   | dpfl.core.base_simulator | Update norms — honest: ['0.40', '1.62', '0.33', '1.36', '0.71'], attacker: ['nan', 'nan', 'nan', 'nan', 'nan']
2026-05-14 13:24:41 | INFO    | dpfl.core.base_simulator | Round 115/150 | Acc: 0.7971 | Loss: 0.5880 | eps_max: 7.31 eps_avg: 5.37 | P: 1.00 R: 1.00 F1: 1.00
2026-05-14 13:24:41 | DEBUG   | dpfl.core.base_simulator | Update norms — honest: ['2.15', '2.29', '1.42', '1.52', '2.87'], attacker: ['nan', 'nan', 'nan', 'nan', 'nan']
2026-05-14 13:24:43 | INFO    | dpfl.core.base_simulator | Round 116/150 | Acc: 0.7974 | Loss: 0.5881 | eps_max: 7.31 eps_avg: 5.40 | P: 1.00 R: 1.00 F1: 1.00
2026-05-14 13:24:43 | DEBUG   | dpfl.core.base_simulator | Update norms — honest: ['0.00', '1.32', '0.59', '1.57', '1.94'], attacker: ['nan', 'nan', 'nan', 'nan', 'nan']
2026-05-14 13:24:45 | INFO    | dpfl.core.base_simulator | Round 117/150 | Acc: 0.7974 | Loss: 0.5885 | eps_max: 7.31 eps_avg: 5.43 | P: 1.00 R: 1.00 F1: 1.00
2026-05-14 13:24:45 | DEBUG   | dpfl.core.base_simulator | Update norms — honest: ['0.46', '1.65', '0.16', '3.16', '1.66'], attacker: ['nan', 'nan', 'nan', 'nan', 'nan']
2026-05-14 13:24:47 | INFO    | dpfl.core.base_simulator | Round 118/150 | Acc: 0.7974 | Loss: 0.5890 | eps_max: 7.31 eps_avg: 5.47 | P: 1.00 R: 1.00 F1: 1.00
2026-05-14 13:24:47 | DEBUG   | dpfl.core.base_simulator | Update norms — honest: ['0.00', '0.41', '1.74', '1.41', '0.90'], attacker: ['nan', 'nan', 'nan', 'nan', 'nan']
2026-05-14 13:24:49 | INFO    | dpfl.core.base_simulator | Round 119/150 | Acc: 0.7975 | Loss: 0.5897 | eps_max: 7.31 eps_avg: 5.51 | P: 1.00 R: 1.00 F1: 1.00
2026-05-14 13:24:49 | DEBUG   | dpfl.core.base_simulator | Update norms — honest: ['1.40', '1.84', '1.05', '2.34', '2.03'], attacker: ['nan', 'nan', 'nan', 'nan', 'nan']
2026-05-14 13:24:51 | INFO    | dpfl.core.base_simulator | Round 120/150 | Acc: 0.7973 | Loss: 0.5902 | eps_max: 7.31 eps_avg: 5.55 | P: 1.00 R: 1.00 F1: 1.00
2026-05-14 13:24:51 | DEBUG   | dpfl.core.base_simulator | Update norms — honest: ['1.43', '1.77', '2.40', '1.30', '0.00'], attacker: ['nan', 'nan', 'nan', 'nan', 'nan']
2026-05-14 13:24:53 | INFO    | dpfl.core.base_simulator | Round 121/150 | Acc: 0.7974 | Loss: 0.5906 | eps_max: 7.42 eps_avg: 5.58 | P: 1.00 R: 1.00 F1: 1.00
2026-05-14 13:24:53 | DEBUG   | dpfl.core.base_simulator | Update norms — honest: ['1.51', '0.62', '1.57', '0.46', '0.94'], attacker: ['nan', 'nan', 'nan', 'nan', 'nan']
2026-05-14 13:24:55 | INFO    | dpfl.core.base_simulator | Round 122/150 | Acc: 0.7974 | Loss: 0.5909 | eps_max: 7.54 eps_avg: 5.60 | P: 1.00 R: 1.00 F1: 1.00
2026-05-14 13:24:55 | DEBUG   | dpfl.core.base_simulator | Update norms — honest: ['1.32', '1.31', '1.05', '2.36', '0.97'], attacker: ['nan', 'nan', 'nan', 'nan', 'nan']
2026-05-14 13:24:57 | INFO    | dpfl.core.base_simulator | Round 123/150 | Acc: 0.7974 | Loss: 0.5914 | eps_max: 7.54 eps_avg: 5.62 | P: 1.00 R: 1.00 F1: 1.00
2026-05-14 13:24:57 | DEBUG   | dpfl.core.base_simulator | Update norms — honest: ['0.67', '2.45', '0.80', '0.94', '1.95'], attacker: ['nan', 'nan', 'nan', 'nan', 'nan']
2026-05-14 13:24:58 | INFO    | dpfl.core.base_simulator | Round 124/150 | Acc: 0.7975 | Loss: 0.5920 | eps_max: 7.54 eps_avg: 5.64 | P: 1.00 R: 1.00 F1: 1.00
2026-05-14 13:24:58 | DEBUG   | dpfl.core.base_simulator | Update norms — honest: ['3.16', '1.46', '1.56', '1.98', '0.71'], attacker: ['nan', 'nan', 'nan', 'nan', 'nan']
2026-05-14 13:25:00 | INFO    | dpfl.core.base_simulator | Round 125/150 | Acc: 0.7976 | Loss: 0.5924 | eps_max: 7.54 eps_avg: 5.65 | P: 1.00 R: 1.00 F1: 1.00
2026-05-14 13:25:00 | DEBUG   | dpfl.core.base_simulator | Update norms — honest: ['1.02', '0.51', '0.63', '1.92', '1.27'], attacker: ['nan', 'nan', 'nan', 'nan', 'nan']
2026-05-14 13:25:01 | INFO    | dpfl.core.base_simulator | Round 126/150 | Acc: 0.7974 | Loss: 0.5930 | eps_max: 7.54 eps_avg: 5.67 | P: 1.00 R: 1.00 F1: 1.00
2026-05-14 13:25:01 | DEBUG   | dpfl.core.base_simulator | Update norms — honest: ['1.44', '0.81', '0.00', '0.92', '1.75'], attacker: ['nan', 'nan', 'nan', 'nan', 'nan']
2026-05-14 13:25:03 | INFO    | dpfl.core.base_simulator | Round 127/150 | Acc: 0.7974 | Loss: 0.5932 | eps_max: 7.54 eps_avg: 5.68 | P: 1.00 R: 1.00 F1: 1.00
2026-05-14 13:25:03 | DEBUG   | dpfl.core.base_simulator | Update norms — honest: ['1.91', '1.04', '1.44', '1.85', '1.68'], attacker: ['nan', 'nan', 'nan', 'nan', 'nan']
2026-05-14 13:25:05 | INFO    | dpfl.core.base_simulator | Round 128/150 | Acc: 0.7973 | Loss: 0.5943 | eps_max: 7.54 eps_avg: 5.72 | P: 1.00 R: 1.00 F1: 1.00
2026-05-14 13:25:05 | DEBUG   | dpfl.core.base_simulator | Update norms — honest: ['2.24', '1.23', '0.64', '0.83', '0.76'], attacker: ['nan', 'nan', 'nan', 'nan', 'nan']
2026-05-14 13:25:06 | INFO    | dpfl.core.base_simulator | Round 129/150 | Acc: 0.7976 | Loss: 0.5940 | eps_max: 7.54 eps_avg: 5.74 | P: 1.00 R: 1.00 F1: 1.00
2026-05-14 13:25:06 | DEBUG   | dpfl.core.base_simulator | Update norms — honest: ['0.00', '0.54', '1.17', '0.78', '0.96'], attacker: ['nan', 'nan', 'nan', 'nan', 'nan']
2026-05-14 13:25:08 | INFO    | dpfl.core.base_simulator | Round 130/150 | Acc: 0.7973 | Loss: 0.5952 | eps_max: 7.54 eps_avg: 5.77 | P: 1.00 R: 1.00 F1: 1.00
2026-05-14 13:25:08 | DEBUG   | dpfl.core.base_simulator | Update norms — honest: ['0.48', '0.82', '0.69', '1.57', '1.55'], attacker: ['nan', 'nan', 'nan', 'nan', 'nan']
2026-05-14 13:25:09 | INFO    | dpfl.core.base_simulator | Round 131/150 | Acc: 0.7975 | Loss: 0.5954 | eps_max: 7.54 eps_avg: 5.79 | P: 1.00 R: 1.00 F1: 1.00
2026-05-14 13:25:09 | DEBUG   | dpfl.core.base_simulator | Update norms — honest: ['0.60', '1.23', '0.86', '1.11', '2.77'], attacker: ['nan', 'nan', 'nan', 'nan', 'nan']
2026-05-14 13:25:11 | INFO    | dpfl.core.base_simulator | Round 132/150 | Acc: 0.7975 | Loss: 0.5959 | eps_max: 7.54 eps_avg: 5.81 | P: 1.00 R: 1.00 F1: 1.00
2026-05-14 13:25:11 | DEBUG   | dpfl.core.base_simulator | Update norms — honest: ['1.61', '1.48', '1.93', '1.98', '0.00'], attacker: ['nan', 'nan', 'nan', 'nan', 'nan']
2026-05-14 13:25:13 | INFO    | dpfl.core.base_simulator | Round 133/150 | Acc: 0.7974 | Loss: 0.5966 | eps_max: 7.62 eps_avg: 5.84 | P: 1.00 R: 1.00 F1: 1.00
2026-05-14 13:25:13 | DEBUG   | dpfl.core.base_simulator | Update norms — honest: ['2.64', '1.57', '0.91', '1.09', '0.93'], attacker: ['nan', 'nan', 'nan', 'nan', 'nan']
2026-05-14 13:25:15 | INFO    | dpfl.core.base_simulator | Round 134/150 | Acc: 0.7973 | Loss: 0.5973 | eps_max: 7.62 eps_avg: 5.87 | P: 1.00 R: 1.00 F1: 1.00
2026-05-14 13:25:15 | DEBUG   | dpfl.core.base_simulator | Update norms — honest: ['3.33', '0.97', '0.63', '0.85', '2.61'], attacker: ['nan', 'nan', 'nan', 'nan', 'nan']
2026-05-14 13:25:16 | INFO    | dpfl.core.base_simulator | Round 135/150 | Acc: 0.7973 | Loss: 0.5980 | eps_max: 7.62 eps_avg: 5.89 | P: 1.00 R: 1.00 F1: 1.00
2026-05-14 13:25:16 | DEBUG   | dpfl.core.base_simulator | Update norms — honest: ['2.28', '0.81', '0.83', '1.37', '3.35'], attacker: ['nan', 'nan', 'nan', 'nan', 'nan']
2026-05-14 13:25:18 | INFO    | dpfl.core.base_simulator | Round 136/150 | Acc: 0.7975 | Loss: 0.5984 | eps_max: 7.66 eps_avg: 5.91 | P: 1.00 R: 1.00 F1: 1.00
2026-05-14 13:25:18 | DEBUG   | dpfl.core.base_simulator | Update norms — honest: ['1.65', '3.39', '1.19', '2.11', '1.95'], attacker: ['nan', 'nan', 'nan', 'nan', 'nan']
2026-05-14 13:25:20 | INFO    | dpfl.core.base_simulator | Round 137/150 | Acc: 0.7974 | Loss: 0.5988 | eps_max: 7.69 eps_avg: 5.93 | P: 1.00 R: 1.00 F1: 1.00
2026-05-14 13:25:20 | DEBUG   | dpfl.core.base_simulator | Update norms — honest: ['1.48', '1.08', '1.46', '0.85', '1.90'], attacker: ['nan', 'nan', 'nan', 'nan', 'nan']
2026-05-14 13:25:21 | INFO    | dpfl.core.base_simulator | Round 138/150 | Acc: 0.7972 | Loss: 0.5997 | eps_max: 7.81 eps_avg: 5.96 | P: 1.00 R: 1.00 F1: 1.00
2026-05-14 13:25:21 | DEBUG   | dpfl.core.base_simulator | Update norms — honest: ['1.18', '1.52', '3.13', '1.59', '0.00'], attacker: ['nan', 'nan', 'nan', 'nan', 'nan']
2026-05-14 13:25:23 | INFO    | dpfl.core.base_simulator | Round 139/150 | Acc: 0.7972 | Loss: 0.6005 | eps_max: 7.81 eps_avg: 5.98 | P: 1.00 R: 1.00 F1: 1.00
2026-05-14 13:25:23 | DEBUG   | dpfl.core.base_simulator | Update norms — honest: ['1.67', '1.26', '1.25', '0.04', '1.44'], attacker: ['nan', 'nan', 'nan', 'nan', 'nan']
2026-05-14 13:25:25 | INFO    | dpfl.core.base_simulator | Round 140/150 | Acc: 0.7973 | Loss: 0.6010 | eps_max: 7.81 eps_avg: 6.00 | P: 1.00 R: 1.00 F1: 1.00
2026-05-14 13:25:25 | DEBUG   | dpfl.core.base_simulator | Update norms — honest: ['2.42', '1.59', '2.98', '2.20', '1.45'], attacker: ['nan', 'nan', 'nan', 'nan', 'nan']
2026-05-14 13:25:27 | INFO    | dpfl.core.base_simulator | Round 141/150 | Acc: 0.7971 | Loss: 0.6018 | eps_max: 7.81 eps_avg: 6.02 | P: 1.00 R: 1.00 F1: 1.00
2026-05-14 13:25:27 | DEBUG   | dpfl.core.base_simulator | Update norms — honest: ['2.12', '0.75', '1.57', '1.39', '0.08'], attacker: ['nan', 'nan', 'nan', 'nan', 'nan']
2026-05-14 13:25:29 | INFO    | dpfl.core.base_simulator | Round 142/150 | Acc: 0.7971 | Loss: 0.6027 | eps_max: 7.94 eps_avg: 6.04 | P: 1.00 R: 1.00 F1: 1.00
2026-05-14 13:25:29 | DEBUG   | dpfl.core.base_simulator | Update norms — honest: ['3.49', '0.71', '2.20', '1.28', '1.44'], attacker: ['nan', 'nan', 'nan', 'nan', 'nan']
2026-05-14 13:25:30 | INFO    | dpfl.core.base_simulator | Round 143/150 | Acc: 0.7973 | Loss: 0.6030 | eps_max: 7.94 eps_avg: 6.08 | P: 1.00 R: 1.00 F1: 1.00
2026-05-14 13:25:30 | DEBUG   | dpfl.core.base_simulator | Update norms — honest: ['1.59', '0.33', '2.09', '0.51', '1.07'], attacker: ['nan', 'nan', 'nan', 'nan', 'nan']
2026-05-14 13:25:32 | INFO    | dpfl.core.base_simulator | Round 144/150 | Acc: 0.7973 | Loss: 0.6035 | eps_max: 7.94 eps_avg: 6.09 | P: 1.00 R: 1.00 F1: 1.00
2026-05-14 13:25:32 | DEBUG   | dpfl.core.base_simulator | Update norms — honest: ['1.99', '0.14', '0.12', '0.41', '0.59'], attacker: ['nan', 'nan', 'nan', 'nan', 'nan']
2026-05-14 13:25:33 | INFO    | dpfl.core.base_simulator | Round 145/150 | Acc: 0.7972 | Loss: 0.6043 | eps_max: 7.94 eps_avg: 6.12 | P: 1.00 R: 1.00 F1: 1.00
2026-05-14 13:25:33 | DEBUG   | dpfl.core.base_simulator | Update norms — honest: ['1.44', '2.39', '0.00', '1.49', '0.92'], attacker: ['nan', 'nan', 'nan', 'nan', 'nan']
2026-05-14 13:25:35 | INFO    | dpfl.core.base_simulator | Round 146/150 | Acc: 0.7970 | Loss: 0.6051 | eps_max: 7.94 eps_avg: 6.14 | P: 1.00 R: 1.00 F1: 1.00
2026-05-14 13:25:35 | DEBUG   | dpfl.core.base_simulator | Update norms — honest: ['0.46', '0.00', '1.87', '2.18', '0.87'], attacker: ['nan', 'nan', 'nan', 'nan', 'nan']
2026-05-14 13:25:37 | INFO    | dpfl.core.base_simulator | Round 147/150 | Acc: 0.7971 | Loss: 0.6055 | eps_max: 7.94 eps_avg: 6.17 | P: 1.00 R: 1.00 F1: 1.00
2026-05-14 13:25:37 | DEBUG   | dpfl.core.base_simulator | Update norms — honest: ['0.00', '0.56', '0.47', '0.67', '0.85'], attacker: ['nan', 'nan', 'nan', 'nan', 'nan']
2026-05-14 13:25:39 | INFO    | dpfl.core.base_simulator | Round 148/150 | Acc: 0.7972 | Loss: 0.6058 | eps_max: 7.94 eps_avg: 6.20 | P: 1.00 R: 1.00 F1: 1.00
2026-05-14 13:25:39 | DEBUG   | dpfl.core.base_simulator | Update norms — honest: ['0.00', '0.00', '2.49', '0.36', '1.84'], attacker: ['nan', 'nan', 'nan', 'nan', 'nan']
2026-05-14 13:25:41 | INFO    | dpfl.core.base_simulator | Round 149/150 | Acc: 0.7970 | Loss: 0.6068 | eps_max: 7.94 eps_avg: 6.22 | P: 1.00 R: 1.00 F1: 1.00
2026-05-14 13:25:41 | DEBUG   | dpfl.core.base_simulator | Update norms — honest: ['3.14', '3.00', '1.97', '2.78', '1.58'], attacker: ['nan', 'nan', 'nan', 'nan', 'nan']
2026-05-14 13:25:42 | INFO    | dpfl.core.base_simulator | Round 150/150 | Acc: 0.7970 | Loss: 0.6075 | eps_max: 7.94 eps_avg: 6.24 | P: 1.00 R: 1.00 F1: 1.00
2026-05-14 13:25:42 | DEBUG   | dpfl.core.base_simulator | Update norms — honest: ['1.91', '1.74', '1.19', '0.33', '1.91'], attacker: ['nan', 'nan', 'nan', 'nan', 'nan']
2026-05-14 13:25:44 | INFO    | dpfl | Experiment complete in 715.0s
============================================================
REPORT: DP-SGD Decentralized Federated Learning
============================================================
Timestamp:                  20260514_131347
Rounds completed:           150
Attack-active rounds:       100  (from round 50)
Final accuracy:             0.7970
Final test loss:            0.6075
Final epsilon (max honest): 7.94
Final epsilon (avg honest): 6.24
Best alpha:                 1000.0
Avg precision:              1.0000
Avg recall:                 0.9900
Avg F1 score:               1.0000
Avg update norm (honest):   1.0983
Avg update norm (attacker): nan

eps_system (max honest): 7.9358
eps_avg (honest):        6.2357
eps_std (honest):        0.8582
n_frozen:                0/300
============================================================
