2026-05-14 05:23:30 | INFO    | dpfl | Experiment start: algorithm=balance, dataset=fashion_mnist, model=mlp, device=cuda
2026-05-14 05:23:30 | INFO    | dpfl | Config: nodes=500, attackers=200, rounds=150, noise_mode=none, attack=scale
2026-05-14 05:23:30 | INFO    | dpfl.data.fashion_mnist_dataset | Loading Fashion-MNIST dataset...
2026-05-14 05:23:30 | INFO    | dpfl.data.fashion_mnist_dataset | Fashion-MNIST loaded: 60000 train, 10000 test samples
2026-05-14 05:24:57 | INFO    | dpfl.core.base_simulator | Vectorized state ready: param_spec.D=50890, X_test=(10000, 1, 28, 28), train clients N=500, max_n_samples=1000
2026-05-14 05:24:57 | INFO    | dpfl.core.base_simulator | Setup complete: 500 nodes (200 attackers), param_dim=50890, split=iid
2026-05-14 05:24:57 | DEBUG   | dpfl.core.base_simulator | Attacker IDs: {0, 1, 2, 3, 4, 5, 6, 7, 8, 9, 10, 11, 12, 13, 14, 15, 16, 17, 18, 19, 20, 21, 22, 23, 24, 25, 26, 27, 28, 29, 30, 31, 32, 33, 34, 35, 36, 37, 38, 39, 40, 41, 42, 43, 44, 45, 46, 47, 48, 49, 50, 51, 52, 53, 54, 55, 56, 57, 58, 59, 60, 61, 62, 63, 64, 65, 66, 67, 68, 69, 70, 71, 72, 73, 74, 75, 76, 77, 78, 79, 80, 81, 82, 83, 84, 85, 86, 87, 88, 89, 90, 91, 92, 93, 94, 95, 96, 97, 98, 99, 100, 101, 102, 103, 104, 105, 106, 107, 108, 109, 110, 111, 112, 113, 114, 115, 116, 117, 118, 119, 120, 121, 122, 123, 124, 125, 126, 127, 128, 129, 130, 131, 132, 133, 134, 135, 136, 137, 138, 139, 140, 141, 142, 143, 144, 145, 146, 147, 148, 149, 150, 151, 152, 153, 154, 155, 156, 157, 158, 159, 160, 161, 162, 163, 164, 165, 166, 167, 168, 169, 170, 171, 172, 173, 174, 175, 176, 177, 178, 179, 180, 181, 182, 183, 184, 185, 186, 187, 188, 189, 190, 191, 192, 193, 194, 195, 196, 197, 198, 199}
2026-05-14 05:25:05 | INFO    | dpfl.core.base_simulator | Round   1/150 | Acc: 0.4581 | Loss: 1.9725 | eps: 0.00 | P: nan R: nan F1: nan
2026-05-14 05:25:05 | DEBUG   | dpfl.core.base_simulator | Update norms — honest: ['0.23', '0.24', '0.23', '0.24', '0.24'], attacker: ['0.23', '0.23', '0.24', '0.23', '0.24']
2026-05-14 05:25:12 | INFO    | dpfl.core.base_simulator | Round   2/150 | Acc: 0.5721 | Loss: 1.7056 | eps: 0.00 | P: nan R: nan F1: nan
2026-05-14 05:25:12 | DEBUG   | dpfl.core.base_simulator | Update norms — honest: ['0.21', '0.21', '0.20', '0.20', '0.21'], attacker: ['0.20', '0.20', '0.21', '0.20', '0.21']
2026-05-14 05:25:18 | INFO    | dpfl.core.base_simulator | Round   3/150 | Acc: 0.6218 | Loss: 1.4810 | eps: 0.00 | P: nan R: nan F1: nan
2026-05-14 05:25:18 | DEBUG   | dpfl.core.base_simulator | Update norms — honest: ['0.19', '0.19', '0.19', '0.18', '0.19'], attacker: ['0.19', '0.19', '0.19', '0.18', '0.19']
2026-05-14 05:25:26 | INFO    | dpfl.core.base_simulator | Round   4/150 | Acc: 0.6509 | Loss: 1.3048 | eps: 0.00 | P: nan R: nan F1: nan
2026-05-14 05:25:26 | DEBUG   | dpfl.core.base_simulator | Update norms — honest: ['0.17', '0.17', '0.17', '0.16', '0.17'], attacker: ['0.17', '0.17', '0.17', '0.16', '0.17']
2026-05-14 05:25:33 | INFO    | dpfl.core.base_simulator | Round   5/150 | Acc: 0.6733 | Loss: 1.1754 | eps: 0.00 | P: nan R: nan F1: nan
2026-05-14 05:25:33 | DEBUG   | dpfl.core.base_simulator | Update norms — honest: ['0.14', '0.14', '0.14', '0.14', '0.14'], attacker: ['0.14', '0.14', '0.14', '0.14', '0.14']
2026-05-14 05:25:39 | INFO    | dpfl.core.base_simulator | Round   6/150 | Acc: 0.6908 | Loss: 1.0812 | eps: 0.00 | P: nan R: nan F1: nan
2026-05-14 05:25:39 | DEBUG   | dpfl.core.base_simulator | Update norms — honest: ['0.12', '0.13', '0.12', '0.12', '0.12'], attacker: ['0.13', '0.12', '0.12', '0.12', '0.12']
2026-05-14 05:25:45 | INFO    | dpfl.core.base_simulator | Round   7/150 | Acc: 0.7023 | Loss: 1.0109 | eps: 0.00 | P: nan R: nan F1: nan
2026-05-14 05:25:45 | DEBUG   | dpfl.core.base_simulator | Update norms — honest: ['0.11', '0.11', '0.11', '0.11', '0.11'], attacker: ['0.11', '0.11', '0.11', '0.11', '0.11']
2026-05-14 05:25:52 | INFO    | dpfl.core.base_simulator | Round   8/150 | Acc: 0.7105 | Loss: 0.9571 | eps: 0.00 | P: nan R: nan F1: nan
2026-05-14 05:25:52 | DEBUG   | dpfl.core.base_simulator | Update norms — honest: ['0.10', '0.09', '0.10', '0.10', '0.09'], attacker: ['0.10', '0.09', '0.10', '0.10', '0.09']
2026-05-14 05:25:59 | INFO    | dpfl.core.base_simulator | Round   9/150 | Acc: 0.7167 | Loss: 0.9141 | eps: 0.00 | P: nan R: nan F1: nan
2026-05-14 05:25:59 | DEBUG   | dpfl.core.base_simulator | Update norms — honest: ['0.09', '0.09', '0.09', '0.09', '0.08'], attacker: ['0.09', '0.09', '0.09', '0.09', '0.09']
2026-05-14 05:26:05 | INFO    | dpfl.core.base_simulator | Round  10/150 | Acc: 0.7228 | Loss: 0.8791 | eps: 0.00 | P: nan R: nan F1: nan
2026-05-14 05:26:05 | DEBUG   | dpfl.core.base_simulator | Update norms — honest: ['0.08', '0.08', '0.08', '0.08', '0.08'], attacker: ['0.08', '0.08', '0.08', '0.08', '0.08']
2026-05-14 05:26:12 | INFO    | dpfl.core.base_simulator | Round  11/150 | Acc: 0.7278 | Loss: 0.8497 | eps: 0.00 | P: nan R: nan F1: nan
2026-05-14 05:26:12 | DEBUG   | dpfl.core.base_simulator | Update norms — honest: ['0.07', '0.07', '0.08', '0.07', '0.07'], attacker: ['0.08', '0.07', '0.07', '0.07', '0.07']
2026-05-14 05:26:16 | INFO    | dpfl.core.base_simulator | Round  12/150 | Acc: 0.7325 | Loss: 0.8247 | eps: 0.00 | P: nan R: nan F1: nan
2026-05-14 05:26:16 | DEBUG   | dpfl.core.base_simulator | Update norms — honest: ['0.07', '0.07', '0.07', '0.07', '0.07'], attacker: ['0.07', '0.07', '0.07', '0.07', '0.07']
2026-05-14 05:26:25 | INFO    | dpfl.core.base_simulator | Round  13/150 | Acc: 0.7365 | Loss: 0.8034 | eps: 0.00 | P: nan R: nan F1: nan
2026-05-14 05:26:25 | DEBUG   | dpfl.core.base_simulator | Update norms — honest: ['0.07', '0.06', '0.06', '0.06', '0.07'], attacker: ['0.07', '0.06', '0.07', '0.07', '0.06']
2026-05-14 05:26:29 | INFO    | dpfl.core.base_simulator | Round  14/150 | Acc: 0.7402 | Loss: 0.7848 | eps: 0.00 | P: nan R: nan F1: nan
2026-05-14 05:26:29 | DEBUG   | dpfl.core.base_simulator | Update norms — honest: ['0.06', '0.06', '0.06', '0.06', '0.06'], attacker: ['0.07', '0.06', '0.06', '0.06', '0.06']
2026-05-14 05:26:36 | INFO    | dpfl.core.base_simulator | Round  15/150 | Acc: 0.7434 | Loss: 0.7687 | eps: 0.00 | P: nan R: nan F1: nan
2026-05-14 05:26:36 | DEBUG   | dpfl.core.base_simulator | Update norms — honest: ['0.06', '0.06', '0.06', '0.06', '0.06'], attacker: ['0.06', '0.06', '0.06', '0.06', '0.06']
2026-05-14 05:26:44 | INFO    | dpfl.core.base_simulator | Round  16/150 | Acc: 0.7464 | Loss: 0.7543 | eps: 0.00 | P: nan R: nan F1: nan
2026-05-14 05:26:44 | DEBUG   | dpfl.core.base_simulator | Update norms — honest: ['0.06', '0.06', '0.06', '0.05', '0.05'], attacker: ['0.06', '0.06', '0.06', '0.05', '0.06']
2026-05-14 05:26:50 | INFO    | dpfl.core.base_simulator | Round  17/150 | Acc: 0.7491 | Loss: 0.7417 | eps: 0.00 | P: nan R: nan F1: nan
2026-05-14 05:26:50 | DEBUG   | dpfl.core.base_simulator | Update norms — honest: ['0.05', '0.06', '0.06', '0.05', '0.05'], attacker: ['0.05', '0.05', '0.05', '0.06', '0.06']
2026-05-14 05:26:56 | INFO    | dpfl.core.base_simulator | Round  18/150 | Acc: 0.7520 | Loss: 0.7302 | eps: 0.00 | P: nan R: nan F1: nan
2026-05-14 05:26:56 | DEBUG   | dpfl.core.base_simulator | Update norms — honest: ['0.05', '0.05', '0.05', '0.05', '0.05'], attacker: ['0.05', '0.05', '0.05', '0.05', '0.05']
2026-05-14 05:27:04 | INFO    | dpfl.core.base_simulator | Round  19/150 | Acc: 0.7545 | Loss: 0.7199 | eps: 0.00 | P: nan R: nan F1: nan
2026-05-14 05:27:04 | DEBUG   | dpfl.core.base_simulator | Update norms — honest: ['0.05', '0.05', '0.05', '0.05', '0.05'], attacker: ['0.05', '0.05', '0.05', '0.05', '0.05']
2026-05-14 05:27:13 | INFO    | dpfl.core.base_simulator | Round  20/150 | Acc: 0.7565 | Loss: 0.7106 | eps: 0.00 | P: nan R: nan F1: nan
2026-05-14 05:27:13 | DEBUG   | dpfl.core.base_simulator | Update norms — honest: ['0.05', '0.05', '0.05', '0.05', '0.05'], attacker: ['0.05', '0.05', '0.05', '0.05', '0.05']
2026-05-14 05:27:19 | INFO    | dpfl.core.base_simulator | Round  21/150 | Acc: 0.7587 | Loss: 0.7020 | eps: 0.00 | P: nan R: nan F1: nan
2026-05-14 05:27:19 | DEBUG   | dpfl.core.base_simulator | Update norms — honest: ['0.05', '0.05', '0.05', '0.05', '0.05'], attacker: ['0.05', '0.05', '0.05', '0.05', '0.05']
2026-05-14 05:27:25 | INFO    | dpfl.core.base_simulator | Round  22/150 | Acc: 0.7604 | Loss: 0.6946 | eps: 0.00 | P: nan R: nan F1: nan
2026-05-14 05:27:25 | DEBUG   | dpfl.core.base_simulator | Update norms — honest: ['0.04', '0.05', '0.05', '0.05', '0.05'], attacker: ['0.05', '0.05', '0.05', '0.05', '0.04']
2026-05-14 05:27:33 | INFO    | dpfl.core.base_simulator | Round  23/150 | Acc: 0.7624 | Loss: 0.6869 | eps: 0.00 | P: nan R: nan F1: nan
2026-05-14 05:27:33 | DEBUG   | dpfl.core.base_simulator | Update norms — honest: ['0.04', '0.05', '0.05', '0.04', '0.04'], attacker: ['0.04', '0.05', '0.04', '0.05', '0.04']
2026-05-14 05:27:40 | INFO    | dpfl.core.base_simulator | Round  24/150 | Acc: 0.7642 | Loss: 0.6805 | eps: 0.00 | P: nan R: nan F1: nan
2026-05-14 05:27:40 | DEBUG   | dpfl.core.base_simulator | Update norms — honest: ['0.04', '0.04', '0.04', '0.04', '0.04'], attacker: ['0.04', '0.05', '0.04', '0.04', '0.04']
2026-05-14 05:27:46 | INFO    | dpfl.core.base_simulator | Round  25/150 | Acc: 0.7659 | Loss: 0.6743 | eps: 0.00 | P: nan R: nan F1: nan
2026-05-14 05:27:46 | DEBUG   | dpfl.core.base_simulator | Update norms — honest: ['0.04', '0.04', '0.05', '0.04', '0.04'], attacker: ['0.04', '0.04', '0.04', '0.04', '0.05']
2026-05-14 05:27:52 | INFO    | dpfl.core.base_simulator | Round  26/150 | Acc: 0.7672 | Loss: 0.6689 | eps: 0.00 | P: nan R: nan F1: nan
2026-05-14 05:27:52 | DEBUG   | dpfl.core.base_simulator | Update norms — honest: ['0.04', '0.04', '0.04', '0.04', '0.04'], attacker: ['0.05', '0.04', '0.04', '0.04', '0.04']
2026-05-14 05:28:01 | INFO    | dpfl.core.base_simulator | Round  27/150 | Acc: 0.7686 | Loss: 0.6634 | eps: 0.00 | P: nan R: nan F1: nan
2026-05-14 05:28:01 | DEBUG   | dpfl.core.base_simulator | Update norms — honest: ['0.05', '0.04', '0.04', '0.04', '0.04'], attacker: ['0.04', '0.04', '0.04', '0.04', '0.04']
2026-05-14 05:28:07 | INFO    | dpfl.core.base_simulator | Round  28/150 | Acc: 0.7702 | Loss: 0.6585 | eps: 0.00 | P: nan R: nan F1: nan
2026-05-14 05:28:07 | DEBUG   | dpfl.core.base_simulator | Update norms — honest: ['0.05', '0.04', '0.04', '0.04', '0.04'], attacker: ['0.04', '0.04', '0.04', '0.04', '0.04']
2026-05-14 05:28:13 | INFO    | dpfl.core.base_simulator | Round  29/150 | Acc: 0.7716 | Loss: 0.6537 | eps: 0.00 | P: nan R: nan F1: nan
2026-05-14 05:28:13 | DEBUG   | dpfl.core.base_simulator | Update norms — honest: ['0.04', '0.04', '0.04', '0.04', '0.04'], attacker: ['0.04', '0.04', '0.04', '0.04', '0.04']
2026-05-14 05:28:21 | INFO    | dpfl.core.base_simulator | Round  30/150 | Acc: 0.7727 | Loss: 0.6494 | eps: 0.00 | P: nan R: nan F1: nan
2026-05-14 05:28:21 | DEBUG   | dpfl.core.base_simulator | Update norms — honest: ['0.04', '0.04', '0.04', '0.04', '0.04'], attacker: ['0.04', '0.04', '0.04', '0.04', '0.04']
2026-05-14 05:28:28 | INFO    | dpfl.core.base_simulator | Round  31/150 | Acc: 0.7740 | Loss: 0.6452 | eps: 0.00 | P: nan R: nan F1: nan
2026-05-14 05:28:28 | DEBUG   | dpfl.core.base_simulator | Update norms — honest: ['0.04', '0.04', '0.04', '0.04', '0.03'], attacker: ['0.04', '0.04', '0.04', '0.04', '0.04']
2026-05-14 05:28:32 | INFO    | dpfl.core.base_simulator | Round  32/150 | Acc: 0.7751 | Loss: 0.6414 | eps: 0.00 | P: nan R: nan F1: nan
2026-05-14 05:28:32 | DEBUG   | dpfl.core.base_simulator | Update norms — honest: ['0.04', '0.05', '0.04', '0.03', '0.04'], attacker: ['0.04', '0.04', '0.04', '0.04', '0.04']
2026-05-14 05:28:41 | INFO    | dpfl.core.base_simulator | Round  33/150 | Acc: 0.7760 | Loss: 0.6379 | eps: 0.00 | P: nan R: nan F1: nan
2026-05-14 05:28:41 | DEBUG   | dpfl.core.base_simulator | Update norms — honest: ['0.04', '0.04', '0.04', '0.04', '0.04'], attacker: ['0.04', '0.04', '0.04', '0.04', '0.04']
2026-05-14 05:28:48 | INFO    | dpfl.core.base_simulator | Round  34/150 | Acc: 0.7771 | Loss: 0.6343 | eps: 0.00 | P: nan R: nan F1: nan
2026-05-14 05:28:48 | DEBUG   | dpfl.core.base_simulator | Update norms — honest: ['0.04', '0.04', '0.04', '0.04', '0.04'], attacker: ['0.04', '0.04', '0.04', '0.04', '0.04']
2026-05-14 05:28:54 | INFO    | dpfl.core.base_simulator | Round  35/150 | Acc: 0.7781 | Loss: 0.6311 | eps: 0.00 | P: nan R: nan F1: nan
2026-05-14 05:28:54 | DEBUG   | dpfl.core.base_simulator | Update norms — honest: ['0.03', '0.03', '0.04', '0.04', '0.04'], attacker: ['0.04', '0.04', '0.04', '0.04', '0.03']
2026-05-14 05:29:01 | INFO    | dpfl.core.base_simulator | Round  36/150 | Acc: 0.7789 | Loss: 0.6280 | eps: 0.00 | P: nan R: nan F1: nan
2026-05-14 05:29:01 | DEBUG   | dpfl.core.base_simulator | Update norms — honest: ['0.04', '0.03', '0.04', '0.03', '0.04'], attacker: ['0.04', '0.04', '0.04', '0.04', '0.04']
2026-05-14 05:29:10 | INFO    | dpfl.core.base_simulator | Round  37/150 | Acc: 0.7794 | Loss: 0.6256 | eps: 0.00 | P: nan R: nan F1: nan
2026-05-14 05:29:10 | DEBUG   | dpfl.core.base_simulator | Update norms — honest: ['0.04', '0.03', '0.04', '0.03', '0.04'], attacker: ['0.04', '0.04', '0.03', '0.04', '0.04']
2026-05-14 05:29:12 | INFO    | dpfl.core.base_simulator | Round  38/150 | Acc: 0.7804 | Loss: 0.6231 | eps: 0.00 | P: nan R: nan F1: nan
2026-05-14 05:29:12 | DEBUG   | dpfl.core.base_simulator | Update norms — honest: ['0.03', '0.03', '0.04', '0.03', '0.04'], attacker: ['0.03', '0.04', '0.03', '0.04', '0.04']
2026-05-14 05:29:13 | INFO    | dpfl.core.base_simulator | Round  39/150 | Acc: 0.7812 | Loss: 0.6202 | eps: 0.00 | P: nan R: nan F1: nan
2026-05-14 05:29:13 | DEBUG   | dpfl.core.base_simulator | Update norms — honest: ['0.03', '0.04', '0.03', '0.04', '0.03'], attacker: ['0.03', '0.04', '0.04', '0.04', '0.04']
2026-05-14 05:29:14 | INFO    | dpfl.core.base_simulator | Round  40/150 | Acc: 0.7819 | Loss: 0.6177 | eps: 0.00 | P: nan R: nan F1: nan
2026-05-14 05:29:14 | DEBUG   | dpfl.core.base_simulator | Update norms — honest: ['0.03', '0.04', '0.04', '0.03', '0.03'], attacker: ['0.03', '0.04', '0.03', '0.04', '0.03']
2026-05-14 05:29:16 | INFO    | dpfl.core.base_simulator | Round  41/150 | Acc: 0.7826 | Loss: 0.6157 | eps: 0.00 | P: nan R: nan F1: nan
2026-05-14 05:29:16 | DEBUG   | dpfl.core.base_simulator | Update norms — honest: ['0.03', '0.03', '0.04', '0.04', '0.03'], attacker: ['0.04', '0.04', '0.03', '0.03', '0.03']
2026-05-14 05:29:31 | INFO    | dpfl.core.base_simulator | Round  42/150 | Acc: 0.7836 | Loss: 0.6133 | eps: 0.00 | P: nan R: nan F1: nan
2026-05-14 05:29:31 | DEBUG   | dpfl.core.base_simulator | Update norms — honest: ['0.04', '0.03', '0.03', '0.04', '0.03'], attacker: ['0.03', '0.04', '0.03', '0.03', '0.03']
2026-05-14 05:29:55 | INFO    | dpfl.core.base_simulator | Round  43/150 | Acc: 0.7838 | Loss: 0.6115 | eps: 0.00 | P: nan R: nan F1: nan
2026-05-14 05:29:55 | DEBUG   | dpfl.core.base_simulator | Update norms — honest: ['0.03', '0.03', '0.03', '0.04', '0.04'], attacker: ['0.03', '0.04', '0.03', '0.03', '0.03']
2026-05-14 05:30:11 | INFO    | dpfl.core.base_simulator | Round  44/150 | Acc: 0.7847 | Loss: 0.6092 | eps: 0.00 | P: nan R: nan F1: nan
2026-05-14 05:30:11 | DEBUG   | dpfl.core.base_simulator | Update norms — honest: ['0.03', '0.03', '0.03', '0.04', '0.03'], attacker: ['0.04', '0.03', '0.03', '0.04', '0.04']
2026-05-14 05:30:32 | INFO    | dpfl.core.base_simulator | Round  45/150 | Acc: 0.7854 | Loss: 0.6072 | eps: 0.00 | P: nan R: nan F1: nan
2026-05-14 05:30:32 | DEBUG   | dpfl.core.base_simulator | Update norms — honest: ['0.03', '0.03', '0.03', '0.03', '0.03'], attacker: ['0.03', '0.03', '0.03', '0.04', '0.03']
2026-05-14 05:30:54 | INFO    | dpfl.core.base_simulator | Round  46/150 | Acc: 0.7858 | Loss: 0.6055 | eps: 0.00 | P: nan R: nan F1: nan
2026-05-14 05:30:54 | DEBUG   | dpfl.core.base_simulator | Update norms — honest: ['0.04', '0.03', '0.03', '0.03', '0.04'], attacker: ['0.03', '0.03', '0.03', '0.04', '0.03']
2026-05-14 05:31:00 | INFO    | dpfl.core.base_simulator | Round  47/150 | Acc: 0.7864 | Loss: 0.6038 | eps: 0.00 | P: nan R: nan F1: nan
2026-05-14 05:31:00 | DEBUG   | dpfl.core.base_simulator | Update norms — honest: ['0.03', '0.03', '0.03', '0.03', '0.03'], attacker: ['0.03', '0.04', '0.03', '0.04', '0.03']
2026-05-14 05:31:01 | INFO    | dpfl.core.base_simulator | Round  48/150 | Acc: 0.7868 | Loss: 0.6023 | eps: 0.00 | P: nan R: nan F1: nan
2026-05-14 05:31:01 | DEBUG   | dpfl.core.base_simulator | Update norms — honest: ['0.03', '0.03', '0.03', '0.03', '0.03'], attacker: ['0.03', '0.03', '0.03', '0.03', '0.03']
2026-05-14 05:31:02 | INFO    | dpfl.core.base_simulator | Round  49/150 | Acc: 0.7875 | Loss: 0.6006 | eps: 0.00 | P: nan R: nan F1: nan
2026-05-14 05:31:02 | DEBUG   | dpfl.core.base_simulator | Update norms — honest: ['0.04', '0.03', '0.03', '0.03', '0.03'], attacker: ['0.03', '0.03', '0.03', '0.04', '0.03']
2026-05-14 05:31:10 | INFO    | dpfl.core.base_simulator | Round  50/150 | Acc: 0.7879 | Loss: 0.5992 | eps: 0.00 | P: nan R: nan F1: nan
2026-05-14 05:31:10 | DEBUG   | dpfl.core.base_simulator | Update norms — honest: ['0.04', '0.03', '0.03', '0.03', '0.03'], attacker: ['0.03', '0.03', '0.03', '0.03', '0.04']
2026-05-14 05:31:19 | INFO    | dpfl.core.base_simulator | Round  51/150 | Acc: 0.7883 | Loss: 0.5981 | eps: 0.00 | P: nan R: 0.00 F1: nan
2026-05-14 05:31:19 | DEBUG   | dpfl.core.base_simulator | Update norms — honest: ['0.03', '0.04', '0.03', '0.04', '0.03'], attacker: ['0.17', '0.16', '0.15', '0.18', '0.16']
2026-05-14 05:31:23 | INFO    | dpfl.core.base_simulator | Round  52/150 | Acc: 0.7887 | Loss: 0.5969 | eps: 0.00 | P: nan R: 0.00 F1: nan
2026-05-14 05:31:23 | DEBUG   | dpfl.core.base_simulator | Update norms — honest: ['0.03', '0.03', '0.03', '0.03', '0.03'], attacker: ['0.27', '0.26', '0.21', '0.30', '0.31']
2026-05-14 05:31:31 | INFO    | dpfl.core.base_simulator | Round  53/150 | Acc: 0.7878 | Loss: 0.6007 | eps: 0.00 | P: nan R: 0.00 F1: nan
2026-05-14 05:31:31 | DEBUG   | dpfl.core.base_simulator | Update norms — honest: ['0.04', '0.04', '0.04', '0.03', '0.03'], attacker: ['0.87', '0.71', '0.57', '0.92', '0.94']
2026-05-14 05:31:37 | INFO    | dpfl.core.base_simulator | Round  54/150 | Acc: 0.7793 | Loss: 0.6582 | eps: 0.00 | P: nan R: 0.00 F1: nan
2026-05-14 05:31:37 | DEBUG   | dpfl.core.base_simulator | Update norms — honest: ['0.04', '0.03', '0.03', '0.03', '0.03'], attacker: ['3.09', '2.24', '1.31', '2.23', '2.12']
2026-05-14 05:31:43 | INFO    | dpfl.core.base_simulator | Round  55/150 | Acc: 0.7703 | Loss: 1.0925 | eps: 0.00 | P: 1.00 R: 0.35 F1: 0.52
2026-05-14 05:31:43 | DEBUG   | dpfl.core.base_simulator | Update norms — honest: ['0.03', '0.43', '0.03', '0.03', '0.04'], attacker: ['9.65', '6.24', '3.69', '6.24', '5.37']
2026-05-14 05:31:50 | INFO    | dpfl.core.base_simulator | Round  56/150 | Acc: 0.7874 | Loss: 0.6101 | eps: 0.00 | P: 1.00 R: 1.00 F1: 1.00
2026-05-14 05:31:50 | DEBUG   | dpfl.core.base_simulator | Update norms — honest: ['0.03', '0.04', '0.03', '0.03', '0.03'], attacker: ['33.47', '18.17', '15.08', '19.79', '17.19']
2026-05-14 05:31:55 | INFO    | dpfl.core.base_simulator | Round  57/150 | Acc: 0.7902 | Loss: 0.5927 | eps: 0.00 | P: 1.00 R: 1.00 F1: 1.00
2026-05-14 05:31:55 | DEBUG   | dpfl.core.base_simulator | Update norms — honest: ['0.03', '0.04', '0.03', '0.03', '0.03'], attacker: ['120.97', '63.15', '69.68', '69.82', '56.40']
2026-05-14 05:32:03 | INFO    | dpfl.core.base_simulator | Round  58/150 | Acc: 0.7904 | Loss: 0.5918 | eps: 0.00 | P: 1.00 R: 1.00 F1: 1.00
2026-05-14 05:32:03 | DEBUG   | dpfl.core.base_simulator | Update norms — honest: ['0.03', '0.03', '0.03', '0.03', '0.03'], attacker: ['429.91', '240.55', '305.61', '277.88', '220.56']
2026-05-14 05:32:06 | INFO    | dpfl.core.base_simulator | Round  59/150 | Acc: 0.7909 | Loss: 0.5906 | eps: 0.00 | P: 1.00 R: 1.00 F1: 1.00
2026-05-14 05:32:06 | DEBUG   | dpfl.core.base_simulator | Update norms — honest: ['0.03', '0.04', '0.03', '0.04', '0.03'], attacker: ['1517.69', '1033.66', '1253.64', '1150.07', '974.84']
2026-05-14 05:32:16 | INFO    | dpfl.core.base_simulator | Round  60/150 | Acc: 0.7910 | Loss: 0.5901 | eps: 0.00 | P: 1.00 R: 1.00 F1: 1.00
2026-05-14 05:32:16 | DEBUG   | dpfl.core.base_simulator | Update norms — honest: ['0.03', '0.04', '0.03', '0.03', '0.04'], attacker: ['5658.12', '4294.18', '5017.17', '4721.46', '4417.30']
2026-05-14 05:32:19 | INFO    | dpfl.core.base_simulator | Round  61/150 | Acc: 0.7914 | Loss: 0.5892 | eps: 0.00 | P: 1.00 R: 1.00 F1: 1.00
2026-05-14 05:32:19 | DEBUG   | dpfl.core.base_simulator | Update norms — honest: ['0.03', '0.04', '0.03', '0.04', '0.03'], attacker: ['21756.81', '18037.52', '20471.92', '19010.60', '18328.47']
2026-05-14 05:32:28 | INFO    | dpfl.core.base_simulator | Round  62/150 | Acc: 0.7916 | Loss: 0.5886 | eps: 0.00 | P: 1.00 R: 1.00 F1: 1.00
2026-05-14 05:32:28 | DEBUG   | dpfl.core.base_simulator | Update norms — honest: ['0.03', '0.04', '0.03', '0.03', '0.03'], attacker: ['79345.83', '79331.91', '78341.84', '75228.05', '72464.27']
2026-05-14 05:32:31 | INFO    | dpfl.core.base_simulator | Round  63/150 | Acc: 0.7922 | Loss: 0.5873 | eps: 0.00 | P: 1.00 R: 1.00 F1: 1.00
2026-05-14 05:32:31 | DEBUG   | dpfl.core.base_simulator | Update norms — honest: ['0.03', '0.04', '0.03', '0.03', '0.03'], attacker: ['323603.06', '311966.03', '306001.91', '312001.28', '319213.12']
2026-05-14 05:32:40 | INFO    | dpfl.core.base_simulator | Round  64/150 | Acc: 0.7924 | Loss: 0.5866 | eps: 0.00 | P: 1.00 R: 1.00 F1: 1.00
2026-05-14 05:32:40 | DEBUG   | dpfl.core.base_simulator | Update norms — honest: ['0.03', '0.03', '0.03', '0.03', '0.02'], attacker: ['1207565.75', '1247065.38', '1212752.75', '1203584.62', '1267532.50']
2026-05-14 05:32:45 | INFO    | dpfl.core.base_simulator | Round  65/150 | Acc: 0.7926 | Loss: 0.5860 | eps: 0.00 | P: 1.00 R: 1.00 F1: 1.00
2026-05-14 05:32:45 | DEBUG   | dpfl.core.base_simulator | Update norms — honest: ['0.03', '0.03', '0.03', '0.02', '0.03'], attacker: ['4915887.50', '5157571.00', '4727528.00', '4675496.50', '5077758.50']
2026-05-14 05:32:53 | INFO    | dpfl.core.base_simulator | Round  66/150 | Acc: 0.7931 | Loss: 0.5850 | eps: 0.00 | P: 1.00 R: 1.00 F1: 1.00
2026-05-14 05:32:53 | DEBUG   | dpfl.core.base_simulator | Update norms — honest: ['0.03', '0.03', '0.03', '0.04', '0.03'], attacker: ['18384456.00', '19266612.00', '19912138.00', '19606424.00', '19541422.00']
2026-05-14 05:32:58 | INFO    | dpfl.core.base_simulator | Round  67/150 | Acc: 0.7935 | Loss: 0.5843 | eps: 0.00 | P: 1.00 R: 1.00 F1: 1.00
2026-05-14 05:32:58 | DEBUG   | dpfl.core.base_simulator | Update norms — honest: ['0.03', '0.03', '0.03', '0.03', '0.03'], attacker: ['79048568.00', '77191672.00', '75840792.00', '76843992.00', '78210280.00']
2026-05-14 05:33:05 | INFO    | dpfl.core.base_simulator | Round  68/150 | Acc: 0.7934 | Loss: 0.5842 | eps: 0.00 | P: 1.00 R: 1.00 F1: 1.00
2026-05-14 05:33:05 | DEBUG   | dpfl.core.base_simulator | Update norms — honest: ['0.03', '0.03', '0.03', '0.03', '0.03'], attacker: ['317003776.00', '295342176.00', '309585952.00', '296594592.00', '325576768.00']
2026-05-14 05:33:12 | INFO    | dpfl.core.base_simulator | Round  69/150 | Acc: 0.7938 | Loss: 0.5835 | eps: 0.00 | P: 1.00 R: 1.00 F1: 1.00
2026-05-14 05:33:12 | DEBUG   | dpfl.core.base_simulator | Update norms — honest: ['0.03', '0.03', '0.03', '0.03', '0.03'], attacker: ['1215016576.00', '1252160896.00', '1227015168.00', '1203518208.00', '1210905088.00']
2026-05-14 05:33:17 | INFO    | dpfl.core.base_simulator | Round  70/150 | Acc: 0.7939 | Loss: 0.5830 | eps: 0.00 | P: 1.00 R: 1.00 F1: 1.00
2026-05-14 05:33:17 | DEBUG   | dpfl.core.base_simulator | Update norms — honest: ['0.03', '0.03', '0.03', '0.03', '0.03'], attacker: ['4877021184.00', '4823330304.00', '4669576192.00', '5007443968.00', '4714855936.00']
2026-05-14 05:33:25 | INFO    | dpfl.core.base_simulator | Round  71/150 | Acc: 0.7941 | Loss: 0.5825 | eps: 0.00 | P: 1.00 R: 1.00 F1: 1.00
2026-05-14 05:33:25 | DEBUG   | dpfl.core.base_simulator | Update norms — honest: ['0.03', '0.03', '0.04', '0.03', '0.03'], attacker: ['18453901312.00', '18612228096.00', '19181441024.00', '18415419392.00', '19904739328.00']
2026-05-14 05:33:29 | INFO    | dpfl.core.base_simulator | Round  72/150 | Acc: 0.7943 | Loss: 0.5820 | eps: 0.00 | P: 1.00 R: 1.00 F1: 1.00
2026-05-14 05:33:29 | DEBUG   | dpfl.core.base_simulator | Update norms — honest: ['0.03', '0.03', '0.03', '0.03', '0.03'], attacker: ['75756429312.00', '75911847936.00', '73874669568.00', '75611553792.00', '77972226048.00']
2026-05-14 05:33:38 | INFO    | dpfl.core.base_simulator | Round  73/150 | Acc: 0.7945 | Loss: 0.5818 | eps: 0.00 | P: 1.00 R: 1.00 F1: 1.00
2026-05-14 05:33:38 | DEBUG   | dpfl.core.base_simulator | Update norms — honest: ['0.03', '0.04', '0.03', '0.03', '0.03'], attacker: ['305793335296.00', '317157572608.00', '315899969536.00', '303177105408.00', '324011032576.00']
2026-05-14 05:33:41 | INFO    | dpfl.core.base_simulator | Round  74/150 | Acc: 0.7947 | Loss: 0.5817 | eps: 0.00 | P: 1.00 R: 1.00 F1: 1.00
2026-05-14 05:33:41 | DEBUG   | dpfl.core.base_simulator | Update norms — honest: ['0.03', '0.05', '0.03', '0.04', '0.03'], attacker: ['1238895034368.00', '1230366179328.00', '1178966294528.00', '1246134009856.00', '1232054517760.00']
2026-05-14 05:33:49 | INFO    | dpfl.core.base_simulator | Round  75/150 | Acc: 0.7948 | Loss: 0.5811 | eps: 0.00 | P: 1.00 R: 1.00 F1: 1.00
2026-05-14 05:33:49 | DEBUG   | dpfl.core.base_simulator | Update norms — honest: ['0.03', '0.04', '0.03', '0.03', '0.03'], attacker: ['4857052790784.00', '4926327488512.00', '4785683038208.00', '4725660450816.00', '5113763069952.00']
2026-05-14 05:33:53 | INFO    | dpfl.core.base_simulator | Round  76/150 | Acc: 0.7947 | Loss: 0.5811 | eps: 0.00 | P: 1.00 R: 1.00 F1: 1.00
2026-05-14 05:33:53 | DEBUG   | dpfl.core.base_simulator | Update norms — honest: ['0.02', '0.04', '0.03', '0.03', '0.03'], attacker: ['18365959634944.00', '19037314613248.00', '18541384302592.00', '18797366870016.00', '18933188919296.00']
2026-05-14 05:34:02 | INFO    | dpfl.core.base_simulator | Round  77/150 | Acc: 0.7954 | Loss: 0.5803 | eps: 0.00 | P: 1.00 R: 1.00 F1: 1.00
2026-05-14 05:34:02 | DEBUG   | dpfl.core.base_simulator | Update norms — honest: ['0.03', '0.03', '0.03', '0.03', '0.02'], attacker: ['71750901563392.00', '72827361296384.00', '72484770545664.00', '78997216034816.00', '75246803615744.00']
2026-05-14 05:34:05 | INFO    | dpfl.core.base_simulator | Round  78/150 | Acc: 0.7954 | Loss: 0.5802 | eps: 0.00 | P: 1.00 R: 1.00 F1: 1.00
2026-05-14 05:34:05 | DEBUG   | dpfl.core.base_simulator | Update norms — honest: ['0.02', '0.03', '0.03', '0.03', '0.02'], attacker: ['289744500031488.00', '293159535902720.00', '290444680364032.00', '311292250292224.00', '297500036562944.00']
2026-05-14 05:34:14 | INFO    | dpfl.core.base_simulator | Round  79/150 | Acc: 0.7958 | Loss: 0.5796 | eps: 0.00 | P: 1.00 R: 1.00 F1: 1.00
2026-05-14 05:34:14 | DEBUG   | dpfl.core.base_simulator | Update norms — honest: ['0.03', '0.02', '0.03', '0.03', '0.03'], attacker: ['1223007372574720.00', '1152863979962368.00', '1162464439828480.00', '1200067415375872.00', '1207822381481984.00']
2026-05-14 05:34:17 | INFO    | dpfl.core.base_simulator | Round  80/150 | Acc: 0.7959 | Loss: 0.5795 | eps: 0.00 | P: 1.00 R: 1.00 F1: 1.00
2026-05-14 05:34:17 | DEBUG   | dpfl.core.base_simulator | Update norms — honest: ['0.03', '0.03', '0.03', '0.03', '0.03'], attacker: ['4613209877118976.00', '4776563052642304.00', '4875042894643200.00', '4798340147445760.00', '4803292781608960.00']
2026-05-14 05:34:26 | INFO    | dpfl.core.base_simulator | Round  81/150 | Acc: 0.7958 | Loss: 0.5797 | eps: 0.00 | P: 1.00 R: 1.00 F1: 1.00
2026-05-14 05:34:26 | DEBUG   | dpfl.core.base_simulator | Update norms — honest: ['0.03', '0.03', '0.03', '0.03', '0.04'], attacker: ['18150383616524288.00', '17392466843926528.00', '19085337867321344.00', '17736871681458176.00', '18419308698796032.00']
2026-05-14 05:34:29 | INFO    | dpfl.core.base_simulator | Round  82/150 | Acc: 0.7959 | Loss: 0.5795 | eps: 0.00 | P: 1.00 R: 1.00 F1: 1.00
2026-05-14 05:34:29 | DEBUG   | dpfl.core.base_simulator | Update norms — honest: ['0.02', '0.02', '0.03', '0.03', '0.03'], attacker: ['74514615978950656.00', '71909009644322816.00', '71996588322455552.00', '72994532563615744.00', '75072592360243200.00']
2026-05-14 05:34:38 | INFO    | dpfl.core.base_simulator | Round  83/150 | Acc: 0.7961 | Loss: 0.5792 | eps: 0.00 | P: 1.00 R: 1.00 F1: 1.00
2026-05-14 05:34:38 | DEBUG   | dpfl.core.base_simulator | Update norms — honest: ['0.02', '0.03', '0.03', '0.02', '0.02'], attacker: ['290895076941365248.00', '275131310014464000.00', '289293157219172352.00', '296962869298200576.00', '286928932341547008.00']
2026-05-14 05:34:43 | INFO    | dpfl.core.base_simulator | Round  84/150 | Acc: 0.7961 | Loss: 0.5796 | eps: 0.00 | P: 1.00 R: 1.00 F1: 1.00
2026-05-14 05:34:43 | DEBUG   | dpfl.core.base_simulator | Update norms — honest: ['0.02', '0.03', '0.03', '0.02', '0.02'], attacker: ['1198404040040382464.00', '1124595954771558400.00', '1169753240921702400.00', '1166436564096516096.00', '1160558987251286016.00']
2026-05-14 05:34:51 | INFO    | dpfl.core.base_simulator | Round  85/150 | Acc: 0.7964 | Loss: 0.5790 | eps: 0.00 | P: 1.00 R: 1.00 F1: 1.00
2026-05-14 05:34:51 | DEBUG   | dpfl.core.base_simulator | Update norms — honest: ['0.02', '0.03', '0.03', '0.02', '0.02'], attacker: ['4729464054727311360.00', '4392625094145343488.00', '4429160216268898304.00', '4521131615153291264.00', '4693213706115350528.00']
2026-05-14 05:34:56 | INFO    | dpfl.core.base_simulator | Round  86/150 | Acc: 0.7966 | Loss: 0.5790 | eps: 0.00 | P: 1.00 R: 1.00 F1: 1.00
2026-05-14 05:34:56 | DEBUG   | dpfl.core.base_simulator | Update norms — honest: ['0.03', '0.03', '0.03', '0.03', '0.03'], attacker: ['nan', 'nan', 'nan', 'nan', 'nan']
2026-05-14 05:35:02 | INFO    | dpfl.core.base_simulator | Round  87/150 | Acc: 0.7965 | Loss: 0.5789 | eps: 0.00 | P: 1.00 R: 1.00 F1: 1.00
2026-05-14 05:35:02 | DEBUG   | dpfl.core.base_simulator | Update norms — honest: ['0.03', '0.02', '0.03', '0.03', '0.02'], attacker: ['nan', 'nan', 'nan', 'nan', 'nan']
2026-05-14 05:35:08 | INFO    | dpfl.core.base_simulator | Round  88/150 | Acc: 0.7969 | Loss: 0.5789 | eps: 0.00 | P: 1.00 R: 1.00 F1: 1.00
2026-05-14 05:35:08 | DEBUG   | dpfl.core.base_simulator | Update norms — honest: ['0.03', '0.03', '0.03', '0.03', '0.02'], attacker: ['nan', 'nan', 'nan', 'nan', 'nan']
2026-05-14 05:35:14 | INFO    | dpfl.core.base_simulator | Round  89/150 | Acc: 0.7969 | Loss: 0.5786 | eps: 0.00 | P: 1.00 R: 1.00 F1: 1.00
2026-05-14 05:35:14 | DEBUG   | dpfl.core.base_simulator | Update norms — honest: ['0.03', '0.02', '0.03', '0.03', '0.03'], attacker: ['nan', 'nan', 'nan', 'nan', 'nan']
2026-05-14 05:35:20 | INFO    | dpfl.core.base_simulator | Round  90/150 | Acc: 0.7969 | Loss: 0.5788 | eps: 0.00 | P: 1.00 R: 1.00 F1: 1.00
2026-05-14 05:35:20 | DEBUG   | dpfl.core.base_simulator | Update norms — honest: ['0.02', '0.02', '0.03', '0.03', '0.02'], attacker: ['nan', 'nan', 'nan', 'nan', 'nan']
2026-05-14 05:35:26 | INFO    | dpfl.core.base_simulator | Round  91/150 | Acc: 0.7969 | Loss: 0.5791 | eps: 0.00 | P: 1.00 R: 1.00 F1: 1.00
2026-05-14 05:35:26 | DEBUG   | dpfl.core.base_simulator | Update norms — honest: ['0.03', '0.03', '0.03', '0.02', '0.03'], attacker: ['nan', 'nan', 'nan', 'nan', 'nan']
2026-05-14 05:35:32 | INFO    | dpfl.core.base_simulator | Round  92/150 | Acc: 0.7973 | Loss: 0.5787 | eps: 0.00 | P: 1.00 R: 1.00 F1: 1.00
2026-05-14 05:35:32 | DEBUG   | dpfl.core.base_simulator | Update norms — honest: ['0.03', '0.03', '0.03', '0.03', '0.03'], attacker: ['nan', 'nan', 'nan', 'nan', 'nan']
2026-05-14 05:35:37 | INFO    | dpfl.core.base_simulator | Round  93/150 | Acc: 0.7971 | Loss: 0.5787 | eps: 0.00 | P: 1.00 R: 1.00 F1: 1.00
2026-05-14 05:35:37 | DEBUG   | dpfl.core.base_simulator | Update norms — honest: ['0.02', '0.03', '0.03', '0.03', '0.02'], attacker: ['nan', 'nan', 'nan', 'nan', 'nan']
2026-05-14 05:35:45 | INFO    | dpfl.core.base_simulator | Round  94/150 | Acc: 0.7975 | Loss: 0.5786 | eps: 0.00 | P: 1.00 R: 1.00 F1: 1.00
2026-05-14 05:35:45 | DEBUG   | dpfl.core.base_simulator | Update norms — honest: ['0.02', '0.03', '0.03', '0.03', '0.03'], attacker: ['nan', 'nan', 'nan', 'nan', 'nan']
2026-05-14 05:35:49 | INFO    | dpfl.core.base_simulator | Round  95/150 | Acc: 0.7975 | Loss: 0.5790 | eps: 0.00 | P: 1.00 R: 1.00 F1: 1.00
2026-05-14 05:35:49 | DEBUG   | dpfl.core.base_simulator | Update norms — honest: ['0.03', '0.02', '0.03', '0.03', '0.02'], attacker: ['nan', 'nan', 'nan', 'nan', 'nan']
2026-05-14 05:35:56 | INFO    | dpfl.core.base_simulator | Round  96/150 | Acc: 0.7973 | Loss: 0.5791 | eps: 0.00 | P: 1.00 R: 1.00 F1: 1.00
2026-05-14 05:35:56 | DEBUG   | dpfl.core.base_simulator | Update norms — honest: ['0.02', '0.03', '0.03', '0.03', '0.02'], attacker: ['nan', 'nan', 'nan', 'nan', 'nan']
2026-05-14 05:36:01 | INFO    | dpfl.core.base_simulator | Round  97/150 | Acc: 0.7974 | Loss: 0.5794 | eps: 0.00 | P: 1.00 R: 1.00 F1: 1.00
2026-05-14 05:36:01 | DEBUG   | dpfl.core.base_simulator | Update norms — honest: ['0.03', '0.03', '0.03', '0.03', '0.02'], attacker: ['nan', 'nan', 'nan', 'nan', 'nan']
2026-05-14 05:36:09 | INFO    | dpfl.core.base_simulator | Round  98/150 | Acc: 0.7978 | Loss: 0.5789 | eps: 0.00 | P: 1.00 R: 1.00 F1: 1.00
2026-05-14 05:36:09 | DEBUG   | dpfl.core.base_simulator | Update norms — honest: ['0.03', '0.03', '0.03', '0.03', '0.03'], attacker: ['nan', 'nan', 'nan', 'nan', 'nan']
2026-05-14 05:36:12 | INFO    | dpfl.core.base_simulator | Round  99/150 | Acc: 0.7977 | Loss: 0.5792 | eps: 0.00 | P: 1.00 R: 1.00 F1: 1.00
2026-05-14 05:36:12 | DEBUG   | dpfl.core.base_simulator | Update norms — honest: ['0.03', '0.02', '0.03', '0.03', '0.02'], attacker: ['nan', 'nan', 'nan', 'nan', 'nan']
2026-05-14 05:36:21 | INFO    | dpfl.core.base_simulator | Round 100/150 | Acc: 0.7979 | Loss: 0.5797 | eps: 0.00 | P: 1.00 R: 1.00 F1: 1.00
2026-05-14 05:36:21 | DEBUG   | dpfl.core.base_simulator | Update norms — honest: ['0.03', '0.02', '0.03', '0.04', '0.02'], attacker: ['nan', 'nan', 'nan', 'nan', 'nan']
2026-05-14 05:36:24 | INFO    | dpfl.core.base_simulator | Round 101/150 | Acc: 0.7981 | Loss: 0.5793 | eps: 0.00 | P: 1.00 R: 1.00 F1: 1.00
2026-05-14 05:36:24 | DEBUG   | dpfl.core.base_simulator | Update norms — honest: ['0.02', '0.03', '0.02', '0.02', '0.03'], attacker: ['nan', 'nan', 'nan', 'nan', 'nan']
2026-05-14 05:36:33 | INFO    | dpfl.core.base_simulator | Round 102/150 | Acc: 0.7983 | Loss: 0.5794 | eps: 0.00 | P: 1.00 R: 1.00 F1: 1.00
2026-05-14 05:36:33 | DEBUG   | dpfl.core.base_simulator | Update norms — honest: ['0.03', '0.03', '0.02', '0.03', '0.03'], attacker: ['nan', 'nan', 'nan', 'nan', 'nan']
2026-05-14 05:36:36 | INFO    | dpfl.core.base_simulator | Round 103/150 | Acc: 0.7980 | Loss: 0.5799 | eps: 0.00 | P: 1.00 R: 1.00 F1: 1.00
2026-05-14 05:36:36 | DEBUG   | dpfl.core.base_simulator | Update norms — honest: ['0.03', '0.03', '0.02', '0.03', '0.02'], attacker: ['nan', 'nan', 'nan', 'nan', 'nan']
2026-05-14 05:36:45 | INFO    | dpfl.core.base_simulator | Round 104/150 | Acc: 0.7982 | Loss: 0.5801 | eps: 0.00 | P: 1.00 R: 1.00 F1: 1.00
2026-05-14 05:36:45 | DEBUG   | dpfl.core.base_simulator | Update norms — honest: ['0.02', '0.03', '0.03', '0.02', '0.03'], attacker: ['nan', 'nan', 'nan', 'nan', 'nan']
2026-05-14 05:36:48 | INFO    | dpfl.core.base_simulator | Round 105/150 | Acc: 0.7980 | Loss: 0.5809 | eps: 0.00 | P: 1.00 R: 1.00 F1: 1.00
2026-05-14 05:36:48 | DEBUG   | dpfl.core.base_simulator | Update norms — honest: ['0.03', '0.03', '0.03', '0.03', '0.03'], attacker: ['nan', 'nan', 'nan', 'nan', 'nan']
2026-05-14 05:36:57 | INFO    | dpfl.core.base_simulator | Round 106/150 | Acc: 0.7982 | Loss: 0.5805 | eps: 0.00 | P: 1.00 R: 1.00 F1: 1.00
2026-05-14 05:36:57 | DEBUG   | dpfl.core.base_simulator | Update norms — honest: ['0.02', '0.03', '0.03', '0.02', '0.02'], attacker: ['nan', 'nan', 'nan', 'nan', 'nan']
2026-05-14 05:36:59 | INFO    | dpfl.core.base_simulator | Round 107/150 | Acc: 0.7982 | Loss: 0.5810 | eps: 0.00 | P: 1.00 R: 1.00 F1: 1.00
2026-05-14 05:36:59 | DEBUG   | dpfl.core.base_simulator | Update norms — honest: ['0.02', '0.02', '0.03', '0.02', '0.02'], attacker: ['nan', 'nan', 'nan', 'nan', 'nan']
2026-05-14 05:37:08 | INFO    | dpfl.core.base_simulator | Round 108/150 | Acc: 0.7984 | Loss: 0.5806 | eps: 0.00 | P: 1.00 R: 1.00 F1: 1.00
2026-05-14 05:37:08 | DEBUG   | dpfl.core.base_simulator | Update norms — honest: ['0.02', '0.02', '0.02', '0.03', '0.02'], attacker: ['nan', 'nan', 'nan', 'nan', 'nan']
2026-05-14 05:37:11 | INFO    | dpfl.core.base_simulator | Round 109/150 | Acc: 0.7984 | Loss: 0.5815 | eps: 0.00 | P: 1.00 R: 1.00 F1: 1.00
2026-05-14 05:37:11 | DEBUG   | dpfl.core.base_simulator | Update norms — honest: ['0.03', '0.02', '0.03', '0.02', '0.03'], attacker: ['nan', 'nan', 'nan', 'nan', 'nan']
2026-05-14 05:37:20 | INFO    | dpfl.core.base_simulator | Round 110/150 | Acc: 0.7983 | Loss: 0.5817 | eps: 0.00 | P: 1.00 R: 1.00 F1: 1.00
2026-05-14 05:37:20 | DEBUG   | dpfl.core.base_simulator | Update norms — honest: ['0.03', '0.03', '0.03', '0.02', '0.02'], attacker: ['nan', 'nan', 'nan', 'nan', 'nan']
2026-05-14 05:37:23 | INFO    | dpfl.core.base_simulator | Round 111/150 | Acc: 0.7983 | Loss: 0.5819 | eps: 0.00 | P: 1.00 R: 1.00 F1: 1.00
2026-05-14 05:37:23 | DEBUG   | dpfl.core.base_simulator | Update norms — honest: ['0.03', '0.02', '0.03', '0.02', '0.02'], attacker: ['nan', 'nan', 'nan', 'nan', 'nan']
2026-05-14 05:37:32 | INFO    | dpfl.core.base_simulator | Round 112/150 | Acc: 0.7984 | Loss: 0.5821 | eps: 0.00 | P: 1.00 R: 1.00 F1: 1.00
2026-05-14 05:37:32 | DEBUG   | dpfl.core.base_simulator | Update norms — honest: ['0.02', '0.03', '0.03', '0.03', '0.03'], attacker: ['nan', 'nan', 'nan', 'nan', 'nan']
2026-05-14 05:37:35 | INFO    | dpfl.core.base_simulator | Round 113/150 | Acc: 0.7986 | Loss: 0.5822 | eps: 0.00 | P: 1.00 R: 1.00 F1: 1.00
2026-05-14 05:37:35 | DEBUG   | dpfl.core.base_simulator | Update norms — honest: ['0.02', '0.02', '0.03', '0.04', '0.03'], attacker: ['nan', 'nan', 'nan', 'nan', 'nan']
2026-05-14 05:37:44 | INFO    | dpfl.core.base_simulator | Round 114/150 | Acc: 0.7988 | Loss: 0.5825 | eps: 0.00 | P: 1.00 R: 1.00 F1: 1.00
2026-05-14 05:37:44 | DEBUG   | dpfl.core.base_simulator | Update norms — honest: ['0.02', '0.02', '0.03', '0.03', '0.03'], attacker: ['nan', 'nan', 'nan', 'nan', 'nan']
2026-05-14 05:37:46 | INFO    | dpfl.core.base_simulator | Round 115/150 | Acc: 0.7984 | Loss: 0.5832 | eps: 0.00 | P: 1.00 R: 1.00 F1: 1.00
2026-05-14 05:37:46 | DEBUG   | dpfl.core.base_simulator | Update norms — honest: ['0.02', '0.02', '0.02', '0.02', '0.03'], attacker: ['nan', 'nan', 'nan', 'nan', 'nan']
2026-05-14 05:37:55 | INFO    | dpfl.core.base_simulator | Round 116/150 | Acc: 0.7988 | Loss: 0.5832 | eps: 0.00 | P: 1.00 R: 1.00 F1: 1.00
2026-05-14 05:37:55 | DEBUG   | dpfl.core.base_simulator | Update norms — honest: ['0.02', '0.03', '0.02', '0.02', '0.03'], attacker: ['nan', 'nan', 'nan', 'nan', 'nan']
2026-05-14 05:37:58 | INFO    | dpfl.core.base_simulator | Round 117/150 | Acc: 0.7989 | Loss: 0.5831 | eps: 0.00 | P: 1.00 R: 1.00 F1: 1.00
2026-05-14 05:37:58 | DEBUG   | dpfl.core.base_simulator | Update norms — honest: ['0.03', '0.03', '0.03', '0.03', '0.02'], attacker: ['nan', 'nan', 'nan', 'nan', 'nan']
2026-05-14 05:38:07 | INFO    | dpfl.core.base_simulator | Round 118/150 | Acc: 0.7988 | Loss: 0.5839 | eps: 0.00 | P: 1.00 R: 1.00 F1: 1.00
2026-05-14 05:38:07 | DEBUG   | dpfl.core.base_simulator | Update norms — honest: ['0.03', '0.02', '0.02', '0.02', '0.04'], attacker: ['nan', 'nan', 'nan', 'nan', 'nan']
2026-05-14 05:38:09 | INFO    | dpfl.core.base_simulator | Round 119/150 | Acc: 0.7989 | Loss: 0.5843 | eps: 0.00 | P: 1.00 R: 1.00 F1: 1.00
2026-05-14 05:38:09 | DEBUG   | dpfl.core.base_simulator | Update norms — honest: ['0.02', '0.02', '0.03', '0.02', '0.03'], attacker: ['nan', 'nan', 'nan', 'nan', 'nan']
2026-05-14 05:38:18 | INFO    | dpfl.core.base_simulator | Round 120/150 | Acc: 0.7986 | Loss: 0.5847 | eps: 0.00 | P: 1.00 R: 1.00 F1: 1.00
2026-05-14 05:38:18 | DEBUG   | dpfl.core.base_simulator | Update norms — honest: ['0.02', '0.02', '0.03', '0.03', '0.02'], attacker: ['nan', 'nan', 'nan', 'nan', 'nan']
2026-05-14 05:38:21 | INFO    | dpfl.core.base_simulator | Round 121/150 | Acc: 0.7989 | Loss: 0.5848 | eps: 0.00 | P: 1.00 R: 1.00 F1: 1.00
2026-05-14 05:38:21 | DEBUG   | dpfl.core.base_simulator | Update norms — honest: ['0.02', '0.03', '0.02', '0.03', '0.02'], attacker: ['nan', 'nan', 'nan', 'nan', 'nan']
2026-05-14 05:38:30 | INFO    | dpfl.core.base_simulator | Round 122/150 | Acc: 0.7991 | Loss: 0.5849 | eps: 0.00 | P: 1.00 R: 1.00 F1: 1.00
2026-05-14 05:38:30 | DEBUG   | dpfl.core.base_simulator | Update norms — honest: ['0.03', '0.02', '0.02', '0.03', '0.02'], attacker: ['nan', 'nan', 'nan', 'nan', 'nan']
2026-05-14 05:38:33 | INFO    | dpfl.core.base_simulator | Round 123/150 | Acc: 0.7990 | Loss: 0.5855 | eps: 0.00 | P: 1.00 R: 1.00 F1: 1.00
2026-05-14 05:38:33 | DEBUG   | dpfl.core.base_simulator | Update norms — honest: ['0.02', '0.03', '0.02', '0.02', '0.02'], attacker: ['nan', 'nan', 'nan', 'nan', 'nan']
2026-05-14 05:38:42 | INFO    | dpfl.core.base_simulator | Round 124/150 | Acc: 0.7989 | Loss: 0.5861 | eps: 0.00 | P: 1.00 R: 1.00 F1: 1.00
2026-05-14 05:38:42 | DEBUG   | dpfl.core.base_simulator | Update norms — honest: ['0.03', '0.03', '0.02', '0.02', '0.03'], attacker: ['nan', 'nan', 'nan', 'nan', 'nan']
2026-05-14 05:38:44 | INFO    | dpfl.core.base_simulator | Round 125/150 | Acc: 0.7990 | Loss: 0.5864 | eps: 0.00 | P: 1.00 R: 1.00 F1: 1.00
2026-05-14 05:38:44 | DEBUG   | dpfl.core.base_simulator | Update norms — honest: ['0.02', '0.02', '0.02', '0.03', '0.02'], attacker: ['nan', 'nan', 'nan', 'nan', 'nan']
2026-05-14 05:38:53 | INFO    | dpfl.core.base_simulator | Round 126/150 | Acc: 0.7989 | Loss: 0.5868 | eps: 0.00 | P: 1.00 R: 1.00 F1: 1.00
2026-05-14 05:38:53 | DEBUG   | dpfl.core.base_simulator | Update norms — honest: ['0.02', '0.02', '0.02', '0.02', '0.02'], attacker: ['nan', 'nan', 'nan', 'nan', 'nan']
2026-05-14 05:38:55 | INFO    | dpfl.core.base_simulator | Round 127/150 | Acc: 0.7990 | Loss: 0.5870 | eps: 0.00 | P: 1.00 R: 1.00 F1: 1.00
2026-05-14 05:38:55 | DEBUG   | dpfl.core.base_simulator | Update norms — honest: ['0.02', '0.02', '0.02', '0.03', '0.02'], attacker: ['nan', 'nan', 'nan', 'nan', 'nan']
2026-05-14 05:39:04 | INFO    | dpfl.core.base_simulator | Round 128/150 | Acc: 0.7990 | Loss: 0.5879 | eps: 0.00 | P: 1.00 R: 1.00 F1: 1.00
2026-05-14 05:39:04 | DEBUG   | dpfl.core.base_simulator | Update norms — honest: ['0.02', '0.02', '0.02', '0.02', '0.03'], attacker: ['nan', 'nan', 'nan', 'nan', 'nan']
2026-05-14 05:39:07 | INFO    | dpfl.core.base_simulator | Round 129/150 | Acc: 0.7992 | Loss: 0.5877 | eps: 0.00 | P: 1.00 R: 1.00 F1: 1.00
2026-05-14 05:39:07 | DEBUG   | dpfl.core.base_simulator | Update norms — honest: ['0.02', '0.02', '0.02', '0.03', '0.02'], attacker: ['nan', 'nan', 'nan', 'nan', 'nan']
2026-05-14 05:39:16 | INFO    | dpfl.core.base_simulator | Round 130/150 | Acc: 0.7989 | Loss: 0.5887 | eps: 0.00 | P: 1.00 R: 1.00 F1: 1.00
2026-05-14 05:39:16 | DEBUG   | dpfl.core.base_simulator | Update norms — honest: ['0.02', '0.02', '0.02', '0.02', '0.02'], attacker: ['nan', 'nan', 'nan', 'nan', 'nan']
2026-05-14 05:39:19 | INFO    | dpfl.core.base_simulator | Round 131/150 | Acc: 0.7992 | Loss: 0.5888 | eps: 0.00 | P: 1.00 R: 1.00 F1: 1.00
2026-05-14 05:39:19 | DEBUG   | dpfl.core.base_simulator | Update norms — honest: ['0.02', '0.02', '0.02', '0.02', '0.03'], attacker: ['nan', 'nan', 'nan', 'nan', 'nan']
2026-05-14 05:39:26 | INFO    | dpfl.core.base_simulator | Round 132/150 | Acc: 0.7991 | Loss: 0.5892 | eps: 0.00 | P: 1.00 R: 1.00 F1: 1.00
2026-05-14 05:39:26 | DEBUG   | dpfl.core.base_simulator | Update norms — honest: ['0.02', '0.02', '0.02', '0.03', '0.02'], attacker: ['nan', 'nan', 'nan', 'nan', 'nan']
2026-05-14 05:39:30 | INFO    | dpfl.core.base_simulator | Round 133/150 | Acc: 0.7989 | Loss: 0.5899 | eps: 0.00 | P: 1.00 R: 1.00 F1: 1.00
2026-05-14 05:39:30 | DEBUG   | dpfl.core.base_simulator | Update norms — honest: ['0.02', '0.03', '0.02', '0.02', '0.02'], attacker: ['nan', 'nan', 'nan', 'nan', 'nan']
2026-05-14 05:39:38 | INFO    | dpfl.core.base_simulator | Round 134/150 | Acc: 0.7991 | Loss: 0.5904 | eps: 0.00 | P: 1.00 R: 1.00 F1: 1.00
2026-05-14 05:39:38 | DEBUG   | dpfl.core.base_simulator | Update norms — honest: ['0.02', '0.03', '0.02', '0.02', '0.02'], attacker: ['nan', 'nan', 'nan', 'nan', 'nan']
2026-05-14 05:39:42 | INFO    | dpfl.core.base_simulator | Round 135/150 | Acc: 0.7991 | Loss: 0.5908 | eps: 0.00 | P: 1.00 R: 1.00 F1: 1.00
2026-05-14 05:39:42 | DEBUG   | dpfl.core.base_simulator | Update norms — honest: ['0.02', '0.03', '0.02', '0.02', '0.03'], attacker: ['nan', 'nan', 'nan', 'nan', 'nan']
2026-05-14 05:39:49 | INFO    | dpfl.core.base_simulator | Round 136/150 | Acc: 0.7992 | Loss: 0.5911 | eps: 0.00 | P: 1.00 R: 1.00 F1: 1.00
2026-05-14 05:39:49 | DEBUG   | dpfl.core.base_simulator | Update norms — honest: ['0.02', '0.02', '0.02', '0.02', '0.02'], attacker: ['nan', 'nan', 'nan', 'nan', 'nan']
2026-05-14 05:39:54 | INFO    | dpfl.core.base_simulator | Round 137/150 | Acc: 0.7992 | Loss: 0.5913 | eps: 0.00 | P: 1.00 R: 1.00 F1: 1.00
2026-05-14 05:39:54 | DEBUG   | dpfl.core.base_simulator | Update norms — honest: ['0.02', '0.02', '0.02', '0.03', '0.02'], attacker: ['nan', 'nan', 'nan', 'nan', 'nan']
2026-05-14 05:40:01 | INFO    | dpfl.core.base_simulator | Round 138/150 | Acc: 0.7992 | Loss: 0.5918 | eps: 0.00 | P: 1.00 R: 1.00 F1: 1.00
2026-05-14 05:40:01 | DEBUG   | dpfl.core.base_simulator | Update norms — honest: ['0.02', '0.02', '0.02', '0.03', '0.02'], attacker: ['nan', 'nan', 'nan', 'nan', 'nan']
2026-05-14 05:40:06 | INFO    | dpfl.core.base_simulator | Round 139/150 | Acc: 0.7991 | Loss: 0.5927 | eps: 0.00 | P: 1.00 R: 1.00 F1: 1.00
2026-05-14 05:40:06 | DEBUG   | dpfl.core.base_simulator | Update norms — honest: ['0.03', '0.03', '0.02', '0.02', '0.03'], attacker: ['nan', 'nan', 'nan', 'nan', 'nan']
2026-05-14 05:40:13 | INFO    | dpfl.core.base_simulator | Round 140/150 | Acc: 0.7991 | Loss: 0.5930 | eps: 0.00 | P: 1.00 R: 1.00 F1: 1.00
2026-05-14 05:40:13 | DEBUG   | dpfl.core.base_simulator | Update norms — honest: ['0.03', '0.03', '0.02', '0.03', '0.03'], attacker: ['nan', 'nan', 'nan', 'nan', 'nan']
2026-05-14 05:40:17 | INFO    | dpfl.core.base_simulator | Round 141/150 | Acc: 0.7991 | Loss: 0.5937 | eps: 0.00 | P: 1.00 R: 1.00 F1: 1.00
2026-05-14 05:40:17 | DEBUG   | dpfl.core.base_simulator | Update norms — honest: ['0.03', '0.03', '0.03', '0.02', '0.03'], attacker: ['nan', 'nan', 'nan', 'nan', 'nan']
2026-05-14 05:40:25 | INFO    | dpfl.core.base_simulator | Round 142/150 | Acc: 0.7990 | Loss: 0.5942 | eps: 0.00 | P: 1.00 R: 1.00 F1: 1.00
2026-05-14 05:40:25 | DEBUG   | dpfl.core.base_simulator | Update norms — honest: ['0.02', '0.03', '0.02', '0.02', '0.02'], attacker: ['nan', 'nan', 'nan', 'nan', 'nan']
2026-05-14 05:40:29 | INFO    | dpfl.core.base_simulator | Round 143/150 | Acc: 0.7993 | Loss: 0.5945 | eps: 0.00 | P: 1.00 R: 1.00 F1: 1.00
2026-05-14 05:40:29 | DEBUG   | dpfl.core.base_simulator | Update norms — honest: ['0.02', '0.03', '0.03', '0.02', '0.03'], attacker: ['nan', 'nan', 'nan', 'nan', 'nan']
2026-05-14 05:40:37 | INFO    | dpfl.core.base_simulator | Round 144/150 | Acc: 0.7993 | Loss: 0.5950 | eps: 0.00 | P: 1.00 R: 1.00 F1: 1.00
2026-05-14 05:40:37 | DEBUG   | dpfl.core.base_simulator | Update norms — honest: ['0.02', '0.02', '0.03', '0.02', '0.03'], attacker: ['nan', 'nan', 'nan', 'nan', 'nan']
2026-05-14 05:40:41 | INFO    | dpfl.core.base_simulator | Round 145/150 | Acc: 0.7992 | Loss: 0.5958 | eps: 0.00 | P: 1.00 R: 1.00 F1: 1.00
2026-05-14 05:40:41 | DEBUG   | dpfl.core.base_simulator | Update norms — honest: ['0.02', '0.03', '0.02', '0.03', '0.02'], attacker: ['nan', 'nan', 'nan', 'nan', 'nan']
2026-05-14 05:40:50 | INFO    | dpfl.core.base_simulator | Round 146/150 | Acc: 0.7990 | Loss: 0.5963 | eps: 0.00 | P: 1.00 R: 1.00 F1: 1.00
2026-05-14 05:40:50 | DEBUG   | dpfl.core.base_simulator | Update norms — honest: ['0.02', '0.02', '0.02', '0.02', '0.02'], attacker: ['nan', 'nan', 'nan', 'nan', 'nan']
2026-05-14 05:40:53 | INFO    | dpfl.core.base_simulator | Round 147/150 | Acc: 0.7992 | Loss: 0.5967 | eps: 0.00 | P: 1.00 R: 1.00 F1: 1.00
2026-05-14 05:40:53 | DEBUG   | dpfl.core.base_simulator | Update norms — honest: ['0.02', '0.02', '0.03', '0.03', '0.03'], attacker: ['nan', 'nan', 'nan', 'nan', 'nan']
2026-05-14 05:41:01 | INFO    | dpfl.core.base_simulator | Round 148/150 | Acc: 0.7992 | Loss: 0.5969 | eps: 0.00 | P: 1.00 R: 1.00 F1: 1.00
2026-05-14 05:41:01 | DEBUG   | dpfl.core.base_simulator | Update norms — honest: ['0.02', '0.02', '0.03', '0.02', '0.03'], attacker: ['nan', 'nan', 'nan', 'nan', 'nan']
2026-05-14 05:41:10 | INFO    | dpfl.core.base_simulator | Round 149/150 | Acc: 0.7992 | Loss: 0.5977 | eps: 0.00 | P: 1.00 R: 1.00 F1: 1.00
2026-05-14 05:41:10 | DEBUG   | dpfl.core.base_simulator | Update norms — honest: ['0.03', '0.02', '0.02', '0.02', '0.03'], attacker: ['nan', 'nan', 'nan', 'nan', 'nan']
2026-05-14 05:41:19 | INFO    | dpfl.core.base_simulator | Round 150/150 | Acc: 0.7992 | Loss: 0.5982 | eps: 0.00 | P: 1.00 R: 1.00 F1: 1.00
2026-05-14 05:41:19 | DEBUG   | dpfl.core.base_simulator | Update norms — honest: ['0.02', '0.02', '0.02', '0.02', '0.02'], attacker: ['nan', 'nan', 'nan', 'nan', 'nan']
2026-05-14 05:41:20 | INFO    | dpfl | Experiment complete in 1068.7s
============================================================
REPORT: DP-SGD Decentralized Federated Learning
============================================================
Timestamp:                  20260514_052330
Rounds completed:           150
Attack-active rounds:       100  (from round 50)
Final accuracy:             0.7992
Final test loss:            0.5982
Final epsilon:              0.00
Best alpha:                 None
Avg precision:              1.0000
Avg recall:                 0.9535
Avg F1 score:               0.9950
Avg update norm (honest):   0.0393
Avg update norm (attacker): nan
============================================================
