2026-05-14 09:31:09 | INFO    | dpfl | Experiment start: algorithm=noise_game, dataset=mnist, model=mlp, device=cuda
2026-05-14 09:31:09 | INFO    | dpfl | Config: nodes=500, attackers=200, rounds=150, noise_mode=none, attack=scale
2026-05-14 09:31:09 | INFO    | dpfl.data.mnist_dataset | Loading MNIST dataset...
2026-05-14 09:31:09 | INFO    | dpfl.data.mnist_dataset | MNIST loaded: 60000 train, 10000 test samples
2026-05-14 09:33:35 | INFO    | dpfl.core.base_simulator | Vectorized state ready: param_spec.D=50890, X_test=(10000, 1, 28, 28), train clients N=500, max_n_samples=1000
2026-05-14 09:33:35 | INFO    | dpfl.core.base_simulator | Setup complete: 500 nodes (200 attackers), param_dim=50890, split=iid
2026-05-14 09:33:35 | DEBUG   | dpfl.core.base_simulator | Attacker IDs: {0, 1, 2, 3, 4, 5, 6, 7, 8, 9, 10, 11, 12, 13, 14, 15, 16, 17, 18, 19, 20, 21, 22, 23, 24, 25, 26, 27, 28, 29, 30, 31, 32, 33, 34, 35, 36, 37, 38, 39, 40, 41, 42, 43, 44, 45, 46, 47, 48, 49, 50, 51, 52, 53, 54, 55, 56, 57, 58, 59, 60, 61, 62, 63, 64, 65, 66, 67, 68, 69, 70, 71, 72, 73, 74, 75, 76, 77, 78, 79, 80, 81, 82, 83, 84, 85, 86, 87, 88, 89, 90, 91, 92, 93, 94, 95, 96, 97, 98, 99, 100, 101, 102, 103, 104, 105, 106, 107, 108, 109, 110, 111, 112, 113, 114, 115, 116, 117, 118, 119, 120, 121, 122, 123, 124, 125, 126, 127, 128, 129, 130, 131, 132, 133, 134, 135, 136, 137, 138, 139, 140, 141, 142, 143, 144, 145, 146, 147, 148, 149, 150, 151, 152, 153, 154, 155, 156, 157, 158, 159, 160, 161, 162, 163, 164, 165, 166, 167, 168, 169, 170, 171, 172, 173, 174, 175, 176, 177, 178, 179, 180, 181, 182, 183, 184, 185, 186, 187, 188, 189, 190, 191, 192, 193, 194, 195, 196, 197, 198, 199}
2026-05-14 09:33:45 | INFO    | dpfl.core.base_simulator | Round   1/150 | Acc: 0.3800 | Loss: 2.0956 | eps_max: 4.24 eps_avg: 1.75 | P: nan R: nan F1: nan
2026-05-14 09:33:45 | DEBUG   | dpfl.core.base_simulator | Update norms — honest: ['0.56', '0.56', '0.56', '0.56', '0.57'], attacker: ['0.56', '0.57', '0.57', '0.56', '0.56']
2026-05-14 09:33:55 | INFO    | dpfl.core.base_simulator | Round   2/150 | Acc: 0.5540 | Loss: 1.8905 | eps_max: 5.07 eps_avg: 2.20 | P: nan R: nan F1: nan
2026-05-14 09:33:55 | DEBUG   | dpfl.core.base_simulator | Update norms — honest: ['0.56', '0.56', '0.56', '0.56', '0.56'], attacker: ['1.02', '1.03', '1.03', '1.02', '1.03']
2026-05-14 09:34:04 | INFO    | dpfl.core.base_simulator | Round   3/150 | Acc: 0.6505 | Loss: 1.6799 | eps_max: 5.21 eps_avg: 2.38 | P: nan R: nan F1: nan
2026-05-14 09:34:04 | DEBUG   | dpfl.core.base_simulator | Update norms — honest: ['0.55', '0.55', '0.55', '0.55', '0.55'], attacker: ['1.55', '1.56', '1.56', '1.57', '1.55']
2026-05-14 09:34:16 | INFO    | dpfl.core.base_simulator | Round   4/150 | Acc: 0.7096 | Loss: 1.4801 | eps_max: 5.37 eps_avg: 2.61 | P: nan R: nan F1: nan
2026-05-14 09:34:16 | DEBUG   | dpfl.core.base_simulator | Update norms — honest: ['0.55', '0.54', '0.55', '0.54', '0.55'], attacker: ['2.04', '2.05', '2.05', '2.05', '2.03']
2026-05-14 09:34:26 | INFO    | dpfl.core.base_simulator | Round   5/150 | Acc: 0.7508 | Loss: 1.3000 | eps_max: 5.54 eps_avg: 2.80 | P: nan R: nan F1: nan
2026-05-14 09:34:26 | DEBUG   | dpfl.core.base_simulator | Update norms — honest: ['0.54', '0.54', '0.54', '0.54', '0.54'], attacker: ['2.49', '2.50', '2.49', '2.50', '2.48']
2026-05-14 09:34:36 | INFO    | dpfl.core.base_simulator | Round   6/150 | Acc: 0.7792 | Loss: 1.1459 | eps_max: 5.73 eps_avg: 2.92 | P: nan R: nan F1: nan
2026-05-14 09:34:36 | DEBUG   | dpfl.core.base_simulator | Update norms — honest: ['0.54', '1.02', '1.03', '0.53', '1.03'], attacker: ['2.92', '2.93', '2.94', '2.93', '2.92']
2026-05-14 09:34:45 | INFO    | dpfl.core.base_simulator | Round   7/150 | Acc: 0.7996 | Loss: 1.0195 | eps_max: 5.94 eps_avg: 3.11 | P: nan R: nan F1: nan
2026-05-14 09:34:45 | DEBUG   | dpfl.core.base_simulator | Update norms — honest: ['1.03', '0.53', '0.96', '0.53', '0.53'], attacker: ['3.31', '3.35', '3.34', '3.33', '3.29']
2026-05-14 09:34:55 | INFO    | dpfl.core.base_simulator | Round   8/150 | Acc: 0.8139 | Loss: 0.9186 | eps_max: 6.15 eps_avg: 3.33 | P: nan R: nan F1: nan
2026-05-14 09:34:55 | DEBUG   | dpfl.core.base_simulator | Update norms — honest: ['0.53', '0.94', '0.87', '0.53', '0.52'], attacker: ['3.69', '3.71', '3.74', '3.71', '3.64']
2026-05-14 09:35:07 | INFO    | dpfl.core.base_simulator | Round   9/150 | Acc: 0.8242 | Loss: 0.8390 | eps_max: 6.39 eps_avg: 3.55 | P: nan R: nan F1: nan
2026-05-14 09:35:07 | DEBUG   | dpfl.core.base_simulator | Update norms — honest: ['0.52', '0.52', '1.00', '1.52', '0.52'], attacker: ['4.05', '4.01', '4.06', '4.05', '4.01']
2026-05-14 09:35:16 | INFO    | dpfl.core.base_simulator | Round  10/150 | Acc: 0.8321 | Loss: 0.7753 | eps_max: 6.64 eps_avg: 3.72 | P: nan R: nan F1: nan
2026-05-14 09:35:16 | DEBUG   | dpfl.core.base_simulator | Update norms — honest: ['0.96', '0.51', '0.82', '0.51', '0.83'], attacker: ['4.38', '4.32', '4.33', '4.35', '4.39']
2026-05-14 09:35:26 | INFO    | dpfl.core.base_simulator | Round  11/150 | Acc: 0.8383 | Loss: 0.7244 | eps_max: 6.90 eps_avg: 3.95 | P: nan R: nan F1: nan
2026-05-14 09:35:26 | DEBUG   | dpfl.core.base_simulator | Update norms — honest: ['0.51', '0.51', '0.96', '0.51', '0.51'], attacker: ['4.67', '4.54', '4.69', '4.70', '4.72']
2026-05-14 09:35:36 | INFO    | dpfl.core.base_simulator | Round  12/150 | Acc: 0.8436 | Loss: 0.6828 | eps_max: 7.16 eps_avg: 4.13 | P: nan R: nan F1: nan
2026-05-14 09:35:36 | DEBUG   | dpfl.core.base_simulator | Update norms — honest: ['0.51', '0.94', '0.97', '0.51', '1.47'], attacker: ['4.90', '4.92', '4.93', '4.92', '5.01']
2026-05-14 09:35:46 | INFO    | dpfl.core.base_simulator | Round  13/150 | Acc: 0.8478 | Loss: 0.6485 | eps_max: 7.45 eps_avg: 4.29 | P: nan R: nan F1: nan
2026-05-14 09:35:46 | DEBUG   | dpfl.core.base_simulator | Update norms — honest: ['1.41', '0.50', '1.85', '1.49', '0.93'], attacker: ['5.26', '5.21', '5.23', '5.24', '5.33']
2026-05-14 09:35:56 | INFO    | dpfl.core.base_simulator | Round  14/150 | Acc: 0.8513 | Loss: 0.6199 | eps_max: 7.58 eps_avg: 4.45 | P: nan R: nan F1: nan
2026-05-14 09:35:56 | DEBUG   | dpfl.core.base_simulator | Update norms — honest: ['0.84', '0.95', '0.50', '0.49', '0.92'], attacker: ['5.53', '5.46', '5.58', '5.55', '5.52']
2026-05-14 09:36:05 | INFO    | dpfl.core.base_simulator | Round  15/150 | Acc: 0.8547 | Loss: 0.5954 | eps_max: 7.69 eps_avg: 4.55 | P: nan R: nan F1: nan
2026-05-14 09:36:05 | DEBUG   | dpfl.core.base_simulator | Update norms — honest: ['0.84', '0.49', '1.93', '0.49', '0.49'], attacker: ['5.74', '5.79', '5.68', '5.77', '5.57']
2026-05-14 09:36:16 | INFO    | dpfl.core.base_simulator | Round  16/150 | Acc: 0.8575 | Loss: 0.5746 | eps_max: 7.80 eps_avg: 4.66 | P: nan R: nan F1: nan
2026-05-14 09:36:16 | DEBUG   | dpfl.core.base_simulator | Update norms — honest: ['0.80', '0.93', '1.88', '1.43', '0.48'], attacker: ['5.92', '5.90', '5.96', '5.82', '5.88']
2026-05-14 09:36:25 | INFO    | dpfl.core.base_simulator | Round  17/150 | Acc: 0.8599 | Loss: 0.5564 | eps_max: 7.91 eps_avg: 4.73 | P: nan R: nan F1: nan
2026-05-14 09:36:25 | DEBUG   | dpfl.core.base_simulator | Update norms — honest: ['0.90', '1.45', '1.84', '0.48', '1.37'], attacker: ['6.08', '6.07', '6.21', '5.91', '6.05']
2026-05-14 09:36:35 | INFO    | dpfl.core.base_simulator | Round  18/150 | Acc: 0.8619 | Loss: 0.5408 | eps_max: 8.02 eps_avg: 4.87 | P: nan R: nan F1: nan
2026-05-14 09:36:35 | DEBUG   | dpfl.core.base_simulator | Update norms — honest: ['1.26', '1.86', '0.48', '0.90', '0.86'], attacker: ['6.31', '6.22', '6.49', '6.18', '6.16']
2026-05-14 09:36:35 | WARNING | dpfl.algorithms.noise_game.simulator | Round  18/150 | Budget exceeded (eps_max=8.02 > 8.00)
2026-05-14 09:36:36 | INFO    | dpfl | Experiment complete in 326.5s
============================================================
REPORT: DP-SGD Decentralized Federated Learning
============================================================
Timestamp:                  20260514_093109
Rounds completed:           18
Attack-active rounds:       0  (from round 50)
Final accuracy:             0.8619
Final test loss:            0.5408
Final epsilon (max honest): 8.02
Final epsilon (avg honest): 4.87
Best alpha:                 1000.0
Avg precision:              nan
Avg recall:                 nan
Avg F1 score:               nan
Avg update norm (honest):   0.7606
Avg update norm (attacker): 3.8939

eps_system (max honest): 6.0630
eps_avg (honest):        2.8346
eps_std (honest):        2.4965
n_frozen:                0/300
============================================================
