2026-05-14 08:07:30 | INFO    | dpfl | Experiment start: algorithm=noise_game, dataset=mnist, model=mlp, device=cuda
2026-05-14 08:07:30 | INFO    | dpfl | Config: nodes=500, attackers=200, rounds=150, noise_mode=none, attack=scale
2026-05-14 08:07:30 | INFO    | dpfl.data.mnist_dataset | Loading MNIST dataset...
2026-05-14 08:07:30 | INFO    | dpfl.data.mnist_dataset | MNIST loaded: 60000 train, 10000 test samples
2026-05-14 08:10:31 | INFO    | dpfl.core.base_simulator | Vectorized state ready: param_spec.D=50890, X_test=(10000, 1, 28, 28), train clients N=500, max_n_samples=1000
2026-05-14 08:10:31 | INFO    | dpfl.core.base_simulator | Setup complete: 500 nodes (200 attackers), param_dim=50890, split=iid
2026-05-14 08:10:31 | DEBUG   | dpfl.core.base_simulator | Attacker IDs: {0, 1, 2, 3, 4, 5, 6, 7, 8, 9, 10, 11, 12, 13, 14, 15, 16, 17, 18, 19, 20, 21, 22, 23, 24, 25, 26, 27, 28, 29, 30, 31, 32, 33, 34, 35, 36, 37, 38, 39, 40, 41, 42, 43, 44, 45, 46, 47, 48, 49, 50, 51, 52, 53, 54, 55, 56, 57, 58, 59, 60, 61, 62, 63, 64, 65, 66, 67, 68, 69, 70, 71, 72, 73, 74, 75, 76, 77, 78, 79, 80, 81, 82, 83, 84, 85, 86, 87, 88, 89, 90, 91, 92, 93, 94, 95, 96, 97, 98, 99, 100, 101, 102, 103, 104, 105, 106, 107, 108, 109, 110, 111, 112, 113, 114, 115, 116, 117, 118, 119, 120, 121, 122, 123, 124, 125, 126, 127, 128, 129, 130, 131, 132, 133, 134, 135, 136, 137, 138, 139, 140, 141, 142, 143, 144, 145, 146, 147, 148, 149, 150, 151, 152, 153, 154, 155, 156, 157, 158, 159, 160, 161, 162, 163, 164, 165, 166, 167, 168, 169, 170, 171, 172, 173, 174, 175, 176, 177, 178, 179, 180, 181, 182, 183, 184, 185, 186, 187, 188, 189, 190, 191, 192, 193, 194, 195, 196, 197, 198, 199}
2026-05-14 08:10:47 | INFO    | dpfl.core.base_simulator | Round   1/150 | Acc: 0.3800 | Loss: 2.0956 | eps_max: 1.32 eps_avg: 0.55 | P: nan R: nan F1: nan
2026-05-14 08:10:47 | DEBUG   | dpfl.core.base_simulator | Update norms — honest: ['0.67', '0.67', '0.68', '0.68', '0.68'], attacker: ['0.67', '0.68', '0.68', '0.68', '0.67']
2026-05-14 08:11:01 | INFO    | dpfl.core.base_simulator | Round   2/150 | Acc: 0.5540 | Loss: 1.8905 | eps_max: 1.36 eps_avg: 0.60 | P: nan R: nan F1: nan
2026-05-14 08:11:01 | DEBUG   | dpfl.core.base_simulator | Update norms — honest: ['0.68', '0.67', '0.68', '0.67', '0.67'], attacker: ['1.23', '1.23', '1.24', '1.22', '1.23']
2026-05-14 08:11:16 | INFO    | dpfl.core.base_simulator | Round   3/150 | Acc: 0.6505 | Loss: 1.6799 | eps_max: 1.43 eps_avg: 0.66 | P: nan R: nan F1: nan
2026-05-14 08:11:16 | DEBUG   | dpfl.core.base_simulator | Update norms — honest: ['0.67', '0.67', '0.67', '0.68', '0.67'], attacker: ['1.86', '1.87', '1.88', '1.88', '1.86']
2026-05-14 08:11:31 | INFO    | dpfl.core.base_simulator | Round   4/150 | Acc: 0.7096 | Loss: 1.4802 | eps_max: 1.51 eps_avg: 0.74 | P: nan R: nan F1: nan
2026-05-14 08:11:31 | DEBUG   | dpfl.core.base_simulator | Update norms — honest: ['0.67', '0.67', '0.67', '0.67', '0.67'], attacker: ['2.44', '2.45', '2.46', '2.46', '2.43']
2026-05-14 08:11:47 | INFO    | dpfl.core.base_simulator | Round   5/150 | Acc: 0.7508 | Loss: 1.3000 | eps_max: 1.60 eps_avg: 0.81 | P: nan R: nan F1: nan
2026-05-14 08:11:47 | DEBUG   | dpfl.core.base_simulator | Update norms — honest: ['0.67', '0.66', '0.67', '0.67', '0.67'], attacker: ['2.98', '3.00', '2.99', '2.99', '2.98']
2026-05-14 08:12:02 | INFO    | dpfl.core.base_simulator | Round   6/150 | Acc: 0.7792 | Loss: 1.1460 | eps_max: 1.70 eps_avg: 0.86 | P: nan R: nan F1: nan
2026-05-14 08:12:02 | DEBUG   | dpfl.core.base_simulator | Update norms — honest: ['0.67', '1.26', '1.27', '0.66', '1.26'], attacker: ['3.50', '3.52', '3.53', '3.51', '3.51']
2026-05-14 08:12:16 | INFO    | dpfl.core.base_simulator | Round   7/150 | Acc: 0.7995 | Loss: 1.0195 | eps_max: 1.80 eps_avg: 0.93 | P: nan R: nan F1: nan
2026-05-14 08:12:16 | DEBUG   | dpfl.core.base_simulator | Update norms — honest: ['1.27', '0.66', '1.17', '0.66', '0.66'], attacker: ['3.96', '4.02', '4.00', '4.00', '3.94']
2026-05-14 08:13:57 | INFO    | dpfl.core.base_simulator | Round   8/150 | Acc: 0.8139 | Loss: 0.9187 | eps_max: 1.89 eps_avg: 1.00 | P: nan R: nan F1: nan
2026-05-14 08:13:57 | DEBUG   | dpfl.core.base_simulator | Update norms — honest: ['0.66', '1.14', '1.05', '0.66', '0.66'], attacker: ['4.42', '4.44', '4.48', '4.45', '4.36']
2026-05-14 08:14:45 | INFO    | dpfl.core.base_simulator | Round   9/150 | Acc: 0.8241 | Loss: 0.8390 | eps_max: 1.90 eps_avg: 1.06 | P: nan R: nan F1: nan
2026-05-14 08:14:45 | DEBUG   | dpfl.core.base_simulator | Update norms — honest: ['0.66', '0.66', '1.25', '1.85', '0.66'], attacker: ['4.86', '4.81', '4.85', '4.87', '4.80']
2026-05-14 08:15:05 | INFO    | dpfl.core.base_simulator | Round  10/150 | Acc: 0.8320 | Loss: 0.7754 | eps_max: 1.92 eps_avg: 1.09 | P: nan R: nan F1: nan
2026-05-14 08:15:05 | DEBUG   | dpfl.core.base_simulator | Update norms — honest: ['1.18', '0.65', '0.99', '0.65', '1.00'], attacker: ['5.23', '5.17', '5.16', '5.22', '5.26']
2026-05-14 08:15:20 | INFO    | dpfl.core.base_simulator | Round  11/150 | Acc: 0.8383 | Loss: 0.7245 | eps_max: 1.94 eps_avg: 1.13 | P: nan R: nan F1: nan
2026-05-14 08:15:20 | DEBUG   | dpfl.core.base_simulator | Update norms — honest: ['0.66', '0.66', '1.19', '0.66', '0.66'], attacker: ['5.59', '5.44', '5.62', '5.62', '5.65']
2026-05-14 08:15:36 | INFO    | dpfl.core.base_simulator | Round  12/150 | Acc: 0.8436 | Loss: 0.6829 | eps_max: 1.96 eps_avg: 1.16 | P: nan R: nan F1: nan
2026-05-14 08:15:36 | DEBUG   | dpfl.core.base_simulator | Update norms — honest: ['0.66', '1.21', '1.23', '0.66', '1.78'], attacker: ['5.88', '5.89', '5.91', '5.90', '5.99']
2026-05-14 08:15:51 | INFO    | dpfl.core.base_simulator | Round  13/150 | Acc: 0.8478 | Loss: 0.6487 | eps_max: 1.97 eps_avg: 1.18 | P: nan R: nan F1: nan
2026-05-14 08:15:51 | DEBUG   | dpfl.core.base_simulator | Update norms — honest: ['1.74', '0.65', '2.28', '1.82', '1.17'], attacker: ['6.30', '6.25', '6.25', '6.31', '6.36']
2026-05-14 08:16:05 | INFO    | dpfl.core.base_simulator | Round  14/150 | Acc: 0.8513 | Loss: 0.6201 | eps_max: 1.99 eps_avg: 1.21 | P: nan R: nan F1: nan
2026-05-14 08:16:05 | DEBUG   | dpfl.core.base_simulator | Update norms — honest: ['1.04', '1.20', '0.65', '0.65', '1.16'], attacker: ['6.61', '6.56', '6.72', '6.67', '6.62']
2026-05-14 08:16:20 | INFO    | dpfl.core.base_simulator | Round  15/150 | Acc: 0.8546 | Loss: 0.5956 | eps_max: 2.01 eps_avg: 1.23 | P: nan R: nan F1: nan
2026-05-14 08:16:20 | DEBUG   | dpfl.core.base_simulator | Update norms — honest: ['1.03', '0.65', '2.37', '0.65', '0.65'], attacker: ['6.91', '6.92', '6.84', '6.91', '6.71']
2026-05-14 08:16:35 | INFO    | dpfl.core.base_simulator | Round  16/150 | Acc: 0.8574 | Loss: 0.5748 | eps_max: 2.03 eps_avg: 1.25 | P: nan R: nan F1: nan
2026-05-14 08:16:35 | DEBUG   | dpfl.core.base_simulator | Update norms — honest: ['0.98', '1.20', '2.28', '1.81', '0.64'], attacker: ['7.14', '7.09', '7.15', '7.02', '7.09']
2026-05-14 08:16:51 | INFO    | dpfl.core.base_simulator | Round  17/150 | Acc: 0.8598 | Loss: 0.5566 | eps_max: 2.04 eps_avg: 1.27 | P: nan R: nan F1: nan
2026-05-14 08:16:51 | DEBUG   | dpfl.core.base_simulator | Update norms — honest: ['1.15', '1.75', '2.27', '0.65', '1.65'], attacker: ['7.34', '7.32', '7.42', '7.15', '7.32']
2026-05-14 08:17:06 | INFO    | dpfl.core.base_simulator | Round  18/150 | Acc: 0.8618 | Loss: 0.5410 | eps_max: 2.06 eps_avg: 1.30 | P: nan R: nan F1: nan
2026-05-14 08:17:06 | DEBUG   | dpfl.core.base_simulator | Update norms — honest: ['1.59', '2.23', '0.64', '1.14', '1.11'], attacker: ['7.63', '7.45', '7.81', '7.39', '7.40']
2026-05-14 08:17:21 | INFO    | dpfl.core.base_simulator | Round  19/150 | Acc: 0.8639 | Loss: 0.5271 | eps_max: 2.07 eps_avg: 1.33 | P: nan R: nan F1: nan
2026-05-14 08:17:21 | DEBUG   | dpfl.core.base_simulator | Update norms — honest: ['0.64', '2.25', '0.64', '1.12', '0.64'], attacker: ['7.80', '7.56', '7.60', '7.94', '7.48']
2026-05-14 08:17:35 | INFO    | dpfl.core.base_simulator | Round  20/150 | Acc: 0.8655 | Loss: 0.5149 | eps_max: 2.09 eps_avg: 1.35 | P: nan R: nan F1: nan
2026-05-14 08:17:35 | DEBUG   | dpfl.core.base_simulator | Update norms — honest: ['1.66', '2.26', '2.03', '1.41', '0.64'], attacker: ['8.04', '8.27', '7.63', '7.88', '7.90']
2026-05-14 08:17:51 | INFO    | dpfl.core.base_simulator | Round  21/150 | Acc: 0.8671 | Loss: 0.5040 | eps_max: 2.11 eps_avg: 1.37 | P: nan R: nan F1: nan
2026-05-14 08:17:51 | DEBUG   | dpfl.core.base_simulator | Update norms — honest: ['0.64', '0.64', '2.18', '0.89', '1.14'], attacker: ['8.16', '8.34', '8.24', '7.94', '8.28']
2026-05-14 08:18:05 | INFO    | dpfl.core.base_simulator | Round  22/150 | Acc: 0.8684 | Loss: 0.4943 | eps_max: 2.13 eps_avg: 1.39 | P: nan R: nan F1: nan
2026-05-14 08:18:05 | DEBUG   | dpfl.core.base_simulator | Update norms — honest: ['1.61', '1.11', '0.83', '1.67', '0.64'], attacker: ['8.30', '8.59', '8.67', '8.37', '8.26']
2026-05-14 08:18:20 | INFO    | dpfl.core.base_simulator | Round  23/150 | Acc: 0.8697 | Loss: 0.4855 | eps_max: 2.14 eps_avg: 1.41 | P: nan R: nan F1: nan
2026-05-14 08:18:20 | DEBUG   | dpfl.core.base_simulator | Update norms — honest: ['1.04', '2.18', '2.67', '1.07', '1.14'], attacker: ['8.21', '8.77', '8.66', '8.61', '8.27']
2026-05-14 08:18:34 | INFO    | dpfl.core.base_simulator | Round  24/150 | Acc: 0.8708 | Loss: 0.4776 | eps_max: 2.16 eps_avg: 1.44 | P: nan R: nan F1: nan
2026-05-14 08:18:34 | DEBUG   | dpfl.core.base_simulator | Update norms — honest: ['2.65', '0.72', '1.67', '2.58', '0.63'], attacker: ['8.06', '8.90', '8.53', '8.82', '8.45']
2026-05-14 08:18:49 | INFO    | dpfl.core.base_simulator | Round  25/150 | Acc: 0.8717 | Loss: 0.4705 | eps_max: 2.18 eps_avg: 1.46 | P: nan R: nan F1: nan
2026-05-14 08:18:49 | DEBUG   | dpfl.core.base_simulator | Update norms — honest: ['2.61', '1.56', '0.63', '1.07', '1.02'], attacker: ['8.71', '9.02', '8.38', '8.77', '8.46']
2026-05-14 08:19:03 | INFO    | dpfl.core.base_simulator | Round  26/150 | Acc: 0.8727 | Loss: 0.4639 | eps_max: 2.19 eps_avg: 1.49 | P: nan R: nan F1: nan
2026-05-14 08:19:03 | DEBUG   | dpfl.core.base_simulator | Update norms — honest: ['0.63', '0.92', '1.16', '1.42', '0.63'], attacker: ['8.97', '9.01', '8.59', '7.98', '7.55']
2026-05-14 08:19:17 | INFO    | dpfl.core.base_simulator | Round  27/150 | Acc: 0.8736 | Loss: 0.4578 | eps_max: 2.21 eps_avg: 1.51 | P: nan R: nan F1: nan
2026-05-14 08:19:17 | DEBUG   | dpfl.core.base_simulator | Update norms — honest: ['1.59', '0.70', '2.51', '1.59', '0.63'], attacker: ['8.78', '8.95', '8.78', '8.52', '7.99']
2026-05-14 08:19:32 | INFO    | dpfl.core.base_simulator | Round  28/150 | Acc: 0.8744 | Loss: 0.4525 | eps_max: 2.22 eps_avg: 1.53 | P: 0.00 R: nan F1: nan
2026-05-14 08:19:32 | DEBUG   | dpfl.core.base_simulator | Update norms — honest: ['0.82', '0.62', '0.63', '1.55', '1.96'], attacker: ['8.33', '9.29', '8.64', '9.32', '8.73']
2026-05-14 08:19:47 | INFO    | dpfl.core.base_simulator | Round  29/150 | Acc: 0.8752 | Loss: 0.4474 | eps_max: 2.23 eps_avg: 1.55 | P: 0.00 R: nan F1: nan
2026-05-14 08:19:47 | DEBUG   | dpfl.core.base_simulator | Update norms — honest: ['2.74', '0.62', '1.74', '2.15', '1.65'], attacker: ['9.14', '9.27', '7.81', '9.72', '8.29']
2026-05-14 08:20:01 | INFO    | dpfl.core.base_simulator | Round  30/150 | Acc: 0.8759 | Loss: 0.4427 | eps_max: 2.25 eps_avg: 1.57 | P: 0.00 R: nan F1: nan
2026-05-14 08:20:01 | DEBUG   | dpfl.core.base_simulator | Update norms — honest: ['0.65', '1.66', '1.09', '1.67', '0.62'], attacker: ['9.39', '9.06', '8.57', '9.33', '7.37']
2026-05-14 08:20:16 | INFO    | dpfl.core.base_simulator | Round  31/150 | Acc: 0.8765 | Loss: 0.4385 | eps_max: 2.26 eps_avg: 1.60 | P: 0.00 R: nan F1: nan
2026-05-14 08:20:16 | DEBUG   | dpfl.core.base_simulator | Update norms — honest: ['2.49', '0.93', '2.46', '0.62', '0.61'], attacker: ['9.12', '9.28', '8.03', '9.22', '7.73']
2026-05-14 08:20:30 | INFO    | dpfl.core.base_simulator | Round  32/150 | Acc: 0.8771 | Loss: 0.4346 | eps_max: 2.28 eps_avg: 1.61 | P: 0.00 R: nan F1: nan
2026-05-14 08:20:30 | DEBUG   | dpfl.core.base_simulator | Update norms — honest: ['0.96', '1.02', '1.50', '0.61', '1.62'], attacker: ['9.05', '8.34', '8.12', '9.52', '7.81']
2026-05-14 08:20:44 | INFO    | dpfl.core.base_simulator | Round  33/150 | Acc: 0.8777 | Loss: 0.4309 | eps_max: 2.29 eps_avg: 1.63 | P: 0.00 R: nan F1: nan
2026-05-14 08:20:44 | DEBUG   | dpfl.core.base_simulator | Update norms — honest: ['1.61', '0.62', '2.15', '1.06', '2.25'], attacker: ['9.21', '7.54', '8.69', '8.48', '8.39']
2026-05-14 08:20:59 | INFO    | dpfl.core.base_simulator | Round  34/150 | Acc: 0.8781 | Loss: 0.4275 | eps_max: 2.30 eps_avg: 1.65 | P: 0.00 R: nan F1: nan
2026-05-14 08:20:59 | DEBUG   | dpfl.core.base_simulator | Update norms — honest: ['1.61', '2.29', '0.61', '0.85', '0.61'], attacker: ['9.07', '8.01', '8.58', '7.08', '8.84']
2026-05-14 08:21:14 | INFO    | dpfl.core.base_simulator | Round  35/150 | Acc: 0.8786 | Loss: 0.4246 | eps_max: 2.32 eps_avg: 1.66 | P: 0.00 R: nan F1: nan
2026-05-14 08:21:14 | DEBUG   | dpfl.core.base_simulator | Update norms — honest: ['1.10', '1.63', '0.61', '0.95', '1.78'], attacker: ['8.83', '9.03', '7.41', '8.58', '8.70']
2026-05-14 08:21:27 | INFO    | dpfl.core.base_simulator | Round  36/150 | Acc: 0.8791 | Loss: 0.4215 | eps_max: 2.33 eps_avg: 1.67 | P: 0.00 R: nan F1: nan
2026-05-14 08:21:27 | DEBUG   | dpfl.core.base_simulator | Update norms — honest: ['1.13', '0.86', '2.47', '1.32', '0.61'], attacker: ['8.90', '9.05', '8.22', '8.47', '7.82']
2026-05-14 08:21:41 | INFO    | dpfl.core.base_simulator | Round  37/150 | Acc: 0.8795 | Loss: 0.4188 | eps_max: 2.34 eps_avg: 1.69 | P: 0.00 R: nan F1: nan
2026-05-14 08:21:41 | DEBUG   | dpfl.core.base_simulator | Update norms — honest: ['0.61', '0.58', '1.60', '0.94', '1.53'], attacker: ['8.42', '9.08', '8.43', '8.00', '7.95']
2026-05-14 08:21:55 | INFO    | dpfl.core.base_simulator | Round  38/150 | Acc: 0.8799 | Loss: 0.4162 | eps_max: 2.36 eps_avg: 1.70 | P: 0.00 R: nan F1: nan
2026-05-14 08:21:55 | DEBUG   | dpfl.core.base_simulator | Update norms — honest: ['2.78', '0.63', '2.85', '2.05', '0.99'], attacker: ['8.31', '9.16', '8.48', '8.07', '8.36']
2026-05-14 08:22:09 | INFO    | dpfl.core.base_simulator | Round  39/150 | Acc: 0.8802 | Loss: 0.4140 | eps_max: 2.37 eps_avg: 1.71 | P: 0.00 R: nan F1: nan
2026-05-14 08:22:09 | DEBUG   | dpfl.core.base_simulator | Update norms — honest: ['0.47', '2.35', '3.03', '0.99', '1.02'], attacker: ['7.56', '8.66', '7.86', '8.53', '8.94']
2026-05-14 08:22:22 | INFO    | dpfl.core.base_simulator | Round  40/150 | Acc: 0.8805 | Loss: 0.4118 | eps_max: 2.38 eps_avg: 1.73 | P: 0.00 R: nan F1: nan
2026-05-14 08:22:22 | DEBUG   | dpfl.core.base_simulator | Update norms — honest: ['1.34', '1.52', '0.60', '2.11', '1.46'], attacker: ['8.46', '8.99', '7.70', '8.34', '8.36']
2026-05-14 08:22:37 | INFO    | dpfl.core.base_simulator | Round  41/150 | Acc: 0.8809 | Loss: 0.4097 | eps_max: 2.39 eps_avg: 1.74 | P: 0.00 R: nan F1: nan
2026-05-14 08:22:37 | DEBUG   | dpfl.core.base_simulator | Update norms — honest: ['3.15', '1.38', '1.97', '1.48', '2.65'], attacker: ['9.60', '9.68', '7.66', '8.14', '7.43']
2026-05-14 08:22:51 | INFO    | dpfl.core.base_simulator | Round  42/150 | Acc: 0.8812 | Loss: 0.4079 | eps_max: 2.40 eps_avg: 1.74 | P: 0.00 R: nan F1: nan
2026-05-14 08:22:51 | DEBUG   | dpfl.core.base_simulator | Update norms — honest: ['1.64', '2.34', '1.56', '1.55', '0.86'], attacker: ['8.38', '9.23', '8.40', '9.65', '7.07']
2026-05-14 08:23:06 | INFO    | dpfl.core.base_simulator | Round  43/150 | Acc: 0.8814 | Loss: 0.4061 | eps_max: 2.41 eps_avg: 1.76 | P: 0.00 R: nan F1: nan
2026-05-14 08:23:06 | DEBUG   | dpfl.core.base_simulator | Update norms — honest: ['1.58', '1.58', '0.91', '2.38', '1.33'], attacker: ['6.93', '8.59', '7.08', '9.10', '6.78']
2026-05-14 08:23:19 | INFO    | dpfl.core.base_simulator | Round  44/150 | Acc: 0.8816 | Loss: 0.4045 | eps_max: 2.42 eps_avg: 1.77 | P: 0.00 R: nan F1: nan
2026-05-14 08:23:19 | DEBUG   | dpfl.core.base_simulator | Update norms — honest: ['1.79', '2.96', '1.98', '1.42', '2.29'], attacker: ['7.87', '8.14', '7.72', '7.55', '6.98']
2026-05-14 08:23:33 | INFO    | dpfl.core.base_simulator | Round  45/150 | Acc: 0.8819 | Loss: 0.4030 | eps_max: 2.43 eps_avg: 1.79 | P: 0.00 R: nan F1: nan
2026-05-14 08:23:33 | DEBUG   | dpfl.core.base_simulator | Update norms — honest: ['2.26', '0.59', '1.63', '3.43', '1.08'], attacker: ['9.00', '8.48', '7.84', '8.09', '5.97']
2026-05-14 08:23:47 | INFO    | dpfl.core.base_simulator | Round  46/150 | Acc: 0.8820 | Loss: 0.4016 | eps_max: 2.44 eps_avg: 1.79 | P: 0.00 R: nan F1: nan
2026-05-14 08:23:47 | DEBUG   | dpfl.core.base_simulator | Update norms — honest: ['1.42', '1.92', '2.21', '2.35', '2.07'], attacker: ['8.57', '8.34', '7.48', '7.51', '5.32']
2026-05-14 08:24:29 | INFO    | dpfl.core.base_simulator | Round  47/150 | Acc: 0.8824 | Loss: 0.4001 | eps_max: 2.45 eps_avg: 1.80 | P: 0.00 R: nan F1: nan
2026-05-14 08:24:29 | DEBUG   | dpfl.core.base_simulator | Update norms — honest: ['1.89', '1.67', '2.06', '2.07', '1.49'], attacker: ['6.56', '8.71', '7.14', '6.88', '6.30']
2026-05-14 08:25:51 | INFO    | dpfl.core.base_simulator | Round  48/150 | Acc: 0.8824 | Loss: 0.3990 | eps_max: 2.46 eps_avg: 1.81 | P: 0.00 R: nan F1: nan
2026-05-14 08:25:51 | DEBUG   | dpfl.core.base_simulator | Update norms — honest: ['0.84', '3.45', '3.04', '0.59', '2.03'], attacker: ['7.34', '8.62', '5.36', '7.64', '6.47']
2026-05-14 08:26:03 | INFO    | dpfl.core.base_simulator | Round  49/150 | Acc: 0.8827 | Loss: 0.3977 | eps_max: 2.47 eps_avg: 1.82 | P: nan R: nan F1: nan
2026-05-14 08:26:03 | DEBUG   | dpfl.core.base_simulator | Update norms — honest: ['2.04', '3.05', '0.91', '1.57', '0.75'], attacker: ['7.51', '8.73', '5.78', '5.82', '6.34']
2026-05-14 08:26:24 | INFO    | dpfl.core.base_simulator | Round  50/150 | Acc: 0.8829 | Loss: 0.3965 | eps_max: 2.47 eps_avg: 1.82 | P: 0.00 R: nan F1: nan
2026-05-14 08:26:24 | DEBUG   | dpfl.core.base_simulator | Update norms — honest: ['3.49', '1.05', '1.46', '2.04', '2.66'], attacker: ['6.37', '8.16', '4.55', '7.37', '7.42']
2026-05-14 08:26:34 | INFO    | dpfl.core.base_simulator | Round  51/150 | Acc: 0.8826 | Loss: 0.3968 | eps_max: 1.87 eps_avg: 1.45 | P: nan R: 0.00 F1: nan
2026-05-14 08:26:34 | DEBUG   | dpfl.core.base_simulator | Update norms — honest: ['1.58', '0.95', '1.55', '2.19', '0.58'], attacker: ['3.29', '3.36', '3.03', '3.67', '2.98']
2026-05-14 08:26:43 | INFO    | dpfl.core.base_simulator | Round  52/150 | Acc: 0.8762 | Loss: 0.4208 | eps_max: 1.89 eps_avg: 1.46 | P: 1.00 R: 0.70 F1: 0.89
2026-05-14 08:26:43 | DEBUG   | dpfl.core.base_simulator | Update norms — honest: ['1.17', '3.89', '1.60', '1.00', '1.92'], attacker: ['9.89', '8.13', '8.93', '11.82', '8.28']
2026-05-14 08:26:53 | INFO    | dpfl.core.base_simulator | Round  53/150 | Acc: 0.8829 | Loss: 0.3955 | eps_max: 1.89 eps_avg: 1.47 | P: 1.00 R: 1.00 F1: 1.00
2026-05-14 08:26:53 | DEBUG   | dpfl.core.base_simulator | Update norms — honest: ['0.58', '1.58', '2.96', '0.58', '2.85'], attacker: ['39.71', '29.90', '41.66', '55.82', '30.28']
2026-05-14 08:27:02 | INFO    | dpfl.core.base_simulator | Round  54/150 | Acc: 0.8831 | Loss: 0.3941 | eps_max: 1.89 eps_avg: 1.48 | P: 1.00 R: 1.00 F1: 1.00
2026-05-14 08:27:02 | DEBUG   | dpfl.core.base_simulator | Update norms — honest: ['1.71', '2.82', '0.60', '0.58', '0.97'], attacker: ['161.24', '141.76', '188.28', '226.01', '104.06']
2026-05-14 08:27:12 | INFO    | dpfl.core.base_simulator | Round  55/150 | Acc: 0.8833 | Loss: 0.3931 | eps_max: 1.89 eps_avg: 1.48 | P: 1.00 R: 1.00 F1: 1.00
2026-05-14 08:27:12 | DEBUG   | dpfl.core.base_simulator | Update norms — honest: ['2.45', '3.53', '0.58', '1.68', '1.34'], attacker: ['830.02', '772.14', '958.61', '1039.06', '506.13']
2026-05-14 08:27:21 | INFO    | dpfl.core.base_simulator | Round  56/150 | Acc: 0.8835 | Loss: 0.3923 | eps_max: 1.89 eps_avg: 1.49 | P: 1.00 R: 1.00 F1: 1.00
2026-05-14 08:27:21 | DEBUG   | dpfl.core.base_simulator | Update norms — honest: ['2.63', '1.27', '0.90', '2.02', '0.95'], attacker: ['4707.99', '4960.78', '5490.26', '5100.92', '3294.07']
2026-05-14 08:27:31 | INFO    | dpfl.core.base_simulator | Round  57/150 | Acc: 0.8837 | Loss: 0.3913 | eps_max: 1.89 eps_avg: 1.50 | P: 1.00 R: 1.00 F1: 1.00
2026-05-14 08:27:31 | DEBUG   | dpfl.core.base_simulator | Update norms — honest: ['0.95', '0.81', '1.68', '1.78', '0.97'], attacker: ['24050.89', '25339.06', '26632.72', '25069.57', '19606.90']
2026-05-14 08:27:40 | INFO    | dpfl.core.base_simulator | Round  58/150 | Acc: 0.8838 | Loss: 0.3905 | eps_max: 1.89 eps_avg: 1.53 | P: 1.00 R: 1.00 F1: 1.00
2026-05-14 08:27:40 | DEBUG   | dpfl.core.base_simulator | Update norms — honest: ['2.28', '0.90', '1.37', '2.09', '1.39'], attacker: ['172201.59', '171774.59', '179463.12', '148434.89', '143813.98']
2026-05-14 08:27:51 | INFO    | dpfl.core.base_simulator | Round  59/150 | Acc: 0.8839 | Loss: 0.3898 | eps_max: 1.89 eps_avg: 1.55 | P: 1.00 R: 1.00 F1: 1.00
2026-05-14 08:27:51 | DEBUG   | dpfl.core.base_simulator | Update norms — honest: ['2.18', '1.44', '0.57', '1.26', '2.98'], attacker: ['933875.19', '946408.12', '987542.44', '894158.38', '824496.94']
2026-05-14 08:28:00 | INFO    | dpfl.core.base_simulator | Round  60/150 | Acc: 0.8840 | Loss: 0.3891 | eps_max: 1.89 eps_avg: 1.55 | P: 1.00 R: 1.00 F1: 1.00
2026-05-14 08:28:00 | DEBUG   | dpfl.core.base_simulator | Update norms — honest: ['2.30', '1.41', '1.59', '1.95', '0.66'], attacker: ['6662569.50', '6411908.50', '6766328.00', '6245172.50', '5996946.00']
2026-05-14 08:28:10 | INFO    | dpfl.core.base_simulator | Round  61/150 | Acc: 0.8842 | Loss: 0.3885 | eps_max: 1.89 eps_avg: 1.56 | P: 1.00 R: 1.00 F1: 1.00
2026-05-14 08:28:10 | DEBUG   | dpfl.core.base_simulator | Update norms — honest: ['3.16', '1.61', '1.00', '2.00', '1.76'], attacker: ['38452880.00', '32676750.00', '38980052.00', '37125212.00', '35176488.00']
2026-05-14 08:28:19 | INFO    | dpfl.core.base_simulator | Round  62/150 | Acc: 0.8842 | Loss: 0.3881 | eps_max: 1.91 eps_avg: 1.57 | P: 1.00 R: 1.00 F1: 1.00
2026-05-14 08:28:19 | DEBUG   | dpfl.core.base_simulator | Update norms — honest: ['1.31', '0.56', '2.41', '2.11', '2.19'], attacker: ['269807424.00', '254226080.00', '272978528.00', '260122656.00', '248086128.00']
2026-05-14 08:28:29 | INFO    | dpfl.core.base_simulator | Round  63/150 | Acc: 0.8842 | Loss: 0.3877 | eps_max: 1.92 eps_avg: 1.58 | P: 1.00 R: 1.00 F1: 1.00
2026-05-14 08:28:29 | DEBUG   | dpfl.core.base_simulator | Update norms — honest: ['2.34', '0.56', '2.44', '2.41', '1.87'], attacker: ['1497452544.00', '1291398016.00', '1531913472.00', '1509343104.00', '1452152832.00']
2026-05-14 08:28:39 | INFO    | dpfl.core.base_simulator | Round  64/150 | Acc: 0.8843 | Loss: 0.3872 | eps_max: 1.93 eps_avg: 1.59 | P: 1.00 R: 1.00 F1: 1.00
2026-05-14 08:28:39 | DEBUG   | dpfl.core.base_simulator | Update norms — honest: ['1.05', '1.73', '1.68', '0.84', '1.32'], attacker: ['10615069696.00', '10186870784.00', '10681581568.00', '10425245696.00', '10059473920.00']
2026-05-14 08:28:49 | INFO    | dpfl.core.base_simulator | Round  65/150 | Acc: 0.8843 | Loss: 0.3870 | eps_max: 1.93 eps_avg: 1.60 | P: 1.00 R: 1.00 F1: 1.00
2026-05-14 08:28:49 | DEBUG   | dpfl.core.base_simulator | Update norms — honest: ['2.43', '1.88', '3.75', '2.07', '1.33'], attacker: ['58829451264.00', '59270434816.00', '60771033088.00', '60925620224.00', '60957786112.00']
2026-05-14 08:28:59 | INFO    | dpfl.core.base_simulator | Round  66/150 | Acc: 0.8844 | Loss: 0.3866 | eps_max: 1.93 eps_avg: 1.60 | P: 1.00 R: 1.00 F1: 1.00
2026-05-14 08:28:59 | DEBUG   | dpfl.core.base_simulator | Update norms — honest: ['0.86', '1.41', '2.91', '1.23', '0.93'], attacker: ['432153362432.00', '422209093632.00', '439839752192.00', '427003150336.00', '435089211392.00']
2026-05-14 08:29:08 | INFO    | dpfl.core.base_simulator | Round  67/150 | Acc: 0.8844 | Loss: 0.3864 | eps_max: 1.93 eps_avg: 1.60 | P: 1.00 R: 1.00 F1: 1.00
2026-05-14 08:29:08 | DEBUG   | dpfl.core.base_simulator | Update norms — honest: ['2.24', '2.58', '2.51', '2.18', '0.87'], attacker: ['2397585276928.00', '2447091433472.00', '2342463209472.00', '2471926956032.00', '2631022411776.00']
2026-05-14 08:29:18 | INFO    | dpfl.core.base_simulator | Round  68/150 | Acc: 0.8844 | Loss: 0.3862 | eps_max: 1.96 eps_avg: 1.63 | P: 1.00 R: 1.00 F1: 1.00
2026-05-14 08:29:18 | DEBUG   | dpfl.core.base_simulator | Update norms — honest: ['0.55', '4.02', '1.32', '2.23', '1.39'], attacker: ['17645478871040.00', '17881196658688.00', '17777108713472.00', '17884914909184.00', '17438991187968.00']
2026-05-14 08:29:28 | INFO    | dpfl.core.base_simulator | Round  69/150 | Acc: 0.8844 | Loss: 0.3861 | eps_max: 1.97 eps_avg: 1.64 | P: 1.00 R: 1.00 F1: 1.00
2026-05-14 08:29:28 | DEBUG   | dpfl.core.base_simulator | Update norms — honest: ['0.55', '1.64', '1.33', '1.60', '2.39'], attacker: ['101152762888192.00', '102760187953152.00', '104974847574016.00', '101961743466496.00', '106257163747328.00']
2026-05-14 08:29:38 | INFO    | dpfl.core.base_simulator | Round  70/150 | Acc: 0.8846 | Loss: 0.3856 | eps_max: 1.99 eps_avg: 1.65 | P: 1.00 R: 1.00 F1: 1.00
2026-05-14 08:29:38 | DEBUG   | dpfl.core.base_simulator | Update norms — honest: ['0.77', '1.55', '1.51', '2.25', '1.61'], attacker: ['739667724992512.00', '717657762430976.00', '748765405249536.00', '719792361177088.00', '715500816433152.00']
2026-05-14 08:29:47 | INFO    | dpfl.core.base_simulator | Round  71/150 | Acc: 0.8846 | Loss: 0.3853 | eps_max: 1.99 eps_avg: 1.65 | P: 1.00 R: 1.00 F1: 1.00
2026-05-14 08:29:47 | DEBUG   | dpfl.core.base_simulator | Update norms — honest: ['1.92', '1.40', '2.81', '3.23', '2.00'], attacker: ['4212882686345216.00', '4147898220544000.00', '4494722466840576.00', '4344355393372160.00', '4594704473653248.00']
2026-05-14 08:29:57 | INFO    | dpfl.core.base_simulator | Round  72/150 | Acc: 0.8847 | Loss: 0.3852 | eps_max: 1.99 eps_avg: 1.65 | P: 1.00 R: 1.00 F1: 1.00
2026-05-14 08:29:57 | DEBUG   | dpfl.core.base_simulator | Update norms — honest: ['1.75', '1.76', '1.75', '1.54', '0.77'], attacker: ['30687236387241984.00', '30486947029843968.00', '30583356160737280.00', '30431537656758272.00', '29654487878598656.00']
2026-05-14 08:30:06 | INFO    | dpfl.core.base_simulator | Round  73/150 | Acc: 0.8847 | Loss: 0.3850 | eps_max: 1.99 eps_avg: 1.66 | P: 1.00 R: 1.00 F1: 1.00
2026-05-14 08:30:06 | DEBUG   | dpfl.core.base_simulator | Update norms — honest: ['2.43', '1.93', '1.09', '2.47', '2.06'], attacker: ['170571069927718912.00', '165617117209559040.00', '180387063063904256.00', '175713691969257472.00', '186683278961410048.00']
2026-05-14 08:30:16 | INFO    | dpfl.core.base_simulator | Round  74/150 | Acc: 0.8846 | Loss: 0.3851 | eps_max: 2.00 eps_avg: 1.66 | P: 1.00 R: 1.00 F1: 1.00
2026-05-14 08:30:16 | DEBUG   | dpfl.core.base_simulator | Update norms — honest: ['3.24', '2.88', '1.74', '1.97', '1.15'], attacker: ['1276260595842154496.00', '1238713098387324928.00', '1279324110115045376.00', '1252108998304333824.00', '1222388099493920768.00']
2026-05-14 08:30:26 | INFO    | dpfl.core.base_simulator | Round  75/150 | Acc: 0.8846 | Loss: 0.3850 | eps_max: 2.05 eps_avg: 1.67 | P: 1.00 R: 1.00 F1: 1.00
2026-05-14 08:30:26 | DEBUG   | dpfl.core.base_simulator | Update norms — honest: ['0.88', '2.24', '2.70', '1.40', '1.36'], attacker: ['7260174784007241728.00', '7234932196056760320.00', '7254145062240518144.00', '7139566055021608960.00', '7613159797965193216.00']
2026-05-14 08:30:35 | INFO    | dpfl.core.base_simulator | Round  76/150 | Acc: 0.8846 | Loss: 0.3850 | eps_max: 2.05 eps_avg: 1.68 | P: 1.00 R: 1.00 F1: 1.00
2026-05-14 08:30:35 | DEBUG   | dpfl.core.base_simulator | Update norms — honest: ['2.41', '2.88', '2.83', '0.95', '2.92'], attacker: ['nan', 'nan', 'nan', 'nan', 'nan']
2026-05-14 08:30:45 | INFO    | dpfl.core.base_simulator | Round  77/150 | Acc: 0.8845 | Loss: 0.3852 | eps_max: 2.08 eps_avg: 1.69 | P: 1.00 R: 1.00 F1: 1.00
2026-05-14 08:30:45 | DEBUG   | dpfl.core.base_simulator | Update norms — honest: ['0.54', '3.04', '2.95', '2.78', '0.96'], attacker: ['nan', 'nan', 'nan', 'nan', 'nan']
2026-05-14 08:30:54 | INFO    | dpfl.core.base_simulator | Round  78/150 | Acc: 0.8845 | Loss: 0.3852 | eps_max: 2.08 eps_avg: 1.69 | P: 1.00 R: 1.00 F1: 1.00
2026-05-14 08:30:54 | DEBUG   | dpfl.core.base_simulator | Update norms — honest: ['3.50', '1.61', '2.15', '1.85', '2.40'], attacker: ['nan', 'nan', 'nan', 'nan', 'nan']
2026-05-14 08:31:04 | INFO    | dpfl.core.base_simulator | Round  79/150 | Acc: 0.8844 | Loss: 0.3854 | eps_max: 2.08 eps_avg: 1.70 | P: 1.00 R: 1.00 F1: 1.00
2026-05-14 08:31:04 | DEBUG   | dpfl.core.base_simulator | Update norms — honest: ['2.41', '4.65', '3.29', '2.71', '1.77'], attacker: ['nan', 'nan', 'nan', 'nan', 'nan']
2026-05-14 08:31:13 | INFO    | dpfl.core.base_simulator | Round  80/150 | Acc: 0.8845 | Loss: 0.3854 | eps_max: 2.12 eps_avg: 1.70 | P: 1.00 R: 1.00 F1: 1.00
2026-05-14 08:31:13 | DEBUG   | dpfl.core.base_simulator | Update norms — honest: ['0.53', '1.88', '1.31', '1.79', '3.13'], attacker: ['nan', 'nan', 'nan', 'nan', 'nan']
2026-05-14 08:31:23 | INFO    | dpfl.core.base_simulator | Round  81/150 | Acc: 0.8844 | Loss: 0.3854 | eps_max: 2.12 eps_avg: 1.71 | P: 1.00 R: 1.00 F1: 1.00
2026-05-14 08:31:23 | DEBUG   | dpfl.core.base_simulator | Update norms — honest: ['2.56', '2.26', '2.00', '2.96', '1.57'], attacker: ['nan', 'nan', 'nan', 'nan', 'nan']
2026-05-14 08:31:32 | INFO    | dpfl.core.base_simulator | Round  82/150 | Acc: 0.8844 | Loss: 0.3853 | eps_max: 2.12 eps_avg: 1.71 | P: 1.00 R: 1.00 F1: 1.00
2026-05-14 08:31:32 | DEBUG   | dpfl.core.base_simulator | Update norms — honest: ['3.03', '1.47', '1.73', '3.41', '1.85'], attacker: ['nan', 'nan', 'nan', 'nan', 'nan']
2026-05-14 08:31:41 | INFO    | dpfl.core.base_simulator | Round  83/150 | Acc: 0.8845 | Loss: 0.3852 | eps_max: 2.12 eps_avg: 1.71 | P: 1.00 R: 1.00 F1: 1.00
2026-05-14 08:31:41 | DEBUG   | dpfl.core.base_simulator | Update norms — honest: ['2.09', '2.18', '2.17', '2.77', '0.79'], attacker: ['nan', 'nan', 'nan', 'nan', 'nan']
2026-05-14 08:31:51 | INFO    | dpfl.core.base_simulator | Round  84/150 | Acc: 0.8844 | Loss: 0.3855 | eps_max: 2.12 eps_avg: 1.72 | P: 1.00 R: 1.00 F1: 1.00
2026-05-14 08:31:51 | DEBUG   | dpfl.core.base_simulator | Update norms — honest: ['2.02', '3.65', '1.99', '2.73', '2.98'], attacker: ['nan', 'nan', 'nan', 'nan', 'nan']
2026-05-14 08:32:00 | INFO    | dpfl.core.base_simulator | Round  85/150 | Acc: 0.8844 | Loss: 0.3857 | eps_max: 2.12 eps_avg: 1.73 | P: 1.00 R: 1.00 F1: 1.00
2026-05-14 08:32:00 | DEBUG   | dpfl.core.base_simulator | Update norms — honest: ['1.37', '1.83', '3.47', '1.48', '3.00'], attacker: ['nan', 'nan', 'nan', 'nan', 'nan']
2026-05-14 08:32:10 | INFO    | dpfl.core.base_simulator | Round  86/150 | Acc: 0.8844 | Loss: 0.3858 | eps_max: 2.12 eps_avg: 1.73 | P: 1.00 R: 1.00 F1: 1.00
2026-05-14 08:32:10 | DEBUG   | dpfl.core.base_simulator | Update norms — honest: ['3.37', '1.51', '2.18', '3.08', '3.02'], attacker: ['nan', 'nan', 'nan', 'nan', 'nan']
2026-05-14 08:32:19 | INFO    | dpfl.core.base_simulator | Round  87/150 | Acc: 0.8843 | Loss: 0.3860 | eps_max: 2.17 eps_avg: 1.74 | P: 1.00 R: 1.00 F1: 1.00
2026-05-14 08:32:19 | DEBUG   | dpfl.core.base_simulator | Update norms — honest: ['0.87', '1.43', '2.20', '3.58', '2.64'], attacker: ['nan', 'nan', 'nan', 'nan', 'nan']
2026-05-14 08:32:29 | INFO    | dpfl.core.base_simulator | Round  88/150 | Acc: 0.8844 | Loss: 0.3861 | eps_max: 2.17 eps_avg: 1.74 | P: 1.00 R: 1.00 F1: 1.00
2026-05-14 08:32:29 | DEBUG   | dpfl.core.base_simulator | Update norms — honest: ['1.23', '2.03', '2.31', '0.40', '1.19'], attacker: ['nan', 'nan', 'nan', 'nan', 'nan']
2026-05-14 08:32:38 | INFO    | dpfl.core.base_simulator | Round  89/150 | Acc: 0.8843 | Loss: 0.3863 | eps_max: 2.17 eps_avg: 1.74 | P: 1.00 R: 1.00 F1: 1.00
2026-05-14 08:32:38 | DEBUG   | dpfl.core.base_simulator | Update norms — honest: ['4.39', '1.55', '1.81', '2.30', '1.48'], attacker: ['nan', 'nan', 'nan', 'nan', 'nan']
2026-05-14 08:32:47 | INFO    | dpfl.core.base_simulator | Round  90/150 | Acc: 0.8842 | Loss: 0.3865 | eps_max: 2.17 eps_avg: 1.75 | P: 1.00 R: 1.00 F1: 1.00
2026-05-14 08:32:47 | DEBUG   | dpfl.core.base_simulator | Update norms — honest: ['1.21', '4.42', '2.11', '1.95', '1.87'], attacker: ['nan', 'nan', 'nan', 'nan', 'nan']
2026-05-14 08:32:57 | INFO    | dpfl.core.base_simulator | Round  91/150 | Acc: 0.8841 | Loss: 0.3870 | eps_max: 2.17 eps_avg: 1.75 | P: 1.00 R: 1.00 F1: 1.00
2026-05-14 08:32:57 | DEBUG   | dpfl.core.base_simulator | Update norms — honest: ['2.64', '3.02', '1.61', '3.28', '2.61'], attacker: ['nan', 'nan', 'nan', 'nan', 'nan']
2026-05-14 08:33:06 | INFO    | dpfl.core.base_simulator | Round  92/150 | Acc: 0.8841 | Loss: 0.3871 | eps_max: 2.17 eps_avg: 1.76 | P: 1.00 R: 1.00 F1: 1.00
2026-05-14 08:33:06 | DEBUG   | dpfl.core.base_simulator | Update norms — honest: ['2.12', '2.68', '1.59', '2.14', '2.04'], attacker: ['nan', 'nan', 'nan', 'nan', 'nan']
2026-05-14 08:33:16 | INFO    | dpfl.core.base_simulator | Round  93/150 | Acc: 0.8841 | Loss: 0.3875 | eps_max: 2.17 eps_avg: 1.76 | P: 1.00 R: 1.00 F1: 1.00
2026-05-14 08:33:16 | DEBUG   | dpfl.core.base_simulator | Update norms — honest: ['2.41', '3.13', '2.17', '3.42', '1.59'], attacker: ['nan', 'nan', 'nan', 'nan', 'nan']
2026-05-14 08:33:25 | INFO    | dpfl.core.base_simulator | Round  94/150 | Acc: 0.8840 | Loss: 0.3880 | eps_max: 2.17 eps_avg: 1.77 | P: 1.00 R: 1.00 F1: 1.00
2026-05-14 08:33:25 | DEBUG   | dpfl.core.base_simulator | Update norms — honest: ['2.52', '3.75', '3.18', '1.41', '1.93'], attacker: ['nan', 'nan', 'nan', 'nan', 'nan']
2026-05-14 08:33:35 | INFO    | dpfl.core.base_simulator | Round  95/150 | Acc: 0.8840 | Loss: 0.3880 | eps_max: 2.38 eps_avg: 1.78 | P: 1.00 R: 1.00 F1: 1.00
2026-05-14 08:33:35 | DEBUG   | dpfl.core.base_simulator | Update norms — honest: ['3.52', '2.13', '1.68', '0.51', '2.77'], attacker: ['nan', 'nan', 'nan', 'nan', 'nan']
2026-05-14 08:33:44 | INFO    | dpfl.core.base_simulator | Round  96/150 | Acc: 0.8840 | Loss: 0.3884 | eps_max: 2.38 eps_avg: 1.78 | P: 1.00 R: 1.00 F1: 1.00
2026-05-14 08:33:44 | DEBUG   | dpfl.core.base_simulator | Update norms — honest: ['3.41', '3.33', '2.68', '2.87', '1.88'], attacker: ['nan', 'nan', 'nan', 'nan', 'nan']
2026-05-14 08:33:54 | INFO    | dpfl.core.base_simulator | Round  97/150 | Acc: 0.8838 | Loss: 0.3889 | eps_max: 2.38 eps_avg: 1.78 | P: 1.00 R: 1.00 F1: 1.00
2026-05-14 08:33:54 | DEBUG   | dpfl.core.base_simulator | Update norms — honest: ['2.74', '1.40', '3.29', '1.59', '1.75'], attacker: ['nan', 'nan', 'nan', 'nan', 'nan']
2026-05-14 08:34:04 | INFO    | dpfl.core.base_simulator | Round  98/150 | Acc: 0.8838 | Loss: 0.3891 | eps_max: 2.38 eps_avg: 1.79 | P: 1.00 R: 1.00 F1: 1.00
2026-05-14 08:34:04 | DEBUG   | dpfl.core.base_simulator | Update norms — honest: ['1.92', '1.73', '2.31', '2.37', '2.37'], attacker: ['nan', 'nan', 'nan', 'nan', 'nan']
2026-05-14 08:34:13 | INFO    | dpfl.core.base_simulator | Round  99/150 | Acc: 0.8837 | Loss: 0.3894 | eps_max: 2.38 eps_avg: 1.79 | P: 1.00 R: 1.00 F1: 1.00
2026-05-14 08:34:13 | DEBUG   | dpfl.core.base_simulator | Update norms — honest: ['3.12', '1.45', '2.21', '2.15', '3.00'], attacker: ['nan', 'nan', 'nan', 'nan', 'nan']
2026-05-14 08:34:22 | INFO    | dpfl.core.base_simulator | Round 100/150 | Acc: 0.8838 | Loss: 0.3896 | eps_max: 2.38 eps_avg: 1.79 | P: 1.00 R: 1.00 F1: 1.00
2026-05-14 08:34:22 | DEBUG   | dpfl.core.base_simulator | Update norms — honest: ['2.02', '2.15', '3.44', '3.05', '2.68'], attacker: ['nan', 'nan', 'nan', 'nan', 'nan']
2026-05-14 08:34:32 | INFO    | dpfl.core.base_simulator | Round 101/150 | Acc: 0.8838 | Loss: 0.3900 | eps_max: 2.38 eps_avg: 1.80 | P: 1.00 R: 1.00 F1: 1.00
2026-05-14 08:34:32 | DEBUG   | dpfl.core.base_simulator | Update norms — honest: ['4.02', '2.42', '2.38', '1.97', '2.31'], attacker: ['nan', 'nan', 'nan', 'nan', 'nan']
2026-05-14 08:34:41 | INFO    | dpfl.core.base_simulator | Round 102/150 | Acc: 0.8838 | Loss: 0.3901 | eps_max: 2.38 eps_avg: 1.80 | P: 1.00 R: 1.00 F1: 1.00
2026-05-14 08:34:41 | DEBUG   | dpfl.core.base_simulator | Update norms — honest: ['1.76', '0.78', '3.16', '1.34', '2.90'], attacker: ['nan', 'nan', 'nan', 'nan', 'nan']
2026-05-14 08:34:51 | INFO    | dpfl.core.base_simulator | Round 103/150 | Acc: 0.8836 | Loss: 0.3907 | eps_max: 2.40 eps_avg: 1.81 | P: 1.00 R: 1.00 F1: 1.00
2026-05-14 08:34:51 | DEBUG   | dpfl.core.base_simulator | Update norms — honest: ['2.98', '2.60', '1.93', '0.79', '3.75'], attacker: ['nan', 'nan', 'nan', 'nan', 'nan']
2026-05-14 08:35:01 | INFO    | dpfl.core.base_simulator | Round 104/150 | Acc: 0.8836 | Loss: 0.3910 | eps_max: 2.45 eps_avg: 1.82 | P: 1.00 R: 1.00 F1: 1.00
2026-05-14 08:35:01 | DEBUG   | dpfl.core.base_simulator | Update norms — honest: ['2.27', '0.50', '2.53', '1.63', '2.29'], attacker: ['nan', 'nan', 'nan', 'nan', 'nan']
2026-05-14 08:35:10 | INFO    | dpfl.core.base_simulator | Round 105/150 | Acc: 0.8836 | Loss: 0.3913 | eps_max: 2.45 eps_avg: 1.83 | P: 1.00 R: 1.00 F1: 1.00
2026-05-14 08:35:10 | DEBUG   | dpfl.core.base_simulator | Update norms — honest: ['1.88', '1.66', '1.66', '3.34', '2.82'], attacker: ['nan', 'nan', 'nan', 'nan', 'nan']
2026-05-14 08:35:20 | INFO    | dpfl.core.base_simulator | Round 106/150 | Acc: 0.8836 | Loss: 0.3916 | eps_max: 2.45 eps_avg: 1.83 | P: 1.00 R: 1.00 F1: 1.00
2026-05-14 08:35:20 | DEBUG   | dpfl.core.base_simulator | Update norms — honest: ['1.24', '3.86', '2.61', '4.30', '2.31'], attacker: ['nan', 'nan', 'nan', 'nan', 'nan']
2026-05-14 08:35:29 | INFO    | dpfl.core.base_simulator | Round 107/150 | Acc: 0.8835 | Loss: 0.3920 | eps_max: 2.45 eps_avg: 1.83 | P: 1.00 R: 1.00 F1: 1.00
2026-05-14 08:35:29 | DEBUG   | dpfl.core.base_simulator | Update norms — honest: ['3.41', '3.78', '3.66', '1.21', '1.84'], attacker: ['nan', 'nan', 'nan', 'nan', 'nan']
2026-05-14 08:35:39 | INFO    | dpfl.core.base_simulator | Round 108/150 | Acc: 0.8834 | Loss: 0.3927 | eps_max: 2.45 eps_avg: 1.84 | P: 1.00 R: 1.00 F1: 1.00
2026-05-14 08:35:39 | DEBUG   | dpfl.core.base_simulator | Update norms — honest: ['5.55', '3.81', '2.98', '2.06', '1.48'], attacker: ['nan', 'nan', 'nan', 'nan', 'nan']
2026-05-14 08:35:48 | INFO    | dpfl.core.base_simulator | Round 109/150 | Acc: 0.8832 | Loss: 0.3933 | eps_max: 2.45 eps_avg: 1.84 | P: 1.00 R: 1.00 F1: 1.00
2026-05-14 08:35:48 | DEBUG   | dpfl.core.base_simulator | Update norms — honest: ['3.97', '3.22', '2.04', '2.59', '2.20'], attacker: ['nan', 'nan', 'nan', 'nan', 'nan']
2026-05-14 08:35:58 | INFO    | dpfl.core.base_simulator | Round 110/150 | Acc: 0.8831 | Loss: 0.3942 | eps_max: 2.45 eps_avg: 1.85 | P: 1.00 R: 1.00 F1: 1.00
2026-05-14 08:35:58 | DEBUG   | dpfl.core.base_simulator | Update norms — honest: ['2.34', '2.47', '0.87', '4.55', '1.27'], attacker: ['nan', 'nan', 'nan', 'nan', 'nan']
2026-05-14 08:36:08 | INFO    | dpfl.core.base_simulator | Round 111/150 | Acc: 0.8830 | Loss: 0.3949 | eps_max: 2.45 eps_avg: 1.86 | P: 1.00 R: 1.00 F1: 1.00
2026-05-14 08:36:08 | DEBUG   | dpfl.core.base_simulator | Update norms — honest: ['3.89', '2.94', '2.69', '3.67', '1.73'], attacker: ['nan', 'nan', 'nan', 'nan', 'nan']
2026-05-14 08:36:18 | INFO    | dpfl.core.base_simulator | Round 112/150 | Acc: 0.8829 | Loss: 0.3953 | eps_max: 2.45 eps_avg: 1.87 | P: 1.00 R: 1.00 F1: 1.00
2026-05-14 08:36:18 | DEBUG   | dpfl.core.base_simulator | Update norms — honest: ['3.76', '0.79', '2.71', '3.89', '2.96'], attacker: ['nan', 'nan', 'nan', 'nan', 'nan']
2026-05-14 08:36:27 | INFO    | dpfl.core.base_simulator | Round 113/150 | Acc: 0.8828 | Loss: 0.3956 | eps_max: 2.45 eps_avg: 1.87 | P: 1.00 R: 1.00 F1: 1.00
2026-05-14 08:36:27 | DEBUG   | dpfl.core.base_simulator | Update norms — honest: ['2.40', '1.12', '2.45', '2.78', '3.52'], attacker: ['nan', 'nan', 'nan', 'nan', 'nan']
2026-05-14 08:36:37 | INFO    | dpfl.core.base_simulator | Round 114/150 | Acc: 0.8826 | Loss: 0.3965 | eps_max: 2.45 eps_avg: 1.88 | P: 1.00 R: 1.00 F1: 1.00
2026-05-14 08:36:37 | DEBUG   | dpfl.core.base_simulator | Update norms — honest: ['3.90', '3.45', '1.89', '2.71', '1.47'], attacker: ['nan', 'nan', 'nan', 'nan', 'nan']
2026-05-14 08:36:46 | INFO    | dpfl.core.base_simulator | Round 115/150 | Acc: 0.8825 | Loss: 0.3970 | eps_max: 2.45 eps_avg: 1.88 | P: 1.00 R: 1.00 F1: 1.00
2026-05-14 08:36:46 | DEBUG   | dpfl.core.base_simulator | Update norms — honest: ['3.04', '2.69', '2.22', '3.41', '3.55'], attacker: ['nan', 'nan', 'nan', 'nan', 'nan']
2026-05-14 08:36:47 | WARNING | dpfl.algorithms.noise_game.simulator | Node 413 round 115: NSR=22171.28 exceeds 20000.0
2026-05-14 08:36:56 | INFO    | dpfl.core.base_simulator | Round 116/150 | Acc: 0.8825 | Loss: 0.3975 | eps_max: 2.45 eps_avg: 1.89 | P: 1.00 R: 1.00 F1: 1.00
2026-05-14 08:36:56 | DEBUG   | dpfl.core.base_simulator | Update norms — honest: ['1.00', '2.12', '1.68', '2.14', '3.04'], attacker: ['nan', 'nan', 'nan', 'nan', 'nan']
2026-05-14 08:37:06 | INFO    | dpfl.core.base_simulator | Round 117/150 | Acc: 0.8823 | Loss: 0.3986 | eps_max: 2.49 eps_avg: 1.89 | P: 1.00 R: 1.00 F1: 1.00
2026-05-14 08:37:06 | DEBUG   | dpfl.core.base_simulator | Update norms — honest: ['1.43', '2.87', '3.86', '4.76', '4.56'], attacker: ['nan', 'nan', 'nan', 'nan', 'nan']
2026-05-14 08:37:15 | INFO    | dpfl.core.base_simulator | Round 118/150 | Acc: 0.8823 | Loss: 0.3988 | eps_max: 2.49 eps_avg: 1.90 | P: 1.00 R: 1.00 F1: 1.00
2026-05-14 08:37:15 | DEBUG   | dpfl.core.base_simulator | Update norms — honest: ['2.89', '1.39', '3.05', '2.79', '3.11'], attacker: ['nan', 'nan', 'nan', 'nan', 'nan']
2026-05-14 08:37:25 | INFO    | dpfl.core.base_simulator | Round 119/150 | Acc: 0.8819 | Loss: 0.4004 | eps_max: 2.49 eps_avg: 1.91 | P: 1.00 R: 1.00 F1: 1.00
2026-05-14 08:37:25 | DEBUG   | dpfl.core.base_simulator | Update norms — honest: ['2.59', '2.66', '2.58', '2.95', '4.29'], attacker: ['nan', 'nan', 'nan', 'nan', 'nan']
2026-05-14 08:37:35 | INFO    | dpfl.core.base_simulator | Round 120/150 | Acc: 0.8818 | Loss: 0.4008 | eps_max: 2.49 eps_avg: 1.92 | P: 1.00 R: 1.00 F1: 1.00
2026-05-14 08:37:35 | DEBUG   | dpfl.core.base_simulator | Update norms — honest: ['1.61', '2.23', '4.00', '3.21', '2.28'], attacker: ['nan', 'nan', 'nan', 'nan', 'nan']
2026-05-14 08:37:44 | INFO    | dpfl.core.base_simulator | Round 121/150 | Acc: 0.8816 | Loss: 0.4019 | eps_max: 2.49 eps_avg: 1.93 | P: 1.00 R: 1.00 F1: 1.00
2026-05-14 08:37:44 | DEBUG   | dpfl.core.base_simulator | Update norms — honest: ['3.90', '4.09', '3.26', '2.25', '2.21'], attacker: ['nan', 'nan', 'nan', 'nan', 'nan']
2026-05-14 08:37:54 | INFO    | dpfl.core.base_simulator | Round 122/150 | Acc: 0.8815 | Loss: 0.4027 | eps_max: 2.49 eps_avg: 1.93 | P: 1.00 R: 1.00 F1: 1.00
2026-05-14 08:37:54 | DEBUG   | dpfl.core.base_simulator | Update norms — honest: ['3.64', '3.74', '2.80', '3.58', '2.54'], attacker: ['nan', 'nan', 'nan', 'nan', 'nan']
2026-05-14 08:38:04 | INFO    | dpfl.core.base_simulator | Round 123/150 | Acc: 0.8813 | Loss: 0.4034 | eps_max: 2.49 eps_avg: 1.94 | P: 1.00 R: 1.00 F1: 1.00
2026-05-14 08:38:04 | DEBUG   | dpfl.core.base_simulator | Update norms — honest: ['1.50', '4.23', '3.21', '2.01', '1.91'], attacker: ['nan', 'nan', 'nan', 'nan', 'nan']
2026-05-14 08:38:13 | INFO    | dpfl.core.base_simulator | Round 124/150 | Acc: 0.8813 | Loss: 0.4039 | eps_max: 2.49 eps_avg: 1.95 | P: 0.83 R: 1.00 F1: 1.00
2026-05-14 08:38:13 | DEBUG   | dpfl.core.base_simulator | Update norms — honest: ['4.41', '1.94', '3.48', '1.29', '1.99'], attacker: ['nan', 'nan', 'nan', 'nan', 'nan']
2026-05-14 08:38:22 | INFO    | dpfl.core.base_simulator | Round 125/150 | Acc: 0.8814 | Loss: 0.4040 | eps_max: 2.49 eps_avg: 1.95 | P: 1.00 R: 1.00 F1: 1.00
2026-05-14 08:38:22 | DEBUG   | dpfl.core.base_simulator | Update norms — honest: ['1.97', '2.94', '0.71', '2.90', '3.78'], attacker: ['nan', 'nan', 'nan', 'nan', 'nan']
2026-05-14 08:38:23 | WARNING | dpfl.algorithms.noise_game.simulator | Node 266 round 125: NSR=20637.82 exceeds 20000.0
2026-05-14 08:38:23 | WARNING | dpfl.algorithms.noise_game.simulator | Node 417 round 125: NSR=20639.43 exceeds 20000.0
2026-05-14 08:38:32 | INFO    | dpfl.core.base_simulator | Round 126/150 | Acc: 0.8813 | Loss: 0.4046 | eps_max: 2.49 eps_avg: 1.96 | P: 1.00 R: 1.00 F1: 1.00
2026-05-14 08:38:32 | DEBUG   | dpfl.core.base_simulator | Update norms — honest: ['2.64', '2.18', '3.26', '3.37', '3.00'], attacker: ['nan', 'nan', 'nan', 'nan', 'nan']
2026-05-14 08:38:41 | INFO    | dpfl.core.base_simulator | Round 127/150 | Acc: 0.8813 | Loss: 0.4050 | eps_max: 2.54 eps_avg: 1.97 | P: 1.00 R: 1.00 F1: 1.00
2026-05-14 08:38:41 | DEBUG   | dpfl.core.base_simulator | Update norms — honest: ['2.98', '1.86', '2.21', '2.82', '2.62'], attacker: ['nan', 'nan', 'nan', 'nan', 'nan']
2026-05-14 08:38:41 | WARNING | dpfl.algorithms.noise_game.simulator | Node 217 round 127: NSR=20123.42 exceeds 20000.0
2026-05-14 08:38:41 | WARNING | dpfl.algorithms.noise_game.simulator | Node 280 round 127: NSR=23026.41 exceeds 20000.0
2026-05-14 08:38:50 | INFO    | dpfl.core.base_simulator | Round 128/150 | Acc: 0.8811 | Loss: 0.4062 | eps_max: 2.64 eps_avg: 1.97 | P: 0.89 R: 1.00 F1: 0.99
2026-05-14 08:38:50 | DEBUG   | dpfl.core.base_simulator | Update norms — honest: ['5.14', '3.87', '2.04', '3.03', '1.26'], attacker: ['nan', 'nan', 'nan', 'nan', 'nan']
2026-05-14 08:38:51 | WARNING | dpfl.algorithms.noise_game.simulator | Node 254 round 128: NSR=20124.73 exceeds 20000.0
2026-05-14 08:38:51 | WARNING | dpfl.algorithms.noise_game.simulator | Node 299 round 128: NSR=22948.27 exceeds 20000.0
2026-05-14 08:39:00 | INFO    | dpfl.core.base_simulator | Round 129/150 | Acc: 0.8812 | Loss: 0.4063 | eps_max: 2.64 eps_avg: 1.98 | P: 1.00 R: 1.00 F1: 1.00
2026-05-14 08:39:00 | DEBUG   | dpfl.core.base_simulator | Update norms — honest: ['2.02', '1.29', '2.61', '1.30', '1.22'], attacker: ['nan', 'nan', 'nan', 'nan', 'nan']
2026-05-14 08:39:10 | INFO    | dpfl.core.base_simulator | Round 130/150 | Acc: 0.8810 | Loss: 0.4071 | eps_max: 2.64 eps_avg: 1.99 | P: 1.00 R: 1.00 F1: 1.00
2026-05-14 08:39:10 | DEBUG   | dpfl.core.base_simulator | Update norms — honest: ['3.09', '2.23', '2.45', '4.23', '1.76'], attacker: ['nan', 'nan', 'nan', 'nan', 'nan']
2026-05-14 08:39:10 | WARNING | dpfl.algorithms.noise_game.simulator | Node 444 round 130: NSR=20276.33 exceeds 20000.0
2026-05-14 08:39:19 | INFO    | dpfl.core.base_simulator | Round 131/150 | Acc: 0.8809 | Loss: 0.4078 | eps_max: 2.64 eps_avg: 2.00 | P: 1.00 R: 1.00 F1: 1.00
2026-05-14 08:39:19 | DEBUG   | dpfl.core.base_simulator | Update norms — honest: ['1.68', '2.10', '1.41', '2.96', '4.37'], attacker: ['nan', 'nan', 'nan', 'nan', 'nan']
2026-05-14 08:39:20 | WARNING | dpfl.algorithms.noise_game.simulator | Node 209 round 131: NSR=21529.29 exceeds 20000.0
2026-05-14 08:39:20 | WARNING | dpfl.algorithms.noise_game.simulator | Node 244 round 131: NSR=20200.55 exceeds 20000.0
2026-05-14 08:39:28 | INFO    | dpfl.core.base_simulator | Round 132/150 | Acc: 0.8809 | Loss: 0.4082 | eps_max: 2.64 eps_avg: 2.00 | P: 1.00 R: 1.00 F1: 1.00
2026-05-14 08:39:28 | DEBUG   | dpfl.core.base_simulator | Update norms — honest: ['3.03', '2.71', '3.98', '2.93', '4.94'], attacker: ['nan', 'nan', 'nan', 'nan', 'nan']
2026-05-14 08:39:29 | WARNING | dpfl.algorithms.noise_game.simulator | Node 341 round 132: NSR=20689.44 exceeds 20000.0
2026-05-14 08:39:29 | WARNING | dpfl.algorithms.noise_game.simulator | Node 370 round 132: NSR=21056.39 exceeds 20000.0
2026-05-14 08:39:38 | INFO    | dpfl.core.base_simulator | Round 133/150 | Acc: 0.8807 | Loss: 0.4090 | eps_max: 2.64 eps_avg: 2.01 | P: 1.00 R: 1.00 F1: 1.00
2026-05-14 08:39:38 | DEBUG   | dpfl.core.base_simulator | Update norms — honest: ['3.62', '3.38', '3.15', '3.20', '3.29'], attacker: ['nan', 'nan', 'nan', 'nan', 'nan']
2026-05-14 08:39:39 | WARNING | dpfl.algorithms.noise_game.simulator | Node 407 round 133: NSR=22189.55 exceeds 20000.0
2026-05-14 08:39:48 | INFO    | dpfl.core.base_simulator | Round 134/150 | Acc: 0.8805 | Loss: 0.4102 | eps_max: 2.68 eps_avg: 2.02 | P: 0.91 R: 1.00 F1: 0.99
2026-05-14 08:39:48 | DEBUG   | dpfl.core.base_simulator | Update norms — honest: ['4.44', '2.21', '2.99', '2.65', '4.07'], attacker: ['nan', 'nan', 'nan', 'nan', 'nan']
2026-05-14 08:39:48 | WARNING | dpfl.algorithms.noise_game.simulator | Node 361 round 134: NSR=23702.48 exceeds 20000.0
2026-05-14 08:39:48 | WARNING | dpfl.algorithms.noise_game.simulator | Node 383 round 134: NSR=21986.42 exceeds 20000.0
2026-05-14 08:39:48 | WARNING | dpfl.algorithms.noise_game.simulator | Node 459 round 134: NSR=21005.44 exceeds 20000.0
2026-05-14 08:39:58 | INFO    | dpfl.core.base_simulator | Round 135/150 | Acc: 0.8803 | Loss: 0.4111 | eps_max: 2.68 eps_avg: 2.03 | P: 0.92 R: 1.00 F1: 1.00
2026-05-14 08:39:58 | DEBUG   | dpfl.core.base_simulator | Update norms — honest: ['3.47', '4.38', '2.74', '2.83', '3.71'], attacker: ['nan', 'nan', 'nan', 'nan', 'nan']
2026-05-14 08:39:58 | WARNING | dpfl.algorithms.noise_game.simulator | Node 407 round 135: NSR=20118.45 exceeds 20000.0
2026-05-14 08:40:07 | INFO    | dpfl.core.base_simulator | Round 136/150 | Acc: 0.8802 | Loss: 0.4119 | eps_max: 2.68 eps_avg: 2.04 | P: 1.00 R: 1.00 F1: 1.00
2026-05-14 08:40:07 | DEBUG   | dpfl.core.base_simulator | Update norms — honest: ['3.71', '4.18', '3.73', '4.14', '2.67'], attacker: ['nan', 'nan', 'nan', 'nan', 'nan']
2026-05-14 08:40:08 | WARNING | dpfl.algorithms.noise_game.simulator | Node 206 round 136: NSR=21381.82 exceeds 20000.0
2026-05-14 08:40:08 | WARNING | dpfl.algorithms.noise_game.simulator | Node 367 round 136: NSR=21179.03 exceeds 20000.0
2026-05-14 08:40:08 | WARNING | dpfl.algorithms.noise_game.simulator | Node 378 round 136: NSR=20666.39 exceeds 20000.0
2026-05-14 08:40:17 | INFO    | dpfl.core.base_simulator | Round 137/150 | Acc: 0.8802 | Loss: 0.4125 | eps_max: 2.71 eps_avg: 2.04 | P: 1.00 R: 1.00 F1: 1.00
2026-05-14 08:40:17 | DEBUG   | dpfl.core.base_simulator | Update norms — honest: ['2.48', '1.88', '2.15', '2.88', '1.30'], attacker: ['nan', 'nan', 'nan', 'nan', 'nan']
2026-05-14 08:40:17 | WARNING | dpfl.algorithms.noise_game.simulator | Node 373 round 137: NSR=20054.61 exceeds 20000.0
2026-05-14 08:40:17 | WARNING | dpfl.algorithms.noise_game.simulator | Node 453 round 137: NSR=20094.71 exceeds 20000.0
2026-05-14 08:40:17 | WARNING | dpfl.algorithms.noise_game.simulator | Node 485 round 137: NSR=21289.01 exceeds 20000.0
2026-05-14 08:40:27 | INFO    | dpfl.core.base_simulator | Round 138/150 | Acc: 0.8798 | Loss: 0.4144 | eps_max: 2.77 eps_avg: 2.05 | P: 1.00 R: 1.00 F1: 1.00
2026-05-14 08:40:27 | DEBUG   | dpfl.core.base_simulator | Update norms — honest: ['3.34', '3.27', '4.31', '4.26', '4.20'], attacker: ['nan', 'nan', 'nan', 'nan', 'nan']
2026-05-14 08:40:27 | WARNING | dpfl.algorithms.noise_game.simulator | Node 221 round 138: NSR=20165.01 exceeds 20000.0
2026-05-14 08:40:36 | INFO    | dpfl.core.base_simulator | Round 139/150 | Acc: 0.8797 | Loss: 0.4150 | eps_max: 2.77 eps_avg: 2.06 | P: 1.00 R: 1.00 F1: 1.00
2026-05-14 08:40:36 | DEBUG   | dpfl.core.base_simulator | Update norms — honest: ['4.30', '2.43', '2.78', '2.83', '2.10'], attacker: ['nan', 'nan', 'nan', 'nan', 'nan']
2026-05-14 08:40:37 | WARNING | dpfl.algorithms.noise_game.simulator | Node 280 round 139: NSR=20917.64 exceeds 20000.0
2026-05-14 08:40:37 | WARNING | dpfl.algorithms.noise_game.simulator | Node 307 round 139: NSR=21472.73 exceeds 20000.0
2026-05-14 08:40:37 | WARNING | dpfl.algorithms.noise_game.simulator | Node 342 round 139: NSR=20325.13 exceeds 20000.0
2026-05-14 08:40:37 | WARNING | dpfl.algorithms.noise_game.simulator | Node 474 round 139: NSR=21578.73 exceeds 20000.0
2026-05-14 08:40:46 | INFO    | dpfl.core.base_simulator | Round 140/150 | Acc: 0.8796 | Loss: 0.4156 | eps_max: 2.77 eps_avg: 2.07 | P: 1.00 R: 1.00 F1: 1.00
2026-05-14 08:40:46 | DEBUG   | dpfl.core.base_simulator | Update norms — honest: ['3.14', '3.29', '4.95', '4.30', '3.20'], attacker: ['nan', 'nan', 'nan', 'nan', 'nan']
2026-05-14 08:40:47 | WARNING | dpfl.algorithms.noise_game.simulator | Node 398 round 140: NSR=20007.64 exceeds 20000.0
2026-05-14 08:40:55 | INFO    | dpfl.core.base_simulator | Round 141/150 | Acc: 0.8797 | Loss: 0.4158 | eps_max: 2.77 eps_avg: 2.08 | P: 1.00 R: 1.00 F1: 1.00
2026-05-14 08:40:55 | DEBUG   | dpfl.core.base_simulator | Update norms — honest: ['3.47', '2.57', '2.83', '2.46', '2.62'], attacker: ['nan', 'nan', 'nan', 'nan', 'nan']
2026-05-14 08:40:56 | WARNING | dpfl.algorithms.noise_game.simulator | Node 242 round 141: NSR=21543.90 exceeds 20000.0
2026-05-14 08:40:56 | WARNING | dpfl.algorithms.noise_game.simulator | Node 294 round 141: NSR=22160.46 exceeds 20000.0
2026-05-14 08:41:05 | INFO    | dpfl.core.base_simulator | Round 142/150 | Acc: 0.8794 | Loss: 0.4175 | eps_max: 2.81 eps_avg: 2.10 | P: 1.00 R: 1.00 F1: 1.00
2026-05-14 08:41:05 | DEBUG   | dpfl.core.base_simulator | Update norms — honest: ['5.14', '2.97', '3.55', '1.80', '1.95'], attacker: ['nan', 'nan', 'nan', 'nan', 'nan']
2026-05-14 08:41:06 | WARNING | dpfl.algorithms.noise_game.simulator | Node 243 round 142: NSR=20366.65 exceeds 20000.0
2026-05-14 08:41:15 | INFO    | dpfl.core.base_simulator | Round 143/150 | Acc: 0.8795 | Loss: 0.4176 | eps_max: 3.13 eps_avg: 2.11 | P: 1.00 R: 1.00 F1: 1.00
2026-05-14 08:41:15 | DEBUG   | dpfl.core.base_simulator | Update norms — honest: ['2.75', '2.19', '3.36', '1.99', '1.34'], attacker: ['nan', 'nan', 'nan', 'nan', 'nan']
2026-05-14 08:41:15 | WARNING | dpfl.algorithms.noise_game.simulator | Node 417 round 143: NSR=20509.50 exceeds 20000.0
2026-05-14 08:41:15 | WARNING | dpfl.algorithms.noise_game.simulator | Node 496 round 143: NSR=23863.94 exceeds 20000.0
2026-05-14 08:41:24 | INFO    | dpfl.core.base_simulator | Round 144/150 | Acc: 0.8794 | Loss: 0.4181 | eps_max: 3.13 eps_avg: 2.12 | P: 1.00 R: 1.00 F1: 1.00
2026-05-14 08:41:24 | DEBUG   | dpfl.core.base_simulator | Update norms — honest: ['2.91', '2.86', '3.06', '2.42', '2.64'], attacker: ['nan', 'nan', 'nan', 'nan', 'nan']
2026-05-14 08:41:25 | WARNING | dpfl.algorithms.noise_game.simulator | Node 292 round 144: NSR=21314.75 exceeds 20000.0
2026-05-14 08:41:25 | WARNING | dpfl.algorithms.noise_game.simulator | Node 457 round 144: NSR=20095.89 exceeds 20000.0
2026-05-14 08:41:33 | INFO    | dpfl.core.base_simulator | Round 145/150 | Acc: 0.8794 | Loss: 0.4185 | eps_max: 3.13 eps_avg: 2.13 | P: 1.00 R: 1.00 F1: 1.00
2026-05-14 08:41:33 | DEBUG   | dpfl.core.base_simulator | Update norms — honest: ['3.16', '2.72', '3.31', '3.53', '2.71'], attacker: ['nan', 'nan', 'nan', 'nan', 'nan']
2026-05-14 08:41:34 | WARNING | dpfl.algorithms.noise_game.simulator | Node 404 round 145: NSR=22099.43 exceeds 20000.0
2026-05-14 08:41:34 | WARNING | dpfl.algorithms.noise_game.simulator | Node 413 round 145: NSR=20421.43 exceeds 20000.0
2026-05-14 08:41:34 | WARNING | dpfl.algorithms.noise_game.simulator | Node 453 round 145: NSR=20480.43 exceeds 20000.0
2026-05-14 08:41:43 | INFO    | dpfl.core.base_simulator | Round 146/150 | Acc: 0.8793 | Loss: 0.4194 | eps_max: 3.13 eps_avg: 2.14 | P: 1.00 R: 1.00 F1: 1.00
2026-05-14 08:41:43 | DEBUG   | dpfl.core.base_simulator | Update norms — honest: ['2.76', '3.15', '4.76', '3.16', '2.11'], attacker: ['nan', 'nan', 'nan', 'nan', 'nan']
2026-05-14 08:41:44 | WARNING | dpfl.algorithms.noise_game.simulator | Node 210 round 146: NSR=22736.93 exceeds 20000.0
2026-05-14 08:41:44 | WARNING | dpfl.algorithms.noise_game.simulator | Node 362 round 146: NSR=20039.43 exceeds 20000.0
2026-05-14 08:41:44 | WARNING | dpfl.algorithms.noise_game.simulator | Node 383 round 146: NSR=23257.40 exceeds 20000.0
2026-05-14 08:41:44 | WARNING | dpfl.algorithms.noise_game.simulator | Node 455 round 146: NSR=20326.30 exceeds 20000.0
2026-05-14 08:41:53 | INFO    | dpfl.core.base_simulator | Round 147/150 | Acc: 0.8792 | Loss: 0.4201 | eps_max: 3.13 eps_avg: 2.15 | P: 1.00 R: 1.00 F1: 1.00
2026-05-14 08:41:53 | DEBUG   | dpfl.core.base_simulator | Update norms — honest: ['2.01', '2.94', '3.65', '2.74', '2.66'], attacker: ['nan', 'nan', 'nan', 'nan', 'nan']
2026-05-14 08:41:53 | WARNING | dpfl.algorithms.noise_game.simulator | Node 253 round 147: NSR=20550.68 exceeds 20000.0
2026-05-14 08:41:53 | WARNING | dpfl.algorithms.noise_game.simulator | Node 291 round 147: NSR=20947.93 exceeds 20000.0
2026-05-14 08:41:53 | WARNING | dpfl.algorithms.noise_game.simulator | Node 354 round 147: NSR=20160.87 exceeds 20000.0
2026-05-14 08:41:53 | WARNING | dpfl.algorithms.noise_game.simulator | Node 395 round 147: NSR=21041.93 exceeds 20000.0
2026-05-14 08:42:03 | INFO    | dpfl.core.base_simulator | Round 148/150 | Acc: 0.8790 | Loss: 0.4212 | eps_max: 3.13 eps_avg: 2.17 | P: 1.00 R: 1.00 F1: 1.00
2026-05-14 08:42:03 | DEBUG   | dpfl.core.base_simulator | Update norms — honest: ['3.74', '2.20', '2.86', '1.62', '3.79'], attacker: ['nan', 'nan', 'nan', 'nan', 'nan']
2026-05-14 08:42:03 | WARNING | dpfl.algorithms.noise_game.simulator | Node 287 round 148: NSR=20321.08 exceeds 20000.0
2026-05-14 08:42:03 | WARNING | dpfl.algorithms.noise_game.simulator | Node 419 round 148: NSR=20321.66 exceeds 20000.0
2026-05-14 08:42:12 | INFO    | dpfl.core.base_simulator | Round 149/150 | Acc: 0.8788 | Loss: 0.4222 | eps_max: 3.13 eps_avg: 2.18 | P: 0.91 R: 1.00 F1: 1.00
2026-05-14 08:42:12 | DEBUG   | dpfl.core.base_simulator | Update norms — honest: ['2.81', '4.99', '3.14', '4.38', '3.15'], attacker: ['nan', 'nan', 'nan', 'nan', 'nan']
2026-05-14 08:42:13 | WARNING | dpfl.algorithms.noise_game.simulator | Node 267 round 149: NSR=21207.49 exceeds 20000.0
2026-05-14 08:42:13 | WARNING | dpfl.algorithms.noise_game.simulator | Node 321 round 149: NSR=22245.38 exceeds 20000.0
2026-05-14 08:42:13 | WARNING | dpfl.algorithms.noise_game.simulator | Node 442 round 149: NSR=22093.85 exceeds 20000.0
2026-05-14 08:42:22 | INFO    | dpfl.core.base_simulator | Round 150/150 | Acc: 0.8787 | Loss: 0.4229 | eps_max: 3.13 eps_avg: 2.19 | P: 1.00 R: 1.00 F1: 1.00
2026-05-14 08:42:22 | DEBUG   | dpfl.core.base_simulator | Update norms — honest: ['4.36', '3.80', '2.65', '2.35', '4.22'], attacker: ['nan', 'nan', 'nan', 'nan', 'nan']
2026-05-14 08:42:24 | INFO    | dpfl | Experiment complete in 2092.0s
============================================================
REPORT: DP-SGD Decentralized Federated Learning
============================================================
Timestamp:                  20260514_080730
Rounds completed:           150
Attack-active rounds:       100  (from round 50)
Final accuracy:             0.8787
Final test loss:            0.4229
Final epsilon (max honest): 3.13
Final epsilon (avg honest): 2.19
Best alpha:                 1000.0
Avg precision:              0.9945
Avg recall:                 0.9870
Avg F1 score:               0.9987
Avg update norm (honest):   2.0757
Avg update norm (attacker): nan

eps_system (max honest): 3.1299
eps_avg (honest):        2.1893
eps_std (honest):        0.2912
n_frozen:                0/300
============================================================
