2026-05-14 12:33:51 | INFO    | dpfl | Experiment start: algorithm=noise_game, dataset=fashion_mnist, model=mlp, device=cuda
2026-05-14 12:33:51 | INFO    | dpfl | Config: nodes=500, attackers=100, rounds=150, noise_mode=none, attack=scale
2026-05-14 12:33:51 | INFO    | dpfl.data.fashion_mnist_dataset | Loading Fashion-MNIST dataset...
2026-05-14 12:33:52 | INFO    | dpfl.data.fashion_mnist_dataset | Fashion-MNIST loaded: 60000 train, 10000 test samples
2026-05-14 12:36:28 | INFO    | dpfl.core.base_simulator | Vectorized state ready: param_spec.D=50890, X_test=(10000, 1, 28, 28), train clients N=500, max_n_samples=1000
2026-05-14 12:36:28 | INFO    | dpfl.core.base_simulator | Setup complete: 500 nodes (100 attackers), param_dim=50890, split=iid
2026-05-14 12:36:28 | DEBUG   | dpfl.core.base_simulator | Attacker IDs: {0, 1, 2, 3, 4, 5, 6, 7, 8, 9, 10, 11, 12, 13, 14, 15, 16, 17, 18, 19, 20, 21, 22, 23, 24, 25, 26, 27, 28, 29, 30, 31, 32, 33, 34, 35, 36, 37, 38, 39, 40, 41, 42, 43, 44, 45, 46, 47, 48, 49, 50, 51, 52, 53, 54, 55, 56, 57, 58, 59, 60, 61, 62, 63, 64, 65, 66, 67, 68, 69, 70, 71, 72, 73, 74, 75, 76, 77, 78, 79, 80, 81, 82, 83, 84, 85, 86, 87, 88, 89, 90, 91, 92, 93, 94, 95, 96, 97, 98, 99}
2026-05-14 12:36:32 | INFO    | dpfl.core.base_simulator | Round   1/150 | Acc: 0.4579 | Loss: 1.9727 | eps_max: 1.91 eps_avg: 0.43 | P: nan R: nan F1: nan
2026-05-14 12:36:32 | DEBUG   | dpfl.core.base_simulator | Update norms — honest: ['0.56', '0.56', '0.56', '0.56', '0.56'], attacker: ['0.56', '0.57', '0.57', '0.56', '0.56']
2026-05-14 12:36:35 | INFO    | dpfl.core.base_simulator | Round   2/150 | Acc: 0.5717 | Loss: 1.7061 | eps_max: 1.95 eps_avg: 0.50 | P: nan R: nan F1: nan
2026-05-14 12:36:35 | DEBUG   | dpfl.core.base_simulator | Update norms — honest: ['0.56', '0.56', '0.56', '0.56', '0.56'], attacker: ['0.95', '0.97', '0.97', '0.96', '0.97']
2026-05-14 12:36:39 | INFO    | dpfl.core.base_simulator | Round   3/150 | Acc: 0.6217 | Loss: 1.4817 | eps_max: 2.06 eps_avg: 0.59 | P: nan R: nan F1: nan
2026-05-14 12:36:39 | DEBUG   | dpfl.core.base_simulator | Update norms — honest: ['0.55', '0.55', '0.55', '0.55', '0.55'], attacker: ['1.53', '1.51', '1.53', '1.55', '1.52']
2026-05-14 12:36:43 | INFO    | dpfl.core.base_simulator | Round   4/150 | Acc: 0.6509 | Loss: 1.3057 | eps_max: 2.22 eps_avg: 0.72 | P: nan R: nan F1: nan
2026-05-14 12:36:43 | DEBUG   | dpfl.core.base_simulator | Update norms — honest: ['0.55', '0.55', '0.55', '0.55', '0.55'], attacker: ['2.02', '2.04', '2.02', '2.04', '2.03']
2026-05-14 12:36:46 | INFO    | dpfl.core.base_simulator | Round   5/150 | Acc: 0.6732 | Loss: 1.1762 | eps_max: 2.41 eps_avg: 0.83 | P: nan R: nan F1: nan
2026-05-14 12:36:46 | DEBUG   | dpfl.core.base_simulator | Update norms — honest: ['0.54', '0.54', '0.54', '0.54', '0.54'], attacker: ['2.47', '2.49', '2.45', '2.43', '2.48']
2026-05-14 12:36:50 | INFO    | dpfl.core.base_simulator | Round   6/150 | Acc: 0.6904 | Loss: 1.0819 | eps_max: 2.46 eps_avg: 0.90 | P: nan R: nan F1: nan
2026-05-14 12:36:50 | DEBUG   | dpfl.core.base_simulator | Update norms — honest: ['0.54', '0.97', '1.03', '0.53', '1.02'], attacker: ['2.86', '2.92', '2.86', '2.87', '2.90']
2026-05-14 12:36:53 | INFO    | dpfl.core.base_simulator | Round   7/150 | Acc: 0.7022 | Loss: 1.0115 | eps_max: 2.51 eps_avg: 0.97 | P: nan R: nan F1: nan
2026-05-14 12:36:53 | DEBUG   | dpfl.core.base_simulator | Update norms — honest: ['1.00', '0.53', '0.95', '0.53', '0.53'], attacker: ['3.26', '3.30', '3.27', '3.22', '3.26']
2026-05-14 12:36:58 | INFO    | dpfl.core.base_simulator | Round   8/150 | Acc: 0.7103 | Loss: 0.9576 | eps_max: 2.57 eps_avg: 1.05 | P: nan R: nan F1: nan
2026-05-14 12:36:58 | DEBUG   | dpfl.core.base_simulator | Update norms — honest: ['0.53', '0.91', '0.82', '0.53', '0.53'], attacker: ['3.68', '3.54', '3.54', '3.64', '3.52']
2026-05-14 12:37:02 | INFO    | dpfl.core.base_simulator | Round   9/150 | Acc: 0.7169 | Loss: 0.9146 | eps_max: 2.62 eps_avg: 1.13 | P: nan R: nan F1: nan
2026-05-14 12:37:02 | DEBUG   | dpfl.core.base_simulator | Update norms — honest: ['0.52', '0.52', '0.93', '1.44', '0.52'], attacker: ['3.93', '3.86', '3.96', '3.99', '4.02']
2026-05-14 12:37:06 | INFO    | dpfl.core.base_simulator | Round  10/150 | Acc: 0.7227 | Loss: 0.8794 | eps_max: 2.68 eps_avg: 1.21 | P: nan R: nan F1: nan
2026-05-14 12:37:06 | DEBUG   | dpfl.core.base_simulator | Update norms — honest: ['0.90', '0.51', '0.72', '0.51', '0.77'], attacker: ['3.74', '4.23', '4.24', '4.33', '4.28']
2026-05-14 12:37:09 | INFO    | dpfl.core.base_simulator | Round  11/150 | Acc: 0.7276 | Loss: 0.8502 | eps_max: 2.74 eps_avg: 1.29 | P: nan R: nan F1: nan
2026-05-14 12:37:09 | DEBUG   | dpfl.core.base_simulator | Update norms — honest: ['0.51', '0.51', '0.93', '0.51', '0.51'], attacker: ['4.37', '4.44', '4.50', '4.65', '4.39']
2026-05-14 12:37:13 | INFO    | dpfl.core.base_simulator | Round  12/150 | Acc: 0.7322 | Loss: 0.8252 | eps_max: 2.79 eps_avg: 1.36 | P: nan R: nan F1: nan
2026-05-14 12:37:13 | DEBUG   | dpfl.core.base_simulator | Update norms — honest: ['0.50', '0.88', '0.93', '0.51', '1.42'], attacker: ['4.10', '4.59', '4.87', '4.97', '4.57']
2026-05-14 12:37:17 | INFO    | dpfl.core.base_simulator | Round  13/150 | Acc: 0.7360 | Loss: 0.8040 | eps_max: 2.86 eps_avg: 1.43 | P: nan R: nan F1: nan
2026-05-14 12:37:17 | DEBUG   | dpfl.core.base_simulator | Update norms — honest: ['1.25', '0.50', '1.88', '1.41', '0.92'], attacker: ['4.79', '4.83', '4.58', '4.91', '5.08']
2026-05-14 12:37:21 | INFO    | dpfl.core.base_simulator | Round  14/150 | Acc: 0.7400 | Loss: 0.7853 | eps_max: 2.96 eps_avg: 1.47 | P: nan R: nan F1: nan
2026-05-14 12:37:21 | DEBUG   | dpfl.core.base_simulator | Update norms — honest: ['0.81', '0.80', '0.49', '0.50', '0.90'], attacker: ['5.14', '5.04', '4.81', '5.40', '5.44']
2026-05-14 12:37:25 | INFO    | dpfl.core.base_simulator | Round  15/150 | Acc: 0.7434 | Loss: 0.7690 | eps_max: 3.06 eps_avg: 1.53 | P: nan R: nan F1: nan
2026-05-14 12:37:25 | DEBUG   | dpfl.core.base_simulator | Update norms — honest: ['0.69', '0.49', '1.62', '0.49', '0.49'], attacker: ['5.49', '5.53', '5.74', '5.71', '5.49']
2026-05-14 12:37:28 | INFO    | dpfl.core.base_simulator | Round  16/150 | Acc: 0.7462 | Loss: 0.7549 | eps_max: 3.15 eps_avg: 1.58 | P: nan R: nan F1: nan
2026-05-14 12:37:28 | DEBUG   | dpfl.core.base_simulator | Update norms — honest: ['0.67', '0.87', '1.84', '1.39', '0.48'], attacker: ['5.52', '5.99', '5.17', '5.75', '5.38']
2026-05-14 12:37:32 | INFO    | dpfl.core.base_simulator | Round  17/150 | Acc: 0.7489 | Loss: 0.7423 | eps_max: 3.28 eps_avg: 1.62 | P: nan R: nan F1: nan
2026-05-14 12:37:32 | DEBUG   | dpfl.core.base_simulator | Update norms — honest: ['0.85', '1.38', '1.68', '0.48', '1.34'], attacker: ['5.81', '6.08', '5.88', '6.10', '4.51']
2026-05-14 12:37:37 | INFO    | dpfl.core.base_simulator | Round  18/150 | Acc: 0.7518 | Loss: 0.7306 | eps_max: 3.43 eps_avg: 1.69 | P: nan R: nan F1: nan
2026-05-14 12:37:37 | DEBUG   | dpfl.core.base_simulator | Update norms — honest: ['1.08', '1.44', '0.48', '0.81', '0.80'], attacker: ['5.87', '6.25', '5.72', '5.87', '5.14']
2026-05-14 12:37:41 | INFO    | dpfl.core.base_simulator | Round  19/150 | Acc: 0.7542 | Loss: 0.7205 | eps_max: 3.52 eps_avg: 1.75 | P: nan R: nan F1: nan
2026-05-14 12:37:41 | DEBUG   | dpfl.core.base_simulator | Update norms — honest: ['0.47', '1.96', '0.47', '0.84', '0.47'], attacker: ['5.73', '5.99', '6.09', '6.55', '6.42']
2026-05-14 12:37:45 | INFO    | dpfl.core.base_simulator | Round  20/150 | Acc: 0.7565 | Loss: 0.7110 | eps_max: 3.57 eps_avg: 1.80 | P: nan R: nan F1: nan
2026-05-14 12:37:45 | DEBUG   | dpfl.core.base_simulator | Update norms — honest: ['1.21', '1.46', '1.61', '1.00', '0.47'], attacker: ['5.20', '6.08', '6.56', '6.40', '6.46']
2026-05-14 12:37:49 | INFO    | dpfl.core.base_simulator | Round  21/150 | Acc: 0.7584 | Loss: 0.7026 | eps_max: 3.61 eps_avg: 1.87 | P: nan R: nan F1: nan
2026-05-14 12:37:49 | DEBUG   | dpfl.core.base_simulator | Update norms — honest: ['0.46', '0.46', '1.94', '0.58', '0.75'], attacker: ['4.47', '6.72', '6.21', '6.32', '6.68']
2026-05-14 12:37:53 | INFO    | dpfl.core.base_simulator | Round  22/150 | Acc: 0.7604 | Loss: 0.6950 | eps_max: 3.66 eps_avg: 1.91 | P: nan R: nan F1: nan
2026-05-14 12:37:53 | DEBUG   | dpfl.core.base_simulator | Update norms — honest: ['1.15', '0.80', '0.58', '1.28', '0.46'], attacker: ['4.76', '6.73', '5.38', '6.21', '6.87']
2026-05-14 12:37:57 | INFO    | dpfl.core.base_simulator | Round  23/150 | Acc: 0.7621 | Loss: 0.6875 | eps_max: 3.70 eps_avg: 1.96 | P: nan R: nan F1: nan
2026-05-14 12:37:57 | DEBUG   | dpfl.core.base_simulator | Update norms — honest: ['0.80', '1.33', '1.86', '0.71', '0.85'], attacker: ['6.31', '6.54', '5.76', '6.50', '6.26']
2026-05-14 12:38:01 | INFO    | dpfl.core.base_simulator | Round  24/150 | Acc: 0.7640 | Loss: 0.6811 | eps_max: 3.74 eps_avg: 2.01 | P: nan R: nan F1: nan
2026-05-14 12:38:01 | DEBUG   | dpfl.core.base_simulator | Update norms — honest: ['1.72', '0.40', '1.34', '1.58', '0.45'], attacker: ['6.68', '7.15', '6.33', '7.24', '6.16']
2026-05-14 12:38:05 | INFO    | dpfl.core.base_simulator | Round  25/150 | Acc: 0.7657 | Loss: 0.6748 | eps_max: 3.76 eps_avg: 2.06 | P: nan R: nan F1: nan
2026-05-14 12:38:05 | DEBUG   | dpfl.core.base_simulator | Update norms — honest: ['2.03', '0.89', '0.44', '0.76', '0.80'], attacker: ['5.86', '7.20', '7.36', '7.01', '6.30']
2026-05-14 12:38:08 | INFO    | dpfl.core.base_simulator | Round  26/150 | Acc: 0.7670 | Loss: 0.6695 | eps_max: 3.82 eps_avg: 2.12 | P: nan R: nan F1: nan
2026-05-14 12:38:08 | DEBUG   | dpfl.core.base_simulator | Update norms — honest: ['0.44', '0.59', '0.70', '1.13', '0.44'], attacker: ['6.78', '6.76', '7.47', '7.36', '6.38']
2026-05-14 12:38:12 | INFO    | dpfl.core.base_simulator | Round  27/150 | Acc: 0.7684 | Loss: 0.6640 | eps_max: 3.87 eps_avg: 2.16 | P: nan R: nan F1: nan
2026-05-14 12:38:12 | DEBUG   | dpfl.core.base_simulator | Update norms — honest: ['1.18', '0.43', '1.52', '0.96', '0.43'], attacker: ['7.39', '6.69', '7.27', '7.27', '6.64']
2026-05-14 12:38:17 | INFO    | dpfl.core.base_simulator | Round  28/150 | Acc: 0.7699 | Loss: 0.6592 | eps_max: 3.91 eps_avg: 2.21 | P: nan R: nan F1: nan
2026-05-14 12:38:17 | DEBUG   | dpfl.core.base_simulator | Update norms — honest: ['0.57', '0.43', '0.43', '1.18', '1.60'], attacker: ['7.55', '6.81', '6.37', '7.52', '5.83']
2026-05-14 12:38:21 | INFO    | dpfl.core.base_simulator | Round  29/150 | Acc: 0.7712 | Loss: 0.6545 | eps_max: 3.98 eps_avg: 2.27 | P: nan R: nan F1: nan
2026-05-14 12:38:21 | DEBUG   | dpfl.core.base_simulator | Update norms — honest: ['1.75', '0.42', '0.94', '1.59', '1.07'], attacker: ['7.35', '7.21', '5.90', '7.28', '5.15']
2026-05-14 12:38:25 | INFO    | dpfl.core.base_simulator | Round  30/150 | Acc: 0.7724 | Loss: 0.6502 | eps_max: 4.03 eps_avg: 2.30 | P: nan R: nan F1: nan
2026-05-14 12:38:25 | DEBUG   | dpfl.core.base_simulator | Update norms — honest: ['0.45', '1.02', '0.68', '1.39', '0.42'], attacker: ['6.65', '7.34', '5.99', '6.75', '6.32']
2026-05-14 12:38:29 | INFO    | dpfl.core.base_simulator | Round  31/150 | Acc: 0.7735 | Loss: 0.6461 | eps_max: 4.08 eps_avg: 2.35 | P: nan R: nan F1: nan
2026-05-14 12:38:29 | DEBUG   | dpfl.core.base_simulator | Update norms — honest: ['0.73', '0.58', '1.97', '0.42', '0.38'], attacker: ['5.55', '7.39', '6.81', '6.75', '5.84']
2026-05-14 12:38:33 | INFO    | dpfl.core.base_simulator | Round  32/150 | Acc: 0.7747 | Loss: 0.6422 | eps_max: 4.13 eps_avg: 2.38 | P: nan R: nan F1: nan
2026-05-14 12:38:33 | DEBUG   | dpfl.core.base_simulator | Update norms — honest: ['0.57', '0.61', '1.24', '0.41', '1.06'], attacker: ['6.56', '7.00', '7.10', '7.14', '5.80']
2026-05-14 12:38:37 | INFO    | dpfl.core.base_simulator | Round  33/150 | Acc: 0.7757 | Loss: 0.6388 | eps_max: 4.19 eps_avg: 2.43 | P: nan R: nan F1: nan
2026-05-14 12:38:37 | DEBUG   | dpfl.core.base_simulator | Update norms — honest: ['0.99', '0.41', '1.80', '0.73', '1.69'], attacker: ['6.15', '7.16', '6.50', '6.63', '7.18']
2026-05-14 12:38:41 | INFO    | dpfl.core.base_simulator | Round  34/150 | Acc: 0.7767 | Loss: 0.6353 | eps_max: 4.21 eps_avg: 2.46 | P: nan R: nan F1: nan
2026-05-14 12:38:41 | DEBUG   | dpfl.core.base_simulator | Update norms — honest: ['1.04', '1.54', '0.40', '0.60', '0.40'], attacker: ['4.65', '6.36', '6.59', '7.11', '5.81']
2026-05-14 12:38:45 | INFO    | dpfl.core.base_simulator | Round  35/150 | Acc: 0.7776 | Loss: 0.6321 | eps_max: 4.27 eps_avg: 2.50 | P: nan R: nan F1: nan
2026-05-14 12:38:45 | DEBUG   | dpfl.core.base_simulator | Update norms — honest: ['0.79', '0.95', '0.40', '0.67', '1.52'], attacker: ['5.22', '7.20', '6.34', '7.36', '5.43']
2026-05-14 12:38:49 | INFO    | dpfl.core.base_simulator | Round  36/150 | Acc: 0.7785 | Loss: 0.6291 | eps_max: 4.36 eps_avg: 2.53 | P: nan R: nan F1: nan
2026-05-14 12:38:49 | DEBUG   | dpfl.core.base_simulator | Update norms — honest: ['0.41', '0.53', '1.15', '1.10', '0.40'], attacker: ['6.09', '6.21', '6.38', '5.67', '5.37']
2026-05-14 12:38:53 | INFO    | dpfl.core.base_simulator | Round  37/150 | Acc: 0.7792 | Loss: 0.6265 | eps_max: 4.43 eps_avg: 2.59 | P: nan R: nan F1: nan
2026-05-14 12:38:53 | DEBUG   | dpfl.core.base_simulator | Update norms — honest: ['0.39', '0.32', '1.15', '0.59', '0.88'], attacker: ['5.69', '6.38', '6.31', '5.72', '6.28']
2026-05-14 12:38:58 | INFO    | dpfl.core.base_simulator | Round  38/150 | Acc: 0.7801 | Loss: 0.6240 | eps_max: 4.52 eps_avg: 2.63 | P: nan R: nan F1: nan
2026-05-14 12:38:58 | DEBUG   | dpfl.core.base_simulator | Update norms — honest: ['1.35', '0.42', '1.36', '1.33', '0.63'], attacker: ['5.37', '6.81', '6.56', '6.01', '7.25']
2026-05-14 12:39:02 | INFO    | dpfl.core.base_simulator | Round  39/150 | Acc: 0.7808 | Loss: 0.6214 | eps_max: 4.60 eps_avg: 2.65 | P: nan R: nan F1: nan
2026-05-14 12:39:02 | DEBUG   | dpfl.core.base_simulator | Update norms — honest: ['0.20', '1.22', '2.27', '0.66', '0.56'], attacker: ['6.15', '6.04', '6.09', '7.49', '6.27']
2026-05-14 12:39:07 | INFO    | dpfl.core.base_simulator | Round  40/150 | Acc: 0.7815 | Loss: 0.6189 | eps_max: 4.68 eps_avg: 2.69 | P: nan R: nan F1: nan
2026-05-14 12:39:07 | DEBUG   | dpfl.core.base_simulator | Update norms — honest: ['0.94', '1.03', '0.38', '1.37', '0.92'], attacker: ['6.70', '6.61', '6.68', '6.76', '6.71']
2026-05-14 12:39:12 | INFO    | dpfl.core.base_simulator | Round  41/150 | Acc: 0.7821 | Loss: 0.6169 | eps_max: 4.80 eps_avg: 2.73 | P: nan R: nan F1: nan
2026-05-14 12:39:12 | DEBUG   | dpfl.core.base_simulator | Update norms — honest: ['2.08', '1.07', '0.77', '0.82', '2.31'], attacker: ['5.08', '5.74', '7.13', '6.28', '5.90']
2026-05-14 12:39:16 | INFO    | dpfl.core.base_simulator | Round  42/150 | Acc: 0.7831 | Loss: 0.6144 | eps_max: 4.84 eps_avg: 2.77 | P: nan R: nan F1: nan
2026-05-14 12:39:16 | DEBUG   | dpfl.core.base_simulator | Update norms — honest: ['0.98', '1.77', '0.67', '0.71', '0.34'], attacker: ['4.34', '6.07', '6.99', '6.91', '5.25']
2026-05-14 12:39:20 | INFO    | dpfl.core.base_simulator | Round  43/150 | Acc: 0.7833 | Loss: 0.6128 | eps_max: 4.89 eps_avg: 2.80 | P: nan R: nan F1: nan
2026-05-14 12:39:20 | DEBUG   | dpfl.core.base_simulator | Update norms — honest: ['1.06', '0.89', '0.46', '1.55', '1.11'], attacker: ['3.05', '7.21', '5.37', '7.03', '4.47']
2026-05-14 12:39:24 | INFO    | dpfl.core.base_simulator | Round  44/150 | Acc: 0.7842 | Loss: 0.6106 | eps_max: 4.93 eps_avg: 2.85 | P: nan R: nan F1: nan
2026-05-14 12:39:24 | DEBUG   | dpfl.core.base_simulator | Update norms — honest: ['0.92', '2.78', '1.42', '0.66', '1.22'], attacker: ['1.68', '6.52', '5.25', '7.72', '4.60']
2026-05-14 12:39:28 | INFO    | dpfl.core.base_simulator | Round  45/150 | Acc: 0.7848 | Loss: 0.6087 | eps_max: 4.97 eps_avg: 2.90 | P: nan R: nan F1: nan
2026-05-14 12:39:28 | DEBUG   | dpfl.core.base_simulator | Update norms — honest: ['1.66', '0.36', '1.11', '1.87', '0.35'], attacker: ['4.56', '6.92', '5.62', '6.91', '5.66']
2026-05-14 12:39:33 | INFO    | dpfl.core.base_simulator | Round  46/150 | Acc: 0.7852 | Loss: 0.6071 | eps_max: 5.03 eps_avg: 2.92 | P: nan R: nan F1: nan
2026-05-14 12:39:33 | DEBUG   | dpfl.core.base_simulator | Update norms — honest: ['0.97', '1.33', '1.19', '1.82', '1.69'], attacker: ['3.77', '6.11', '5.84', '6.79', '5.65']
2026-05-14 12:39:37 | INFO    | dpfl.core.base_simulator | Round  47/150 | Acc: 0.7859 | Loss: 0.6053 | eps_max: 5.11 eps_avg: 2.95 | P: nan R: nan F1: nan
2026-05-14 12:39:37 | DEBUG   | dpfl.core.base_simulator | Update norms — honest: ['1.28', '0.92', '1.33', '1.11', '0.98'], attacker: ['5.47', '7.01', '6.41', '6.54', '6.37']
2026-05-14 12:39:41 | INFO    | dpfl.core.base_simulator | Round  48/150 | Acc: 0.7863 | Loss: 0.6038 | eps_max: 5.26 eps_avg: 3.00 | P: nan R: nan F1: nan
2026-05-14 12:39:41 | DEBUG   | dpfl.core.base_simulator | Update norms — honest: ['0.29', '2.67', '2.63', '0.35', '0.93'], attacker: ['4.48', '7.00', '6.61', '5.81', '5.76']
2026-05-14 12:39:45 | INFO    | dpfl.core.base_simulator | Round  49/150 | Acc: 0.7869 | Loss: 0.6023 | eps_max: 5.39 eps_avg: 3.02 | P: nan R: nan F1: nan
2026-05-14 12:39:45 | DEBUG   | dpfl.core.base_simulator | Update norms — honest: ['1.71', '1.86', '0.41', '1.49', '0.51'], attacker: ['4.01', '5.22', '6.28', '6.20', '5.03']
2026-05-14 12:39:48 | INFO    | dpfl.core.base_simulator | Round  50/150 | Acc: 0.7874 | Loss: 0.6009 | eps_max: 5.46 eps_avg: 3.03 | P: nan R: nan F1: nan
2026-05-14 12:39:48 | DEBUG   | dpfl.core.base_simulator | Update norms — honest: ['0.87', '0.51', '0.89', '1.10', '1.30'], attacker: ['4.54', '5.36', '5.33', '5.50', '6.06']
2026-05-14 12:39:50 | INFO    | dpfl.core.base_simulator | Round  51/150 | Acc: 0.7876 | Loss: 0.6002 | eps_max: 5.10 eps_avg: 2.71 | P: nan R: 0.00 F1: nan
2026-05-14 12:39:50 | DEBUG   | dpfl.core.base_simulator | Update norms — honest: ['0.19', '0.50', '0.90', '1.18', '0.34'], attacker: ['2.00', '2.66', '2.52', '2.55', '2.34']
2026-05-14 12:39:51 | INFO    | dpfl.core.base_simulator | Round  52/150 | Acc: 0.7843 | Loss: 0.6132 | eps_max: 5.19 eps_avg: 2.74 | P: 1.00 R: 0.29 F1: 0.44
2026-05-14 12:39:51 | DEBUG   | dpfl.core.base_simulator | Update norms — honest: ['0.66', '3.18', '0.87', '0.54', '0.87'], attacker: ['6.14', '7.94', '8.39', '7.55', '8.97']
2026-05-14 12:39:52 | INFO    | dpfl.core.base_simulator | Round  53/150 | Acc: 0.7883 | Loss: 0.5983 | eps_max: 5.19 eps_avg: 2.78 | P: 1.00 R: 1.00 F1: 1.00
2026-05-14 12:39:52 | DEBUG   | dpfl.core.base_simulator | Update norms — honest: ['0.34', '1.28', '1.80', '0.34', '1.03'], attacker: ['30.64', '25.07', '33.36', '30.31', '43.59']
2026-05-14 12:39:53 | INFO    | dpfl.core.base_simulator | Round  54/150 | Acc: 0.7888 | Loss: 0.5966 | eps_max: 5.19 eps_avg: 2.81 | P: 1.00 R: 1.00 F1: 1.00
2026-05-14 12:39:53 | DEBUG   | dpfl.core.base_simulator | Update norms — honest: ['1.55', '1.54', '0.45', '0.34', '0.21'], attacker: ['132.32', '86.01', '134.88', '118.15', '198.64']
2026-05-14 12:39:55 | INFO    | dpfl.core.base_simulator | Round  55/150 | Acc: 0.7894 | Loss: 0.5954 | eps_max: 5.19 eps_avg: 2.83 | P: 1.00 R: 1.00 F1: 1.00
2026-05-14 12:39:55 | DEBUG   | dpfl.core.base_simulator | Update norms — honest: ['0.73', '3.09', '0.28', '0.62', '1.08'], attacker: ['591.08', '404.96', '635.49', '522.45', '877.11']
2026-05-14 12:39:56 | INFO    | dpfl.core.base_simulator | Round  56/150 | Acc: 0.7893 | Loss: 0.5948 | eps_max: 5.19 eps_avg: 2.84 | P: 1.00 R: 1.00 F1: 1.00
2026-05-14 12:39:56 | DEBUG   | dpfl.core.base_simulator | Update norms — honest: ['1.99', '0.74', '0.36', '1.50', '0.60'], attacker: ['3059.42', '2010.28', '3070.12', '2601.63', '4536.00']
2026-05-14 12:39:57 | INFO    | dpfl.core.base_simulator | Round  57/150 | Acc: 0.7902 | Loss: 0.5928 | eps_max: 5.23 eps_avg: 2.87 | P: 1.00 R: 1.00 F1: 1.00
2026-05-14 12:39:57 | DEBUG   | dpfl.core.base_simulator | Update norms — honest: ['0.24', '0.53', '1.12', '1.30', '0.31'], attacker: ['13967.64', '11319.87', '14581.46', '12136.50', '20007.24']
2026-05-14 12:39:58 | INFO    | dpfl.core.base_simulator | Round  58/150 | Acc: 0.7902 | Loss: 0.5924 | eps_max: 5.26 eps_avg: 2.96 | P: 1.00 R: 1.00 F1: 1.00
2026-05-14 12:39:58 | DEBUG   | dpfl.core.base_simulator | Update norms — honest: ['1.20', '0.42', '0.52', '1.44', '0.75'], attacker: ['80013.59', '62391.65', '77811.07', '81632.58', '117244.62']
2026-05-14 12:40:00 | INFO    | dpfl.core.base_simulator | Round  59/150 | Acc: 0.7906 | Loss: 0.5913 | eps_max: 5.26 eps_avg: 3.02 | P: 1.00 R: 1.00 F1: 1.00
2026-05-14 12:40:00 | DEBUG   | dpfl.core.base_simulator | Update norms — honest: ['1.49', '0.78', '0.34', '0.68', '1.82'], attacker: ['459915.62', '393021.19', '421058.16', '501741.28', '544476.56']
2026-05-14 12:40:01 | INFO    | dpfl.core.base_simulator | Round  60/150 | Acc: 0.7909 | Loss: 0.5905 | eps_max: 5.26 eps_avg: 3.05 | P: 1.00 R: 1.00 F1: 1.00
2026-05-14 12:40:01 | DEBUG   | dpfl.core.base_simulator | Update norms — honest: ['1.34', '0.99', '0.92', '0.53', '0.32'], attacker: ['2774470.25', '2601602.75', '2260373.25', '3126836.25', '3516467.00']
2026-05-14 12:40:02 | INFO    | dpfl.core.base_simulator | Round  61/150 | Acc: 0.7912 | Loss: 0.5900 | eps_max: 5.26 eps_avg: 3.08 | P: 1.00 R: 1.00 F1: 1.00
2026-05-14 12:40:02 | DEBUG   | dpfl.core.base_simulator | Update norms — honest: ['0.71', '0.38', '0.49', '1.45', '1.61'], attacker: ['16405651.00', '17396726.00', '14660944.00', '18011486.00', '18849604.00']
2026-05-14 12:40:04 | INFO    | dpfl.core.base_simulator | Round  62/150 | Acc: 0.7912 | Loss: 0.5895 | eps_max: 5.32 eps_avg: 3.13 | P: 1.00 R: 1.00 F1: 1.00
2026-05-14 12:40:04 | DEBUG   | dpfl.core.base_simulator | Update norms — honest: ['0.79', '0.34', '2.06', '1.93', '1.01'], attacker: ['105367920.00', '109000224.00', '96299888.00', '115479312.00', '120968776.00']
2026-05-14 12:40:05 | INFO    | dpfl.core.base_simulator | Round  63/150 | Acc: 0.7918 | Loss: 0.5883 | eps_max: 5.32 eps_avg: 3.18 | P: 1.00 R: 1.00 F1: 1.00
2026-05-14 12:40:05 | DEBUG   | dpfl.core.base_simulator | Update norms — honest: ['1.81', '0.34', '1.43', '0.94', '0.29'], attacker: ['670712448.00', '678632128.00', '600322688.00', '683537024.00', '710831040.00']
2026-05-14 12:40:07 | INFO    | dpfl.core.base_simulator | Round  64/150 | Acc: 0.7921 | Loss: 0.5877 | eps_max: 5.32 eps_avg: 3.22 | P: 1.00 R: 1.00 F1: 1.00
2026-05-14 12:40:07 | DEBUG   | dpfl.core.base_simulator | Update norms — honest: ['0.57', '0.65', '1.73', '0.29', '0.85'], attacker: ['4211013376.00', '4245273088.00', '4171723264.00', '4434128384.00', '4556459520.00']
2026-05-14 12:40:08 | INFO    | dpfl.core.base_simulator | Round  65/150 | Acc: 0.7923 | Loss: 0.5871 | eps_max: 5.32 eps_avg: 3.28 | P: 1.00 R: 1.00 F1: 1.00
2026-05-14 12:40:08 | DEBUG   | dpfl.core.base_simulator | Update norms — honest: ['1.55', '1.13', '2.66', '1.62', '0.88'], attacker: ['25420955648.00', '24815112192.00', '23868975104.00', '25658210304.00', '25705474048.00']
2026-05-14 12:40:10 | INFO    | dpfl.core.base_simulator | Round  66/150 | Acc: 0.7927 | Loss: 0.5863 | eps_max: 5.33 eps_avg: 3.32 | P: 1.00 R: 1.00 F1: 1.00
2026-05-14 12:40:10 | DEBUG   | dpfl.core.base_simulator | Update norms — honest: ['0.44', '0.90', '1.92', '0.49', '0.46'], attacker: ['162027192320.00', '167580434432.00', '163613605888.00', '169801039872.00', '166682443776.00']
2026-05-14 12:40:11 | INFO    | dpfl.core.base_simulator | Round  67/150 | Acc: 0.7930 | Loss: 0.5857 | eps_max: 5.33 eps_avg: 3.34 | P: 1.00 R: 1.00 F1: 1.00
2026-05-14 12:40:11 | DEBUG   | dpfl.core.base_simulator | Update norms — honest: ['1.12', '1.67', '1.10', '1.41', '0.43'], attacker: ['1062038208512.00', '1077545140224.00', '954247544832.00', '1075212910592.00', '1085199941632.00']
2026-05-14 12:40:12 | INFO    | dpfl.core.base_simulator | Round  68/150 | Acc: 0.7929 | Loss: 0.5857 | eps_max: 5.47 eps_avg: 3.41 | P: 1.00 R: 1.00 F1: 1.00
2026-05-14 12:40:12 | DEBUG   | dpfl.core.base_simulator | Update norms — honest: ['0.34', '0.67', '0.69', '0.19', '0.52'], attacker: ['6861845692416.00', '6858543726592.00', '6495616368640.00', '6527097765888.00', '6841396363264.00']
2026-05-14 12:40:14 | INFO    | dpfl.core.base_simulator | Round  69/150 | Acc: 0.7933 | Loss: 0.5850 | eps_max: 5.47 eps_avg: 3.47 | P: 1.00 R: 1.00 F1: 1.00
2026-05-14 12:40:14 | DEBUG   | dpfl.core.base_simulator | Update norms — honest: ['0.34', '0.81', '0.52', '1.18', '1.37'], attacker: ['38420076298240.00', '38575240380416.00', '37149852303360.00', '37236573732864.00', '41971510935552.00']
2026-05-14 12:40:15 | INFO    | dpfl.core.base_simulator | Round  70/150 | Acc: 0.7935 | Loss: 0.5845 | eps_max: 5.47 eps_avg: 3.51 | P: 1.00 R: 1.00 F1: 1.00
2026-05-14 12:40:15 | DEBUG   | dpfl.core.base_simulator | Update norms — honest: ['0.36', '0.79', '0.55', '1.55', '1.00'], attacker: ['257629083402240.00', '255204675026944.00', '256301904953344.00', '254901309407232.00', '263445375090688.00']
2026-05-14 12:40:16 | INFO    | dpfl.core.base_simulator | Round  71/150 | Acc: 0.7937 | Loss: 0.5839 | eps_max: 5.47 eps_avg: 3.55 | P: 1.00 R: 1.00 F1: 1.00
2026-05-14 12:40:16 | DEBUG   | dpfl.core.base_simulator | Update norms — honest: ['1.34', '1.03', '1.89', '0.46', '1.24'], attacker: ['1613533045325824.00', '1458596395089920.00', '1544112146743296.00', '1428824621318144.00', '1602750932582400.00']
2026-05-14 12:40:17 | INFO    | dpfl.core.base_simulator | Round  72/150 | Acc: 0.7939 | Loss: 0.5838 | eps_max: 5.47 eps_avg: 3.57 | P: 1.00 R: 1.00 F1: 1.00
2026-05-14 12:40:17 | DEBUG   | dpfl.core.base_simulator | Update norms — honest: ['1.07', '1.07', '0.69', '0.93', '0.41'], attacker: ['9842941908484096.00', '9976324265345024.00', '10519845934202880.00', '10315586953281536.00', '10185321668935680.00']
2026-05-14 12:40:19 | INFO    | dpfl.core.base_simulator | Round  73/150 | Acc: 0.7941 | Loss: 0.5833 | eps_max: 5.47 eps_avg: 3.61 | P: 1.00 R: 1.00 F1: 1.00
2026-05-14 12:40:19 | DEBUG   | dpfl.core.base_simulator | Update norms — honest: ['0.83', '1.05', '0.49', '0.73', '1.21'], attacker: ['63216360909438976.00', '59048739393765376.00', '65203646572265472.00', '55574338484568064.00', '63942438015729664.00']
2026-05-14 12:40:20 | INFO    | dpfl.core.base_simulator | Round  74/150 | Acc: 0.7943 | Loss: 0.5832 | eps_max: 5.47 eps_avg: 3.66 | P: 1.00 R: 1.00 F1: 1.00
2026-05-14 12:40:20 | DEBUG   | dpfl.core.base_simulator | Update norms — honest: ['1.71', '1.31', '0.50', '1.53', '0.71'], attacker: ['404643265686536192.00', '405343242276569088.00', '406435091682689024.00', '401867548582215680.00', '417945878913875968.00']
2026-05-14 12:40:22 | INFO    | dpfl.core.base_simulator | Round  75/150 | Acc: 0.7943 | Loss: 0.5829 | eps_max: 5.47 eps_avg: 3.70 | P: 1.00 R: 1.00 F1: 1.00
2026-05-14 12:40:22 | DEBUG   | dpfl.core.base_simulator | Update norms — honest: ['0.14', '0.75', '1.42', '0.77', '0.72'], attacker: ['2397652779888803840.00', '2305213538806792192.00', '2339170855919026176.00', '2285255753495216128.00', '2371660325008179200.00']
2026-05-14 12:40:23 | INFO    | dpfl.core.base_simulator | Round  76/150 | Acc: 0.7943 | Loss: 0.5829 | eps_max: 5.47 eps_avg: 3.75 | P: 1.00 R: 1.00 F1: 1.00
2026-05-14 12:40:23 | DEBUG   | dpfl.core.base_simulator | Update norms — honest: ['1.43', '2.12', '1.72', '0.28', '1.73'], attacker: ['16347062793238740992.00', '16067367925853454336.00', '16195436841233547264.00', '16487575981222002688.00', '16025654653718888448.00']
2026-05-14 12:40:24 | INFO    | dpfl.core.base_simulator | Round  77/150 | Acc: 0.7948 | Loss: 0.5821 | eps_max: 5.47 eps_avg: 3.79 | P: 1.00 R: 1.00 F1: 1.00
2026-05-14 12:40:24 | DEBUG   | dpfl.core.base_simulator | Update norms — honest: ['0.34', '1.37', '0.61', '1.97', '0.18'], attacker: ['nan', 'nan', 'nan', 'nan', 'nan']
2026-05-14 12:40:25 | INFO    | dpfl.core.base_simulator | Round  78/150 | Acc: 0.7949 | Loss: 0.5822 | eps_max: 5.51 eps_avg: 3.85 | P: 1.00 R: 1.00 F1: 1.00
2026-05-14 12:40:25 | DEBUG   | dpfl.core.base_simulator | Update norms — honest: ['1.50', '1.09', '1.29', '1.01', '1.96'], attacker: ['nan', 'nan', 'nan', 'nan', 'nan']
2026-05-14 12:40:26 | INFO    | dpfl.core.base_simulator | Round  79/150 | Acc: 0.7951 | Loss: 0.5817 | eps_max: 5.51 eps_avg: 3.87 | P: 1.00 R: 1.00 F1: 1.00
2026-05-14 12:40:26 | DEBUG   | dpfl.core.base_simulator | Update norms — honest: ['1.09', '2.65', '1.67', '0.69', '0.59'], attacker: ['nan', 'nan', 'nan', 'nan', 'nan']
2026-05-14 12:40:28 | INFO    | dpfl.core.base_simulator | Round  80/150 | Acc: 0.7953 | Loss: 0.5818 | eps_max: 5.80 eps_avg: 3.92 | P: 1.00 R: 1.00 F1: 1.00
2026-05-14 12:40:28 | DEBUG   | dpfl.core.base_simulator | Update norms — honest: ['0.34', '0.59', '0.56', '1.40', '0.76'], attacker: ['nan', 'nan', 'nan', 'nan', 'nan']
2026-05-14 12:40:29 | INFO    | dpfl.core.base_simulator | Round  81/150 | Acc: 0.7952 | Loss: 0.5820 | eps_max: 5.80 eps_avg: 3.98 | P: 1.00 R: 1.00 F1: 1.00
2026-05-14 12:40:29 | DEBUG   | dpfl.core.base_simulator | Update norms — honest: ['1.24', '1.42', '1.19', '2.51', '0.09'], attacker: ['nan', 'nan', 'nan', 'nan', 'nan']
2026-05-14 12:40:30 | INFO    | dpfl.core.base_simulator | Round  82/150 | Acc: 0.7955 | Loss: 0.5816 | eps_max: 5.80 eps_avg: 4.01 | P: 1.00 R: 1.00 F1: 1.00
2026-05-14 12:40:30 | DEBUG   | dpfl.core.base_simulator | Update norms — honest: ['2.87', '0.21', '0.84', '1.98', '1.21'], attacker: ['nan', 'nan', 'nan', 'nan', 'nan']
2026-05-14 12:40:31 | INFO    | dpfl.core.base_simulator | Round  83/150 | Acc: 0.7956 | Loss: 0.5814 | eps_max: 5.80 eps_avg: 4.04 | P: 1.00 R: 1.00 F1: 1.00
2026-05-14 12:40:31 | DEBUG   | dpfl.core.base_simulator | Update norms — honest: ['0.62', '1.29', '0.36', '2.29', '0.21'], attacker: ['nan', 'nan', 'nan', 'nan', 'nan']
2026-05-14 12:40:32 | INFO    | dpfl.core.base_simulator | Round  84/150 | Acc: 0.7956 | Loss: 0.5819 | eps_max: 5.89 eps_avg: 4.08 | P: 1.00 R: 1.00 F1: 1.00
2026-05-14 12:40:32 | DEBUG   | dpfl.core.base_simulator | Update norms — honest: ['0.93', '1.42', '0.00', '1.58', '2.10'], attacker: ['nan', 'nan', 'nan', 'nan', 'nan']
2026-05-14 12:40:34 | INFO    | dpfl.core.base_simulator | Round  85/150 | Acc: 0.7957 | Loss: 0.5814 | eps_max: 5.89 eps_avg: 4.14 | P: 1.00 R: 1.00 F1: 1.00
2026-05-14 12:40:34 | DEBUG   | dpfl.core.base_simulator | Update norms — honest: ['0.54', '1.06', '2.85', '0.64', '2.57'], attacker: ['nan', 'nan', 'nan', 'nan', 'nan']
2026-05-14 12:40:35 | INFO    | dpfl.core.base_simulator | Round  86/150 | Acc: 0.7960 | Loss: 0.5813 | eps_max: 5.89 eps_avg: 4.18 | P: 1.00 R: 1.00 F1: 1.00
2026-05-14 12:40:35 | DEBUG   | dpfl.core.base_simulator | Update norms — honest: ['2.10', '1.02', '1.11', '1.17', '1.69'], attacker: ['nan', 'nan', 'nan', 'nan', 'nan']
2026-05-14 12:40:36 | INFO    | dpfl.core.base_simulator | Round  87/150 | Acc: 0.7959 | Loss: 0.5813 | eps_max: 5.89 eps_avg: 4.22 | P: 1.00 R: 1.00 F1: 1.00
2026-05-14 12:40:36 | DEBUG   | dpfl.core.base_simulator | Update norms — honest: ['0.25', '1.14', '0.06', '2.48', '1.54'], attacker: ['nan', 'nan', 'nan', 'nan', 'nan']
2026-05-14 12:40:37 | INFO    | dpfl.core.base_simulator | Round  88/150 | Acc: 0.7963 | Loss: 0.5814 | eps_max: 5.96 eps_avg: 4.25 | P: 1.00 R: 1.00 F1: 1.00
2026-05-14 12:40:37 | DEBUG   | dpfl.core.base_simulator | Update norms — honest: ['0.12', '1.15', '1.32', '0.11', '0.21'], attacker: ['nan', 'nan', 'nan', 'nan', 'nan']
2026-05-14 12:40:39 | INFO    | dpfl.core.base_simulator | Round  89/150 | Acc: 0.7962 | Loss: 0.5813 | eps_max: 6.13 eps_avg: 4.28 | P: 1.00 R: 1.00 F1: 1.00
2026-05-14 12:40:39 | DEBUG   | dpfl.core.base_simulator | Update norms — honest: ['2.94', '0.62', '0.77', '1.04', '0.66'], attacker: ['nan', 'nan', 'nan', 'nan', 'nan']
2026-05-14 12:40:40 | INFO    | dpfl.core.base_simulator | Round  90/150 | Acc: 0.7963 | Loss: 0.5814 | eps_max: 6.13 eps_avg: 4.32 | P: 1.00 R: 1.00 F1: 1.00
2026-05-14 12:40:40 | DEBUG   | dpfl.core.base_simulator | Update norms — honest: ['0.60', '2.09', '0.76', '1.01', '1.61'], attacker: ['nan', 'nan', 'nan', 'nan', 'nan']
2026-05-14 12:40:41 | INFO    | dpfl.core.base_simulator | Round  91/150 | Acc: 0.7963 | Loss: 0.5816 | eps_max: 6.30 eps_avg: 4.41 | P: 1.00 R: 1.00 F1: 1.00
2026-05-14 12:40:41 | DEBUG   | dpfl.core.base_simulator | Update norms — honest: ['0.92', '2.09', '0.82', '1.79', '1.67'], attacker: ['nan', 'nan', 'nan', 'nan', 'nan']
2026-05-14 12:40:42 | INFO    | dpfl.core.base_simulator | Round  92/150 | Acc: 0.7965 | Loss: 0.5814 | eps_max: 6.30 eps_avg: 4.45 | P: 1.00 R: 1.00 F1: 1.00
2026-05-14 12:40:42 | DEBUG   | dpfl.core.base_simulator | Update norms — honest: ['1.23', '1.58', '0.94', '0.89', '0.00'], attacker: ['nan', 'nan', 'nan', 'nan', 'nan']
2026-05-14 12:40:44 | INFO    | dpfl.core.base_simulator | Round  93/150 | Acc: 0.7965 | Loss: 0.5816 | eps_max: 6.30 eps_avg: 4.49 | P: 1.00 R: 1.00 F1: 1.00
2026-05-14 12:40:44 | DEBUG   | dpfl.core.base_simulator | Update norms — honest: ['1.29', '2.03', '0.08', '2.57', '0.55'], attacker: ['nan', 'nan', 'nan', 'nan', 'nan']
2026-05-14 12:40:45 | INFO    | dpfl.core.base_simulator | Round  94/150 | Acc: 0.7967 | Loss: 0.5817 | eps_max: 6.72 eps_avg: 4.52 | P: 1.00 R: 1.00 F1: 1.00
2026-05-14 12:40:45 | DEBUG   | dpfl.core.base_simulator | Update norms — honest: ['1.12', '2.43', '0.98', '0.57', '0.87'], attacker: ['nan', 'nan', 'nan', 'nan', 'nan']
2026-05-14 12:40:46 | INFO    | dpfl.core.base_simulator | Round  95/150 | Acc: 0.7967 | Loss: 0.5820 | eps_max: 6.72 eps_avg: 4.57 | P: 1.00 R: 1.00 F1: 1.00
2026-05-14 12:40:46 | DEBUG   | dpfl.core.base_simulator | Update norms — honest: ['2.11', '0.80', '1.58', '0.34', '0.79'], attacker: ['nan', 'nan', 'nan', 'nan', 'nan']
2026-05-14 12:40:48 | INFO    | dpfl.core.base_simulator | Round  96/150 | Acc: 0.7966 | Loss: 0.5824 | eps_max: 6.72 eps_avg: 4.63 | P: 1.00 R: 1.00 F1: 1.00
2026-05-14 12:40:48 | DEBUG   | dpfl.core.base_simulator | Update norms — honest: ['0.35', '1.68', '1.11', '1.46', '1.09'], attacker: ['nan', 'nan', 'nan', 'nan', 'nan']
2026-05-14 12:40:49 | INFO    | dpfl.core.base_simulator | Round  97/150 | Acc: 0.7967 | Loss: 0.5826 | eps_max: 6.81 eps_avg: 4.67 | P: 1.00 R: 1.00 F1: 1.00
2026-05-14 12:40:49 | DEBUG   | dpfl.core.base_simulator | Update norms — honest: ['0.67', '0.97', '1.81', '0.89', '0.73'], attacker: ['nan', 'nan', 'nan', 'nan', 'nan']
2026-05-14 12:40:50 | INFO    | dpfl.core.base_simulator | Round  98/150 | Acc: 0.7969 | Loss: 0.5821 | eps_max: 6.81 eps_avg: 4.72 | P: 1.00 R: 1.00 F1: 1.00
2026-05-14 12:40:50 | DEBUG   | dpfl.core.base_simulator | Update norms — honest: ['1.05', '1.64', '0.84', '1.43', '2.14'], attacker: ['nan', 'nan', 'nan', 'nan', 'nan']
2026-05-14 12:40:51 | INFO    | dpfl.core.base_simulator | Round  99/150 | Acc: 0.7970 | Loss: 0.5825 | eps_max: 6.81 eps_avg: 4.75 | P: 1.00 R: 1.00 F1: 1.00
2026-05-14 12:40:51 | DEBUG   | dpfl.core.base_simulator | Update norms — honest: ['0.00', '0.67', '1.10', '0.93', '1.68'], attacker: ['nan', 'nan', 'nan', 'nan', 'nan']
2026-05-14 12:40:53 | INFO    | dpfl.core.base_simulator | Round 100/150 | Acc: 0.7970 | Loss: 0.5830 | eps_max: 6.81 eps_avg: 4.78 | P: 1.00 R: 1.00 F1: 1.00
2026-05-14 12:40:53 | DEBUG   | dpfl.core.base_simulator | Update norms — honest: ['0.74', '1.46', '2.69', '1.99', '1.43'], attacker: ['nan', 'nan', 'nan', 'nan', 'nan']
2026-05-14 12:40:54 | INFO    | dpfl.core.base_simulator | Round 101/150 | Acc: 0.7972 | Loss: 0.5827 | eps_max: 6.81 eps_avg: 4.82 | P: 1.00 R: 1.00 F1: 1.00
2026-05-14 12:40:54 | DEBUG   | dpfl.core.base_simulator | Update norms — honest: ['1.78', '0.42', '1.25', '0.80', '1.29'], attacker: ['nan', 'nan', 'nan', 'nan', 'nan']
2026-05-14 12:40:55 | INFO    | dpfl.core.base_simulator | Round 102/150 | Acc: 0.7972 | Loss: 0.5834 | eps_max: 6.81 eps_avg: 4.87 | P: 1.00 R: 1.00 F1: 1.00
2026-05-14 12:40:55 | DEBUG   | dpfl.core.base_simulator | Update norms — honest: ['1.07', '0.28', '1.88', '0.74', '1.78'], attacker: ['nan', 'nan', 'nan', 'nan', 'nan']
2026-05-14 12:40:57 | INFO    | dpfl.core.base_simulator | Round 103/150 | Acc: 0.7972 | Loss: 0.5835 | eps_max: 6.81 eps_avg: 4.92 | P: 1.00 R: 1.00 F1: 1.00
2026-05-14 12:40:57 | DEBUG   | dpfl.core.base_simulator | Update norms — honest: ['1.25', '2.27', '0.70', '0.45', '2.52'], attacker: ['nan', 'nan', 'nan', 'nan', 'nan']
2026-05-14 12:40:58 | INFO    | dpfl.core.base_simulator | Round 104/150 | Acc: 0.7972 | Loss: 0.5839 | eps_max: 6.81 eps_avg: 4.98 | P: 1.00 R: 1.00 F1: 1.00
2026-05-14 12:40:58 | DEBUG   | dpfl.core.base_simulator | Update norms — honest: ['1.36', '0.34', '0.48', '1.33', '1.14'], attacker: ['nan', 'nan', 'nan', 'nan', 'nan']
2026-05-14 12:41:00 | INFO    | dpfl.core.base_simulator | Round 105/150 | Acc: 0.7971 | Loss: 0.5843 | eps_max: 6.81 eps_avg: 5.02 | P: 1.00 R: 1.00 F1: 1.00
2026-05-14 12:41:00 | DEBUG   | dpfl.core.base_simulator | Update norms — honest: ['0.33', '0.00', '1.73', '1.87', '0.18'], attacker: ['nan', 'nan', 'nan', 'nan', 'nan']
2026-05-14 12:41:01 | INFO    | dpfl.core.base_simulator | Round 106/150 | Acc: 0.7971 | Loss: 0.5844 | eps_max: 6.81 eps_avg: 5.06 | P: 1.00 R: 1.00 F1: 1.00
2026-05-14 12:41:01 | DEBUG   | dpfl.core.base_simulator | Update norms — honest: ['0.33', '1.92', '1.12', '1.68', '0.86'], attacker: ['nan', 'nan', 'nan', 'nan', 'nan']
2026-05-14 12:41:02 | INFO    | dpfl.core.base_simulator | Round 107/150 | Acc: 0.7972 | Loss: 0.5847 | eps_max: 6.81 eps_avg: 5.08 | P: 1.00 R: 1.00 F1: 1.00
2026-05-14 12:41:02 | DEBUG   | dpfl.core.base_simulator | Update norms — honest: ['1.53', '2.25', '2.85', '0.66', '1.09'], attacker: ['nan', 'nan', 'nan', 'nan', 'nan']
2026-05-14 12:41:04 | INFO    | dpfl.core.base_simulator | Round 108/150 | Acc: 0.7975 | Loss: 0.5847 | eps_max: 6.81 eps_avg: 5.11 | P: 1.00 R: 1.00 F1: 1.00
2026-05-14 12:41:04 | DEBUG   | dpfl.core.base_simulator | Update norms — honest: ['3.26', '1.16', '2.25', '1.44', '0.12'], attacker: ['nan', 'nan', 'nan', 'nan', 'nan']
2026-05-14 12:41:05 | INFO    | dpfl.core.base_simulator | Round 109/150 | Acc: 0.7973 | Loss: 0.5857 | eps_max: 6.98 eps_avg: 5.14 | P: 1.00 R: 1.00 F1: 1.00
2026-05-14 12:41:05 | DEBUG   | dpfl.core.base_simulator | Update norms — honest: ['2.27', '1.78', '0.76', '0.98', '0.34'], attacker: ['nan', 'nan', 'nan', 'nan', 'nan']
2026-05-14 12:41:07 | INFO    | dpfl.core.base_simulator | Round 110/150 | Acc: 0.7973 | Loss: 0.5859 | eps_max: 6.98 eps_avg: 5.20 | P: 1.00 R: 1.00 F1: 1.00
2026-05-14 12:41:07 | DEBUG   | dpfl.core.base_simulator | Update norms — honest: ['1.12', '1.97', '0.24', '2.92', '0.28'], attacker: ['nan', 'nan', 'nan', 'nan', 'nan']
2026-05-14 12:41:08 | INFO    | dpfl.core.base_simulator | Round 111/150 | Acc: 0.7973 | Loss: 0.5863 | eps_max: 6.98 eps_avg: 5.25 | P: 1.00 R: 1.00 F1: 1.00
2026-05-14 12:41:08 | DEBUG   | dpfl.core.base_simulator | Update norms — honest: ['0.00', '2.52', '0.68', '0.60', '0.96'], attacker: ['nan', 'nan', 'nan', 'nan', 'nan']
2026-05-14 12:41:10 | INFO    | dpfl.core.base_simulator | Round 112/150 | Acc: 0.7974 | Loss: 0.5866 | eps_max: 6.98 eps_avg: 5.29 | P: 1.00 R: 1.00 F1: 1.00
2026-05-14 12:41:10 | DEBUG   | dpfl.core.base_simulator | Update norms — honest: ['2.71', '0.39', '2.03', '2.65', '1.49'], attacker: ['nan', 'nan', 'nan', 'nan', 'nan']
2026-05-14 12:41:11 | INFO    | dpfl.core.base_simulator | Round 113/150 | Acc: 0.7976 | Loss: 0.5867 | eps_max: 6.98 eps_avg: 5.30 | P: 1.00 R: 1.00 F1: 1.00
2026-05-14 12:41:11 | DEBUG   | dpfl.core.base_simulator | Update norms — honest: ['0.99', '0.70', '0.95', '1.73', '2.01'], attacker: ['nan', 'nan', 'nan', 'nan', 'nan']
2026-05-14 12:41:12 | INFO    | dpfl.core.base_simulator | Round 114/150 | Acc: 0.7975 | Loss: 0.5874 | eps_max: 6.98 eps_avg: 5.34 | P: 1.00 R: 1.00 F1: 1.00
2026-05-14 12:41:12 | DEBUG   | dpfl.core.base_simulator | Update norms — honest: ['2.24', '2.61', '0.64', '1.35', '0.27'], attacker: ['nan', 'nan', 'nan', 'nan', 'nan']
2026-05-14 12:41:14 | INFO    | dpfl.core.base_simulator | Round 115/150 | Acc: 0.7974 | Loss: 0.5879 | eps_max: 7.05 eps_avg: 5.37 | P: 1.00 R: 1.00 F1: 1.00
2026-05-14 12:41:14 | DEBUG   | dpfl.core.base_simulator | Update norms — honest: ['2.36', '0.10', '0.82', '0.75', '2.71'], attacker: ['nan', 'nan', 'nan', 'nan', 'nan']
2026-05-14 12:41:15 | INFO    | dpfl.core.base_simulator | Round 116/150 | Acc: 0.7975 | Loss: 0.5880 | eps_max: 7.07 eps_avg: 5.40 | P: 1.00 R: 1.00 F1: 1.00
2026-05-14 12:41:15 | DEBUG   | dpfl.core.base_simulator | Update norms — honest: ['0.00', '1.78', '0.71', '1.05', '0.90'], attacker: ['nan', 'nan', 'nan', 'nan', 'nan']
2026-05-14 12:41:16 | INFO    | dpfl.core.base_simulator | Round 117/150 | Acc: 0.7975 | Loss: 0.5883 | eps_max: 7.07 eps_avg: 5.43 | P: 1.00 R: 1.00 F1: 1.00
2026-05-14 12:41:16 | DEBUG   | dpfl.core.base_simulator | Update norms — honest: ['1.03', '2.61', '0.33', '2.71', '1.84'], attacker: ['nan', 'nan', 'nan', 'nan', 'nan']
2026-05-14 12:41:18 | INFO    | dpfl.core.base_simulator | Round 118/150 | Acc: 0.7976 | Loss: 0.5889 | eps_max: 7.25 eps_avg: 5.47 | P: 1.00 R: 1.00 F1: 1.00
2026-05-14 12:41:18 | DEBUG   | dpfl.core.base_simulator | Update norms — honest: ['1.70', '0.96', '1.75', '0.99', '2.03'], attacker: ['nan', 'nan', 'nan', 'nan', 'nan']
2026-05-14 12:41:20 | INFO    | dpfl.core.base_simulator | Round 119/150 | Acc: 0.7976 | Loss: 0.5895 | eps_max: 7.25 eps_avg: 5.51 | P: 1.00 R: 1.00 F1: 1.00
2026-05-14 12:41:20 | DEBUG   | dpfl.core.base_simulator | Update norms — honest: ['1.80', '0.89', '1.49', '0.00', '2.23'], attacker: ['nan', 'nan', 'nan', 'nan', 'nan']
2026-05-14 12:41:21 | INFO    | dpfl.core.base_simulator | Round 120/150 | Acc: 0.7974 | Loss: 0.5900 | eps_max: 7.25 eps_avg: 5.55 | P: 1.00 R: 1.00 F1: 1.00
2026-05-14 12:41:21 | DEBUG   | dpfl.core.base_simulator | Update norms — honest: ['1.43', '1.65', '1.99', '2.22', '0.57'], attacker: ['nan', 'nan', 'nan', 'nan', 'nan']
2026-05-14 12:41:23 | INFO    | dpfl.core.base_simulator | Round 121/150 | Acc: 0.7976 | Loss: 0.5904 | eps_max: 7.36 eps_avg: 5.58 | P: 1.00 R: 1.00 F1: 1.00
2026-05-14 12:41:23 | DEBUG   | dpfl.core.base_simulator | Update norms — honest: ['1.93', '2.34', '2.28', '0.00', '1.63'], attacker: ['nan', 'nan', 'nan', 'nan', 'nan']
2026-05-14 12:41:24 | INFO    | dpfl.core.base_simulator | Round 122/150 | Acc: 0.7976 | Loss: 0.5910 | eps_max: 7.46 eps_avg: 5.61 | P: 1.00 R: 1.00 F1: 1.00
2026-05-14 12:41:24 | DEBUG   | dpfl.core.base_simulator | Update norms — honest: ['3.12', '1.82', '1.31', '2.24', '0.66'], attacker: ['nan', 'nan', 'nan', 'nan', 'nan']
2026-05-14 12:41:25 | INFO    | dpfl.core.base_simulator | Round 123/150 | Acc: 0.7977 | Loss: 0.5915 | eps_max: 7.46 eps_avg: 5.63 | P: 1.00 R: 1.00 F1: 1.00
2026-05-14 12:41:25 | DEBUG   | dpfl.core.base_simulator | Update norms — honest: ['0.82', '3.39', '1.75', '0.49', '0.73'], attacker: ['nan', 'nan', 'nan', 'nan', 'nan']
2026-05-14 12:41:26 | INFO    | dpfl.core.base_simulator | Round 124/150 | Acc: 0.7975 | Loss: 0.5921 | eps_max: 7.46 eps_avg: 5.65 | P: 1.00 R: 1.00 F1: 1.00
2026-05-14 12:41:26 | DEBUG   | dpfl.core.base_simulator | Update norms — honest: ['3.10', '2.01', '2.49', '1.21', '0.70'], attacker: ['nan', 'nan', 'nan', 'nan', 'nan']
2026-05-14 12:41:27 | INFO    | dpfl.core.base_simulator | Round 125/150 | Acc: 0.7977 | Loss: 0.5925 | eps_max: 7.46 eps_avg: 5.67 | P: 1.00 R: 1.00 F1: 1.00
2026-05-14 12:41:27 | DEBUG   | dpfl.core.base_simulator | Update norms — honest: ['1.01', '1.13', '2.76', '0.83', '1.44'], attacker: ['nan', 'nan', 'nan', 'nan', 'nan']
2026-05-14 12:41:29 | INFO    | dpfl.core.base_simulator | Round 126/150 | Acc: 0.7974 | Loss: 0.5930 | eps_max: 7.46 eps_avg: 5.69 | P: 1.00 R: 1.00 F1: 1.00
2026-05-14 12:41:29 | DEBUG   | dpfl.core.base_simulator | Update norms — honest: ['1.69', '1.04', '1.68', '2.38', '1.02'], attacker: ['nan', 'nan', 'nan', 'nan', 'nan']
2026-05-14 12:41:30 | INFO    | dpfl.core.base_simulator | Round 127/150 | Acc: 0.7976 | Loss: 0.5931 | eps_max: 7.46 eps_avg: 5.71 | P: 1.00 R: 1.00 F1: 1.00
2026-05-14 12:41:30 | DEBUG   | dpfl.core.base_simulator | Update norms — honest: ['1.53', '0.76', '1.31', '0.91', '2.11'], attacker: ['nan', 'nan', 'nan', 'nan', 'nan']
2026-05-14 12:41:31 | INFO    | dpfl.core.base_simulator | Round 128/150 | Acc: 0.7975 | Loss: 0.5942 | eps_max: 7.46 eps_avg: 5.74 | P: 1.00 R: 1.00 F1: 1.00
2026-05-14 12:41:31 | DEBUG   | dpfl.core.base_simulator | Update norms — honest: ['2.69', '1.91', '0.80', '2.13', '0.69'], attacker: ['nan', 'nan', 'nan', 'nan', 'nan']
2026-05-14 12:41:32 | INFO    | dpfl.core.base_simulator | Round 129/150 | Acc: 0.7977 | Loss: 0.5941 | eps_max: 7.46 eps_avg: 5.76 | P: 1.00 R: 1.00 F1: 1.00
2026-05-14 12:41:32 | DEBUG   | dpfl.core.base_simulator | Update norms — honest: ['0.92', '0.58', '0.43', '0.59', '0.84'], attacker: ['nan', 'nan', 'nan', 'nan', 'nan']
2026-05-14 12:41:34 | INFO    | dpfl.core.base_simulator | Round 130/150 | Acc: 0.7975 | Loss: 0.5952 | eps_max: 7.46 eps_avg: 5.79 | P: 1.00 R: 1.00 F1: 1.00
2026-05-14 12:41:34 | DEBUG   | dpfl.core.base_simulator | Update norms — honest: ['2.58', '0.00', '1.26', '1.88', '0.83'], attacker: ['nan', 'nan', 'nan', 'nan', 'nan']
2026-05-14 12:41:35 | INFO    | dpfl.core.base_simulator | Round 131/150 | Acc: 0.7977 | Loss: 0.5954 | eps_max: 7.46 eps_avg: 5.82 | P: 1.00 R: 1.00 F1: 1.00
2026-05-14 12:41:35 | DEBUG   | dpfl.core.base_simulator | Update norms — honest: ['0.68', '1.01', '0.72', '2.91', '0.89'], attacker: ['nan', 'nan', 'nan', 'nan', 'nan']
2026-05-14 12:41:36 | INFO    | dpfl.core.base_simulator | Round 132/150 | Acc: 0.7976 | Loss: 0.5960 | eps_max: 7.47 eps_avg: 5.84 | P: 1.00 R: 1.00 F1: 1.00
2026-05-14 12:41:36 | DEBUG   | dpfl.core.base_simulator | Update norms — honest: ['0.83', '1.11', '0.77', '1.37', '0.41'], attacker: ['nan', 'nan', 'nan', 'nan', 'nan']
2026-05-14 12:41:38 | INFO    | dpfl.core.base_simulator | Round 133/150 | Acc: 0.7974 | Loss: 0.5966 | eps_max: 7.59 eps_avg: 5.87 | P: 1.00 R: 1.00 F1: 1.00
2026-05-14 12:41:38 | DEBUG   | dpfl.core.base_simulator | Update norms — honest: ['2.98', '2.44', '2.27', '0.85', '1.79'], attacker: ['nan', 'nan', 'nan', 'nan', 'nan']
2026-05-14 12:41:39 | INFO    | dpfl.core.base_simulator | Round 134/150 | Acc: 0.7974 | Loss: 0.5975 | eps_max: 7.59 eps_avg: 5.90 | P: 1.00 R: 1.00 F1: 1.00
2026-05-14 12:41:39 | DEBUG   | dpfl.core.base_simulator | Update norms — honest: ['2.76', '1.79', '0.77', '0.83', '1.25'], attacker: ['nan', 'nan', 'nan', 'nan', 'nan']
2026-05-14 12:41:41 | INFO    | dpfl.core.base_simulator | Round 135/150 | Acc: 0.7976 | Loss: 0.5978 | eps_max: 7.59 eps_avg: 5.93 | P: 1.00 R: 1.00 F1: 1.00
2026-05-14 12:41:41 | DEBUG   | dpfl.core.base_simulator | Update norms — honest: ['2.79', '1.20', '1.64', '0.88', '1.41'], attacker: ['nan', 'nan', 'nan', 'nan', 'nan']
2026-05-14 12:41:42 | INFO    | dpfl.core.base_simulator | Round 136/150 | Acc: 0.7976 | Loss: 0.5985 | eps_max: 7.59 eps_avg: 5.95 | P: 1.00 R: 1.00 F1: 1.00
2026-05-14 12:41:42 | DEBUG   | dpfl.core.base_simulator | Update norms — honest: ['1.06', '2.68', '0.69', '1.52', '1.31'], attacker: ['nan', 'nan', 'nan', 'nan', 'nan']
2026-05-14 12:41:44 | INFO    | dpfl.core.base_simulator | Round 137/150 | Acc: 0.7975 | Loss: 0.5988 | eps_max: 7.61 eps_avg: 5.97 | P: 1.00 R: 1.00 F1: 1.00
2026-05-14 12:41:44 | DEBUG   | dpfl.core.base_simulator | Update norms — honest: ['1.40', '1.10', '0.49', '1.18', '1.20'], attacker: ['nan', 'nan', 'nan', 'nan', 'nan']
2026-05-14 12:41:45 | INFO    | dpfl.core.base_simulator | Round 138/150 | Acc: 0.7974 | Loss: 0.5999 | eps_max: 7.74 eps_avg: 5.99 | P: 1.00 R: 1.00 F1: 1.00
2026-05-14 12:41:45 | DEBUG   | dpfl.core.base_simulator | Update norms — honest: ['1.60', '1.25', '0.56', '2.15', '0.38'], attacker: ['nan', 'nan', 'nan', 'nan', 'nan']
2026-05-14 12:41:47 | INFO    | dpfl.core.base_simulator | Round 139/150 | Acc: 0.7975 | Loss: 0.6005 | eps_max: 7.74 eps_avg: 6.02 | P: 1.00 R: 1.00 F1: 1.00
2026-05-14 12:41:47 | DEBUG   | dpfl.core.base_simulator | Update norms — honest: ['2.65', '0.60', '0.43', '0.00', '0.00'], attacker: ['nan', 'nan', 'nan', 'nan', 'nan']
2026-05-14 12:41:48 | INFO    | dpfl.core.base_simulator | Round 140/150 | Acc: 0.7974 | Loss: 0.6010 | eps_max: 7.74 eps_avg: 6.05 | P: 1.00 R: 1.00 F1: 1.00
2026-05-14 12:41:48 | DEBUG   | dpfl.core.base_simulator | Update norms — honest: ['2.51', '2.63', '0.87', '0.93', '2.11'], attacker: ['nan', 'nan', 'nan', 'nan', 'nan']
2026-05-14 12:41:50 | INFO    | dpfl.core.base_simulator | Round 141/150 | Acc: 0.7974 | Loss: 0.6017 | eps_max: 7.74 eps_avg: 6.07 | P: 1.00 R: 1.00 F1: 1.00
2026-05-14 12:41:50 | DEBUG   | dpfl.core.base_simulator | Update norms — honest: ['1.38', '1.26', '1.80', '1.17', '0.99'], attacker: ['nan', 'nan', 'nan', 'nan', 'nan']
2026-05-14 12:41:51 | INFO    | dpfl.core.base_simulator | Round 142/150 | Acc: 0.7973 | Loss: 0.6024 | eps_max: 7.86 eps_avg: 6.09 | P: 1.00 R: 1.00 F1: 1.00
2026-05-14 12:41:51 | DEBUG   | dpfl.core.base_simulator | Update norms — honest: ['2.67', '2.78', '1.51', '1.54', '0.62'], attacker: ['nan', 'nan', 'nan', 'nan', 'nan']
2026-05-14 12:41:52 | INFO    | dpfl.core.base_simulator | Round 143/150 | Acc: 0.7973 | Loss: 0.6030 | eps_max: 7.86 eps_avg: 6.13 | P: 1.00 R: 1.00 F1: 1.00
2026-05-14 12:41:52 | DEBUG   | dpfl.core.base_simulator | Update norms — honest: ['0.61', '0.12', '3.02', '0.00', '0.00'], attacker: ['nan', 'nan', 'nan', 'nan', 'nan']
2026-05-14 12:41:53 | INFO    | dpfl.core.base_simulator | Round 144/150 | Acc: 0.7974 | Loss: 0.6036 | eps_max: 7.86 eps_avg: 6.14 | P: 1.00 R: 1.00 F1: 1.00
2026-05-14 12:41:53 | DEBUG   | dpfl.core.base_simulator | Update norms — honest: ['0.00', '2.04', '0.10', '0.94', '1.76'], attacker: ['nan', 'nan', 'nan', 'nan', 'nan']
2026-05-14 12:41:55 | INFO    | dpfl.core.base_simulator | Round 145/150 | Acc: 0.7972 | Loss: 0.6045 | eps_max: 7.86 eps_avg: 6.17 | P: 1.00 R: 1.00 F1: 1.00
2026-05-14 12:41:55 | DEBUG   | dpfl.core.base_simulator | Update norms — honest: ['1.20', '2.29', '2.67', '2.35', '1.04'], attacker: ['nan', 'nan', 'nan', 'nan', 'nan']
2026-05-14 12:41:56 | INFO    | dpfl.core.base_simulator | Round 146/150 | Acc: 0.7972 | Loss: 0.6051 | eps_max: 7.86 eps_avg: 6.20 | P: 1.00 R: 1.00 F1: 1.00
2026-05-14 12:41:56 | DEBUG   | dpfl.core.base_simulator | Update norms — honest: ['1.66', '0.79', '2.89', '2.96', '0.37'], attacker: ['nan', 'nan', 'nan', 'nan', 'nan']
2026-05-14 12:41:57 | INFO    | dpfl.core.base_simulator | Round 147/150 | Acc: 0.7971 | Loss: 0.6056 | eps_max: 7.86 eps_avg: 6.22 | P: 1.00 R: 1.00 F1: 1.00
2026-05-14 12:41:57 | DEBUG   | dpfl.core.base_simulator | Update norms — honest: ['0.44', '1.83', '0.73', '0.83', '1.67'], attacker: ['nan', 'nan', 'nan', 'nan', 'nan']
2026-05-14 12:41:59 | INFO    | dpfl.core.base_simulator | Round 148/150 | Acc: 0.7972 | Loss: 0.6060 | eps_max: 7.86 eps_avg: 6.25 | P: 1.00 R: 1.00 F1: 1.00
2026-05-14 12:41:59 | DEBUG   | dpfl.core.base_simulator | Update norms — honest: ['1.34', '0.71', '1.49', '0.50', '2.02'], attacker: ['nan', 'nan', 'nan', 'nan', 'nan']
2026-05-14 12:42:01 | INFO    | dpfl.core.base_simulator | Round 149/150 | Acc: 0.7972 | Loss: 0.6069 | eps_max: 7.86 eps_avg: 6.27 | P: 1.00 R: 1.00 F1: 1.00
2026-05-14 12:42:01 | DEBUG   | dpfl.core.base_simulator | Update norms — honest: ['2.10', '4.26', '2.33', '0.02', '1.10'], attacker: ['nan', 'nan', 'nan', 'nan', 'nan']
2026-05-14 12:42:02 | INFO    | dpfl.core.base_simulator | Round 150/150 | Acc: 0.7972 | Loss: 0.6075 | eps_max: 7.86 eps_avg: 6.29 | P: 1.00 R: 1.00 F1: 1.00
2026-05-14 12:42:02 | DEBUG   | dpfl.core.base_simulator | Update norms — honest: ['3.05', '1.22', '0.97', '0.39', '2.13'], attacker: ['nan', 'nan', 'nan', 'nan', 'nan']
2026-05-14 12:42:04 | INFO    | dpfl | Experiment complete in 490.5s
============================================================
REPORT: DP-SGD Decentralized Federated Learning
============================================================
Timestamp:                  20260514_123351
Rounds completed:           150
Attack-active rounds:       100  (from round 50)
Final accuracy:             0.7972
Final test loss:            0.6075
Final epsilon (max honest): 7.86
Final epsilon (avg honest): 6.29
Best alpha:                 1000.0
Avg precision:              1.0000
Avg recall:                 0.9829
Avg F1 score:               0.9944
Avg update norm (honest):   1.0973
Avg update norm (attacker): nan

eps_system (max honest): 7.8609
eps_avg (honest):        6.2863
eps_std (honest):        0.8261
n_frozen:                0/400
============================================================
