2026-05-14 08:23:50 | INFO    | dpfl | Experiment start: algorithm=balance, dataset=mnist, model=mlp, device=cuda
2026-05-14 08:23:50 | INFO    | dpfl | Config: nodes=500, attackers=300, rounds=150, noise_mode=none, attack=scale
2026-05-14 08:23:50 | INFO    | dpfl.data.mnist_dataset | Loading MNIST dataset...
2026-05-14 08:23:50 | INFO    | dpfl.data.mnist_dataset | MNIST loaded: 60000 train, 10000 test samples
2026-05-14 08:26:14 | INFO    | dpfl.core.base_simulator | Vectorized state ready: param_spec.D=50890, X_test=(10000, 1, 28, 28), train clients N=500, max_n_samples=1000
2026-05-14 08:26:14 | INFO    | dpfl.core.base_simulator | Setup complete: 500 nodes (300 attackers), param_dim=50890, split=iid
2026-05-14 08:26:14 | DEBUG   | dpfl.core.base_simulator | Attacker IDs: {0, 1, 2, 3, 4, 5, 6, 7, 8, 9, 10, 11, 12, 13, 14, 15, 16, 17, 18, 19, 20, 21, 22, 23, 24, 25, 26, 27, 28, 29, 30, 31, 32, 33, 34, 35, 36, 37, 38, 39, 40, 41, 42, 43, 44, 45, 46, 47, 48, 49, 50, 51, 52, 53, 54, 55, 56, 57, 58, 59, 60, 61, 62, 63, 64, 65, 66, 67, 68, 69, 70, 71, 72, 73, 74, 75, 76, 77, 78, 79, 80, 81, 82, 83, 84, 85, 86, 87, 88, 89, 90, 91, 92, 93, 94, 95, 96, 97, 98, 99, 100, 101, 102, 103, 104, 105, 106, 107, 108, 109, 110, 111, 112, 113, 114, 115, 116, 117, 118, 119, 120, 121, 122, 123, 124, 125, 126, 127, 128, 129, 130, 131, 132, 133, 134, 135, 136, 137, 138, 139, 140, 141, 142, 143, 144, 145, 146, 147, 148, 149, 150, 151, 152, 153, 154, 155, 156, 157, 158, 159, 160, 161, 162, 163, 164, 165, 166, 167, 168, 169, 170, 171, 172, 173, 174, 175, 176, 177, 178, 179, 180, 181, 182, 183, 184, 185, 186, 187, 188, 189, 190, 191, 192, 193, 194, 195, 196, 197, 198, 199, 200, 201, 202, 203, 204, 205, 206, 207, 208, 209, 210, 211, 212, 213, 214, 215, 216, 217, 218, 219, 220, 221, 222, 223, 224, 225, 226, 227, 228, 229, 230, 231, 232, 233, 234, 235, 236, 237, 238, 239, 240, 241, 242, 243, 244, 245, 246, 247, 248, 249, 250, 251, 252, 253, 254, 255, 256, 257, 258, 259, 260, 261, 262, 263, 264, 265, 266, 267, 268, 269, 270, 271, 272, 273, 274, 275, 276, 277, 278, 279, 280, 281, 282, 283, 284, 285, 286, 287, 288, 289, 290, 291, 292, 293, 294, 295, 296, 297, 298, 299}
2026-05-14 08:26:22 | INFO    | dpfl.core.base_simulator | Round   1/150 | Acc: 0.3791 | Loss: 2.0958 | eps: 0.00 | P: nan R: nan F1: nan
2026-05-14 08:26:22 | DEBUG   | dpfl.core.base_simulator | Update norms — honest: ['0.18', '0.17', '0.17', '0.18', '0.17'], attacker: ['0.18', '0.18', '0.17', '0.18', '0.18']
2026-05-14 08:26:28 | INFO    | dpfl.core.base_simulator | Round   2/150 | Acc: 0.5556 | Loss: 1.8907 | eps: 0.00 | P: nan R: nan F1: nan
2026-05-14 08:26:28 | DEBUG   | dpfl.core.base_simulator | Update norms — honest: ['0.18', '0.18', '0.17', '0.18', '0.17'], attacker: ['0.18', '0.18', '0.18', '0.18', '0.18']
2026-05-14 08:26:41 | INFO    | dpfl.core.base_simulator | Round   3/150 | Acc: 0.6529 | Loss: 1.6802 | eps: 0.00 | P: nan R: nan F1: nan
2026-05-14 08:26:41 | DEBUG   | dpfl.core.base_simulator | Update norms — honest: ['0.18', '0.18', '0.18', '0.18', '0.18'], attacker: ['0.19', '0.18', '0.18', '0.18', '0.19']
2026-05-14 08:26:52 | INFO    | dpfl.core.base_simulator | Round   4/150 | Acc: 0.7115 | Loss: 1.4802 | eps: 0.00 | P: nan R: nan F1: nan
2026-05-14 08:26:52 | DEBUG   | dpfl.core.base_simulator | Update norms — honest: ['0.18', '0.17', '0.18', '0.17', '0.17'], attacker: ['0.18', '0.18', '0.17', '0.18', '0.18']
2026-05-14 08:27:06 | INFO    | dpfl.core.base_simulator | Round   5/150 | Acc: 0.7520 | Loss: 1.2997 | eps: 0.00 | P: nan R: nan F1: nan
2026-05-14 08:27:06 | DEBUG   | dpfl.core.base_simulator | Update norms — honest: ['0.17', '0.16', '0.17', '0.16', '0.17'], attacker: ['0.17', '0.17', '0.16', '0.17', '0.17']
2026-05-14 08:27:17 | INFO    | dpfl.core.base_simulator | Round   6/150 | Acc: 0.7801 | Loss: 1.1453 | eps: 0.00 | P: nan R: nan F1: nan
2026-05-14 08:27:17 | DEBUG   | dpfl.core.base_simulator | Update norms — honest: ['0.16', '0.15', '0.16', '0.15', '0.15'], attacker: ['0.16', '0.15', '0.15', '0.16', '0.16']
2026-05-14 08:27:30 | INFO    | dpfl.core.base_simulator | Round   7/150 | Acc: 0.8002 | Loss: 1.0186 | eps: 0.00 | P: nan R: nan F1: nan
2026-05-14 08:27:30 | DEBUG   | dpfl.core.base_simulator | Update norms — honest: ['0.14', '0.14', '0.14', '0.14', '0.14'], attacker: ['0.14', '0.14', '0.14', '0.14', '0.14']
2026-05-14 08:27:42 | INFO    | dpfl.core.base_simulator | Round   8/150 | Acc: 0.8144 | Loss: 0.9176 | eps: 0.00 | P: nan R: nan F1: nan
2026-05-14 08:27:42 | DEBUG   | dpfl.core.base_simulator | Update norms — honest: ['0.13', '0.13', '0.13', '0.13', '0.13'], attacker: ['0.13', '0.13', '0.13', '0.13', '0.13']
2026-05-14 08:27:53 | INFO    | dpfl.core.base_simulator | Round   9/150 | Acc: 0.8247 | Loss: 0.8378 | eps: 0.00 | P: nan R: nan F1: nan
2026-05-14 08:27:53 | DEBUG   | dpfl.core.base_simulator | Update norms — honest: ['0.11', '0.12', '0.12', '0.11', '0.11'], attacker: ['0.12', '0.11', '0.11', '0.11', '0.12']
2026-05-14 08:28:06 | INFO    | dpfl.core.base_simulator | Round  10/150 | Acc: 0.8326 | Loss: 0.7741 | eps: 0.00 | P: nan R: nan F1: nan
2026-05-14 08:28:06 | DEBUG   | dpfl.core.base_simulator | Update norms — honest: ['0.10', '0.10', '0.10', '0.10', '0.10'], attacker: ['0.10', '0.10', '0.10', '0.10', '0.10']
2026-05-14 08:28:19 | INFO    | dpfl.core.base_simulator | Round  11/150 | Acc: 0.8387 | Loss: 0.7232 | eps: 0.00 | P: nan R: nan F1: nan
2026-05-14 08:28:19 | DEBUG   | dpfl.core.base_simulator | Update norms — honest: ['0.09', '0.09', '0.09', '0.09', '0.09'], attacker: ['0.10', '0.09', '0.09', '0.09', '0.09']
2026-05-14 08:28:30 | INFO    | dpfl.core.base_simulator | Round  12/150 | Acc: 0.8442 | Loss: 0.6814 | eps: 0.00 | P: nan R: nan F1: nan
2026-05-14 08:28:30 | DEBUG   | dpfl.core.base_simulator | Update norms — honest: ['0.08', '0.09', '0.08', '0.08', '0.09'], attacker: ['0.09', '0.09', '0.09', '0.09', '0.09']
2026-05-14 08:28:42 | INFO    | dpfl.core.base_simulator | Round  13/150 | Acc: 0.8484 | Loss: 0.6471 | eps: 0.00 | P: nan R: nan F1: nan
2026-05-14 08:28:42 | DEBUG   | dpfl.core.base_simulator | Update norms — honest: ['0.08', '0.08', '0.08', '0.08', '0.08'], attacker: ['0.08', '0.08', '0.08', '0.08', '0.08']
2026-05-14 08:28:54 | INFO    | dpfl.core.base_simulator | Round  14/150 | Acc: 0.8519 | Loss: 0.6185 | eps: 0.00 | P: nan R: nan F1: nan
2026-05-14 08:28:54 | DEBUG   | dpfl.core.base_simulator | Update norms — honest: ['0.07', '0.07', '0.07', '0.07', '0.07'], attacker: ['0.07', '0.07', '0.07', '0.07', '0.07']
2026-05-14 08:29:06 | INFO    | dpfl.core.base_simulator | Round  15/150 | Acc: 0.8553 | Loss: 0.5940 | eps: 0.00 | P: nan R: nan F1: nan
2026-05-14 08:29:06 | DEBUG   | dpfl.core.base_simulator | Update norms — honest: ['0.07', '0.07', '0.07', '0.07', '0.07'], attacker: ['0.07', '0.07', '0.07', '0.07', '0.07']
2026-05-14 08:29:18 | INFO    | dpfl.core.base_simulator | Round  16/150 | Acc: 0.8580 | Loss: 0.5733 | eps: 0.00 | P: nan R: nan F1: nan
2026-05-14 08:29:18 | DEBUG   | dpfl.core.base_simulator | Update norms — honest: ['0.06', '0.06', '0.06', '0.06', '0.07'], attacker: ['0.06', '0.07', '0.07', '0.06', '0.06']
2026-05-14 08:29:29 | INFO    | dpfl.core.base_simulator | Round  17/150 | Acc: 0.8604 | Loss: 0.5551 | eps: 0.00 | P: nan R: nan F1: nan
2026-05-14 08:29:29 | DEBUG   | dpfl.core.base_simulator | Update norms — honest: ['0.06', '0.06', '0.06', '0.06', '0.06'], attacker: ['0.06', '0.06', '0.06', '0.06', '0.06']
2026-05-14 08:29:42 | INFO    | dpfl.core.base_simulator | Round  18/150 | Acc: 0.8624 | Loss: 0.5395 | eps: 0.00 | P: nan R: nan F1: nan
2026-05-14 08:29:42 | DEBUG   | dpfl.core.base_simulator | Update norms — honest: ['0.05', '0.06', '0.05', '0.06', '0.06'], attacker: ['0.06', '0.06', '0.06', '0.06', '0.06']
2026-05-14 08:29:55 | INFO    | dpfl.core.base_simulator | Round  19/150 | Acc: 0.8646 | Loss: 0.5256 | eps: 0.00 | P: nan R: nan F1: nan
2026-05-14 08:29:55 | DEBUG   | dpfl.core.base_simulator | Update norms — honest: ['0.05', '0.05', '0.05', '0.05', '0.06'], attacker: ['0.06', '0.06', '0.06', '0.06', '0.05']
2026-05-14 08:30:06 | INFO    | dpfl.core.base_simulator | Round  20/150 | Acc: 0.8661 | Loss: 0.5135 | eps: 0.00 | P: nan R: nan F1: nan
2026-05-14 08:30:06 | DEBUG   | dpfl.core.base_simulator | Update norms — honest: ['0.05', '0.05', '0.05', '0.05', '0.05'], attacker: ['0.05', '0.05', '0.06', '0.05', '0.05']
2026-05-14 08:30:18 | INFO    | dpfl.core.base_simulator | Round  21/150 | Acc: 0.8677 | Loss: 0.5025 | eps: 0.00 | P: nan R: nan F1: nan
2026-05-14 08:30:18 | DEBUG   | dpfl.core.base_simulator | Update norms — honest: ['0.05', '0.05', '0.05', '0.05', '0.05'], attacker: ['0.05', '0.05', '0.05', '0.05', '0.05']
2026-05-14 08:30:30 | INFO    | dpfl.core.base_simulator | Round  22/150 | Acc: 0.8690 | Loss: 0.4928 | eps: 0.00 | P: nan R: nan F1: nan
2026-05-14 08:30:30 | DEBUG   | dpfl.core.base_simulator | Update norms — honest: ['0.05', '0.05', '0.05', '0.05', '0.05'], attacker: ['0.05', '0.05', '0.05', '0.05', '0.05']
2026-05-14 08:30:43 | INFO    | dpfl.core.base_simulator | Round  23/150 | Acc: 0.8704 | Loss: 0.4839 | eps: 0.00 | P: nan R: nan F1: nan
2026-05-14 08:30:43 | DEBUG   | dpfl.core.base_simulator | Update norms — honest: ['0.04', '0.05', '0.04', '0.05', '0.05'], attacker: ['0.05', '0.05', '0.05', '0.05', '0.05']
2026-05-14 08:30:54 | INFO    | dpfl.core.base_simulator | Round  24/150 | Acc: 0.8715 | Loss: 0.4759 | eps: 0.00 | P: nan R: nan F1: nan
2026-05-14 08:30:54 | DEBUG   | dpfl.core.base_simulator | Update norms — honest: ['0.04', '0.04', '0.04', '0.04', '0.05'], attacker: ['0.05', '0.05', '0.05', '0.05', '0.04']
2026-05-14 08:31:06 | INFO    | dpfl.core.base_simulator | Round  25/150 | Acc: 0.8724 | Loss: 0.4688 | eps: 0.00 | P: nan R: nan F1: nan
2026-05-14 08:31:06 | DEBUG   | dpfl.core.base_simulator | Update norms — honest: ['0.04', '0.04', '0.04', '0.05', '0.04'], attacker: ['0.04', '0.05', '0.05', '0.05', '0.04']
2026-05-14 08:31:18 | INFO    | dpfl.core.base_simulator | Round  26/150 | Acc: 0.8735 | Loss: 0.4623 | eps: 0.00 | P: nan R: nan F1: nan
2026-05-14 08:31:18 | DEBUG   | dpfl.core.base_simulator | Update norms — honest: ['0.04', '0.04', '0.04', '0.04', '0.04'], attacker: ['0.04', '0.04', '0.05', '0.04', '0.04']
2026-05-14 08:31:29 | INFO    | dpfl.core.base_simulator | Round  27/150 | Acc: 0.8744 | Loss: 0.4561 | eps: 0.00 | P: nan R: nan F1: nan
2026-05-14 08:31:29 | DEBUG   | dpfl.core.base_simulator | Update norms — honest: ['0.04', '0.04', '0.04', '0.04', '0.04'], attacker: ['0.04', '0.04', '0.04', '0.04', '0.04']
2026-05-14 08:31:41 | INFO    | dpfl.core.base_simulator | Round  28/150 | Acc: 0.8752 | Loss: 0.4508 | eps: 0.00 | P: nan R: nan F1: nan
2026-05-14 08:31:41 | DEBUG   | dpfl.core.base_simulator | Update norms — honest: ['0.04', '0.04', '0.04', '0.04', '0.04'], attacker: ['0.04', '0.04', '0.04', '0.04', '0.04']
2026-05-14 08:31:53 | INFO    | dpfl.core.base_simulator | Round  29/150 | Acc: 0.8759 | Loss: 0.4457 | eps: 0.00 | P: nan R: nan F1: nan
2026-05-14 08:31:53 | DEBUG   | dpfl.core.base_simulator | Update norms — honest: ['0.04', '0.04', '0.04', '0.04', '0.04'], attacker: ['0.04', '0.04', '0.04', '0.04', '0.04']
2026-05-14 08:32:06 | INFO    | dpfl.core.base_simulator | Round  30/150 | Acc: 0.8766 | Loss: 0.4409 | eps: 0.00 | P: nan R: nan F1: nan
2026-05-14 08:32:06 | DEBUG   | dpfl.core.base_simulator | Update norms — honest: ['0.04', '0.04', '0.04', '0.04', '0.04'], attacker: ['0.04', '0.04', '0.04', '0.04', '0.04']
2026-05-14 08:32:18 | INFO    | dpfl.core.base_simulator | Round  31/150 | Acc: 0.8773 | Loss: 0.4366 | eps: 0.00 | P: nan R: nan F1: nan
2026-05-14 08:32:18 | DEBUG   | dpfl.core.base_simulator | Update norms — honest: ['0.04', '0.04', '0.03', '0.04', '0.04'], attacker: ['0.04', '0.04', '0.04', '0.04', '0.04']
2026-05-14 08:32:29 | INFO    | dpfl.core.base_simulator | Round  32/150 | Acc: 0.8778 | Loss: 0.4326 | eps: 0.00 | P: nan R: nan F1: nan
2026-05-14 08:32:29 | DEBUG   | dpfl.core.base_simulator | Update norms — honest: ['0.03', '0.04', '0.03', '0.04', '0.04'], attacker: ['0.04', '0.04', '0.04', '0.04', '0.04']
2026-05-14 08:32:42 | INFO    | dpfl.core.base_simulator | Round  33/150 | Acc: 0.8785 | Loss: 0.4289 | eps: 0.00 | P: nan R: nan F1: nan
2026-05-14 08:32:42 | DEBUG   | dpfl.core.base_simulator | Update norms — honest: ['0.03', '0.03', '0.03', '0.03', '0.04'], attacker: ['0.04', '0.04', '0.04', '0.04', '0.04']
2026-05-14 08:32:55 | INFO    | dpfl.core.base_simulator | Round  34/150 | Acc: 0.8789 | Loss: 0.4256 | eps: 0.00 | P: nan R: nan F1: nan
2026-05-14 08:32:55 | DEBUG   | dpfl.core.base_simulator | Update norms — honest: ['0.03', '0.03', '0.03', '0.03', '0.04'], attacker: ['0.03', '0.04', '0.04', '0.04', '0.04']
2026-05-14 08:33:06 | INFO    | dpfl.core.base_simulator | Round  35/150 | Acc: 0.8794 | Loss: 0.4223 | eps: 0.00 | P: nan R: nan F1: nan
2026-05-14 08:33:06 | DEBUG   | dpfl.core.base_simulator | Update norms — honest: ['0.03', '0.03', '0.03', '0.03', '0.03'], attacker: ['0.03', '0.04', '0.04', '0.04', '0.03']
2026-05-14 08:33:18 | INFO    | dpfl.core.base_simulator | Round  36/150 | Acc: 0.8800 | Loss: 0.4193 | eps: 0.00 | P: nan R: nan F1: nan
2026-05-14 08:33:18 | DEBUG   | dpfl.core.base_simulator | Update norms — honest: ['0.03', '0.03', '0.03', '0.03', '0.04'], attacker: ['0.03', '0.04', '0.04', '0.04', '0.03']
2026-05-14 08:33:30 | INFO    | dpfl.core.base_simulator | Round  37/150 | Acc: 0.8803 | Loss: 0.4166 | eps: 0.00 | P: nan R: nan F1: nan
2026-05-14 08:33:30 | DEBUG   | dpfl.core.base_simulator | Update norms — honest: ['0.03', '0.03', '0.03', '0.03', '0.03'], attacker: ['0.03', '0.04', '0.04', '0.04', '0.03']
2026-05-14 08:33:43 | INFO    | dpfl.core.base_simulator | Round  38/150 | Acc: 0.8807 | Loss: 0.4141 | eps: 0.00 | P: nan R: nan F1: nan
2026-05-14 08:33:43 | DEBUG   | dpfl.core.base_simulator | Update norms — honest: ['0.04', '0.03', '0.03', '0.03', '0.03'], attacker: ['0.03', '0.04', '0.04', '0.03', '0.03']
2026-05-14 08:33:54 | INFO    | dpfl.core.base_simulator | Round  39/150 | Acc: 0.8811 | Loss: 0.4116 | eps: 0.00 | P: nan R: nan F1: nan
2026-05-14 08:33:54 | DEBUG   | dpfl.core.base_simulator | Update norms — honest: ['0.03', '0.03', '0.03', '0.03', '0.03'], attacker: ['0.03', '0.04', '0.03', '0.03', '0.03']
2026-05-14 08:34:05 | INFO    | dpfl.core.base_simulator | Round  40/150 | Acc: 0.8815 | Loss: 0.4093 | eps: 0.00 | P: nan R: nan F1: nan
2026-05-14 08:34:05 | DEBUG   | dpfl.core.base_simulator | Update norms — honest: ['0.03', '0.03', '0.03', '0.03', '0.03'], attacker: ['0.03', '0.03', '0.04', '0.03', '0.03']
2026-05-14 08:34:18 | INFO    | dpfl.core.base_simulator | Round  41/150 | Acc: 0.8818 | Loss: 0.4072 | eps: 0.00 | P: nan R: nan F1: nan
2026-05-14 08:34:18 | DEBUG   | dpfl.core.base_simulator | Update norms — honest: ['0.03', '0.03', '0.03', '0.03', '0.03'], attacker: ['0.03', '0.03', '0.03', '0.03', '0.03']
2026-05-14 08:34:31 | INFO    | dpfl.core.base_simulator | Round  42/150 | Acc: 0.8822 | Loss: 0.4051 | eps: 0.00 | P: nan R: nan F1: nan
2026-05-14 08:34:31 | DEBUG   | dpfl.core.base_simulator | Update norms — honest: ['0.03', '0.03', '0.03', '0.03', '0.03'], attacker: ['0.03', '0.03', '0.03', '0.03', '0.03']
2026-05-14 08:34:41 | INFO    | dpfl.core.base_simulator | Round  43/150 | Acc: 0.8825 | Loss: 0.4033 | eps: 0.00 | P: nan R: nan F1: nan
2026-05-14 08:34:41 | DEBUG   | dpfl.core.base_simulator | Update norms — honest: ['0.03', '0.03', '0.03', '0.03', '0.03'], attacker: ['0.03', '0.03', '0.03', '0.03', '0.03']
2026-05-14 08:34:53 | INFO    | dpfl.core.base_simulator | Round  44/150 | Acc: 0.8828 | Loss: 0.4014 | eps: 0.00 | P: nan R: nan F1: nan
2026-05-14 08:34:53 | DEBUG   | dpfl.core.base_simulator | Update norms — honest: ['0.03', '0.03', '0.03', '0.03', '0.03'], attacker: ['0.03', '0.03', '0.03', '0.03', '0.03']
2026-05-14 08:35:04 | INFO    | dpfl.core.base_simulator | Round  45/150 | Acc: 0.8830 | Loss: 0.3998 | eps: 0.00 | P: nan R: nan F1: nan
2026-05-14 08:35:04 | DEBUG   | dpfl.core.base_simulator | Update norms — honest: ['0.03', '0.03', '0.03', '0.03', '0.03'], attacker: ['0.03', '0.03', '0.03', '0.03', '0.03']
2026-05-14 08:35:17 | INFO    | dpfl.core.base_simulator | Round  46/150 | Acc: 0.8833 | Loss: 0.3983 | eps: 0.00 | P: nan R: nan F1: nan
2026-05-14 08:35:17 | DEBUG   | dpfl.core.base_simulator | Update norms — honest: ['0.03', '0.03', '0.03', '0.03', '0.03'], attacker: ['0.03', '0.03', '0.03', '0.03', '0.03']
2026-05-14 08:35:29 | INFO    | dpfl.core.base_simulator | Round  47/150 | Acc: 0.8836 | Loss: 0.3967 | eps: 0.00 | P: nan R: nan F1: nan
2026-05-14 08:35:29 | DEBUG   | dpfl.core.base_simulator | Update norms — honest: ['0.03', '0.03', '0.03', '0.03', '0.03'], attacker: ['0.03', '0.03', '0.03', '0.03', '0.03']
2026-05-14 08:35:40 | INFO    | dpfl.core.base_simulator | Round  48/150 | Acc: 0.8837 | Loss: 0.3955 | eps: 0.00 | P: nan R: nan F1: nan
2026-05-14 08:35:40 | DEBUG   | dpfl.core.base_simulator | Update norms — honest: ['0.03', '0.03', '0.03', '0.03', '0.03'], attacker: ['0.03', '0.03', '0.03', '0.03', '0.03']
2026-05-14 08:35:53 | INFO    | dpfl.core.base_simulator | Round  49/150 | Acc: 0.8840 | Loss: 0.3942 | eps: 0.00 | P: nan R: nan F1: nan
2026-05-14 08:35:53 | DEBUG   | dpfl.core.base_simulator | Update norms — honest: ['0.03', '0.03', '0.03', '0.03', '0.03'], attacker: ['0.03', '0.03', '0.03', '0.03', '0.03']
2026-05-14 08:36:04 | INFO    | dpfl.core.base_simulator | Round  50/150 | Acc: 0.8843 | Loss: 0.3929 | eps: 0.00 | P: nan R: nan F1: nan
2026-05-14 08:36:04 | DEBUG   | dpfl.core.base_simulator | Update norms — honest: ['0.03', '0.03', '0.03', '0.03', '0.03'], attacker: ['0.03', '0.03', '0.03', '0.03', '0.03']
2026-05-14 08:36:15 | INFO    | dpfl.core.base_simulator | Round  51/150 | Acc: 0.8843 | Loss: 0.3920 | eps: 0.00 | P: nan R: 0.00 F1: nan
2026-05-14 08:36:15 | DEBUG   | dpfl.core.base_simulator | Update norms — honest: ['0.03', '0.02', '0.03', '0.03', '0.03'], attacker: ['0.14', '0.16', '0.15', '0.15', '0.14']
2026-05-14 08:36:27 | INFO    | dpfl.core.base_simulator | Round  52/150 | Acc: 0.8844 | Loss: 0.3912 | eps: 0.00 | P: nan R: 0.00 F1: nan
2026-05-14 08:36:27 | DEBUG   | dpfl.core.base_simulator | Update norms — honest: ['0.03', '0.03', '0.03', '0.03', '0.03'], attacker: ['0.16', '0.23', '0.18', '0.20', '0.16']
2026-05-14 08:36:38 | INFO    | dpfl.core.base_simulator | Round  53/150 | Acc: 0.8843 | Loss: 0.3909 | eps: 0.00 | P: nan R: 0.00 F1: nan
2026-05-14 08:36:38 | DEBUG   | dpfl.core.base_simulator | Update norms — honest: ['0.03', '0.03', '0.03', '0.03', '0.03'], attacker: ['0.30', '0.54', '0.28', '0.40', '0.25']
2026-05-14 08:36:51 | INFO    | dpfl.core.base_simulator | Round  54/150 | Acc: 0.8778 | Loss: 0.4154 | eps: 0.00 | P: nan R: 0.00 F1: nan
2026-05-14 08:36:51 | DEBUG   | dpfl.core.base_simulator | Update norms — honest: ['0.03', '0.03', '0.03', '0.02', '0.03'], attacker: ['0.80', '1.65', '0.86', '1.13', '0.68']
2026-05-14 08:37:03 | INFO    | dpfl.core.base_simulator | Round  55/150 | Acc: 0.8565 | Loss: 0.6357 | eps: 0.00 | P: nan R: 0.00 F1: nan
2026-05-14 08:37:03 | DEBUG   | dpfl.core.base_simulator | Update norms — honest: ['0.02', '0.24', '0.02', '0.02', '0.03'], attacker: ['2.38', '4.41', '3.25', '2.96', '2.29']
2026-05-14 08:37:14 | INFO    | dpfl.core.base_simulator | Round  56/150 | Acc: 0.8606 | Loss: 0.8919 | eps: 0.00 | P: 1.00 R: 0.69 F1: 0.88
2026-05-14 08:37:14 | DEBUG   | dpfl.core.base_simulator | Update norms — honest: ['0.03', '0.04', '0.03', '0.02', '0.03'], attacker: ['7.21', '12.92', '11.33', '8.77', '7.52']
2026-05-14 08:37:25 | INFO    | dpfl.core.base_simulator | Round  57/150 | Acc: 0.8837 | Loss: 0.3909 | eps: 0.00 | P: 1.00 R: 1.00 F1: 1.00
2026-05-14 08:37:25 | DEBUG   | dpfl.core.base_simulator | Update norms — honest: ['0.02', '0.03', '0.03', '0.02', '0.03'], attacker: ['25.38', '41.40', '42.77', '29.46', '30.98']
2026-05-14 08:37:36 | INFO    | dpfl.core.base_simulator | Round  58/150 | Acc: 0.8848 | Loss: 0.3874 | eps: 0.00 | P: 1.00 R: 1.00 F1: 1.00
2026-05-14 08:37:36 | DEBUG   | dpfl.core.base_simulator | Update norms — honest: ['0.03', '0.03', '0.03', '0.02', '0.03'], attacker: ['91.62', '139.54', '160.47', '108.43', '128.79']
2026-05-14 08:37:48 | INFO    | dpfl.core.base_simulator | Round  59/150 | Acc: 0.8851 | Loss: 0.3865 | eps: 0.00 | P: 1.00 R: 1.00 F1: 1.00
2026-05-14 08:37:48 | DEBUG   | dpfl.core.base_simulator | Update norms — honest: ['0.03', '0.03', '0.03', '0.02', '0.03'], attacker: ['368.34', '506.77', '632.23', '435.53', '527.50']
2026-05-14 08:38:00 | INFO    | dpfl.core.base_simulator | Round  60/150 | Acc: 0.8851 | Loss: 0.3858 | eps: 0.00 | P: 1.00 R: 1.00 F1: 1.00
2026-05-14 08:38:00 | DEBUG   | dpfl.core.base_simulator | Update norms — honest: ['0.02', '0.02', '0.02', '0.02', '0.03'], attacker: ['1647.42', '1942.63', '2465.62', '1830.53', '2160.62']
2026-05-14 08:38:12 | INFO    | dpfl.core.base_simulator | Round  61/150 | Acc: 0.8853 | Loss: 0.3850 | eps: 0.00 | P: 1.00 R: 1.00 F1: 1.00
2026-05-14 08:38:12 | DEBUG   | dpfl.core.base_simulator | Update norms — honest: ['0.02', '0.02', '0.02', '0.02', '0.02'], attacker: ['7190.92', '8128.73', '9718.53', '7584.24', '8878.83']
2026-05-14 08:38:24 | INFO    | dpfl.core.base_simulator | Round  62/150 | Acc: 0.8855 | Loss: 0.3843 | eps: 0.00 | P: 1.00 R: 1.00 F1: 1.00
2026-05-14 08:38:24 | DEBUG   | dpfl.core.base_simulator | Update norms — honest: ['0.02', '0.02', '0.02', '0.02', '0.02'], attacker: ['30465.93', '31126.06', '36850.16', '31330.23', '33992.63']
2026-05-14 08:38:36 | INFO    | dpfl.core.base_simulator | Round  63/150 | Acc: 0.8855 | Loss: 0.3839 | eps: 0.00 | P: 1.00 R: 1.00 F1: 1.00
2026-05-14 08:38:36 | DEBUG   | dpfl.core.base_simulator | Update norms — honest: ['0.02', '0.02', '0.02', '0.02', '0.02'], attacker: ['121777.66', '124967.23', '136777.92', '125597.21', '138705.19']
2026-05-14 08:38:49 | INFO    | dpfl.core.base_simulator | Round  64/150 | Acc: 0.8857 | Loss: 0.3833 | eps: 0.00 | P: 1.00 R: 1.00 F1: 1.00
2026-05-14 08:38:49 | DEBUG   | dpfl.core.base_simulator | Update norms — honest: ['0.02', '0.02', '0.02', '0.02', '0.02'], attacker: ['499291.72', '508701.28', '543187.81', '505559.16', '526376.62']
2026-05-14 08:39:00 | INFO    | dpfl.core.base_simulator | Round  65/150 | Acc: 0.8857 | Loss: 0.3828 | eps: 0.00 | P: 1.00 R: 1.00 F1: 1.00
2026-05-14 08:39:00 | DEBUG   | dpfl.core.base_simulator | Update norms — honest: ['0.02', '0.02', '0.02', '0.02', '0.02'], attacker: ['2048458.50', '1981522.75', '2073436.75', '2012447.75', '2040443.75']
2026-05-14 08:39:12 | INFO    | dpfl.core.base_simulator | Round  66/150 | Acc: 0.8859 | Loss: 0.3822 | eps: 0.00 | P: 1.00 R: 1.00 F1: 1.00
2026-05-14 08:39:12 | DEBUG   | dpfl.core.base_simulator | Update norms — honest: ['0.02', '0.02', '0.02', '0.02', '0.02'], attacker: ['7885385.50', '7871906.00', '8070037.50', '7981154.50', '8628359.00']
2026-05-14 08:39:24 | INFO    | dpfl.core.base_simulator | Round  67/150 | Acc: 0.8860 | Loss: 0.3818 | eps: 0.00 | P: 1.00 R: 1.00 F1: 1.00
2026-05-14 08:39:24 | DEBUG   | dpfl.core.base_simulator | Update norms — honest: ['0.02', '0.02', '0.02', '0.02', '0.02'], attacker: ['31462984.00', '31724622.00', '32351258.00', '31300238.00', '32639904.00']
2026-05-14 08:39:37 | INFO    | dpfl.core.base_simulator | Round  68/150 | Acc: 0.8861 | Loss: 0.3814 | eps: 0.00 | P: 1.00 R: 1.00 F1: 1.00
2026-05-14 08:39:37 | DEBUG   | dpfl.core.base_simulator | Update norms — honest: ['0.02', '0.02', '0.02', '0.02', '0.02'], attacker: ['124237288.00', '124667664.00', '127829248.00', '122306912.00', '126630840.00']
2026-05-14 08:39:47 | INFO    | dpfl.core.base_simulator | Round  69/150 | Acc: 0.8861 | Loss: 0.3811 | eps: 0.00 | P: 1.00 R: 1.00 F1: 1.00
2026-05-14 08:39:47 | DEBUG   | dpfl.core.base_simulator | Update norms — honest: ['0.02', '0.02', '0.02', '0.02', '0.02'], attacker: ['487352192.00', '483540672.00', '499428480.00', '482612928.00', '497352128.00']
2026-05-14 08:39:58 | INFO    | dpfl.core.base_simulator | Round  70/150 | Acc: 0.8862 | Loss: 0.3807 | eps: 0.00 | P: 1.00 R: 1.00 F1: 1.00
2026-05-14 08:39:58 | DEBUG   | dpfl.core.base_simulator | Update norms — honest: ['0.02', '0.02', '0.02', '0.02', '0.02'], attacker: ['1946903680.00', '1897766272.00', '1968440320.00', '1869130752.00', '1953879936.00']
2026-05-14 08:40:09 | INFO    | dpfl.core.base_simulator | Round  71/150 | Acc: 0.8862 | Loss: 0.3804 | eps: 0.00 | P: 1.00 R: 1.00 F1: 1.00
2026-05-14 08:40:09 | DEBUG   | dpfl.core.base_simulator | Update norms — honest: ['0.02', '0.02', '0.02', '0.02', '0.02'], attacker: ['7685611520.00', '7656549888.00', '7858755072.00', '7421841920.00', '7685116416.00']
2026-05-14 08:40:21 | INFO    | dpfl.core.base_simulator | Round  72/150 | Acc: 0.8863 | Loss: 0.3802 | eps: 0.00 | P: 1.00 R: 1.00 F1: 1.00
2026-05-14 08:40:21 | DEBUG   | dpfl.core.base_simulator | Update norms — honest: ['0.02', '0.02', '0.02', '0.02', '0.02'], attacker: ['29895849984.00', '30092015616.00', '30560176128.00', '29329246208.00', '29296125952.00']
2026-05-14 08:40:33 | INFO    | dpfl.core.base_simulator | Round  73/150 | Acc: 0.8864 | Loss: 0.3799 | eps: 0.00 | P: 1.00 R: 1.00 F1: 1.00
2026-05-14 08:40:33 | DEBUG   | dpfl.core.base_simulator | Update norms — honest: ['0.02', '0.02', '0.02', '0.02', '0.02'], attacker: ['118346031104.00', '120458297344.00', '121715228672.00', '115900571648.00', '119969546240.00']
2026-05-14 08:40:45 | INFO    | dpfl.core.base_simulator | Round  74/150 | Acc: 0.8865 | Loss: 0.3796 | eps: 0.00 | P: 1.00 R: 1.00 F1: 1.00
2026-05-14 08:40:45 | DEBUG   | dpfl.core.base_simulator | Update norms — honest: ['0.02', '0.02', '0.02', '0.02', '0.02'], attacker: ['474905837568.00', '463414329344.00', '469720301568.00', '451652616192.00', '465930715136.00']
2026-05-14 08:40:55 | INFO    | dpfl.core.base_simulator | Round  75/150 | Acc: 0.8864 | Loss: 0.3794 | eps: 0.00 | P: 1.00 R: 1.00 F1: 1.00
2026-05-14 08:40:55 | DEBUG   | dpfl.core.base_simulator | Update norms — honest: ['0.02', '0.02', '0.02', '0.02', '0.02'], attacker: ['1838652456960.00', '1818775257088.00', '1841278353408.00', '1770371809280.00', '1841336025088.00']
2026-05-14 08:41:05 | INFO    | dpfl.core.base_simulator | Round  76/150 | Acc: 0.8865 | Loss: 0.3792 | eps: 0.00 | P: 1.00 R: 1.00 F1: 1.00
2026-05-14 08:41:05 | DEBUG   | dpfl.core.base_simulator | Update norms — honest: ['0.02', '0.02', '0.02', '0.02', '0.02'], attacker: ['7300368564224.00', '7343701491712.00', '7366925877248.00', '7138065252352.00', '7265869365248.00']
2026-05-14 08:41:18 | INFO    | dpfl.core.base_simulator | Round  77/150 | Acc: 0.8865 | Loss: 0.3789 | eps: 0.00 | P: 1.00 R: 1.00 F1: 1.00
2026-05-14 08:41:18 | DEBUG   | dpfl.core.base_simulator | Update norms — honest: ['0.02', '0.02', '0.02', '0.02', '0.02'], attacker: ['28433260216320.00', '28940708085760.00', '28850924814336.00', '28405481340928.00', '28925862346752.00']
2026-05-14 08:41:30 | INFO    | dpfl.core.base_simulator | Round  78/150 | Acc: 0.8866 | Loss: 0.3788 | eps: 0.00 | P: 1.00 R: 1.00 F1: 1.00
2026-05-14 08:41:30 | DEBUG   | dpfl.core.base_simulator | Update norms — honest: ['0.02', '0.02', '0.02', '0.02', '0.02'], attacker: ['115215937044480.00', '114809349603328.00', '113161785049088.00', '110337131020288.00', '111044970151936.00']
2026-05-14 08:41:42 | INFO    | dpfl.core.base_simulator | Round  79/150 | Acc: 0.8866 | Loss: 0.3786 | eps: 0.00 | P: 1.00 R: 1.00 F1: 1.00
2026-05-14 08:41:42 | DEBUG   | dpfl.core.base_simulator | Update norms — honest: ['0.02', '0.02', '0.02', '0.02', '0.02'], attacker: ['429057267204096.00', '438721547599872.00', '434908287729664.00', '429698861498368.00', '441855598657536.00']
2026-05-14 08:41:52 | INFO    | dpfl.core.base_simulator | Round  80/150 | Acc: 0.8866 | Loss: 0.3785 | eps: 0.00 | P: 1.00 R: 1.00 F1: 1.00
2026-05-14 08:41:52 | DEBUG   | dpfl.core.base_simulator | Update norms — honest: ['0.02', '0.02', '0.02', '0.02', '0.02'], attacker: ['1751436929007616.00', '1745420485132288.00', '1759732255686656.00', '1745348544430080.00', '1749651027918848.00']
2026-05-14 08:42:03 | INFO    | dpfl.core.base_simulator | Round  81/150 | Acc: 0.8867 | Loss: 0.3784 | eps: 0.00 | P: 1.00 R: 1.00 F1: 1.00
2026-05-14 08:42:03 | DEBUG   | dpfl.core.base_simulator | Update norms — honest: ['0.02', '0.02', '0.02', '0.02', '0.02'], attacker: ['6943743957532672.00', '7029559551590400.00', '6969049904840704.00', '6881120650002432.00', '6897176311496704.00']
2026-05-14 08:42:14 | INFO    | dpfl.core.base_simulator | Round  82/150 | Acc: 0.8868 | Loss: 0.3782 | eps: 0.00 | P: 1.00 R: 1.00 F1: 1.00
2026-05-14 08:42:14 | DEBUG   | dpfl.core.base_simulator | Update norms — honest: ['0.02', '0.02', '0.02', '0.02', '0.02'], attacker: ['26737116310405120.00', '27347553569734656.00', '27802143645761536.00', '26310342590070784.00', '27559697036869632.00']
2026-05-14 08:42:22 | INFO    | dpfl.core.base_simulator | Round  83/150 | Acc: 0.8867 | Loss: 0.3783 | eps: 0.00 | P: 1.00 R: 1.00 F1: 1.00
2026-05-14 08:42:22 | DEBUG   | dpfl.core.base_simulator | Update norms — honest: ['0.02', '0.02', '0.02', '0.02', '0.02'], attacker: ['107430094284259328.00', '109483578278019072.00', '108617369273761792.00', '105669157692899328.00', '109654268868296704.00']
2026-05-14 08:42:24 | INFO    | dpfl.core.base_simulator | Round  84/150 | Acc: 0.8868 | Loss: 0.3782 | eps: 0.00 | P: 1.00 R: 1.00 F1: 1.00
2026-05-14 08:42:24 | DEBUG   | dpfl.core.base_simulator | Update norms — honest: ['0.02', '0.02', '0.02', '0.02', '0.02'], attacker: ['428709925951111168.00', '432707234833629184.00', '432346698098933760.00', '409821415697547264.00', '438291757470318592.00']
2026-05-14 08:42:26 | INFO    | dpfl.core.base_simulator | Round  85/150 | Acc: 0.8869 | Loss: 0.3781 | eps: 0.00 | P: 1.00 R: 1.00 F1: 1.00
2026-05-14 08:42:26 | DEBUG   | dpfl.core.base_simulator | Update norms — honest: ['0.02', '0.02', '0.02', '0.02', '0.02'], attacker: ['1713781836179570688.00', '1695729229641023488.00', '1713211464522661888.00', '1653787671404740608.00', '1705957573997363200.00']
2026-05-14 08:42:38 | INFO    | dpfl.core.base_simulator | Round  86/150 | Acc: 0.8869 | Loss: 0.3781 | eps: 0.00 | P: 1.00 R: 1.00 F1: 1.00
2026-05-14 08:42:38 | DEBUG   | dpfl.core.base_simulator | Update norms — honest: ['0.02', '0.02', '0.02', '0.02', '0.02'], attacker: ['6750370274870296576.00', '6843325186905735168.00', '6945129518277328896.00', '6591350107168309248.00', '6730652732849389568.00']
2026-05-14 08:43:07 | INFO    | dpfl.core.base_simulator | Round  87/150 | Acc: 0.8869 | Loss: 0.3781 | eps: 0.00 | P: 1.00 R: 1.00 F1: 1.00
2026-05-14 08:43:07 | DEBUG   | dpfl.core.base_simulator | Update norms — honest: ['0.02', '0.02', '0.02', '0.02', '0.02'], attacker: ['nan', 'nan', 'nan', 'nan', 'nan']
2026-05-14 08:43:33 | INFO    | dpfl.core.base_simulator | Round  88/150 | Acc: 0.8869 | Loss: 0.3780 | eps: 0.00 | P: 1.00 R: 1.00 F1: 1.00
2026-05-14 08:43:33 | DEBUG   | dpfl.core.base_simulator | Update norms — honest: ['0.02', '0.02', '0.02', '0.02', '0.02'], attacker: ['nan', 'nan', 'nan', 'nan', 'nan']
2026-05-14 08:43:56 | INFO    | dpfl.core.base_simulator | Round  89/150 | Acc: 0.8869 | Loss: 0.3780 | eps: 0.00 | P: 1.00 R: 1.00 F1: 1.00
2026-05-14 08:43:56 | DEBUG   | dpfl.core.base_simulator | Update norms — honest: ['0.02', '0.02', '0.02', '0.02', '0.02'], attacker: ['nan', 'nan', 'nan', 'nan', 'nan']
2026-05-14 08:44:25 | INFO    | dpfl.core.base_simulator | Round  90/150 | Acc: 0.8870 | Loss: 0.3780 | eps: 0.00 | P: 1.00 R: 1.00 F1: 1.00
2026-05-14 08:44:25 | DEBUG   | dpfl.core.base_simulator | Update norms — honest: ['0.02', '0.02', '0.02', '0.02', '0.02'], attacker: ['nan', 'nan', 'nan', 'nan', 'nan']
2026-05-14 08:44:50 | INFO    | dpfl.core.base_simulator | Round  91/150 | Acc: 0.8870 | Loss: 0.3779 | eps: 0.00 | P: 1.00 R: 1.00 F1: 1.00
2026-05-14 08:44:50 | DEBUG   | dpfl.core.base_simulator | Update norms — honest: ['0.02', '0.02', '0.02', '0.02', '0.02'], attacker: ['nan', 'nan', 'nan', 'nan', 'nan']
2026-05-14 08:44:53 | INFO    | dpfl.core.base_simulator | Round  92/150 | Acc: 0.8869 | Loss: 0.3781 | eps: 0.00 | P: 1.00 R: 1.00 F1: 1.00
2026-05-14 08:44:53 | DEBUG   | dpfl.core.base_simulator | Update norms — honest: ['0.02', '0.02', '0.02', '0.02', '0.02'], attacker: ['nan', 'nan', 'nan', 'nan', 'nan']
2026-05-14 08:44:55 | INFO    | dpfl.core.base_simulator | Round  93/150 | Acc: 0.8870 | Loss: 0.3781 | eps: 0.00 | P: 1.00 R: 1.00 F1: 1.00
2026-05-14 08:44:55 | DEBUG   | dpfl.core.base_simulator | Update norms — honest: ['0.02', '0.02', '0.02', '0.02', '0.02'], attacker: ['nan', 'nan', 'nan', 'nan', 'nan']
2026-05-14 08:45:08 | INFO    | dpfl.core.base_simulator | Round  94/150 | Acc: 0.8870 | Loss: 0.3781 | eps: 0.00 | P: 1.00 R: 1.00 F1: 1.00
2026-05-14 08:45:08 | DEBUG   | dpfl.core.base_simulator | Update norms — honest: ['0.02', '0.02', '0.02', '0.02', '0.02'], attacker: ['nan', 'nan', 'nan', 'nan', 'nan']
2026-05-14 08:45:18 | INFO    | dpfl.core.base_simulator | Round  95/150 | Acc: 0.8870 | Loss: 0.3782 | eps: 0.00 | P: 1.00 R: 1.00 F1: 1.00
2026-05-14 08:45:18 | DEBUG   | dpfl.core.base_simulator | Update norms — honest: ['0.02', '0.02', '0.02', '0.02', '0.02'], attacker: ['nan', 'nan', 'nan', 'nan', 'nan']
2026-05-14 08:45:20 | INFO    | dpfl.core.base_simulator | Round  96/150 | Acc: 0.8871 | Loss: 0.3782 | eps: 0.00 | P: 1.00 R: 1.00 F1: 1.00
2026-05-14 08:45:20 | DEBUG   | dpfl.core.base_simulator | Update norms — honest: ['0.02', '0.02', '0.02', '0.02', '0.02'], attacker: ['nan', 'nan', 'nan', 'nan', 'nan']
2026-05-14 08:45:22 | INFO    | dpfl.core.base_simulator | Round  97/150 | Acc: 0.8870 | Loss: 0.3784 | eps: 0.00 | P: 1.00 R: 1.00 F1: 1.00
2026-05-14 08:45:22 | DEBUG   | dpfl.core.base_simulator | Update norms — honest: ['0.02', '0.02', '0.02', '0.02', '0.02'], attacker: ['nan', 'nan', 'nan', 'nan', 'nan']
2026-05-14 08:45:24 | INFO    | dpfl.core.base_simulator | Round  98/150 | Acc: 0.8870 | Loss: 0.3784 | eps: 0.00 | P: 1.00 R: 1.00 F1: 1.00
2026-05-14 08:45:24 | DEBUG   | dpfl.core.base_simulator | Update norms — honest: ['0.02', '0.02', '0.02', '0.02', '0.02'], attacker: ['nan', 'nan', 'nan', 'nan', 'nan']
2026-05-14 08:45:35 | INFO    | dpfl.core.base_simulator | Round  99/150 | Acc: 0.8871 | Loss: 0.3786 | eps: 0.00 | P: 1.00 R: 1.00 F1: 1.00
2026-05-14 08:45:35 | DEBUG   | dpfl.core.base_simulator | Update norms — honest: ['0.02', '0.02', '0.02', '0.02', '0.02'], attacker: ['nan', 'nan', 'nan', 'nan', 'nan']
2026-05-14 08:45:37 | INFO    | dpfl.core.base_simulator | Round 100/150 | Acc: 0.8871 | Loss: 0.3787 | eps: 0.00 | P: 1.00 R: 1.00 F1: 1.00
2026-05-14 08:45:37 | DEBUG   | dpfl.core.base_simulator | Update norms — honest: ['0.02', '0.02', '0.02', '0.02', '0.02'], attacker: ['nan', 'nan', 'nan', 'nan', 'nan']
2026-05-14 08:45:39 | INFO    | dpfl.core.base_simulator | Round 101/150 | Acc: 0.8871 | Loss: 0.3788 | eps: 0.00 | P: 1.00 R: 1.00 F1: 1.00
2026-05-14 08:45:39 | DEBUG   | dpfl.core.base_simulator | Update norms — honest: ['0.02', '0.02', '0.02', '0.01', '0.02'], attacker: ['nan', 'nan', 'nan', 'nan', 'nan']
2026-05-14 08:45:41 | INFO    | dpfl.core.base_simulator | Round 102/150 | Acc: 0.8871 | Loss: 0.3788 | eps: 0.00 | P: 1.00 R: 1.00 F1: 1.00
2026-05-14 08:45:41 | DEBUG   | dpfl.core.base_simulator | Update norms — honest: ['0.02', '0.02', '0.02', '0.02', '0.02'], attacker: ['nan', 'nan', 'nan', 'nan', 'nan']
2026-05-14 08:45:52 | INFO    | dpfl.core.base_simulator | Round 103/150 | Acc: 0.8871 | Loss: 0.3789 | eps: 0.00 | P: 1.00 R: 1.00 F1: 1.00
2026-05-14 08:45:52 | DEBUG   | dpfl.core.base_simulator | Update norms — honest: ['0.02', '0.02', '0.02', '0.02', '0.02'], attacker: ['nan', 'nan', 'nan', 'nan', 'nan']
2026-05-14 08:45:53 | INFO    | dpfl.core.base_simulator | Round 104/150 | Acc: 0.8871 | Loss: 0.3791 | eps: 0.00 | P: 1.00 R: 1.00 F1: 1.00
2026-05-14 08:45:53 | DEBUG   | dpfl.core.base_simulator | Update norms — honest: ['0.02', '0.02', '0.02', '0.02', '0.02'], attacker: ['nan', 'nan', 'nan', 'nan', 'nan']
2026-05-14 08:45:55 | INFO    | dpfl.core.base_simulator | Round 105/150 | Acc: 0.8871 | Loss: 0.3792 | eps: 0.00 | P: 1.00 R: 1.00 F1: 1.00
2026-05-14 08:45:55 | DEBUG   | dpfl.core.base_simulator | Update norms — honest: ['0.02', '0.02', '0.02', '0.02', '0.02'], attacker: ['nan', 'nan', 'nan', 'nan', 'nan']
2026-05-14 08:45:57 | INFO    | dpfl.core.base_simulator | Round 106/150 | Acc: 0.8871 | Loss: 0.3795 | eps: 0.00 | P: 1.00 R: 1.00 F1: 1.00
2026-05-14 08:45:57 | DEBUG   | dpfl.core.base_simulator | Update norms — honest: ['0.02', '0.02', '0.02', '0.01', '0.02'], attacker: ['nan', 'nan', 'nan', 'nan', 'nan']
2026-05-14 08:46:07 | INFO    | dpfl.core.base_simulator | Round 107/150 | Acc: 0.8872 | Loss: 0.3796 | eps: 0.00 | P: 1.00 R: 1.00 F1: 1.00
2026-05-14 08:46:07 | DEBUG   | dpfl.core.base_simulator | Update norms — honest: ['0.01', '0.01', '0.02', '0.01', '0.01'], attacker: ['nan', 'nan', 'nan', 'nan', 'nan']
2026-05-14 08:46:10 | INFO    | dpfl.core.base_simulator | Round 108/150 | Acc: 0.8872 | Loss: 0.3797 | eps: 0.00 | P: 1.00 R: 1.00 F1: 1.00
2026-05-14 08:46:10 | DEBUG   | dpfl.core.base_simulator | Update norms — honest: ['0.01', '0.02', '0.01', '0.01', '0.02'], attacker: ['nan', 'nan', 'nan', 'nan', 'nan']
2026-05-14 08:46:11 | INFO    | dpfl.core.base_simulator | Round 109/150 | Acc: 0.8871 | Loss: 0.3799 | eps: 0.00 | P: 1.00 R: 1.00 F1: 1.00
2026-05-14 08:46:11 | DEBUG   | dpfl.core.base_simulator | Update norms — honest: ['0.02', '0.01', '0.01', '0.01', '0.01'], attacker: ['nan', 'nan', 'nan', 'nan', 'nan']
2026-05-14 08:46:13 | INFO    | dpfl.core.base_simulator | Round 110/150 | Acc: 0.8871 | Loss: 0.3800 | eps: 0.00 | P: 1.00 R: 1.00 F1: 1.00
2026-05-14 08:46:13 | DEBUG   | dpfl.core.base_simulator | Update norms — honest: ['0.01', '0.01', '0.01', '0.01', '0.01'], attacker: ['nan', 'nan', 'nan', 'nan', 'nan']
2026-05-14 08:46:18 | INFO    | dpfl.core.base_simulator | Round 111/150 | Acc: 0.8871 | Loss: 0.3802 | eps: 0.00 | P: 1.00 R: 1.00 F1: 1.00
2026-05-14 08:46:18 | DEBUG   | dpfl.core.base_simulator | Update norms — honest: ['0.02', '0.01', '0.02', '0.01', '0.02'], attacker: ['nan', 'nan', 'nan', 'nan', 'nan']
2026-05-14 08:46:26 | INFO    | dpfl.core.base_simulator | Round 112/150 | Acc: 0.8871 | Loss: 0.3804 | eps: 0.00 | P: 1.00 R: 1.00 F1: 1.00
2026-05-14 08:46:26 | DEBUG   | dpfl.core.base_simulator | Update norms — honest: ['0.01', '0.02', '0.02', '0.02', '0.02'], attacker: ['nan', 'nan', 'nan', 'nan', 'nan']
2026-05-14 08:46:28 | INFO    | dpfl.core.base_simulator | Round 113/150 | Acc: 0.8872 | Loss: 0.3806 | eps: 0.00 | P: 1.00 R: 1.00 F1: 1.00
2026-05-14 08:46:28 | DEBUG   | dpfl.core.base_simulator | Update norms — honest: ['0.01', '0.01', '0.01', '0.01', '0.01'], attacker: ['nan', 'nan', 'nan', 'nan', 'nan']
2026-05-14 08:46:30 | INFO    | dpfl.core.base_simulator | Round 114/150 | Acc: 0.8872 | Loss: 0.3807 | eps: 0.00 | P: 1.00 R: 1.00 F1: 1.00
2026-05-14 08:46:30 | DEBUG   | dpfl.core.base_simulator | Update norms — honest: ['0.02', '0.01', '0.02', '0.01', '0.02'], attacker: ['nan', 'nan', 'nan', 'nan', 'nan']
2026-05-14 08:46:33 | INFO    | dpfl.core.base_simulator | Round 115/150 | Acc: 0.8871 | Loss: 0.3810 | eps: 0.00 | P: 1.00 R: 1.00 F1: 1.00
2026-05-14 08:46:33 | DEBUG   | dpfl.core.base_simulator | Update norms — honest: ['0.01', '0.01', '0.01', '0.01', '0.01'], attacker: ['nan', 'nan', 'nan', 'nan', 'nan']
2026-05-14 08:46:43 | INFO    | dpfl.core.base_simulator | Round 116/150 | Acc: 0.8871 | Loss: 0.3812 | eps: 0.00 | P: 1.00 R: 1.00 F1: 1.00
2026-05-14 08:46:43 | DEBUG   | dpfl.core.base_simulator | Update norms — honest: ['0.01', '0.01', '0.01', '0.01', '0.01'], attacker: ['nan', 'nan', 'nan', 'nan', 'nan']
2026-05-14 08:46:44 | INFO    | dpfl.core.base_simulator | Round 117/150 | Acc: 0.8872 | Loss: 0.3814 | eps: 0.00 | P: 1.00 R: 1.00 F1: 1.00
2026-05-14 08:46:44 | DEBUG   | dpfl.core.base_simulator | Update norms — honest: ['0.01', '0.01', '0.01', '0.01', '0.01'], attacker: ['nan', 'nan', 'nan', 'nan', 'nan']
2026-05-14 08:46:46 | INFO    | dpfl.core.base_simulator | Round 118/150 | Acc: 0.8872 | Loss: 0.3816 | eps: 0.00 | P: 1.00 R: 1.00 F1: 1.00
2026-05-14 08:46:46 | DEBUG   | dpfl.core.base_simulator | Update norms — honest: ['0.01', '0.01', '0.01', '0.01', '0.02'], attacker: ['nan', 'nan', 'nan', 'nan', 'nan']
2026-05-14 08:46:51 | INFO    | dpfl.core.base_simulator | Round 119/150 | Acc: 0.8872 | Loss: 0.3818 | eps: 0.00 | P: 1.00 R: 1.00 F1: 1.00
2026-05-14 08:46:51 | DEBUG   | dpfl.core.base_simulator | Update norms — honest: ['0.01', '0.02', '0.01', '0.01', '0.01'], attacker: ['nan', 'nan', 'nan', 'nan', 'nan']
2026-05-14 08:46:59 | INFO    | dpfl.core.base_simulator | Round 120/150 | Acc: 0.8872 | Loss: 0.3819 | eps: 0.00 | P: 1.00 R: 1.00 F1: 1.00
2026-05-14 08:46:59 | DEBUG   | dpfl.core.base_simulator | Update norms — honest: ['0.01', '0.01', '0.01', '0.01', '0.02'], attacker: ['nan', 'nan', 'nan', 'nan', 'nan']
2026-05-14 08:47:01 | INFO    | dpfl.core.base_simulator | Round 121/150 | Acc: 0.8871 | Loss: 0.3820 | eps: 0.00 | P: 1.00 R: 1.00 F1: 1.00
2026-05-14 08:47:01 | DEBUG   | dpfl.core.base_simulator | Update norms — honest: ['0.01', '0.01', '0.01', '0.01', '0.01'], attacker: ['nan', 'nan', 'nan', 'nan', 'nan']
2026-05-14 08:47:03 | INFO    | dpfl.core.base_simulator | Round 122/150 | Acc: 0.8871 | Loss: 0.3823 | eps: 0.00 | P: 1.00 R: 1.00 F1: 1.00
2026-05-14 08:47:03 | DEBUG   | dpfl.core.base_simulator | Update norms — honest: ['0.01', '0.01', '0.01', '0.01', '0.01'], attacker: ['nan', 'nan', 'nan', 'nan', 'nan']
2026-05-14 08:47:08 | INFO    | dpfl.core.base_simulator | Round 123/150 | Acc: 0.8872 | Loss: 0.3825 | eps: 0.00 | P: 1.00 R: 1.00 F1: 1.00
2026-05-14 08:47:08 | DEBUG   | dpfl.core.base_simulator | Update norms — honest: ['0.01', '0.01', '0.01', '0.01', '0.02'], attacker: ['nan', 'nan', 'nan', 'nan', 'nan']
2026-05-14 08:47:16 | INFO    | dpfl.core.base_simulator | Round 124/150 | Acc: 0.8872 | Loss: 0.3828 | eps: 0.00 | P: 1.00 R: 1.00 F1: 1.00
2026-05-14 08:47:16 | DEBUG   | dpfl.core.base_simulator | Update norms — honest: ['0.01', '0.01', '0.01', '0.01', '0.01'], attacker: ['nan', 'nan', 'nan', 'nan', 'nan']
2026-05-14 08:47:18 | INFO    | dpfl.core.base_simulator | Round 125/150 | Acc: 0.8872 | Loss: 0.3830 | eps: 0.00 | P: 1.00 R: 1.00 F1: 1.00
2026-05-14 08:47:18 | DEBUG   | dpfl.core.base_simulator | Update norms — honest: ['0.01', '0.01', '0.01', '0.01', '0.01'], attacker: ['nan', 'nan', 'nan', 'nan', 'nan']
2026-05-14 08:47:20 | INFO    | dpfl.core.base_simulator | Round 126/150 | Acc: 0.8872 | Loss: 0.3832 | eps: 0.00 | P: 1.00 R: 1.00 F1: 1.00
2026-05-14 08:47:20 | DEBUG   | dpfl.core.base_simulator | Update norms — honest: ['0.01', '0.01', '0.01', '0.01', '0.01'], attacker: ['nan', 'nan', 'nan', 'nan', 'nan']
2026-05-14 08:47:24 | INFO    | dpfl.core.base_simulator | Round 127/150 | Acc: 0.8872 | Loss: 0.3835 | eps: 0.00 | P: 1.00 R: 1.00 F1: 1.00
2026-05-14 08:47:24 | DEBUG   | dpfl.core.base_simulator | Update norms — honest: ['0.01', '0.01', '0.01', '0.01', '0.01'], attacker: ['nan', 'nan', 'nan', 'nan', 'nan']
2026-05-14 08:47:33 | INFO    | dpfl.core.base_simulator | Round 128/150 | Acc: 0.8872 | Loss: 0.3837 | eps: 0.00 | P: 1.00 R: 1.00 F1: 1.00
2026-05-14 08:47:33 | DEBUG   | dpfl.core.base_simulator | Update norms — honest: ['0.01', '0.01', '0.01', '0.01', '0.01'], attacker: ['nan', 'nan', 'nan', 'nan', 'nan']
2026-05-14 08:47:35 | INFO    | dpfl.core.base_simulator | Round 129/150 | Acc: 0.8871 | Loss: 0.3840 | eps: 0.00 | P: 1.00 R: 1.00 F1: 1.00
2026-05-14 08:47:35 | DEBUG   | dpfl.core.base_simulator | Update norms — honest: ['0.01', '0.01', '0.01', '0.01', '0.01'], attacker: ['nan', 'nan', 'nan', 'nan', 'nan']
2026-05-14 08:47:36 | INFO    | dpfl.core.base_simulator | Round 130/150 | Acc: 0.8871 | Loss: 0.3842 | eps: 0.00 | P: 1.00 R: 1.00 F1: 1.00
2026-05-14 08:47:36 | DEBUG   | dpfl.core.base_simulator | Update norms — honest: ['0.01', '0.01', '0.01', '0.01', '0.01'], attacker: ['nan', 'nan', 'nan', 'nan', 'nan']
2026-05-14 08:47:41 | INFO    | dpfl.core.base_simulator | Round 131/150 | Acc: 0.8872 | Loss: 0.3844 | eps: 0.00 | P: 1.00 R: 1.00 F1: 1.00
2026-05-14 08:47:41 | DEBUG   | dpfl.core.base_simulator | Update norms — honest: ['0.01', '0.01', '0.01', '0.01', '0.01'], attacker: ['nan', 'nan', 'nan', 'nan', 'nan']
2026-05-14 08:47:50 | INFO    | dpfl.core.base_simulator | Round 132/150 | Acc: 0.8872 | Loss: 0.3846 | eps: 0.00 | P: 1.00 R: 1.00 F1: 1.00
2026-05-14 08:47:50 | DEBUG   | dpfl.core.base_simulator | Update norms — honest: ['0.01', '0.01', '0.01', '0.01', '0.01'], attacker: ['nan', 'nan', 'nan', 'nan', 'nan']
2026-05-14 08:47:51 | INFO    | dpfl.core.base_simulator | Round 133/150 | Acc: 0.8872 | Loss: 0.3849 | eps: 0.00 | P: 1.00 R: 1.00 F1: 1.00
2026-05-14 08:47:51 | DEBUG   | dpfl.core.base_simulator | Update norms — honest: ['0.01', '0.01', '0.01', '0.01', '0.01'], attacker: ['nan', 'nan', 'nan', 'nan', 'nan']
2026-05-14 08:47:53 | INFO    | dpfl.core.base_simulator | Round 134/150 | Acc: 0.8872 | Loss: 0.3851 | eps: 0.00 | P: 1.00 R: 1.00 F1: 1.00
2026-05-14 08:47:53 | DEBUG   | dpfl.core.base_simulator | Update norms — honest: ['0.01', '0.01', '0.01', '0.01', '0.01'], attacker: ['nan', 'nan', 'nan', 'nan', 'nan']
2026-05-14 08:47:55 | INFO    | dpfl.core.base_simulator | Round 135/150 | Acc: 0.8872 | Loss: 0.3853 | eps: 0.00 | P: 1.00 R: 1.00 F1: 1.00
2026-05-14 08:47:55 | DEBUG   | dpfl.core.base_simulator | Update norms — honest: ['0.01', '0.01', '0.01', '0.01', '0.01'], attacker: ['nan', 'nan', 'nan', 'nan', 'nan']
2026-05-14 08:48:06 | INFO    | dpfl.core.base_simulator | Round 136/150 | Acc: 0.8872 | Loss: 0.3856 | eps: 0.00 | P: 1.00 R: 1.00 F1: 1.00
2026-05-14 08:48:06 | DEBUG   | dpfl.core.base_simulator | Update norms — honest: ['0.01', '0.01', '0.01', '0.01', '0.01'], attacker: ['nan', 'nan', 'nan', 'nan', 'nan']
2026-05-14 08:48:08 | INFO    | dpfl.core.base_simulator | Round 137/150 | Acc: 0.8872 | Loss: 0.3859 | eps: 0.00 | P: 1.00 R: 1.00 F1: 1.00
2026-05-14 08:48:08 | DEBUG   | dpfl.core.base_simulator | Update norms — honest: ['0.01', '0.01', '0.01', '0.01', '0.01'], attacker: ['nan', 'nan', 'nan', 'nan', 'nan']
2026-05-14 08:48:10 | INFO    | dpfl.core.base_simulator | Round 138/150 | Acc: 0.8872 | Loss: 0.3862 | eps: 0.00 | P: 1.00 R: 1.00 F1: 1.00
2026-05-14 08:48:10 | DEBUG   | dpfl.core.base_simulator | Update norms — honest: ['0.01', '0.01', '0.01', '0.01', '0.01'], attacker: ['nan', 'nan', 'nan', 'nan', 'nan']
2026-05-14 08:48:11 | INFO    | dpfl.core.base_simulator | Round 139/150 | Acc: 0.8872 | Loss: 0.3864 | eps: 0.00 | P: 1.00 R: 1.00 F1: 1.00
2026-05-14 08:48:11 | DEBUG   | dpfl.core.base_simulator | Update norms — honest: ['0.01', '0.01', '0.01', '0.01', '0.01'], attacker: ['nan', 'nan', 'nan', 'nan', 'nan']
2026-05-14 08:48:23 | INFO    | dpfl.core.base_simulator | Round 140/150 | Acc: 0.8872 | Loss: 0.3866 | eps: 0.00 | P: 1.00 R: 1.00 F1: 1.00
2026-05-14 08:48:23 | DEBUG   | dpfl.core.base_simulator | Update norms — honest: ['0.01', '0.01', '0.01', '0.01', '0.01'], attacker: ['nan', 'nan', 'nan', 'nan', 'nan']
2026-05-14 08:48:25 | INFO    | dpfl.core.base_simulator | Round 141/150 | Acc: 0.8872 | Loss: 0.3868 | eps: 0.00 | P: 1.00 R: 1.00 F1: 1.00
2026-05-14 08:48:25 | DEBUG   | dpfl.core.base_simulator | Update norms — honest: ['0.01', '0.01', '0.01', '0.01', '0.01'], attacker: ['nan', 'nan', 'nan', 'nan', 'nan']
2026-05-14 08:48:26 | INFO    | dpfl.core.base_simulator | Round 142/150 | Acc: 0.8872 | Loss: 0.3871 | eps: 0.00 | P: 1.00 R: 1.00 F1: 1.00
2026-05-14 08:48:26 | DEBUG   | dpfl.core.base_simulator | Update norms — honest: ['0.01', '0.01', '0.01', '0.01', '0.01'], attacker: ['nan', 'nan', 'nan', 'nan', 'nan']
2026-05-14 08:48:28 | INFO    | dpfl.core.base_simulator | Round 143/150 | Acc: 0.8872 | Loss: 0.3874 | eps: 0.00 | P: 1.00 R: 1.00 F1: 1.00
2026-05-14 08:48:28 | DEBUG   | dpfl.core.base_simulator | Update norms — honest: ['0.01', '0.01', '0.01', '0.01', '0.01'], attacker: ['nan', 'nan', 'nan', 'nan', 'nan']
2026-05-14 08:48:36 | INFO    | dpfl.core.base_simulator | Round 144/150 | Acc: 0.8872 | Loss: 0.3876 | eps: 0.00 | P: 1.00 R: 1.00 F1: 1.00
2026-05-14 08:48:36 | DEBUG   | dpfl.core.base_simulator | Update norms — honest: ['0.01', '0.01', '0.01', '0.01', '0.01'], attacker: ['nan', 'nan', 'nan', 'nan', 'nan']
2026-05-14 08:48:41 | INFO    | dpfl.core.base_simulator | Round 145/150 | Acc: 0.8872 | Loss: 0.3879 | eps: 0.00 | P: 1.00 R: 1.00 F1: 1.00
2026-05-14 08:48:41 | DEBUG   | dpfl.core.base_simulator | Update norms — honest: ['0.01', '0.01', '0.01', '0.01', '0.01'], attacker: ['nan', 'nan', 'nan', 'nan', 'nan']
2026-05-14 08:48:43 | INFO    | dpfl.core.base_simulator | Round 146/150 | Acc: 0.8872 | Loss: 0.3882 | eps: 0.00 | P: 1.00 R: 1.00 F1: 1.00
2026-05-14 08:48:43 | DEBUG   | dpfl.core.base_simulator | Update norms — honest: ['0.01', '0.01', '0.01', '0.01', '0.01'], attacker: ['nan', 'nan', 'nan', 'nan', 'nan']
2026-05-14 08:48:45 | INFO    | dpfl.core.base_simulator | Round 147/150 | Acc: 0.8872 | Loss: 0.3884 | eps: 0.00 | P: 1.00 R: 1.00 F1: 1.00
2026-05-14 08:48:45 | DEBUG   | dpfl.core.base_simulator | Update norms — honest: ['0.01', '0.01', '0.01', '0.01', '0.01'], attacker: ['nan', 'nan', 'nan', 'nan', 'nan']
2026-05-14 08:48:57 | INFO    | dpfl.core.base_simulator | Round 148/150 | Acc: 0.8871 | Loss: 0.3887 | eps: 0.00 | P: 1.00 R: 1.00 F1: 1.00
2026-05-14 08:48:57 | DEBUG   | dpfl.core.base_simulator | Update norms — honest: ['0.01', '0.01', '0.01', '0.01', '0.01'], attacker: ['nan', 'nan', 'nan', 'nan', 'nan']
2026-05-14 08:48:59 | INFO    | dpfl.core.base_simulator | Round 149/150 | Acc: 0.8872 | Loss: 0.3889 | eps: 0.00 | P: 1.00 R: 1.00 F1: 1.00
2026-05-14 08:48:59 | DEBUG   | dpfl.core.base_simulator | Update norms — honest: ['0.01', '0.01', '0.01', '0.01', '0.01'], attacker: ['nan', 'nan', 'nan', 'nan', 'nan']
2026-05-14 08:49:00 | INFO    | dpfl.core.base_simulator | Round 150/150 | Acc: 0.8872 | Loss: 0.3892 | eps: 0.00 | P: 1.00 R: 1.00 F1: 1.00
2026-05-14 08:49:00 | DEBUG   | dpfl.core.base_simulator | Update norms — honest: ['0.01', '0.01', '0.01', '0.01', '0.01'], attacker: ['nan', 'nan', 'nan', 'nan', 'nan']
2026-05-14 08:49:02 | INFO    | dpfl | Experiment complete in 1510.5s
============================================================
REPORT: DP-SGD Decentralized Federated Learning
============================================================
Timestamp:                  20260514_082350
Rounds completed:           150
Attack-active rounds:       100  (from round 50)
Final accuracy:             0.8872
Final test loss:            0.3892
Final epsilon:              0.00
Best alpha:                 None
Avg precision:              1.0000
Avg recall:                 0.9469
Avg F1 score:               0.9987
Avg update norm (honest):   0.0335
Avg update norm (attacker): nan
============================================================
