2026-05-14 07:30:17 | INFO    | dpfl | Experiment start: algorithm=noise_game, dataset=mnist, model=mlp, device=cuda
2026-05-14 07:30:17 | INFO    | dpfl | Config: nodes=500, attackers=200, rounds=150, noise_mode=none, attack=scale
2026-05-14 07:30:17 | INFO    | dpfl.data.mnist_dataset | Loading MNIST dataset...
2026-05-14 07:30:17 | INFO    | dpfl.data.mnist_dataset | MNIST loaded: 60000 train, 10000 test samples
2026-05-14 07:35:15 | INFO    | dpfl.core.base_simulator | Vectorized state ready: param_spec.D=50890, X_test=(10000, 1, 28, 28), train clients N=500, max_n_samples=1000
2026-05-14 07:35:15 | INFO    | dpfl.core.base_simulator | Setup complete: 500 nodes (200 attackers), param_dim=50890, split=iid
2026-05-14 07:35:15 | DEBUG   | dpfl.core.base_simulator | Attacker IDs: {0, 1, 2, 3, 4, 5, 6, 7, 8, 9, 10, 11, 12, 13, 14, 15, 16, 17, 18, 19, 20, 21, 22, 23, 24, 25, 26, 27, 28, 29, 30, 31, 32, 33, 34, 35, 36, 37, 38, 39, 40, 41, 42, 43, 44, 45, 46, 47, 48, 49, 50, 51, 52, 53, 54, 55, 56, 57, 58, 59, 60, 61, 62, 63, 64, 65, 66, 67, 68, 69, 70, 71, 72, 73, 74, 75, 76, 77, 78, 79, 80, 81, 82, 83, 84, 85, 86, 87, 88, 89, 90, 91, 92, 93, 94, 95, 96, 97, 98, 99, 100, 101, 102, 103, 104, 105, 106, 107, 108, 109, 110, 111, 112, 113, 114, 115, 116, 117, 118, 119, 120, 121, 122, 123, 124, 125, 126, 127, 128, 129, 130, 131, 132, 133, 134, 135, 136, 137, 138, 139, 140, 141, 142, 143, 144, 145, 146, 147, 148, 149, 150, 151, 152, 153, 154, 155, 156, 157, 158, 159, 160, 161, 162, 163, 164, 165, 166, 167, 168, 169, 170, 171, 172, 173, 174, 175, 176, 177, 178, 179, 180, 181, 182, 183, 184, 185, 186, 187, 188, 189, 190, 191, 192, 193, 194, 195, 196, 197, 198, 199}
2026-05-14 07:36:17 | INFO    | dpfl.core.base_simulator | Round   1/150 | Acc: 0.3800 | Loss: 2.0956 | eps_max: 1.91 eps_avg: 0.79 | P: nan R: nan F1: nan
2026-05-14 07:36:17 | DEBUG   | dpfl.core.base_simulator | Update norms — honest: ['0.56', '0.56', '0.56', '0.56', '0.57'], attacker: ['0.56', '0.57', '0.57', '0.56', '0.56']
2026-05-14 07:36:33 | INFO    | dpfl.core.base_simulator | Round   2/150 | Acc: 0.5540 | Loss: 1.8905 | eps_max: 1.97 eps_avg: 0.86 | P: nan R: nan F1: nan
2026-05-14 07:36:33 | DEBUG   | dpfl.core.base_simulator | Update norms — honest: ['0.57', '0.56', '0.56', '0.56', '0.56'], attacker: ['1.02', '1.03', '1.03', '1.02', '1.03']
2026-05-14 07:36:48 | INFO    | dpfl.core.base_simulator | Round   3/150 | Acc: 0.6505 | Loss: 1.6799 | eps_max: 2.05 eps_avg: 0.95 | P: nan R: nan F1: nan
2026-05-14 07:36:48 | DEBUG   | dpfl.core.base_simulator | Update norms — honest: ['0.56', '0.56', '0.56', '0.57', '0.56'], attacker: ['1.55', '1.56', '1.56', '1.57', '1.55']
2026-05-14 07:37:04 | INFO    | dpfl.core.base_simulator | Round   4/150 | Acc: 0.7096 | Loss: 1.4801 | eps_max: 2.15 eps_avg: 1.05 | P: nan R: nan F1: nan
2026-05-14 07:37:04 | DEBUG   | dpfl.core.base_simulator | Update norms — honest: ['0.57', '0.56', '0.56', '0.56', '0.57'], attacker: ['2.04', '2.05', '2.05', '2.05', '2.03']
2026-05-14 07:37:20 | INFO    | dpfl.core.base_simulator | Round   5/150 | Acc: 0.7508 | Loss: 1.3000 | eps_max: 2.25 eps_avg: 1.14 | P: nan R: nan F1: nan
2026-05-14 07:37:20 | DEBUG   | dpfl.core.base_simulator | Update norms — honest: ['0.57', '0.56', '0.56', '0.56', '0.56'], attacker: ['2.49', '2.50', '2.49', '2.50', '2.48']
2026-05-14 07:37:36 | INFO    | dpfl.core.base_simulator | Round   6/150 | Acc: 0.7792 | Loss: 1.1459 | eps_max: 2.35 eps_avg: 1.20 | P: nan R: nan F1: nan
2026-05-14 07:37:36 | DEBUG   | dpfl.core.base_simulator | Update norms — honest: ['0.56', '1.06', '1.07', '0.56', '1.06'], attacker: ['2.92', '2.93', '2.94', '2.93', '2.92']
2026-05-14 07:37:52 | INFO    | dpfl.core.base_simulator | Round   7/150 | Acc: 0.7996 | Loss: 1.0195 | eps_max: 2.45 eps_avg: 1.28 | P: nan R: nan F1: nan
2026-05-14 07:37:52 | DEBUG   | dpfl.core.base_simulator | Update norms — honest: ['1.07', '0.56', '0.98', '0.56', '0.56'], attacker: ['3.31', '3.35', '3.34', '3.33', '3.29']
2026-05-14 07:38:08 | INFO    | dpfl.core.base_simulator | Round   8/150 | Acc: 0.8139 | Loss: 0.9186 | eps_max: 2.48 eps_avg: 1.36 | P: nan R: nan F1: nan
2026-05-14 07:38:08 | DEBUG   | dpfl.core.base_simulator | Update norms — honest: ['0.56', '0.95', '0.87', '0.56', '0.56'], attacker: ['3.69', '3.71', '3.74', '3.71', '3.64']
2026-05-14 07:38:24 | INFO    | dpfl.core.base_simulator | Round   9/150 | Acc: 0.8242 | Loss: 0.8390 | eps_max: 2.51 eps_avg: 1.42 | P: nan R: nan F1: nan
2026-05-14 07:38:24 | DEBUG   | dpfl.core.base_simulator | Update norms — honest: ['0.56', '0.56', '1.07', '1.55', '0.56'], attacker: ['4.05', '4.01', '4.06', '4.05', '4.01']
2026-05-14 07:38:41 | INFO    | dpfl.core.base_simulator | Round  10/150 | Acc: 0.8321 | Loss: 0.7753 | eps_max: 2.54 eps_avg: 1.46 | P: nan R: nan F1: nan
2026-05-14 07:38:41 | DEBUG   | dpfl.core.base_simulator | Update norms — honest: ['0.99', '0.56', '0.82', '0.56', '0.83'], attacker: ['4.38', '4.32', '4.33', '4.35', '4.39']
2026-05-14 07:38:57 | INFO    | dpfl.core.base_simulator | Round  11/150 | Acc: 0.8383 | Loss: 0.7245 | eps_max: 2.57 eps_avg: 1.52 | P: nan R: nan F1: nan
2026-05-14 07:38:57 | DEBUG   | dpfl.core.base_simulator | Update norms — honest: ['0.56', '0.56', '1.01', '0.57', '0.57'], attacker: ['4.67', '4.54', '4.69', '4.70', '4.72']
2026-05-14 07:39:13 | INFO    | dpfl.core.base_simulator | Round  12/150 | Acc: 0.8436 | Loss: 0.6828 | eps_max: 2.60 eps_avg: 1.56 | P: nan R: nan F1: nan
2026-05-14 07:39:13 | DEBUG   | dpfl.core.base_simulator | Update norms — honest: ['0.56', '1.04', '1.05', '0.56', '1.50'], attacker: ['4.90', '4.92', '4.93', '4.92', '5.01']
2026-05-14 07:39:28 | INFO    | dpfl.core.base_simulator | Round  13/150 | Acc: 0.8478 | Loss: 0.6485 | eps_max: 2.62 eps_avg: 1.59 | P: nan R: nan F1: nan
2026-05-14 07:39:28 | DEBUG   | dpfl.core.base_simulator | Update norms — honest: ['1.47', '0.56', '1.93', '1.53', '0.99'], attacker: ['5.26', '5.21', '5.23', '5.24', '5.33']
2026-05-14 07:39:44 | INFO    | dpfl.core.base_simulator | Round  14/150 | Acc: 0.8513 | Loss: 0.6199 | eps_max: 2.65 eps_avg: 1.62 | P: nan R: nan F1: nan
2026-05-14 07:39:44 | DEBUG   | dpfl.core.base_simulator | Update norms — honest: ['0.88', '1.03', '0.56', '0.56', '0.99'], attacker: ['5.53', '5.46', '5.58', '5.55', '5.52']
2026-05-14 07:39:59 | INFO    | dpfl.core.base_simulator | Round  15/150 | Acc: 0.8547 | Loss: 0.5954 | eps_max: 2.67 eps_avg: 1.65 | P: nan R: nan F1: nan
2026-05-14 07:39:59 | DEBUG   | dpfl.core.base_simulator | Update norms — honest: ['0.86', '0.57', '1.99', '0.57', '0.56'], attacker: ['5.74', '5.79', '5.68', '5.77', '5.57']
2026-05-14 07:41:02 | INFO    | dpfl.core.base_simulator | Round  16/150 | Acc: 0.8575 | Loss: 0.5746 | eps_max: 2.70 eps_avg: 1.68 | P: nan R: nan F1: nan
2026-05-14 07:41:02 | DEBUG   | dpfl.core.base_simulator | Update norms — honest: ['0.82', '1.04', '1.91', '1.55', '0.56'], attacker: ['5.92', '5.90', '5.96', '5.82', '5.87']
2026-05-14 07:42:34 | INFO    | dpfl.core.base_simulator | Round  17/150 | Acc: 0.8599 | Loss: 0.5565 | eps_max: 2.72 eps_avg: 1.70 | P: nan R: nan F1: nan
2026-05-14 07:42:34 | DEBUG   | dpfl.core.base_simulator | Update norms — honest: ['0.98', '1.47', '1.92', '0.57', '1.38'], attacker: ['6.08', '6.07', '6.21', '5.91', '6.05']
2026-05-14 07:42:53 | INFO    | dpfl.core.base_simulator | Round  18/150 | Acc: 0.8619 | Loss: 0.5408 | eps_max: 2.74 eps_avg: 1.74 | P: nan R: nan F1: nan
2026-05-14 07:42:53 | DEBUG   | dpfl.core.base_simulator | Update norms — honest: ['1.36', '1.87', '0.56', '0.97', '0.95'], attacker: ['6.31', '6.22', '6.49', '6.18', '6.16']
2026-05-14 07:43:08 | INFO    | dpfl.core.base_simulator | Round  19/150 | Acc: 0.8640 | Loss: 0.5269 | eps_max: 2.77 eps_avg: 1.78 | P: nan R: nan F1: nan
2026-05-14 07:43:08 | DEBUG   | dpfl.core.base_simulator | Update norms — honest: ['0.57', '1.88', '0.56', '0.96', '0.56'], attacker: ['6.43', '6.29', '6.35', '6.59', '6.26']
2026-05-14 07:43:24 | INFO    | dpfl.core.base_simulator | Round  20/150 | Acc: 0.8656 | Loss: 0.5148 | eps_max: 2.79 eps_avg: 1.80 | P: nan R: nan F1: nan
2026-05-14 07:43:24 | DEBUG   | dpfl.core.base_simulator | Update norms — honest: ['1.43', '1.92', '1.70', '1.19', '0.57'], attacker: ['6.64', '6.86', '6.38', '6.48', '6.62']
2026-05-14 07:43:40 | INFO    | dpfl.core.base_simulator | Round  21/150 | Acc: 0.8671 | Loss: 0.5039 | eps_max: 2.81 eps_avg: 1.83 | P: nan R: nan F1: nan
2026-05-14 07:43:40 | DEBUG   | dpfl.core.base_simulator | Update norms — honest: ['0.56', '0.56', '1.82', '0.75', '1.01'], attacker: ['6.84', '7.02', '6.84', '6.60', '6.87']
2026-05-14 07:43:56 | INFO    | dpfl.core.base_simulator | Round  22/150 | Acc: 0.8685 | Loss: 0.4941 | eps_max: 2.83 eps_avg: 1.85 | P: nan R: nan F1: nan
2026-05-14 07:43:56 | DEBUG   | dpfl.core.base_simulator | Update norms — honest: ['1.36', '0.97', '0.70', '1.45', '0.56'], attacker: ['6.94', '7.18', '7.21', '7.01', '6.92']
2026-05-14 07:44:11 | INFO    | dpfl.core.base_simulator | Round  23/150 | Acc: 0.8698 | Loss: 0.4853 | eps_max: 2.86 eps_avg: 1.88 | P: nan R: nan F1: nan
2026-05-14 07:44:11 | DEBUG   | dpfl.core.base_simulator | Update norms — honest: ['0.89', '1.87', '2.26', '0.91', '1.00'], attacker: ['6.94', '7.30', '7.21', '7.22', '6.88']
2026-05-14 07:44:26 | INFO    | dpfl.core.base_simulator | Round  24/150 | Acc: 0.8709 | Loss: 0.4774 | eps_max: 2.88 eps_avg: 1.91 | P: nan R: nan F1: nan
2026-05-14 07:44:26 | DEBUG   | dpfl.core.base_simulator | Update norms — honest: ['2.22', '0.61', '1.42', '2.26', '0.56'], attacker: ['6.83', '7.43', '7.10', '7.40', '7.14']
2026-05-14 07:44:41 | INFO    | dpfl.core.base_simulator | Round  25/150 | Acc: 0.8718 | Loss: 0.4703 | eps_max: 2.90 eps_avg: 1.93 | P: nan R: nan F1: nan
2026-05-14 07:44:41 | DEBUG   | dpfl.core.base_simulator | Update norms — honest: ['2.18', '1.33', '0.56', '0.94', '0.88'], attacker: ['7.29', '7.61', '7.10', '7.36', '7.13']
2026-05-14 07:44:56 | INFO    | dpfl.core.base_simulator | Round  26/150 | Acc: 0.8728 | Loss: 0.4637 | eps_max: 2.92 eps_avg: 1.97 | P: nan R: nan F1: nan
2026-05-14 07:44:56 | DEBUG   | dpfl.core.base_simulator | Update norms — honest: ['0.57', '0.79', '1.03', '1.19', '0.56'], attacker: ['7.57', '7.66', '7.19', '6.75', '6.27']
2026-05-14 07:45:12 | INFO    | dpfl.core.base_simulator | Round  27/150 | Acc: 0.8737 | Loss: 0.4576 | eps_max: 2.93 eps_avg: 1.99 | P: nan R: nan F1: nan
2026-05-14 07:45:12 | DEBUG   | dpfl.core.base_simulator | Update norms — honest: ['1.35', '0.59', '2.15', '1.40', '0.56'], attacker: ['7.35', '7.61', '7.34', '7.22', '6.71']
2026-05-14 07:45:27 | INFO    | dpfl.core.base_simulator | Round  28/150 | Acc: 0.8745 | Loss: 0.4523 | eps_max: 2.95 eps_avg: 2.02 | P: nan R: nan F1: nan
2026-05-14 07:45:27 | DEBUG   | dpfl.core.base_simulator | Update norms — honest: ['0.69', '0.56', '0.57', '1.32', '1.67'], attacker: ['6.97', '7.82', '7.21', '7.92', '7.31']
2026-05-14 07:45:43 | INFO    | dpfl.core.base_simulator | Round  29/150 | Acc: 0.8753 | Loss: 0.4472 | eps_max: 2.96 eps_avg: 2.04 | P: nan R: nan F1: nan
2026-05-14 07:45:43 | DEBUG   | dpfl.core.base_simulator | Update norms — honest: ['2.29', '0.57', '1.47', '1.81', '1.46'], attacker: ['7.75', '7.87', '6.62', '8.23', '7.03']
2026-05-14 07:45:58 | INFO    | dpfl.core.base_simulator | Round  30/150 | Acc: 0.8760 | Loss: 0.4424 | eps_max: 2.98 eps_avg: 2.05 | P: nan R: nan F1: nan
2026-05-14 07:45:58 | DEBUG   | dpfl.core.base_simulator | Update norms — honest: ['0.54', '1.40', '0.98', '1.39', '0.56'], attacker: ['7.95', '7.71', '7.28', '7.91', '6.43']
2026-05-14 07:46:14 | INFO    | dpfl.core.base_simulator | Round  31/150 | Acc: 0.8766 | Loss: 0.4382 | eps_max: 3.00 eps_avg: 2.08 | P: nan R: nan F1: nan
2026-05-14 07:46:14 | DEBUG   | dpfl.core.base_simulator | Update norms — honest: ['2.13', '0.85', '2.08', '0.56', '0.51'], attacker: ['7.82', '7.96', '6.81', '7.80', '6.86']
2026-05-14 07:46:29 | INFO    | dpfl.core.base_simulator | Round  32/150 | Acc: 0.8771 | Loss: 0.4343 | eps_max: 3.01 eps_avg: 2.10 | P: nan R: nan F1: nan
2026-05-14 07:46:29 | DEBUG   | dpfl.core.base_simulator | Update norms — honest: ['0.83', '0.86', '1.28', '0.56', '1.36'], attacker: ['7.78', '7.23', '6.75', '7.96', '6.91']
2026-05-14 07:46:43 | INFO    | dpfl.core.base_simulator | Round  33/150 | Acc: 0.8778 | Loss: 0.4306 | eps_max: 3.02 eps_avg: 2.12 | P: nan R: nan F1: nan
2026-05-14 07:46:43 | DEBUG   | dpfl.core.base_simulator | Update norms — honest: ['1.46', '0.57', '1.79', '0.93', '1.91'], attacker: ['7.91', '6.56', '7.56', '6.94', '7.32']
2026-05-14 07:46:58 | INFO    | dpfl.core.base_simulator | Round  34/150 | Acc: 0.8782 | Loss: 0.4272 | eps_max: 3.04 eps_avg: 2.13 | P: nan R: nan F1: nan
2026-05-14 07:46:58 | DEBUG   | dpfl.core.base_simulator | Update norms — honest: ['1.41', '1.99', '0.56', '0.73', '0.57'], attacker: ['7.80', '6.80', '7.62', '5.80', '7.69']
2026-05-14 07:47:14 | INFO    | dpfl.core.base_simulator | Round  35/150 | Acc: 0.8788 | Loss: 0.4242 | eps_max: 3.05 eps_avg: 2.15 | P: nan R: nan F1: nan
2026-05-14 07:47:14 | DEBUG   | dpfl.core.base_simulator | Update norms — honest: ['0.97', '1.45', '0.56', '0.82', '1.62'], attacker: ['7.48', '7.55', '6.58', '7.32', '7.55']
2026-05-14 07:47:28 | INFO    | dpfl.core.base_simulator | Round  36/150 | Acc: 0.8793 | Loss: 0.4212 | eps_max: 3.06 eps_avg: 2.16 | P: nan R: nan F1: nan
2026-05-14 07:47:28 | DEBUG   | dpfl.core.base_simulator | Update norms — honest: ['1.01', '0.73', '2.14', '1.12', '0.57'], attacker: ['7.75', '7.60', '7.03', '7.37', '6.74']
2026-05-14 07:47:43 | INFO    | dpfl.core.base_simulator | Round  37/150 | Acc: 0.8796 | Loss: 0.4184 | eps_max: 3.07 eps_avg: 2.18 | P: nan R: nan F1: nan
2026-05-14 07:47:43 | DEBUG   | dpfl.core.base_simulator | Update norms — honest: ['0.56', '0.49', '1.43', '0.86', '1.33'], attacker: ['7.49', '7.64', '7.31', '6.88', '6.64']
2026-05-14 07:47:57 | INFO    | dpfl.core.base_simulator | Round  38/150 | Acc: 0.8800 | Loss: 0.4159 | eps_max: 3.09 eps_avg: 2.19 | P: nan R: nan F1: nan
2026-05-14 07:47:57 | DEBUG   | dpfl.core.base_simulator | Update norms — honest: ['2.33', '0.53', '2.50', '1.76', '0.87'], attacker: ['7.35', '7.95', '7.30', '6.85', '7.16']
2026-05-14 07:48:12 | INFO    | dpfl.core.base_simulator | Round  39/150 | Acc: 0.8804 | Loss: 0.4136 | eps_max: 3.10 eps_avg: 2.20 | P: nan R: nan F1: nan
2026-05-14 07:48:12 | DEBUG   | dpfl.core.base_simulator | Update norms — honest: ['0.39', '1.99', '2.54', '0.92', '0.94'], attacker: ['6.74', '7.61', '6.70', '7.32', '7.59']
2026-05-14 07:48:27 | INFO    | dpfl.core.base_simulator | Round  40/150 | Acc: 0.8807 | Loss: 0.4113 | eps_max: 3.11 eps_avg: 2.21 | P: nan R: nan F1: nan
2026-05-14 07:48:27 | DEBUG   | dpfl.core.base_simulator | Update norms — honest: ['1.13', '1.31', '0.56', '1.86', '1.28'], attacker: ['7.33', '8.09', '6.74', '7.13', '7.36']
2026-05-14 07:48:41 | INFO    | dpfl.core.base_simulator | Round  41/150 | Acc: 0.8810 | Loss: 0.4093 | eps_max: 3.12 eps_avg: 2.23 | P: nan R: nan F1: nan
2026-05-14 07:48:41 | DEBUG   | dpfl.core.base_simulator | Update norms — honest: ['2.67', '1.19', '1.78', '1.35', '2.27'], attacker: ['8.32', '8.30', '6.54', '6.86', '6.52']
2026-05-14 07:48:56 | INFO    | dpfl.core.base_simulator | Round  42/150 | Acc: 0.8814 | Loss: 0.4074 | eps_max: 3.13 eps_avg: 2.23 | P: nan R: nan F1: nan
2026-05-14 07:48:56 | DEBUG   | dpfl.core.base_simulator | Update norms — honest: ['1.42', '1.96', '1.40', '1.36', '0.80'], attacker: ['7.18', '7.96', '7.36', '8.18', '6.04']
2026-05-14 07:49:10 | INFO    | dpfl.core.base_simulator | Round  43/150 | Acc: 0.8816 | Loss: 0.4056 | eps_max: 3.15 eps_avg: 2.24 | P: nan R: nan F1: nan
2026-05-14 07:49:10 | DEBUG   | dpfl.core.base_simulator | Update norms — honest: ['1.31', '1.34', '0.79', '2.11', '1.14'], attacker: ['6.02', '7.52', '6.40', '7.84', '5.89']
2026-05-14 07:49:25 | INFO    | dpfl.core.base_simulator | Round  44/150 | Acc: 0.8818 | Loss: 0.4040 | eps_max: 3.15 eps_avg: 2.26 | P: nan R: nan F1: nan
2026-05-14 07:49:25 | DEBUG   | dpfl.core.base_simulator | Update norms — honest: ['1.52', '2.49', '1.71', '1.33', '2.03'], attacker: ['6.96', '6.97', '6.82', '6.77', '5.89']
2026-05-14 07:49:39 | INFO    | dpfl.core.base_simulator | Round  45/150 | Acc: 0.8821 | Loss: 0.4024 | eps_max: 3.16 eps_avg: 2.27 | P: nan R: nan F1: nan
2026-05-14 07:49:39 | DEBUG   | dpfl.core.base_simulator | Update norms — honest: ['1.89', '0.57', '1.41', '2.99', '1.01'], attacker: ['8.12', '7.29', '7.13', '7.05', '5.17']
2026-05-14 07:49:53 | INFO    | dpfl.core.base_simulator | Round  46/150 | Acc: 0.8823 | Loss: 0.4010 | eps_max: 3.18 eps_avg: 2.28 | P: nan R: nan F1: nan
2026-05-14 07:49:53 | DEBUG   | dpfl.core.base_simulator | Update norms — honest: ['1.21', '1.70', '1.86', '2.01', '1.78'], attacker: ['7.65', '7.62', '6.83', '6.70', '5.33']
2026-05-14 07:50:07 | INFO    | dpfl.core.base_simulator | Round  47/150 | Acc: 0.8826 | Loss: 0.3995 | eps_max: 3.18 eps_avg: 2.28 | P: nan R: nan F1: nan
2026-05-14 07:50:07 | DEBUG   | dpfl.core.base_simulator | Update norms — honest: ['1.62', '1.40', '1.75', '1.74', '1.32'], attacker: ['6.00', '7.66', '6.56', '6.21', '6.06']
2026-05-14 07:50:21 | INFO    | dpfl.core.base_simulator | Round  48/150 | Acc: 0.8827 | Loss: 0.3984 | eps_max: 3.19 eps_avg: 2.29 | P: nan R: nan F1: nan
2026-05-14 07:50:21 | DEBUG   | dpfl.core.base_simulator | Update norms — honest: ['0.72', '2.93', '2.58', '0.56', '1.76'], attacker: ['6.55', '7.86', '5.00', '6.79', '5.76']
2026-05-14 07:50:35 | INFO    | dpfl.core.base_simulator | Round  49/150 | Acc: 0.8830 | Loss: 0.3971 | eps_max: 3.20 eps_avg: 2.30 | P: nan R: nan F1: nan
2026-05-14 07:50:35 | DEBUG   | dpfl.core.base_simulator | Update norms — honest: ['1.73', '2.57', '0.79', '1.38', '0.64'], attacker: ['6.81', '7.57', '5.02', '5.17', '5.75']
2026-05-14 07:50:48 | INFO    | dpfl.core.base_simulator | Round  50/150 | Acc: 0.8831 | Loss: 0.3958 | eps_max: 3.21 eps_avg: 2.30 | P: nan R: nan F1: nan
2026-05-14 07:50:48 | DEBUG   | dpfl.core.base_simulator | Update norms — honest: ['2.98', '1.00', '1.39', '1.79', '2.27'], attacker: ['5.85', '6.87', '4.19', '6.69', '6.41']
2026-05-14 07:50:58 | INFO    | dpfl.core.base_simulator | Round  51/150 | Acc: 0.8829 | Loss: 0.3959 | eps_max: 2.29 eps_avg: 1.77 | P: nan R: 0.00 F1: nan
2026-05-14 07:50:58 | DEBUG   | dpfl.core.base_simulator | Update norms — honest: ['1.37', '0.84', '1.37', '1.85', '0.56'], attacker: ['2.92', '2.99', '2.63', '3.14', '2.55']
2026-05-14 07:51:07 | INFO    | dpfl.core.base_simulator | Round  52/150 | Acc: 0.8781 | Loss: 0.4105 | eps_max: 2.29 eps_avg: 1.78 | P: 1.00 R: 0.37 F1: 0.61
2026-05-14 07:51:07 | DEBUG   | dpfl.core.base_simulator | Update norms — honest: ['0.98', '3.24', '1.38', '0.91', '1.70'], attacker: ['8.81', '7.07', '7.94', '10.29', '6.82']
2026-05-14 07:51:16 | INFO    | dpfl.core.base_simulator | Round  53/150 | Acc: 0.8832 | Loss: 0.3947 | eps_max: 2.29 eps_avg: 1.79 | P: 1.00 R: 1.00 F1: 1.00
2026-05-14 07:51:16 | DEBUG   | dpfl.core.base_simulator | Update norms — honest: ['0.56', '1.35', '2.53', '0.56', '2.41'], attacker: ['35.70', '25.07', '34.63', '47.70', '25.67']
2026-05-14 07:51:26 | INFO    | dpfl.core.base_simulator | Round  54/150 | Acc: 0.8835 | Loss: 0.3934 | eps_max: 2.29 eps_avg: 1.80 | P: 1.00 R: 1.00 F1: 1.00
2026-05-14 07:51:26 | DEBUG   | dpfl.core.base_simulator | Update norms — honest: ['1.49', '2.36', '0.51', '0.56', '0.91'], attacker: ['147.95', '112.79', '155.18', '194.13', '83.36']
2026-05-14 07:51:36 | INFO    | dpfl.core.base_simulator | Round  55/150 | Acc: 0.8836 | Loss: 0.3924 | eps_max: 2.29 eps_avg: 1.80 | P: 1.00 R: 1.00 F1: 1.00
2026-05-14 07:51:36 | DEBUG   | dpfl.core.base_simulator | Update norms — honest: ['2.09', '2.99', '0.49', '1.40', '1.13'], attacker: ['745.71', '621.34', '777.32', '850.25', '392.35']
2026-05-14 07:51:45 | INFO    | dpfl.core.base_simulator | Round  56/150 | Acc: 0.8838 | Loss: 0.3915 | eps_max: 2.29 eps_avg: 1.80 | P: 1.00 R: 1.00 F1: 1.00
2026-05-14 07:51:45 | DEBUG   | dpfl.core.base_simulator | Update norms — honest: ['2.27', '1.17', '0.88', '1.69', '0.87'], attacker: ['4265.22', '3953.29', '4651.22', '4331.38', '2330.26']
2026-05-14 07:51:53 | INFO    | dpfl.core.base_simulator | Round  57/150 | Acc: 0.8839 | Loss: 0.3906 | eps_max: 2.29 eps_avg: 1.81 | P: 1.00 R: 1.00 F1: 1.00
2026-05-14 07:51:53 | DEBUG   | dpfl.core.base_simulator | Update norms — honest: ['0.92', '0.70', '1.41', '1.53', '0.94'], attacker: ['21288.85', '20462.48', '22862.26', '24376.46', '13192.94']
2026-05-14 07:51:55 | INFO    | dpfl.core.base_simulator | Round  58/150 | Acc: 0.8840 | Loss: 0.3897 | eps_max: 2.29 eps_avg: 1.84 | P: 1.00 R: 1.00 F1: 1.00
2026-05-14 07:51:55 | DEBUG   | dpfl.core.base_simulator | Update norms — honest: ['1.90', '0.88', '1.33', '1.78', '1.29'], attacker: ['153662.97', '141256.58', '156679.33', '138181.91', '104407.63']
2026-05-14 07:51:57 | INFO    | dpfl.core.base_simulator | Round  59/150 | Acc: 0.8842 | Loss: 0.3891 | eps_max: 2.29 eps_avg: 1.85 | P: 1.00 R: 1.00 F1: 1.00
2026-05-14 07:51:57 | DEBUG   | dpfl.core.base_simulator | Update norms — honest: ['1.81', '1.24', '0.56', '1.08', '2.49'], attacker: ['913572.12', '746787.06', '853275.75', '842038.81', '721620.25']
2026-05-14 07:52:01 | INFO    | dpfl.core.base_simulator | Round  60/150 | Acc: 0.8843 | Loss: 0.3883 | eps_max: 2.29 eps_avg: 1.86 | P: 1.00 R: 1.00 F1: 1.00
2026-05-14 07:52:01 | DEBUG   | dpfl.core.base_simulator | Update norms — honest: ['1.93', '1.25', '1.39', '1.80', '0.57'], attacker: ['5939896.50', '5389818.50', '5981913.50', '5511649.50', '4918806.00']
2026-05-14 07:52:27 | INFO    | dpfl.core.base_simulator | Round  61/150 | Acc: 0.8844 | Loss: 0.3877 | eps_max: 2.29 eps_avg: 1.86 | P: 1.00 R: 1.00 F1: 1.00
2026-05-14 07:52:27 | DEBUG   | dpfl.core.base_simulator | Update norms — honest: ['2.65', '1.44', '0.92', '1.77', '1.47'], attacker: ['31806258.00', '33509292.00', '33252124.00', '31119900.00', '27124130.00']
2026-05-14 07:52:55 | INFO    | dpfl.core.base_simulator | Round  62/150 | Acc: 0.8845 | Loss: 0.3873 | eps_max: 2.29 eps_avg: 1.86 | P: 1.00 R: 1.00 F1: 1.00
2026-05-14 07:52:55 | DEBUG   | dpfl.core.base_simulator | Update norms — honest: ['1.19', '0.56', '2.07', '1.79', '1.84'], attacker: ['245636784.00', '231633456.00', '247611232.00', '236303936.00', '225715392.00']
2026-05-14 07:53:18 | INFO    | dpfl.core.base_simulator | Round  63/150 | Acc: 0.8845 | Loss: 0.3868 | eps_max: 2.29 eps_avg: 1.88 | P: 1.00 R: 1.00 F1: 1.00
2026-05-14 07:53:18 | DEBUG   | dpfl.core.base_simulator | Update norms — honest: ['2.02', '0.57', '2.04', '2.15', '1.62'], attacker: ['1542820608.00', '1326339328.00', '1417702784.00', '1378936576.00', '1390085376.00']
2026-05-14 07:53:49 | INFO    | dpfl.core.base_simulator | Round  64/150 | Acc: 0.8846 | Loss: 0.3864 | eps_max: 2.29 eps_avg: 1.88 | P: 1.00 R: 1.00 F1: 1.00
2026-05-14 07:53:49 | DEBUG   | dpfl.core.base_simulator | Update norms — honest: ['0.91', '1.56', '1.41', '0.84', '1.22'], attacker: ['9815048192.00', '9542558720.00', '10028185600.00', '9829639168.00', '9707665408.00']
2026-05-14 07:54:12 | INFO    | dpfl.core.base_simulator | Round  65/150 | Acc: 0.8846 | Loss: 0.3861 | eps_max: 2.29 eps_avg: 1.89 | P: 1.00 R: 1.00 F1: 1.00
2026-05-14 07:54:12 | DEBUG   | dpfl.core.base_simulator | Update norms — honest: ['2.11', '1.61', '3.17', '1.85', '1.23'], attacker: ['55128571904.00', '51520815104.00', '57332154368.00', '56409604096.00', '56783499264.00']
2026-05-14 07:54:15 | INFO    | dpfl.core.base_simulator | Round  66/150 | Acc: 0.8847 | Loss: 0.3856 | eps_max: 2.29 eps_avg: 1.89 | P: 1.00 R: 1.00 F1: 1.00
2026-05-14 07:54:15 | DEBUG   | dpfl.core.base_simulator | Update norms — honest: ['0.85', '1.29', '2.46', '1.07', '0.91'], attacker: ['396169117696.00', '380936028160.00', '391996571648.00', '395079254016.00', '390959792128.00']
2026-05-14 07:54:17 | INFO    | dpfl.core.base_simulator | Round  67/150 | Acc: 0.8848 | Loss: 0.3853 | eps_max: 2.29 eps_avg: 1.89 | P: 1.00 R: 1.00 F1: 1.00
2026-05-14 07:54:17 | DEBUG   | dpfl.core.base_simulator | Update norms — honest: ['1.91', '2.26', '2.21', '1.89', '0.86'], attacker: ['2183523336192.00', '2098647793664.00', '2263294148608.00', '2263527456768.00', '2384500621312.00']
2026-05-14 07:54:27 | INFO    | dpfl.core.base_simulator | Round  68/150 | Acc: 0.8848 | Loss: 0.3851 | eps_max: 2.29 eps_avg: 1.91 | P: 1.00 R: 1.00 F1: 1.00
2026-05-14 07:54:27 | DEBUG   | dpfl.core.base_simulator | Update norms — honest: ['0.56', '3.39', '1.11', '2.01', '1.28'], attacker: ['15662009286656.00', '15536060628992.00', '16311131308032.00', '15888627531776.00', '15141441634304.00']
2026-05-14 07:54:38 | INFO    | dpfl.core.base_simulator | Round  69/150 | Acc: 0.8848 | Loss: 0.3850 | eps_max: 2.29 eps_avg: 1.92 | P: 1.00 R: 1.00 F1: 1.00
2026-05-14 07:54:38 | DEBUG   | dpfl.core.base_simulator | Update norms — honest: ['0.56', '1.38', '1.31', '1.36', '2.05'], attacker: ['89252968792064.00', '89903153020928.00', '94168080711680.00', '90504725266432.00', '92549591072768.00']
2026-05-14 07:54:47 | INFO    | dpfl.core.base_simulator | Round  70/150 | Acc: 0.8849 | Loss: 0.3845 | eps_max: 2.29 eps_avg: 1.92 | P: 1.00 R: 1.00 F1: 1.00
2026-05-14 07:54:47 | DEBUG   | dpfl.core.base_simulator | Update norms — honest: ['0.79', '1.54', '1.35', '1.99', '1.53'], attacker: ['625112223055872.00', '608559016443904.00', '628586180509696.00', '629900843155456.00', '612508373090304.00']
2026-05-14 07:54:56 | INFO    | dpfl.core.base_simulator | Round  71/150 | Acc: 0.8850 | Loss: 0.3842 | eps_max: 2.29 eps_avg: 1.92 | P: 1.00 R: 1.00 F1: 1.00
2026-05-14 07:54:56 | DEBUG   | dpfl.core.base_simulator | Update norms — honest: ['1.64', '1.18', '2.35', '2.73', '1.71'], attacker: ['3622952822112256.00', '3556519610155008.00', '3824760987320320.00', '3766083412557824.00', '3536463991930880.00']
2026-05-14 07:55:05 | INFO    | dpfl.core.base_simulator | Round  72/150 | Acc: 0.8850 | Loss: 0.3840 | eps_max: 2.29 eps_avg: 1.92 | P: 1.00 R: 1.00 F1: 1.00
2026-05-14 07:55:05 | DEBUG   | dpfl.core.base_simulator | Update norms — honest: ['1.48', '1.64', '1.71', '1.31', '0.75'], attacker: ['26131626853400576.00', '26207164590718976.00', '26376229535875072.00', '26049723974549504.00', '26364010353917952.00']
2026-05-14 07:55:15 | INFO    | dpfl.core.base_simulator | Round  73/150 | Acc: 0.8850 | Loss: 0.3839 | eps_max: 2.29 eps_avg: 1.92 | P: 1.00 R: 1.00 F1: 1.00
2026-05-14 07:55:15 | DEBUG   | dpfl.core.base_simulator | Update norms — honest: ['2.10', '1.69', '1.01', '2.18', '1.77'], attacker: ['158994621236510720.00', '149329209653723136.00', '155230889855418368.00', '150089229886554112.00', '163234698850467840.00']
2026-05-14 07:55:25 | INFO    | dpfl.core.base_simulator | Round  74/150 | Acc: 0.8850 | Loss: 0.3839 | eps_max: 2.29 eps_avg: 1.92 | P: 1.00 R: 1.00 F1: 1.00
2026-05-14 07:55:25 | DEBUG   | dpfl.core.base_simulator | Update norms — honest: ['2.78', '2.43', '1.63', '1.64', '1.02'], attacker: ['1035314992120856576.00', '1063398992995418112.00', '1095643339711053824.00', '1078428629752348672.00', '1058816022372417536.00']
2026-05-14 07:55:35 | INFO    | dpfl.core.base_simulator | Round  75/150 | Acc: 0.8850 | Loss: 0.3837 | eps_max: 2.29 eps_avg: 1.93 | P: 1.00 R: 1.00 F1: 1.00
2026-05-14 07:55:35 | DEBUG   | dpfl.core.base_simulator | Update norms — honest: ['0.89', '1.90', '2.27', '1.21', '1.24'], attacker: ['6093970629181046784.00', '6208041112272109568.00', '6220854820782211072.00', '6129023609630359552.00', '6594056005284265984.00']
2026-05-14 07:55:44 | INFO    | dpfl.core.base_simulator | Round  76/150 | Acc: 0.8851 | Loss: 0.3837 | eps_max: 2.29 eps_avg: 1.93 | P: 1.00 R: 1.00 F1: 1.00
2026-05-14 07:55:44 | DEBUG   | dpfl.core.base_simulator | Update norms — honest: ['2.02', '2.48', '2.47', '0.87', '2.63'], attacker: ['nan', 'nan', 'nan', 'nan', 'nan']
2026-05-14 07:55:54 | INFO    | dpfl.core.base_simulator | Round  77/150 | Acc: 0.8850 | Loss: 0.3838 | eps_max: 2.29 eps_avg: 1.94 | P: 1.00 R: 1.00 F1: 1.00
2026-05-14 07:55:54 | DEBUG   | dpfl.core.base_simulator | Update norms — honest: ['0.57', '2.57', '2.62', '2.31', '0.87'], attacker: ['nan', 'nan', 'nan', 'nan', 'nan']
2026-05-14 07:56:03 | INFO    | dpfl.core.base_simulator | Round  78/150 | Acc: 0.8849 | Loss: 0.3837 | eps_max: 2.29 eps_avg: 1.94 | P: 1.00 R: 1.00 F1: 1.00
2026-05-14 07:56:03 | DEBUG   | dpfl.core.base_simulator | Update norms — honest: ['3.03', '1.37', '1.94', '1.63', '2.03'], attacker: ['nan', 'nan', 'nan', 'nan', 'nan']
2026-05-14 07:56:13 | INFO    | dpfl.core.base_simulator | Round  79/150 | Acc: 0.8849 | Loss: 0.3838 | eps_max: 2.29 eps_avg: 1.94 | P: 1.00 R: 1.00 F1: 1.00
2026-05-14 07:56:13 | DEBUG   | dpfl.core.base_simulator | Update norms — honest: ['2.10', '3.93', '2.75', '2.29', '1.62'], attacker: ['nan', 'nan', 'nan', 'nan', 'nan']
2026-05-14 07:56:22 | INFO    | dpfl.core.base_simulator | Round  80/150 | Acc: 0.8850 | Loss: 0.3838 | eps_max: 2.29 eps_avg: 1.95 | P: 1.00 R: 1.00 F1: 1.00
2026-05-14 07:56:22 | DEBUG   | dpfl.core.base_simulator | Update norms — honest: ['0.56', '1.59', '1.19', '1.58', '2.71'], attacker: ['nan', 'nan', 'nan', 'nan', 'nan']
2026-05-14 07:56:32 | INFO    | dpfl.core.base_simulator | Round  81/150 | Acc: 0.8849 | Loss: 0.3838 | eps_max: 2.29 eps_avg: 1.95 | P: 1.00 R: 1.00 F1: 1.00
2026-05-14 07:56:32 | DEBUG   | dpfl.core.base_simulator | Update norms — honest: ['2.25', '2.00', '1.76', '2.55', '1.47'], attacker: ['nan', 'nan', 'nan', 'nan', 'nan']
2026-05-14 07:56:41 | INFO    | dpfl.core.base_simulator | Round  82/150 | Acc: 0.8850 | Loss: 0.3837 | eps_max: 2.29 eps_avg: 1.95 | P: 1.00 R: 1.00 F1: 1.00
2026-05-14 07:56:41 | DEBUG   | dpfl.core.base_simulator | Update norms — honest: ['2.57', '1.41', '1.60', '2.87', '1.58'], attacker: ['nan', 'nan', 'nan', 'nan', 'nan']
2026-05-14 07:56:50 | INFO    | dpfl.core.base_simulator | Round  83/150 | Acc: 0.8850 | Loss: 0.3836 | eps_max: 2.29 eps_avg: 1.95 | P: 1.00 R: 1.00 F1: 1.00
2026-05-14 07:56:50 | DEBUG   | dpfl.core.base_simulator | Update norms — honest: ['1.87', '1.86', '2.02', '2.33', '0.72'], attacker: ['nan', 'nan', 'nan', 'nan', 'nan']
2026-05-14 07:57:00 | INFO    | dpfl.core.base_simulator | Round  84/150 | Acc: 0.8850 | Loss: 0.3838 | eps_max: 2.29 eps_avg: 1.95 | P: 1.00 R: 1.00 F1: 1.00
2026-05-14 07:57:00 | DEBUG   | dpfl.core.base_simulator | Update norms — honest: ['1.74', '3.07', '1.71', '2.46', '2.50'], attacker: ['nan', 'nan', 'nan', 'nan', 'nan']
2026-05-14 07:57:09 | INFO    | dpfl.core.base_simulator | Round  85/150 | Acc: 0.8849 | Loss: 0.3839 | eps_max: 2.29 eps_avg: 1.95 | P: 1.00 R: 1.00 F1: 1.00
2026-05-14 07:57:09 | DEBUG   | dpfl.core.base_simulator | Update norms — honest: ['1.39', '1.56', '2.91', '1.44', '2.53'], attacker: ['nan', 'nan', 'nan', 'nan', 'nan']
2026-05-14 07:57:18 | INFO    | dpfl.core.base_simulator | Round  86/150 | Acc: 0.8850 | Loss: 0.3840 | eps_max: 2.29 eps_avg: 1.95 | P: 1.00 R: 1.00 F1: 1.00
2026-05-14 07:57:18 | DEBUG   | dpfl.core.base_simulator | Update norms — honest: ['2.86', '1.27', '2.16', '2.68', '2.55'], attacker: ['nan', 'nan', 'nan', 'nan', 'nan']
2026-05-14 07:57:28 | INFO    | dpfl.core.base_simulator | Round  87/150 | Acc: 0.8849 | Loss: 0.3842 | eps_max: 2.29 eps_avg: 1.95 | P: 1.00 R: 1.00 F1: 1.00
2026-05-14 07:57:28 | DEBUG   | dpfl.core.base_simulator | Update norms — honest: ['0.92', '1.26', '1.90', '3.18', '2.25'], attacker: ['nan', 'nan', 'nan', 'nan', 'nan']
2026-05-14 07:57:28 | WARNING | dpfl.algorithms.noise_game.simulator | Node 293 round 87: NSR=21594.46 exceeds 20000.0
2026-05-14 07:57:37 | INFO    | dpfl.core.base_simulator | Round  88/150 | Acc: 0.8849 | Loss: 0.3842 | eps_max: 2.29 eps_avg: 1.95 | P: 1.00 R: 1.00 F1: 1.00
2026-05-14 07:57:37 | DEBUG   | dpfl.core.base_simulator | Update norms — honest: ['1.22', '1.77', '2.04', '0.34', '1.09'], attacker: ['nan', 'nan', 'nan', 'nan', 'nan']
2026-05-14 07:57:46 | INFO    | dpfl.core.base_simulator | Round  89/150 | Acc: 0.8849 | Loss: 0.3844 | eps_max: 2.29 eps_avg: 1.95 | P: 1.00 R: 1.00 F1: 1.00
2026-05-14 07:57:46 | DEBUG   | dpfl.core.base_simulator | Update norms — honest: ['3.68', '1.42', '1.60', '2.09', '1.27'], attacker: ['nan', 'nan', 'nan', 'nan', 'nan']
2026-05-14 07:57:56 | INFO    | dpfl.core.base_simulator | Round  90/150 | Acc: 0.8849 | Loss: 0.3845 | eps_max: 2.29 eps_avg: 1.95 | P: 1.00 R: 1.00 F1: 1.00
2026-05-14 07:57:56 | DEBUG   | dpfl.core.base_simulator | Update norms — honest: ['1.04', '3.83', '1.91', '1.83', '1.57'], attacker: ['nan', 'nan', 'nan', 'nan', 'nan']
2026-05-14 07:58:06 | INFO    | dpfl.core.base_simulator | Round  91/150 | Acc: 0.8847 | Loss: 0.3849 | eps_max: 2.29 eps_avg: 1.96 | P: 1.00 R: 1.00 F1: 1.00
2026-05-14 07:58:06 | DEBUG   | dpfl.core.base_simulator | Update norms — honest: ['2.28', '2.55', '1.40', '2.79', '2.23'], attacker: ['nan', 'nan', 'nan', 'nan', 'nan']
2026-05-14 07:58:15 | INFO    | dpfl.core.base_simulator | Round  92/150 | Acc: 0.8848 | Loss: 0.3850 | eps_max: 2.29 eps_avg: 1.96 | P: 1.00 R: 1.00 F1: 1.00
2026-05-14 07:58:15 | DEBUG   | dpfl.core.base_simulator | Update norms — honest: ['1.82', '2.37', '1.33', '1.83', '1.73'], attacker: ['nan', 'nan', 'nan', 'nan', 'nan']
2026-05-14 07:58:24 | INFO    | dpfl.core.base_simulator | Round  93/150 | Acc: 0.8847 | Loss: 0.3853 | eps_max: 2.29 eps_avg: 1.96 | P: 1.00 R: 1.00 F1: 1.00
2026-05-14 07:58:24 | DEBUG   | dpfl.core.base_simulator | Update norms — honest: ['2.14', '2.62', '2.01', '2.85', '1.58'], attacker: ['nan', 'nan', 'nan', 'nan', 'nan']
2026-05-14 07:58:34 | INFO    | dpfl.core.base_simulator | Round  94/150 | Acc: 0.8847 | Loss: 0.3857 | eps_max: 2.29 eps_avg: 1.96 | P: 1.00 R: 1.00 F1: 1.00
2026-05-14 07:58:34 | DEBUG   | dpfl.core.base_simulator | Update norms — honest: ['2.15', '3.16', '2.72', '1.34', '1.69'], attacker: ['nan', 'nan', 'nan', 'nan', 'nan']
2026-05-14 07:58:43 | INFO    | dpfl.core.base_simulator | Round  95/150 | Acc: 0.8847 | Loss: 0.3857 | eps_max: 2.29 eps_avg: 1.96 | P: 1.00 R: 1.00 F1: 1.00
2026-05-14 07:58:43 | DEBUG   | dpfl.core.base_simulator | Update norms — honest: ['2.99', '1.84', '1.43', '0.56', '2.52'], attacker: ['nan', 'nan', 'nan', 'nan', 'nan']
2026-05-14 07:58:44 | WARNING | dpfl.algorithms.noise_game.simulator | Node 437 round 95: NSR=21014.68 exceeds 20000.0
2026-05-14 07:58:53 | INFO    | dpfl.core.base_simulator | Round  96/150 | Acc: 0.8847 | Loss: 0.3860 | eps_max: 2.29 eps_avg: 1.97 | P: 1.00 R: 1.00 F1: 1.00
2026-05-14 07:58:53 | DEBUG   | dpfl.core.base_simulator | Update norms — honest: ['2.94', '2.78', '2.51', '2.65', '1.72'], attacker: ['nan', 'nan', 'nan', 'nan', 'nan']
2026-05-14 07:59:03 | INFO    | dpfl.core.base_simulator | Round  97/150 | Acc: 0.8846 | Loss: 0.3865 | eps_max: 2.29 eps_avg: 1.97 | P: 1.00 R: 1.00 F1: 1.00
2026-05-14 07:59:03 | DEBUG   | dpfl.core.base_simulator | Update norms — honest: ['2.46', '1.22', '2.85', '1.39', '1.67'], attacker: ['nan', 'nan', 'nan', 'nan', 'nan']
2026-05-14 07:59:12 | INFO    | dpfl.core.base_simulator | Round  98/150 | Acc: 0.8846 | Loss: 0.3866 | eps_max: 2.29 eps_avg: 1.97 | P: 1.00 R: 1.00 F1: 1.00
2026-05-14 07:59:12 | DEBUG   | dpfl.core.base_simulator | Update norms — honest: ['1.73', '1.48', '2.22', '2.02', '1.99'], attacker: ['nan', 'nan', 'nan', 'nan', 'nan']
2026-05-14 07:59:21 | INFO    | dpfl.core.base_simulator | Round  99/150 | Acc: 0.8845 | Loss: 0.3869 | eps_max: 2.29 eps_avg: 1.97 | P: 1.00 R: 1.00 F1: 1.00
2026-05-14 07:59:21 | DEBUG   | dpfl.core.base_simulator | Update norms — honest: ['2.62', '1.27', '2.11', '2.09', '2.58'], attacker: ['nan', 'nan', 'nan', 'nan', 'nan']
2026-05-14 07:59:31 | INFO    | dpfl.core.base_simulator | Round 100/150 | Acc: 0.8846 | Loss: 0.3871 | eps_max: 2.29 eps_avg: 1.97 | P: 1.00 R: 1.00 F1: 1.00
2026-05-14 07:59:31 | DEBUG   | dpfl.core.base_simulator | Update norms — honest: ['1.74', '1.77', '3.05', '2.71', '2.39'], attacker: ['nan', 'nan', 'nan', 'nan', 'nan']
2026-05-14 07:59:40 | INFO    | dpfl.core.base_simulator | Round 101/150 | Acc: 0.8846 | Loss: 0.3874 | eps_max: 2.29 eps_avg: 1.97 | P: 1.00 R: 1.00 F1: 1.00
2026-05-14 07:59:40 | DEBUG   | dpfl.core.base_simulator | Update norms — honest: ['3.36', '2.12', '1.99', '1.70', '2.05'], attacker: ['nan', 'nan', 'nan', 'nan', 'nan']
2026-05-14 07:59:49 | INFO    | dpfl.core.base_simulator | Round 102/150 | Acc: 0.8845 | Loss: 0.3875 | eps_max: 2.29 eps_avg: 1.97 | P: 1.00 R: 1.00 F1: 1.00
2026-05-14 07:59:49 | DEBUG   | dpfl.core.base_simulator | Update norms — honest: ['1.55', '0.81', '2.94', '1.19', '2.43'], attacker: ['nan', 'nan', 'nan', 'nan', 'nan']
2026-05-14 07:59:59 | INFO    | dpfl.core.base_simulator | Round 103/150 | Acc: 0.8844 | Loss: 0.3880 | eps_max: 2.31 eps_avg: 1.97 | P: 1.00 R: 1.00 F1: 1.00
2026-05-14 07:59:59 | DEBUG   | dpfl.core.base_simulator | Update norms — honest: ['2.67', '2.21', '1.88', '0.87', '3.34'], attacker: ['nan', 'nan', 'nan', 'nan', 'nan']
2026-05-14 08:00:09 | INFO    | dpfl.core.base_simulator | Round 104/150 | Acc: 0.8844 | Loss: 0.3883 | eps_max: 2.31 eps_avg: 1.98 | P: 1.00 R: 1.00 F1: 1.00
2026-05-14 08:00:09 | DEBUG   | dpfl.core.base_simulator | Update norms — honest: ['2.04', '0.56', '2.16', '1.39', '2.15'], attacker: ['nan', 'nan', 'nan', 'nan', 'nan']
2026-05-14 08:00:18 | INFO    | dpfl.core.base_simulator | Round 105/150 | Acc: 0.8844 | Loss: 0.3885 | eps_max: 2.31 eps_avg: 1.98 | P: 1.00 R: 1.00 F1: 1.00
2026-05-14 08:00:18 | DEBUG   | dpfl.core.base_simulator | Update norms — honest: ['1.80', '1.63', '1.42', '3.08', '2.37'], attacker: ['nan', 'nan', 'nan', 'nan', 'nan']
2026-05-14 08:00:19 | WARNING | dpfl.algorithms.noise_game.simulator | Node 419 round 105: NSR=20497.94 exceeds 20000.0
2026-05-14 08:00:28 | INFO    | dpfl.core.base_simulator | Round 106/150 | Acc: 0.8844 | Loss: 0.3888 | eps_max: 2.31 eps_avg: 1.98 | P: 1.00 R: 1.00 F1: 1.00
2026-05-14 08:00:28 | DEBUG   | dpfl.core.base_simulator | Update norms — honest: ['1.31', '3.35', '2.50', '3.62', '2.06'], attacker: ['nan', 'nan', 'nan', 'nan', 'nan']
2026-05-14 08:00:28 | WARNING | dpfl.algorithms.noise_game.simulator | Node 402 round 106: NSR=21828.10 exceeds 20000.0
2026-05-14 08:00:37 | INFO    | dpfl.core.base_simulator | Round 107/150 | Acc: 0.8843 | Loss: 0.3891 | eps_max: 2.31 eps_avg: 1.98 | P: 1.00 R: 1.00 F1: 1.00
2026-05-14 08:00:37 | DEBUG   | dpfl.core.base_simulator | Update norms — honest: ['2.88', '3.17', '3.11', '1.33', '1.72'], attacker: ['nan', 'nan', 'nan', 'nan', 'nan']
2026-05-14 08:00:38 | WARNING | dpfl.algorithms.noise_game.simulator | Node 355 round 107: NSR=21222.75 exceeds 20000.0
2026-05-14 08:00:47 | INFO    | dpfl.core.base_simulator | Round 108/150 | Acc: 0.8842 | Loss: 0.3897 | eps_max: 2.31 eps_avg: 1.98 | P: 1.00 R: 1.00 F1: 1.00
2026-05-14 08:00:47 | DEBUG   | dpfl.core.base_simulator | Update norms — honest: ['4.74', '3.49', '2.53', '1.76', '1.64'], attacker: ['nan', 'nan', 'nan', 'nan', 'nan']
2026-05-14 08:00:47 | WARNING | dpfl.algorithms.noise_game.simulator | Node 266 round 108: NSR=21264.74 exceeds 20000.0
2026-05-14 08:00:56 | INFO    | dpfl.core.base_simulator | Round 109/150 | Acc: 0.8841 | Loss: 0.3902 | eps_max: 2.32 eps_avg: 1.98 | P: 1.00 R: 1.00 F1: 1.00
2026-05-14 08:00:56 | DEBUG   | dpfl.core.base_simulator | Update norms — honest: ['3.42', '2.74', '1.70', '2.42', '2.04'], attacker: ['nan', 'nan', 'nan', 'nan', 'nan']
2026-05-14 08:00:56 | WARNING | dpfl.algorithms.noise_game.simulator | Node 320 round 109: NSR=20808.31 exceeds 20000.0
2026-05-14 08:01:06 | INFO    | dpfl.core.base_simulator | Round 110/150 | Acc: 0.8840 | Loss: 0.3909 | eps_max: 2.32 eps_avg: 1.98 | P: 1.00 R: 1.00 F1: 1.00
2026-05-14 08:01:06 | DEBUG   | dpfl.core.base_simulator | Update norms — honest: ['2.01', '2.04', '0.87', '3.78', '1.28'], attacker: ['nan', 'nan', 'nan', 'nan', 'nan']
2026-05-14 08:01:06 | WARNING | dpfl.algorithms.noise_game.simulator | Node 250 round 110: NSR=20260.08 exceeds 20000.0
2026-05-14 08:01:07 | WARNING | dpfl.algorithms.noise_game.simulator | Node 353 round 110: NSR=20219.64 exceeds 20000.0
2026-05-14 08:01:07 | WARNING | dpfl.algorithms.noise_game.simulator | Node 380 round 110: NSR=20006.39 exceeds 20000.0
2026-05-14 08:01:07 | WARNING | dpfl.algorithms.noise_game.simulator | Node 414 round 110: NSR=20188.38 exceeds 20000.0
2026-05-14 08:01:07 | WARNING | dpfl.algorithms.noise_game.simulator | Node 437 round 110: NSR=20568.24 exceeds 20000.0
2026-05-14 08:01:16 | INFO    | dpfl.core.base_simulator | Round 111/150 | Acc: 0.8839 | Loss: 0.3915 | eps_max: 2.33 eps_avg: 1.98 | P: 1.00 R: 1.00 F1: 1.00
2026-05-14 08:01:16 | DEBUG   | dpfl.core.base_simulator | Update norms — honest: ['3.27', '2.55', '2.25', '3.40', '1.48'], attacker: ['nan', 'nan', 'nan', 'nan', 'nan']
2026-05-14 08:01:16 | WARNING | dpfl.algorithms.noise_game.simulator | Node 224 round 111: NSR=21298.83 exceeds 20000.0
2026-05-14 08:01:16 | WARNING | dpfl.algorithms.noise_game.simulator | Node 468 round 111: NSR=20261.19 exceeds 20000.0
2026-05-14 08:01:16 | WARNING | dpfl.algorithms.noise_game.simulator | Node 482 round 111: NSR=20996.64 exceeds 20000.0
2026-05-14 08:01:25 | INFO    | dpfl.core.base_simulator | Round 112/150 | Acc: 0.8838 | Loss: 0.3919 | eps_max: 2.33 eps_avg: 1.98 | P: 1.00 R: 1.00 F1: 1.00
2026-05-14 08:01:25 | DEBUG   | dpfl.core.base_simulator | Update norms — honest: ['3.19', '0.69', '2.27', '3.28', '2.79'], attacker: ['nan', 'nan', 'nan', 'nan', 'nan']
2026-05-14 08:01:34 | INFO    | dpfl.core.base_simulator | Round 113/150 | Acc: 0.8838 | Loss: 0.3922 | eps_max: 2.33 eps_avg: 1.98 | P: 1.00 R: 1.00 F1: 1.00
2026-05-14 08:01:34 | DEBUG   | dpfl.core.base_simulator | Update norms — honest: ['2.07', '1.18', '2.01', '2.42', '3.24'], attacker: ['nan', 'nan', 'nan', 'nan', 'nan']
2026-05-14 08:01:35 | WARNING | dpfl.algorithms.noise_game.simulator | Node 260 round 113: NSR=21037.32 exceeds 20000.0
2026-05-14 08:01:35 | WARNING | dpfl.algorithms.noise_game.simulator | Node 322 round 113: NSR=20337.19 exceeds 20000.0
2026-05-14 08:01:35 | WARNING | dpfl.algorithms.noise_game.simulator | Node 402 round 113: NSR=21164.04 exceeds 20000.0
2026-05-14 08:01:35 | WARNING | dpfl.algorithms.noise_game.simulator | Node 432 round 113: NSR=20393.41 exceeds 20000.0
2026-05-14 08:01:44 | INFO    | dpfl.core.base_simulator | Round 114/150 | Acc: 0.8836 | Loss: 0.3928 | eps_max: 2.33 eps_avg: 1.99 | P: 1.00 R: 1.00 F1: 1.00
2026-05-14 08:01:44 | DEBUG   | dpfl.core.base_simulator | Update norms — honest: ['3.55', '2.89', '1.59', '2.47', '1.31'], attacker: ['nan', 'nan', 'nan', 'nan', 'nan']
2026-05-14 08:01:44 | WARNING | dpfl.algorithms.noise_game.simulator | Node 377 round 114: NSR=20289.78 exceeds 20000.0
2026-05-14 08:01:53 | INFO    | dpfl.core.base_simulator | Round 115/150 | Acc: 0.8836 | Loss: 0.3933 | eps_max: 2.33 eps_avg: 1.99 | P: 1.00 R: 1.00 F1: 1.00
2026-05-14 08:01:53 | DEBUG   | dpfl.core.base_simulator | Update norms — honest: ['2.63', '2.17', '1.94', '3.00', '3.07'], attacker: ['nan', 'nan', 'nan', 'nan', 'nan']
2026-05-14 08:01:54 | WARNING | dpfl.algorithms.noise_game.simulator | Node 230 round 115: NSR=22123.94 exceeds 20000.0
2026-05-14 08:01:54 | WARNING | dpfl.algorithms.noise_game.simulator | Node 243 round 115: NSR=20879.00 exceeds 20000.0
2026-05-14 08:01:54 | WARNING | dpfl.algorithms.noise_game.simulator | Node 321 round 115: NSR=20595.18 exceeds 20000.0
2026-05-14 08:01:54 | WARNING | dpfl.algorithms.noise_game.simulator | Node 396 round 115: NSR=20236.96 exceeds 20000.0
2026-05-14 08:01:54 | WARNING | dpfl.algorithms.noise_game.simulator | Node 413 round 115: NSR=26161.42 exceeds 20000.0
2026-05-14 08:01:54 | WARNING | dpfl.algorithms.noise_game.simulator | Node 427 round 115: NSR=21097.18 exceeds 20000.0
2026-05-14 08:02:03 | INFO    | dpfl.core.base_simulator | Round 116/150 | Acc: 0.8835 | Loss: 0.3937 | eps_max: 2.34 eps_avg: 1.99 | P: 1.00 R: 1.00 F1: 1.00
2026-05-14 08:02:03 | DEBUG   | dpfl.core.base_simulator | Update norms — honest: ['1.01', '1.84', '1.64', '1.89', '2.82'], attacker: ['nan', 'nan', 'nan', 'nan', 'nan']
2026-05-14 08:02:03 | WARNING | dpfl.algorithms.noise_game.simulator | Node 246 round 116: NSR=20609.01 exceeds 20000.0
2026-05-14 08:02:03 | WARNING | dpfl.algorithms.noise_game.simulator | Node 261 round 116: NSR=21286.02 exceeds 20000.0
2026-05-14 08:02:03 | WARNING | dpfl.algorithms.noise_game.simulator | Node 284 round 116: NSR=23083.58 exceeds 20000.0
2026-05-14 08:02:03 | WARNING | dpfl.algorithms.noise_game.simulator | Node 328 round 116: NSR=22719.07 exceeds 20000.0
2026-05-14 08:02:03 | WARNING | dpfl.algorithms.noise_game.simulator | Node 351 round 116: NSR=21172.32 exceeds 20000.0
2026-05-14 08:02:03 | WARNING | dpfl.algorithms.noise_game.simulator | Node 377 round 116: NSR=20320.14 exceeds 20000.0
2026-05-14 08:02:04 | WARNING | dpfl.algorithms.noise_game.simulator | Node 482 round 116: NSR=20610.72 exceeds 20000.0
2026-05-14 08:02:13 | INFO    | dpfl.core.base_simulator | Round 117/150 | Acc: 0.8834 | Loss: 0.3946 | eps_max: 2.34 eps_avg: 1.99 | P: 1.00 R: 1.00 F1: 1.00
2026-05-14 08:02:13 | DEBUG   | dpfl.core.base_simulator | Update norms — honest: ['1.24', '2.38', '3.60', '3.95', '4.02'], attacker: ['nan', 'nan', 'nan', 'nan', 'nan']
2026-05-14 08:02:13 | WARNING | dpfl.algorithms.noise_game.simulator | Node 236 round 117: NSR=21190.02 exceeds 20000.0
2026-05-14 08:02:13 | WARNING | dpfl.algorithms.noise_game.simulator | Node 353 round 117: NSR=20353.54 exceeds 20000.0
2026-05-14 08:02:13 | WARNING | dpfl.algorithms.noise_game.simulator | Node 359 round 117: NSR=22308.31 exceeds 20000.0
2026-05-14 08:02:13 | WARNING | dpfl.algorithms.noise_game.simulator | Node 374 round 117: NSR=21207.02 exceeds 20000.0
2026-05-14 08:02:13 | WARNING | dpfl.algorithms.noise_game.simulator | Node 440 round 117: NSR=20639.22 exceeds 20000.0
2026-05-14 08:02:13 | WARNING | dpfl.algorithms.noise_game.simulator | Node 498 round 117: NSR=21596.84 exceeds 20000.0
2026-05-14 08:02:22 | INFO    | dpfl.core.base_simulator | Round 118/150 | Acc: 0.8834 | Loss: 0.3948 | eps_max: 2.34 eps_avg: 1.99 | P: 1.00 R: 1.00 F1: 1.00
2026-05-14 08:02:22 | DEBUG   | dpfl.core.base_simulator | Update norms — honest: ['2.47', '1.19', '2.57', '2.72', '2.70'], attacker: ['nan', 'nan', 'nan', 'nan', 'nan']
2026-05-14 08:02:22 | WARNING | dpfl.algorithms.noise_game.simulator | Node 211 round 118: NSR=20021.72 exceeds 20000.0
2026-05-14 08:02:22 | WARNING | dpfl.algorithms.noise_game.simulator | Node 395 round 118: NSR=22019.57 exceeds 20000.0
2026-05-14 08:02:23 | WARNING | dpfl.algorithms.noise_game.simulator | Node 415 round 118: NSR=20302.90 exceeds 20000.0
2026-05-14 08:02:23 | WARNING | dpfl.algorithms.noise_game.simulator | Node 419 round 118: NSR=20786.36 exceeds 20000.0
2026-05-14 08:02:23 | WARNING | dpfl.algorithms.noise_game.simulator | Node 480 round 118: NSR=22836.60 exceeds 20000.0
2026-05-14 08:02:23 | WARNING | dpfl.algorithms.noise_game.simulator | Node 488 round 118: NSR=20902.52 exceeds 20000.0
2026-05-14 08:02:23 | WARNING | dpfl.algorithms.noise_game.simulator | Node 489 round 118: NSR=22048.88 exceeds 20000.0
2026-05-14 08:02:32 | INFO    | dpfl.core.base_simulator | Round 119/150 | Acc: 0.8831 | Loss: 0.3960 | eps_max: 2.34 eps_avg: 1.99 | P: 1.00 R: 1.00 F1: 1.00
2026-05-14 08:02:32 | DEBUG   | dpfl.core.base_simulator | Update norms — honest: ['2.22', '2.24', '2.20', '2.56', '3.86'], attacker: ['nan', 'nan', 'nan', 'nan', 'nan']
2026-05-14 08:02:32 | WARNING | dpfl.algorithms.noise_game.simulator | Node 247 round 119: NSR=22296.35 exceeds 20000.0
2026-05-14 08:02:32 | WARNING | dpfl.algorithms.noise_game.simulator | Node 319 round 119: NSR=20343.68 exceeds 20000.0
2026-05-14 08:02:32 | WARNING | dpfl.algorithms.noise_game.simulator | Node 335 round 119: NSR=20706.65 exceeds 20000.0
2026-05-14 08:02:32 | WARNING | dpfl.algorithms.noise_game.simulator | Node 379 round 119: NSR=21012.23 exceeds 20000.0
2026-05-14 08:02:32 | WARNING | dpfl.algorithms.noise_game.simulator | Node 393 round 119: NSR=20652.66 exceeds 20000.0
2026-05-14 08:02:42 | INFO    | dpfl.core.base_simulator | Round 120/150 | Acc: 0.8830 | Loss: 0.3964 | eps_max: 2.34 eps_avg: 1.99 | P: 1.00 R: 1.00 F1: 1.00
2026-05-14 08:02:42 | DEBUG   | dpfl.core.base_simulator | Update norms — honest: ['1.38', '1.91', '3.41', '2.82', '1.96'], attacker: ['nan', 'nan', 'nan', 'nan', 'nan']
2026-05-14 08:02:42 | WARNING | dpfl.algorithms.noise_game.simulator | Node 252 round 120: NSR=23056.54 exceeds 20000.0
2026-05-14 08:02:42 | WARNING | dpfl.algorithms.noise_game.simulator | Node 354 round 120: NSR=23288.64 exceeds 20000.0
2026-05-14 08:02:42 | WARNING | dpfl.algorithms.noise_game.simulator | Node 413 round 120: NSR=23228.59 exceeds 20000.0
2026-05-14 08:02:42 | WARNING | dpfl.algorithms.noise_game.simulator | Node 439 round 120: NSR=20609.49 exceeds 20000.0
2026-05-14 08:02:51 | INFO    | dpfl.core.base_simulator | Round 121/150 | Acc: 0.8829 | Loss: 0.3972 | eps_max: 2.34 eps_avg: 1.99 | P: 1.00 R: 1.00 F1: 1.00
2026-05-14 08:02:51 | DEBUG   | dpfl.core.base_simulator | Update norms — honest: ['3.33', '3.47', '2.73', '2.25', '1.95'], attacker: ['nan', 'nan', 'nan', 'nan', 'nan']
2026-05-14 08:02:52 | WARNING | dpfl.algorithms.noise_game.simulator | Node 315 round 121: NSR=20729.70 exceeds 20000.0
2026-05-14 08:02:52 | WARNING | dpfl.algorithms.noise_game.simulator | Node 322 round 121: NSR=20924.80 exceeds 20000.0
2026-05-14 08:02:52 | WARNING | dpfl.algorithms.noise_game.simulator | Node 413 round 121: NSR=22477.47 exceeds 20000.0
2026-05-14 08:02:52 | WARNING | dpfl.algorithms.noise_game.simulator | Node 489 round 121: NSR=21351.92 exceeds 20000.0
2026-05-14 08:03:01 | INFO    | dpfl.core.base_simulator | Round 122/150 | Acc: 0.8828 | Loss: 0.3979 | eps_max: 2.34 eps_avg: 1.99 | P: 1.00 R: 1.00 F1: 1.00
2026-05-14 08:03:01 | DEBUG   | dpfl.core.base_simulator | Update norms — honest: ['3.05', '3.13', '2.39', '3.11', '2.39'], attacker: ['nan', 'nan', 'nan', 'nan', 'nan']
2026-05-14 08:03:01 | WARNING | dpfl.algorithms.noise_game.simulator | Node 224 round 122: NSR=20639.11 exceeds 20000.0
2026-05-14 08:03:01 | WARNING | dpfl.algorithms.noise_game.simulator | Node 285 round 122: NSR=21956.82 exceeds 20000.0
2026-05-14 08:03:01 | WARNING | dpfl.algorithms.noise_game.simulator | Node 355 round 122: NSR=21666.28 exceeds 20000.0
2026-05-14 08:03:10 | INFO    | dpfl.core.base_simulator | Round 123/150 | Acc: 0.8827 | Loss: 0.3985 | eps_max: 2.34 eps_avg: 1.99 | P: 1.00 R: 1.00 F1: 1.00
2026-05-14 08:03:10 | DEBUG   | dpfl.core.base_simulator | Update norms — honest: ['1.32', '3.55', '2.88', '1.78', '1.60'], attacker: ['nan', 'nan', 'nan', 'nan', 'nan']
2026-05-14 08:03:11 | WARNING | dpfl.algorithms.noise_game.simulator | Node 340 round 123: NSR=21695.46 exceeds 20000.0
2026-05-14 08:03:11 | WARNING | dpfl.algorithms.noise_game.simulator | Node 389 round 123: NSR=21553.20 exceeds 20000.0
2026-05-14 08:03:11 | WARNING | dpfl.algorithms.noise_game.simulator | Node 486 round 123: NSR=20032.63 exceeds 20000.0
2026-05-14 08:03:19 | INFO    | dpfl.core.base_simulator | Round 124/150 | Acc: 0.8827 | Loss: 0.3989 | eps_max: 2.34 eps_avg: 1.99 | P: 1.00 R: 1.00 F1: 1.00
2026-05-14 08:03:19 | DEBUG   | dpfl.core.base_simulator | Update norms — honest: ['3.67', '1.74', '2.97', '1.22', '1.77'], attacker: ['nan', 'nan', 'nan', 'nan', 'nan']
2026-05-14 08:03:20 | WARNING | dpfl.algorithms.noise_game.simulator | Node 237 round 124: NSR=20325.23 exceeds 20000.0
2026-05-14 08:03:20 | WARNING | dpfl.algorithms.noise_game.simulator | Node 310 round 124: NSR=22727.80 exceeds 20000.0
2026-05-14 08:03:20 | WARNING | dpfl.algorithms.noise_game.simulator | Node 329 round 124: NSR=20043.62 exceeds 20000.0
2026-05-14 08:03:20 | WARNING | dpfl.algorithms.noise_game.simulator | Node 395 round 124: NSR=24066.10 exceeds 20000.0
2026-05-14 08:03:20 | WARNING | dpfl.algorithms.noise_game.simulator | Node 398 round 124: NSR=22503.45 exceeds 20000.0
2026-05-14 08:03:20 | WARNING | dpfl.algorithms.noise_game.simulator | Node 491 round 124: NSR=22443.48 exceeds 20000.0
2026-05-14 08:03:29 | INFO    | dpfl.core.base_simulator | Round 125/150 | Acc: 0.8828 | Loss: 0.3990 | eps_max: 2.34 eps_avg: 1.99 | P: 1.00 R: 1.00 F1: 1.00
2026-05-14 08:03:29 | DEBUG   | dpfl.core.base_simulator | Update norms — honest: ['1.71', '2.73', '0.79', '2.48', '3.33'], attacker: ['nan', 'nan', 'nan', 'nan', 'nan']
2026-05-14 08:03:29 | WARNING | dpfl.algorithms.noise_game.simulator | Node 227 round 125: NSR=20974.14 exceeds 20000.0
2026-05-14 08:03:29 | WARNING | dpfl.algorithms.noise_game.simulator | Node 243 round 125: NSR=21018.50 exceeds 20000.0
2026-05-14 08:03:29 | WARNING | dpfl.algorithms.noise_game.simulator | Node 250 round 125: NSR=20838.46 exceeds 20000.0
2026-05-14 08:03:29 | WARNING | dpfl.algorithms.noise_game.simulator | Node 252 round 125: NSR=21701.46 exceeds 20000.0
2026-05-14 08:03:29 | WARNING | dpfl.algorithms.noise_game.simulator | Node 266 round 125: NSR=25230.60 exceeds 20000.0
2026-05-14 08:03:29 | WARNING | dpfl.algorithms.noise_game.simulator | Node 371 round 125: NSR=22411.90 exceeds 20000.0
2026-05-14 08:03:29 | WARNING | dpfl.algorithms.noise_game.simulator | Node 417 round 125: NSR=24989.37 exceeds 20000.0
2026-05-14 08:03:29 | WARNING | dpfl.algorithms.noise_game.simulator | Node 468 round 125: NSR=20341.97 exceeds 20000.0
2026-05-14 08:03:29 | WARNING | dpfl.algorithms.noise_game.simulator | Node 475 round 125: NSR=20973.56 exceeds 20000.0
2026-05-14 08:03:38 | INFO    | dpfl.core.base_simulator | Round 126/150 | Acc: 0.8826 | Loss: 0.3996 | eps_max: 2.34 eps_avg: 2.00 | P: 1.00 R: 1.00 F1: 1.00
2026-05-14 08:03:38 | DEBUG   | dpfl.core.base_simulator | Update norms — honest: ['2.45', '2.13', '2.92', '2.86', '2.70'], attacker: ['nan', 'nan', 'nan', 'nan', 'nan']
2026-05-14 08:03:39 | WARNING | dpfl.algorithms.noise_game.simulator | Node 241 round 126: NSR=24155.89 exceeds 20000.0
2026-05-14 08:03:39 | WARNING | dpfl.algorithms.noise_game.simulator | Node 260 round 126: NSR=23364.58 exceeds 20000.0
2026-05-14 08:03:39 | WARNING | dpfl.algorithms.noise_game.simulator | Node 270 round 126: NSR=23517.12 exceeds 20000.0
2026-05-14 08:03:39 | WARNING | dpfl.algorithms.noise_game.simulator | Node 278 round 126: NSR=22652.32 exceeds 20000.0
2026-05-14 08:03:39 | WARNING | dpfl.algorithms.noise_game.simulator | Node 326 round 126: NSR=20948.70 exceeds 20000.0
2026-05-14 08:03:47 | INFO    | dpfl.core.base_simulator | Round 127/150 | Acc: 0.8826 | Loss: 0.3999 | eps_max: 2.34 eps_avg: 2.00 | P: 1.00 R: 1.00 F1: 1.00
2026-05-14 08:03:47 | DEBUG   | dpfl.core.base_simulator | Update norms — honest: ['2.57', '1.82', '1.86', '2.38', '2.22'], attacker: ['nan', 'nan', 'nan', 'nan', 'nan']
2026-05-14 08:03:48 | WARNING | dpfl.algorithms.noise_game.simulator | Node 217 round 127: NSR=24467.86 exceeds 20000.0
2026-05-14 08:03:48 | WARNING | dpfl.algorithms.noise_game.simulator | Node 266 round 127: NSR=22781.72 exceeds 20000.0
2026-05-14 08:03:48 | WARNING | dpfl.algorithms.noise_game.simulator | Node 280 round 127: NSR=28043.41 exceeds 20000.0
2026-05-14 08:03:48 | WARNING | dpfl.algorithms.noise_game.simulator | Node 301 round 127: NSR=23708.34 exceeds 20000.0
2026-05-14 08:03:48 | WARNING | dpfl.algorithms.noise_game.simulator | Node 318 round 127: NSR=23402.43 exceeds 20000.0
2026-05-14 08:03:48 | WARNING | dpfl.algorithms.noise_game.simulator | Node 343 round 127: NSR=22621.98 exceeds 20000.0
2026-05-14 08:03:48 | WARNING | dpfl.algorithms.noise_game.simulator | Node 378 round 127: NSR=20779.14 exceeds 20000.0
2026-05-14 08:03:48 | WARNING | dpfl.algorithms.noise_game.simulator | Node 394 round 127: NSR=20677.65 exceeds 20000.0
2026-05-14 08:03:48 | WARNING | dpfl.algorithms.noise_game.simulator | Node 404 round 127: NSR=22513.00 exceeds 20000.0
2026-05-14 08:03:48 | WARNING | dpfl.algorithms.noise_game.simulator | Node 414 round 127: NSR=21271.03 exceeds 20000.0
2026-05-14 08:03:48 | WARNING | dpfl.algorithms.noise_game.simulator | Node 419 round 127: NSR=22217.05 exceeds 20000.0
2026-05-14 08:03:57 | INFO    | dpfl.core.base_simulator | Round 128/150 | Acc: 0.8825 | Loss: 0.4008 | eps_max: 2.34 eps_avg: 2.00 | P: 1.00 R: 1.00 F1: 1.00
2026-05-14 08:03:57 | DEBUG   | dpfl.core.base_simulator | Update norms — honest: ['4.49', '3.36', '1.73', '2.58', '1.08'], attacker: ['nan', 'nan', 'nan', 'nan', 'nan']
2026-05-14 08:03:58 | WARNING | dpfl.algorithms.noise_game.simulator | Node 254 round 128: NSR=24688.76 exceeds 20000.0
2026-05-14 08:03:58 | WARNING | dpfl.algorithms.noise_game.simulator | Node 255 round 128: NSR=22964.10 exceeds 20000.0
2026-05-14 08:03:58 | WARNING | dpfl.algorithms.noise_game.simulator | Node 265 round 128: NSR=24171.26 exceeds 20000.0
2026-05-14 08:03:58 | WARNING | dpfl.algorithms.noise_game.simulator | Node 286 round 128: NSR=22671.38 exceeds 20000.0
2026-05-14 08:03:58 | WARNING | dpfl.algorithms.noise_game.simulator | Node 299 round 128: NSR=27864.30 exceeds 20000.0
2026-05-14 08:03:58 | WARNING | dpfl.algorithms.noise_game.simulator | Node 324 round 128: NSR=23519.13 exceeds 20000.0
2026-05-14 08:03:58 | WARNING | dpfl.algorithms.noise_game.simulator | Node 369 round 128: NSR=21727.79 exceeds 20000.0
2026-05-14 08:03:58 | WARNING | dpfl.algorithms.noise_game.simulator | Node 417 round 128: NSR=22702.86 exceeds 20000.0
2026-05-14 08:03:58 | WARNING | dpfl.algorithms.noise_game.simulator | Node 484 round 128: NSR=22117.08 exceeds 20000.0
2026-05-14 08:04:06 | INFO    | dpfl.core.base_simulator | Round 129/150 | Acc: 0.8825 | Loss: 0.4010 | eps_max: 2.34 eps_avg: 2.00 | P: 1.00 R: 1.00 F1: 1.00
2026-05-14 08:04:06 | DEBUG   | dpfl.core.base_simulator | Update norms — honest: ['2.14', '1.36', '2.23', '1.19', '1.35'], attacker: ['nan', 'nan', 'nan', 'nan', 'nan']
2026-05-14 08:04:07 | WARNING | dpfl.algorithms.noise_game.simulator | Node 222 round 129: NSR=21490.14 exceeds 20000.0
2026-05-14 08:04:07 | WARNING | dpfl.algorithms.noise_game.simulator | Node 288 round 129: NSR=23126.38 exceeds 20000.0
2026-05-14 08:04:07 | WARNING | dpfl.algorithms.noise_game.simulator | Node 302 round 129: NSR=20769.01 exceeds 20000.0
2026-05-14 08:04:07 | WARNING | dpfl.algorithms.noise_game.simulator | Node 315 round 129: NSR=22616.85 exceeds 20000.0
2026-05-14 08:04:07 | WARNING | dpfl.algorithms.noise_game.simulator | Node 319 round 129: NSR=21563.10 exceeds 20000.0
2026-05-14 08:04:07 | WARNING | dpfl.algorithms.noise_game.simulator | Node 364 round 129: NSR=23168.42 exceeds 20000.0
2026-05-14 08:04:07 | WARNING | dpfl.algorithms.noise_game.simulator | Node 366 round 129: NSR=22901.66 exceeds 20000.0
2026-05-14 08:04:07 | WARNING | dpfl.algorithms.noise_game.simulator | Node 374 round 129: NSR=21289.35 exceeds 20000.0
2026-05-14 08:04:07 | WARNING | dpfl.algorithms.noise_game.simulator | Node 446 round 129: NSR=21922.20 exceeds 20000.0
2026-05-14 08:04:07 | WARNING | dpfl.algorithms.noise_game.simulator | Node 458 round 129: NSR=20288.38 exceeds 20000.0
2026-05-14 08:04:07 | WARNING | dpfl.algorithms.noise_game.simulator | Node 488 round 129: NSR=20394.24 exceeds 20000.0
2026-05-14 08:04:16 | INFO    | dpfl.core.base_simulator | Round 130/150 | Acc: 0.8824 | Loss: 0.4017 | eps_max: 2.34 eps_avg: 2.00 | P: 1.00 R: 1.00 F1: 1.00
2026-05-14 08:04:16 | DEBUG   | dpfl.core.base_simulator | Update norms — honest: ['2.65', '2.13', '2.41', '3.77', '1.57'], attacker: ['nan', 'nan', 'nan', 'nan', 'nan']
2026-05-14 08:04:16 | WARNING | dpfl.algorithms.noise_game.simulator | Node 222 round 130: NSR=20416.79 exceeds 20000.0
2026-05-14 08:04:16 | WARNING | dpfl.algorithms.noise_game.simulator | Node 236 round 130: NSR=21578.27 exceeds 20000.0
2026-05-14 08:04:16 | WARNING | dpfl.algorithms.noise_game.simulator | Node 245 round 130: NSR=21186.71 exceeds 20000.0
2026-05-14 08:04:16 | WARNING | dpfl.algorithms.noise_game.simulator | Node 261 round 130: NSR=23881.95 exceeds 20000.0
2026-05-14 08:04:17 | WARNING | dpfl.algorithms.noise_game.simulator | Node 353 round 130: NSR=21232.81 exceeds 20000.0
2026-05-14 08:04:17 | WARNING | dpfl.algorithms.noise_game.simulator | Node 360 round 130: NSR=20118.17 exceeds 20000.0
2026-05-14 08:04:17 | WARNING | dpfl.algorithms.noise_game.simulator | Node 444 round 130: NSR=24835.07 exceeds 20000.0
2026-05-14 08:04:17 | WARNING | dpfl.algorithms.noise_game.simulator | Node 492 round 130: NSR=20197.85 exceeds 20000.0
2026-05-14 08:04:25 | INFO    | dpfl.core.base_simulator | Round 131/150 | Acc: 0.8823 | Loss: 0.4022 | eps_max: 2.34 eps_avg: 2.00 | P: 1.00 R: 1.00 F1: 1.00
2026-05-14 08:04:25 | DEBUG   | dpfl.core.base_simulator | Update norms — honest: ['1.69', '1.79', '1.48', '2.50', '3.70'], attacker: ['nan', 'nan', 'nan', 'nan', 'nan']
2026-05-14 08:04:26 | WARNING | dpfl.algorithms.noise_game.simulator | Node 209 round 131: NSR=26297.04 exceeds 20000.0
2026-05-14 08:04:26 | WARNING | dpfl.algorithms.noise_game.simulator | Node 244 round 131: NSR=25027.84 exceeds 20000.0
2026-05-14 08:04:26 | WARNING | dpfl.algorithms.noise_game.simulator | Node 408 round 131: NSR=21103.96 exceeds 20000.0
2026-05-14 08:04:26 | WARNING | dpfl.algorithms.noise_game.simulator | Node 431 round 131: NSR=21255.67 exceeds 20000.0
2026-05-14 08:04:26 | WARNING | dpfl.algorithms.noise_game.simulator | Node 490 round 131: NSR=20236.96 exceeds 20000.0
2026-05-14 08:04:26 | WARNING | dpfl.algorithms.noise_game.simulator | Node 498 round 131: NSR=21262.80 exceeds 20000.0
2026-05-14 08:04:35 | INFO    | dpfl.core.base_simulator | Round 132/150 | Acc: 0.8823 | Loss: 0.4026 | eps_max: 2.34 eps_avg: 2.00 | P: 1.00 R: 1.00 F1: 1.00
2026-05-14 08:04:35 | DEBUG   | dpfl.core.base_simulator | Update norms — honest: ['2.58', '2.41', '3.70', '2.55', '4.24'], attacker: ['nan', 'nan', 'nan', 'nan', 'nan']
2026-05-14 08:04:35 | WARNING | dpfl.algorithms.noise_game.simulator | Node 264 round 132: NSR=21369.06 exceeds 20000.0
2026-05-14 08:04:35 | WARNING | dpfl.algorithms.noise_game.simulator | Node 270 round 132: NSR=23234.51 exceeds 20000.0
2026-05-14 08:04:35 | WARNING | dpfl.algorithms.noise_game.simulator | Node 279 round 132: NSR=21612.93 exceeds 20000.0
2026-05-14 08:04:35 | WARNING | dpfl.algorithms.noise_game.simulator | Node 293 round 132: NSR=21526.27 exceeds 20000.0
2026-05-14 08:04:35 | WARNING | dpfl.algorithms.noise_game.simulator | Node 337 round 132: NSR=21700.68 exceeds 20000.0
2026-05-14 08:04:35 | WARNING | dpfl.algorithms.noise_game.simulator | Node 341 round 132: NSR=25765.51 exceeds 20000.0
2026-05-14 08:04:35 | WARNING | dpfl.algorithms.noise_game.simulator | Node 370 round 132: NSR=25897.98 exceeds 20000.0
2026-05-14 08:04:35 | WARNING | dpfl.algorithms.noise_game.simulator | Node 377 round 132: NSR=24172.75 exceeds 20000.0
2026-05-14 08:04:35 | WARNING | dpfl.algorithms.noise_game.simulator | Node 411 round 132: NSR=21465.17 exceeds 20000.0
2026-05-14 08:04:35 | WARNING | dpfl.algorithms.noise_game.simulator | Node 457 round 132: NSR=23951.01 exceeds 20000.0
2026-05-14 08:04:44 | INFO    | dpfl.core.base_simulator | Round 133/150 | Acc: 0.8821 | Loss: 0.4033 | eps_max: 2.34 eps_avg: 2.00 | P: 1.00 R: 1.00 F1: 1.00
2026-05-14 08:04:44 | DEBUG   | dpfl.core.base_simulator | Update norms — honest: ['3.01', '2.87', '2.68', '2.91', '2.74'], attacker: ['nan', 'nan', 'nan', 'nan', 'nan']
2026-05-14 08:04:44 | WARNING | dpfl.algorithms.noise_game.simulator | Node 219 round 133: NSR=21042.22 exceeds 20000.0
2026-05-14 08:04:44 | WARNING | dpfl.algorithms.noise_game.simulator | Node 236 round 133: NSR=21138.18 exceeds 20000.0
2026-05-14 08:04:44 | WARNING | dpfl.algorithms.noise_game.simulator | Node 256 round 133: NSR=21590.89 exceeds 20000.0
2026-05-14 08:04:44 | WARNING | dpfl.algorithms.noise_game.simulator | Node 271 round 133: NSR=22489.55 exceeds 20000.0
2026-05-14 08:04:44 | WARNING | dpfl.algorithms.noise_game.simulator | Node 339 round 133: NSR=20609.49 exceeds 20000.0
2026-05-14 08:04:44 | WARNING | dpfl.algorithms.noise_game.simulator | Node 352 round 133: NSR=22682.29 exceeds 20000.0
2026-05-14 08:04:44 | WARNING | dpfl.algorithms.noise_game.simulator | Node 380 round 133: NSR=22944.86 exceeds 20000.0
2026-05-14 08:04:44 | WARNING | dpfl.algorithms.noise_game.simulator | Node 407 round 133: NSR=27549.41 exceeds 20000.0
2026-05-14 08:04:44 | WARNING | dpfl.algorithms.noise_game.simulator | Node 439 round 133: NSR=20808.65 exceeds 20000.0
2026-05-14 08:04:53 | INFO    | dpfl.core.base_simulator | Round 134/150 | Acc: 0.8820 | Loss: 0.4042 | eps_max: 2.34 eps_avg: 2.00 | P: 1.00 R: 1.00 F1: 1.00
2026-05-14 08:04:53 | DEBUG   | dpfl.core.base_simulator | Update norms — honest: ['3.74', '1.90', '2.67', '2.44', '3.59'], attacker: ['nan', 'nan', 'nan', 'nan', 'nan']
2026-05-14 08:04:54 | WARNING | dpfl.algorithms.noise_game.simulator | Node 201 round 134: NSR=22914.20 exceeds 20000.0
2026-05-14 08:04:54 | WARNING | dpfl.algorithms.noise_game.simulator | Node 251 round 134: NSR=21311.11 exceeds 20000.0
2026-05-14 08:04:54 | WARNING | dpfl.algorithms.noise_game.simulator | Node 254 round 134: NSR=21716.06 exceeds 20000.0
2026-05-14 08:04:54 | WARNING | dpfl.algorithms.noise_game.simulator | Node 322 round 134: NSR=21838.66 exceeds 20000.0
2026-05-14 08:04:54 | WARNING | dpfl.algorithms.noise_game.simulator | Node 361 round 134: NSR=29435.69 exceeds 20000.0
2026-05-14 08:04:54 | WARNING | dpfl.algorithms.noise_game.simulator | Node 383 round 134: NSR=27376.39 exceeds 20000.0
2026-05-14 08:04:54 | WARNING | dpfl.algorithms.noise_game.simulator | Node 431 round 134: NSR=22593.21 exceeds 20000.0
2026-05-14 08:04:54 | WARNING | dpfl.algorithms.noise_game.simulator | Node 459 round 134: NSR=25996.45 exceeds 20000.0
2026-05-14 08:04:54 | WARNING | dpfl.algorithms.noise_game.simulator | Node 467 round 134: NSR=21679.51 exceeds 20000.0
2026-05-14 08:04:54 | WARNING | dpfl.algorithms.noise_game.simulator | Node 489 round 134: NSR=20769.64 exceeds 20000.0
2026-05-14 08:05:03 | INFO    | dpfl.core.base_simulator | Round 135/150 | Acc: 0.8818 | Loss: 0.4049 | eps_max: 2.34 eps_avg: 2.00 | P: 1.00 R: 1.00 F1: 1.00
2026-05-14 08:05:03 | DEBUG   | dpfl.core.base_simulator | Update norms — honest: ['3.09', '3.97', '2.42', '2.45', '3.20'], attacker: ['nan', 'nan', 'nan', 'nan', 'nan']
2026-05-14 08:05:03 | WARNING | dpfl.algorithms.noise_game.simulator | Node 252 round 135: NSR=20338.00 exceeds 20000.0
2026-05-14 08:05:03 | WARNING | dpfl.algorithms.noise_game.simulator | Node 301 round 135: NSR=22553.11 exceeds 20000.0
2026-05-14 08:05:03 | WARNING | dpfl.algorithms.noise_game.simulator | Node 326 round 135: NSR=20882.96 exceeds 20000.0
2026-05-14 08:05:03 | WARNING | dpfl.algorithms.noise_game.simulator | Node 332 round 135: NSR=24451.58 exceeds 20000.0
2026-05-14 08:05:03 | WARNING | dpfl.algorithms.noise_game.simulator | Node 357 round 135: NSR=22732.68 exceeds 20000.0
2026-05-14 08:05:03 | WARNING | dpfl.algorithms.noise_game.simulator | Node 407 round 135: NSR=25325.01 exceeds 20000.0
2026-05-14 08:05:03 | WARNING | dpfl.algorithms.noise_game.simulator | Node 480 round 135: NSR=22169.17 exceeds 20000.0
2026-05-14 08:05:12 | INFO    | dpfl.core.base_simulator | Round 136/150 | Acc: 0.8817 | Loss: 0.4057 | eps_max: 2.34 eps_avg: 2.00 | P: 1.00 R: 1.00 F1: 1.00
2026-05-14 08:05:12 | DEBUG   | dpfl.core.base_simulator | Update norms — honest: ['3.25', '3.54', '3.28', '3.76', '2.34'], attacker: ['nan', 'nan', 'nan', 'nan', 'nan']
2026-05-14 08:05:13 | WARNING | dpfl.algorithms.noise_game.simulator | Node 206 round 136: NSR=27004.48 exceeds 20000.0
2026-05-14 08:05:13 | WARNING | dpfl.algorithms.noise_game.simulator | Node 255 round 136: NSR=21484.62 exceeds 20000.0
2026-05-14 08:05:13 | WARNING | dpfl.algorithms.noise_game.simulator | Node 265 round 136: NSR=22338.62 exceeds 20000.0
2026-05-14 08:05:13 | WARNING | dpfl.algorithms.noise_game.simulator | Node 328 round 136: NSR=23087.60 exceeds 20000.0
2026-05-14 08:05:13 | WARNING | dpfl.algorithms.noise_game.simulator | Node 367 round 136: NSR=26535.54 exceeds 20000.0
2026-05-14 08:05:13 | WARNING | dpfl.algorithms.noise_game.simulator | Node 378 round 136: NSR=26499.45 exceeds 20000.0
2026-05-14 08:05:13 | WARNING | dpfl.algorithms.noise_game.simulator | Node 427 round 136: NSR=22139.75 exceeds 20000.0
2026-05-14 08:05:13 | WARNING | dpfl.algorithms.noise_game.simulator | Node 434 round 136: NSR=20624.08 exceeds 20000.0
2026-05-14 08:05:13 | WARNING | dpfl.algorithms.noise_game.simulator | Node 448 round 136: NSR=20846.66 exceeds 20000.0
2026-05-14 08:05:13 | WARNING | dpfl.algorithms.noise_game.simulator | Node 463 round 136: NSR=24807.88 exceeds 20000.0
2026-05-14 08:05:21 | INFO    | dpfl.core.base_simulator | Round 137/150 | Acc: 0.8817 | Loss: 0.4062 | eps_max: 2.34 eps_avg: 2.00 | P: 1.00 R: 1.00 F1: 1.00
2026-05-14 08:05:21 | DEBUG   | dpfl.core.base_simulator | Update norms — honest: ['2.23', '1.72', '2.39', '2.73', '1.22'], attacker: ['nan', 'nan', 'nan', 'nan', 'nan']
2026-05-14 08:05:22 | WARNING | dpfl.algorithms.noise_game.simulator | Node 203 round 137: NSR=20591.01 exceeds 20000.0
2026-05-14 08:05:22 | WARNING | dpfl.algorithms.noise_game.simulator | Node 209 round 137: NSR=22413.95 exceeds 20000.0
2026-05-14 08:05:22 | WARNING | dpfl.algorithms.noise_game.simulator | Node 239 round 137: NSR=24690.51 exceeds 20000.0
2026-05-14 08:05:22 | WARNING | dpfl.algorithms.noise_game.simulator | Node 297 round 137: NSR=24549.95 exceeds 20000.0
2026-05-14 08:05:22 | WARNING | dpfl.algorithms.noise_game.simulator | Node 338 round 137: NSR=23322.29 exceeds 20000.0
2026-05-14 08:05:22 | WARNING | dpfl.algorithms.noise_game.simulator | Node 373 round 137: NSR=24892.13 exceeds 20000.0
2026-05-14 08:05:22 | WARNING | dpfl.algorithms.noise_game.simulator | Node 389 round 137: NSR=21496.27 exceeds 20000.0
2026-05-14 08:05:22 | WARNING | dpfl.algorithms.noise_game.simulator | Node 418 round 137: NSR=21146.90 exceeds 20000.0
2026-05-14 08:05:22 | WARNING | dpfl.algorithms.noise_game.simulator | Node 453 round 137: NSR=25364.34 exceeds 20000.0
2026-05-14 08:05:22 | WARNING | dpfl.algorithms.noise_game.simulator | Node 485 round 137: NSR=26671.40 exceeds 20000.0
2026-05-14 08:05:22 | WARNING | dpfl.algorithms.noise_game.simulator | Node 490 round 137: NSR=20838.04 exceeds 20000.0
2026-05-14 08:05:31 | INFO    | dpfl.core.base_simulator | Round 138/150 | Acc: 0.8814 | Loss: 0.4076 | eps_max: 2.34 eps_avg: 2.00 | P: 1.00 R: 1.00 F1: 1.00
2026-05-14 08:05:31 | DEBUG   | dpfl.core.base_simulator | Update norms — honest: ['2.86', '2.76', '3.64', '3.52', '3.88'], attacker: ['nan', 'nan', 'nan', 'nan', 'nan']
2026-05-14 08:05:32 | WARNING | dpfl.algorithms.noise_game.simulator | Node 218 round 138: NSR=22211.98 exceeds 20000.0
2026-05-14 08:05:32 | WARNING | dpfl.algorithms.noise_game.simulator | Node 221 round 138: NSR=25670.14 exceeds 20000.0
2026-05-14 08:05:32 | WARNING | dpfl.algorithms.noise_game.simulator | Node 236 round 138: NSR=21594.92 exceeds 20000.0
2026-05-14 08:05:32 | WARNING | dpfl.algorithms.noise_game.simulator | Node 256 round 138: NSR=20166.33 exceeds 20000.0
2026-05-14 08:05:32 | WARNING | dpfl.algorithms.noise_game.simulator | Node 288 round 138: NSR=24245.22 exceeds 20000.0
2026-05-14 08:05:32 | WARNING | dpfl.algorithms.noise_game.simulator | Node 390 round 138: NSR=23386.66 exceeds 20000.0
2026-05-14 08:05:32 | WARNING | dpfl.algorithms.noise_game.simulator | Node 391 round 138: NSR=23612.77 exceeds 20000.0
2026-05-14 08:05:32 | WARNING | dpfl.algorithms.noise_game.simulator | Node 416 round 138: NSR=23508.43 exceeds 20000.0
2026-05-14 08:05:32 | WARNING | dpfl.algorithms.noise_game.simulator | Node 424 round 138: NSR=21307.46 exceeds 20000.0
2026-05-14 08:05:32 | WARNING | dpfl.algorithms.noise_game.simulator | Node 439 round 138: NSR=20435.36 exceeds 20000.0
2026-05-14 08:05:40 | INFO    | dpfl.core.base_simulator | Round 139/150 | Acc: 0.8814 | Loss: 0.4082 | eps_max: 2.34 eps_avg: 2.00 | P: 1.00 R: 1.00 F1: 1.00
2026-05-14 08:05:40 | DEBUG   | dpfl.core.base_simulator | Update norms — honest: ['3.65', '2.06', '2.37', '2.60', '1.87'], attacker: ['nan', 'nan', 'nan', 'nan', 'nan']
2026-05-14 08:05:41 | WARNING | dpfl.algorithms.noise_game.simulator | Node 217 round 139: NSR=20700.32 exceeds 20000.0
2026-05-14 08:05:41 | WARNING | dpfl.algorithms.noise_game.simulator | Node 277 round 139: NSR=23735.76 exceeds 20000.0
2026-05-14 08:05:41 | WARNING | dpfl.algorithms.noise_game.simulator | Node 280 round 139: NSR=26696.03 exceeds 20000.0
2026-05-14 08:05:41 | WARNING | dpfl.algorithms.noise_game.simulator | Node 307 round 139: NSR=27574.30 exceeds 20000.0
2026-05-14 08:05:41 | WARNING | dpfl.algorithms.noise_game.simulator | Node 309 round 139: NSR=22824.22 exceeds 20000.0
2026-05-14 08:05:41 | WARNING | dpfl.algorithms.noise_game.simulator | Node 342 round 139: NSR=25495.07 exceeds 20000.0
2026-05-14 08:05:41 | WARNING | dpfl.algorithms.noise_game.simulator | Node 455 round 139: NSR=23433.04 exceeds 20000.0
2026-05-14 08:05:41 | WARNING | dpfl.algorithms.noise_game.simulator | Node 469 round 139: NSR=21244.29 exceeds 20000.0
2026-05-14 08:05:41 | WARNING | dpfl.algorithms.noise_game.simulator | Node 474 round 139: NSR=27278.96 exceeds 20000.0
2026-05-14 08:05:50 | INFO    | dpfl.core.base_simulator | Round 140/150 | Acc: 0.8813 | Loss: 0.4086 | eps_max: 2.34 eps_avg: 2.01 | P: 1.00 R: 1.00 F1: 1.00
2026-05-14 08:05:50 | DEBUG   | dpfl.core.base_simulator | Update norms — honest: ['2.73', '2.79', '4.25', '3.65', '2.70'], attacker: ['nan', 'nan', 'nan', 'nan', 'nan']
2026-05-14 08:05:50 | WARNING | dpfl.algorithms.noise_game.simulator | Node 215 round 140: NSR=24449.63 exceeds 20000.0
2026-05-14 08:05:50 | WARNING | dpfl.algorithms.noise_game.simulator | Node 223 round 140: NSR=20614.30 exceeds 20000.0
2026-05-14 08:05:50 | WARNING | dpfl.algorithms.noise_game.simulator | Node 328 round 140: NSR=22642.16 exceeds 20000.0
2026-05-14 08:05:50 | WARNING | dpfl.algorithms.noise_game.simulator | Node 357 round 140: NSR=21192.93 exceeds 20000.0
2026-05-14 08:05:50 | WARNING | dpfl.algorithms.noise_game.simulator | Node 371 round 140: NSR=24165.71 exceeds 20000.0
2026-05-14 08:05:50 | WARNING | dpfl.algorithms.noise_game.simulator | Node 386 round 140: NSR=22154.04 exceeds 20000.0
2026-05-14 08:05:50 | WARNING | dpfl.algorithms.noise_game.simulator | Node 390 round 140: NSR=21394.80 exceeds 20000.0
2026-05-14 08:05:50 | WARNING | dpfl.algorithms.noise_game.simulator | Node 398 round 140: NSR=25220.25 exceeds 20000.0
2026-05-14 08:05:50 | WARNING | dpfl.algorithms.noise_game.simulator | Node 403 round 140: NSR=22398.24 exceeds 20000.0
2026-05-14 08:05:51 | WARNING | dpfl.algorithms.noise_game.simulator | Node 492 round 140: NSR=21758.56 exceeds 20000.0
2026-05-14 08:05:51 | WARNING | dpfl.algorithms.noise_game.simulator | Node 494 round 140: NSR=22205.66 exceeds 20000.0
2026-05-14 08:05:59 | INFO    | dpfl.core.base_simulator | Round 141/150 | Acc: 0.8813 | Loss: 0.4090 | eps_max: 2.34 eps_avg: 2.01 | P: 1.00 R: 1.00 F1: 1.00
2026-05-14 08:05:59 | DEBUG   | dpfl.core.base_simulator | Update norms — honest: ['3.10', '2.58', '2.71', '2.49', '2.22'], attacker: ['nan', 'nan', 'nan', 'nan', 'nan']
2026-05-14 08:06:00 | WARNING | dpfl.algorithms.noise_game.simulator | Node 242 round 141: NSR=27369.18 exceeds 20000.0
2026-05-14 08:06:00 | WARNING | dpfl.algorithms.noise_game.simulator | Node 278 round 141: NSR=22716.72 exceeds 20000.0
2026-05-14 08:06:00 | WARNING | dpfl.algorithms.noise_game.simulator | Node 294 round 141: NSR=28530.95 exceeds 20000.0
2026-05-14 08:06:00 | WARNING | dpfl.algorithms.noise_game.simulator | Node 296 round 141: NSR=24275.01 exceeds 20000.0
2026-05-14 08:06:00 | WARNING | dpfl.algorithms.noise_game.simulator | Node 306 round 141: NSR=20503.02 exceeds 20000.0
2026-05-14 08:06:00 | WARNING | dpfl.algorithms.noise_game.simulator | Node 310 round 141: NSR=23189.77 exceeds 20000.0
2026-05-14 08:06:00 | WARNING | dpfl.algorithms.noise_game.simulator | Node 315 round 141: NSR=23017.06 exceeds 20000.0
2026-05-14 08:06:00 | WARNING | dpfl.algorithms.noise_game.simulator | Node 323 round 141: NSR=23958.67 exceeds 20000.0
2026-05-14 08:06:00 | WARNING | dpfl.algorithms.noise_game.simulator | Node 352 round 141: NSR=22738.34 exceeds 20000.0
2026-05-14 08:06:00 | WARNING | dpfl.algorithms.noise_game.simulator | Node 426 round 141: NSR=21234.61 exceeds 20000.0
2026-05-14 08:06:00 | WARNING | dpfl.algorithms.noise_game.simulator | Node 456 round 141: NSR=21138.74 exceeds 20000.0
2026-05-14 08:06:08 | INFO    | dpfl.core.base_simulator | Round 142/150 | Acc: 0.8811 | Loss: 0.4102 | eps_max: 2.34 eps_avg: 2.01 | P: 1.00 R: 1.00 F1: 1.00
2026-05-14 08:06:08 | DEBUG   | dpfl.core.base_simulator | Update norms — honest: ['4.37', '2.55', '2.97', '1.60', '1.69'], attacker: ['nan', 'nan', 'nan', 'nan', 'nan']
2026-05-14 08:06:09 | WARNING | dpfl.algorithms.noise_game.simulator | Node 229 round 142: NSR=24626.64 exceeds 20000.0
2026-05-14 08:06:09 | WARNING | dpfl.algorithms.noise_game.simulator | Node 243 round 142: NSR=25987.31 exceeds 20000.0
2026-05-14 08:06:09 | WARNING | dpfl.algorithms.noise_game.simulator | Node 268 round 142: NSR=26178.47 exceeds 20000.0
2026-05-14 08:06:09 | WARNING | dpfl.algorithms.noise_game.simulator | Node 325 round 142: NSR=20370.71 exceeds 20000.0
2026-05-14 08:06:09 | WARNING | dpfl.algorithms.noise_game.simulator | Node 360 round 142: NSR=22688.62 exceeds 20000.0
2026-05-14 08:06:09 | WARNING | dpfl.algorithms.noise_game.simulator | Node 409 round 142: NSR=22769.41 exceeds 20000.0
2026-05-14 08:06:09 | WARNING | dpfl.algorithms.noise_game.simulator | Node 441 round 142: NSR=21542.68 exceeds 20000.0
2026-05-14 08:06:09 | WARNING | dpfl.algorithms.noise_game.simulator | Node 470 round 142: NSR=21184.96 exceeds 20000.0
2026-05-14 08:06:09 | WARNING | dpfl.algorithms.noise_game.simulator | Node 483 round 142: NSR=22871.89 exceeds 20000.0
2026-05-14 08:06:18 | INFO    | dpfl.core.base_simulator | Round 143/150 | Acc: 0.8811 | Loss: 0.4104 | eps_max: 2.34 eps_avg: 2.01 | P: 1.00 R: 1.00 F1: 1.00
2026-05-14 08:06:18 | DEBUG   | dpfl.core.base_simulator | Update norms — honest: ['2.37', '2.15', '2.85', '1.86', '1.24'], attacker: ['nan', 'nan', 'nan', 'nan', 'nan']
2026-05-14 08:06:18 | WARNING | dpfl.algorithms.noise_game.simulator | Node 200 round 143: NSR=22298.25 exceeds 20000.0
2026-05-14 08:06:18 | WARNING | dpfl.algorithms.noise_game.simulator | Node 221 round 143: NSR=24227.18 exceeds 20000.0
2026-05-14 08:06:18 | WARNING | dpfl.algorithms.noise_game.simulator | Node 248 round 143: NSR=24618.42 exceeds 20000.0
2026-05-14 08:06:18 | WARNING | dpfl.algorithms.noise_game.simulator | Node 280 round 143: NSR=24175.76 exceeds 20000.0
2026-05-14 08:06:18 | WARNING | dpfl.algorithms.noise_game.simulator | Node 297 round 143: NSR=23528.36 exceeds 20000.0
2026-05-14 08:06:18 | WARNING | dpfl.algorithms.noise_game.simulator | Node 317 round 143: NSR=23385.95 exceeds 20000.0
2026-05-14 08:06:18 | WARNING | dpfl.algorithms.noise_game.simulator | Node 355 round 143: NSR=25283.76 exceeds 20000.0
2026-05-14 08:06:18 | WARNING | dpfl.algorithms.noise_game.simulator | Node 393 round 143: NSR=22610.99 exceeds 20000.0
2026-05-14 08:06:18 | WARNING | dpfl.algorithms.noise_game.simulator | Node 417 round 143: NSR=26339.31 exceeds 20000.0
2026-05-14 08:06:18 | WARNING | dpfl.algorithms.noise_game.simulator | Node 420 round 143: NSR=23042.11 exceeds 20000.0
2026-05-14 08:06:18 | WARNING | dpfl.algorithms.noise_game.simulator | Node 496 round 143: NSR=30213.42 exceeds 20000.0
2026-05-14 08:06:27 | INFO    | dpfl.core.base_simulator | Round 144/150 | Acc: 0.8811 | Loss: 0.4109 | eps_max: 2.34 eps_avg: 2.01 | P: 1.00 R: 1.00 F1: 1.00
2026-05-14 08:06:27 | DEBUG   | dpfl.core.base_simulator | Update norms — honest: ['2.46', '2.52', '2.68', '2.07', '2.27'], attacker: ['nan', 'nan', 'nan', 'nan', 'nan']
2026-05-14 08:06:28 | WARNING | dpfl.algorithms.noise_game.simulator | Node 206 round 144: NSR=24841.49 exceeds 20000.0
2026-05-14 08:06:28 | WARNING | dpfl.algorithms.noise_game.simulator | Node 211 round 144: NSR=24761.22 exceeds 20000.0
2026-05-14 08:06:28 | WARNING | dpfl.algorithms.noise_game.simulator | Node 235 round 144: NSR=24434.31 exceeds 20000.0
2026-05-14 08:06:28 | WARNING | dpfl.algorithms.noise_game.simulator | Node 242 round 144: NSR=24369.12 exceeds 20000.0
2026-05-14 08:06:28 | WARNING | dpfl.algorithms.noise_game.simulator | Node 247 round 144: NSR=25794.34 exceeds 20000.0
2026-05-14 08:06:28 | WARNING | dpfl.algorithms.noise_game.simulator | Node 292 round 144: NSR=27324.32 exceeds 20000.0
2026-05-14 08:06:28 | WARNING | dpfl.algorithms.noise_game.simulator | Node 408 round 144: NSR=21992.41 exceeds 20000.0
2026-05-14 08:06:28 | WARNING | dpfl.algorithms.noise_game.simulator | Node 411 round 144: NSR=24753.75 exceeds 20000.0
2026-05-14 08:06:28 | WARNING | dpfl.algorithms.noise_game.simulator | Node 423 round 144: NSR=22819.29 exceeds 20000.0
2026-05-14 08:06:28 | WARNING | dpfl.algorithms.noise_game.simulator | Node 457 round 144: NSR=26015.53 exceeds 20000.0
2026-05-14 08:06:36 | INFO    | dpfl.core.base_simulator | Round 145/150 | Acc: 0.8812 | Loss: 0.4112 | eps_max: 2.34 eps_avg: 2.01 | P: 1.00 R: 1.00 F1: 1.00
2026-05-14 08:06:36 | DEBUG   | dpfl.core.base_simulator | Update norms — honest: ['2.83', '2.32', '2.86', '3.02', '2.35'], attacker: ['nan', 'nan', 'nan', 'nan', 'nan']
2026-05-14 08:06:37 | WARNING | dpfl.algorithms.noise_game.simulator | Node 243 round 145: NSR=22637.72 exceeds 20000.0
2026-05-14 08:06:37 | WARNING | dpfl.algorithms.noise_game.simulator | Node 251 round 145: NSR=23721.11 exceeds 20000.0
2026-05-14 08:06:37 | WARNING | dpfl.algorithms.noise_game.simulator | Node 303 round 145: NSR=23115.90 exceeds 20000.0
2026-05-14 08:06:37 | WARNING | dpfl.algorithms.noise_game.simulator | Node 316 round 145: NSR=23872.93 exceeds 20000.0
2026-05-14 08:06:37 | WARNING | dpfl.algorithms.noise_game.simulator | Node 328 round 145: NSR=20586.48 exceeds 20000.0
2026-05-14 08:06:37 | WARNING | dpfl.algorithms.noise_game.simulator | Node 340 round 145: NSR=20610.30 exceeds 20000.0
2026-05-14 08:06:37 | WARNING | dpfl.algorithms.noise_game.simulator | Node 352 round 145: NSR=20318.45 exceeds 20000.0
2026-05-14 08:06:37 | WARNING | dpfl.algorithms.noise_game.simulator | Node 367 round 145: NSR=22238.54 exceeds 20000.0
2026-05-14 08:06:37 | WARNING | dpfl.algorithms.noise_game.simulator | Node 381 round 145: NSR=20762.14 exceeds 20000.0
2026-05-14 08:06:37 | WARNING | dpfl.algorithms.noise_game.simulator | Node 391 round 145: NSR=25040.43 exceeds 20000.0
2026-05-14 08:06:37 | WARNING | dpfl.algorithms.noise_game.simulator | Node 404 round 145: NSR=28425.74 exceeds 20000.0
2026-05-14 08:06:37 | WARNING | dpfl.algorithms.noise_game.simulator | Node 413 round 145: NSR=26085.70 exceeds 20000.0
2026-05-14 08:06:37 | WARNING | dpfl.algorithms.noise_game.simulator | Node 416 round 145: NSR=22065.97 exceeds 20000.0
2026-05-14 08:06:37 | WARNING | dpfl.algorithms.noise_game.simulator | Node 453 round 145: NSR=26700.19 exceeds 20000.0
2026-05-14 08:06:37 | WARNING | dpfl.algorithms.noise_game.simulator | Node 484 round 145: NSR=22663.33 exceeds 20000.0
2026-05-14 08:06:46 | INFO    | dpfl.core.base_simulator | Round 146/150 | Acc: 0.8810 | Loss: 0.4120 | eps_max: 2.34 eps_avg: 2.02 | P: 1.00 R: 1.00 F1: 1.00
2026-05-14 08:06:46 | DEBUG   | dpfl.core.base_simulator | Update norms — honest: ['2.68', '2.79', '4.13', '2.64', '1.77'], attacker: ['nan', 'nan', 'nan', 'nan', 'nan']
2026-05-14 08:06:46 | WARNING | dpfl.algorithms.noise_game.simulator | Node 210 round 146: NSR=29165.96 exceeds 20000.0
2026-05-14 08:06:46 | WARNING | dpfl.algorithms.noise_game.simulator | Node 213 round 146: NSR=25788.31 exceeds 20000.0
2026-05-14 08:06:46 | WARNING | dpfl.algorithms.noise_game.simulator | Node 241 round 146: NSR=23720.55 exceeds 20000.0
2026-05-14 08:06:46 | WARNING | dpfl.algorithms.noise_game.simulator | Node 316 round 146: NSR=23018.97 exceeds 20000.0
2026-05-14 08:06:46 | WARNING | dpfl.algorithms.noise_game.simulator | Node 327 round 146: NSR=25387.09 exceeds 20000.0
2026-05-14 08:06:46 | WARNING | dpfl.algorithms.noise_game.simulator | Node 362 round 146: NSR=26086.61 exceeds 20000.0
2026-05-14 08:06:46 | WARNING | dpfl.algorithms.noise_game.simulator | Node 369 round 146: NSR=23514.95 exceeds 20000.0
2026-05-14 08:06:46 | WARNING | dpfl.algorithms.noise_game.simulator | Node 383 round 146: NSR=30051.64 exceeds 20000.0
2026-05-14 08:06:46 | WARNING | dpfl.algorithms.noise_game.simulator | Node 405 round 146: NSR=22109.68 exceeds 20000.0
2026-05-14 08:06:46 | WARNING | dpfl.algorithms.noise_game.simulator | Node 448 round 146: NSR=22576.66 exceeds 20000.0
2026-05-14 08:06:46 | WARNING | dpfl.algorithms.noise_game.simulator | Node 455 round 146: NSR=26232.27 exceeds 20000.0
2026-05-14 08:06:46 | WARNING | dpfl.algorithms.noise_game.simulator | Node 456 round 146: NSR=22157.10 exceeds 20000.0
2026-05-14 08:06:46 | WARNING | dpfl.algorithms.noise_game.simulator | Node 471 round 146: NSR=24773.43 exceeds 20000.0
2026-05-14 08:06:55 | INFO    | dpfl.core.base_simulator | Round 147/150 | Acc: 0.8809 | Loss: 0.4126 | eps_max: 2.34 eps_avg: 2.02 | P: 1.00 R: 1.00 F1: 1.00
2026-05-14 08:06:55 | DEBUG   | dpfl.core.base_simulator | Update norms — honest: ['1.80', '2.51', '3.24', '2.67', '2.44'], attacker: ['nan', 'nan', 'nan', 'nan', 'nan']
2026-05-14 08:06:56 | WARNING | dpfl.algorithms.noise_game.simulator | Node 247 round 147: NSR=24838.93 exceeds 20000.0
2026-05-14 08:06:56 | WARNING | dpfl.algorithms.noise_game.simulator | Node 253 round 147: NSR=26507.99 exceeds 20000.0
2026-05-14 08:06:56 | WARNING | dpfl.algorithms.noise_game.simulator | Node 266 round 147: NSR=24998.86 exceeds 20000.0
2026-05-14 08:06:56 | WARNING | dpfl.algorithms.noise_game.simulator | Node 280 round 147: NSR=25567.63 exceeds 20000.0
2026-05-14 08:06:56 | WARNING | dpfl.algorithms.noise_game.simulator | Node 291 round 147: NSR=27220.99 exceeds 20000.0
2026-05-14 08:06:56 | WARNING | dpfl.algorithms.noise_game.simulator | Node 333 round 147: NSR=23323.80 exceeds 20000.0
2026-05-14 08:06:56 | WARNING | dpfl.algorithms.noise_game.simulator | Node 344 round 147: NSR=22933.72 exceeds 20000.0
2026-05-14 08:06:56 | WARNING | dpfl.algorithms.noise_game.simulator | Node 348 round 147: NSR=24380.66 exceeds 20000.0
2026-05-14 08:06:56 | WARNING | dpfl.algorithms.noise_game.simulator | Node 354 round 147: NSR=26370.59 exceeds 20000.0
2026-05-14 08:06:56 | WARNING | dpfl.algorithms.noise_game.simulator | Node 366 round 147: NSR=23063.06 exceeds 20000.0
2026-05-14 08:06:56 | WARNING | dpfl.algorithms.noise_game.simulator | Node 395 round 147: NSR=27532.63 exceeds 20000.0
2026-05-14 08:06:56 | WARNING | dpfl.algorithms.noise_game.simulator | Node 414 round 147: NSR=21988.13 exceeds 20000.0
2026-05-14 08:06:56 | WARNING | dpfl.algorithms.noise_game.simulator | Node 469 round 147: NSR=24365.76 exceeds 20000.0
2026-05-14 08:07:05 | INFO    | dpfl.core.base_simulator | Round 148/150 | Acc: 0.8808 | Loss: 0.4135 | eps_max: 2.34 eps_avg: 2.02 | P: 1.00 R: 1.00 F1: 1.00
2026-05-14 08:07:05 | DEBUG   | dpfl.core.base_simulator | Update norms — honest: ['3.20', '2.05', '2.47', '1.63', '3.17'], attacker: ['nan', 'nan', 'nan', 'nan', 'nan']
2026-05-14 08:07:05 | WARNING | dpfl.algorithms.noise_game.simulator | Node 201 round 148: NSR=24614.10 exceeds 20000.0
2026-05-14 08:07:05 | WARNING | dpfl.algorithms.noise_game.simulator | Node 208 round 148: NSR=20374.89 exceeds 20000.0
2026-05-14 08:07:05 | WARNING | dpfl.algorithms.noise_game.simulator | Node 220 round 148: NSR=24314.86 exceeds 20000.0
2026-05-14 08:07:05 | WARNING | dpfl.algorithms.noise_game.simulator | Node 236 round 148: NSR=21309.93 exceeds 20000.0
2026-05-14 08:07:05 | WARNING | dpfl.algorithms.noise_game.simulator | Node 243 round 148: NSR=20130.15 exceeds 20000.0
2026-05-14 08:07:05 | WARNING | dpfl.algorithms.noise_game.simulator | Node 287 round 148: NSR=26318.34 exceeds 20000.0
2026-05-14 08:07:05 | WARNING | dpfl.algorithms.noise_game.simulator | Node 359 round 148: NSR=23939.08 exceeds 20000.0
2026-05-14 08:07:05 | WARNING | dpfl.algorithms.noise_game.simulator | Node 388 round 148: NSR=25389.84 exceeds 20000.0
2026-05-14 08:07:05 | WARNING | dpfl.algorithms.noise_game.simulator | Node 394 round 148: NSR=22665.66 exceeds 20000.0
2026-05-14 08:07:05 | WARNING | dpfl.algorithms.noise_game.simulator | Node 419 round 148: NSR=27024.65 exceeds 20000.0
2026-05-14 08:07:05 | WARNING | dpfl.algorithms.noise_game.simulator | Node 476 round 148: NSR=21454.21 exceeds 20000.0
2026-05-14 08:07:05 | WARNING | dpfl.algorithms.noise_game.simulator | Node 497 round 148: NSR=20105.66 exceeds 20000.0
2026-05-14 08:07:14 | INFO    | dpfl.core.base_simulator | Round 149/150 | Acc: 0.8807 | Loss: 0.4143 | eps_max: 2.34 eps_avg: 2.02 | P: 1.00 R: 1.00 F1: 1.00
2026-05-14 08:07:14 | DEBUG   | dpfl.core.base_simulator | Update norms — honest: ['2.47', '4.33', '2.76', '3.68', '2.66'], attacker: ['nan', 'nan', 'nan', 'nan', 'nan']
2026-05-14 08:07:15 | WARNING | dpfl.algorithms.noise_game.simulator | Node 250 round 149: NSR=22583.34 exceeds 20000.0
2026-05-14 08:07:15 | WARNING | dpfl.algorithms.noise_game.simulator | Node 263 round 149: NSR=24747.12 exceeds 20000.0
2026-05-14 08:07:15 | WARNING | dpfl.algorithms.noise_game.simulator | Node 267 round 149: NSR=27693.65 exceeds 20000.0
2026-05-14 08:07:15 | WARNING | dpfl.algorithms.noise_game.simulator | Node 275 round 149: NSR=26092.85 exceeds 20000.0
2026-05-14 08:07:15 | WARNING | dpfl.algorithms.noise_game.simulator | Node 321 round 149: NSR=29056.62 exceeds 20000.0
2026-05-14 08:07:15 | WARNING | dpfl.algorithms.noise_game.simulator | Node 353 round 149: NSR=24771.32 exceeds 20000.0
2026-05-14 08:07:15 | WARNING | dpfl.algorithms.noise_game.simulator | Node 390 round 149: NSR=22293.94 exceeds 20000.0
2026-05-14 08:07:15 | WARNING | dpfl.algorithms.noise_game.simulator | Node 435 round 149: NSR=25388.71 exceeds 20000.0
2026-05-14 08:07:15 | WARNING | dpfl.algorithms.noise_game.simulator | Node 442 round 149: NSR=28767.86 exceeds 20000.0
2026-05-14 08:07:24 | INFO    | dpfl.core.base_simulator | Round 150/150 | Acc: 0.8806 | Loss: 0.4149 | eps_max: 2.34 eps_avg: 2.02 | P: 1.00 R: 1.00 F1: 1.00
2026-05-14 08:07:24 | DEBUG   | dpfl.core.base_simulator | Update norms — honest: ['3.68', '3.23', '2.42', '2.09', '3.40'], attacker: ['nan', 'nan', 'nan', 'nan', 'nan']
2026-05-14 08:07:26 | INFO    | dpfl | Experiment complete in 2226.9s
============================================================
REPORT: DP-SGD Decentralized Federated Learning
============================================================
Timestamp:                  20260514_073017
Rounds completed:           150
Attack-active rounds:       100  (from round 50)
Final accuracy:             0.8806
Final test loss:            0.4149
Final epsilon (max honest): 2.34
Final epsilon (avg honest): 2.02
Best alpha:                 1000.0
Avg precision:              1.0000
Avg recall:                 0.9837
Avg F1 score:               0.9960
Avg update norm (honest):   1.8168
Avg update norm (attacker): nan

eps_system (max honest): 2.3418
eps_avg (honest):        2.0184
eps_std (honest):        0.1350
n_frozen:                0/300
============================================================
