2026-05-14 05:10:10 | INFO    | dpfl | Experiment start: algorithm=balance, dataset=fashion_mnist, model=mlp, device=cuda
2026-05-14 05:10:10 | INFO    | dpfl | Config: nodes=500, attackers=100, rounds=150, noise_mode=none, attack=scale
2026-05-14 05:10:10 | INFO    | dpfl.data.fashion_mnist_dataset | Loading Fashion-MNIST dataset...
2026-05-14 05:10:10 | INFO    | dpfl.data.fashion_mnist_dataset | Fashion-MNIST loaded: 60000 train, 10000 test samples
2026-05-14 05:11:24 | INFO    | dpfl.core.base_simulator | Vectorized state ready: param_spec.D=50890, X_test=(10000, 1, 28, 28), train clients N=500, max_n_samples=1000
2026-05-14 05:11:24 | INFO    | dpfl.core.base_simulator | Setup complete: 500 nodes (100 attackers), param_dim=50890, split=iid
2026-05-14 05:11:24 | DEBUG   | dpfl.core.base_simulator | Attacker IDs: {0, 1, 2, 3, 4, 5, 6, 7, 8, 9, 10, 11, 12, 13, 14, 15, 16, 17, 18, 19, 20, 21, 22, 23, 24, 25, 26, 27, 28, 29, 30, 31, 32, 33, 34, 35, 36, 37, 38, 39, 40, 41, 42, 43, 44, 45, 46, 47, 48, 49, 50, 51, 52, 53, 54, 55, 56, 57, 58, 59, 60, 61, 62, 63, 64, 65, 66, 67, 68, 69, 70, 71, 72, 73, 74, 75, 76, 77, 78, 79, 80, 81, 82, 83, 84, 85, 86, 87, 88, 89, 90, 91, 92, 93, 94, 95, 96, 97, 98, 99}
2026-05-14 05:11:25 | INFO    | dpfl.core.base_simulator | Round   1/150 | Acc: 0.4581 | Loss: 1.9726 | eps: 0.00 | P: nan R: nan F1: nan
2026-05-14 05:11:25 | DEBUG   | dpfl.core.base_simulator | Update norms — honest: ['0.23', '0.24', '0.24', '0.23', '0.23'], attacker: ['0.23', '0.23', '0.24', '0.23', '0.24']
2026-05-14 05:11:25 | INFO    | dpfl.core.base_simulator | Round   2/150 | Acc: 0.5721 | Loss: 1.7060 | eps: 0.00 | P: nan R: nan F1: nan
2026-05-14 05:11:25 | DEBUG   | dpfl.core.base_simulator | Update norms — honest: ['0.20', '0.21', '0.21', '0.20', '0.20'], attacker: ['0.20', '0.20', '0.21', '0.20', '0.21']
2026-05-14 05:11:26 | INFO    | dpfl.core.base_simulator | Round   3/150 | Acc: 0.6221 | Loss: 1.4816 | eps: 0.00 | P: nan R: nan F1: nan
2026-05-14 05:11:26 | DEBUG   | dpfl.core.base_simulator | Update norms — honest: ['0.19', '0.19', '0.19', '0.19', '0.18'], attacker: ['0.19', '0.19', '0.19', '0.18', '0.19']
2026-05-14 05:11:27 | INFO    | dpfl.core.base_simulator | Round   4/150 | Acc: 0.6513 | Loss: 1.3056 | eps: 0.00 | P: nan R: nan F1: nan
2026-05-14 05:11:27 | DEBUG   | dpfl.core.base_simulator | Update norms — honest: ['0.16', '0.17', '0.17', '0.16', '0.17'], attacker: ['0.17', '0.17', '0.17', '0.16', '0.17']
2026-05-14 05:11:28 | INFO    | dpfl.core.base_simulator | Round   5/150 | Acc: 0.6735 | Loss: 1.1760 | eps: 0.00 | P: nan R: nan F1: nan
2026-05-14 05:11:28 | DEBUG   | dpfl.core.base_simulator | Update norms — honest: ['0.14', '0.14', '0.14', '0.14', '0.14'], attacker: ['0.14', '0.14', '0.14', '0.14', '0.14']
2026-05-14 05:11:32 | INFO    | dpfl.core.base_simulator | Round   6/150 | Acc: 0.6906 | Loss: 1.0817 | eps: 0.00 | P: nan R: nan F1: nan
2026-05-14 05:11:32 | DEBUG   | dpfl.core.base_simulator | Update norms — honest: ['0.12', '0.12', '0.12', '0.12', '0.12'], attacker: ['0.13', '0.12', '0.12', '0.12', '0.12']
2026-05-14 05:11:36 | INFO    | dpfl.core.base_simulator | Round   7/150 | Acc: 0.7023 | Loss: 1.0113 | eps: 0.00 | P: nan R: nan F1: nan
2026-05-14 05:11:36 | DEBUG   | dpfl.core.base_simulator | Update norms — honest: ['0.11', '0.10', '0.11', '0.11', '0.11'], attacker: ['0.11', '0.11', '0.11', '0.11', '0.11']
2026-05-14 05:11:38 | INFO    | dpfl.core.base_simulator | Round   8/150 | Acc: 0.7106 | Loss: 0.9573 | eps: 0.00 | P: nan R: nan F1: nan
2026-05-14 05:11:38 | DEBUG   | dpfl.core.base_simulator | Update norms — honest: ['0.09', '0.09', '0.10', '0.09', '0.10'], attacker: ['0.10', '0.09', '0.10', '0.10', '0.09']
2026-05-14 05:11:39 | INFO    | dpfl.core.base_simulator | Round   9/150 | Acc: 0.7171 | Loss: 0.9142 | eps: 0.00 | P: nan R: nan F1: nan
2026-05-14 05:11:39 | DEBUG   | dpfl.core.base_simulator | Update norms — honest: ['0.09', '0.08', '0.08', '0.08', '0.09'], attacker: ['0.09', '0.09', '0.09', '0.09', '0.09']
2026-05-14 05:11:39 | INFO    | dpfl.core.base_simulator | Round  10/150 | Acc: 0.7229 | Loss: 0.8791 | eps: 0.00 | P: nan R: nan F1: nan
2026-05-14 05:11:39 | DEBUG   | dpfl.core.base_simulator | Update norms — honest: ['0.08', '0.08', '0.08', '0.08', '0.08'], attacker: ['0.08', '0.08', '0.08', '0.08', '0.08']
2026-05-14 05:11:40 | INFO    | dpfl.core.base_simulator | Round  11/150 | Acc: 0.7278 | Loss: 0.8498 | eps: 0.00 | P: nan R: nan F1: nan
2026-05-14 05:11:40 | DEBUG   | dpfl.core.base_simulator | Update norms — honest: ['0.07', '0.07', '0.07', '0.07', '0.07'], attacker: ['0.08', '0.07', '0.07', '0.07', '0.07']
2026-05-14 05:11:41 | INFO    | dpfl.core.base_simulator | Round  12/150 | Acc: 0.7325 | Loss: 0.8248 | eps: 0.00 | P: nan R: nan F1: nan
2026-05-14 05:11:41 | DEBUG   | dpfl.core.base_simulator | Update norms — honest: ['0.07', '0.07', '0.07', '0.07', '0.07'], attacker: ['0.07', '0.07', '0.07', '0.07', '0.07']
2026-05-14 05:11:41 | INFO    | dpfl.core.base_simulator | Round  13/150 | Acc: 0.7363 | Loss: 0.8036 | eps: 0.00 | P: nan R: nan F1: nan
2026-05-14 05:11:41 | DEBUG   | dpfl.core.base_simulator | Update norms — honest: ['0.06', '0.06', '0.06', '0.06', '0.06'], attacker: ['0.07', '0.06', '0.07', '0.07', '0.06']
2026-05-14 05:11:42 | INFO    | dpfl.core.base_simulator | Round  14/150 | Acc: 0.7403 | Loss: 0.7848 | eps: 0.00 | P: nan R: nan F1: nan
2026-05-14 05:11:42 | DEBUG   | dpfl.core.base_simulator | Update norms — honest: ['0.06', '0.06', '0.06', '0.06', '0.06'], attacker: ['0.07', '0.06', '0.06', '0.06', '0.06']
2026-05-14 05:11:42 | INFO    | dpfl.core.base_simulator | Round  15/150 | Acc: 0.7437 | Loss: 0.7685 | eps: 0.00 | P: nan R: nan F1: nan
2026-05-14 05:11:42 | DEBUG   | dpfl.core.base_simulator | Update norms — honest: ['0.06', '0.06', '0.06', '0.06', '0.06'], attacker: ['0.06', '0.06', '0.06', '0.06', '0.06']
2026-05-14 05:11:43 | INFO    | dpfl.core.base_simulator | Round  16/150 | Acc: 0.7466 | Loss: 0.7544 | eps: 0.00 | P: nan R: nan F1: nan
2026-05-14 05:11:43 | DEBUG   | dpfl.core.base_simulator | Update norms — honest: ['0.05', '0.06', '0.05', '0.05', '0.06'], attacker: ['0.06', '0.06', '0.06', '0.05', '0.06']
2026-05-14 05:11:44 | INFO    | dpfl.core.base_simulator | Round  17/150 | Acc: 0.7493 | Loss: 0.7417 | eps: 0.00 | P: nan R: nan F1: nan
2026-05-14 05:11:44 | DEBUG   | dpfl.core.base_simulator | Update norms — honest: ['0.05', '0.05', '0.05', '0.06', '0.05'], attacker: ['0.05', '0.05', '0.05', '0.06', '0.06']
2026-05-14 05:11:48 | INFO    | dpfl.core.base_simulator | Round  18/150 | Acc: 0.7521 | Loss: 0.7301 | eps: 0.00 | P: nan R: nan F1: nan
2026-05-14 05:11:48 | DEBUG   | dpfl.core.base_simulator | Update norms — honest: ['0.06', '0.05', '0.05', '0.06', '0.05'], attacker: ['0.05', '0.05', '0.05', '0.05', '0.05']
2026-05-14 05:11:52 | INFO    | dpfl.core.base_simulator | Round  19/150 | Acc: 0.7546 | Loss: 0.7199 | eps: 0.00 | P: nan R: nan F1: nan
2026-05-14 05:11:52 | DEBUG   | dpfl.core.base_simulator | Update norms — honest: ['0.05', '0.05', '0.05', '0.05', '0.05'], attacker: ['0.05', '0.05', '0.05', '0.05', '0.05']
2026-05-14 05:11:55 | INFO    | dpfl.core.base_simulator | Round  20/150 | Acc: 0.7568 | Loss: 0.7104 | eps: 0.00 | P: nan R: nan F1: nan
2026-05-14 05:11:55 | DEBUG   | dpfl.core.base_simulator | Update norms — honest: ['0.05', '0.05', '0.04', '0.05', '0.05'], attacker: ['0.05', '0.05', '0.05', '0.05', '0.05']
2026-05-14 05:11:55 | INFO    | dpfl.core.base_simulator | Round  21/150 | Acc: 0.7588 | Loss: 0.7020 | eps: 0.00 | P: nan R: nan F1: nan
2026-05-14 05:11:55 | DEBUG   | dpfl.core.base_simulator | Update norms — honest: ['0.05', '0.04', '0.05', '0.05', '0.04'], attacker: ['0.05', '0.05', '0.05', '0.05', '0.05']
2026-05-14 05:11:56 | INFO    | dpfl.core.base_simulator | Round  22/150 | Acc: 0.7607 | Loss: 0.6944 | eps: 0.00 | P: nan R: nan F1: nan
2026-05-14 05:11:56 | DEBUG   | dpfl.core.base_simulator | Update norms — honest: ['0.05', '0.05', '0.04', '0.05', '0.05'], attacker: ['0.05', '0.05', '0.05', '0.05', '0.04']
2026-05-14 05:11:57 | INFO    | dpfl.core.base_simulator | Round  23/150 | Acc: 0.7626 | Loss: 0.6868 | eps: 0.00 | P: nan R: nan F1: nan
2026-05-14 05:11:57 | DEBUG   | dpfl.core.base_simulator | Update norms — honest: ['0.04', '0.05', '0.04', '0.05', '0.04'], attacker: ['0.04', '0.05', '0.04', '0.05', '0.04']
2026-05-14 05:11:57 | INFO    | dpfl.core.base_simulator | Round  24/150 | Acc: 0.7644 | Loss: 0.6804 | eps: 0.00 | P: nan R: nan F1: nan
2026-05-14 05:11:57 | DEBUG   | dpfl.core.base_simulator | Update norms — honest: ['0.04', '0.05', '0.04', '0.04', '0.04'], attacker: ['0.04', '0.05', '0.04', '0.04', '0.04']
2026-05-14 05:11:58 | INFO    | dpfl.core.base_simulator | Round  25/150 | Acc: 0.7660 | Loss: 0.6742 | eps: 0.00 | P: nan R: nan F1: nan
2026-05-14 05:11:58 | DEBUG   | dpfl.core.base_simulator | Update norms — honest: ['0.04', '0.04', '0.04', '0.05', '0.04'], attacker: ['0.04', '0.04', '0.04', '0.04', '0.05']
2026-05-14 05:11:58 | INFO    | dpfl.core.base_simulator | Round  26/150 | Acc: 0.7674 | Loss: 0.6688 | eps: 0.00 | P: nan R: nan F1: nan
2026-05-14 05:11:58 | DEBUG   | dpfl.core.base_simulator | Update norms — honest: ['0.04', '0.04', '0.04', '0.04', '0.04'], attacker: ['0.05', '0.04', '0.04', '0.04', '0.04']
2026-05-14 05:11:59 | INFO    | dpfl.core.base_simulator | Round  27/150 | Acc: 0.7688 | Loss: 0.6633 | eps: 0.00 | P: nan R: nan F1: nan
2026-05-14 05:11:59 | DEBUG   | dpfl.core.base_simulator | Update norms — honest: ['0.04', '0.04', '0.04', '0.04', '0.04'], attacker: ['0.04', '0.04', '0.04', '0.04', '0.04']
2026-05-14 05:11:59 | INFO    | dpfl.core.base_simulator | Round  28/150 | Acc: 0.7703 | Loss: 0.6584 | eps: 0.00 | P: nan R: nan F1: nan
2026-05-14 05:11:59 | DEBUG   | dpfl.core.base_simulator | Update norms — honest: ['0.04', '0.04', '0.04', '0.04', '0.04'], attacker: ['0.04', '0.04', '0.04', '0.04', '0.04']
2026-05-14 05:12:00 | INFO    | dpfl.core.base_simulator | Round  29/150 | Acc: 0.7717 | Loss: 0.6537 | eps: 0.00 | P: nan R: nan F1: nan
2026-05-14 05:12:00 | DEBUG   | dpfl.core.base_simulator | Update norms — honest: ['0.04', '0.04', '0.04', '0.04', '0.04'], attacker: ['0.04', '0.04', '0.04', '0.04', '0.04']
2026-05-14 05:12:03 | INFO    | dpfl.core.base_simulator | Round  30/150 | Acc: 0.7728 | Loss: 0.6494 | eps: 0.00 | P: nan R: nan F1: nan
2026-05-14 05:12:03 | DEBUG   | dpfl.core.base_simulator | Update norms — honest: ['0.04', '0.04', '0.04', '0.04', '0.04'], attacker: ['0.04', '0.04', '0.04', '0.04', '0.04']
2026-05-14 05:12:07 | INFO    | dpfl.core.base_simulator | Round  31/150 | Acc: 0.7740 | Loss: 0.6454 | eps: 0.00 | P: nan R: nan F1: nan
2026-05-14 05:12:07 | DEBUG   | dpfl.core.base_simulator | Update norms — honest: ['0.04', '0.04', '0.04', '0.04', '0.04'], attacker: ['0.04', '0.04', '0.04', '0.04', '0.04']
2026-05-14 05:12:11 | INFO    | dpfl.core.base_simulator | Round  32/150 | Acc: 0.7753 | Loss: 0.6413 | eps: 0.00 | P: nan R: nan F1: nan
2026-05-14 05:12:11 | DEBUG   | dpfl.core.base_simulator | Update norms — honest: ['0.03', '0.04', '0.03', '0.04', '0.04'], attacker: ['0.04', '0.04', '0.04', '0.04', '0.04']
2026-05-14 05:12:12 | INFO    | dpfl.core.base_simulator | Round  33/150 | Acc: 0.7761 | Loss: 0.6379 | eps: 0.00 | P: nan R: nan F1: nan
2026-05-14 05:12:12 | DEBUG   | dpfl.core.base_simulator | Update norms — honest: ['0.04', '0.04', '0.03', '0.04', '0.04'], attacker: ['0.04', '0.04', '0.04', '0.04', '0.04']
2026-05-14 05:12:12 | INFO    | dpfl.core.base_simulator | Round  34/150 | Acc: 0.7772 | Loss: 0.6344 | eps: 0.00 | P: nan R: nan F1: nan
2026-05-14 05:12:12 | DEBUG   | dpfl.core.base_simulator | Update norms — honest: ['0.04', '0.03', '0.04', '0.04', '0.05'], attacker: ['0.04', '0.04', '0.04', '0.04', '0.04']
2026-05-14 05:12:13 | INFO    | dpfl.core.base_simulator | Round  35/150 | Acc: 0.7782 | Loss: 0.6310 | eps: 0.00 | P: nan R: nan F1: nan
2026-05-14 05:12:13 | DEBUG   | dpfl.core.base_simulator | Update norms — honest: ['0.04', '0.04', '0.03', '0.04', '0.05'], attacker: ['0.04', '0.04', '0.04', '0.04', '0.03']
2026-05-14 05:12:14 | INFO    | dpfl.core.base_simulator | Round  36/150 | Acc: 0.7790 | Loss: 0.6281 | eps: 0.00 | P: nan R: nan F1: nan
2026-05-14 05:12:14 | DEBUG   | dpfl.core.base_simulator | Update norms — honest: ['0.03', '0.03', '0.03', '0.04', '0.04'], attacker: ['0.04', '0.04', '0.04', '0.04', '0.04']
2026-05-14 05:12:14 | INFO    | dpfl.core.base_simulator | Round  37/150 | Acc: 0.7796 | Loss: 0.6255 | eps: 0.00 | P: nan R: nan F1: nan
2026-05-14 05:12:14 | DEBUG   | dpfl.core.base_simulator | Update norms — honest: ['0.03', '0.04', '0.03', '0.04', '0.04'], attacker: ['0.04', '0.04', '0.03', '0.04', '0.04']
2026-05-14 05:12:15 | INFO    | dpfl.core.base_simulator | Round  38/150 | Acc: 0.7805 | Loss: 0.6230 | eps: 0.00 | P: nan R: nan F1: nan
2026-05-14 05:12:15 | DEBUG   | dpfl.core.base_simulator | Update norms — honest: ['0.04', '0.03', '0.03', '0.03', '0.03'], attacker: ['0.03', '0.04', '0.03', '0.04', '0.04']
2026-05-14 05:12:15 | INFO    | dpfl.core.base_simulator | Round  39/150 | Acc: 0.7813 | Loss: 0.6202 | eps: 0.00 | P: nan R: nan F1: nan
2026-05-14 05:12:15 | DEBUG   | dpfl.core.base_simulator | Update norms — honest: ['0.04', '0.04', '0.03', '0.03', '0.03'], attacker: ['0.03', '0.04', '0.04', '0.04', '0.04']
2026-05-14 05:12:16 | INFO    | dpfl.core.base_simulator | Round  40/150 | Acc: 0.7820 | Loss: 0.6177 | eps: 0.00 | P: nan R: nan F1: nan
2026-05-14 05:12:16 | DEBUG   | dpfl.core.base_simulator | Update norms — honest: ['0.03', '0.03', '0.03', '0.04', '0.03'], attacker: ['0.03', '0.04', '0.03', '0.04', '0.03']
2026-05-14 05:12:17 | INFO    | dpfl.core.base_simulator | Round  41/150 | Acc: 0.7827 | Loss: 0.6156 | eps: 0.00 | P: nan R: nan F1: nan
2026-05-14 05:12:17 | DEBUG   | dpfl.core.base_simulator | Update norms — honest: ['0.04', '0.03', '0.03', '0.04', '0.03'], attacker: ['0.04', '0.04', '0.03', '0.03', '0.03']
2026-05-14 05:12:17 | INFO    | dpfl.core.base_simulator | Round  42/150 | Acc: 0.7837 | Loss: 0.6131 | eps: 0.00 | P: nan R: nan F1: nan
2026-05-14 05:12:17 | DEBUG   | dpfl.core.base_simulator | Update norms — honest: ['0.03', '0.03', '0.03', '0.04', '0.03'], attacker: ['0.03', '0.04', '0.03', '0.03', '0.03']
2026-05-14 05:12:21 | INFO    | dpfl.core.base_simulator | Round  43/150 | Acc: 0.7839 | Loss: 0.6115 | eps: 0.00 | P: nan R: nan F1: nan
2026-05-14 05:12:21 | DEBUG   | dpfl.core.base_simulator | Update norms — honest: ['0.03', '0.03', '0.03', '0.04', '0.03'], attacker: ['0.03', '0.04', '0.03', '0.03', '0.03']
2026-05-14 05:12:25 | INFO    | dpfl.core.base_simulator | Round  44/150 | Acc: 0.7848 | Loss: 0.6092 | eps: 0.00 | P: nan R: nan F1: nan
2026-05-14 05:12:25 | DEBUG   | dpfl.core.base_simulator | Update norms — honest: ['0.03', '0.03', '0.03', '0.04', '0.03'], attacker: ['0.04', '0.03', '0.03', '0.04', '0.04']
2026-05-14 05:12:28 | INFO    | dpfl.core.base_simulator | Round  45/150 | Acc: 0.7853 | Loss: 0.6073 | eps: 0.00 | P: nan R: nan F1: nan
2026-05-14 05:12:28 | DEBUG   | dpfl.core.base_simulator | Update norms — honest: ['0.03', '0.03', '0.03', '0.03', '0.03'], attacker: ['0.03', '0.03', '0.03', '0.03', '0.03']
2026-05-14 05:12:29 | INFO    | dpfl.core.base_simulator | Round  46/150 | Acc: 0.7858 | Loss: 0.6056 | eps: 0.00 | P: nan R: nan F1: nan
2026-05-14 05:12:29 | DEBUG   | dpfl.core.base_simulator | Update norms — honest: ['0.03', '0.03', '0.03', '0.04', '0.04'], attacker: ['0.03', '0.03', '0.03', '0.04', '0.03']
2026-05-14 05:12:30 | INFO    | dpfl.core.base_simulator | Round  47/150 | Acc: 0.7864 | Loss: 0.6039 | eps: 0.00 | P: nan R: nan F1: nan
2026-05-14 05:12:30 | DEBUG   | dpfl.core.base_simulator | Update norms — honest: ['0.03', '0.03', '0.03', '0.03', '0.03'], attacker: ['0.03', '0.04', '0.03', '0.04', '0.03']
2026-05-14 05:12:30 | INFO    | dpfl.core.base_simulator | Round  48/150 | Acc: 0.7869 | Loss: 0.6022 | eps: 0.00 | P: nan R: nan F1: nan
2026-05-14 05:12:30 | DEBUG   | dpfl.core.base_simulator | Update norms — honest: ['0.03', '0.04', '0.03', '0.03', '0.03'], attacker: ['0.03', '0.03', '0.03', '0.03', '0.03']
2026-05-14 05:12:31 | INFO    | dpfl.core.base_simulator | Round  49/150 | Acc: 0.7875 | Loss: 0.6007 | eps: 0.00 | P: nan R: nan F1: nan
2026-05-14 05:12:31 | DEBUG   | dpfl.core.base_simulator | Update norms — honest: ['0.03', '0.03', '0.03', '0.04', '0.03'], attacker: ['0.03', '0.03', '0.03', '0.04', '0.03']
2026-05-14 05:12:32 | INFO    | dpfl.core.base_simulator | Round  50/150 | Acc: 0.7879 | Loss: 0.5992 | eps: 0.00 | P: nan R: nan F1: nan
2026-05-14 05:12:32 | DEBUG   | dpfl.core.base_simulator | Update norms — honest: ['0.03', '0.03', '0.03', '0.04', '0.03'], attacker: ['0.03', '0.03', '0.03', '0.03', '0.04']
2026-05-14 05:12:32 | INFO    | dpfl.core.base_simulator | Round  51/150 | Acc: 0.7883 | Loss: 0.5981 | eps: 0.00 | P: nan R: 0.00 F1: nan
2026-05-14 05:12:32 | DEBUG   | dpfl.core.base_simulator | Update norms — honest: ['0.03', '0.04', '0.04', '0.03', '0.03'], attacker: ['0.34', '0.33', '0.31', '0.36', '0.32']
2026-05-14 05:12:33 | INFO    | dpfl.core.base_simulator | Round  52/150 | Acc: 0.7881 | Loss: 0.5997 | eps: 0.00 | P: nan R: 0.00 F1: nan
2026-05-14 05:12:33 | DEBUG   | dpfl.core.base_simulator | Update norms — honest: ['0.03', '0.03', '0.03', '0.03', '0.03'], attacker: ['0.96', '0.83', '0.66', '1.05', '0.99']
2026-05-14 05:12:34 | INFO    | dpfl.core.base_simulator | Round  53/150 | Acc: 0.7831 | Loss: 0.6619 | eps: 0.00 | P: nan R: 0.00 F1: nan
2026-05-14 05:12:34 | DEBUG   | dpfl.core.base_simulator | Update norms — honest: ['0.03', '0.03', '0.11', '0.03', '0.03'], attacker: ['5.42', '4.43', '2.63', '4.66', '4.19']
2026-05-14 05:12:34 | INFO    | dpfl.core.base_simulator | Round  54/150 | Acc: 0.7872 | Loss: 0.6109 | eps: 0.00 | P: 1.00 R: 0.99 F1: 1.00
2026-05-14 05:12:34 | DEBUG   | dpfl.core.base_simulator | Update norms — honest: ['0.03', '0.03', '0.03', '0.03', '0.03'], attacker: ['24.97', '19.05', '9.17', '22.87', '19.46']
2026-05-14 05:12:39 | INFO    | dpfl.core.base_simulator | Round  55/150 | Acc: 0.7898 | Loss: 0.5941 | eps: 0.00 | P: 1.00 R: 1.00 F1: 1.00
2026-05-14 05:12:39 | DEBUG   | dpfl.core.base_simulator | Update norms — honest: ['0.03', '0.24', '0.03', '0.03', '0.03'], attacker: ['127.88', '100.97', '49.62', '116.60', '100.39']
2026-05-14 05:12:42 | INFO    | dpfl.core.base_simulator | Round  56/150 | Acc: 0.7898 | Loss: 0.5933 | eps: 0.00 | P: 1.00 R: 1.00 F1: 1.00
2026-05-14 05:12:42 | DEBUG   | dpfl.core.base_simulator | Update norms — honest: ['0.03', '0.05', '0.03', '0.03', '0.03'], attacker: ['674.48', '554.14', '341.10', '643.91', '569.01']
2026-05-14 05:12:45 | INFO    | dpfl.core.base_simulator | Round  57/150 | Acc: 0.7907 | Loss: 0.5914 | eps: 0.00 | P: 1.00 R: 1.00 F1: 1.00
2026-05-14 05:12:45 | DEBUG   | dpfl.core.base_simulator | Update norms — honest: ['0.03', '0.04', '0.03', '0.03', '0.03'], attacker: ['3538.24', '3212.06', '2473.28', '3458.44', '3357.12']
2026-05-14 05:12:46 | INFO    | dpfl.core.base_simulator | Round  58/150 | Acc: 0.7907 | Loss: 0.5908 | eps: 0.00 | P: 1.00 R: 1.00 F1: 1.00
2026-05-14 05:12:46 | DEBUG   | dpfl.core.base_simulator | Update norms — honest: ['0.03', '0.03', '0.03', '0.03', '0.04'], attacker: ['22217.47', '19600.89', '18348.93', '20874.09', '19840.11']
2026-05-14 05:12:46 | INFO    | dpfl.core.base_simulator | Round  59/150 | Acc: 0.7913 | Loss: 0.5897 | eps: 0.00 | P: 1.00 R: 1.00 F1: 1.00
2026-05-14 05:12:46 | DEBUG   | dpfl.core.base_simulator | Update norms — honest: ['0.03', '0.04', '0.03', '0.03', '0.03'], attacker: ['116382.02', '113991.77', '112319.81', '127470.69', '121241.91']
2026-05-14 05:12:47 | INFO    | dpfl.core.base_simulator | Round  60/150 | Acc: 0.7915 | Loss: 0.5888 | eps: 0.00 | P: 1.00 R: 1.00 F1: 1.00
2026-05-14 05:12:47 | DEBUG   | dpfl.core.base_simulator | Update norms — honest: ['0.03', '0.03', '0.03', '0.03', '0.03'], attacker: ['770362.50', '723983.81', '698133.44', '757442.25', '737859.06']
2026-05-14 05:12:48 | INFO    | dpfl.core.base_simulator | Round  61/150 | Acc: 0.7918 | Loss: 0.5882 | eps: 0.00 | P: 1.00 R: 1.00 F1: 1.00
2026-05-14 05:12:48 | DEBUG   | dpfl.core.base_simulator | Update norms — honest: ['0.03', '0.04', '0.03', '0.03', '0.03'], attacker: ['4797505.50', '4300952.00', '4515518.00', '4414267.00', '4616323.50']
2026-05-14 05:12:48 | INFO    | dpfl.core.base_simulator | Round  62/150 | Acc: 0.7919 | Loss: 0.5877 | eps: 0.00 | P: 1.00 R: 1.00 F1: 1.00
2026-05-14 05:12:48 | DEBUG   | dpfl.core.base_simulator | Update norms — honest: ['0.03', '0.04', '0.03', '0.04', '0.03'], attacker: ['27116478.00', '27040128.00', '26905730.00', '27260076.00', '28324576.00']
2026-05-14 05:12:49 | INFO    | dpfl.core.base_simulator | Round  63/150 | Acc: 0.7924 | Loss: 0.5865 | eps: 0.00 | P: 1.00 R: 1.00 F1: 1.00
2026-05-14 05:12:49 | DEBUG   | dpfl.core.base_simulator | Update norms — honest: ['0.03', '0.03', '0.04', '0.03', '0.03'], attacker: ['159342880.00', '158485552.00', '164979104.00', '166441984.00', '173083808.00']
2026-05-14 05:12:49 | INFO    | dpfl.core.base_simulator | Round  64/150 | Acc: 0.7927 | Loss: 0.5858 | eps: 0.00 | P: 1.00 R: 1.00 F1: 1.00
2026-05-14 05:12:49 | DEBUG   | dpfl.core.base_simulator | Update norms — honest: ['0.03', '0.03', '0.03', '0.03', '0.04'], attacker: ['1036137600.00', '1032251328.00', '975394624.00', '1030700224.00', '1001805824.00']
2026-05-14 05:12:50 | INFO    | dpfl.core.base_simulator | Round  65/150 | Acc: 0.7930 | Loss: 0.5851 | eps: 0.00 | P: 1.00 R: 1.00 F1: 1.00
2026-05-14 05:12:50 | DEBUG   | dpfl.core.base_simulator | Update norms — honest: ['0.03', '0.03', '0.03', '0.03', '0.03'], attacker: ['6308919808.00', '5611239936.00', '6255810048.00', '6079661568.00', '5863007232.00']
2026-05-14 05:12:51 | INFO    | dpfl.core.base_simulator | Round  66/150 | Acc: 0.7933 | Loss: 0.5843 | eps: 0.00 | P: 1.00 R: 1.00 F1: 1.00
2026-05-14 05:12:51 | DEBUG   | dpfl.core.base_simulator | Update norms — honest: ['0.03', '0.03', '0.03', '0.04', '0.03'], attacker: ['39489773568.00', '38057459712.00', '39679373312.00', '39039094784.00', '37667205120.00']
2026-05-14 05:12:55 | INFO    | dpfl.core.base_simulator | Round  67/150 | Acc: 0.7937 | Loss: 0.5837 | eps: 0.00 | P: 1.00 R: 1.00 F1: 1.00
2026-05-14 05:12:55 | DEBUG   | dpfl.core.base_simulator | Update norms — honest: ['0.03', '0.04', '0.03', '0.03', '0.03'], attacker: ['252058238976.00', '218084851712.00', '244828782592.00', '237363494912.00', '214225534976.00']
2026-05-14 05:12:58 | INFO    | dpfl.core.base_simulator | Round  68/150 | Acc: 0.7936 | Loss: 0.5835 | eps: 0.00 | P: 1.00 R: 1.00 F1: 1.00
2026-05-14 05:12:58 | DEBUG   | dpfl.core.base_simulator | Update norms — honest: ['0.03', '0.04', '0.03', '0.02', '0.03'], attacker: ['1515004624896.00', '1425447452672.00', '1513098575872.00', '1432261754880.00', '1459979288576.00']
2026-05-14 05:13:02 | INFO    | dpfl.core.base_simulator | Round  69/150 | Acc: 0.7940 | Loss: 0.5828 | eps: 0.00 | P: 1.00 R: 1.00 F1: 1.00
2026-05-14 05:13:02 | DEBUG   | dpfl.core.base_simulator | Update norms — honest: ['0.03', '0.04', '0.03', '0.04', '0.03'], attacker: ['9257064857600.00', '8235271061504.00', '9052409036800.00', '9065739583488.00', '8525466042368.00']
2026-05-14 05:13:03 | INFO    | dpfl.core.base_simulator | Round  70/150 | Acc: 0.7941 | Loss: 0.5823 | eps: 0.00 | P: 1.00 R: 1.00 F1: 1.00
2026-05-14 05:13:03 | DEBUG   | dpfl.core.base_simulator | Update norms — honest: ['0.03', '0.03', '0.02', '0.04', '0.03'], attacker: ['57440561266688.00', '52604788801536.00', '57842304286720.00', '58192713220096.00', '55843328360448.00']
2026-05-14 05:13:03 | INFO    | dpfl.core.base_simulator | Round  71/150 | Acc: 0.7944 | Loss: 0.5816 | eps: 0.00 | P: 1.00 R: 1.00 F1: 1.00
2026-05-14 05:13:03 | DEBUG   | dpfl.core.base_simulator | Update norms — honest: ['0.03', '0.03', '0.03', '0.03', '0.03'], attacker: ['344947010043904.00', '335031239180288.00', '365237341519872.00', '322818701000704.00', '340437093056512.00']
2026-05-14 05:13:04 | INFO    | dpfl.core.base_simulator | Round  72/150 | Acc: 0.7945 | Loss: 0.5815 | eps: 0.00 | P: 1.00 R: 1.00 F1: 1.00
2026-05-14 05:13:04 | DEBUG   | dpfl.core.base_simulator | Update norms — honest: ['0.03', '0.03', '0.03', '0.03', '0.03'], attacker: ['2088597767323648.00', '2131204513988608.00', '2215126161686528.00', '2153145354420224.00', '2171762427035648.00']
2026-05-14 05:13:04 | INFO    | dpfl.core.base_simulator | Round  73/150 | Acc: 0.7948 | Loss: 0.5810 | eps: 0.00 | P: 1.00 R: 1.00 F1: 1.00
2026-05-14 05:13:04 | DEBUG   | dpfl.core.base_simulator | Update norms — honest: ['0.03', '0.03', '0.02', '0.03', '0.03'], attacker: ['12868151515545600.00', '11737006379892736.00', '13361048404885504.00', '12823448422187008.00', '13697708342640640.00']
2026-05-14 05:13:05 | INFO    | dpfl.core.base_simulator | Round  74/150 | Acc: 0.7950 | Loss: 0.5807 | eps: 0.00 | P: 1.00 R: 1.00 F1: 1.00
2026-05-14 05:13:05 | DEBUG   | dpfl.core.base_simulator | Update norms — honest: ['0.03', '0.03', '0.02', '0.03', '0.03'], attacker: ['81384837075697664.00', '85385126665519104.00', '83444187994783744.00', '81008915768147968.00', '82459008396427264.00']
2026-05-14 05:13:05 | INFO    | dpfl.core.base_simulator | Round  75/150 | Acc: 0.7950 | Loss: 0.5805 | eps: 0.00 | P: 1.00 R: 1.00 F1: 1.00
2026-05-14 05:13:05 | DEBUG   | dpfl.core.base_simulator | Update norms — honest: ['0.03', '0.03', '0.03', '0.03', '0.03'], attacker: ['517010673985650688.00', '462110477862830080.00', '477587650212003840.00', '506614688465813504.00', '483850846400937984.00']
2026-05-14 05:13:06 | INFO    | dpfl.core.base_simulator | Round  76/150 | Acc: 0.7951 | Loss: 0.5803 | eps: 0.00 | P: 1.00 R: 1.00 F1: 1.00
2026-05-14 05:13:06 | DEBUG   | dpfl.core.base_simulator | Update norms — honest: ['0.03', '0.03', '0.03', '0.03', '0.03'], attacker: ['3157228947461111808.00', '3107783084926304256.00', '3140803618131673088.00', '3069747129430835200.00', '3185356653922877440.00']
2026-05-14 05:13:07 | INFO    | dpfl.core.base_simulator | Round  77/150 | Acc: 0.7956 | Loss: 0.5796 | eps: 0.00 | P: 1.00 R: 1.00 F1: 1.00
2026-05-14 05:13:07 | DEBUG   | dpfl.core.base_simulator | Update norms — honest: ['0.03', '0.04', '0.03', '0.03', '0.03'], attacker: ['inf', 'inf', '17441377029550243840.00', '17874449370963771392.00', 'inf']
2026-05-14 05:13:07 | INFO    | dpfl.core.base_simulator | Round  78/150 | Acc: 0.7957 | Loss: 0.5795 | eps: 0.00 | P: 1.00 R: 1.00 F1: 1.00
2026-05-14 05:13:07 | DEBUG   | dpfl.core.base_simulator | Update norms — honest: ['0.03', '0.04', '0.03', '0.03', '0.03'], attacker: ['nan', 'nan', 'nan', 'nan', 'nan']
2026-05-14 05:13:08 | INFO    | dpfl.core.base_simulator | Round  79/150 | Acc: 0.7959 | Loss: 0.5791 | eps: 0.00 | P: 1.00 R: 1.00 F1: 1.00
2026-05-14 05:13:08 | DEBUG   | dpfl.core.base_simulator | Update norms — honest: ['0.03', '0.04', '0.03', '0.03', '0.03'], attacker: ['nan', 'nan', 'nan', 'nan', 'nan']
2026-05-14 05:13:11 | INFO    | dpfl.core.base_simulator | Round  80/150 | Acc: 0.7960 | Loss: 0.5791 | eps: 0.00 | P: 1.00 R: 1.00 F1: 1.00
2026-05-14 05:13:11 | DEBUG   | dpfl.core.base_simulator | Update norms — honest: ['0.03', '0.03', '0.03', '0.03', '0.03'], attacker: ['nan', 'nan', 'nan', 'nan', 'nan']
2026-05-14 05:13:15 | INFO    | dpfl.core.base_simulator | Round  81/150 | Acc: 0.7960 | Loss: 0.5791 | eps: 0.00 | P: 1.00 R: 1.00 F1: 1.00
2026-05-14 05:13:15 | DEBUG   | dpfl.core.base_simulator | Update norms — honest: ['0.03', '0.03', '0.03', '0.03', '0.03'], attacker: ['nan', 'nan', 'nan', 'nan', 'nan']
2026-05-14 05:13:19 | INFO    | dpfl.core.base_simulator | Round  82/150 | Acc: 0.7963 | Loss: 0.5787 | eps: 0.00 | P: 1.00 R: 1.00 F1: 1.00
2026-05-14 05:13:19 | DEBUG   | dpfl.core.base_simulator | Update norms — honest: ['0.03', '0.03', '0.03', '0.03', '0.02'], attacker: ['nan', 'nan', 'nan', 'nan', 'nan']
2026-05-14 05:13:19 | INFO    | dpfl.core.base_simulator | Round  83/150 | Acc: 0.7963 | Loss: 0.5785 | eps: 0.00 | P: 1.00 R: 1.00 F1: 1.00
2026-05-14 05:13:19 | DEBUG   | dpfl.core.base_simulator | Update norms — honest: ['0.03', '0.03', '0.03', '0.03', '0.03'], attacker: ['nan', 'nan', 'nan', 'nan', 'nan']
2026-05-14 05:13:20 | INFO    | dpfl.core.base_simulator | Round  84/150 | Acc: 0.7964 | Loss: 0.5789 | eps: 0.00 | P: 1.00 R: 1.00 F1: 1.00
2026-05-14 05:13:20 | DEBUG   | dpfl.core.base_simulator | Update norms — honest: ['0.03', '0.03', '0.04', '0.03', '0.03'], attacker: ['nan', 'nan', 'nan', 'nan', 'nan']
2026-05-14 05:13:21 | INFO    | dpfl.core.base_simulator | Round  85/150 | Acc: 0.7966 | Loss: 0.5782 | eps: 0.00 | P: 1.00 R: 1.00 F1: 1.00
2026-05-14 05:13:21 | DEBUG   | dpfl.core.base_simulator | Update norms — honest: ['0.03', '0.02', '0.03', '0.03', '0.03'], attacker: ['nan', 'nan', 'nan', 'nan', 'nan']
2026-05-14 05:13:21 | INFO    | dpfl.core.base_simulator | Round  86/150 | Acc: 0.7967 | Loss: 0.5781 | eps: 0.00 | P: 1.00 R: 1.00 F1: 1.00
2026-05-14 05:13:21 | DEBUG   | dpfl.core.base_simulator | Update norms — honest: ['0.03', '0.02', '0.03', '0.03', '0.03'], attacker: ['nan', 'nan', 'nan', 'nan', 'nan']
2026-05-14 05:13:22 | INFO    | dpfl.core.base_simulator | Round  87/150 | Acc: 0.7969 | Loss: 0.5781 | eps: 0.00 | P: 1.00 R: 1.00 F1: 1.00
2026-05-14 05:13:22 | DEBUG   | dpfl.core.base_simulator | Update norms — honest: ['0.04', '0.03', '0.02', '0.02', '0.02'], attacker: ['nan', 'nan', 'nan', 'nan', 'nan']
2026-05-14 05:13:22 | INFO    | dpfl.core.base_simulator | Round  88/150 | Acc: 0.7970 | Loss: 0.5782 | eps: 0.00 | P: 1.00 R: 1.00 F1: 1.00
2026-05-14 05:13:22 | DEBUG   | dpfl.core.base_simulator | Update norms — honest: ['0.03', '0.03', '0.03', '0.02', '0.03'], attacker: ['nan', 'nan', 'nan', 'nan', 'nan']
2026-05-14 05:13:23 | INFO    | dpfl.core.base_simulator | Round  89/150 | Acc: 0.7972 | Loss: 0.5779 | eps: 0.00 | P: 1.00 R: 1.00 F1: 1.00
2026-05-14 05:13:23 | DEBUG   | dpfl.core.base_simulator | Update norms — honest: ['0.03', '0.03', '0.03', '0.03', '0.03'], attacker: ['nan', 'nan', 'nan', 'nan', 'nan']
2026-05-14 05:13:23 | INFO    | dpfl.core.base_simulator | Round  90/150 | Acc: 0.7972 | Loss: 0.5780 | eps: 0.00 | P: 1.00 R: 1.00 F1: 1.00
2026-05-14 05:13:23 | DEBUG   | dpfl.core.base_simulator | Update norms — honest: ['0.03', '0.03', '0.03', '0.03', '0.03'], attacker: ['nan', 'nan', 'nan', 'nan', 'nan']
2026-05-14 05:13:24 | INFO    | dpfl.core.base_simulator | Round  91/150 | Acc: 0.7972 | Loss: 0.5780 | eps: 0.00 | P: 1.00 R: 1.00 F1: 1.00
2026-05-14 05:13:24 | DEBUG   | dpfl.core.base_simulator | Update norms — honest: ['0.02', '0.03', '0.03', '0.02', '0.03'], attacker: ['nan', 'nan', 'nan', 'nan', 'nan']
2026-05-14 05:13:24 | INFO    | dpfl.core.base_simulator | Round  92/150 | Acc: 0.7976 | Loss: 0.5778 | eps: 0.00 | P: 1.00 R: 1.00 F1: 1.00
2026-05-14 05:13:24 | DEBUG   | dpfl.core.base_simulator | Update norms — honest: ['0.02', '0.03', '0.03', '0.03', '0.03'], attacker: ['nan', 'nan', 'nan', 'nan', 'nan']
2026-05-14 05:13:26 | INFO    | dpfl.core.base_simulator | Round  93/150 | Acc: 0.7974 | Loss: 0.5780 | eps: 0.00 | P: 1.00 R: 1.00 F1: 1.00
2026-05-14 05:13:26 | DEBUG   | dpfl.core.base_simulator | Update norms — honest: ['0.03', '0.03', '0.02', '0.03', '0.04'], attacker: ['nan', 'nan', 'nan', 'nan', 'nan']
2026-05-14 05:13:30 | INFO    | dpfl.core.base_simulator | Round  94/150 | Acc: 0.7977 | Loss: 0.5779 | eps: 0.00 | P: 1.00 R: 1.00 F1: 1.00
2026-05-14 05:13:30 | DEBUG   | dpfl.core.base_simulator | Update norms — honest: ['0.03', '0.03', '0.03', '0.03', '0.03'], attacker: ['nan', 'nan', 'nan', 'nan', 'nan']
2026-05-14 05:13:33 | INFO    | dpfl.core.base_simulator | Round  95/150 | Acc: 0.7978 | Loss: 0.5782 | eps: 0.00 | P: 1.00 R: 1.00 F1: 1.00
2026-05-14 05:13:33 | DEBUG   | dpfl.core.base_simulator | Update norms — honest: ['0.03', '0.03', '0.03', '0.03', '0.03'], attacker: ['nan', 'nan', 'nan', 'nan', 'nan']
2026-05-14 05:13:36 | INFO    | dpfl.core.base_simulator | Round  96/150 | Acc: 0.7976 | Loss: 0.5784 | eps: 0.00 | P: 1.00 R: 1.00 F1: 1.00
2026-05-14 05:13:36 | DEBUG   | dpfl.core.base_simulator | Update norms — honest: ['0.02', '0.03', '0.03', '0.03', '0.04'], attacker: ['nan', 'nan', 'nan', 'nan', 'nan']
2026-05-14 05:13:36 | INFO    | dpfl.core.base_simulator | Round  97/150 | Acc: 0.7978 | Loss: 0.5786 | eps: 0.00 | P: 1.00 R: 1.00 F1: 1.00
2026-05-14 05:13:36 | DEBUG   | dpfl.core.base_simulator | Update norms — honest: ['0.02', '0.03', '0.03', '0.03', '0.03'], attacker: ['nan', 'nan', 'nan', 'nan', 'nan']
2026-05-14 05:13:37 | INFO    | dpfl.core.base_simulator | Round  98/150 | Acc: 0.7981 | Loss: 0.5782 | eps: 0.00 | P: 1.00 R: 1.00 F1: 1.00
2026-05-14 05:13:37 | DEBUG   | dpfl.core.base_simulator | Update norms — honest: ['0.03', '0.03', '0.02', '0.02', '0.03'], attacker: ['nan', 'nan', 'nan', 'nan', 'nan']
2026-05-14 05:13:37 | INFO    | dpfl.core.base_simulator | Round  99/150 | Acc: 0.7981 | Loss: 0.5784 | eps: 0.00 | P: 1.00 R: 1.00 F1: 1.00
2026-05-14 05:13:37 | DEBUG   | dpfl.core.base_simulator | Update norms — honest: ['0.03', '0.03', '0.03', '0.03', '0.02'], attacker: ['nan', 'nan', 'nan', 'nan', 'nan']
2026-05-14 05:13:38 | INFO    | dpfl.core.base_simulator | Round 100/150 | Acc: 0.7981 | Loss: 0.5788 | eps: 0.00 | P: 1.00 R: 1.00 F1: 1.00
2026-05-14 05:13:38 | DEBUG   | dpfl.core.base_simulator | Update norms — honest: ['0.02', '0.02', '0.03', '0.04', '0.03'], attacker: ['nan', 'nan', 'nan', 'nan', 'nan']
2026-05-14 05:13:39 | INFO    | dpfl.core.base_simulator | Round 101/150 | Acc: 0.7983 | Loss: 0.5785 | eps: 0.00 | P: 1.00 R: 1.00 F1: 1.00
2026-05-14 05:13:39 | DEBUG   | dpfl.core.base_simulator | Update norms — honest: ['0.03', '0.03', '0.02', '0.02', '0.03'], attacker: ['nan', 'nan', 'nan', 'nan', 'nan']
2026-05-14 05:13:39 | INFO    | dpfl.core.base_simulator | Round 102/150 | Acc: 0.7983 | Loss: 0.5790 | eps: 0.00 | P: 1.00 R: 1.00 F1: 1.00
2026-05-14 05:13:39 | DEBUG   | dpfl.core.base_simulator | Update norms — honest: ['0.03', '0.03', '0.02', '0.04', '0.03'], attacker: ['nan', 'nan', 'nan', 'nan', 'nan']
2026-05-14 05:13:40 | INFO    | dpfl.core.base_simulator | Round 103/150 | Acc: 0.7983 | Loss: 0.5790 | eps: 0.00 | P: 1.00 R: 1.00 F1: 1.00
2026-05-14 05:13:40 | DEBUG   | dpfl.core.base_simulator | Update norms — honest: ['0.03', '0.03', '0.02', '0.03', '0.02'], attacker: ['nan', 'nan', 'nan', 'nan', 'nan']
2026-05-14 05:13:40 | INFO    | dpfl.core.base_simulator | Round 104/150 | Acc: 0.7983 | Loss: 0.5794 | eps: 0.00 | P: 1.00 R: 1.00 F1: 1.00
2026-05-14 05:13:40 | DEBUG   | dpfl.core.base_simulator | Update norms — honest: ['0.03', '0.03', '0.02', '0.03', '0.03'], attacker: ['nan', 'nan', 'nan', 'nan', 'nan']
2026-05-14 05:13:41 | INFO    | dpfl.core.base_simulator | Round 105/150 | Acc: 0.7983 | Loss: 0.5798 | eps: 0.00 | P: 1.00 R: 1.00 F1: 1.00
2026-05-14 05:13:41 | DEBUG   | dpfl.core.base_simulator | Update norms — honest: ['0.02', '0.03', '0.03', '0.03', '0.02'], attacker: ['nan', 'nan', 'nan', 'nan', 'nan']
2026-05-14 05:13:42 | INFO    | dpfl.core.base_simulator | Round 106/150 | Acc: 0.7984 | Loss: 0.5797 | eps: 0.00 | P: 1.00 R: 1.00 F1: 1.00
2026-05-14 05:13:42 | DEBUG   | dpfl.core.base_simulator | Update norms — honest: ['0.02', '0.02', '0.03', '0.02', '0.03'], attacker: ['nan', 'nan', 'nan', 'nan', 'nan']
2026-05-14 05:13:46 | INFO    | dpfl.core.base_simulator | Round 107/150 | Acc: 0.7984 | Loss: 0.5799 | eps: 0.00 | P: 1.00 R: 1.00 F1: 1.00
2026-05-14 05:13:46 | DEBUG   | dpfl.core.base_simulator | Update norms — honest: ['0.02', '0.02', '0.02', '0.02', '0.03'], attacker: ['nan', 'nan', 'nan', 'nan', 'nan']
2026-05-14 05:13:50 | INFO    | dpfl.core.base_simulator | Round 108/150 | Acc: 0.7987 | Loss: 0.5797 | eps: 0.00 | P: 1.00 R: 1.00 F1: 1.00
2026-05-14 05:13:50 | DEBUG   | dpfl.core.base_simulator | Update norms — honest: ['0.03', '0.03', '0.03', '0.02', '0.04'], attacker: ['nan', 'nan', 'nan', 'nan', 'nan']
2026-05-14 05:13:52 | INFO    | dpfl.core.base_simulator | Round 109/150 | Acc: 0.7986 | Loss: 0.5807 | eps: 0.00 | P: 1.00 R: 1.00 F1: 1.00
2026-05-14 05:13:52 | DEBUG   | dpfl.core.base_simulator | Update norms — honest: ['0.02', '0.02', '0.04', '0.03', '0.02'], attacker: ['nan', 'nan', 'nan', 'nan', 'nan']
2026-05-14 05:13:53 | INFO    | dpfl.core.base_simulator | Round 110/150 | Acc: 0.7986 | Loss: 0.5807 | eps: 0.00 | P: 1.00 R: 1.00 F1: 1.00
2026-05-14 05:13:53 | DEBUG   | dpfl.core.base_simulator | Update norms — honest: ['0.03', '0.02', '0.03', '0.03', '0.02'], attacker: ['nan', 'nan', 'nan', 'nan', 'nan']
2026-05-14 05:13:54 | INFO    | dpfl.core.base_simulator | Round 111/150 | Acc: 0.7987 | Loss: 0.5809 | eps: 0.00 | P: 1.00 R: 1.00 F1: 1.00
2026-05-14 05:13:54 | DEBUG   | dpfl.core.base_simulator | Update norms — honest: ['0.03', '0.03', '0.02', '0.03', '0.03'], attacker: ['nan', 'nan', 'nan', 'nan', 'nan']
2026-05-14 05:13:54 | INFO    | dpfl.core.base_simulator | Round 112/150 | Acc: 0.7986 | Loss: 0.5812 | eps: 0.00 | P: 1.00 R: 1.00 F1: 1.00
2026-05-14 05:13:54 | DEBUG   | dpfl.core.base_simulator | Update norms — honest: ['0.03', '0.02', '0.03', '0.02', '0.02'], attacker: ['nan', 'nan', 'nan', 'nan', 'nan']
2026-05-14 05:13:55 | INFO    | dpfl.core.base_simulator | Round 113/150 | Acc: 0.7989 | Loss: 0.5813 | eps: 0.00 | P: 1.00 R: 1.00 F1: 1.00
2026-05-14 05:13:55 | DEBUG   | dpfl.core.base_simulator | Update norms — honest: ['0.03', '0.02', '0.02', '0.02', '0.03'], attacker: ['nan', 'nan', 'nan', 'nan', 'nan']
2026-05-14 05:13:55 | INFO    | dpfl.core.base_simulator | Round 114/150 | Acc: 0.7990 | Loss: 0.5817 | eps: 0.00 | P: 1.00 R: 1.00 F1: 1.00
2026-05-14 05:13:55 | DEBUG   | dpfl.core.base_simulator | Update norms — honest: ['0.03', '0.02', '0.03', '0.03', '0.03'], attacker: ['nan', 'nan', 'nan', 'nan', 'nan']
2026-05-14 05:13:56 | INFO    | dpfl.core.base_simulator | Round 115/150 | Acc: 0.7987 | Loss: 0.5822 | eps: 0.00 | P: 1.00 R: 1.00 F1: 1.00
2026-05-14 05:13:56 | DEBUG   | dpfl.core.base_simulator | Update norms — honest: ['0.03', '0.02', '0.03', '0.02', '0.02'], attacker: ['nan', 'nan', 'nan', 'nan', 'nan']
2026-05-14 05:13:57 | INFO    | dpfl.core.base_simulator | Round 116/150 | Acc: 0.7991 | Loss: 0.5822 | eps: 0.00 | P: 1.00 R: 1.00 F1: 1.00
2026-05-14 05:13:57 | DEBUG   | dpfl.core.base_simulator | Update norms — honest: ['0.03', '0.02', '0.02', '0.03', '0.02'], attacker: ['nan', 'nan', 'nan', 'nan', 'nan']
2026-05-14 05:13:57 | INFO    | dpfl.core.base_simulator | Round 117/150 | Acc: 0.7990 | Loss: 0.5823 | eps: 0.00 | P: 1.00 R: 1.00 F1: 1.00
2026-05-14 05:13:57 | DEBUG   | dpfl.core.base_simulator | Update norms — honest: ['0.03', '0.03', '0.02', '0.03', '0.02'], attacker: ['nan', 'nan', 'nan', 'nan', 'nan']
2026-05-14 05:13:58 | INFO    | dpfl.core.base_simulator | Round 118/150 | Acc: 0.7990 | Loss: 0.5828 | eps: 0.00 | P: 1.00 R: 1.00 F1: 1.00
2026-05-14 05:13:58 | DEBUG   | dpfl.core.base_simulator | Update norms — honest: ['0.03', '0.02', '0.03', '0.03', '0.02'], attacker: ['nan', 'nan', 'nan', 'nan', 'nan']
2026-05-14 05:13:58 | INFO    | dpfl.core.base_simulator | Round 119/150 | Acc: 0.7992 | Loss: 0.5832 | eps: 0.00 | P: 1.00 R: 1.00 F1: 1.00
2026-05-14 05:13:58 | DEBUG   | dpfl.core.base_simulator | Update norms — honest: ['0.04', '0.02', '0.02', '0.03', '0.03'], attacker: ['nan', 'nan', 'nan', 'nan', 'nan']
2026-05-14 05:13:59 | INFO    | dpfl.core.base_simulator | Round 120/150 | Acc: 0.7989 | Loss: 0.5836 | eps: 0.00 | P: 1.00 R: 1.00 F1: 1.00
2026-05-14 05:13:59 | DEBUG   | dpfl.core.base_simulator | Update norms — honest: ['0.03', '0.02', '0.02', '0.02', '0.03'], attacker: ['nan', 'nan', 'nan', 'nan', 'nan']
2026-05-14 05:14:03 | INFO    | dpfl.core.base_simulator | Round 121/150 | Acc: 0.7991 | Loss: 0.5838 | eps: 0.00 | P: 1.00 R: 1.00 F1: 1.00
2026-05-14 05:14:03 | DEBUG   | dpfl.core.base_simulator | Update norms — honest: ['0.02', '0.03', '0.02', '0.03', '0.02'], attacker: ['nan', 'nan', 'nan', 'nan', 'nan']
2026-05-14 05:14:07 | INFO    | dpfl.core.base_simulator | Round 122/150 | Acc: 0.7992 | Loss: 0.5842 | eps: 0.00 | P: 1.00 R: 1.00 F1: 1.00
2026-05-14 05:14:07 | DEBUG   | dpfl.core.base_simulator | Update norms — honest: ['0.03', '0.03', '0.03', '0.03', '0.02'], attacker: ['nan', 'nan', 'nan', 'nan', 'nan']
2026-05-14 05:14:10 | INFO    | dpfl.core.base_simulator | Round 123/150 | Acc: 0.7993 | Loss: 0.5846 | eps: 0.00 | P: 1.00 R: 1.00 F1: 1.00
2026-05-14 05:14:10 | DEBUG   | dpfl.core.base_simulator | Update norms — honest: ['0.04', '0.03', '0.02', '0.03', '0.03'], attacker: ['nan', 'nan', 'nan', 'nan', 'nan']
2026-05-14 05:14:10 | INFO    | dpfl.core.base_simulator | Round 124/150 | Acc: 0.7992 | Loss: 0.5851 | eps: 0.00 | P: 1.00 R: 1.00 F1: 1.00
2026-05-14 05:14:10 | DEBUG   | dpfl.core.base_simulator | Update norms — honest: ['0.03', '0.03', '0.02', '0.03', '0.02'], attacker: ['nan', 'nan', 'nan', 'nan', 'nan']
2026-05-14 05:14:11 | INFO    | dpfl.core.base_simulator | Round 125/150 | Acc: 0.7993 | Loss: 0.5855 | eps: 0.00 | P: 1.00 R: 1.00 F1: 1.00
2026-05-14 05:14:11 | DEBUG   | dpfl.core.base_simulator | Update norms — honest: ['0.02', '0.02', '0.02', '0.02', '0.02'], attacker: ['nan', 'nan', 'nan', 'nan', 'nan']
2026-05-14 05:14:11 | INFO    | dpfl.core.base_simulator | Round 126/150 | Acc: 0.7992 | Loss: 0.5859 | eps: 0.00 | P: 1.00 R: 1.00 F1: 1.00
2026-05-14 05:14:11 | DEBUG   | dpfl.core.base_simulator | Update norms — honest: ['0.02', '0.02', '0.02', '0.02', '0.02'], attacker: ['nan', 'nan', 'nan', 'nan', 'nan']
2026-05-14 05:14:12 | INFO    | dpfl.core.base_simulator | Round 127/150 | Acc: 0.7993 | Loss: 0.5860 | eps: 0.00 | P: 1.00 R: 1.00 F1: 1.00
2026-05-14 05:14:12 | DEBUG   | dpfl.core.base_simulator | Update norms — honest: ['0.03', '0.02', '0.02', '0.02', '0.02'], attacker: ['nan', 'nan', 'nan', 'nan', 'nan']
2026-05-14 05:14:12 | INFO    | dpfl.core.base_simulator | Round 128/150 | Acc: 0.7992 | Loss: 0.5868 | eps: 0.00 | P: 1.00 R: 1.00 F1: 1.00
2026-05-14 05:14:12 | DEBUG   | dpfl.core.base_simulator | Update norms — honest: ['0.03', '0.02', '0.02', '0.03', '0.02'], attacker: ['nan', 'nan', 'nan', 'nan', 'nan']
2026-05-14 05:14:13 | INFO    | dpfl.core.base_simulator | Round 129/150 | Acc: 0.7994 | Loss: 0.5868 | eps: 0.00 | P: 1.00 R: 1.00 F1: 1.00
2026-05-14 05:14:13 | DEBUG   | dpfl.core.base_simulator | Update norms — honest: ['0.02', '0.02', '0.03', '0.03', '0.02'], attacker: ['nan', 'nan', 'nan', 'nan', 'nan']
2026-05-14 05:14:13 | INFO    | dpfl.core.base_simulator | Round 130/150 | Acc: 0.7993 | Loss: 0.5876 | eps: 0.00 | P: 1.00 R: 1.00 F1: 1.00
2026-05-14 05:14:13 | DEBUG   | dpfl.core.base_simulator | Update norms — honest: ['0.02', '0.03', '0.02', '0.02', '0.02'], attacker: ['nan', 'nan', 'nan', 'nan', 'nan']
2026-05-14 05:14:14 | INFO    | dpfl.core.base_simulator | Round 131/150 | Acc: 0.7993 | Loss: 0.5878 | eps: 0.00 | P: 1.00 R: 1.00 F1: 1.00
2026-05-14 05:14:14 | DEBUG   | dpfl.core.base_simulator | Update norms — honest: ['0.02', '0.03', '0.03', '0.02', '0.03'], attacker: ['nan', 'nan', 'nan', 'nan', 'nan']
2026-05-14 05:14:15 | INFO    | dpfl.core.base_simulator | Round 132/150 | Acc: 0.7993 | Loss: 0.5883 | eps: 0.00 | P: 1.00 R: 1.00 F1: 1.00
2026-05-14 05:14:15 | DEBUG   | dpfl.core.base_simulator | Update norms — honest: ['0.03', '0.03', '0.02', '0.02', '0.02'], attacker: ['nan', 'nan', 'nan', 'nan', 'nan']
2026-05-14 05:14:15 | INFO    | dpfl.core.base_simulator | Round 133/150 | Acc: 0.7993 | Loss: 0.5887 | eps: 0.00 | P: 1.00 R: 1.00 F1: 1.00
2026-05-14 05:14:15 | DEBUG   | dpfl.core.base_simulator | Update norms — honest: ['0.02', '0.02', '0.03', '0.02', '0.02'], attacker: ['nan', 'nan', 'nan', 'nan', 'nan']
2026-05-14 05:14:19 | INFO    | dpfl.core.base_simulator | Round 134/150 | Acc: 0.7993 | Loss: 0.5894 | eps: 0.00 | P: 1.00 R: 1.00 F1: 1.00
2026-05-14 05:14:19 | DEBUG   | dpfl.core.base_simulator | Update norms — honest: ['0.03', '0.02', '0.03', '0.03', '0.02'], attacker: ['nan', 'nan', 'nan', 'nan', 'nan']
2026-05-14 05:14:23 | INFO    | dpfl.core.base_simulator | Round 135/150 | Acc: 0.7995 | Loss: 0.5897 | eps: 0.00 | P: 1.00 R: 1.00 F1: 1.00
2026-05-14 05:14:23 | DEBUG   | dpfl.core.base_simulator | Update norms — honest: ['0.03', '0.02', '0.02', '0.03', '0.03'], attacker: ['nan', 'nan', 'nan', 'nan', 'nan']
2026-05-14 05:14:26 | INFO    | dpfl.core.base_simulator | Round 136/150 | Acc: 0.7994 | Loss: 0.5902 | eps: 0.00 | P: 1.00 R: 1.00 F1: 1.00
2026-05-14 05:14:26 | DEBUG   | dpfl.core.base_simulator | Update norms — honest: ['0.02', '0.02', '0.02', '0.03', '0.03'], attacker: ['nan', 'nan', 'nan', 'nan', 'nan']
2026-05-14 05:14:26 | INFO    | dpfl.core.base_simulator | Round 137/150 | Acc: 0.7994 | Loss: 0.5904 | eps: 0.00 | P: 1.00 R: 1.00 F1: 1.00
2026-05-14 05:14:26 | DEBUG   | dpfl.core.base_simulator | Update norms — honest: ['0.02', '0.02', '0.02', '0.02', '0.02'], attacker: ['nan', 'nan', 'nan', 'nan', 'nan']
2026-05-14 05:14:27 | INFO    | dpfl.core.base_simulator | Round 138/150 | Acc: 0.7994 | Loss: 0.5910 | eps: 0.00 | P: 1.00 R: 1.00 F1: 1.00
2026-05-14 05:14:27 | DEBUG   | dpfl.core.base_simulator | Update norms — honest: ['0.02', '0.02', '0.03', '0.02', '0.02'], attacker: ['nan', 'nan', 'nan', 'nan', 'nan']
2026-05-14 05:14:28 | INFO    | dpfl.core.base_simulator | Round 139/150 | Acc: 0.7994 | Loss: 0.5915 | eps: 0.00 | P: 1.00 R: 1.00 F1: 1.00
2026-05-14 05:14:28 | DEBUG   | dpfl.core.base_simulator | Update norms — honest: ['0.03', '0.02', '0.02', '0.02', '0.03'], attacker: ['nan', 'nan', 'nan', 'nan', 'nan']
2026-05-14 05:14:28 | INFO    | dpfl.core.base_simulator | Round 140/150 | Acc: 0.7994 | Loss: 0.5919 | eps: 0.00 | P: 1.00 R: 1.00 F1: 1.00
2026-05-14 05:14:28 | DEBUG   | dpfl.core.base_simulator | Update norms — honest: ['0.02', '0.03', '0.02', '0.02', '0.02'], attacker: ['nan', 'nan', 'nan', 'nan', 'nan']
2026-05-14 05:14:29 | INFO    | dpfl.core.base_simulator | Round 141/150 | Acc: 0.7995 | Loss: 0.5926 | eps: 0.00 | P: 1.00 R: 1.00 F1: 1.00
2026-05-14 05:14:29 | DEBUG   | dpfl.core.base_simulator | Update norms — honest: ['0.02', '0.03', '0.02', '0.02', '0.03'], attacker: ['nan', 'nan', 'nan', 'nan', 'nan']
2026-05-14 05:14:29 | INFO    | dpfl.core.base_simulator | Round 142/150 | Acc: 0.7993 | Loss: 0.5930 | eps: 0.00 | P: 1.00 R: 1.00 F1: 1.00
2026-05-14 05:14:29 | DEBUG   | dpfl.core.base_simulator | Update norms — honest: ['0.02', '0.02', '0.02', '0.02', '0.02'], attacker: ['nan', 'nan', 'nan', 'nan', 'nan']
2026-05-14 05:14:30 | INFO    | dpfl.core.base_simulator | Round 143/150 | Acc: 0.7995 | Loss: 0.5935 | eps: 0.00 | P: 1.00 R: 1.00 F1: 1.00
2026-05-14 05:14:30 | DEBUG   | dpfl.core.base_simulator | Update norms — honest: ['0.02', '0.03', '0.03', '0.02', '0.02'], attacker: ['nan', 'nan', 'nan', 'nan', 'nan']
2026-05-14 05:14:30 | INFO    | dpfl.core.base_simulator | Round 144/150 | Acc: 0.7995 | Loss: 0.5939 | eps: 0.00 | P: 1.00 R: 1.00 F1: 1.00
2026-05-14 05:14:30 | DEBUG   | dpfl.core.base_simulator | Update norms — honest: ['0.03', '0.03', '0.04', '0.02', '0.02'], attacker: ['nan', 'nan', 'nan', 'nan', 'nan']
2026-05-14 05:14:31 | INFO    | dpfl.core.base_simulator | Round 145/150 | Acc: 0.7994 | Loss: 0.5947 | eps: 0.00 | P: 1.00 R: 1.00 F1: 1.00
2026-05-14 05:14:31 | DEBUG   | dpfl.core.base_simulator | Update norms — honest: ['0.02', '0.03', '0.02', '0.04', '0.02'], attacker: ['nan', 'nan', 'nan', 'nan', 'nan']
2026-05-14 05:14:32 | INFO    | dpfl.core.base_simulator | Round 146/150 | Acc: 0.7994 | Loss: 0.5951 | eps: 0.00 | P: 1.00 R: 1.00 F1: 1.00
2026-05-14 05:14:32 | DEBUG   | dpfl.core.base_simulator | Update norms — honest: ['0.03', '0.03', '0.02', '0.03', '0.02'], attacker: ['nan', 'nan', 'nan', 'nan', 'nan']
2026-05-14 05:14:32 | INFO    | dpfl.core.base_simulator | Round 147/150 | Acc: 0.7995 | Loss: 0.5956 | eps: 0.00 | P: 1.00 R: 1.00 F1: 1.00
2026-05-14 05:14:32 | DEBUG   | dpfl.core.base_simulator | Update norms — honest: ['0.03', '0.02', '0.02', '0.02', '0.04'], attacker: ['nan', 'nan', 'nan', 'nan', 'nan']
2026-05-14 05:14:36 | INFO    | dpfl.core.base_simulator | Round 148/150 | Acc: 0.7995 | Loss: 0.5957 | eps: 0.00 | P: 1.00 R: 1.00 F1: 1.00
2026-05-14 05:14:36 | DEBUG   | dpfl.core.base_simulator | Update norms — honest: ['0.02', '0.02', '0.02', '0.02', '0.03'], attacker: ['nan', 'nan', 'nan', 'nan', 'nan']
2026-05-14 05:14:40 | INFO    | dpfl.core.base_simulator | Round 149/150 | Acc: 0.7995 | Loss: 0.5965 | eps: 0.00 | P: 1.00 R: 1.00 F1: 1.00
2026-05-14 05:14:40 | DEBUG   | dpfl.core.base_simulator | Update norms — honest: ['0.02', '0.02', '0.02', '0.02', '0.02'], attacker: ['nan', 'nan', 'nan', 'nan', 'nan']
2026-05-14 05:14:42 | INFO    | dpfl.core.base_simulator | Round 150/150 | Acc: 0.7995 | Loss: 0.5969 | eps: 0.00 | P: 1.00 R: 1.00 F1: 1.00
2026-05-14 05:14:42 | DEBUG   | dpfl.core.base_simulator | Update norms — honest: ['0.02', '0.03', '0.03', '0.02', '0.02'], attacker: ['nan', 'nan', 'nan', 'nan', 'nan']
2026-05-14 05:14:44 | INFO    | dpfl | Experiment complete in 272.0s
============================================================
REPORT: DP-SGD Decentralized Federated Learning
============================================================
Timestamp:                  20260514_051010
Rounds completed:           150
Attack-active rounds:       100  (from round 50)
Final accuracy:             0.7995
Final test loss:            0.5969
Final epsilon:              0.00
Best alpha:                 None
Avg precision:              1.0000
Avg recall:                 0.9699
Avg F1 score:               1.0000
Avg update norm (honest):   0.0389
Avg update norm (attacker): nan
============================================================
