2026-05-14 06:46:09 | INFO    | dpfl | Experiment start: algorithm=noise_game, dataset=mnist, model=mlp, device=cuda
2026-05-14 06:46:09 | INFO    | dpfl | Config: nodes=500, attackers=200, rounds=150, noise_mode=none, attack=scale
2026-05-14 06:46:09 | INFO    | dpfl.data.mnist_dataset | Loading MNIST dataset...
2026-05-14 06:46:09 | INFO    | dpfl.data.mnist_dataset | MNIST loaded: 60000 train, 10000 test samples
2026-05-14 06:47:51 | INFO    | dpfl.core.base_simulator | Vectorized state ready: param_spec.D=50890, X_test=(10000, 1, 28, 28), train clients N=500, max_n_samples=1000
2026-05-14 06:47:51 | INFO    | dpfl.core.base_simulator | Setup complete: 500 nodes (200 attackers), param_dim=50890, split=iid
2026-05-14 06:47:51 | DEBUG   | dpfl.core.base_simulator | Attacker IDs: {0, 1, 2, 3, 4, 5, 6, 7, 8, 9, 10, 11, 12, 13, 14, 15, 16, 17, 18, 19, 20, 21, 22, 23, 24, 25, 26, 27, 28, 29, 30, 31, 32, 33, 34, 35, 36, 37, 38, 39, 40, 41, 42, 43, 44, 45, 46, 47, 48, 49, 50, 51, 52, 53, 54, 55, 56, 57, 58, 59, 60, 61, 62, 63, 64, 65, 66, 67, 68, 69, 70, 71, 72, 73, 74, 75, 76, 77, 78, 79, 80, 81, 82, 83, 84, 85, 86, 87, 88, 89, 90, 91, 92, 93, 94, 95, 96, 97, 98, 99, 100, 101, 102, 103, 104, 105, 106, 107, 108, 109, 110, 111, 112, 113, 114, 115, 116, 117, 118, 119, 120, 121, 122, 123, 124, 125, 126, 127, 128, 129, 130, 131, 132, 133, 134, 135, 136, 137, 138, 139, 140, 141, 142, 143, 144, 145, 146, 147, 148, 149, 150, 151, 152, 153, 154, 155, 156, 157, 158, 159, 160, 161, 162, 163, 164, 165, 166, 167, 168, 169, 170, 171, 172, 173, 174, 175, 176, 177, 178, 179, 180, 181, 182, 183, 184, 185, 186, 187, 188, 189, 190, 191, 192, 193, 194, 195, 196, 197, 198, 199}
2026-05-14 06:48:03 | INFO    | dpfl.core.base_simulator | Round   1/150 | Acc: 0.3800 | Loss: 2.0956 | eps_max: 0.53 eps_avg: 0.22 | P: nan R: nan F1: nan
2026-05-14 06:48:03 | DEBUG   | dpfl.core.base_simulator | Update norms — honest: ['1.12', '1.12', '1.13', '1.13', '1.13'], attacker: ['1.12', '1.13', '1.13', '1.13', '1.12']
2026-05-14 06:48:15 | INFO    | dpfl.core.base_simulator | Round   2/150 | Acc: 0.5538 | Loss: 1.8905 | eps_max: 0.54 eps_avg: 0.24 | P: nan R: nan F1: nan
2026-05-14 06:48:15 | DEBUG   | dpfl.core.base_simulator | Update norms — honest: ['1.12', '1.11', '1.11', '1.11', '1.11'], attacker: ['2.04', '2.06', '2.07', '2.04', '2.05']
2026-05-14 06:48:27 | INFO    | dpfl.core.base_simulator | Round   3/150 | Acc: 0.6503 | Loss: 1.6801 | eps_max: 0.56 eps_avg: 0.26 | P: nan R: nan F1: nan
2026-05-14 06:48:27 | DEBUG   | dpfl.core.base_simulator | Update norms — honest: ['1.09', '1.09', '1.09', '1.10', '1.09'], attacker: ['3.10', '3.10', '3.12', '3.11', '3.08']
2026-05-14 06:48:39 | INFO    | dpfl.core.base_simulator | Round   4/150 | Acc: 0.7094 | Loss: 1.4803 | eps_max: 0.57 eps_avg: 0.28 | P: nan R: nan F1: nan
2026-05-14 06:48:39 | DEBUG   | dpfl.core.base_simulator | Update norms — honest: ['1.08', '1.07', '1.08', '1.07', '1.08'], attacker: ['4.05', '4.06', '4.07', '4.07', '4.03']
2026-05-14 06:48:51 | INFO    | dpfl.core.base_simulator | Round   5/150 | Acc: 0.7506 | Loss: 1.3001 | eps_max: 0.59 eps_avg: 0.30 | P: nan R: nan F1: nan
2026-05-14 06:48:51 | DEBUG   | dpfl.core.base_simulator | Update norms — honest: ['1.06', '1.05', '1.06', '1.06', '1.06'], attacker: ['4.93', '4.96', '4.94', '4.97', '4.93']
2026-05-14 06:49:03 | INFO    | dpfl.core.base_simulator | Round   6/150 | Acc: 0.7791 | Loss: 1.1462 | eps_max: 0.61 eps_avg: 0.32 | P: nan R: nan F1: nan
2026-05-14 06:49:03 | DEBUG   | dpfl.core.base_simulator | Update norms — honest: ['1.05', '2.00', '2.01', '1.04', '2.03'], attacker: ['5.79', '5.82', '5.84', '5.81', '5.81']
2026-05-14 06:49:15 | INFO    | dpfl.core.base_simulator | Round   7/150 | Acc: 0.7993 | Loss: 1.0198 | eps_max: 0.64 eps_avg: 0.34 | P: nan R: nan F1: nan
2026-05-14 06:49:15 | DEBUG   | dpfl.core.base_simulator | Update norms — honest: ['2.02', '1.03', '1.90', '1.03', '1.03'], attacker: ['6.57', '6.64', '6.62', '6.62', '6.48']
2026-05-14 06:49:19 | INFO    | dpfl.core.base_simulator | Round   8/150 | Acc: 0.8137 | Loss: 0.9189 | eps_max: 0.68 eps_avg: 0.37 | P: nan R: nan F1: nan
2026-05-14 06:49:19 | DEBUG   | dpfl.core.base_simulator | Update norms — honest: ['1.02', '1.85', '1.72', '1.02', '1.01'], attacker: ['7.32', '7.32', '7.39', '7.34', '7.20']
2026-05-14 06:49:36 | INFO    | dpfl.core.base_simulator | Round   9/150 | Acc: 0.8240 | Loss: 0.8393 | eps_max: 0.75 eps_avg: 0.41 | P: nan R: nan F1: nan
2026-05-14 06:49:36 | DEBUG   | dpfl.core.base_simulator | Update norms — honest: ['1.00', '1.00', '1.92', '3.00', '1.00'], attacker: ['7.99', '7.93', '8.00', '8.03', '7.94']
2026-05-14 06:50:31 | INFO    | dpfl.core.base_simulator | Round  10/150 | Acc: 0.8319 | Loss: 0.7757 | eps_max: 0.82 eps_avg: 0.45 | P: nan R: nan F1: nan
2026-05-14 06:50:31 | DEBUG   | dpfl.core.base_simulator | Update norms — honest: ['1.89', '0.98', '1.62', '0.98', '1.64'], attacker: ['8.63', '8.56', '8.56', '8.67', '8.68']
2026-05-14 06:51:04 | INFO    | dpfl.core.base_simulator | Round  11/150 | Acc: 0.8381 | Loss: 0.7250 | eps_max: 0.84 eps_avg: 0.49 | P: nan R: nan F1: nan
2026-05-14 06:51:04 | DEBUG   | dpfl.core.base_simulator | Update norms — honest: ['0.97', '0.97', '1.87', '0.98', '0.97'], attacker: ['9.30', '9.03', '9.39', '9.30', '9.41']
2026-05-14 06:51:22 | INFO    | dpfl.core.base_simulator | Round  12/150 | Acc: 0.8433 | Loss: 0.6835 | eps_max: 0.85 eps_avg: 0.51 | P: 0.00 R: nan F1: nan
2026-05-14 06:51:22 | DEBUG   | dpfl.core.base_simulator | Update norms — honest: ['0.96', '1.78', '1.86', '0.96', '2.91'], attacker: ['9.84', '9.79', '9.90', '9.89', '9.89']
2026-05-14 06:51:34 | INFO    | dpfl.core.base_simulator | Round  13/150 | Acc: 0.8475 | Loss: 0.6492 | eps_max: 0.86 eps_avg: 0.52 | P: 0.00 R: nan F1: nan
2026-05-14 06:51:34 | DEBUG   | dpfl.core.base_simulator | Update norms — honest: ['2.76', '0.94', '3.56', '2.92', '1.81'], attacker: ['10.43', '10.45', '10.35', '10.45', '10.53']
2026-05-14 06:51:46 | INFO    | dpfl.core.base_simulator | Round  14/150 | Acc: 0.8509 | Loss: 0.6207 | eps_max: 0.88 eps_avg: 0.54 | P: 0.00 R: nan F1: nan
2026-05-14 06:51:46 | DEBUG   | dpfl.core.base_simulator | Update norms — honest: ['1.64', '1.82', '0.93', '0.93', '1.78'], attacker: ['10.92', '10.88', '11.17', '11.01', '11.10']
2026-05-14 06:51:59 | INFO    | dpfl.core.base_simulator | Round  15/150 | Acc: 0.8543 | Loss: 0.5962 | eps_max: 0.89 eps_avg: 0.55 | P: 0.00 R: nan F1: nan
2026-05-14 06:51:59 | DEBUG   | dpfl.core.base_simulator | Update norms — honest: ['1.65', '0.92', '3.77', '0.92', '0.91'], attacker: ['11.57', '11.40', '11.28', '11.37', '11.44']
2026-05-14 06:52:11 | INFO    | dpfl.core.base_simulator | Round  16/150 | Acc: 0.8571 | Loss: 0.5754 | eps_max: 0.91 eps_avg: 0.57 | P: 0.00 R: nan F1: nan
2026-05-14 06:52:11 | DEBUG   | dpfl.core.base_simulator | Update norms — honest: ['1.57', '1.76', '3.71', '2.73', '0.90'], attacker: ['11.90', '11.94', '11.76', '11.77', '12.00']
2026-05-14 06:52:24 | INFO    | dpfl.core.base_simulator | Round  17/150 | Acc: 0.8595 | Loss: 0.5572 | eps_max: 0.93 eps_avg: 0.58 | P: 0.00 R: nan F1: nan
2026-05-14 06:52:24 | DEBUG   | dpfl.core.base_simulator | Update norms — honest: ['1.71', '2.89', '3.58', '0.89', '2.73'], attacker: ['12.17', '12.03', '12.08', '12.02', '12.36']
2026-05-14 06:52:36 | INFO    | dpfl.core.base_simulator | Round  18/150 | Acc: 0.8615 | Loss: 0.5415 | eps_max: 0.95 eps_avg: 0.60 | P: 0.00 R: nan F1: nan
2026-05-14 06:52:36 | DEBUG   | dpfl.core.base_simulator | Update norms — honest: ['2.42', '3.32', '0.87', '1.72', '1.64'], attacker: ['12.55', '11.80', '12.82', '12.36', '12.24']
2026-05-14 06:52:49 | INFO    | dpfl.core.base_simulator | Round  19/150 | Acc: 0.8636 | Loss: 0.5276 | eps_max: 0.98 eps_avg: 0.62 | P: 0.00 R: nan F1: nan
2026-05-14 06:52:49 | DEBUG   | dpfl.core.base_simulator | Update norms — honest: ['0.86', '3.66', '0.86', '1.66', '0.86'], attacker: ['12.93', '12.20', '12.78', '13.40', '12.33']
2026-05-14 06:53:01 | INFO    | dpfl.core.base_simulator | Round  20/150 | Acc: 0.8652 | Loss: 0.5155 | eps_max: 1.01 eps_avg: 0.64 | P: 0.00 R: nan F1: nan
2026-05-14 06:53:01 | DEBUG   | dpfl.core.base_simulator | Update norms — honest: ['2.45', '3.44', '3.29', '2.23', '0.85'], attacker: ['13.10', '13.70', '12.91', '13.25', '12.90']
2026-05-14 06:53:14 | INFO    | dpfl.core.base_simulator | Round  21/150 | Acc: 0.8668 | Loss: 0.5045 | eps_max: 1.07 eps_avg: 0.66 | P: 0.00 R: nan F1: nan
2026-05-14 06:53:14 | DEBUG   | dpfl.core.base_simulator | Update norms — honest: ['0.84', '0.83', '3.58', '1.43', '1.51'], attacker: ['13.22', '13.41', '13.27', '12.73', '13.43']
2026-05-14 06:53:26 | INFO    | dpfl.core.base_simulator | Round  22/150 | Acc: 0.8681 | Loss: 0.4948 | eps_max: 1.11 eps_avg: 0.68 | P: 0.00 R: nan F1: nan
2026-05-14 06:53:26 | DEBUG   | dpfl.core.base_simulator | Update norms — honest: ['2.53', '1.53', '1.33', '2.40', '0.82'], attacker: ['13.61', '13.72', '13.91', '13.22', '13.37']
2026-05-14 06:53:39 | INFO    | dpfl.core.base_simulator | Round  23/150 | Acc: 0.8694 | Loss: 0.4861 | eps_max: 1.14 eps_avg: 0.70 | P: 0.00 R: nan F1: nan
2026-05-14 06:53:39 | DEBUG   | dpfl.core.base_simulator | Update norms — honest: ['1.53', '3.17', '4.06', '1.62', '1.55'], attacker: ['13.07', '14.08', '14.14', '13.68', '13.72']
2026-05-14 06:53:52 | INFO    | dpfl.core.base_simulator | Round  24/150 | Acc: 0.8704 | Loss: 0.4783 | eps_max: 1.15 eps_avg: 0.72 | P: 0.00 R: nan F1: nan
2026-05-14 06:53:52 | DEBUG   | dpfl.core.base_simulator | Update norms — honest: ['4.30', '1.19', '2.58', '3.48', '0.80'], attacker: ['12.74', '14.41', '14.18', '14.08', '13.38']
2026-05-14 06:54:04 | INFO    | dpfl.core.base_simulator | Round  25/150 | Acc: 0.8714 | Loss: 0.4711 | eps_max: 1.17 eps_avg: 0.75 | P: 0.00 R: nan F1: nan
2026-05-14 06:54:04 | DEBUG   | dpfl.core.base_simulator | Update norms — honest: ['4.24', '2.42', '0.79', '1.44', '1.45'], attacker: ['14.01', '14.16', '13.25', '14.29', '13.06']
2026-05-14 06:54:17 | INFO    | dpfl.core.base_simulator | Round  26/150 | Acc: 0.8724 | Loss: 0.4645 | eps_max: 1.18 eps_avg: 0.77 | P: 0.00 R: nan F1: nan
2026-05-14 06:54:17 | DEBUG   | dpfl.core.base_simulator | Update norms — honest: ['0.78', '1.39', '1.52', '2.29', '0.78'], attacker: ['14.36', '14.21', '13.13', '12.66', '12.16']
2026-05-14 06:54:30 | INFO    | dpfl.core.base_simulator | Round  27/150 | Acc: 0.8733 | Loss: 0.4585 | eps_max: 1.20 eps_avg: 0.79 | P: 0.00 R: nan F1: nan
2026-05-14 06:54:30 | DEBUG   | dpfl.core.base_simulator | Update norms — honest: ['2.39', '1.14', '3.75', '2.12', '0.76'], attacker: ['14.01', '14.10', '13.61', '13.12', '13.17']
2026-05-14 06:54:43 | INFO    | dpfl.core.base_simulator | Round  28/150 | Acc: 0.8740 | Loss: 0.4533 | eps_max: 1.22 eps_avg: 0.81 | P: 0.00 R: nan F1: nan
2026-05-14 06:54:43 | DEBUG   | dpfl.core.base_simulator | Update norms — honest: ['1.28', '0.75', '0.76', '2.37', '2.96'], attacker: ['13.52', '14.70', '13.39', '14.91', '13.77']
2026-05-14 06:54:55 | INFO    | dpfl.core.base_simulator | Round  29/150 | Acc: 0.8748 | Loss: 0.4482 | eps_max: 1.25 eps_avg: 0.83 | P: 0.00 R: nan F1: nan
2026-05-14 06:54:55 | DEBUG   | dpfl.core.base_simulator | Update norms — honest: ['4.50', '0.74', '2.62', '3.48', '2.21'], attacker: ['14.59', '13.95', '12.31', '15.50', '12.69']
2026-05-14 06:55:09 | INFO    | dpfl.core.base_simulator | Round  30/150 | Acc: 0.8756 | Loss: 0.4434 | eps_max: 1.27 eps_avg: 0.85 | P: 0.00 R: nan F1: nan
2026-05-14 06:55:09 | DEBUG   | dpfl.core.base_simulator | Update norms — honest: ['1.05', '2.66', '1.37', '2.78', '0.73'], attacker: ['14.82', '14.01', '13.53', '14.76', '10.97']
2026-05-14 06:55:22 | INFO    | dpfl.core.base_simulator | Round  31/150 | Acc: 0.8761 | Loss: 0.4393 | eps_max: 1.29 eps_avg: 0.87 | P: 0.00 R: nan F1: nan
2026-05-14 06:55:22 | DEBUG   | dpfl.core.base_simulator | Update norms — honest: ['3.57', '1.11', '3.76', '0.72', '1.00'], attacker: ['14.47', '14.36', '11.76', '14.28', '11.54']
2026-05-14 06:55:35 | INFO    | dpfl.core.base_simulator | Round  32/150 | Acc: 0.8767 | Loss: 0.4354 | eps_max: 1.31 eps_avg: 0.89 | P: 0.00 R: nan F1: nan
2026-05-14 06:55:35 | DEBUG   | dpfl.core.base_simulator | Update norms — honest: ['1.42', '1.62', '2.26', '0.71', '2.69'], attacker: ['14.41', '13.07', '12.03', '14.70', '12.23']
2026-05-14 06:55:48 | INFO    | dpfl.core.base_simulator | Round  33/150 | Acc: 0.8773 | Loss: 0.4318 | eps_max: 1.36 eps_avg: 0.91 | P: 0.00 R: nan F1: nan
2026-05-14 06:55:48 | DEBUG   | dpfl.core.base_simulator | Update norms — honest: ['1.90', '0.70', '3.56', '1.42', '3.48'], attacker: ['14.09', '12.27', '12.63', '13.82', '12.94']
2026-05-14 06:56:01 | INFO    | dpfl.core.base_simulator | Round  34/150 | Acc: 0.8777 | Loss: 0.4284 | eps_max: 1.39 eps_avg: 0.92 | P: 0.00 R: nan F1: nan
2026-05-14 06:56:01 | DEBUG   | dpfl.core.base_simulator | Update norms — honest: ['2.22', '3.35', '0.69', '1.28', '0.69'], attacker: ['12.77', '12.82', '12.75', '12.26', '13.09']
2026-05-14 06:56:15 | INFO    | dpfl.core.base_simulator | Round  35/150 | Acc: 0.8782 | Loss: 0.4255 | eps_max: 1.43 eps_avg: 0.94 | P: 0.00 R: nan F1: nan
2026-05-14 06:56:15 | DEBUG   | dpfl.core.base_simulator | Update norms — honest: ['1.44', '2.14', '0.67', '1.37', '2.30'], attacker: ['12.93', '14.21', '10.76', '13.26', '12.87']
2026-05-14 06:56:27 | INFO    | dpfl.core.base_simulator | Round  36/150 | Acc: 0.8787 | Loss: 0.4225 | eps_max: 1.47 eps_avg: 0.96 | P: 0.00 R: nan F1: nan
2026-05-14 06:56:27 | DEBUG   | dpfl.core.base_simulator | Update norms — honest: ['1.39', '1.28', '3.45', '2.10', '0.67'], attacker: ['13.27', '13.88', '12.22', '13.48', '11.54']
2026-05-14 06:56:40 | INFO    | dpfl.core.base_simulator | Round  37/150 | Acc: 0.8791 | Loss: 0.4198 | eps_max: 1.53 eps_avg: 0.98 | P: 0.00 R: nan F1: nan
2026-05-14 06:56:40 | DEBUG   | dpfl.core.base_simulator | Update norms — honest: ['0.66', '0.96', '2.02', '1.10', '2.17'], attacker: ['12.19', '13.86', '11.42', '13.38', '12.61']
2026-05-14 06:56:54 | INFO    | dpfl.core.base_simulator | Round  38/150 | Acc: 0.8795 | Loss: 0.4173 | eps_max: 1.54 eps_avg: 1.00 | P: 0.00 R: nan F1: nan
2026-05-14 06:56:54 | DEBUG   | dpfl.core.base_simulator | Update norms — honest: ['4.46', '1.01', '3.87', '3.07', '1.33'], attacker: ['11.19', '13.96', '12.45', '13.01', '12.56']
2026-05-14 06:57:07 | INFO    | dpfl.core.base_simulator | Round  39/150 | Acc: 0.8798 | Loss: 0.4153 | eps_max: 1.56 eps_avg: 1.03 | P: 0.00 R: nan F1: nan
2026-05-14 06:57:07 | DEBUG   | dpfl.core.base_simulator | Update norms — honest: ['0.78', '3.70', '4.89', '1.07', '1.18'], attacker: ['10.33', '12.09', '12.25', '12.68', '13.59']
2026-05-14 06:57:20 | INFO    | dpfl.core.base_simulator | Round  40/150 | Acc: 0.8801 | Loss: 0.4129 | eps_max: 1.65 eps_avg: 1.05 | P: 0.00 R: nan F1: nan
2026-05-14 06:57:20 | DEBUG   | dpfl.core.base_simulator | Update norms — honest: ['2.16', '2.24', '0.63', '2.77', '2.05'], attacker: ['12.77', '12.04', '12.34', '12.94', '12.29']
2026-05-14 06:57:33 | INFO    | dpfl.core.base_simulator | Round  41/150 | Acc: 0.8803 | Loss: 0.4110 | eps_max: 1.75 eps_avg: 1.07 | P: 0.00 R: nan F1: nan
2026-05-14 06:57:33 | DEBUG   | dpfl.core.base_simulator | Update norms — honest: ['4.94', '2.05', '2.35', '1.73', '3.90'], attacker: ['15.05', '14.21', '12.49', '12.41', '9.69']
2026-05-14 06:57:46 | INFO    | dpfl.core.base_simulator | Round  42/150 | Acc: 0.8805 | Loss: 0.4095 | eps_max: 1.75 eps_avg: 1.09 | P: 0.00 R: nan F1: nan
2026-05-14 06:57:46 | DEBUG   | dpfl.core.base_simulator | Update norms — honest: ['2.35', '3.86', '1.94', '2.11', '0.94'], attacker: ['13.10', '13.91', '12.16', '14.63', '10.14']
2026-05-14 06:57:59 | INFO    | dpfl.core.base_simulator | Round  43/150 | Acc: 0.8808 | Loss: 0.4076 | eps_max: 1.81 eps_avg: 1.12 | P: 0.00 R: nan F1: nan
2026-05-14 06:57:59 | DEBUG   | dpfl.core.base_simulator | Update norms — honest: ['2.59', '2.38', '1.33', '3.16', '1.94'], attacker: ['10.40', '12.68', '10.92', '13.65', '9.77']
2026-05-14 06:58:12 | INFO    | dpfl.core.base_simulator | Round  44/150 | Acc: 0.8809 | Loss: 0.4061 | eps_max: 1.83 eps_avg: 1.14 | P: 0.00 R: nan F1: nan
2026-05-14 06:58:12 | DEBUG   | dpfl.core.base_simulator | Update norms — honest: ['2.16', '4.76', '3.20', '1.57', '2.74'], attacker: ['11.88', '12.49', '11.89', '11.27', '11.67']
2026-05-14 06:58:26 | INFO    | dpfl.core.base_simulator | Round  45/150 | Acc: 0.8812 | Loss: 0.4046 | eps_max: 1.84 eps_avg: 1.17 | P: 0.00 R: nan F1: nan
2026-05-14 06:58:26 | DEBUG   | dpfl.core.base_simulator | Update norms — honest: ['3.79', '0.58', '2.52', '4.81', '1.12'], attacker: ['12.42', '12.07', '11.79', '11.17', '9.62']
2026-05-14 06:58:39 | INFO    | dpfl.core.base_simulator | Round  46/150 | Acc: 0.8813 | Loss: 0.4035 | eps_max: 1.86 eps_avg: 1.19 | P: 0.00 R: nan F1: nan
2026-05-14 06:58:39 | DEBUG   | dpfl.core.base_simulator | Update norms — honest: ['2.11', '2.51', '3.54', '3.46', '2.97'], attacker: ['12.91', '11.97', '11.33', '9.65', '7.81']
2026-05-14 06:58:52 | INFO    | dpfl.core.base_simulator | Round  47/150 | Acc: 0.8816 | Loss: 0.4020 | eps_max: 1.90 eps_avg: 1.21 | P: 0.00 R: nan F1: nan
2026-05-14 06:58:52 | DEBUG   | dpfl.core.base_simulator | Update norms — honest: ['2.77', '2.72', '3.09', '3.46', '1.94'], attacker: ['8.86', '12.86', '10.56', '9.10', '9.99']
2026-05-14 06:59:06 | INFO    | dpfl.core.base_simulator | Round  48/150 | Acc: 0.8816 | Loss: 0.4012 | eps_max: 1.94 eps_avg: 1.24 | P: 0.00 R: nan F1: nan
2026-05-14 06:59:06 | DEBUG   | dpfl.core.base_simulator | Update norms — honest: ['1.22', '5.33', '4.83', '0.56', '2.92'], attacker: ['9.59', '13.39', '7.84', '10.85', '8.62']
2026-05-14 06:59:19 | INFO    | dpfl.core.base_simulator | Round  49/150 | Acc: 0.8819 | Loss: 0.3999 | eps_max: 1.94 eps_avg: 1.25 | P: 0.00 R: nan F1: nan
2026-05-14 06:59:19 | DEBUG   | dpfl.core.base_simulator | Update norms — honest: ['3.21', '4.89', '1.27', '2.11', '1.12'], attacker: ['10.26', '12.60', '6.88', '8.04', '7.94']
2026-05-14 06:59:32 | INFO    | dpfl.core.base_simulator | Round  50/150 | Acc: 0.8820 | Loss: 0.3989 | eps_max: 1.94 eps_avg: 1.26 | P: 0.00 R: nan F1: nan
2026-05-14 06:59:32 | DEBUG   | dpfl.core.base_simulator | Update norms — honest: ['5.39', '1.04', '1.43', '2.77', '4.01'], attacker: ['9.23', '11.34', '5.19', '9.39', '11.49']
2026-05-14 06:59:41 | INFO    | dpfl.core.base_simulator | Round  51/150 | Acc: 0.8811 | Loss: 0.4007 | eps_max: 2.14 eps_avg: 1.05 | P: nan R: 0.00 F1: nan
2026-05-14 06:59:41 | DEBUG   | dpfl.core.base_simulator | Update norms — honest: ['2.27', '1.26', '2.09', '3.52', '0.53'], attacker: ['5.01', '5.14', '4.64', '5.58', '4.82']
2026-05-14 06:59:51 | INFO    | dpfl.core.base_simulator | Round  52/150 | Acc: 0.8809 | Loss: 0.4024 | eps_max: 2.22 eps_avg: 1.08 | P: 1.00 R: 0.86 F1: 1.00
2026-05-14 06:59:51 | DEBUG   | dpfl.core.base_simulator | Update norms — honest: ['1.88', '6.32', '2.31', '1.16', '2.55'], attacker: ['14.27', '12.10', '14.13', '17.13', '14.39']
2026-05-14 07:00:00 | INFO    | dpfl.core.base_simulator | Round  53/150 | Acc: 0.8821 | Loss: 0.3973 | eps_max: 2.32 eps_avg: 1.11 | P: 1.00 R: 1.00 F1: 1.00
2026-05-14 07:00:00 | DEBUG   | dpfl.core.base_simulator | Update norms — honest: ['0.52', '2.30', '4.71', '0.51', '4.37'], attacker: ['59.92', '46.42', '75.70', '79.26', '54.75']
2026-05-14 07:00:10 | INFO    | dpfl.core.base_simulator | Round  54/150 | Acc: 0.8822 | Loss: 0.3962 | eps_max: 2.38 eps_avg: 1.13 | P: 1.00 R: 1.00 F1: 1.00
2026-05-14 07:00:10 | DEBUG   | dpfl.core.base_simulator | Update norms — honest: ['2.42', '4.54', '0.93', '0.51', '1.01'], attacker: ['206.08', '212.47', '358.04', '318.79', '216.19']
2026-05-14 07:00:20 | INFO    | dpfl.core.base_simulator | Round  55/150 | Acc: 0.8823 | Loss: 0.3955 | eps_max: 2.38 eps_avg: 1.17 | P: 1.00 R: 1.00 F1: 1.00
2026-05-14 07:00:20 | DEBUG   | dpfl.core.base_simulator | Update norms — honest: ['3.65', '5.64', '0.91', '2.75', '2.15'], attacker: ['1028.34', '1158.11', '1615.06', '1488.64', '1066.14']
2026-05-14 07:00:29 | INFO    | dpfl.core.base_simulator | Round  56/150 | Acc: 0.8825 | Loss: 0.3948 | eps_max: 2.38 eps_avg: 1.19 | P: 1.00 R: 1.00 F1: 1.00
2026-05-14 07:00:29 | DEBUG   | dpfl.core.base_simulator | Update norms — honest: ['3.83', '1.84', '0.79', '3.32', '1.06'], attacker: ['6477.83', '7289.20', '9592.24', '7249.35', '5975.58']
2026-05-14 07:00:38 | INFO    | dpfl.core.base_simulator | Round  57/150 | Acc: 0.8827 | Loss: 0.3938 | eps_max: 2.52 eps_avg: 1.22 | P: 1.00 R: 1.00 F1: 1.00
2026-05-14 07:00:38 | DEBUG   | dpfl.core.base_simulator | Update norms — honest: ['0.90', '1.18', '2.77', '2.60', '0.87'], attacker: ['34812.80', '38433.07', '44387.71', '40260.79', '36723.71']
2026-05-14 07:00:48 | INFO    | dpfl.core.base_simulator | Round  58/150 | Acc: 0.8828 | Loss: 0.3930 | eps_max: 2.59 eps_avg: 1.28 | P: 1.00 R: 1.00 F1: 1.00
2026-05-14 07:00:48 | DEBUG   | dpfl.core.base_simulator | Update norms — honest: ['3.66', '0.80', '1.23', '3.19', '1.48'], attacker: ['263593.53', '261588.16', '304218.06', '252217.00', '240254.91']
2026-05-14 07:00:58 | INFO    | dpfl.core.base_simulator | Round  59/150 | Acc: 0.8830 | Loss: 0.3925 | eps_max: 2.66 eps_avg: 1.36 | P: 1.00 R: 1.00 F1: 1.00
2026-05-14 07:00:58 | DEBUG   | dpfl.core.base_simulator | Update norms — honest: ['3.58', '2.19', '0.47', '1.89', '4.89'], attacker: ['1631578.38', '1433510.00', '1609014.00', '1440303.38', '1367115.12']
2026-05-14 07:01:08 | INFO    | dpfl.core.base_simulator | Round  60/150 | Acc: 0.8831 | Loss: 0.3917 | eps_max: 2.75 eps_avg: 1.39 | P: 1.00 R: 1.00 F1: 1.00
2026-05-14 07:01:08 | DEBUG   | dpfl.core.base_simulator | Update norms — honest: ['3.70', '1.84', '2.20', '2.15', '1.01'], attacker: ['10613668.00', '10006557.00', '11408783.00', '10541541.00', '9941480.00']
2026-05-14 07:01:17 | INFO    | dpfl.core.base_simulator | Round  61/150 | Acc: 0.8832 | Loss: 0.3914 | eps_max: 2.75 eps_avg: 1.41 | P: 1.00 R: 1.00 F1: 1.00
2026-05-14 07:01:17 | DEBUG   | dpfl.core.base_simulator | Update norms — honest: ['5.08', '2.05', '1.11', '2.61', '2.80'], attacker: ['58467664.00', '53242116.00', '62991748.00', '59601684.00', '63197936.00']
2026-05-14 07:01:27 | INFO    | dpfl.core.base_simulator | Round  62/150 | Acc: 0.8831 | Loss: 0.3913 | eps_max: 2.96 eps_avg: 1.45 | P: 1.00 R: 1.00 F1: 1.00
2026-05-14 07:01:27 | DEBUG   | dpfl.core.base_simulator | Update norms — honest: ['1.61', '0.45', '3.61', '3.25', '3.54'], attacker: ['453894368.00', '435483232.00', '464543232.00', '443885440.00', '442772512.00']
2026-05-14 07:01:37 | INFO    | dpfl.core.base_simulator | Round  63/150 | Acc: 0.8831 | Loss: 0.3908 | eps_max: 3.08 eps_avg: 1.49 | P: 1.00 R: 1.00 F1: 1.00
2026-05-14 07:01:37 | DEBUG   | dpfl.core.base_simulator | Update norms — honest: ['3.33', '0.45', '4.00', '3.00', '2.61'], attacker: ['2971611904.00', '2504118784.00', '2668864000.00', '2608867328.00', '2695760128.00']
2026-05-14 07:01:46 | INFO    | dpfl.core.base_simulator | Round  64/150 | Acc: 0.8831 | Loss: 0.3906 | eps_max: 3.12 eps_avg: 1.54 | P: 1.00 R: 1.00 F1: 1.00
2026-05-14 07:01:46 | DEBUG   | dpfl.core.base_simulator | Update norms — honest: ['1.53', '2.18', '2.71', '0.65', '1.44'], attacker: ['18817161216.00', '18630207488.00', '19388669952.00', '19070228480.00', '19029383168.00']
2026-05-14 07:01:56 | INFO    | dpfl.core.base_simulator | Round  65/150 | Acc: 0.8829 | Loss: 0.3909 | eps_max: 3.29 eps_avg: 1.59 | P: 1.00 R: 1.00 F1: 1.00
2026-05-14 07:01:56 | DEBUG   | dpfl.core.base_simulator | Update norms — honest: ['3.47', '3.20', '5.80', '2.74', '1.46'], attacker: ['105219424256.00', '105511370752.00', '110542397440.00', '109920247808.00', '111143608320.00']
2026-05-14 07:02:06 | INFO    | dpfl.core.base_simulator | Round  66/150 | Acc: 0.8831 | Loss: 0.3905 | eps_max: 3.29 eps_avg: 1.62 | P: 1.00 R: 1.00 F1: 1.00
2026-05-14 07:02:06 | DEBUG   | dpfl.core.base_simulator | Update norms — honest: ['0.71', '1.50', '4.63', '1.75', '0.82'], attacker: ['779457527808.00', '773444796416.00', '784597385216.00', '783714746368.00', '781767081984.00']
2026-05-14 07:02:16 | INFO    | dpfl.core.base_simulator | Round  67/150 | Acc: 0.8831 | Loss: 0.3903 | eps_max: 3.29 eps_avg: 1.65 | P: 1.00 R: 1.00 F1: 1.00
2026-05-14 07:02:16 | DEBUG   | dpfl.core.base_simulator | Update norms — honest: ['3.42', '3.42', '3.32', '3.03', '0.73'], attacker: ['4308757643264.00', '4429760692224.00', '4529050877952.00', '4436498317312.00', '4799714557952.00']
2026-05-14 07:02:26 | INFO    | dpfl.core.base_simulator | Round  68/150 | Acc: 0.8830 | Loss: 0.3905 | eps_max: 3.47 eps_avg: 1.72 | P: 1.00 R: 1.00 F1: 1.00
2026-05-14 07:02:26 | DEBUG   | dpfl.core.base_simulator | Update norms — honest: ['0.41', '6.41', '2.16', '2.83', '1.61'], attacker: ['31687511638016.00', '32169047097344.00', '32983706763264.00', '32149952528384.00', '30872671617024.00']
2026-05-14 07:02:36 | INFO    | dpfl.core.base_simulator | Round  69/150 | Acc: 0.8829 | Loss: 0.3908 | eps_max: 3.54 eps_avg: 1.79 | P: 1.00 R: 1.00 F1: 1.00
2026-05-14 07:02:36 | DEBUG   | dpfl.core.base_simulator | Update norms — honest: ['0.40', '2.63', '1.17', '2.45', '3.57'], attacker: ['183855403237376.00', '187586018541568.00', '193112014061568.00', '184320316669952.00', '190535654440960.00']
2026-05-14 07:02:45 | INFO    | dpfl.core.base_simulator | Round  70/150 | Acc: 0.8831 | Loss: 0.3899 | eps_max: 3.63 eps_avg: 1.81 | P: 1.00 R: 1.00 F1: 1.00
2026-05-14 07:02:45 | DEBUG   | dpfl.core.base_simulator | Update norms — honest: ['0.57', '1.28', '1.91', '3.06', '1.58'], attacker: ['1317114669432832.00', '1293579725045760.00', '1322214540443648.00', '1300027678916608.00', '1285032605908992.00']
2026-05-14 07:02:55 | INFO    | dpfl.core.base_simulator | Round  71/150 | Acc: 0.8831 | Loss: 0.3899 | eps_max: 3.63 eps_avg: 1.83 | P: 1.00 R: 1.00 F1: 1.00
2026-05-14 07:02:55 | DEBUG   | dpfl.core.base_simulator | Update norms — honest: ['2.89', '2.25', '4.49', '5.07', '3.06'], attacker: ['7571146337681408.00', '7504833653243904.00', '8054446659469312.00', '7867357884055552.00', '8308707649650688.00']
2026-05-14 07:03:04 | INFO    | dpfl.core.base_simulator | Round  72/150 | Acc: 0.8831 | Loss: 0.3897 | eps_max: 3.63 eps_avg: 1.86 | P: 1.00 R: 1.00 F1: 1.00
2026-05-14 07:03:04 | DEBUG   | dpfl.core.base_simulator | Update norms — honest: ['2.40', '1.87', '1.58', '2.38', '0.64'], attacker: ['55812206658322432.00', '55471143305347072.00', '55653924228562944.00', '55441168728588288.00', '53390871600562176.00']
2026-05-14 07:03:14 | INFO    | dpfl.core.base_simulator | Round  73/150 | Acc: 0.8831 | Loss: 0.3897 | eps_max: 3.63 eps_avg: 1.92 | P: 1.00 R: 1.00 F1: 1.00
2026-05-14 07:03:14 | DEBUG   | dpfl.core.base_simulator | Update norms — honest: ['3.50', '2.95', '1.13', '3.23', '3.04'], attacker: ['307668470420471808.00', '313197399000481792.00', '329744945919295488.00', '320456684004704256.00', '340170171576483840.00']
2026-05-14 07:03:24 | INFO    | dpfl.core.base_simulator | Round  74/150 | Acc: 0.8829 | Loss: 0.3903 | eps_max: 3.68 eps_avg: 1.98 | P: 1.00 R: 1.00 F1: 1.00
2026-05-14 07:03:24 | DEBUG   | dpfl.core.base_simulator | Update norms — honest: ['4.90', '4.54', '1.79', '3.19', '1.54'], attacker: ['2329131490123710464.00', '2281004491786420224.00', '2322843383124459520.00', '2303649071199420416.00', '2198691477918318592.00']
2026-05-14 07:03:33 | INFO    | dpfl.core.base_simulator | Round  75/150 | Acc: 0.8829 | Loss: 0.3903 | eps_max: 4.22 eps_avg: 2.04 | P: 1.00 R: 1.00 F1: 1.00
2026-05-14 07:03:33 | DEBUG   | dpfl.core.base_simulator | Update norms — honest: ['0.65', '3.50', '4.24', '1.99', '1.56'], attacker: ['13307593740135694336.00', '13352322972665249792.00', '13302454622787469312.00', '13154950739874807808.00', '13875426624695959552.00']
2026-05-14 07:03:43 | INFO    | dpfl.core.base_simulator | Round  76/150 | Acc: 0.8828 | Loss: 0.3905 | eps_max: 4.22 eps_avg: 2.08 | P: 1.00 R: 1.00 F1: 1.00
2026-05-14 07:03:43 | DEBUG   | dpfl.core.base_simulator | Update norms — honest: ['4.00', '4.33', '4.07', '1.08', '3.96'], attacker: ['nan', 'nan', 'nan', 'nan', 'nan']
2026-05-14 07:03:53 | INFO    | dpfl.core.base_simulator | Round  77/150 | Acc: 0.8826 | Loss: 0.3911 | eps_max: 4.51 eps_avg: 2.14 | P: 1.00 R: 1.00 F1: 1.00
2026-05-14 07:03:53 | DEBUG   | dpfl.core.base_simulator | Update norms — honest: ['0.36', '4.74', '3.94', '4.50', '1.13'], attacker: ['nan', 'nan', 'nan', 'nan', 'nan']
2026-05-14 07:04:02 | INFO    | dpfl.core.base_simulator | Round  78/150 | Acc: 0.8825 | Loss: 0.3914 | eps_max: 4.51 eps_avg: 2.20 | P: 1.00 R: 1.00 F1: 1.00
2026-05-14 07:04:02 | DEBUG   | dpfl.core.base_simulator | Update norms — honest: ['5.05', '2.50', '2.69', '2.45', '3.82'], attacker: ['nan', 'nan', 'nan', 'nan', 'nan']
2026-05-14 07:04:12 | INFO    | dpfl.core.base_simulator | Round  79/150 | Acc: 0.8824 | Loss: 0.3919 | eps_max: 4.51 eps_avg: 2.24 | P: 1.00 R: 1.00 F1: 1.00
2026-05-14 07:04:12 | DEBUG   | dpfl.core.base_simulator | Update norms — honest: ['3.34', '7.15', '5.17', '4.21', '2.03'], attacker: ['nan', 'nan', 'nan', 'nan', 'nan']
2026-05-14 07:04:21 | INFO    | dpfl.core.base_simulator | Round  80/150 | Acc: 0.8823 | Loss: 0.3920 | eps_max: 4.98 eps_avg: 2.32 | P: 1.00 R: 1.00 F1: 1.00
2026-05-14 07:04:21 | DEBUG   | dpfl.core.base_simulator | Update norms — honest: ['0.34', '3.09', '1.58', '2.39', '4.60'], attacker: ['nan', 'nan', 'nan', 'nan', 'nan']
2026-05-14 07:04:31 | INFO    | dpfl.core.base_simulator | Round  81/150 | Acc: 0.8823 | Loss: 0.3923 | eps_max: 4.98 eps_avg: 2.37 | P: 1.00 R: 1.00 F1: 1.00
2026-05-14 07:04:31 | DEBUG   | dpfl.core.base_simulator | Update norms — honest: ['3.58', '2.98', '2.70', '4.70', '1.73'], attacker: ['nan', 'nan', 'nan', 'nan', 'nan']
2026-05-14 07:04:41 | INFO    | dpfl.core.base_simulator | Round  82/150 | Acc: 0.8823 | Loss: 0.3923 | eps_max: 4.98 eps_avg: 2.44 | P: 1.00 R: 1.00 F1: 1.00
2026-05-14 07:04:41 | DEBUG   | dpfl.core.base_simulator | Update norms — honest: ['4.53', '1.40', '1.88', '5.52', '2.79'], attacker: ['nan', 'nan', 'nan', 'nan', 'nan']
2026-05-14 07:04:50 | INFO    | dpfl.core.base_simulator | Round  83/150 | Acc: 0.8824 | Loss: 0.3920 | eps_max: 4.98 eps_avg: 2.46 | P: 1.00 R: 1.00 F1: 1.00
2026-05-14 07:04:50 | DEBUG   | dpfl.core.base_simulator | Update norms — honest: ['2.57', '3.25', '2.35', '4.41', '0.97'], attacker: ['nan', 'nan', 'nan', 'nan', 'nan']
2026-05-14 07:04:59 | INFO    | dpfl.core.base_simulator | Round  84/150 | Acc: 0.8823 | Loss: 0.3927 | eps_max: 4.98 eps_avg: 2.53 | P: 1.00 R: 1.00 F1: 1.00
2026-05-14 07:04:59 | DEBUG   | dpfl.core.base_simulator | Update norms — honest: ['3.05', '5.90', '2.88', '3.40', '4.92'], attacker: ['nan', 'nan', 'nan', 'nan', 'nan']
2026-05-14 07:05:09 | INFO    | dpfl.core.base_simulator | Round  85/150 | Acc: 0.8822 | Loss: 0.3930 | eps_max: 4.98 eps_avg: 2.60 | P: 1.00 R: 1.00 F1: 1.00
2026-05-14 07:05:09 | DEBUG   | dpfl.core.base_simulator | Update norms — honest: ['1.01', '2.74', '5.67', '1.32', '4.59'], attacker: ['nan', 'nan', 'nan', 'nan', 'nan']
2026-05-14 07:05:19 | INFO    | dpfl.core.base_simulator | Round  86/150 | Acc: 0.8822 | Loss: 0.3933 | eps_max: 5.13 eps_avg: 2.66 | P: 1.00 R: 1.00 F1: 1.00
2026-05-14 07:05:19 | DEBUG   | dpfl.core.base_simulator | Update norms — honest: ['5.09', '2.41', '1.85', '4.21', '4.67'], attacker: ['nan', 'nan', 'nan', 'nan', 'nan']
2026-05-14 07:05:28 | INFO    | dpfl.core.base_simulator | Round  87/150 | Acc: 0.8821 | Loss: 0.3939 | eps_max: 5.34 eps_avg: 2.70 | P: 1.00 R: 1.00 F1: 1.00
2026-05-14 07:05:28 | DEBUG   | dpfl.core.base_simulator | Update norms — honest: ['0.56', '1.98', '3.24', '4.76', '3.95'], attacker: ['nan', 'nan', 'nan', 'nan', 'nan']
2026-05-14 07:05:37 | INFO    | dpfl.core.base_simulator | Round  88/150 | Acc: 0.8820 | Loss: 0.3941 | eps_max: 5.51 eps_avg: 2.77 | P: 1.00 R: 1.00 F1: 1.00
2026-05-14 07:05:37 | DEBUG   | dpfl.core.base_simulator | Update norms — honest: ['1.02', '2.88', '3.07', '0.66', '1.40'], attacker: ['nan', 'nan', 'nan', 'nan', 'nan']
2026-05-14 07:05:47 | INFO    | dpfl.core.base_simulator | Round  89/150 | Acc: 0.8819 | Loss: 0.3946 | eps_max: 5.51 eps_avg: 2.82 | P: 1.00 R: 1.00 F1: 1.00
2026-05-14 07:05:47 | DEBUG   | dpfl.core.base_simulator | Update norms — honest: ['6.86', '1.75', '2.29', '2.69', '2.20'], attacker: ['nan', 'nan', 'nan', 'nan', 'nan']
2026-05-14 07:05:56 | INFO    | dpfl.core.base_simulator | Round  90/150 | Acc: 0.8818 | Loss: 0.3950 | eps_max: 5.51 eps_avg: 2.90 | P: 1.00 R: 1.00 F1: 1.00
2026-05-14 07:05:56 | DEBUG   | dpfl.core.base_simulator | Update norms — honest: ['1.77', '6.30', '2.58', '2.02', '2.89'], attacker: ['nan', 'nan', 'nan', 'nan', 'nan']
2026-05-14 07:06:06 | INFO    | dpfl.core.base_simulator | Round  91/150 | Acc: 0.8814 | Loss: 0.3961 | eps_max: 5.63 eps_avg: 3.04 | P: 1.00 R: 1.00 F1: 1.00
2026-05-14 07:06:06 | DEBUG   | dpfl.core.base_simulator | Update norms — honest: ['3.87', '4.68', '2.10', '5.37', '3.92'], attacker: ['nan', 'nan', 'nan', 'nan', 'nan']
2026-05-14 07:06:16 | INFO    | dpfl.core.base_simulator | Round  92/150 | Acc: 0.8814 | Loss: 0.3963 | eps_max: 5.63 eps_avg: 3.10 | P: 1.00 R: 1.00 F1: 1.00
2026-05-14 07:06:16 | DEBUG   | dpfl.core.base_simulator | Update norms — honest: ['3.18', '3.80', '2.60', '3.15', '3.12'], attacker: ['nan', 'nan', 'nan', 'nan', 'nan']
2026-05-14 07:06:25 | INFO    | dpfl.core.base_simulator | Round  93/150 | Acc: 0.8813 | Loss: 0.3969 | eps_max: 5.63 eps_avg: 3.19 | P: 1.00 R: 1.00 F1: 1.00
2026-05-14 07:06:25 | DEBUG   | dpfl.core.base_simulator | Update norms — honest: ['3.15', '5.14', '2.41', '5.47', '1.32'], attacker: ['nan', 'nan', 'nan', 'nan', 'nan']
2026-05-14 07:06:35 | INFO    | dpfl.core.base_simulator | Round  94/150 | Acc: 0.8811 | Loss: 0.3981 | eps_max: 6.01 eps_avg: 3.28 | P: 1.00 R: 1.00 F1: 1.00
2026-05-14 07:06:35 | DEBUG   | dpfl.core.base_simulator | Update norms — honest: ['3.74', '6.03', '4.87', '1.38', '2.66'], attacker: ['nan', 'nan', 'nan', 'nan', 'nan']
2026-05-14 07:06:45 | INFO    | dpfl.core.base_simulator | Round  95/150 | Acc: 0.8812 | Loss: 0.3979 | eps_max: 6.01 eps_avg: 3.34 | P: 1.00 R: 1.00 F1: 1.00
2026-05-14 07:06:45 | DEBUG   | dpfl.core.base_simulator | Update norms — honest: ['5.60', '3.07', '2.58', '0.34', '3.13'], attacker: ['nan', 'nan', 'nan', 'nan', 'nan']
2026-05-14 07:06:54 | INFO    | dpfl.core.base_simulator | Round  96/150 | Acc: 0.8811 | Loss: 0.3985 | eps_max: 6.01 eps_avg: 3.46 | P: 1.00 R: 1.00 F1: 1.00
2026-05-14 07:06:54 | DEBUG   | dpfl.core.base_simulator | Update norms — honest: ['5.40', '5.24', '2.79', '3.09', '2.08'], attacker: ['nan', 'nan', 'nan', 'nan', 'nan']
2026-05-14 07:07:04 | INFO    | dpfl.core.base_simulator | Round  97/150 | Acc: 0.8809 | Loss: 0.3994 | eps_max: 6.43 eps_avg: 3.57 | P: 1.00 R: 1.00 F1: 1.00
2026-05-14 07:07:04 | DEBUG   | dpfl.core.base_simulator | Update norms — honest: ['3.32', '2.01', '4.62', '2.15', '1.73'], attacker: ['nan', 'nan', 'nan', 'nan', 'nan']
2026-05-14 07:07:14 | INFO    | dpfl.core.base_simulator | Round  98/150 | Acc: 0.8809 | Loss: 0.3997 | eps_max: 6.43 eps_avg: 3.69 | P: 1.00 R: 1.00 F1: 1.00
2026-05-14 07:07:14 | DEBUG   | dpfl.core.base_simulator | Update norms — honest: ['2.36', '2.76', '2.66', '3.63', '4.01'], attacker: ['nan', 'nan', 'nan', 'nan', 'nan']
2026-05-14 07:07:23 | INFO    | dpfl.core.base_simulator | Round  99/150 | Acc: 0.8808 | Loss: 0.4002 | eps_max: 6.43 eps_avg: 3.73 | P: 1.00 R: 1.00 F1: 1.00
2026-05-14 07:07:23 | DEBUG   | dpfl.core.base_simulator | Update norms — honest: ['4.74', '2.03', '2.17', '1.92', '4.46'], attacker: ['nan', 'nan', 'nan', 'nan', 'nan']
2026-05-14 07:07:33 | INFO    | dpfl.core.base_simulator | Round 100/150 | Acc: 0.8807 | Loss: 0.4005 | eps_max: 6.43 eps_avg: 3.79 | P: 1.00 R: 1.00 F1: 1.00
2026-05-14 07:07:33 | DEBUG   | dpfl.core.base_simulator | Update norms — honest: ['2.96', '3.32', '4.58', '4.01', '3.53'], attacker: ['nan', 'nan', 'nan', 'nan', 'nan']
2026-05-14 07:07:42 | INFO    | dpfl.core.base_simulator | Round 101/150 | Acc: 0.8806 | Loss: 0.4012 | eps_max: 6.43 eps_avg: 3.86 | P: 0.80 R: 1.00 F1: 1.00
2026-05-14 07:07:42 | DEBUG   | dpfl.core.base_simulator | Update norms — honest: ['6.54', '3.43', '3.84', '2.88', '2.98'], attacker: ['nan', 'nan', 'nan', 'nan', 'nan']
2026-05-14 07:07:52 | INFO    | dpfl.core.base_simulator | Round 102/150 | Acc: 0.8808 | Loss: 0.4012 | eps_max: 6.43 eps_avg: 3.92 | P: 1.00 R: 1.00 F1: 1.00
2026-05-14 07:07:52 | DEBUG   | dpfl.core.base_simulator | Update norms — honest: ['2.43', '0.52', '3.41', '1.73', '4.43'], attacker: ['nan', 'nan', 'nan', 'nan', 'nan']
2026-05-14 07:08:02 | INFO    | dpfl.core.base_simulator | Round 103/150 | Acc: 0.8804 | Loss: 0.4023 | eps_max: 6.43 eps_avg: 4.01 | P: 1.00 R: 1.00 F1: 1.00
2026-05-14 07:08:02 | DEBUG   | dpfl.core.base_simulator | Update norms — honest: ['3.85', '3.99', '1.72', '0.52', '4.98'], attacker: ['nan', 'nan', 'nan', 'nan', 'nan']
2026-05-14 07:08:11 | INFO    | dpfl.core.base_simulator | Round 104/150 | Acc: 0.8804 | Loss: 0.4027 | eps_max: 6.43 eps_avg: 4.12 | P: 1.00 R: 1.00 F1: 1.00
2026-05-14 07:08:11 | DEBUG   | dpfl.core.base_simulator | Update norms — honest: ['2.76', '0.34', '3.76', '2.58', '2.54'], attacker: ['nan', 'nan', 'nan', 'nan', 'nan']
2026-05-14 07:08:21 | INFO    | dpfl.core.base_simulator | Round 105/150 | Acc: 0.8803 | Loss: 0.4031 | eps_max: 6.43 eps_avg: 4.19 | P: 1.00 R: 1.00 F1: 1.00
2026-05-14 07:08:21 | DEBUG   | dpfl.core.base_simulator | Update norms — honest: ['1.78', '1.37', '1.33', '3.65', '4.62'], attacker: ['nan', 'nan', 'nan', 'nan', 'nan']
2026-05-14 07:08:30 | INFO    | dpfl.core.base_simulator | Round 106/150 | Acc: 0.8803 | Loss: 0.4035 | eps_max: 6.43 eps_avg: 4.21 | P: 0.77 R: 1.00 F1: 0.98
2026-05-14 07:08:30 | DEBUG   | dpfl.core.base_simulator | Update norms — honest: ['0.79', '5.25', '2.54', '7.07', '2.91'], attacker: ['nan', 'nan', 'nan', 'nan', 'nan']
2026-05-14 07:08:40 | INFO    | dpfl.core.base_simulator | Round 107/150 | Acc: 0.8802 | Loss: 0.4042 | eps_max: 6.43 eps_avg: 4.28 | P: 1.00 R: 1.00 F1: 1.00
2026-05-14 07:08:40 | DEBUG   | dpfl.core.base_simulator | Update norms — honest: ['5.10', '6.35', '5.66', '0.80', '1.93'], attacker: ['nan', 'nan', 'nan', 'nan', 'nan']
2026-05-14 07:08:50 | INFO    | dpfl.core.base_simulator | Round 108/150 | Acc: 0.8799 | Loss: 0.4055 | eps_max: 6.48 eps_avg: 4.33 | P: 0.98 R: 1.00 F1: 0.99
2026-05-14 07:08:50 | DEBUG   | dpfl.core.base_simulator | Update norms — honest: ['8.53', '4.58', '4.63', '3.04', '0.99'], attacker: ['nan', 'nan', 'nan', 'nan', 'nan']
2026-05-14 07:08:59 | INFO    | dpfl.core.base_simulator | Round 109/150 | Acc: 0.8797 | Loss: 0.4065 | eps_max: 6.48 eps_avg: 4.37 | P: 1.00 R: 1.00 F1: 1.00
2026-05-14 07:08:59 | DEBUG   | dpfl.core.base_simulator | Update norms — honest: ['5.91', '4.80', '3.33', '2.94', '2.34'], attacker: ['nan', 'nan', 'nan', 'nan', 'nan']
2026-05-14 07:09:10 | INFO    | dpfl.core.base_simulator | Round 110/150 | Acc: 0.8792 | Loss: 0.4083 | eps_max: 6.48 eps_avg: 4.49 | P: 0.78 R: 1.00 F1: 0.99
2026-05-14 07:09:10 | DEBUG   | dpfl.core.base_simulator | Update norms — honest: ['3.43', '4.07', '0.70', '7.29', '0.99'], attacker: ['nan', 'nan', 'nan', 'nan', 'nan']
2026-05-14 07:09:20 | INFO    | dpfl.core.base_simulator | Round 111/150 | Acc: 0.8790 | Loss: 0.4097 | eps_max: 6.48 eps_avg: 4.60 | P: 0.99 R: 1.00 F1: 1.00
2026-05-14 07:09:20 | DEBUG   | dpfl.core.base_simulator | Update norms — honest: ['6.02', '4.40', '4.21', '3.93', '2.56'], attacker: ['nan', 'nan', 'nan', 'nan', 'nan']
2026-05-14 07:09:30 | INFO    | dpfl.core.base_simulator | Round 112/150 | Acc: 0.8788 | Loss: 0.4104 | eps_max: 6.51 eps_avg: 4.65 | P: 0.90 R: 1.00 F1: 1.00
2026-05-14 07:09:30 | DEBUG   | dpfl.core.base_simulator | Update norms — honest: ['6.04', '1.06', '4.23', '6.03', '3.07'], attacker: ['nan', 'nan', 'nan', 'nan', 'nan']
2026-05-14 07:09:39 | INFO    | dpfl.core.base_simulator | Round 113/150 | Acc: 0.8789 | Loss: 0.4106 | eps_max: 6.74 eps_avg: 4.67 | P: 1.00 R: 1.00 F1: 1.00
2026-05-14 07:09:39 | DEBUG   | dpfl.core.base_simulator | Update norms — honest: ['3.57', '0.72', '4.31', '3.87', '3.88'], attacker: ['nan', 'nan', 'nan', 'nan', 'nan']
2026-05-14 07:09:49 | INFO    | dpfl.core.base_simulator | Round 114/150 | Acc: 0.8785 | Loss: 0.4125 | eps_max: 6.83 eps_avg: 4.73 | P: 0.96 R: 1.00 F1: 0.98
2026-05-14 07:09:49 | DEBUG   | dpfl.core.base_simulator | Update norms — honest: ['4.72', '5.34', '3.04', '3.16', '1.82'], attacker: ['nan', 'nan', 'nan', 'nan', 'nan']
2026-05-14 07:09:59 | INFO    | dpfl.core.base_simulator | Round 115/150 | Acc: 0.8783 | Loss: 0.4132 | eps_max: 6.83 eps_avg: 4.77 | P: 0.93 R: 1.00 F1: 1.00
2026-05-14 07:09:59 | DEBUG   | dpfl.core.base_simulator | Update norms — honest: ['4.23', '4.39', '3.13', '4.42', '5.21'], attacker: ['nan', 'nan', 'nan', 'nan', 'nan']
2026-05-14 07:10:08 | INFO    | dpfl.core.base_simulator | Round 116/150 | Acc: 0.8782 | Loss: 0.4143 | eps_max: 6.93 eps_avg: 4.82 | P: 0.78 R: 1.00 F1: 0.98
2026-05-14 07:10:08 | DEBUG   | dpfl.core.base_simulator | Update norms — honest: ['0.80', '3.02', '1.48', '2.94', '3.18'], attacker: ['nan', 'nan', 'nan', 'nan', 'nan']
2026-05-14 07:10:18 | INFO    | dpfl.core.base_simulator | Round 117/150 | Acc: 0.8777 | Loss: 0.4166 | eps_max: 6.93 eps_avg: 4.89 | P: 0.88 R: 1.00 F1: 0.99
2026-05-14 07:10:18 | DEBUG   | dpfl.core.base_simulator | Update norms — honest: ['2.09', '4.77', '4.22', '8.07', '6.05'], attacker: ['nan', 'nan', 'nan', 'nan', 'nan']
2026-05-14 07:10:28 | INFO    | dpfl.core.base_simulator | Round 118/150 | Acc: 0.8778 | Loss: 0.4165 | eps_max: 6.93 eps_avg: 4.93 | P: 0.75 R: 1.00 F1: 1.00
2026-05-14 07:10:28 | DEBUG   | dpfl.core.base_simulator | Update norms — honest: ['4.21', '2.17', '4.93', '2.50', '4.49'], attacker: ['nan', 'nan', 'nan', 'nan', 'nan']
2026-05-14 07:10:38 | INFO    | dpfl.core.base_simulator | Round 119/150 | Acc: 0.8769 | Loss: 0.4199 | eps_max: 7.16 eps_avg: 4.99 | P: 0.80 R: 1.00 F1: 1.00
2026-05-14 07:10:38 | DEBUG   | dpfl.core.base_simulator | Update norms — honest: ['3.65', '4.41', '3.83', '4.19', '5.62'], attacker: ['nan', 'nan', 'nan', 'nan', 'nan']
2026-05-14 07:10:48 | INFO    | dpfl.core.base_simulator | Round 120/150 | Acc: 0.8770 | Loss: 0.4202 | eps_max: 7.16 eps_avg: 5.05 | P: 0.78 R: 1.00 F1: 0.99
2026-05-14 07:10:48 | DEBUG   | dpfl.core.base_simulator | Update norms — honest: ['2.23', '3.51', '6.25', '4.42', '3.27'], attacker: ['nan', 'nan', 'nan', 'nan', 'nan']
2026-05-14 07:10:58 | INFO    | dpfl.core.base_simulator | Round 121/150 | Acc: 0.8764 | Loss: 0.4225 | eps_max: 7.16 eps_avg: 5.10 | P: 0.78 R: 1.00 F1: 0.96
2026-05-14 07:10:58 | DEBUG   | dpfl.core.base_simulator | Update norms — honest: ['5.78', '6.60', '5.13', '1.87', '3.06'], attacker: ['nan', 'nan', 'nan', 'nan', 'nan']
2026-05-14 07:11:08 | INFO    | dpfl.core.base_simulator | Round 122/150 | Acc: 0.8761 | Loss: 0.4240 | eps_max: 7.16 eps_avg: 5.12 | P: 0.78 R: 1.00 F1: 0.99
2026-05-14 07:11:08 | DEBUG   | dpfl.core.base_simulator | Update norms — honest: ['5.56', '6.30', '4.13', '4.93', '2.68'], attacker: ['nan', 'nan', 'nan', 'nan', 'nan']
2026-05-14 07:11:17 | INFO    | dpfl.core.base_simulator | Round 123/150 | Acc: 0.8759 | Loss: 0.4257 | eps_max: 7.16 eps_avg: 5.15 | P: 0.79 R: 1.00 F1: 0.98
2026-05-14 07:11:17 | DEBUG   | dpfl.core.base_simulator | Update norms — honest: ['2.01', '6.92', '3.97', '2.66', '3.17'], attacker: ['nan', 'nan', 'nan', 'nan', 'nan']
2026-05-14 07:11:27 | INFO    | dpfl.core.base_simulator | Round 124/150 | Acc: 0.8758 | Loss: 0.4265 | eps_max: 7.16 eps_avg: 5.16 | P: 0.62 R: 1.00 F1: 1.00
2026-05-14 07:11:27 | DEBUG   | dpfl.core.base_simulator | Update norms — honest: ['6.80', '3.29', '5.25', '2.05', '2.55'], attacker: ['nan', 'nan', 'nan', 'nan', 'nan']
2026-05-14 07:11:36 | INFO    | dpfl.core.base_simulator | Round 125/150 | Acc: 0.8760 | Loss: 0.4262 | eps_max: 7.34 eps_avg: 5.19 | P: 1.00 R: 1.00 F1: 1.00
2026-05-14 07:11:36 | DEBUG   | dpfl.core.base_simulator | Update norms — honest: ['2.79', '3.43', '0.04', '4.32', '4.87'], attacker: ['nan', 'nan', 'nan', 'nan', 'nan']
2026-05-14 07:11:46 | INFO    | dpfl.core.base_simulator | Round 126/150 | Acc: 0.8759 | Loss: 0.4270 | eps_max: 7.34 eps_avg: 5.23 | P: 0.79 R: 1.00 F1: 1.00
2026-05-14 07:11:46 | DEBUG   | dpfl.core.base_simulator | Update norms — honest: ['2.93', '1.92', '3.84', '5.27', '3.90'], attacker: ['nan', 'nan', 'nan', 'nan', 'nan']
2026-05-14 07:11:55 | INFO    | dpfl.core.base_simulator | Round 127/150 | Acc: 0.8759 | Loss: 0.4275 | eps_max: 7.34 eps_avg: 5.24 | P: 0.85 R: 1.00 F1: 0.99
2026-05-14 07:11:55 | DEBUG   | dpfl.core.base_simulator | Update norms — honest: ['4.38', '1.66', '3.54', '4.19', '4.23'], attacker: ['nan', 'nan', 'nan', 'nan', 'nan']
2026-05-14 07:12:05 | INFO    | dpfl.core.base_simulator | Round 128/150 | Acc: 0.8754 | Loss: 0.4304 | eps_max: 7.34 eps_avg: 5.29 | P: 0.67 R: 1.00 F1: 0.96
2026-05-14 07:12:05 | DEBUG   | dpfl.core.base_simulator | Update norms — honest: ['7.26', '5.76', '3.16', '4.74', '1.89'], attacker: ['nan', 'nan', 'nan', 'nan', 'nan']
2026-05-14 07:12:14 | INFO    | dpfl.core.base_simulator | Round 129/150 | Acc: 0.8757 | Loss: 0.4297 | eps_max: 7.34 eps_avg: 5.33 | P: 0.70 R: 1.00 F1: 0.96
2026-05-14 07:12:14 | DEBUG   | dpfl.core.base_simulator | Update norms — honest: ['1.30', '0.86', '3.76', '1.48', '0.78'], attacker: ['nan', 'nan', 'nan', 'nan', 'nan']
2026-05-14 07:12:24 | INFO    | dpfl.core.base_simulator | Round 130/150 | Acc: 0.8755 | Loss: 0.4311 | eps_max: 7.34 eps_avg: 5.36 | P: 0.76 R: 1.00 F1: 0.97
2026-05-14 07:12:24 | DEBUG   | dpfl.core.base_simulator | Update norms — honest: ['4.52', '2.10', '2.20', '5.17', '2.17'], attacker: ['nan', 'nan', 'nan', 'nan', 'nan']
2026-05-14 07:12:33 | INFO    | dpfl.core.base_simulator | Round 131/150 | Acc: 0.8754 | Loss: 0.4323 | eps_max: 7.34 eps_avg: 5.38 | P: 0.86 R: 1.00 F1: 0.99
2026-05-14 07:12:33 | DEBUG   | dpfl.core.base_simulator | Update norms — honest: ['1.56', '3.21', '0.95', '4.61', '7.04'], attacker: ['nan', 'nan', 'nan', 'nan', 'nan']
2026-05-14 07:12:43 | INFO    | dpfl.core.base_simulator | Round 132/150 | Acc: 0.8753 | Loss: 0.4329 | eps_max: 7.34 eps_avg: 5.41 | P: 0.99 R: 1.00 F1: 1.00
2026-05-14 07:12:43 | DEBUG   | dpfl.core.base_simulator | Update norms — honest: ['4.59', '3.55', '4.28', '4.31', '6.78'], attacker: ['nan', 'nan', 'nan', 'nan', 'nan']
2026-05-14 07:12:52 | INFO    | dpfl.core.base_simulator | Round 133/150 | Acc: 0.8751 | Loss: 0.4340 | eps_max: 7.46 eps_avg: 5.46 | P: 0.89 R: 1.00 F1: 1.00
2026-05-14 07:12:52 | DEBUG   | dpfl.core.base_simulator | Update norms — honest: ['5.55', '5.21', '4.49', '3.68', '5.40'], attacker: ['nan', 'nan', 'nan', 'nan', 'nan']
2026-05-14 07:13:02 | INFO    | dpfl.core.base_simulator | Round 134/150 | Acc: 0.8746 | Loss: 0.4365 | eps_max: 7.46 eps_avg: 5.49 | P: 0.75 R: 1.00 F1: 0.97
2026-05-14 07:13:02 | DEBUG   | dpfl.core.base_simulator | Update norms — honest: ['7.14', '3.33', '3.81', '3.06', '5.45'], attacker: ['nan', 'nan', 'nan', 'nan', 'nan']
2026-05-14 07:13:12 | INFO    | dpfl.core.base_simulator | Round 135/150 | Acc: 0.8744 | Loss: 0.4384 | eps_max: 7.46 eps_avg: 5.53 | P: 0.79 R: 1.00 F1: 0.99
2026-05-14 07:13:12 | DEBUG   | dpfl.core.base_simulator | Update norms — honest: ['4.68', '5.28', '3.62', '3.99', '5.81'], attacker: ['nan', 'nan', 'nan', 'nan', 'nan']
2026-05-14 07:13:22 | INFO    | dpfl.core.base_simulator | Round 136/150 | Acc: 0.8742 | Loss: 0.4396 | eps_max: 7.46 eps_avg: 5.55 | P: 0.71 R: 1.00 F1: 0.99
2026-05-14 07:13:22 | DEBUG   | dpfl.core.base_simulator | Update norms — honest: ['5.17', '6.52', '5.03', '5.26', '3.83'], attacker: ['nan', 'nan', 'nan', 'nan', 'nan']
2026-05-14 07:13:31 | INFO    | dpfl.core.base_simulator | Round 137/150 | Acc: 0.8743 | Loss: 0.4405 | eps_max: 7.54 eps_avg: 5.57 | P: 0.81 R: 1.00 F1: 1.00
2026-05-14 07:13:31 | DEBUG   | dpfl.core.base_simulator | Update norms — honest: ['3.08', '2.14', '1.42', '2.84', '2.16'], attacker: ['nan', 'nan', 'nan', 'nan', 'nan']
2026-05-14 07:13:41 | INFO    | dpfl.core.base_simulator | Round 138/150 | Acc: 0.8736 | Loss: 0.4446 | eps_max: 7.66 eps_avg: 5.61 | P: 0.90 R: 1.00 F1: 0.98
2026-05-14 07:13:41 | DEBUG   | dpfl.core.base_simulator | Update norms — honest: ['4.71', '5.14', '6.59', '6.26', '4.54'], attacker: ['nan', 'nan', 'nan', 'nan', 'nan']
2026-05-14 07:13:51 | INFO    | dpfl.core.base_simulator | Round 139/150 | Acc: 0.8734 | Loss: 0.4456 | eps_max: 7.66 eps_avg: 5.64 | P: 0.88 R: 1.00 F1: 0.99
2026-05-14 07:13:51 | DEBUG   | dpfl.core.base_simulator | Update norms — honest: ['6.39', '3.62', '4.22', '3.29', '2.57'], attacker: ['nan', 'nan', 'nan', 'nan', 'nan']
2026-05-14 07:13:55 | INFO    | dpfl.core.base_simulator | Round 140/150 | Acc: 0.8732 | Loss: 0.4465 | eps_max: 7.66 eps_avg: 5.68 | P: 0.90 R: 1.00 F1: 0.98
2026-05-14 07:13:55 | DEBUG   | dpfl.core.base_simulator | Update norms — honest: ['4.75', '5.11', '7.64', '6.37', '5.06'], attacker: ['nan', 'nan', 'nan', 'nan', 'nan']
2026-05-14 07:13:56 | INFO    | dpfl.core.base_simulator | Round 141/150 | Acc: 0.8734 | Loss: 0.4464 | eps_max: 7.66 eps_avg: 5.69 | P: 0.56 R: 1.00 F1: 1.00
2026-05-14 07:13:56 | DEBUG   | dpfl.core.base_simulator | Update norms — honest: ['4.51', '2.13', '2.82', '1.85', '4.10'], attacker: ['nan', 'nan', 'nan', 'nan', 'nan']
2026-05-14 07:13:58 | INFO    | dpfl.core.base_simulator | Round 142/150 | Acc: 0.8730 | Loss: 0.4497 | eps_max: 7.79 eps_avg: 5.71 | P: 0.57 R: 1.00 F1: 0.93
2026-05-14 07:13:58 | DEBUG   | dpfl.core.base_simulator | Update norms — honest: ['7.89', '4.57', '5.86', '2.08', '2.74'], attacker: ['nan', 'nan', 'nan', 'nan', 'nan']
2026-05-14 07:14:24 | INFO    | dpfl.core.base_simulator | Round 143/150 | Acc: 0.8731 | Loss: 0.4494 | eps_max: 7.79 eps_avg: 5.75 | P: 0.99 R: 1.00 F1: 0.99
2026-05-14 07:14:24 | DEBUG   | dpfl.core.base_simulator | Update norms — honest: ['3.88', '1.92', '5.09', '2.10', '1.54'], attacker: ['nan', 'nan', 'nan', 'nan', 'nan']
2026-05-14 07:14:51 | INFO    | dpfl.core.base_simulator | Round 144/150 | Acc: 0.8730 | Loss: 0.4502 | eps_max: 7.79 eps_avg: 5.77 | P: 0.89 R: 1.00 F1: 0.99
2026-05-14 07:14:51 | DEBUG   | dpfl.core.base_simulator | Update norms — honest: ['4.36', '4.03', '3.96', '3.54', '3.80'], attacker: ['nan', 'nan', 'nan', 'nan', 'nan']
2026-05-14 07:15:18 | INFO    | dpfl.core.base_simulator | Round 145/150 | Acc: 0.8729 | Loss: 0.4508 | eps_max: 7.79 eps_avg: 5.80 | P: 0.97 R: 1.00 F1: 0.99
2026-05-14 07:15:18 | DEBUG   | dpfl.core.base_simulator | Update norms — honest: ['3.96', '4.52', '4.86', '5.11', '4.12'], attacker: ['nan', 'nan', 'nan', 'nan', 'nan']
2026-05-14 07:15:39 | INFO    | dpfl.core.base_simulator | Round 146/150 | Acc: 0.8727 | Loss: 0.4522 | eps_max: 7.79 eps_avg: 5.83 | P: 0.66 R: 1.00 F1: 0.94
2026-05-14 07:15:39 | DEBUG   | dpfl.core.base_simulator | Update norms — honest: ['2.45', '4.11', '6.99', '5.30', '3.18'], attacker: ['nan', 'nan', 'nan', 'nan', 'nan']
2026-05-14 07:15:43 | INFO    | dpfl.core.base_simulator | Round 147/150 | Acc: 0.8726 | Loss: 0.4530 | eps_max: 7.79 eps_avg: 5.87 | P: 0.74 R: 1.00 F1: 0.99
2026-05-14 07:15:43 | DEBUG   | dpfl.core.base_simulator | Update norms — honest: ['2.57', '4.54', '4.79', '2.42', '3.30'], attacker: ['nan', 'nan', 'nan', 'nan', 'nan']
2026-05-14 07:15:47 | INFO    | dpfl.core.base_simulator | Round 148/150 | Acc: 0.8722 | Loss: 0.4551 | eps_max: 7.79 eps_avg: 5.91 | P: 0.65 R: 1.00 F1: 0.97
2026-05-14 07:15:47 | DEBUG   | dpfl.core.base_simulator | Update norms — honest: ['5.79', '2.70', '4.38', '1.30', '6.17'], attacker: ['nan', 'nan', 'nan', 'nan', 'nan']
2026-05-14 07:16:00 | INFO    | dpfl.core.base_simulator | Round 149/150 | Acc: 0.8719 | Loss: 0.4570 | eps_max: 7.79 eps_avg: 5.92 | P: 0.82 R: 1.00 F1: 0.98
2026-05-14 07:16:00 | DEBUG   | dpfl.core.base_simulator | Update norms — honest: ['3.80', '7.60', '4.36', '7.27', '5.00'], attacker: ['nan', 'nan', 'nan', 'nan', 'nan']
2026-05-14 07:16:10 | INFO    | dpfl.core.base_simulator | Round 150/150 | Acc: 0.8716 | Loss: 0.4586 | eps_max: 7.79 eps_avg: 5.95 | P: 0.80 R: 1.00 F1: 0.98
2026-05-14 07:16:10 | DEBUG   | dpfl.core.base_simulator | Update norms — honest: ['6.96', '6.04', '2.99', '3.25', '7.29'], attacker: ['nan', 'nan', 'nan', 'nan', 'nan']
2026-05-14 07:16:12 | INFO    | dpfl | Experiment complete in 1800.6s
============================================================
REPORT: DP-SGD Decentralized Federated Learning
============================================================
Timestamp:                  20260514_064609
Rounds completed:           150
Attack-active rounds:       100  (from round 50)
Final accuracy:             0.8716
Final test loss:            0.4586
Final epsilon (max honest): 7.79
Final epsilon (avg honest): 5.95
Best alpha:                 1000.0
Avg precision:              0.9191
Avg recall:                 0.9886
Avg F1 score:               0.9937
Avg update norm (honest):   2.9016
Avg update norm (attacker): nan

eps_system (max honest): 7.7863
eps_avg (honest):        5.9502
eps_std (honest):        1.0231
n_frozen:                0/300
============================================================
