2026-05-14 09:02:43 | INFO    | dpfl | Experiment start: algorithm=balance, dataset=mnist, model=mlp, device=cuda
2026-05-14 09:02:43 | INFO    | dpfl | Config: nodes=500, attackers=300, rounds=150, noise_mode=none, attack=scale
2026-05-14 09:02:43 | INFO    | dpfl.data.mnist_dataset | Loading MNIST dataset...
2026-05-14 09:02:44 | INFO    | dpfl.data.mnist_dataset | MNIST loaded: 60000 train, 10000 test samples
2026-05-14 09:06:09 | INFO    | dpfl.core.base_simulator | Vectorized state ready: param_spec.D=50890, X_test=(10000, 1, 28, 28), train clients N=500, max_n_samples=1000
2026-05-14 09:06:09 | INFO    | dpfl.core.base_simulator | Setup complete: 500 nodes (300 attackers), param_dim=50890, split=iid
2026-05-14 09:06:09 | DEBUG   | dpfl.core.base_simulator | Attacker IDs: {0, 1, 2, 3, 4, 5, 6, 7, 8, 9, 10, 11, 12, 13, 14, 15, 16, 17, 18, 19, 20, 21, 22, 23, 24, 25, 26, 27, 28, 29, 30, 31, 32, 33, 34, 35, 36, 37, 38, 39, 40, 41, 42, 43, 44, 45, 46, 47, 48, 49, 50, 51, 52, 53, 54, 55, 56, 57, 58, 59, 60, 61, 62, 63, 64, 65, 66, 67, 68, 69, 70, 71, 72, 73, 74, 75, 76, 77, 78, 79, 80, 81, 82, 83, 84, 85, 86, 87, 88, 89, 90, 91, 92, 93, 94, 95, 96, 97, 98, 99, 100, 101, 102, 103, 104, 105, 106, 107, 108, 109, 110, 111, 112, 113, 114, 115, 116, 117, 118, 119, 120, 121, 122, 123, 124, 125, 126, 127, 128, 129, 130, 131, 132, 133, 134, 135, 136, 137, 138, 139, 140, 141, 142, 143, 144, 145, 146, 147, 148, 149, 150, 151, 152, 153, 154, 155, 156, 157, 158, 159, 160, 161, 162, 163, 164, 165, 166, 167, 168, 169, 170, 171, 172, 173, 174, 175, 176, 177, 178, 179, 180, 181, 182, 183, 184, 185, 186, 187, 188, 189, 190, 191, 192, 193, 194, 195, 196, 197, 198, 199, 200, 201, 202, 203, 204, 205, 206, 207, 208, 209, 210, 211, 212, 213, 214, 215, 216, 217, 218, 219, 220, 221, 222, 223, 224, 225, 226, 227, 228, 229, 230, 231, 232, 233, 234, 235, 236, 237, 238, 239, 240, 241, 242, 243, 244, 245, 246, 247, 248, 249, 250, 251, 252, 253, 254, 255, 256, 257, 258, 259, 260, 261, 262, 263, 264, 265, 266, 267, 268, 269, 270, 271, 272, 273, 274, 275, 276, 277, 278, 279, 280, 281, 282, 283, 284, 285, 286, 287, 288, 289, 290, 291, 292, 293, 294, 295, 296, 297, 298, 299}
2026-05-14 09:06:19 | INFO    | dpfl.core.base_simulator | Round   1/150 | Acc: 0.3791 | Loss: 2.0958 | eps: 0.00 | P: nan R: nan F1: nan
2026-05-14 09:06:19 | DEBUG   | dpfl.core.base_simulator | Update norms — honest: ['0.18', '0.17', '0.17', '0.18', '0.17'], attacker: ['0.18', '0.18', '0.17', '0.18', '0.18']
2026-05-14 09:06:28 | INFO    | dpfl.core.base_simulator | Round   2/150 | Acc: 0.5556 | Loss: 1.8907 | eps: 0.00 | P: nan R: nan F1: nan
2026-05-14 09:06:28 | DEBUG   | dpfl.core.base_simulator | Update norms — honest: ['0.18', '0.18', '0.17', '0.18', '0.17'], attacker: ['0.18', '0.18', '0.18', '0.18', '0.18']
2026-05-14 09:06:40 | INFO    | dpfl.core.base_simulator | Round   3/150 | Acc: 0.6529 | Loss: 1.6802 | eps: 0.00 | P: nan R: nan F1: nan
2026-05-14 09:06:40 | DEBUG   | dpfl.core.base_simulator | Update norms — honest: ['0.18', '0.18', '0.18', '0.18', '0.18'], attacker: ['0.19', '0.18', '0.18', '0.18', '0.19']
2026-05-14 09:06:52 | INFO    | dpfl.core.base_simulator | Round   4/150 | Acc: 0.7115 | Loss: 1.4802 | eps: 0.00 | P: nan R: nan F1: nan
2026-05-14 09:06:52 | DEBUG   | dpfl.core.base_simulator | Update norms — honest: ['0.18', '0.17', '0.18', '0.17', '0.17'], attacker: ['0.18', '0.18', '0.17', '0.18', '0.18']
2026-05-14 09:07:02 | INFO    | dpfl.core.base_simulator | Round   5/150 | Acc: 0.7520 | Loss: 1.2997 | eps: 0.00 | P: nan R: nan F1: nan
2026-05-14 09:07:02 | DEBUG   | dpfl.core.base_simulator | Update norms — honest: ['0.17', '0.16', '0.17', '0.16', '0.17'], attacker: ['0.17', '0.17', '0.16', '0.17', '0.17']
2026-05-14 09:07:13 | INFO    | dpfl.core.base_simulator | Round   6/150 | Acc: 0.7801 | Loss: 1.1453 | eps: 0.00 | P: nan R: nan F1: nan
2026-05-14 09:07:13 | DEBUG   | dpfl.core.base_simulator | Update norms — honest: ['0.16', '0.15', '0.16', '0.15', '0.15'], attacker: ['0.16', '0.15', '0.15', '0.16', '0.16']
2026-05-14 09:07:23 | INFO    | dpfl.core.base_simulator | Round   7/150 | Acc: 0.8002 | Loss: 1.0186 | eps: 0.00 | P: nan R: nan F1: nan
2026-05-14 09:07:23 | DEBUG   | dpfl.core.base_simulator | Update norms — honest: ['0.14', '0.14', '0.14', '0.14', '0.14'], attacker: ['0.14', '0.14', '0.14', '0.14', '0.14']
2026-05-14 09:07:33 | INFO    | dpfl.core.base_simulator | Round   8/150 | Acc: 0.8144 | Loss: 0.9176 | eps: 0.00 | P: nan R: nan F1: nan
2026-05-14 09:07:33 | DEBUG   | dpfl.core.base_simulator | Update norms — honest: ['0.13', '0.13', '0.13', '0.13', '0.13'], attacker: ['0.13', '0.13', '0.13', '0.13', '0.13']
2026-05-14 09:07:44 | INFO    | dpfl.core.base_simulator | Round   9/150 | Acc: 0.8247 | Loss: 0.8378 | eps: 0.00 | P: nan R: nan F1: nan
2026-05-14 09:07:44 | DEBUG   | dpfl.core.base_simulator | Update norms — honest: ['0.11', '0.12', '0.12', '0.11', '0.11'], attacker: ['0.12', '0.11', '0.11', '0.11', '0.12']
2026-05-14 09:07:54 | INFO    | dpfl.core.base_simulator | Round  10/150 | Acc: 0.8326 | Loss: 0.7741 | eps: 0.00 | P: nan R: nan F1: nan
2026-05-14 09:07:54 | DEBUG   | dpfl.core.base_simulator | Update norms — honest: ['0.10', '0.10', '0.10', '0.10', '0.10'], attacker: ['0.10', '0.10', '0.10', '0.10', '0.10']
2026-05-14 09:08:06 | INFO    | dpfl.core.base_simulator | Round  11/150 | Acc: 0.8387 | Loss: 0.7232 | eps: 0.00 | P: nan R: nan F1: nan
2026-05-14 09:08:06 | DEBUG   | dpfl.core.base_simulator | Update norms — honest: ['0.09', '0.09', '0.09', '0.09', '0.09'], attacker: ['0.10', '0.09', '0.09', '0.09', '0.09']
2026-05-14 09:08:17 | INFO    | dpfl.core.base_simulator | Round  12/150 | Acc: 0.8442 | Loss: 0.6814 | eps: 0.00 | P: nan R: nan F1: nan
2026-05-14 09:08:17 | DEBUG   | dpfl.core.base_simulator | Update norms — honest: ['0.08', '0.09', '0.08', '0.08', '0.09'], attacker: ['0.09', '0.09', '0.09', '0.09', '0.09']
2026-05-14 09:08:27 | INFO    | dpfl.core.base_simulator | Round  13/150 | Acc: 0.8484 | Loss: 0.6471 | eps: 0.00 | P: nan R: nan F1: nan
2026-05-14 09:08:27 | DEBUG   | dpfl.core.base_simulator | Update norms — honest: ['0.08', '0.08', '0.08', '0.08', '0.08'], attacker: ['0.08', '0.08', '0.08', '0.08', '0.08']
2026-05-14 09:08:38 | INFO    | dpfl.core.base_simulator | Round  14/150 | Acc: 0.8519 | Loss: 0.6185 | eps: 0.00 | P: nan R: nan F1: nan
2026-05-14 09:08:38 | DEBUG   | dpfl.core.base_simulator | Update norms — honest: ['0.07', '0.07', '0.07', '0.07', '0.07'], attacker: ['0.07', '0.07', '0.07', '0.07', '0.07']
2026-05-14 09:08:50 | INFO    | dpfl.core.base_simulator | Round  15/150 | Acc: 0.8553 | Loss: 0.5940 | eps: 0.00 | P: nan R: nan F1: nan
2026-05-14 09:08:50 | DEBUG   | dpfl.core.base_simulator | Update norms — honest: ['0.07', '0.07', '0.07', '0.07', '0.07'], attacker: ['0.07', '0.07', '0.07', '0.07', '0.07']
2026-05-14 09:09:00 | INFO    | dpfl.core.base_simulator | Round  16/150 | Acc: 0.8580 | Loss: 0.5733 | eps: 0.00 | P: nan R: nan F1: nan
2026-05-14 09:09:00 | DEBUG   | dpfl.core.base_simulator | Update norms — honest: ['0.06', '0.06', '0.06', '0.06', '0.07'], attacker: ['0.06', '0.07', '0.07', '0.06', '0.06']
2026-05-14 09:09:11 | INFO    | dpfl.core.base_simulator | Round  17/150 | Acc: 0.8604 | Loss: 0.5551 | eps: 0.00 | P: nan R: nan F1: nan
2026-05-14 09:09:11 | DEBUG   | dpfl.core.base_simulator | Update norms — honest: ['0.06', '0.06', '0.06', '0.06', '0.06'], attacker: ['0.06', '0.06', '0.06', '0.06', '0.06']
2026-05-14 09:09:22 | INFO    | dpfl.core.base_simulator | Round  18/150 | Acc: 0.8624 | Loss: 0.5395 | eps: 0.00 | P: nan R: nan F1: nan
2026-05-14 09:09:22 | DEBUG   | dpfl.core.base_simulator | Update norms — honest: ['0.05', '0.06', '0.05', '0.06', '0.06'], attacker: ['0.06', '0.06', '0.06', '0.06', '0.06']
2026-05-14 09:09:34 | INFO    | dpfl.core.base_simulator | Round  19/150 | Acc: 0.8646 | Loss: 0.5256 | eps: 0.00 | P: nan R: nan F1: nan
2026-05-14 09:09:34 | DEBUG   | dpfl.core.base_simulator | Update norms — honest: ['0.05', '0.05', '0.05', '0.05', '0.06'], attacker: ['0.06', '0.06', '0.06', '0.06', '0.05']
2026-05-14 09:09:46 | INFO    | dpfl.core.base_simulator | Round  20/150 | Acc: 0.8661 | Loss: 0.5135 | eps: 0.00 | P: nan R: nan F1: nan
2026-05-14 09:09:46 | DEBUG   | dpfl.core.base_simulator | Update norms — honest: ['0.05', '0.05', '0.05', '0.05', '0.05'], attacker: ['0.05', '0.05', '0.06', '0.05', '0.05']
2026-05-14 09:09:58 | INFO    | dpfl.core.base_simulator | Round  21/150 | Acc: 0.8677 | Loss: 0.5025 | eps: 0.00 | P: nan R: nan F1: nan
2026-05-14 09:09:58 | DEBUG   | dpfl.core.base_simulator | Update norms — honest: ['0.05', '0.05', '0.05', '0.05', '0.05'], attacker: ['0.05', '0.05', '0.05', '0.05', '0.05']
2026-05-14 09:10:07 | INFO    | dpfl.core.base_simulator | Round  22/150 | Acc: 0.8690 | Loss: 0.4928 | eps: 0.00 | P: nan R: nan F1: nan
2026-05-14 09:10:07 | DEBUG   | dpfl.core.base_simulator | Update norms — honest: ['0.05', '0.05', '0.05', '0.05', '0.05'], attacker: ['0.05', '0.05', '0.05', '0.05', '0.05']
2026-05-14 09:10:17 | INFO    | dpfl.core.base_simulator | Round  23/150 | Acc: 0.8704 | Loss: 0.4839 | eps: 0.00 | P: nan R: nan F1: nan
2026-05-14 09:10:17 | DEBUG   | dpfl.core.base_simulator | Update norms — honest: ['0.04', '0.05', '0.04', '0.05', '0.05'], attacker: ['0.05', '0.05', '0.05', '0.05', '0.05']
2026-05-14 09:10:27 | INFO    | dpfl.core.base_simulator | Round  24/150 | Acc: 0.8715 | Loss: 0.4759 | eps: 0.00 | P: nan R: nan F1: nan
2026-05-14 09:10:27 | DEBUG   | dpfl.core.base_simulator | Update norms — honest: ['0.04', '0.04', '0.04', '0.04', '0.05'], attacker: ['0.05', '0.05', '0.05', '0.05', '0.04']
2026-05-14 09:10:30 | INFO    | dpfl.core.base_simulator | Round  25/150 | Acc: 0.8724 | Loss: 0.4688 | eps: 0.00 | P: nan R: nan F1: nan
2026-05-14 09:10:30 | DEBUG   | dpfl.core.base_simulator | Update norms — honest: ['0.04', '0.04', '0.04', '0.05', '0.04'], attacker: ['0.04', '0.05', '0.05', '0.05', '0.04']
2026-05-14 09:10:32 | INFO    | dpfl.core.base_simulator | Round  26/150 | Acc: 0.8735 | Loss: 0.4623 | eps: 0.00 | P: nan R: nan F1: nan
2026-05-14 09:10:32 | DEBUG   | dpfl.core.base_simulator | Update norms — honest: ['0.04', '0.04', '0.04', '0.04', '0.04'], attacker: ['0.04', '0.04', '0.05', '0.04', '0.04']
2026-05-14 09:10:40 | INFO    | dpfl.core.base_simulator | Round  27/150 | Acc: 0.8744 | Loss: 0.4561 | eps: 0.00 | P: nan R: nan F1: nan
2026-05-14 09:10:40 | DEBUG   | dpfl.core.base_simulator | Update norms — honest: ['0.04', '0.04', '0.04', '0.04', '0.04'], attacker: ['0.04', '0.04', '0.04', '0.04', '0.04']
2026-05-14 09:11:04 | INFO    | dpfl.core.base_simulator | Round  28/150 | Acc: 0.8752 | Loss: 0.4508 | eps: 0.00 | P: nan R: nan F1: nan
2026-05-14 09:11:04 | DEBUG   | dpfl.core.base_simulator | Update norms — honest: ['0.04', '0.04', '0.04', '0.04', '0.04'], attacker: ['0.04', '0.04', '0.04', '0.04', '0.04']
2026-05-14 09:11:28 | INFO    | dpfl.core.base_simulator | Round  29/150 | Acc: 0.8759 | Loss: 0.4457 | eps: 0.00 | P: nan R: nan F1: nan
2026-05-14 09:11:28 | DEBUG   | dpfl.core.base_simulator | Update norms — honest: ['0.04', '0.04', '0.04', '0.04', '0.04'], attacker: ['0.04', '0.04', '0.04', '0.04', '0.04']
2026-05-14 09:11:53 | INFO    | dpfl.core.base_simulator | Round  30/150 | Acc: 0.8766 | Loss: 0.4409 | eps: 0.00 | P: nan R: nan F1: nan
2026-05-14 09:11:53 | DEBUG   | dpfl.core.base_simulator | Update norms — honest: ['0.04', '0.04', '0.04', '0.04', '0.04'], attacker: ['0.04', '0.04', '0.04', '0.04', '0.04']
2026-05-14 09:12:12 | INFO    | dpfl.core.base_simulator | Round  31/150 | Acc: 0.8773 | Loss: 0.4366 | eps: 0.00 | P: nan R: nan F1: nan
2026-05-14 09:12:12 | DEBUG   | dpfl.core.base_simulator | Update norms — honest: ['0.04', '0.04', '0.03', '0.04', '0.04'], attacker: ['0.04', '0.04', '0.04', '0.04', '0.04']
2026-05-14 09:12:32 | INFO    | dpfl.core.base_simulator | Round  32/150 | Acc: 0.8778 | Loss: 0.4326 | eps: 0.00 | P: nan R: nan F1: nan
2026-05-14 09:12:32 | DEBUG   | dpfl.core.base_simulator | Update norms — honest: ['0.03', '0.04', '0.03', '0.04', '0.04'], attacker: ['0.04', '0.04', '0.04', '0.04', '0.04']
2026-05-14 09:12:54 | INFO    | dpfl.core.base_simulator | Round  33/150 | Acc: 0.8785 | Loss: 0.4289 | eps: 0.00 | P: nan R: nan F1: nan
2026-05-14 09:12:54 | DEBUG   | dpfl.core.base_simulator | Update norms — honest: ['0.03', '0.03', '0.03', '0.03', '0.04'], attacker: ['0.04', '0.04', '0.04', '0.04', '0.04']
2026-05-14 09:13:14 | INFO    | dpfl.core.base_simulator | Round  34/150 | Acc: 0.8789 | Loss: 0.4256 | eps: 0.00 | P: nan R: nan F1: nan
2026-05-14 09:13:14 | DEBUG   | dpfl.core.base_simulator | Update norms — honest: ['0.03', '0.03', '0.03', '0.03', '0.04'], attacker: ['0.03', '0.04', '0.04', '0.04', '0.04']
2026-05-14 09:13:29 | INFO    | dpfl.core.base_simulator | Round  35/150 | Acc: 0.8794 | Loss: 0.4223 | eps: 0.00 | P: nan R: nan F1: nan
2026-05-14 09:13:29 | DEBUG   | dpfl.core.base_simulator | Update norms — honest: ['0.03', '0.03', '0.03', '0.03', '0.03'], attacker: ['0.03', '0.04', '0.04', '0.04', '0.03']
2026-05-14 09:13:33 | INFO    | dpfl.core.base_simulator | Round  36/150 | Acc: 0.8800 | Loss: 0.4193 | eps: 0.00 | P: nan R: nan F1: nan
2026-05-14 09:13:33 | DEBUG   | dpfl.core.base_simulator | Update norms — honest: ['0.03', '0.03', '0.03', '0.03', '0.04'], attacker: ['0.03', '0.04', '0.04', '0.04', '0.03']
2026-05-14 09:13:35 | INFO    | dpfl.core.base_simulator | Round  37/150 | Acc: 0.8803 | Loss: 0.4166 | eps: 0.00 | P: nan R: nan F1: nan
2026-05-14 09:13:35 | DEBUG   | dpfl.core.base_simulator | Update norms — honest: ['0.03', '0.03', '0.03', '0.03', '0.03'], attacker: ['0.03', '0.04', '0.04', '0.04', '0.03']
2026-05-14 09:13:49 | INFO    | dpfl.core.base_simulator | Round  38/150 | Acc: 0.8807 | Loss: 0.4141 | eps: 0.00 | P: nan R: nan F1: nan
2026-05-14 09:13:49 | DEBUG   | dpfl.core.base_simulator | Update norms — honest: ['0.04', '0.03', '0.03', '0.03', '0.03'], attacker: ['0.03', '0.04', '0.04', '0.03', '0.03']
2026-05-14 09:14:03 | INFO    | dpfl.core.base_simulator | Round  39/150 | Acc: 0.8811 | Loss: 0.4116 | eps: 0.00 | P: nan R: nan F1: nan
2026-05-14 09:14:03 | DEBUG   | dpfl.core.base_simulator | Update norms — honest: ['0.03', '0.03', '0.03', '0.03', '0.03'], attacker: ['0.03', '0.04', '0.03', '0.03', '0.03']
2026-05-14 09:14:06 | INFO    | dpfl.core.base_simulator | Round  40/150 | Acc: 0.8815 | Loss: 0.4093 | eps: 0.00 | P: nan R: nan F1: nan
2026-05-14 09:14:06 | DEBUG   | dpfl.core.base_simulator | Update norms — honest: ['0.03', '0.03', '0.03', '0.03', '0.03'], attacker: ['0.03', '0.03', '0.04', '0.03', '0.03']
2026-05-14 09:14:08 | INFO    | dpfl.core.base_simulator | Round  41/150 | Acc: 0.8818 | Loss: 0.4072 | eps: 0.00 | P: nan R: nan F1: nan
2026-05-14 09:14:08 | DEBUG   | dpfl.core.base_simulator | Update norms — honest: ['0.03', '0.03', '0.03', '0.03', '0.03'], attacker: ['0.03', '0.03', '0.03', '0.03', '0.03']
2026-05-14 09:14:15 | INFO    | dpfl.core.base_simulator | Round  42/150 | Acc: 0.8822 | Loss: 0.4051 | eps: 0.00 | P: nan R: nan F1: nan
2026-05-14 09:14:15 | DEBUG   | dpfl.core.base_simulator | Update norms — honest: ['0.03', '0.03', '0.03', '0.03', '0.03'], attacker: ['0.03', '0.03', '0.03', '0.03', '0.03']
2026-05-14 09:14:21 | INFO    | dpfl.core.base_simulator | Round  43/150 | Acc: 0.8825 | Loss: 0.4033 | eps: 0.00 | P: nan R: nan F1: nan
2026-05-14 09:14:21 | DEBUG   | dpfl.core.base_simulator | Update norms — honest: ['0.03', '0.03', '0.03', '0.03', '0.03'], attacker: ['0.03', '0.03', '0.03', '0.03', '0.03']
2026-05-14 09:14:23 | INFO    | dpfl.core.base_simulator | Round  44/150 | Acc: 0.8828 | Loss: 0.4014 | eps: 0.00 | P: nan R: nan F1: nan
2026-05-14 09:14:23 | DEBUG   | dpfl.core.base_simulator | Update norms — honest: ['0.03', '0.03', '0.03', '0.03', '0.03'], attacker: ['0.03', '0.03', '0.03', '0.03', '0.03']
2026-05-14 09:14:33 | INFO    | dpfl.core.base_simulator | Round  45/150 | Acc: 0.8830 | Loss: 0.3998 | eps: 0.00 | P: nan R: nan F1: nan
2026-05-14 09:14:33 | DEBUG   | dpfl.core.base_simulator | Update norms — honest: ['0.03', '0.03', '0.03', '0.03', '0.03'], attacker: ['0.03', '0.03', '0.03', '0.03', '0.03']
2026-05-14 09:14:37 | INFO    | dpfl.core.base_simulator | Round  46/150 | Acc: 0.8833 | Loss: 0.3983 | eps: 0.00 | P: nan R: nan F1: nan
2026-05-14 09:14:37 | DEBUG   | dpfl.core.base_simulator | Update norms — honest: ['0.03', '0.03', '0.03', '0.03', '0.03'], attacker: ['0.03', '0.03', '0.03', '0.03', '0.03']
2026-05-14 09:14:39 | INFO    | dpfl.core.base_simulator | Round  47/150 | Acc: 0.8836 | Loss: 0.3967 | eps: 0.00 | P: nan R: nan F1: nan
2026-05-14 09:14:39 | DEBUG   | dpfl.core.base_simulator | Update norms — honest: ['0.03', '0.03', '0.03', '0.03', '0.03'], attacker: ['0.03', '0.03', '0.03', '0.03', '0.03']
2026-05-14 09:14:50 | INFO    | dpfl.core.base_simulator | Round  48/150 | Acc: 0.8837 | Loss: 0.3955 | eps: 0.00 | P: nan R: nan F1: nan
2026-05-14 09:14:50 | DEBUG   | dpfl.core.base_simulator | Update norms — honest: ['0.03', '0.03', '0.03', '0.03', '0.03'], attacker: ['0.03', '0.03', '0.03', '0.03', '0.03']
2026-05-14 09:14:53 | INFO    | dpfl.core.base_simulator | Round  49/150 | Acc: 0.8840 | Loss: 0.3942 | eps: 0.00 | P: nan R: nan F1: nan
2026-05-14 09:14:53 | DEBUG   | dpfl.core.base_simulator | Update norms — honest: ['0.03', '0.03', '0.03', '0.03', '0.03'], attacker: ['0.03', '0.03', '0.03', '0.03', '0.03']
2026-05-14 09:14:55 | INFO    | dpfl.core.base_simulator | Round  50/150 | Acc: 0.8843 | Loss: 0.3929 | eps: 0.00 | P: nan R: nan F1: nan
2026-05-14 09:14:55 | DEBUG   | dpfl.core.base_simulator | Update norms — honest: ['0.03', '0.03', '0.03', '0.03', '0.03'], attacker: ['0.03', '0.03', '0.03', '0.03', '0.03']
2026-05-14 09:15:06 | INFO    | dpfl.core.base_simulator | Round  51/150 | Acc: 0.8842 | Loss: 0.3925 | eps: 0.00 | P: nan R: 0.00 F1: nan
2026-05-14 09:15:06 | DEBUG   | dpfl.core.base_simulator | Update norms — honest: ['0.03', '0.02', '0.03', '0.03', '0.03'], attacker: ['0.55', '0.64', '0.59', '0.61', '0.57']
2026-05-14 09:15:08 | INFO    | dpfl.core.base_simulator | Round  52/150 | Acc: 0.8818 | Loss: 0.3988 | eps: 0.00 | P: nan R: 0.00 F1: nan
2026-05-14 09:15:08 | DEBUG   | dpfl.core.base_simulator | Update norms — honest: ['0.03', '0.03', '0.03', '0.03', '0.03'], attacker: ['1.44', '2.55', '1.17', '1.83', '1.32']
2026-05-14 09:15:10 | INFO    | dpfl.core.base_simulator | Round  53/150 | Acc: 0.8672 | Loss: 0.5577 | eps: 0.00 | P: 1.00 R: 0.90 F1: 0.94
2026-05-14 09:15:10 | DEBUG   | dpfl.core.base_simulator | Update norms — honest: ['0.03', '0.03', '0.16', '0.03', '0.03'], attacker: ['10.04', '17.63', '9.24', '11.54', '10.53']
2026-05-14 09:15:20 | INFO    | dpfl.core.base_simulator | Round  54/150 | Acc: 0.8829 | Loss: 0.3950 | eps: 0.00 | P: 1.00 R: 1.00 F1: 1.00
2026-05-14 09:15:20 | DEBUG   | dpfl.core.base_simulator | Update norms — honest: ['0.03', '0.03', '0.03', '0.02', '0.03'], attacker: ['82.63', '144.09', '88.25', '102.33', '82.85']
2026-05-14 09:15:23 | INFO    | dpfl.core.base_simulator | Round  55/150 | Acc: 0.8841 | Loss: 0.3910 | eps: 0.00 | P: 1.00 R: 1.00 F1: 1.00
2026-05-14 09:15:23 | DEBUG   | dpfl.core.base_simulator | Update norms — honest: ['0.02', '0.03', '0.03', '0.02', '0.03'], attacker: ['868.64', '1260.59', '791.94', '1001.08', '866.39']
2026-05-14 09:15:25 | INFO    | dpfl.core.base_simulator | Round  56/150 | Acc: 0.8844 | Loss: 0.3899 | eps: 0.00 | P: 1.00 R: 1.00 F1: 1.00
2026-05-14 09:15:25 | DEBUG   | dpfl.core.base_simulator | Update norms — honest: ['0.03', '0.03', '0.03', '0.02', '0.03'], attacker: ['8722.52', '10865.94', '8744.70', '9623.76', '9153.45']
2026-05-14 09:15:33 | INFO    | dpfl.core.base_simulator | Round  57/150 | Acc: 0.8847 | Loss: 0.3889 | eps: 0.00 | P: 1.00 R: 1.00 F1: 1.00
2026-05-14 09:15:33 | DEBUG   | dpfl.core.base_simulator | Update norms — honest: ['0.02', '0.02', '0.03', '0.02', '0.03'], attacker: ['86646.02', '90261.99', '92163.01', '93257.25', '87856.27']
2026-05-14 09:15:39 | INFO    | dpfl.core.base_simulator | Round  58/150 | Acc: 0.8848 | Loss: 0.3878 | eps: 0.00 | P: 1.00 R: 1.00 F1: 1.00
2026-05-14 09:15:39 | DEBUG   | dpfl.core.base_simulator | Update norms — honest: ['0.03', '0.03', '0.03', '0.02', '0.03'], attacker: ['912205.62', '866363.88', '981251.06', '930432.62', '975813.62']
2026-05-14 09:15:41 | INFO    | dpfl.core.base_simulator | Round  59/150 | Acc: 0.8850 | Loss: 0.3870 | eps: 0.00 | P: 1.00 R: 1.00 F1: 1.00
2026-05-14 09:15:41 | DEBUG   | dpfl.core.base_simulator | Update norms — honest: ['0.03', '0.03', '0.03', '0.02', '0.03'], attacker: ['9469390.00', '8805971.00', '10283189.00', '9807593.00', '9422927.00']
2026-05-14 09:15:46 | INFO    | dpfl.core.base_simulator | Round  60/150 | Acc: 0.8850 | Loss: 0.3863 | eps: 0.00 | P: 1.00 R: 1.00 F1: 1.00
2026-05-14 09:15:46 | DEBUG   | dpfl.core.base_simulator | Update norms — honest: ['0.02', '0.02', '0.03', '0.02', '0.03'], attacker: ['100160744.00', '92755584.00', '100616432.00', '97915600.00', '102269072.00']
2026-05-14 09:15:54 | INFO    | dpfl.core.base_simulator | Round  61/150 | Acc: 0.8852 | Loss: 0.3855 | eps: 0.00 | P: 1.00 R: 1.00 F1: 1.00
2026-05-14 09:15:54 | DEBUG   | dpfl.core.base_simulator | Update norms — honest: ['0.02', '0.02', '0.03', '0.02', '0.02'], attacker: ['970598336.00', '954767424.00', '1142622464.00', '946316736.00', '1071846080.00']
2026-05-14 09:15:56 | INFO    | dpfl.core.base_simulator | Round  62/150 | Acc: 0.8854 | Loss: 0.3848 | eps: 0.00 | P: 1.00 R: 1.00 F1: 1.00
2026-05-14 09:15:56 | DEBUG   | dpfl.core.base_simulator | Update norms — honest: ['0.02', '0.02', '0.02', '0.02', '0.02'], attacker: ['11320724480.00', '12036984832.00', '11852469248.00', '11612311552.00', '11409591296.00']
2026-05-14 09:15:58 | INFO    | dpfl.core.base_simulator | Round  63/150 | Acc: 0.8854 | Loss: 0.3844 | eps: 0.00 | P: 1.00 R: 1.00 F1: 1.00
2026-05-14 09:15:58 | DEBUG   | dpfl.core.base_simulator | Update norms — honest: ['0.02', '0.02', '0.03', '0.02', '0.02'], attacker: ['115259539456.00', '123947999232.00', '131850158080.00', '124853911552.00', '127745728512.00']
2026-05-14 09:16:10 | INFO    | dpfl.core.base_simulator | Round  64/150 | Acc: 0.8856 | Loss: 0.3837 | eps: 0.00 | P: 1.00 R: 1.00 F1: 1.00
2026-05-14 09:16:10 | DEBUG   | dpfl.core.base_simulator | Update norms — honest: ['0.02', '0.02', '0.02', '0.02', '0.02'], attacker: ['1302173843456.00', '1400277434368.00', '1481252274176.00', '1440636600320.00', '1435008499712.00']
2026-05-14 09:16:12 | INFO    | dpfl.core.base_simulator | Round  65/150 | Acc: 0.8857 | Loss: 0.3831 | eps: 0.00 | P: 1.00 R: 1.00 F1: 1.00
2026-05-14 09:16:12 | DEBUG   | dpfl.core.base_simulator | Update norms — honest: ['0.02', '0.02', '0.02', '0.02', '0.02'], attacker: ['15226656260096.00', '15368505524224.00', '15609486114816.00', '15611503575040.00', '15129096749056.00']
2026-05-14 09:16:14 | INFO    | dpfl.core.base_simulator | Round  66/150 | Acc: 0.8858 | Loss: 0.3825 | eps: 0.00 | P: 1.00 R: 1.00 F1: 1.00
2026-05-14 09:16:14 | DEBUG   | dpfl.core.base_simulator | Update norms — honest: ['0.02', '0.02', '0.02', '0.02', '0.02'], attacker: ['160493364838400.00', '171925896691712.00', '168950541320192.00', '170565583241216.00', '165395063373824.00']
2026-05-14 09:16:18 | INFO    | dpfl.core.base_simulator | Round  67/150 | Acc: 0.8859 | Loss: 0.3821 | eps: 0.00 | P: 1.00 R: 1.00 F1: 1.00
2026-05-14 09:16:18 | DEBUG   | dpfl.core.base_simulator | Update norms — honest: ['0.02', '0.02', '0.02', '0.02', '0.02'], attacker: ['1788766234607616.00', '1601017913278464.00', '1867658475601920.00', '1813395590348800.00', '1639242182688768.00']
2026-05-14 09:16:28 | INFO    | dpfl.core.base_simulator | Round  68/150 | Acc: 0.8860 | Loss: 0.3817 | eps: 0.00 | P: 1.00 R: 1.00 F1: 1.00
2026-05-14 09:16:28 | DEBUG   | dpfl.core.base_simulator | Update norms — honest: ['0.02', '0.02', '0.02', '0.02', '0.02'], attacker: ['19614961022009344.00', '18364474851328000.00', '18995699752370176.00', '19137143762845696.00', '18026808817483776.00']
2026-05-14 09:16:30 | INFO    | dpfl.core.base_simulator | Round  69/150 | Acc: 0.8860 | Loss: 0.3813 | eps: 0.00 | P: 1.00 R: 1.00 F1: 1.00
2026-05-14 09:16:30 | DEBUG   | dpfl.core.base_simulator | Update norms — honest: ['0.02', '0.02', '0.02', '0.02', '0.02'], attacker: ['189014655929155584.00', '199438266678640640.00', '198909710823325696.00', '201519539110805504.00', '202873433061588992.00']
2026-05-14 09:16:32 | INFO    | dpfl.core.base_simulator | Round  70/150 | Acc: 0.8861 | Loss: 0.3809 | eps: 0.00 | P: 1.00 R: 1.00 F1: 1.00
2026-05-14 09:16:32 | DEBUG   | dpfl.core.base_simulator | Update norms — honest: ['0.02', '0.02', '0.02', '0.02', '0.02'], attacker: ['2140723163317665792.00', '2043538430050172928.00', '2197893232476553216.00', '2159339269565448192.00', '2173896253761388544.00']
2026-05-14 09:16:43 | INFO    | dpfl.core.base_simulator | Round  71/150 | Acc: 0.8862 | Loss: 0.3806 | eps: 0.00 | P: 1.00 R: 1.00 F1: 1.00
2026-05-14 09:16:43 | DEBUG   | dpfl.core.base_simulator | Update norms — honest: ['0.02', '0.02', '0.02', '0.02', '0.02'], attacker: ['inf', 'inf', 'inf', 'inf', 'inf']
2026-05-14 09:16:45 | INFO    | dpfl.core.base_simulator | Round  72/150 | Acc: 0.8862 | Loss: 0.3804 | eps: 0.00 | P: 1.00 R: 1.00 F1: 1.00
2026-05-14 09:16:45 | DEBUG   | dpfl.core.base_simulator | Update norms — honest: ['0.02', '0.02', '0.02', '0.02', '0.02'], attacker: ['nan', 'nan', 'nan', 'nan', 'nan']
2026-05-14 09:16:47 | INFO    | dpfl.core.base_simulator | Round  73/150 | Acc: 0.8863 | Loss: 0.3800 | eps: 0.00 | P: 1.00 R: 1.00 F1: 1.00
2026-05-14 09:16:47 | DEBUG   | dpfl.core.base_simulator | Update norms — honest: ['0.02', '0.02', '0.02', '0.02', '0.02'], attacker: ['nan', 'nan', 'nan', 'nan', 'nan']
2026-05-14 09:16:52 | INFO    | dpfl.core.base_simulator | Round  74/150 | Acc: 0.8864 | Loss: 0.3797 | eps: 0.00 | P: 1.00 R: 1.00 F1: 1.00
2026-05-14 09:16:52 | DEBUG   | dpfl.core.base_simulator | Update norms — honest: ['0.02', '0.02', '0.02', '0.02', '0.02'], attacker: ['nan', 'nan', 'nan', 'nan', 'nan']
2026-05-14 09:17:00 | INFO    | dpfl.core.base_simulator | Round  75/150 | Acc: 0.8863 | Loss: 0.3794 | eps: 0.00 | P: 1.00 R: 1.00 F1: 1.00
2026-05-14 09:17:00 | DEBUG   | dpfl.core.base_simulator | Update norms — honest: ['0.02', '0.02', '0.02', '0.02', '0.02'], attacker: ['nan', 'nan', 'nan', 'nan', 'nan']
2026-05-14 09:17:02 | INFO    | dpfl.core.base_simulator | Round  76/150 | Acc: 0.8864 | Loss: 0.3792 | eps: 0.00 | P: 1.00 R: 1.00 F1: 1.00
2026-05-14 09:17:02 | DEBUG   | dpfl.core.base_simulator | Update norms — honest: ['0.02', '0.02', '0.02', '0.02', '0.02'], attacker: ['nan', 'nan', 'nan', 'nan', 'nan']
2026-05-14 09:17:04 | INFO    | dpfl.core.base_simulator | Round  77/150 | Acc: 0.8865 | Loss: 0.3790 | eps: 0.00 | P: 1.00 R: 1.00 F1: 1.00
2026-05-14 09:17:04 | DEBUG   | dpfl.core.base_simulator | Update norms — honest: ['0.02', '0.02', '0.02', '0.02', '0.02'], attacker: ['nan', 'nan', 'nan', 'nan', 'nan']
2026-05-14 09:17:14 | INFO    | dpfl.core.base_simulator | Round  78/150 | Acc: 0.8865 | Loss: 0.3788 | eps: 0.00 | P: 1.00 R: 1.00 F1: 1.00
2026-05-14 09:17:14 | DEBUG   | dpfl.core.base_simulator | Update norms — honest: ['0.02', '0.02', '0.02', '0.02', '0.02'], attacker: ['nan', 'nan', 'nan', 'nan', 'nan']
2026-05-14 09:17:17 | INFO    | dpfl.core.base_simulator | Round  79/150 | Acc: 0.8865 | Loss: 0.3786 | eps: 0.00 | P: 1.00 R: 1.00 F1: 1.00
2026-05-14 09:17:17 | DEBUG   | dpfl.core.base_simulator | Update norms — honest: ['0.02', '0.02', '0.02', '0.02', '0.02'], attacker: ['nan', 'nan', 'nan', 'nan', 'nan']
2026-05-14 09:17:18 | INFO    | dpfl.core.base_simulator | Round  80/150 | Acc: 0.8866 | Loss: 0.3785 | eps: 0.00 | P: 1.00 R: 1.00 F1: 1.00
2026-05-14 09:17:18 | DEBUG   | dpfl.core.base_simulator | Update norms — honest: ['0.02', '0.02', '0.02', '0.02', '0.02'], attacker: ['nan', 'nan', 'nan', 'nan', 'nan']
2026-05-14 09:17:20 | INFO    | dpfl.core.base_simulator | Round  81/150 | Acc: 0.8867 | Loss: 0.3783 | eps: 0.00 | P: 1.00 R: 1.00 F1: 1.00
2026-05-14 09:17:20 | DEBUG   | dpfl.core.base_simulator | Update norms — honest: ['0.02', '0.02', '0.02', '0.02', '0.02'], attacker: ['nan', 'nan', 'nan', 'nan', 'nan']
2026-05-14 09:17:31 | INFO    | dpfl.core.base_simulator | Round  82/150 | Acc: 0.8867 | Loss: 0.3782 | eps: 0.00 | P: 1.00 R: 1.00 F1: 1.00
2026-05-14 09:17:31 | DEBUG   | dpfl.core.base_simulator | Update norms — honest: ['0.02', '0.02', '0.02', '0.02', '0.02'], attacker: ['nan', 'nan', 'nan', 'nan', 'nan']
2026-05-14 09:17:33 | INFO    | dpfl.core.base_simulator | Round  83/150 | Acc: 0.8867 | Loss: 0.3782 | eps: 0.00 | P: 1.00 R: 1.00 F1: 1.00
2026-05-14 09:17:33 | DEBUG   | dpfl.core.base_simulator | Update norms — honest: ['0.02', '0.02', '0.02', '0.02', '0.02'], attacker: ['nan', 'nan', 'nan', 'nan', 'nan']
2026-05-14 09:17:35 | INFO    | dpfl.core.base_simulator | Round  84/150 | Acc: 0.8868 | Loss: 0.3781 | eps: 0.00 | P: 1.00 R: 1.00 F1: 1.00
2026-05-14 09:17:35 | DEBUG   | dpfl.core.base_simulator | Update norms — honest: ['0.02', '0.02', '0.02', '0.02', '0.02'], attacker: ['nan', 'nan', 'nan', 'nan', 'nan']
2026-05-14 09:17:37 | INFO    | dpfl.core.base_simulator | Round  85/150 | Acc: 0.8869 | Loss: 0.3780 | eps: 0.00 | P: 1.00 R: 1.00 F1: 1.00
2026-05-14 09:17:37 | DEBUG   | dpfl.core.base_simulator | Update norms — honest: ['0.02', '0.02', '0.02', '0.02', '0.02'], attacker: ['nan', 'nan', 'nan', 'nan', 'nan']
2026-05-14 09:17:48 | INFO    | dpfl.core.base_simulator | Round  86/150 | Acc: 0.8868 | Loss: 0.3780 | eps: 0.00 | P: 1.00 R: 1.00 F1: 1.00
2026-05-14 09:17:48 | DEBUG   | dpfl.core.base_simulator | Update norms — honest: ['0.02', '0.02', '0.02', '0.02', '0.02'], attacker: ['nan', 'nan', 'nan', 'nan', 'nan']
2026-05-14 09:17:50 | INFO    | dpfl.core.base_simulator | Round  87/150 | Acc: 0.8869 | Loss: 0.3780 | eps: 0.00 | P: 1.00 R: 1.00 F1: 1.00
2026-05-14 09:17:50 | DEBUG   | dpfl.core.base_simulator | Update norms — honest: ['0.02', '0.02', '0.02', '0.02', '0.02'], attacker: ['nan', 'nan', 'nan', 'nan', 'nan']
2026-05-14 09:17:51 | INFO    | dpfl.core.base_simulator | Round  88/150 | Acc: 0.8869 | Loss: 0.3779 | eps: 0.00 | P: 1.00 R: 1.00 F1: 1.00
2026-05-14 09:17:51 | DEBUG   | dpfl.core.base_simulator | Update norms — honest: ['0.02', '0.02', '0.02', '0.02', '0.02'], attacker: ['nan', 'nan', 'nan', 'nan', 'nan']
2026-05-14 09:17:58 | INFO    | dpfl.core.base_simulator | Round  89/150 | Acc: 0.8869 | Loss: 0.3779 | eps: 0.00 | P: 1.00 R: 1.00 F1: 1.00
2026-05-14 09:17:58 | DEBUG   | dpfl.core.base_simulator | Update norms — honest: ['0.02', '0.02', '0.02', '0.02', '0.02'], attacker: ['nan', 'nan', 'nan', 'nan', 'nan']
2026-05-14 09:18:04 | INFO    | dpfl.core.base_simulator | Round  90/150 | Acc: 0.8870 | Loss: 0.3778 | eps: 0.00 | P: 1.00 R: 1.00 F1: 1.00
2026-05-14 09:18:04 | DEBUG   | dpfl.core.base_simulator | Update norms — honest: ['0.02', '0.02', '0.02', '0.02', '0.02'], attacker: ['nan', 'nan', 'nan', 'nan', 'nan']
2026-05-14 09:18:06 | INFO    | dpfl.core.base_simulator | Round  91/150 | Acc: 0.8870 | Loss: 0.3777 | eps: 0.00 | P: 1.00 R: 1.00 F1: 1.00
2026-05-14 09:18:06 | DEBUG   | dpfl.core.base_simulator | Update norms — honest: ['0.02', '0.02', '0.02', '0.02', '0.02'], attacker: ['nan', 'nan', 'nan', 'nan', 'nan']
2026-05-14 09:18:08 | INFO    | dpfl.core.base_simulator | Round  92/150 | Acc: 0.8869 | Loss: 0.3779 | eps: 0.00 | P: 1.00 R: 1.00 F1: 1.00
2026-05-14 09:18:08 | DEBUG   | dpfl.core.base_simulator | Update norms — honest: ['0.02', '0.02', '0.02', '0.02', '0.02'], attacker: ['nan', 'nan', 'nan', 'nan', 'nan']
2026-05-14 09:18:18 | INFO    | dpfl.core.base_simulator | Round  93/150 | Acc: 0.8870 | Loss: 0.3779 | eps: 0.00 | P: 1.00 R: 1.00 F1: 1.00
2026-05-14 09:18:18 | DEBUG   | dpfl.core.base_simulator | Update norms — honest: ['0.02', '0.02', '0.02', '0.02', '0.02'], attacker: ['nan', 'nan', 'nan', 'nan', 'nan']
2026-05-14 09:18:21 | INFO    | dpfl.core.base_simulator | Round  94/150 | Acc: 0.8870 | Loss: 0.3779 | eps: 0.00 | P: 1.00 R: 1.00 F1: 1.00
2026-05-14 09:18:21 | DEBUG   | dpfl.core.base_simulator | Update norms — honest: ['0.02', '0.02', '0.02', '0.02', '0.02'], attacker: ['nan', 'nan', 'nan', 'nan', 'nan']
2026-05-14 09:18:22 | INFO    | dpfl.core.base_simulator | Round  95/150 | Acc: 0.8870 | Loss: 0.3780 | eps: 0.00 | P: 1.00 R: 1.00 F1: 1.00
2026-05-14 09:18:22 | DEBUG   | dpfl.core.base_simulator | Update norms — honest: ['0.02', '0.02', '0.02', '0.02', '0.02'], attacker: ['nan', 'nan', 'nan', 'nan', 'nan']
2026-05-14 09:18:24 | INFO    | dpfl.core.base_simulator | Round  96/150 | Acc: 0.8871 | Loss: 0.3780 | eps: 0.00 | P: 1.00 R: 1.00 F1: 1.00
2026-05-14 09:18:24 | DEBUG   | dpfl.core.base_simulator | Update norms — honest: ['0.02', '0.02', '0.02', '0.02', '0.02'], attacker: ['nan', 'nan', 'nan', 'nan', 'nan']
2026-05-14 09:18:35 | INFO    | dpfl.core.base_simulator | Round  97/150 | Acc: 0.8870 | Loss: 0.3782 | eps: 0.00 | P: 1.00 R: 1.00 F1: 1.00
2026-05-14 09:18:35 | DEBUG   | dpfl.core.base_simulator | Update norms — honest: ['0.02', '0.02', '0.02', '0.02', '0.02'], attacker: ['nan', 'nan', 'nan', 'nan', 'nan']
2026-05-14 09:18:37 | INFO    | dpfl.core.base_simulator | Round  98/150 | Acc: 0.8870 | Loss: 0.3782 | eps: 0.00 | P: 1.00 R: 1.00 F1: 1.00
2026-05-14 09:18:37 | DEBUG   | dpfl.core.base_simulator | Update norms — honest: ['0.02', '0.02', '0.02', '0.02', '0.02'], attacker: ['nan', 'nan', 'nan', 'nan', 'nan']
2026-05-14 09:18:39 | INFO    | dpfl.core.base_simulator | Round  99/150 | Acc: 0.8871 | Loss: 0.3783 | eps: 0.00 | P: 1.00 R: 1.00 F1: 1.00
2026-05-14 09:18:39 | DEBUG   | dpfl.core.base_simulator | Update norms — honest: ['0.02', '0.02', '0.02', '0.02', '0.02'], attacker: ['nan', 'nan', 'nan', 'nan', 'nan']
2026-05-14 09:18:41 | INFO    | dpfl.core.base_simulator | Round 100/150 | Acc: 0.8871 | Loss: 0.3784 | eps: 0.00 | P: 1.00 R: 1.00 F1: 1.00
2026-05-14 09:18:41 | DEBUG   | dpfl.core.base_simulator | Update norms — honest: ['0.02', '0.02', '0.02', '0.02', '0.02'], attacker: ['nan', 'nan', 'nan', 'nan', 'nan']
2026-05-14 09:18:52 | INFO    | dpfl.core.base_simulator | Round 101/150 | Acc: 0.8871 | Loss: 0.3784 | eps: 0.00 | P: 1.00 R: 1.00 F1: 1.00
2026-05-14 09:18:52 | DEBUG   | dpfl.core.base_simulator | Update norms — honest: ['0.02', '0.02', '0.02', '0.01', '0.02'], attacker: ['nan', 'nan', 'nan', 'nan', 'nan']
2026-05-14 09:18:53 | INFO    | dpfl.core.base_simulator | Round 102/150 | Acc: 0.8872 | Loss: 0.3785 | eps: 0.00 | P: 1.00 R: 1.00 F1: 1.00
2026-05-14 09:18:53 | DEBUG   | dpfl.core.base_simulator | Update norms — honest: ['0.02', '0.02', '0.02', '0.02', '0.02'], attacker: ['nan', 'nan', 'nan', 'nan', 'nan']
2026-05-14 09:18:55 | INFO    | dpfl.core.base_simulator | Round 103/150 | Acc: 0.8871 | Loss: 0.3786 | eps: 0.00 | P: 1.00 R: 1.00 F1: 1.00
2026-05-14 09:18:55 | DEBUG   | dpfl.core.base_simulator | Update norms — honest: ['0.02', '0.02', '0.02', '0.02', '0.02'], attacker: ['nan', 'nan', 'nan', 'nan', 'nan']
2026-05-14 09:18:59 | INFO    | dpfl.core.base_simulator | Round 104/150 | Acc: 0.8871 | Loss: 0.3788 | eps: 0.00 | P: 1.00 R: 1.00 F1: 1.00
2026-05-14 09:18:59 | DEBUG   | dpfl.core.base_simulator | Update norms — honest: ['0.02', '0.02', '0.02', '0.02', '0.02'], attacker: ['nan', 'nan', 'nan', 'nan', 'nan']
2026-05-14 09:19:08 | INFO    | dpfl.core.base_simulator | Round 105/150 | Acc: 0.8871 | Loss: 0.3789 | eps: 0.00 | P: 1.00 R: 1.00 F1: 1.00
2026-05-14 09:19:08 | DEBUG   | dpfl.core.base_simulator | Update norms — honest: ['0.02', '0.02', '0.02', '0.02', '0.02'], attacker: ['nan', 'nan', 'nan', 'nan', 'nan']
2026-05-14 09:19:10 | INFO    | dpfl.core.base_simulator | Round 106/150 | Acc: 0.8871 | Loss: 0.3791 | eps: 0.00 | P: 1.00 R: 1.00 F1: 1.00
2026-05-14 09:19:10 | DEBUG   | dpfl.core.base_simulator | Update norms — honest: ['0.02', '0.02', '0.02', '0.01', '0.02'], attacker: ['nan', 'nan', 'nan', 'nan', 'nan']
2026-05-14 09:19:11 | INFO    | dpfl.core.base_simulator | Round 107/150 | Acc: 0.8872 | Loss: 0.3792 | eps: 0.00 | P: 1.00 R: 1.00 F1: 1.00
2026-05-14 09:19:11 | DEBUG   | dpfl.core.base_simulator | Update norms — honest: ['0.01', '0.02', '0.02', '0.01', '0.01'], attacker: ['nan', 'nan', 'nan', 'nan', 'nan']
2026-05-14 09:19:20 | INFO    | dpfl.core.base_simulator | Round 108/150 | Acc: 0.8872 | Loss: 0.3793 | eps: 0.00 | P: 1.00 R: 1.00 F1: 1.00
2026-05-14 09:19:20 | DEBUG   | dpfl.core.base_simulator | Update norms — honest: ['0.01', '0.02', '0.02', '0.01', '0.02'], attacker: ['nan', 'nan', 'nan', 'nan', 'nan']
2026-05-14 09:19:24 | INFO    | dpfl.core.base_simulator | Round 109/150 | Acc: 0.8871 | Loss: 0.3796 | eps: 0.00 | P: 1.00 R: 1.00 F1: 1.00
2026-05-14 09:19:24 | DEBUG   | dpfl.core.base_simulator | Update norms — honest: ['0.02', '0.02', '0.02', '0.01', '0.01'], attacker: ['nan', 'nan', 'nan', 'nan', 'nan']
2026-05-14 09:19:26 | INFO    | dpfl.core.base_simulator | Round 110/150 | Acc: 0.8872 | Loss: 0.3796 | eps: 0.00 | P: 1.00 R: 1.00 F1: 1.00
2026-05-14 09:19:26 | DEBUG   | dpfl.core.base_simulator | Update norms — honest: ['0.01', '0.01', '0.02', '0.01', '0.01'], attacker: ['nan', 'nan', 'nan', 'nan', 'nan']
2026-05-14 09:19:28 | INFO    | dpfl.core.base_simulator | Round 111/150 | Acc: 0.8872 | Loss: 0.3798 | eps: 0.00 | P: 1.00 R: 1.00 F1: 1.00
2026-05-14 09:19:28 | DEBUG   | dpfl.core.base_simulator | Update norms — honest: ['0.02', '0.01', '0.02', '0.01', '0.02'], attacker: ['nan', 'nan', 'nan', 'nan', 'nan']
2026-05-14 09:19:36 | INFO    | dpfl.core.base_simulator | Round 112/150 | Acc: 0.8871 | Loss: 0.3800 | eps: 0.00 | P: 1.00 R: 1.00 F1: 1.00
2026-05-14 09:19:36 | DEBUG   | dpfl.core.base_simulator | Update norms — honest: ['0.01', '0.02', '0.02', '0.02', '0.02'], attacker: ['nan', 'nan', 'nan', 'nan', 'nan']
2026-05-14 09:19:41 | INFO    | dpfl.core.base_simulator | Round 113/150 | Acc: 0.8872 | Loss: 0.3802 | eps: 0.00 | P: 1.00 R: 1.00 F1: 1.00
2026-05-14 09:19:41 | DEBUG   | dpfl.core.base_simulator | Update norms — honest: ['0.01', '0.02', '0.02', '0.01', '0.01'], attacker: ['nan', 'nan', 'nan', 'nan', 'nan']
2026-05-14 09:19:42 | INFO    | dpfl.core.base_simulator | Round 114/150 | Acc: 0.8872 | Loss: 0.3803 | eps: 0.00 | P: 1.00 R: 1.00 F1: 1.00
2026-05-14 09:19:42 | DEBUG   | dpfl.core.base_simulator | Update norms — honest: ['0.02', '0.01', '0.02', '0.01', '0.02'], attacker: ['nan', 'nan', 'nan', 'nan', 'nan']
2026-05-14 09:19:44 | INFO    | dpfl.core.base_simulator | Round 115/150 | Acc: 0.8872 | Loss: 0.3806 | eps: 0.00 | P: 1.00 R: 1.00 F1: 1.00
2026-05-14 09:19:44 | DEBUG   | dpfl.core.base_simulator | Update norms — honest: ['0.01', '0.01', '0.02', '0.01', '0.01'], attacker: ['nan', 'nan', 'nan', 'nan', 'nan']
2026-05-14 09:19:56 | INFO    | dpfl.core.base_simulator | Round 116/150 | Acc: 0.8872 | Loss: 0.3807 | eps: 0.00 | P: 1.00 R: 1.00 F1: 1.00
2026-05-14 09:19:56 | DEBUG   | dpfl.core.base_simulator | Update norms — honest: ['0.01', '0.01', '0.01', '0.01', '0.01'], attacker: ['nan', 'nan', 'nan', 'nan', 'nan']
2026-05-14 09:19:58 | INFO    | dpfl.core.base_simulator | Round 117/150 | Acc: 0.8872 | Loss: 0.3809 | eps: 0.00 | P: 1.00 R: 1.00 F1: 1.00
2026-05-14 09:19:58 | DEBUG   | dpfl.core.base_simulator | Update norms — honest: ['0.01', '0.01', '0.01', '0.01', '0.01'], attacker: ['nan', 'nan', 'nan', 'nan', 'nan']
2026-05-14 09:19:59 | INFO    | dpfl.core.base_simulator | Round 118/150 | Acc: 0.8872 | Loss: 0.3811 | eps: 0.00 | P: 1.00 R: 1.00 F1: 1.00
2026-05-14 09:19:59 | DEBUG   | dpfl.core.base_simulator | Update norms — honest: ['0.01', '0.01', '0.01', '0.01', '0.02'], attacker: ['nan', 'nan', 'nan', 'nan', 'nan']
2026-05-14 09:20:01 | INFO    | dpfl.core.base_simulator | Round 119/150 | Acc: 0.8872 | Loss: 0.3813 | eps: 0.00 | P: 1.00 R: 1.00 F1: 1.00
2026-05-14 09:20:01 | DEBUG   | dpfl.core.base_simulator | Update norms — honest: ['0.01', '0.02', '0.01', '0.01', '0.01'], attacker: ['nan', 'nan', 'nan', 'nan', 'nan']
2026-05-14 09:20:12 | INFO    | dpfl.core.base_simulator | Round 120/150 | Acc: 0.8872 | Loss: 0.3815 | eps: 0.00 | P: 1.00 R: 1.00 F1: 1.00
2026-05-14 09:20:12 | DEBUG   | dpfl.core.base_simulator | Update norms — honest: ['0.01', '0.01', '0.01', '0.01', '0.02'], attacker: ['nan', 'nan', 'nan', 'nan', 'nan']
2026-05-14 09:20:14 | INFO    | dpfl.core.base_simulator | Round 121/150 | Acc: 0.8872 | Loss: 0.3816 | eps: 0.00 | P: 1.00 R: 1.00 F1: 1.00
2026-05-14 09:20:14 | DEBUG   | dpfl.core.base_simulator | Update norms — honest: ['0.01', '0.01', '0.01', '0.01', '0.01'], attacker: ['nan', 'nan', 'nan', 'nan', 'nan']
2026-05-14 09:20:16 | INFO    | dpfl.core.base_simulator | Round 122/150 | Acc: 0.8872 | Loss: 0.3819 | eps: 0.00 | P: 1.00 R: 1.00 F1: 1.00
2026-05-14 09:20:16 | DEBUG   | dpfl.core.base_simulator | Update norms — honest: ['0.01', '0.01', '0.01', '0.01', '0.01'], attacker: ['nan', 'nan', 'nan', 'nan', 'nan']
2026-05-14 09:20:17 | INFO    | dpfl.core.base_simulator | Round 123/150 | Acc: 0.8872 | Loss: 0.3821 | eps: 0.00 | P: 1.00 R: 1.00 F1: 1.00
2026-05-14 09:20:17 | DEBUG   | dpfl.core.base_simulator | Update norms — honest: ['0.01', '0.01', '0.01', '0.01', '0.02'], attacker: ['nan', 'nan', 'nan', 'nan', 'nan']
2026-05-14 09:20:29 | INFO    | dpfl.core.base_simulator | Round 124/150 | Acc: 0.8872 | Loss: 0.3823 | eps: 0.00 | P: 1.00 R: 1.00 F1: 1.00
2026-05-14 09:20:29 | DEBUG   | dpfl.core.base_simulator | Update norms — honest: ['0.01', '0.01', '0.01', '0.01', '0.01'], attacker: ['nan', 'nan', 'nan', 'nan', 'nan']
2026-05-14 09:20:30 | INFO    | dpfl.core.base_simulator | Round 125/150 | Acc: 0.8873 | Loss: 0.3825 | eps: 0.00 | P: 1.00 R: 1.00 F1: 1.00
2026-05-14 09:20:30 | DEBUG   | dpfl.core.base_simulator | Update norms — honest: ['0.01', '0.01', '0.01', '0.01', '0.01'], attacker: ['nan', 'nan', 'nan', 'nan', 'nan']
2026-05-14 09:20:32 | INFO    | dpfl.core.base_simulator | Round 126/150 | Acc: 0.8873 | Loss: 0.3827 | eps: 0.00 | P: 1.00 R: 1.00 F1: 1.00
2026-05-14 09:20:32 | DEBUG   | dpfl.core.base_simulator | Update norms — honest: ['0.01', '0.01', '0.01', '0.01', '0.01'], attacker: ['nan', 'nan', 'nan', 'nan', 'nan']
2026-05-14 09:20:34 | INFO    | dpfl.core.base_simulator | Round 127/150 | Acc: 0.8873 | Loss: 0.3830 | eps: 0.00 | P: 1.00 R: 1.00 F1: 1.00
2026-05-14 09:20:34 | DEBUG   | dpfl.core.base_simulator | Update norms — honest: ['0.01', '0.01', '0.01', '0.01', '0.01'], attacker: ['nan', 'nan', 'nan', 'nan', 'nan']
2026-05-14 09:20:45 | INFO    | dpfl.core.base_simulator | Round 128/150 | Acc: 0.8873 | Loss: 0.3832 | eps: 0.00 | P: 1.00 R: 1.00 F1: 1.00
2026-05-14 09:20:45 | DEBUG   | dpfl.core.base_simulator | Update norms — honest: ['0.01', '0.01', '0.01', '0.01', '0.01'], attacker: ['nan', 'nan', 'nan', 'nan', 'nan']
2026-05-14 09:20:47 | INFO    | dpfl.core.base_simulator | Round 129/150 | Acc: 0.8872 | Loss: 0.3835 | eps: 0.00 | P: 1.00 R: 1.00 F1: 1.00
2026-05-14 09:20:47 | DEBUG   | dpfl.core.base_simulator | Update norms — honest: ['0.01', '0.01', '0.01', '0.01', '0.01'], attacker: ['nan', 'nan', 'nan', 'nan', 'nan']
2026-05-14 09:20:48 | INFO    | dpfl.core.base_simulator | Round 130/150 | Acc: 0.8872 | Loss: 0.3837 | eps: 0.00 | P: 1.00 R: 1.00 F1: 1.00
2026-05-14 09:20:48 | DEBUG   | dpfl.core.base_simulator | Update norms — honest: ['0.01', '0.01', '0.01', '0.01', '0.01'], attacker: ['nan', 'nan', 'nan', 'nan', 'nan']
2026-05-14 09:20:50 | INFO    | dpfl.core.base_simulator | Round 131/150 | Acc: 0.8873 | Loss: 0.3839 | eps: 0.00 | P: 1.00 R: 1.00 F1: 1.00
2026-05-14 09:20:50 | DEBUG   | dpfl.core.base_simulator | Update norms — honest: ['0.01', '0.01', '0.01', '0.01', '0.01'], attacker: ['nan', 'nan', 'nan', 'nan', 'nan']
2026-05-14 09:21:00 | INFO    | dpfl.core.base_simulator | Round 132/150 | Acc: 0.8872 | Loss: 0.3841 | eps: 0.00 | P: 1.00 R: 1.00 F1: 1.00
2026-05-14 09:21:00 | DEBUG   | dpfl.core.base_simulator | Update norms — honest: ['0.01', '0.01', '0.01', '0.01', '0.01'], attacker: ['nan', 'nan', 'nan', 'nan', 'nan']
2026-05-14 09:21:03 | INFO    | dpfl.core.base_simulator | Round 133/150 | Acc: 0.8872 | Loss: 0.3844 | eps: 0.00 | P: 1.00 R: 1.00 F1: 1.00
2026-05-14 09:21:03 | DEBUG   | dpfl.core.base_simulator | Update norms — honest: ['0.01', '0.01', '0.01', '0.01', '0.01'], attacker: ['nan', 'nan', 'nan', 'nan', 'nan']
2026-05-14 09:21:05 | INFO    | dpfl.core.base_simulator | Round 134/150 | Acc: 0.8872 | Loss: 0.3846 | eps: 0.00 | P: 1.00 R: 1.00 F1: 1.00
2026-05-14 09:21:05 | DEBUG   | dpfl.core.base_simulator | Update norms — honest: ['0.01', '0.01', '0.01', '0.01', '0.01'], attacker: ['nan', 'nan', 'nan', 'nan', 'nan']
2026-05-14 09:21:07 | INFO    | dpfl.core.base_simulator | Round 135/150 | Acc: 0.8872 | Loss: 0.3848 | eps: 0.00 | P: 1.00 R: 1.00 F1: 1.00
2026-05-14 09:21:07 | DEBUG   | dpfl.core.base_simulator | Update norms — honest: ['0.01', '0.01', '0.01', '0.01', '0.01'], attacker: ['nan', 'nan', 'nan', 'nan', 'nan']
2026-05-14 09:21:18 | INFO    | dpfl.core.base_simulator | Round 136/150 | Acc: 0.8872 | Loss: 0.3851 | eps: 0.00 | P: 1.00 R: 1.00 F1: 1.00
2026-05-14 09:21:18 | DEBUG   | dpfl.core.base_simulator | Update norms — honest: ['0.01', '0.01', '0.01', '0.01', '0.01'], attacker: ['nan', 'nan', 'nan', 'nan', 'nan']
2026-05-14 09:21:20 | INFO    | dpfl.core.base_simulator | Round 137/150 | Acc: 0.8872 | Loss: 0.3854 | eps: 0.00 | P: 1.00 R: 1.00 F1: 1.00
2026-05-14 09:21:20 | DEBUG   | dpfl.core.base_simulator | Update norms — honest: ['0.01', '0.01', '0.01', '0.01', '0.01'], attacker: ['nan', 'nan', 'nan', 'nan', 'nan']
2026-05-14 09:21:21 | INFO    | dpfl.core.base_simulator | Round 138/150 | Acc: 0.8872 | Loss: 0.3856 | eps: 0.00 | P: 1.00 R: 1.00 F1: 1.00
2026-05-14 09:21:21 | DEBUG   | dpfl.core.base_simulator | Update norms — honest: ['0.01', '0.01', '0.01', '0.01', '0.01'], attacker: ['nan', 'nan', 'nan', 'nan', 'nan']
2026-05-14 09:21:23 | INFO    | dpfl.core.base_simulator | Round 139/150 | Acc: 0.8873 | Loss: 0.3858 | eps: 0.00 | P: 1.00 R: 1.00 F1: 1.00
2026-05-14 09:21:23 | DEBUG   | dpfl.core.base_simulator | Update norms — honest: ['0.01', '0.01', '0.01', '0.01', '0.01'], attacker: ['nan', 'nan', 'nan', 'nan', 'nan']
2026-05-14 09:21:34 | INFO    | dpfl.core.base_simulator | Round 140/150 | Acc: 0.8873 | Loss: 0.3860 | eps: 0.00 | P: 1.00 R: 1.00 F1: 1.00
2026-05-14 09:21:34 | DEBUG   | dpfl.core.base_simulator | Update norms — honest: ['0.01', '0.01', '0.01', '0.01', '0.01'], attacker: ['nan', 'nan', 'nan', 'nan', 'nan']
2026-05-14 09:21:36 | INFO    | dpfl.core.base_simulator | Round 141/150 | Acc: 0.8873 | Loss: 0.3863 | eps: 0.00 | P: 1.00 R: 1.00 F1: 1.00
2026-05-14 09:21:36 | DEBUG   | dpfl.core.base_simulator | Update norms — honest: ['0.01', '0.01', '0.01', '0.01', '0.01'], attacker: ['nan', 'nan', 'nan', 'nan', 'nan']
2026-05-14 09:21:38 | INFO    | dpfl.core.base_simulator | Round 142/150 | Acc: 0.8873 | Loss: 0.3866 | eps: 0.00 | P: 1.00 R: 1.00 F1: 1.00
2026-05-14 09:21:38 | DEBUG   | dpfl.core.base_simulator | Update norms — honest: ['0.01', '0.01', '0.01', '0.01', '0.01'], attacker: ['nan', 'nan', 'nan', 'nan', 'nan']
2026-05-14 09:21:39 | INFO    | dpfl.core.base_simulator | Round 143/150 | Acc: 0.8872 | Loss: 0.3869 | eps: 0.00 | P: 1.00 R: 1.00 F1: 1.00
2026-05-14 09:21:39 | DEBUG   | dpfl.core.base_simulator | Update norms — honest: ['0.01', '0.01', '0.01', '0.01', '0.01'], attacker: ['nan', 'nan', 'nan', 'nan', 'nan']
2026-05-14 09:21:51 | INFO    | dpfl.core.base_simulator | Round 144/150 | Acc: 0.8873 | Loss: 0.3871 | eps: 0.00 | P: 1.00 R: 1.00 F1: 1.00
2026-05-14 09:21:51 | DEBUG   | dpfl.core.base_simulator | Update norms — honest: ['0.01', '0.01', '0.01', '0.01', '0.01'], attacker: ['nan', 'nan', 'nan', 'nan', 'nan']
2026-05-14 09:21:52 | INFO    | dpfl.core.base_simulator | Round 145/150 | Acc: 0.8872 | Loss: 0.3873 | eps: 0.00 | P: 1.00 R: 1.00 F1: 1.00
2026-05-14 09:21:52 | DEBUG   | dpfl.core.base_simulator | Update norms — honest: ['0.01', '0.01', '0.01', '0.01', '0.01'], attacker: ['nan', 'nan', 'nan', 'nan', 'nan']
2026-05-14 09:21:54 | INFO    | dpfl.core.base_simulator | Round 146/150 | Acc: 0.8873 | Loss: 0.3876 | eps: 0.00 | P: 1.00 R: 1.00 F1: 1.00
2026-05-14 09:21:54 | DEBUG   | dpfl.core.base_simulator | Update norms — honest: ['0.01', '0.01', '0.01', '0.01', '0.01'], attacker: ['nan', 'nan', 'nan', 'nan', 'nan']
2026-05-14 09:21:56 | INFO    | dpfl.core.base_simulator | Round 147/150 | Acc: 0.8873 | Loss: 0.3878 | eps: 0.00 | P: 1.00 R: 1.00 F1: 1.00
2026-05-14 09:21:56 | DEBUG   | dpfl.core.base_simulator | Update norms — honest: ['0.01', '0.01', '0.01', '0.01', '0.01'], attacker: ['nan', 'nan', 'nan', 'nan', 'nan']
2026-05-14 09:22:07 | INFO    | dpfl.core.base_simulator | Round 148/150 | Acc: 0.8872 | Loss: 0.3882 | eps: 0.00 | P: 1.00 R: 1.00 F1: 1.00
2026-05-14 09:22:07 | DEBUG   | dpfl.core.base_simulator | Update norms — honest: ['0.01', '0.01', '0.01', '0.01', '0.01'], attacker: ['nan', 'nan', 'nan', 'nan', 'nan']
2026-05-14 09:22:09 | INFO    | dpfl.core.base_simulator | Round 149/150 | Acc: 0.8873 | Loss: 0.3884 | eps: 0.00 | P: 1.00 R: 1.00 F1: 1.00
2026-05-14 09:22:09 | DEBUG   | dpfl.core.base_simulator | Update norms — honest: ['0.01', '0.01', '0.01', '0.01', '0.01'], attacker: ['nan', 'nan', 'nan', 'nan', 'nan']
2026-05-14 09:22:11 | INFO    | dpfl.core.base_simulator | Round 150/150 | Acc: 0.8873 | Loss: 0.3886 | eps: 0.00 | P: 1.00 R: 1.00 F1: 1.00
2026-05-14 09:22:11 | DEBUG   | dpfl.core.base_simulator | Update norms — honest: ['0.01', '0.01', '0.01', '0.01', '0.01'], attacker: ['nan', 'nan', 'nan', 'nan', 'nan']
2026-05-14 09:22:13 | INFO    | dpfl | Experiment complete in 1167.4s
============================================================
REPORT: DP-SGD Decentralized Federated Learning
============================================================
Timestamp:                  20260514_090243
Rounds completed:           150
Attack-active rounds:       100  (from round 50)
Final accuracy:             0.8873
Final test loss:            0.3886
Final epsilon:              0.00
Best alpha:                 None
Avg precision:              1.0000
Avg recall:                 0.9790
Avg F1 score:               0.9994
Avg update norm (honest):   0.0331
Avg update norm (attacker): nan
============================================================
