2026-05-14 11:38:13 | INFO    | dpfl | Experiment start: algorithm=noise_game, dataset=mnist, model=mlp, device=cuda
2026-05-14 11:38:13 | INFO    | dpfl | Config: nodes=500, attackers=300, rounds=150, noise_mode=none, attack=scale
2026-05-14 11:38:13 | INFO    | dpfl.data.mnist_dataset | Loading MNIST dataset...
2026-05-14 11:38:13 | INFO    | dpfl.data.mnist_dataset | MNIST loaded: 60000 train, 10000 test samples
2026-05-14 11:40:43 | INFO    | dpfl.core.base_simulator | Vectorized state ready: param_spec.D=50890, X_test=(10000, 1, 28, 28), train clients N=500, max_n_samples=1000
2026-05-14 11:40:43 | INFO    | dpfl.core.base_simulator | Setup complete: 500 nodes (300 attackers), param_dim=50890, split=iid
2026-05-14 11:40:43 | DEBUG   | dpfl.core.base_simulator | Attacker IDs: {0, 1, 2, 3, 4, 5, 6, 7, 8, 9, 10, 11, 12, 13, 14, 15, 16, 17, 18, 19, 20, 21, 22, 23, 24, 25, 26, 27, 28, 29, 30, 31, 32, 33, 34, 35, 36, 37, 38, 39, 40, 41, 42, 43, 44, 45, 46, 47, 48, 49, 50, 51, 52, 53, 54, 55, 56, 57, 58, 59, 60, 61, 62, 63, 64, 65, 66, 67, 68, 69, 70, 71, 72, 73, 74, 75, 76, 77, 78, 79, 80, 81, 82, 83, 84, 85, 86, 87, 88, 89, 90, 91, 92, 93, 94, 95, 96, 97, 98, 99, 100, 101, 102, 103, 104, 105, 106, 107, 108, 109, 110, 111, 112, 113, 114, 115, 116, 117, 118, 119, 120, 121, 122, 123, 124, 125, 126, 127, 128, 129, 130, 131, 132, 133, 134, 135, 136, 137, 138, 139, 140, 141, 142, 143, 144, 145, 146, 147, 148, 149, 150, 151, 152, 153, 154, 155, 156, 157, 158, 159, 160, 161, 162, 163, 164, 165, 166, 167, 168, 169, 170, 171, 172, 173, 174, 175, 176, 177, 178, 179, 180, 181, 182, 183, 184, 185, 186, 187, 188, 189, 190, 191, 192, 193, 194, 195, 196, 197, 198, 199, 200, 201, 202, 203, 204, 205, 206, 207, 208, 209, 210, 211, 212, 213, 214, 215, 216, 217, 218, 219, 220, 221, 222, 223, 224, 225, 226, 227, 228, 229, 230, 231, 232, 233, 234, 235, 236, 237, 238, 239, 240, 241, 242, 243, 244, 245, 246, 247, 248, 249, 250, 251, 252, 253, 254, 255, 256, 257, 258, 259, 260, 261, 262, 263, 264, 265, 266, 267, 268, 269, 270, 271, 272, 273, 274, 275, 276, 277, 278, 279, 280, 281, 282, 283, 284, 285, 286, 287, 288, 289, 290, 291, 292, 293, 294, 295, 296, 297, 298, 299}
2026-05-14 11:40:56 | INFO    | dpfl.core.base_simulator | Round   1/150 | Acc: 0.3793 | Loss: 2.0958 | eps_max: 1.91 eps_avg: 1.15 | P: nan R: nan F1: nan
2026-05-14 11:40:56 | DEBUG   | dpfl.core.base_simulator | Update norms — honest: ['0.56', '0.56'], attacker: ['0.56', '0.57', '0.57', '0.56', '0.56']
2026-05-14 11:41:06 | INFO    | dpfl.core.base_simulator | Round   2/150 | Acc: 0.5552 | Loss: 1.8908 | eps_max: 1.98 eps_avg: 1.23 | P: nan R: nan F1: nan
2026-05-14 11:41:06 | DEBUG   | dpfl.core.base_simulator | Update norms — honest: ['0.56', '0.56', '0.56', '0.56', '0.56'], attacker: ['1.02', '1.03', '1.03', '1.02', '1.03']
2026-05-14 11:41:16 | INFO    | dpfl.core.base_simulator | Round   3/150 | Acc: 0.6524 | Loss: 1.6803 | eps_max: 2.10 eps_avg: 1.34 | P: nan R: nan F1: nan
2026-05-14 11:41:16 | DEBUG   | dpfl.core.base_simulator | Update norms — honest: ['0.55', '0.55', '0.55', '0.55', '0.55'], attacker: ['1.55', '1.56', '1.56', '1.57', '1.55']
2026-05-14 11:41:27 | INFO    | dpfl.core.base_simulator | Round   4/150 | Acc: 0.7109 | Loss: 1.4804 | eps_max: 2.26 eps_avg: 1.48 | P: nan R: nan F1: nan
2026-05-14 11:41:27 | DEBUG   | dpfl.core.base_simulator | Update norms — honest: ['0.55', '0.55', '0.55', '0.55', '0.55'], attacker: ['2.04', '2.05', '2.05', '2.05', '2.03']
2026-05-14 11:41:38 | INFO    | dpfl.core.base_simulator | Round   5/150 | Acc: 0.7516 | Loss: 1.3001 | eps_max: 2.43 eps_avg: 1.63 | P: nan R: nan F1: nan
2026-05-14 11:41:38 | DEBUG   | dpfl.core.base_simulator | Update norms — honest: ['0.54', '0.54', '0.54', '0.54', '0.54'], attacker: ['2.49', '2.50', '2.49', '2.50', '2.48']
2026-05-14 11:41:48 | INFO    | dpfl.core.base_simulator | Round   6/150 | Acc: 0.7797 | Loss: 1.1457 | eps_max: 2.48 eps_avg: 1.67 | P: nan R: nan F1: nan
2026-05-14 11:41:48 | DEBUG   | dpfl.core.base_simulator | Update norms — honest: ['0.53', '1.03', '1.04', '0.54', '1.02'], attacker: ['2.92', '2.93', '2.94', '2.93', '2.92']
2026-05-14 11:41:59 | INFO    | dpfl.core.base_simulator | Round   7/150 | Acc: 0.7998 | Loss: 1.0190 | eps_max: 2.53 eps_avg: 1.72 | P: nan R: nan F1: nan
2026-05-14 11:41:59 | DEBUG   | dpfl.core.base_simulator | Update norms — honest: ['1.02', '0.53', '0.97', '0.53', '0.53'], attacker: ['3.31', '3.35', '3.34', '3.33', '3.29']
2026-05-14 11:42:10 | INFO    | dpfl.core.base_simulator | Round   8/150 | Acc: 0.8141 | Loss: 0.9180 | eps_max: 2.60 eps_avg: 1.81 | P: nan R: nan F1: nan
2026-05-14 11:42:10 | DEBUG   | dpfl.core.base_simulator | Update norms — honest: ['0.53', '0.94', '0.87', '0.53', '0.53'], attacker: ['3.69', '3.71', '3.74', '3.71', '3.64']
2026-05-14 11:42:23 | INFO    | dpfl.core.base_simulator | Round   9/150 | Acc: 0.8244 | Loss: 0.8383 | eps_max: 2.67 eps_avg: 1.90 | P: nan R: nan F1: nan
2026-05-14 11:42:23 | DEBUG   | dpfl.core.base_simulator | Update norms — honest: ['0.52', '0.52', '0.98', '1.55', '0.52'], attacker: ['4.05', '4.01', '4.06', '4.05', '4.01']
2026-05-14 11:42:34 | INFO    | dpfl.core.base_simulator | Round  10/150 | Acc: 0.8322 | Loss: 0.7746 | eps_max: 2.74 eps_avg: 1.96 | P: nan R: nan F1: nan
2026-05-14 11:42:34 | DEBUG   | dpfl.core.base_simulator | Update norms — honest: ['0.93', '0.52', '0.83', '0.52', '0.84'], attacker: ['4.37', '4.32', '4.32', '4.35', '4.39']
2026-05-14 11:42:45 | INFO    | dpfl.core.base_simulator | Round  11/150 | Acc: 0.8384 | Loss: 0.7238 | eps_max: 2.83 eps_avg: 2.05 | P: nan R: nan F1: nan
2026-05-14 11:42:45 | DEBUG   | dpfl.core.base_simulator | Update norms — honest: ['0.51', '0.51', '0.96', '0.51', '0.51'], attacker: ['4.67', '4.54', '4.69', '4.70', '4.72']
2026-05-14 11:42:56 | INFO    | dpfl.core.base_simulator | Round  12/150 | Acc: 0.8437 | Loss: 0.6821 | eps_max: 2.92 eps_avg: 2.12 | P: nan R: nan F1: nan
2026-05-14 11:42:56 | DEBUG   | dpfl.core.base_simulator | Update norms — honest: ['0.51', '0.94', '0.97', '0.51', '1.40'], attacker: ['4.90', '4.91', '4.93', '4.92', '5.01']
2026-05-14 11:43:07 | INFO    | dpfl.core.base_simulator | Round  13/150 | Acc: 0.8480 | Loss: 0.6479 | eps_max: 3.03 eps_avg: 2.19 | P: nan R: nan F1: nan
2026-05-14 11:43:07 | DEBUG   | dpfl.core.base_simulator | Update norms — honest: ['1.42', '0.50', '1.89', '1.51', '0.96'], attacker: ['5.26', '5.21', '5.23', '5.24', '5.33']
2026-05-14 11:43:19 | INFO    | dpfl.core.base_simulator | Round  14/150 | Acc: 0.8514 | Loss: 0.6192 | eps_max: 3.14 eps_avg: 2.27 | P: nan R: nan F1: nan
2026-05-14 11:43:19 | DEBUG   | dpfl.core.base_simulator | Update norms — honest: ['0.90', '0.95', '0.49', '0.50', '0.94'], attacker: ['5.53', '5.46', '5.58', '5.55', '5.52']
2026-05-14 11:43:31 | INFO    | dpfl.core.base_simulator | Round  15/150 | Acc: 0.8548 | Loss: 0.5948 | eps_max: 3.28 eps_avg: 2.35 | P: nan R: nan F1: nan
2026-05-14 11:43:31 | DEBUG   | dpfl.core.base_simulator | Update norms — honest: ['0.84', '0.49', '1.98', '0.49', '0.49'], attacker: ['5.74', '5.79', '5.68', '5.77', '5.57']
2026-05-14 11:43:42 | INFO    | dpfl.core.base_simulator | Round  16/150 | Acc: 0.8575 | Loss: 0.5740 | eps_max: 3.46 eps_avg: 2.44 | P: nan R: nan F1: nan
2026-05-14 11:43:42 | DEBUG   | dpfl.core.base_simulator | Update norms — honest: ['0.76', '0.90', '1.97', '1.41', '0.48'], attacker: ['5.92', '5.91', '5.96', '5.82', '5.87']
2026-05-14 11:43:53 | INFO    | dpfl.core.base_simulator | Round  17/150 | Acc: 0.8599 | Loss: 0.5559 | eps_max: 3.51 eps_avg: 2.52 | P: nan R: nan F1: nan
2026-05-14 11:43:53 | DEBUG   | dpfl.core.base_simulator | Update norms — honest: ['0.91', '1.48', '1.79', '0.48', '1.38'], attacker: ['6.08', '6.08', '6.21', '5.91', '6.05']
2026-05-14 11:44:04 | INFO    | dpfl.core.base_simulator | Round  18/150 | Acc: 0.8619 | Loss: 0.5403 | eps_max: 3.54 eps_avg: 2.61 | P: nan R: nan F1: nan
2026-05-14 11:44:04 | DEBUG   | dpfl.core.base_simulator | Update norms — honest: ['1.30', '1.90', '0.47', '0.91', '0.92'], attacker: ['6.31', '6.22', '6.49', '6.19', '6.16']
2026-05-14 11:44:17 | INFO    | dpfl.core.base_simulator | Round  19/150 | Acc: 0.8641 | Loss: 0.5265 | eps_max: 3.58 eps_avg: 2.69 | P: nan R: nan F1: nan
2026-05-14 11:44:17 | DEBUG   | dpfl.core.base_simulator | Update norms — honest: ['0.47', '1.91', '0.47', '0.90', '0.47'], attacker: ['6.43', '6.29', '6.34', '6.59', '6.25']
2026-05-14 11:44:28 | INFO    | dpfl.core.base_simulator | Round  20/150 | Acc: 0.8656 | Loss: 0.5144 | eps_max: 3.63 eps_avg: 2.74 | P: nan R: nan F1: nan
2026-05-14 11:44:28 | DEBUG   | dpfl.core.base_simulator | Update norms — honest: ['1.31', '1.79', '1.76', '1.13', '0.47'], attacker: ['6.64', '6.86', '6.38', '6.48', '6.62']
2026-05-14 11:44:41 | INFO    | dpfl.core.base_simulator | Round  21/150 | Acc: 0.8672 | Loss: 0.5034 | eps_max: 3.69 eps_avg: 2.79 | P: nan R: nan F1: nan
2026-05-14 11:44:41 | DEBUG   | dpfl.core.base_simulator | Update norms — honest: ['0.46', '0.46', '1.94', '0.74', '0.83'], attacker: ['6.84', '7.02', '6.84', '6.60', '6.87']
2026-05-14 11:44:53 | INFO    | dpfl.core.base_simulator | Round  22/150 | Acc: 0.8686 | Loss: 0.4937 | eps_max: 3.74 eps_avg: 2.83 | P: nan R: nan F1: nan
2026-05-14 11:44:53 | DEBUG   | dpfl.core.base_simulator | Update norms — honest: ['1.25', '0.87', '0.71', '1.20', '0.46'], attacker: ['6.94', '7.17', '7.21', '7.01', '6.92']
2026-05-14 11:45:04 | INFO    | dpfl.core.base_simulator | Round  23/150 | Acc: 0.8699 | Loss: 0.4849 | eps_max: 3.80 eps_avg: 2.87 | P: nan R: nan F1: nan
2026-05-14 11:45:04 | DEBUG   | dpfl.core.base_simulator | Update norms — honest: ['0.86', '1.70', '2.18', '0.81', '0.85'], attacker: ['6.94', '7.30', '7.21', '7.21', '6.88']
2026-05-14 11:45:16 | INFO    | dpfl.core.base_simulator | Round  24/150 | Acc: 0.8709 | Loss: 0.4771 | eps_max: 3.86 eps_avg: 2.91 | P: nan R: nan F1: nan
2026-05-14 11:45:16 | DEBUG   | dpfl.core.base_simulator | Update norms — honest: ['2.22', '0.51', '1.30', '1.77', '0.45'], attacker: ['6.83', '7.42', '7.10', '7.41', '7.14']
2026-05-14 11:45:27 | INFO    | dpfl.core.base_simulator | Round  25/150 | Acc: 0.8719 | Loss: 0.4699 | eps_max: 3.92 eps_avg: 2.95 | P: nan R: nan F1: nan
2026-05-14 11:45:27 | DEBUG   | dpfl.core.base_simulator | Update norms — honest: ['2.33', '1.21', '0.44', '0.81', '0.86'], attacker: ['7.29', '7.61', '7.10', '7.36', '7.13']
2026-05-14 11:45:39 | INFO    | dpfl.core.base_simulator | Round  26/150 | Acc: 0.8729 | Loss: 0.4635 | eps_max: 3.97 eps_avg: 3.01 | P: nan R: nan F1: nan
2026-05-14 11:45:39 | DEBUG   | dpfl.core.base_simulator | Update norms — honest: ['0.44', '0.74', '0.82', '1.26', '0.44'], attacker: ['7.57', '7.66', '7.19', '6.76', '6.27']
2026-05-14 11:45:51 | INFO    | dpfl.core.base_simulator | Round  27/150 | Acc: 0.8738 | Loss: 0.4573 | eps_max: 4.03 eps_avg: 3.05 | P: nan R: nan F1: nan
2026-05-14 11:45:51 | DEBUG   | dpfl.core.base_simulator | Update norms — honest: ['1.24', '0.59', '2.00', '1.03', '0.44'], attacker: ['7.36', '7.61', '7.34', '7.22', '6.71']
2026-05-14 11:46:02 | INFO    | dpfl.core.base_simulator | Round  28/150 | Acc: 0.8746 | Loss: 0.4520 | eps_max: 4.10 eps_avg: 3.10 | P: nan R: nan F1: nan
2026-05-14 11:46:02 | DEBUG   | dpfl.core.base_simulator | Update norms — honest: ['0.66', '0.43', '0.43', '1.15', '1.74'], attacker: ['6.98', '7.83', '7.21', '7.92', '7.31']
2026-05-14 11:46:14 | INFO    | dpfl.core.base_simulator | Round  29/150 | Acc: 0.8753 | Loss: 0.4470 | eps_max: 4.18 eps_avg: 3.15 | P: nan R: nan F1: nan
2026-05-14 11:46:14 | DEBUG   | dpfl.core.base_simulator | Update norms — honest: ['2.25', '0.42', '1.15', '1.89', '1.17'], attacker: ['7.75', '7.88', '6.62', '8.23', '7.05']
2026-05-14 11:46:25 | INFO    | dpfl.core.base_simulator | Round  30/150 | Acc: 0.8760 | Loss: 0.4422 | eps_max: 4.26 eps_avg: 3.20 | P: nan R: nan F1: nan
2026-05-14 11:46:25 | DEBUG   | dpfl.core.base_simulator | Update norms — honest: ['0.56', '1.32', '0.76', '1.52', '0.42'], attacker: ['7.95', '7.71', '7.27', '7.91', '6.44']
2026-05-14 11:46:38 | INFO    | dpfl.core.base_simulator | Round  31/150 | Acc: 0.8767 | Loss: 0.4380 | eps_max: 4.35 eps_avg: 3.26 | P: nan R: nan F1: nan
2026-05-14 11:46:38 | DEBUG   | dpfl.core.base_simulator | Update norms — honest: ['2.10', '0.67', '2.19', '0.42', '0.47'], attacker: ['7.82', '7.96', '6.81', '7.80', '6.86']
2026-05-14 11:46:50 | INFO    | dpfl.core.base_simulator | Round  32/150 | Acc: 0.8773 | Loss: 0.4339 | eps_max: 4.44 eps_avg: 3.32 | P: nan R: nan F1: nan
2026-05-14 11:46:50 | DEBUG   | dpfl.core.base_simulator | Update norms — honest: ['0.76', '0.97', '1.24', '0.42', '1.48'], attacker: ['7.78', '7.24', '6.74', '7.96', '6.91']
2026-05-14 11:47:03 | INFO    | dpfl.core.base_simulator | Round  33/150 | Acc: 0.8778 | Loss: 0.4303 | eps_max: 4.53 eps_avg: 3.38 | P: nan R: nan F1: nan
2026-05-14 11:47:03 | DEBUG   | dpfl.core.base_simulator | Update norms — honest: ['0.90', '0.41', '1.92', '0.77', '1.62'], attacker: ['7.91', '6.56', '7.56', '6.95', '7.30']
2026-05-14 11:47:15 | INFO    | dpfl.core.base_simulator | Round  34/150 | Acc: 0.8783 | Loss: 0.4269 | eps_max: 4.66 eps_avg: 3.43 | P: nan R: nan F1: nan
2026-05-14 11:47:15 | DEBUG   | dpfl.core.base_simulator | Update norms — honest: ['1.11', '1.88', '0.40', '0.65', '0.41'], attacker: ['7.79', '6.80', '7.61', '5.82', '7.70']
2026-05-14 11:47:27 | INFO    | dpfl.core.base_simulator | Round  35/150 | Acc: 0.8788 | Loss: 0.4238 | eps_max: 4.80 eps_avg: 3.49 | P: nan R: nan F1: nan
2026-05-14 11:47:27 | DEBUG   | dpfl.core.base_simulator | Update norms — honest: ['0.81', '1.20', '0.40', '0.74', '1.50'], attacker: ['7.47', '7.54', '6.58', '7.31', '7.57']
2026-05-14 11:47:39 | INFO    | dpfl.core.base_simulator | Round  36/150 | Acc: 0.8793 | Loss: 0.4209 | eps_max: 4.93 eps_avg: 3.55 | P: nan R: nan F1: nan
2026-05-14 11:47:39 | DEBUG   | dpfl.core.base_simulator | Update norms — honest: ['0.71', '0.70', '1.72', '1.21', '0.40'], attacker: ['7.72', '7.60', '7.04', '7.37', '6.76']
2026-05-14 11:47:51 | INFO    | dpfl.core.base_simulator | Round  37/150 | Acc: 0.8797 | Loss: 0.4181 | eps_max: 5.05 eps_avg: 3.60 | P: nan R: nan F1: nan
2026-05-14 11:47:51 | DEBUG   | dpfl.core.base_simulator | Update norms — honest: ['0.39', '0.44', '1.15', '0.72', '1.15'], attacker: ['7.47', '7.66', '7.31', '6.87', '6.65']
2026-05-14 11:48:03 | INFO    | dpfl.core.base_simulator | Round  38/150 | Acc: 0.8801 | Loss: 0.4157 | eps_max: 5.17 eps_avg: 3.66 | P: nan R: nan F1: nan
2026-05-14 11:48:03 | DEBUG   | dpfl.core.base_simulator | Update norms — honest: ['2.38', '0.55', '1.87', '1.36', '0.76'], attacker: ['7.34', '7.95', '7.32', '6.84', '7.12']
2026-05-14 11:48:17 | INFO    | dpfl.core.base_simulator | Round  39/150 | Acc: 0.8804 | Loss: 0.4134 | eps_max: 5.25 eps_avg: 3.72 | P: nan R: nan F1: nan
2026-05-14 11:48:17 | DEBUG   | dpfl.core.base_simulator | Update norms — honest: ['0.34', '2.01', '2.54', '0.56', '0.68'], attacker: ['6.72', '7.61', '6.71', '7.31', '7.58']
2026-05-14 11:48:29 | INFO    | dpfl.core.base_simulator | Round  40/150 | Acc: 0.8807 | Loss: 0.4111 | eps_max: 5.34 eps_avg: 3.78 | P: nan R: nan F1: nan
2026-05-14 11:48:29 | DEBUG   | dpfl.core.base_simulator | Update norms — honest: ['1.18', '1.15', '0.38', '1.45', '1.22'], attacker: ['7.33', '8.09', '6.76', '7.14', '7.36']
2026-05-14 11:48:41 | INFO    | dpfl.core.base_simulator | Round  41/150 | Acc: 0.8811 | Loss: 0.4090 | eps_max: 5.51 eps_avg: 3.83 | P: nan R: nan F1: nan
2026-05-14 11:48:41 | DEBUG   | dpfl.core.base_simulator | Update norms — honest: ['2.50', '1.14', '1.30', '0.99', '2.31'], attacker: ['8.32', '8.30', '6.55', '6.86', '6.50']
2026-05-14 11:48:53 | INFO    | dpfl.core.base_simulator | Round  42/150 | Acc: 0.8814 | Loss: 0.4072 | eps_max: 5.60 eps_avg: 3.88 | P: nan R: nan F1: nan
2026-05-14 11:48:53 | DEBUG   | dpfl.core.base_simulator | Update norms — honest: ['1.23', '1.81', '1.08', '1.15', '0.69'], attacker: ['7.22', '7.96', '7.37', '8.19', '6.05']
2026-05-14 11:49:05 | INFO    | dpfl.core.base_simulator | Round  43/150 | Acc: 0.8816 | Loss: 0.4053 | eps_max: 5.63 eps_avg: 3.93 | P: nan R: nan F1: nan
2026-05-14 11:49:05 | DEBUG   | dpfl.core.base_simulator | Update norms — honest: ['1.24', '0.98', '0.69', '1.92', '1.07'], attacker: ['6.04', '7.51', '6.40', '7.85', '5.90']
2026-05-14 11:49:17 | INFO    | dpfl.core.base_simulator | Round  44/150 | Acc: 0.8819 | Loss: 0.4036 | eps_max: 5.67 eps_avg: 4.01 | P: nan R: nan F1: nan
2026-05-14 11:49:17 | DEBUG   | dpfl.core.base_simulator | Update norms — honest: ['1.25', '2.48', '1.65', '0.92', '1.56'], attacker: ['6.99', '6.95', '6.84', '6.78', '5.90']
2026-05-14 11:49:30 | INFO    | dpfl.core.base_simulator | Round  45/150 | Acc: 0.8822 | Loss: 0.4021 | eps_max: 5.71 eps_avg: 4.07 | P: nan R: nan F1: nan
2026-05-14 11:49:30 | DEBUG   | dpfl.core.base_simulator | Update norms — honest: ['2.26', '0.36', '1.37', '2.90', '0.64'], attacker: ['8.13', '7.30', '7.15', '7.04', '5.20']
2026-05-14 11:49:43 | INFO    | dpfl.core.base_simulator | Round  46/150 | Acc: 0.8823 | Loss: 0.4007 | eps_max: 5.74 eps_avg: 4.13 | P: nan R: nan F1: nan
2026-05-14 11:49:43 | DEBUG   | dpfl.core.base_simulator | Update norms — honest: ['1.16', '1.53', '1.79', '2.21', '1.66'], attacker: ['7.68', '7.63', '6.83', '6.70', '5.38']
2026-05-14 11:49:56 | INFO    | dpfl.core.base_simulator | Round  47/150 | Acc: 0.8827 | Loss: 0.3993 | eps_max: 5.78 eps_avg: 4.17 | P: nan R: nan F1: nan
2026-05-14 11:49:56 | DEBUG   | dpfl.core.base_simulator | Update norms — honest: ['1.51', '1.23', '1.43', '1.54', '1.06'], attacker: ['6.06', '7.65', '6.56', '6.23', '6.07']
2026-05-14 11:50:08 | INFO    | dpfl.core.base_simulator | Round  48/150 | Acc: 0.8827 | Loss: 0.3983 | eps_max: 5.81 eps_avg: 4.23 | P: nan R: nan F1: nan
2026-05-14 11:50:08 | DEBUG   | dpfl.core.base_simulator | Update norms — honest: ['0.55', '2.50', '2.47', '0.35', '1.37'], attacker: ['6.56', '7.85', '5.04', '6.81', '5.79']
2026-05-14 11:50:20 | INFO    | dpfl.core.base_simulator | Round  49/150 | Acc: 0.8829 | Loss: 0.3969 | eps_max: 5.85 eps_avg: 4.27 | P: nan R: nan F1: nan
2026-05-14 11:50:20 | DEBUG   | dpfl.core.base_simulator | Update norms — honest: ['1.70', '2.20', '0.68', '1.52', '0.63'], attacker: ['6.80', '7.54', '5.10', '5.21', '5.76']
2026-05-14 11:50:33 | INFO    | dpfl.core.base_simulator | Round  50/150 | Acc: 0.8832 | Loss: 0.3956 | eps_max: 5.88 eps_avg: 4.31 | P: nan R: nan F1: nan
2026-05-14 11:50:33 | DEBUG   | dpfl.core.base_simulator | Update norms — honest: ['3.06', '0.59', '0.85', '1.36', '2.17'], attacker: ['5.89', '6.88', '4.20', '6.66', '6.43']
2026-05-14 11:50:35 | INFO    | dpfl.core.base_simulator | Round  51/150 | Acc: 0.8832 | Loss: 0.3950 | eps_max: 5.13 eps_avg: 2.81 | P: nan R: 0.00 F1: nan
2026-05-14 11:50:35 | DEBUG   | dpfl.core.base_simulator | Update norms — honest: ['1.10', '0.64', '1.19', '1.51', '0.34'], attacker: ['1.46', '1.49', '1.32', '1.57', '1.28']
2026-05-14 11:50:37 | INFO    | dpfl.core.base_simulator | Round  52/150 | Acc: 0.8826 | Loss: 0.3960 | eps_max: 5.19 eps_avg: 2.86 | P: nan R: 0.00 F1: nan
2026-05-14 11:50:37 | DEBUG   | dpfl.core.base_simulator | Update norms — honest: ['0.89', '2.96', '1.27', '0.65', '1.44'], attacker: ['2.95', '2.62', '2.50', '3.30', '2.37']
2026-05-14 11:50:39 | INFO    | dpfl.core.base_simulator | Round  53/150 | Acc: 0.8737 | Loss: 0.4282 | eps_max: 5.19 eps_avg: 2.93 | P: 1.00 R: 0.09 F1: 0.19
2026-05-14 11:50:39 | DEBUG   | dpfl.core.base_simulator | Update norms — honest: ['0.34', '1.75', '2.01', '0.34', '2.19'], attacker: ['7.16', '5.59', '6.85', '9.54', '5.74']
2026-05-14 11:50:42 | INFO    | dpfl.core.base_simulator | Round  54/150 | Acc: 0.8831 | Loss: 0.3941 | eps_max: 5.19 eps_avg: 2.99 | P: 1.00 R: 1.00 F1: 1.00
2026-05-14 11:50:42 | DEBUG   | dpfl.core.base_simulator | Update norms — honest: ['1.52', '2.26', '0.55', '0.34', '0.63'], attacker: ['20.20', '14.44', '19.19', '27.36', '14.01']
2026-05-14 11:50:45 | INFO    | dpfl.core.base_simulator | Round  55/150 | Acc: 0.8835 | Loss: 0.3925 | eps_max: 5.19 eps_avg: 3.04 | P: 1.00 R: 1.00 F1: 1.00
2026-05-14 11:50:45 | DEBUG   | dpfl.core.base_simulator | Update norms — honest: ['1.74', '2.89', '0.50', '1.26', '1.23'], attacker: ['55.83', '42.72', '58.41', '70.74', '32.36']
2026-05-14 11:50:47 | INFO    | dpfl.core.base_simulator | Round  56/150 | Acc: 0.8838 | Loss: 0.3916 | eps_max: 5.33 eps_avg: 3.07 | P: 1.00 R: 1.00 F1: 1.00
2026-05-14 11:50:47 | DEBUG   | dpfl.core.base_simulator | Update norms — honest: ['1.78', '0.98', '0.57', '1.71', '0.69'], attacker: ['174.96', '152.29', '198.18', '208.07', '92.92']
2026-05-14 11:50:49 | INFO    | dpfl.core.base_simulator | Round  57/150 | Acc: 0.8840 | Loss: 0.3905 | eps_max: 5.37 eps_avg: 3.10 | P: 1.00 R: 1.00 F1: 1.00
2026-05-14 11:50:49 | DEBUG   | dpfl.core.base_simulator | Update norms — honest: ['0.56', '0.67', '1.32', '1.48', '0.56'], attacker: ['605.37', '564.56', '699.51', '634.53', '321.16']
2026-05-14 11:50:52 | INFO    | dpfl.core.base_simulator | Round  58/150 | Acc: 0.8841 | Loss: 0.3897 | eps_max: 5.51 eps_avg: 3.23 | P: 1.00 R: 1.00 F1: 1.00
2026-05-14 11:50:52 | DEBUG   | dpfl.core.base_simulator | Update norms — honest: ['1.82', '0.48', '0.84', '1.58', '0.86'], attacker: ['2202.67', '2089.74', '2413.23', '2120.27', '1269.88']
2026-05-14 11:50:55 | INFO    | dpfl.core.base_simulator | Round  59/150 | Acc: 0.8842 | Loss: 0.3890 | eps_max: 5.51 eps_avg: 3.36 | P: 1.00 R: 1.00 F1: 1.00
2026-05-14 11:50:55 | DEBUG   | dpfl.core.base_simulator | Update norms — honest: ['1.44', '1.06', '0.34', '1.16', '2.37'], attacker: ['8710.58', '7906.42', '9195.68', '7719.37', '5183.94']
2026-05-14 11:50:57 | INFO    | dpfl.core.base_simulator | Round  60/150 | Acc: 0.8843 | Loss: 0.3883 | eps_max: 5.51 eps_avg: 3.44 | P: 1.00 R: 1.00 F1: 1.00
2026-05-14 11:50:57 | DEBUG   | dpfl.core.base_simulator | Update norms — honest: ['1.65', '1.03', '1.51', '1.07', '0.52'], attacker: ['33286.61', '31449.65', '33563.40', '28882.21', '22589.95']
2026-05-14 11:51:00 | INFO    | dpfl.core.base_simulator | Round  61/150 | Acc: 0.8845 | Loss: 0.3876 | eps_max: 5.51 eps_avg: 3.47 | P: 1.00 R: 1.00 F1: 1.00
2026-05-14 11:51:00 | DEBUG   | dpfl.core.base_simulator | Update norms — honest: ['1.71', '0.99', '0.56', '1.38', '1.80'], attacker: ['133812.05', '122738.87', '136426.64', '123894.41', '104524.71']
2026-05-14 11:51:02 | INFO    | dpfl.core.base_simulator | Round  62/150 | Acc: 0.8846 | Loss: 0.3871 | eps_max: 5.51 eps_avg: 3.56 | P: 1.00 R: 1.00 F1: 1.00
2026-05-14 11:51:02 | DEBUG   | dpfl.core.base_simulator | Update norms — honest: ['0.99', '0.34', '2.25', '1.86', '1.71'], attacker: ['526692.69', '481021.72', '536836.75', '491074.44', '437607.97']
2026-05-14 11:51:04 | INFO    | dpfl.core.base_simulator | Round  63/150 | Acc: 0.8846 | Loss: 0.3867 | eps_max: 5.61 eps_avg: 3.64 | P: 1.00 R: 1.00 F1: 1.00
2026-05-14 11:51:04 | DEBUG   | dpfl.core.base_simulator | Update norms — honest: ['1.88', '0.34', '1.94', '2.17', '1.38'], attacker: ['2091348.25', '1972770.00', '2052076.88', '2002982.38', '1842820.50']
2026-05-14 11:51:07 | INFO    | dpfl.core.base_simulator | Round  64/150 | Acc: 0.8848 | Loss: 0.3861 | eps_max: 5.61 eps_avg: 3.71 | P: 1.00 R: 1.00 F1: 1.00
2026-05-14 11:51:07 | DEBUG   | dpfl.core.base_simulator | Update norms — honest: ['0.94', '1.33', '1.70', '0.52', '1.27'], attacker: ['7440060.00', '7299656.00', '7458457.00', '7219323.50', '6860200.50']
2026-05-14 11:51:09 | INFO    | dpfl.core.base_simulator | Round  65/150 | Acc: 0.8846 | Loss: 0.3859 | eps_max: 5.61 eps_avg: 3.78 | P: 1.00 R: 1.00 F1: 1.00
2026-05-14 11:51:09 | DEBUG   | dpfl.core.base_simulator | Update norms — honest: ['1.93', '1.56', '3.27', '1.73', '0.75'], attacker: ['30093230.00', '29359278.00', '30791828.00', '29813110.00', '29173714.00']
2026-05-14 11:51:12 | INFO    | dpfl.core.base_simulator | Round  66/150 | Acc: 0.8848 | Loss: 0.3853 | eps_max: 5.84 eps_avg: 3.83 | P: 1.00 R: 1.00 F1: 1.00
2026-05-14 11:51:12 | DEBUG   | dpfl.core.base_simulator | Update norms — honest: ['0.58', '0.84', '2.27', '1.13', '0.57'], attacker: ['111927112.00', '108546368.00', '111378168.00', '110369864.00', '110851128.00']
2026-05-14 11:51:15 | INFO    | dpfl.core.base_simulator | Round  67/150 | Acc: 0.8850 | Loss: 0.3849 | eps_max: 5.84 eps_avg: 3.86 | P: 1.00 R: 1.00 F1: 1.00
2026-05-14 11:51:15 | DEBUG   | dpfl.core.base_simulator | Update norms — honest: ['1.87', '1.18', '1.86', '1.81', '0.56'], attacker: ['457608192.00', '454708544.00', '457870176.00', '458046720.00', '456076192.00']
2026-05-14 11:51:17 | INFO    | dpfl.core.base_simulator | Round  68/150 | Acc: 0.8850 | Loss: 0.3847 | eps_max: 6.06 eps_avg: 3.99 | P: 1.00 R: 1.00 F1: 1.00
2026-05-14 11:51:17 | DEBUG   | dpfl.core.base_simulator | Update norms — honest: ['0.34', '3.11', '1.19', '1.71', '0.92'], attacker: ['1652092032.00', '1666257024.00', '1692734976.00', '1661264512.00', '1731747712.00']
2026-05-14 11:51:19 | INFO    | dpfl.core.base_simulator | Round  69/150 | Acc: 0.8850 | Loss: 0.3846 | eps_max: 6.06 eps_avg: 4.08 | P: 1.00 R: 1.00 F1: 1.00
2026-05-14 11:51:19 | DEBUG   | dpfl.core.base_simulator | Update norms — honest: ['0.34', '1.51', '0.77', '1.26', '1.67'], attacker: ['6747671040.00', '6746735616.00', '6807939072.00', '6872554496.00', '6874525696.00']
2026-05-14 11:51:21 | INFO    | dpfl.core.base_simulator | Round  70/150 | Acc: 0.8851 | Loss: 0.3841 | eps_max: 6.48 eps_avg: 4.10 | P: 1.00 R: 1.00 F1: 1.00
2026-05-14 11:51:21 | DEBUG   | dpfl.core.base_simulator | Update norms — honest: ['0.41', '1.02', '0.87', '2.09', '0.99'], attacker: ['25015928832.00', '24868089856.00', '25874036736.00', '24704290816.00', '26482616320.00']
2026-05-14 11:51:23 | INFO    | dpfl.core.base_simulator | Round  71/150 | Acc: 0.8852 | Loss: 0.3839 | eps_max: 6.48 eps_avg: 4.14 | P: 1.00 R: 1.00 F1: 1.00
2026-05-14 11:51:23 | DEBUG   | dpfl.core.base_simulator | Update norms — honest: ['1.42', '1.13', '2.32', '3.01', '1.68'], attacker: ['103522664448.00', '104499445760.00', '107498741760.00', '104035139584.00', '107385954304.00']
2026-05-14 11:51:26 | INFO    | dpfl.core.base_simulator | Round  72/150 | Acc: 0.8852 | Loss: 0.3836 | eps_max: 6.48 eps_avg: 4.15 | P: 1.00 R: 1.00 F1: 1.00
2026-05-14 11:51:26 | DEBUG   | dpfl.core.base_simulator | Update norms — honest: ['1.51', '1.24', '0.94'], attacker: ['382031233024.00', '376594661376.00', '399343812608.00', '385207762944.00', '399488286720.00']
2026-05-14 11:51:29 | INFO    | dpfl.core.base_simulator | Round  73/150 | Acc: 0.8852 | Loss: 0.3834 | eps_max: 6.48 eps_avg: 4.21 | P: 1.00 R: 1.00 F1: 1.00
2026-05-14 11:51:29 | DEBUG   | dpfl.core.base_simulator | Update norms — honest: ['1.92', '1.42', '0.79', '1.53', '1.61'], attacker: ['1582719434752.00', '1630982766592.00', '1624593137664.00', '1578496032768.00', '1630941609984.00']
2026-05-14 11:51:31 | INFO    | dpfl.core.base_simulator | Round  74/150 | Acc: 0.8852 | Loss: 0.3834 | eps_max: 6.48 eps_avg: 4.29 | P: 1.00 R: 1.00 F1: 1.00
2026-05-14 11:51:31 | DEBUG   | dpfl.core.base_simulator | Update norms — honest: ['2.12', '2.80', '0.59', '1.64', '0.97'], attacker: ['5860246945792.00', '6526959878144.00', '5893479989248.00', '5852715548672.00', '6112347160576.00']
2026-05-14 11:51:33 | INFO    | dpfl.core.base_simulator | Round  75/150 | Acc: 0.8854 | Loss: 0.3832 | eps_max: 6.48 eps_avg: 4.33 | P: 1.00 R: 1.00 F1: 1.00
2026-05-14 11:51:33 | DEBUG   | dpfl.core.base_simulator | Update norms — honest: ['0.51', '1.85', '2.02', '1.13', '0.92'], attacker: ['23837473243136.00', '24621766148096.00', '24471662493696.00', '23661073399808.00', '24924395667456.00']
2026-05-14 11:51:36 | INFO    | dpfl.core.base_simulator | Round  76/150 | Acc: 0.8853 | Loss: 0.3831 | eps_max: 6.48 eps_avg: 4.38 | P: 1.00 R: 1.00 F1: 1.00
2026-05-14 11:51:36 | DEBUG   | dpfl.core.base_simulator | Update norms — honest: ['1.98', '1.76', '2.24', '0.67', '1.52'], attacker: ['88723781844992.00', '91481738051584.00', '92696626593792.00', '91189118238720.00', '96883900940288.00']
2026-05-14 11:51:38 | INFO    | dpfl.core.base_simulator | Round  77/150 | Acc: 0.8853 | Loss: 0.3831 | eps_max: 6.48 eps_avg: 4.45 | P: 1.00 R: 1.00 F1: 1.00
2026-05-14 11:51:38 | DEBUG   | dpfl.core.base_simulator | Update norms — honest: ['0.34', '2.33', '2.30', '2.39', '0.54'], attacker: ['380053166751744.00', '373360701734912.00', '383276304826368.00', '363644881731584.00', '382578573967360.00']
2026-05-14 11:51:40 | INFO    | dpfl.core.base_simulator | Round  78/150 | Acc: 0.8852 | Loss: 0.3831 | eps_max: 6.48 eps_avg: 4.52 | P: 1.00 R: 1.00 F1: 1.00
2026-05-14 11:51:40 | DEBUG   | dpfl.core.base_simulator | Update norms — honest: ['2.42', '1.38', '1.55', '1.24', '2.87'], attacker: ['1355803332182016.00', '1397555783008256.00', '1434268358148096.00', '1353663767379968.00', '1472944538648576.00']
2026-05-14 11:51:43 | INFO    | dpfl.core.base_simulator | Round  79/150 | Acc: 0.8852 | Loss: 0.3831 | eps_max: 6.48 eps_avg: 4.55 | P: 1.00 R: 1.00 F1: 1.00
2026-05-14 11:51:43 | DEBUG   | dpfl.core.base_simulator | Update norms — honest: ['2.36', '3.35', '3.29', '2.36', '1.07'], attacker: ['5792846804156416.00', '5611193309855744.00', '5698462750343168.00', '5700837867257856.00', '5746200774967296.00']
2026-05-14 11:51:45 | INFO    | dpfl.core.base_simulator | Round  80/150 | Acc: 0.8853 | Loss: 0.3830 | eps_max: 6.48 eps_avg: 4.61 | P: 1.00 R: 1.00 F1: 1.00
2026-05-14 11:51:45 | DEBUG   | dpfl.core.base_simulator | Update norms — honest: ['0.34', '1.38', '1.00', '1.50', '2.84'], attacker: ['21353228775981056.00', '21592312425480192.00', '21496087978180608.00', '21609318348488704.00', '21964305985437696.00']
2026-05-14 11:51:47 | INFO    | dpfl.core.base_simulator | Round  81/150 | Acc: 0.8853 | Loss: 0.3831 | eps_max: 6.48 eps_avg: 4.66 | P: 1.00 R: 1.00 F1: 1.00
2026-05-14 11:51:47 | DEBUG   | dpfl.core.base_simulator | Update norms — honest: ['2.55', '1.70', '1.37', '2.21', '1.23'], attacker: ['90079817977823232.00', '87033741272154112.00', '87548441562972160.00', '88359941273812992.00', '89521644028035072.00']
2026-05-14 11:51:49 | INFO    | dpfl.core.base_simulator | Round  82/150 | Acc: 0.8853 | Loss: 0.3830 | eps_max: 6.48 eps_avg: 4.68 | P: 1.00 R: 1.00 F1: 1.00
2026-05-14 11:51:49 | DEBUG   | dpfl.core.base_simulator | Update norms — honest: ['2.40', '0.86', '1.53', '2.38', '1.72'], attacker: ['315808773476188160.00', '320894530150727680.00', '333213664586760192.00', '336524465896685568.00', '339831418915913728.00']
2026-05-14 11:51:51 | INFO    | dpfl.core.base_simulator | Round  83/150 | Acc: 0.8853 | Loss: 0.3829 | eps_max: 6.48 eps_avg: 4.69 | P: 1.00 R: 1.00 F1: 1.00
2026-05-14 11:51:51 | DEBUG   | dpfl.core.base_simulator | Update norms — honest: ['1.64', '1.54', '1.46'], attacker: ['1384638769797267456.00', '1379523704265900032.00', '1361760406724411392.00', '1339322947814293504.00', '1348412198124257280.00']
2026-05-14 11:51:54 | INFO    | dpfl.core.base_simulator | Round  84/150 | Acc: 0.8853 | Loss: 0.3830 | eps_max: 6.48 eps_avg: 4.75 | P: 1.00 R: 1.00 F1: 1.00
2026-05-14 11:51:54 | DEBUG   | dpfl.core.base_simulator | Update norms — honest: ['1.45', '3.15', '1.49', '1.37', '2.31'], attacker: ['4981712912860053504.00', '5085329239394222080.00', '5207049574635536384.00', '4852938660770742272.00', '5245960191630901248.00']
2026-05-14 11:51:56 | INFO    | dpfl.core.base_simulator | Round  85/150 | Acc: 0.8853 | Loss: 0.3830 | eps_max: 6.48 eps_avg: 4.78 | P: 1.00 R: 1.00 F1: 1.00
2026-05-14 11:51:56 | DEBUG   | dpfl.core.base_simulator | Update norms — honest: ['0.64', '1.32', '2.80', '0.70', '2.27'], attacker: ['nan', 'nan', 'nan', 'nan', 'nan']
2026-05-14 11:51:58 | INFO    | dpfl.core.base_simulator | Round  86/150 | Acc: 0.8853 | Loss: 0.3831 | eps_max: 6.90 eps_avg: 4.83 | P: 1.00 R: 1.00 F1: 1.00
2026-05-14 11:51:58 | DEBUG   | dpfl.core.base_simulator | Update norms — honest: ['2.75', '1.27', '1.19', '2.84', '2.80'], attacker: ['nan', 'nan', 'nan', 'nan', 'nan']
2026-05-14 11:52:00 | INFO    | dpfl.core.base_simulator | Round  87/150 | Acc: 0.8853 | Loss: 0.3831 | eps_max: 6.90 eps_avg: 4.85 | P: 1.00 R: 1.00 F1: 1.00
2026-05-14 11:52:00 | DEBUG   | dpfl.core.base_simulator | Update norms — honest: ['0.50', '1.11', '1.69', '2.50', '2.17'], attacker: ['nan', 'nan', 'nan', 'nan', 'nan']
2026-05-14 11:52:02 | INFO    | dpfl.core.base_simulator | Round  88/150 | Acc: 0.8854 | Loss: 0.3830 | eps_max: 6.90 eps_avg: 4.87 | P: 1.00 R: 1.00 F1: 1.00
2026-05-14 11:52:02 | DEBUG   | dpfl.core.base_simulator | Update norms — honest: ['0.72', '1.82', '1.78', '0.32', '0.93'], attacker: ['nan', 'nan', 'nan', 'nan', 'nan']
2026-05-14 11:52:04 | INFO    | dpfl.core.base_simulator | Round  89/150 | Acc: 0.8854 | Loss: 0.3831 | eps_max: 6.90 eps_avg: 4.88 | P: 1.00 R: 1.00 F1: 1.00
2026-05-14 11:52:04 | DEBUG   | dpfl.core.base_simulator | Update norms — honest: ['3.59', '1.26', '1.12', '1.58', '1.54'], attacker: ['nan', 'nan', 'nan', 'nan', 'nan']
2026-05-14 11:52:06 | INFO    | dpfl.core.base_simulator | Round  90/150 | Acc: 0.8855 | Loss: 0.3832 | eps_max: 6.90 eps_avg: 4.93 | P: 1.00 R: 1.00 F1: 1.00
2026-05-14 11:52:06 | DEBUG   | dpfl.core.base_simulator | Update norms — honest: ['0.92', '3.25', '1.56', '1.12', '1.69'], attacker: ['nan', 'nan', 'nan', 'nan', 'nan']
2026-05-14 11:52:08 | INFO    | dpfl.core.base_simulator | Round  91/150 | Acc: 0.8854 | Loss: 0.3834 | eps_max: 6.90 eps_avg: 5.00 | P: 1.00 R: 1.00 F1: 1.00
2026-05-14 11:52:08 | DEBUG   | dpfl.core.base_simulator | Update norms — honest: ['2.15', '2.56', '0.95', '2.35', '2.22'], attacker: ['nan', 'nan', 'nan', 'nan', 'nan']
2026-05-14 11:52:10 | INFO    | dpfl.core.base_simulator | Round  92/150 | Acc: 0.8854 | Loss: 0.3836 | eps_max: 6.90 eps_avg: 5.03 | P: 1.00 R: 1.00 F1: 1.00
2026-05-14 11:52:10 | DEBUG   | dpfl.core.base_simulator | Update norms — honest: ['1.81', '1.78', '1.21', '1.98', '1.47'], attacker: ['nan', 'nan', 'nan', 'nan', 'nan']
2026-05-14 11:52:13 | INFO    | dpfl.core.base_simulator | Round  93/150 | Acc: 0.8853 | Loss: 0.3838 | eps_max: 7.30 eps_avg: 5.08 | P: 1.00 R: 1.00 F1: 1.00
2026-05-14 11:52:13 | DEBUG   | dpfl.core.base_simulator | Update norms — honest: ['2.02', '2.59', '1.09', '2.41', '1.51'], attacker: ['nan', 'nan', 'nan', 'nan', 'nan']
2026-05-14 11:52:15 | INFO    | dpfl.core.base_simulator | Round  94/150 | Acc: 0.8853 | Loss: 0.3840 | eps_max: 7.30 eps_avg: 5.11 | P: 1.00 R: 1.00 F1: 1.00
2026-05-14 11:52:15 | DEBUG   | dpfl.core.base_simulator | Update norms — honest: ['2.35', '2.44', '2.65', '0.68', '1.43'], attacker: ['nan', 'nan', 'nan', 'nan', 'nan']
2026-05-14 11:52:17 | INFO    | dpfl.core.base_simulator | Round  95/150 | Acc: 0.8853 | Loss: 0.3842 | eps_max: 7.30 eps_avg: 5.16 | P: 1.00 R: 1.00 F1: 1.00
2026-05-14 11:52:17 | DEBUG   | dpfl.core.base_simulator | Update norms — honest: ['3.17', '1.30', '1.68', '0.34', '1.67'], attacker: ['nan', 'nan', 'nan', 'nan', 'nan']
2026-05-14 11:52:20 | INFO    | dpfl.core.base_simulator | Round  96/150 | Acc: 0.8854 | Loss: 0.3843 | eps_max: 7.30 eps_avg: 5.20 | P: 1.00 R: 1.00 F1: 1.00
2026-05-14 11:52:20 | DEBUG   | dpfl.core.base_simulator | Update norms — honest: ['2.18', '2.30', '1.72', '1.57', '1.20'], attacker: ['nan', 'nan', 'nan', 'nan', 'nan']
2026-05-14 11:52:22 | INFO    | dpfl.core.base_simulator | Round  97/150 | Acc: 0.8853 | Loss: 0.3845 | eps_max: 7.30 eps_avg: 5.24 | P: 1.00 R: 1.00 F1: 1.00
2026-05-14 11:52:22 | DEBUG   | dpfl.core.base_simulator | Update norms — honest: ['1.54', '1.20', '2.82', '1.35', '1.07'], attacker: ['nan', 'nan', 'nan', 'nan', 'nan']
2026-05-14 11:52:24 | INFO    | dpfl.core.base_simulator | Round  98/150 | Acc: 0.8853 | Loss: 0.3847 | eps_max: 7.30 eps_avg: 5.27 | P: 1.00 R: 1.00 F1: 1.00
2026-05-14 11:52:24 | DEBUG   | dpfl.core.base_simulator | Update norms — honest: ['1.26', '1.98', '1.79', '1.74', '3.21'], attacker: ['nan', 'nan', 'nan', 'nan', 'nan']
2026-05-14 11:52:26 | INFO    | dpfl.core.base_simulator | Round  99/150 | Acc: 0.8854 | Loss: 0.3848 | eps_max: 7.30 eps_avg: 5.29 | P: 1.00 R: 1.00 F1: 1.00
2026-05-14 11:52:26 | DEBUG   | dpfl.core.base_simulator | Update norms — honest: ['2.51', '0.86', '1.22', '1.32', '1.94'], attacker: ['nan', 'nan', 'nan', 'nan', 'nan']
2026-05-14 11:52:28 | INFO    | dpfl.core.base_simulator | Round 100/150 | Acc: 0.8853 | Loss: 0.3851 | eps_max: 7.30 eps_avg: 5.31 | P: 1.00 R: 1.00 F1: 1.00
2026-05-14 11:52:28 | DEBUG   | dpfl.core.base_simulator | Update norms — honest: ['1.54', '2.15', '2.60', '2.16', '2.44'], attacker: ['nan', 'nan', 'nan', 'nan', 'nan']
2026-05-14 11:52:30 | INFO    | dpfl.core.base_simulator | Round 101/150 | Acc: 0.8854 | Loss: 0.3853 | eps_max: 7.30 eps_avg: 5.34 | P: 1.00 R: 1.00 F1: 1.00
2026-05-14 11:52:30 | DEBUG   | dpfl.core.base_simulator | Update norms — honest: ['3.09', '1.79', '1.91', '1.45', '1.73'], attacker: ['nan', 'nan', 'nan', 'nan', 'nan']
2026-05-14 11:52:32 | INFO    | dpfl.core.base_simulator | Round 102/150 | Acc: 0.8854 | Loss: 0.3854 | eps_max: 7.42 eps_avg: 5.36 | P: 1.00 R: 1.00 F1: 1.00
2026-05-14 11:52:32 | DEBUG   | dpfl.core.base_simulator | Update norms — honest: ['1.81', '0.56', '1.48', '1.06', '1.99'], attacker: ['nan', 'nan', 'nan', 'nan', 'nan']
2026-05-14 11:52:35 | INFO    | dpfl.core.base_simulator | Round 103/150 | Acc: 0.8852 | Loss: 0.3857 | eps_max: 7.42 eps_avg: 5.39 | P: 1.00 R: 1.00 F1: 1.00
2026-05-14 11:52:35 | DEBUG   | dpfl.core.base_simulator | Update norms — honest: ['2.31', '2.09', '1.01', '0.39', '2.66'], attacker: ['nan', 'nan', 'nan', 'nan', 'nan']
2026-05-14 11:52:37 | INFO    | dpfl.core.base_simulator | Round 104/150 | Acc: 0.8851 | Loss: 0.3861 | eps_max: 7.42 eps_avg: 5.44 | P: 1.00 R: 1.00 F1: 1.00
2026-05-14 11:52:37 | DEBUG   | dpfl.core.base_simulator | Update norms — honest: ['1.48', '0.34', '2.01', '1.60', '1.40'], attacker: ['nan', 'nan', 'nan', 'nan', 'nan']
2026-05-14 11:52:39 | INFO    | dpfl.core.base_simulator | Round 105/150 | Acc: 0.8853 | Loss: 0.3862 | eps_max: 7.42 eps_avg: 5.48 | P: 1.00 R: 1.00 F1: 1.00
2026-05-14 11:52:39 | DEBUG   | dpfl.core.base_simulator | Update norms — honest: ['0.93', '0.82', '1.48', '2.29', '2.62'], attacker: ['nan', 'nan', 'nan', 'nan', 'nan']
2026-05-14 11:52:41 | INFO    | dpfl.core.base_simulator | Round 106/150 | Acc: 0.8852 | Loss: 0.3866 | eps_max: 7.42 eps_avg: 5.48 | P: 1.00 R: 1.00 F1: 1.00
2026-05-14 11:52:41 | DEBUG   | dpfl.core.base_simulator | Update norms — honest: ['0.68', '3.05', '1.35', '3.52'], attacker: ['nan', 'nan', 'nan', 'nan', 'nan']
2026-05-14 11:52:44 | INFO    | dpfl.core.base_simulator | Round 107/150 | Acc: 0.8851 | Loss: 0.3871 | eps_max: 7.51 eps_avg: 5.51 | P: 1.00 R: 1.00 F1: 1.00
2026-05-14 11:52:44 | DEBUG   | dpfl.core.base_simulator | Update norms — honest: ['2.45', '3.07', '2.84', '0.74', '1.22'], attacker: ['nan', 'nan', 'nan', 'nan', 'nan']
2026-05-14 11:52:46 | INFO    | dpfl.core.base_simulator | Round 108/150 | Acc: 0.8850 | Loss: 0.3875 | eps_max: 7.51 eps_avg: 5.53 | P: 1.00 R: 1.00 F1: 1.00
2026-05-14 11:52:46 | DEBUG   | dpfl.core.base_simulator | Update norms — honest: ['2.30', '2.38', '1.78', '1.84', '0.96'], attacker: ['nan', 'nan', 'nan', 'nan', 'nan']
2026-05-14 11:52:48 | INFO    | dpfl.core.base_simulator | Round 109/150 | Acc: 0.8849 | Loss: 0.3879 | eps_max: 7.51 eps_avg: 5.54 | P: 1.00 R: 1.00 F1: 1.00
2026-05-14 11:52:48 | DEBUG   | dpfl.core.base_simulator | Update norms — honest: ['3.46', '2.86', '1.54', '2.61', '1.52'], attacker: ['nan', 'nan', 'nan', 'nan', 'nan']
2026-05-14 11:52:50 | INFO    | dpfl.core.base_simulator | Round 110/150 | Acc: 0.8849 | Loss: 0.3883 | eps_max: 7.51 eps_avg: 5.59 | P: 1.00 R: 1.00 F1: 1.00
2026-05-14 11:52:50 | DEBUG   | dpfl.core.base_simulator | Update norms — honest: ['1.70', '2.26', '0.43', '3.93', '0.74'], attacker: ['nan', 'nan', 'nan', 'nan', 'nan']
2026-05-14 11:52:52 | INFO    | dpfl.core.base_simulator | Round 111/150 | Acc: 0.8848 | Loss: 0.3886 | eps_max: 7.51 eps_avg: 5.62 | P: 1.00 R: 1.00 F1: 1.00
2026-05-14 11:52:52 | DEBUG   | dpfl.core.base_simulator | Update norms — honest: ['2.82', '2.57', '2.06', '2.11', '1.50'], attacker: ['nan', 'nan', 'nan', 'nan', 'nan']
2026-05-14 11:52:54 | INFO    | dpfl.core.base_simulator | Round 112/150 | Acc: 0.8849 | Loss: 0.3889 | eps_max: 7.51 eps_avg: 5.65 | P: 1.00 R: 1.00 F1: 1.00
2026-05-14 11:52:54 | DEBUG   | dpfl.core.base_simulator | Update norms — honest: ['3.17', '0.53', '2.10', '2.76', '1.63'], attacker: ['nan', 'nan', 'nan', 'nan', 'nan']
2026-05-14 11:52:56 | INFO    | dpfl.core.base_simulator | Round 113/150 | Acc: 0.8848 | Loss: 0.3891 | eps_max: 7.51 eps_avg: 5.66 | P: 1.00 R: 1.00 F1: 1.00
2026-05-14 11:52:56 | DEBUG   | dpfl.core.base_simulator | Update norms — honest: ['1.52', '1.13', '2.53', '2.17'], attacker: ['nan', 'nan', 'nan', 'nan', 'nan']
2026-05-14 11:52:59 | INFO    | dpfl.core.base_simulator | Round 114/150 | Acc: 0.8848 | Loss: 0.3896 | eps_max: 7.51 eps_avg: 5.69 | P: 1.00 R: 1.00 F1: 1.00
2026-05-14 11:52:59 | DEBUG   | dpfl.core.base_simulator | Update norms — honest: ['2.69', '3.15', '1.33', '1.76', '1.00'], attacker: ['nan', 'nan', 'nan', 'nan', 'nan']
2026-05-14 11:53:01 | INFO    | dpfl.core.base_simulator | Round 115/150 | Acc: 0.8847 | Loss: 0.3900 | eps_max: 7.51 eps_avg: 5.71 | P: 1.00 R: 1.00 F1: 1.00
2026-05-14 11:53:01 | DEBUG   | dpfl.core.base_simulator | Update norms — honest: ['2.74', '2.33', '2.06', '2.73', '1.87'], attacker: ['nan', 'nan', 'nan', 'nan', 'nan']
2026-05-14 11:53:03 | INFO    | dpfl.core.base_simulator | Round 116/150 | Acc: 0.8846 | Loss: 0.3906 | eps_max: 7.51 eps_avg: 5.73 | P: 1.00 R: 1.00 F1: 1.00
2026-05-14 11:53:03 | DEBUG   | dpfl.core.base_simulator | Update norms — honest: ['0.69', '1.90', '1.05', '1.65', '2.25'], attacker: ['nan', 'nan', 'nan', 'nan', 'nan']
2026-05-14 11:53:06 | INFO    | dpfl.core.base_simulator | Round 117/150 | Acc: 0.8845 | Loss: 0.3913 | eps_max: 7.51 eps_avg: 5.77 | P: 1.00 R: 1.00 F1: 1.00
2026-05-14 11:53:06 | DEBUG   | dpfl.core.base_simulator | Update norms — honest: ['0.94', '2.94', '2.17', '4.08', '2.91'], attacker: ['nan', 'nan', 'nan', 'nan', 'nan']
2026-05-14 11:53:08 | INFO    | dpfl.core.base_simulator | Round 118/150 | Acc: 0.8846 | Loss: 0.3914 | eps_max: 7.51 eps_avg: 5.81 | P: 1.00 R: 1.00 F1: 1.00
2026-05-14 11:53:08 | DEBUG   | dpfl.core.base_simulator | Update norms — honest: ['1.94', '1.09', '2.42', '1.63', '2.89'], attacker: ['nan', 'nan', 'nan', 'nan', 'nan']
2026-05-14 11:53:10 | INFO    | dpfl.core.base_simulator | Round 119/150 | Acc: 0.8844 | Loss: 0.3921 | eps_max: 7.51 eps_avg: 5.85 | P: 1.00 R: 1.00 F1: 1.00
2026-05-14 11:53:10 | DEBUG   | dpfl.core.base_simulator | Update norms — honest: ['2.08', '2.54', '1.97', '1.55', '2.78'], attacker: ['nan', 'nan', 'nan', 'nan', 'nan']
2026-05-14 11:53:13 | INFO    | dpfl.core.base_simulator | Round 120/150 | Acc: 0.8844 | Loss: 0.3922 | eps_max: 7.51 eps_avg: 5.89 | P: 1.00 R: 1.00 F1: 1.00
2026-05-14 11:53:13 | DEBUG   | dpfl.core.base_simulator | Update norms — honest: ['1.11', '1.98', '2.79', '2.58', '1.69'], attacker: ['nan', 'nan', 'nan', 'nan', 'nan']
2026-05-14 11:53:15 | INFO    | dpfl.core.base_simulator | Round 121/150 | Acc: 0.8842 | Loss: 0.3930 | eps_max: 7.51 eps_avg: 5.92 | P: 1.00 R: 1.00 F1: 1.00
2026-05-14 11:53:15 | DEBUG   | dpfl.core.base_simulator | Update norms — honest: ['2.48', '3.76', '3.01', '0.91', '1.88'], attacker: ['nan', 'nan', 'nan', 'nan', 'nan']
2026-05-14 11:53:18 | INFO    | dpfl.core.base_simulator | Round 122/150 | Acc: 0.8842 | Loss: 0.3936 | eps_max: 7.51 eps_avg: 5.94 | P: 1.00 R: 1.00 F1: 1.00
2026-05-14 11:53:18 | DEBUG   | dpfl.core.base_simulator | Update norms — honest: ['3.36', '3.54', '2.15', '2.58', '1.66'], attacker: ['nan', 'nan', 'nan', 'nan', 'nan']
2026-05-14 11:53:20 | INFO    | dpfl.core.base_simulator | Round 123/150 | Acc: 0.8841 | Loss: 0.3940 | eps_max: 7.51 eps_avg: 5.96 | P: 1.00 R: 1.00 F1: 1.00
2026-05-14 11:53:20 | DEBUG   | dpfl.core.base_simulator | Update norms — honest: ['1.04', '3.47', '1.65', '1.66', '2.00'], attacker: ['nan', 'nan', 'nan', 'nan', 'nan']
2026-05-14 11:53:22 | INFO    | dpfl.core.base_simulator | Round 124/150 | Acc: 0.8842 | Loss: 0.3944 | eps_max: 7.51 eps_avg: 5.97 | P: 1.00 R: 1.00 F1: 1.00
2026-05-14 11:53:22 | DEBUG   | dpfl.core.base_simulator | Update norms — honest: ['3.88', '2.81', '2.73', '1.09', '1.28'], attacker: ['nan', 'nan', 'nan', 'nan', 'nan']
2026-05-14 11:53:24 | INFO    | dpfl.core.base_simulator | Round 125/150 | Acc: 0.8841 | Loss: 0.3946 | eps_max: 7.51 eps_avg: 5.99 | P: 1.00 R: 1.00 F1: 1.00
2026-05-14 11:53:24 | DEBUG   | dpfl.core.base_simulator | Update norms — honest: ['1.36', '2.17', '2.74', '2.67', '2.82'], attacker: ['nan', 'nan', 'nan', 'nan', 'nan']
2026-05-14 11:53:26 | INFO    | dpfl.core.base_simulator | Round 126/150 | Acc: 0.8841 | Loss: 0.3949 | eps_max: 7.51 eps_avg: 6.01 | P: 1.00 R: 1.00 F1: 1.00
2026-05-14 11:53:26 | DEBUG   | dpfl.core.base_simulator | Update norms — honest: ['1.46', '1.33', '1.96', '2.42', '2.18'], attacker: ['nan', 'nan', 'nan', 'nan', 'nan']
2026-05-14 11:53:28 | INFO    | dpfl.core.base_simulator | Round 127/150 | Acc: 0.8840 | Loss: 0.3954 | eps_max: 7.54 eps_avg: 6.02 | P: 1.00 R: 1.00 F1: 1.00
2026-05-14 11:53:28 | DEBUG   | dpfl.core.base_simulator | Update norms — honest: ['2.41', '1.29', '1.99', '2.52', '1.84'], attacker: ['nan', 'nan', 'nan', 'nan', 'nan']
2026-05-14 11:53:31 | INFO    | dpfl.core.base_simulator | Round 128/150 | Acc: 0.8840 | Loss: 0.3960 | eps_max: 7.64 eps_avg: 6.05 | P: 1.00 R: 1.00 F1: 1.00
2026-05-14 11:53:31 | DEBUG   | dpfl.core.base_simulator | Update norms — honest: ['4.00', '3.28', '2.03', '2.54', '1.30'], attacker: ['nan', 'nan', 'nan', 'nan', 'nan']
2026-05-14 11:53:33 | INFO    | dpfl.core.base_simulator | Round 129/150 | Acc: 0.8840 | Loss: 0.3962 | eps_max: 7.64 eps_avg: 6.07 | P: 1.00 R: 1.00 F1: 1.00
2026-05-14 11:53:33 | DEBUG   | dpfl.core.base_simulator | Update norms — honest: ['1.29', '0.77', '1.89', '0.82', '1.20'], attacker: ['nan', 'nan', 'nan', 'nan', 'nan']
2026-05-14 11:53:35 | INFO    | dpfl.core.base_simulator | Round 130/150 | Acc: 0.8840 | Loss: 0.3965 | eps_max: 7.64 eps_avg: 6.10 | P: 1.00 R: 1.00 F1: 1.00
2026-05-14 11:53:35 | DEBUG   | dpfl.core.base_simulator | Update norms — honest: ['2.28', '1.26', '1.30', '2.89', '1.49'], attacker: ['nan', 'nan', 'nan', 'nan', 'nan']
2026-05-14 11:53:37 | INFO    | dpfl.core.base_simulator | Round 131/150 | Acc: 0.8838 | Loss: 0.3973 | eps_max: 7.66 eps_avg: 6.11 | P: 1.00 R: 1.00 F1: 1.00
2026-05-14 11:53:37 | DEBUG   | dpfl.core.base_simulator | Update norms — honest: ['0.97', '1.77', '0.87', '3.15', '3.07'], attacker: ['nan', 'nan', 'nan', 'nan', 'nan']
2026-05-14 11:53:39 | INFO    | dpfl.core.base_simulator | Round 132/150 | Acc: 0.8838 | Loss: 0.3976 | eps_max: 7.76 eps_avg: 6.12 | P: 1.00 R: 1.00 F1: 1.00
2026-05-14 11:53:39 | DEBUG   | dpfl.core.base_simulator | Update norms — honest: ['1.92', '2.10', '2.57', '3.45', '3.61'], attacker: ['nan', 'nan', 'nan', 'nan', 'nan']
2026-05-14 11:53:42 | INFO    | dpfl.core.base_simulator | Round 133/150 | Acc: 0.8837 | Loss: 0.3985 | eps_max: 7.89 eps_avg: 6.15 | P: 1.00 R: 1.00 F1: 1.00
2026-05-14 11:53:42 | DEBUG   | dpfl.core.base_simulator | Update norms — honest: ['3.83', '3.04', '2.70', '2.00', '2.44'], attacker: ['nan', 'nan', 'nan', 'nan', 'nan']
2026-05-14 11:53:44 | INFO    | dpfl.core.base_simulator | Round 134/150 | Acc: 0.8835 | Loss: 0.3994 | eps_max: 7.89 eps_avg: 6.17 | P: 1.00 R: 1.00 F1: 1.00
2026-05-14 11:53:44 | DEBUG   | dpfl.core.base_simulator | Update norms — honest: ['3.62', '1.92', '1.65', '1.79', '2.60'], attacker: ['nan', 'nan', 'nan', 'nan', 'nan']
2026-05-14 11:53:46 | INFO    | dpfl.core.base_simulator | Round 135/150 | Acc: 0.8835 | Loss: 0.3997 | eps_max: 7.89 eps_avg: 6.20 | P: 1.00 R: 1.00 F1: 1.00
2026-05-14 11:53:46 | DEBUG   | dpfl.core.base_simulator | Update norms — honest: ['3.58', '2.87', '1.90', '1.86', '2.73'], attacker: ['nan', 'nan', 'nan', 'nan', 'nan']
2026-05-14 11:53:48 | INFO    | dpfl.core.base_simulator | Round 136/150 | Acc: 0.8834 | Loss: 0.4004 | eps_max: 7.89 eps_avg: 6.22 | P: 1.00 R: 1.00 F1: 1.00
2026-05-14 11:53:48 | DEBUG   | dpfl.core.base_simulator | Update norms — honest: ['2.53', '3.51', '2.45', '3.47', '2.07'], attacker: ['nan', 'nan', 'nan', 'nan', 'nan']
2026-05-14 11:53:50 | INFO    | dpfl.core.base_simulator | Round 137/150 | Acc: 0.8835 | Loss: 0.4006 | eps_max: 7.89 eps_avg: 6.23 | P: 1.00 R: 1.00 F1: 1.00
2026-05-14 11:53:50 | DEBUG   | dpfl.core.base_simulator | Update norms — honest: ['2.01', '1.05', '1.34', '1.96', '1.91'], attacker: ['nan', 'nan', 'nan', 'nan', 'nan']
2026-05-14 11:53:53 | INFO    | dpfl.core.base_simulator | Round 138/150 | Acc: 0.8833 | Loss: 0.4015 | eps_max: 7.89 eps_avg: 6.25 | P: 1.00 R: 1.00 F1: 1.00
2026-05-14 11:53:53 | DEBUG   | dpfl.core.base_simulator | Update norms — honest: ['2.75', '2.80', '3.49', '4.16', '2.21'], attacker: ['nan', 'nan', 'nan', 'nan', 'nan']
2026-05-14 11:53:55 | INFO    | dpfl.core.base_simulator | Round 139/150 | Acc: 0.8832 | Loss: 0.4020 | eps_max: 7.89 eps_avg: 6.27 | P: 1.00 R: 1.00 F1: 1.00
2026-05-14 11:53:55 | DEBUG   | dpfl.core.base_simulator | Update norms — honest: ['3.39', '2.28', '2.20', '2.06', '1.72'], attacker: ['nan', 'nan', 'nan', 'nan', 'nan']
2026-05-14 11:53:57 | INFO    | dpfl.core.base_simulator | Round 140/150 | Acc: 0.8830 | Loss: 0.4028 | eps_max: 7.89 eps_avg: 6.29 | P: 1.00 R: 1.00 F1: 1.00
2026-05-14 11:53:57 | DEBUG   | dpfl.core.base_simulator | Update norms — honest: ['2.28', '2.37', '4.13', '2.06', '2.46'], attacker: ['nan', 'nan', 'nan', 'nan', 'nan']
2026-05-14 11:53:59 | INFO    | dpfl.core.base_simulator | Round 141/150 | Acc: 0.8831 | Loss: 0.4030 | eps_max: 7.89 eps_avg: 6.31 | P: 1.00 R: 1.00 F1: 1.00
2026-05-14 11:53:59 | DEBUG   | dpfl.core.base_simulator | Update norms — honest: ['2.92', '1.06', '1.50', '1.29', '2.06'], attacker: ['nan', 'nan', 'nan', 'nan', 'nan']
2026-05-14 11:54:02 | INFO    | dpfl.core.base_simulator | Round 142/150 | Acc: 0.8830 | Loss: 0.4038 | eps_max: 7.89 eps_avg: 6.33 | P: 1.00 R: 1.00 F1: 1.00
2026-05-14 11:54:02 | DEBUG   | dpfl.core.base_simulator | Update norms — honest: ['4.25', '2.95', '2.75', '1.44', '1.53'], attacker: ['nan', 'nan', 'nan', 'nan', 'nan']
2026-05-14 11:54:04 | INFO    | dpfl.core.base_simulator | Round 143/150 | Acc: 0.8830 | Loss: 0.4040 | eps_max: 7.89 eps_avg: 6.37 | P: 1.00 R: 1.00 F1: 1.00
2026-05-14 11:54:04 | DEBUG   | dpfl.core.base_simulator | Update norms — honest: ['2.41', '1.62', '3.08', '1.69', '1.40'], attacker: ['nan', 'nan', 'nan', 'nan', 'nan']
2026-05-14 11:54:06 | INFO    | dpfl.core.base_simulator | Round 144/150 | Acc: 0.8830 | Loss: 0.4045 | eps_max: 7.89 eps_avg: 6.39 | P: 1.00 R: 1.00 F1: 1.00
2026-05-14 11:54:06 | DEBUG   | dpfl.core.base_simulator | Update norms — honest: ['2.37', '2.54', '2.28', '1.78', '1.77'], attacker: ['nan', 'nan', 'nan', 'nan', 'nan']
2026-05-14 11:54:08 | INFO    | dpfl.core.base_simulator | Round 145/150 | Acc: 0.8830 | Loss: 0.4047 | eps_max: 7.89 eps_avg: 6.41 | P: 1.00 R: 1.00 F1: 1.00
2026-05-14 11:54:08 | DEBUG   | dpfl.core.base_simulator | Update norms — honest: ['2.14', '3.15', '2.26', '2.80', '2.33'], attacker: ['nan', 'nan', 'nan', 'nan', 'nan']
2026-05-14 11:54:11 | INFO    | dpfl.core.base_simulator | Round 146/150 | Acc: 0.8829 | Loss: 0.4057 | eps_max: 7.89 eps_avg: 6.43 | P: 1.00 R: 1.00 F1: 1.00
2026-05-14 11:54:11 | DEBUG   | dpfl.core.base_simulator | Update norms — honest: ['1.70', '2.13', '4.29', '3.08', '1.69'], attacker: ['nan', 'nan', 'nan', 'nan', 'nan']
2026-05-14 11:54:13 | INFO    | dpfl.core.base_simulator | Round 147/150 | Acc: 0.8829 | Loss: 0.4060 | eps_max: 7.89 eps_avg: 6.46 | P: 1.00 R: 1.00 F1: 1.00
2026-05-14 11:54:13 | DEBUG   | dpfl.core.base_simulator | Update norms — honest: ['1.52', '2.34', '2.80', '1.58', '2.14'], attacker: ['nan', 'nan', 'nan', 'nan', 'nan']
2026-05-14 11:54:16 | INFO    | dpfl.core.base_simulator | Round 148/150 | Acc: 0.8827 | Loss: 0.4067 | eps_max: 7.89 eps_avg: 6.49 | P: 1.00 R: 1.00 F1: 1.00
2026-05-14 11:54:16 | DEBUG   | dpfl.core.base_simulator | Update norms — honest: ['2.02', '1.80', '2.96', '1.01', '1.65'], attacker: ['nan', 'nan', 'nan', 'nan', 'nan']
2026-05-14 11:54:18 | INFO    | dpfl.core.base_simulator | Round 149/150 | Acc: 0.8826 | Loss: 0.4075 | eps_max: 7.89 eps_avg: 6.50 | P: 0.99 R: 1.00 F1: 1.00
2026-05-14 11:54:18 | DEBUG   | dpfl.core.base_simulator | Update norms — honest: ['2.48', '5.13', '2.62', '3.59', '2.57'], attacker: ['nan', 'nan', 'nan', 'nan', 'nan']
2026-05-14 11:54:20 | INFO    | dpfl.core.base_simulator | Round 150/150 | Acc: 0.8825 | Loss: 0.4080 | eps_max: 7.89 eps_avg: 6.52 | P: 1.00 R: 1.00 F1: 1.00
2026-05-14 11:54:20 | DEBUG   | dpfl.core.base_simulator | Update norms — honest: ['3.22', '2.95', '1.98', '1.94', '4.23'], attacker: ['nan', 'nan', 'nan', 'nan', 'nan']
2026-05-14 11:54:23 | INFO    | dpfl | Experiment complete in 967.5s
============================================================
REPORT: DP-SGD Decentralized Federated Learning
============================================================
Timestamp:                  20260514_113813
Rounds completed:           150
Attack-active rounds:       100  (from round 50)
Final accuracy:             0.8825
Final test loss:            0.4080
Final epsilon (max honest): 7.89
Final epsilon (avg honest): 6.52
Best alpha:                 1000.0
Avg precision:              0.9999
Avg recall:                 0.9709
Avg F1 score:               0.9916
Avg update norm (honest):   1.5464
Avg update norm (attacker): nan

eps_system (max honest): 7.8856
eps_avg (honest):        6.5164
eps_std (honest):        0.7902
n_frozen:                0/200
============================================================
