2026-05-14 05:41:24 | INFO    | dpfl | Experiment start: algorithm=balance, dataset=fashion_mnist, model=mlp, device=cuda
2026-05-14 05:41:24 | INFO    | dpfl | Config: nodes=500, attackers=200, rounds=150, noise_mode=none, attack=scale
2026-05-14 05:41:24 | INFO    | dpfl.data.fashion_mnist_dataset | Loading Fashion-MNIST dataset...
2026-05-14 05:41:24 | INFO    | dpfl.data.fashion_mnist_dataset | Fashion-MNIST loaded: 60000 train, 10000 test samples
2026-05-14 05:42:45 | INFO    | dpfl.core.base_simulator | Vectorized state ready: param_spec.D=50890, X_test=(10000, 1, 28, 28), train clients N=500, max_n_samples=1000
2026-05-14 05:42:45 | INFO    | dpfl.core.base_simulator | Setup complete: 500 nodes (200 attackers), param_dim=50890, split=iid
2026-05-14 05:42:45 | DEBUG   | dpfl.core.base_simulator | Attacker IDs: {0, 1, 2, 3, 4, 5, 6, 7, 8, 9, 10, 11, 12, 13, 14, 15, 16, 17, 18, 19, 20, 21, 22, 23, 24, 25, 26, 27, 28, 29, 30, 31, 32, 33, 34, 35, 36, 37, 38, 39, 40, 41, 42, 43, 44, 45, 46, 47, 48, 49, 50, 51, 52, 53, 54, 55, 56, 57, 58, 59, 60, 61, 62, 63, 64, 65, 66, 67, 68, 69, 70, 71, 72, 73, 74, 75, 76, 77, 78, 79, 80, 81, 82, 83, 84, 85, 86, 87, 88, 89, 90, 91, 92, 93, 94, 95, 96, 97, 98, 99, 100, 101, 102, 103, 104, 105, 106, 107, 108, 109, 110, 111, 112, 113, 114, 115, 116, 117, 118, 119, 120, 121, 122, 123, 124, 125, 126, 127, 128, 129, 130, 131, 132, 133, 134, 135, 136, 137, 138, 139, 140, 141, 142, 143, 144, 145, 146, 147, 148, 149, 150, 151, 152, 153, 154, 155, 156, 157, 158, 159, 160, 161, 162, 163, 164, 165, 166, 167, 168, 169, 170, 171, 172, 173, 174, 175, 176, 177, 178, 179, 180, 181, 182, 183, 184, 185, 186, 187, 188, 189, 190, 191, 192, 193, 194, 195, 196, 197, 198, 199}
2026-05-14 05:42:54 | INFO    | dpfl.core.base_simulator | Round   1/150 | Acc: 0.4581 | Loss: 1.9725 | eps: 0.00 | P: nan R: nan F1: nan
2026-05-14 05:42:54 | DEBUG   | dpfl.core.base_simulator | Update norms — honest: ['0.23', '0.24', '0.23', '0.24', '0.24'], attacker: ['0.23', '0.23', '0.24', '0.23', '0.24']
2026-05-14 05:43:02 | INFO    | dpfl.core.base_simulator | Round   2/150 | Acc: 0.5721 | Loss: 1.7056 | eps: 0.00 | P: nan R: nan F1: nan
2026-05-14 05:43:02 | DEBUG   | dpfl.core.base_simulator | Update norms — honest: ['0.21', '0.21', '0.20', '0.20', '0.21'], attacker: ['0.20', '0.20', '0.21', '0.20', '0.21']
2026-05-14 05:43:10 | INFO    | dpfl.core.base_simulator | Round   3/150 | Acc: 0.6218 | Loss: 1.4810 | eps: 0.00 | P: nan R: nan F1: nan
2026-05-14 05:43:10 | DEBUG   | dpfl.core.base_simulator | Update norms — honest: ['0.19', '0.19', '0.19', '0.18', '0.19'], attacker: ['0.19', '0.19', '0.19', '0.18', '0.19']
2026-05-14 05:43:19 | INFO    | dpfl.core.base_simulator | Round   4/150 | Acc: 0.6509 | Loss: 1.3048 | eps: 0.00 | P: nan R: nan F1: nan
2026-05-14 05:43:19 | DEBUG   | dpfl.core.base_simulator | Update norms — honest: ['0.17', '0.17', '0.17', '0.16', '0.17'], attacker: ['0.17', '0.17', '0.17', '0.16', '0.17']
2026-05-14 05:43:28 | INFO    | dpfl.core.base_simulator | Round   5/150 | Acc: 0.6733 | Loss: 1.1754 | eps: 0.00 | P: nan R: nan F1: nan
2026-05-14 05:43:28 | DEBUG   | dpfl.core.base_simulator | Update norms — honest: ['0.14', '0.14', '0.14', '0.14', '0.14'], attacker: ['0.14', '0.14', '0.14', '0.14', '0.14']
2026-05-14 05:43:37 | INFO    | dpfl.core.base_simulator | Round   6/150 | Acc: 0.6908 | Loss: 1.0812 | eps: 0.00 | P: nan R: nan F1: nan
2026-05-14 05:43:37 | DEBUG   | dpfl.core.base_simulator | Update norms — honest: ['0.12', '0.13', '0.12', '0.12', '0.12'], attacker: ['0.13', '0.12', '0.12', '0.12', '0.12']
2026-05-14 05:43:45 | INFO    | dpfl.core.base_simulator | Round   7/150 | Acc: 0.7023 | Loss: 1.0109 | eps: 0.00 | P: nan R: nan F1: nan
2026-05-14 05:43:45 | DEBUG   | dpfl.core.base_simulator | Update norms — honest: ['0.11', '0.11', '0.11', '0.11', '0.11'], attacker: ['0.11', '0.11', '0.11', '0.11', '0.11']
2026-05-14 05:43:54 | INFO    | dpfl.core.base_simulator | Round   8/150 | Acc: 0.7105 | Loss: 0.9571 | eps: 0.00 | P: nan R: nan F1: nan
2026-05-14 05:43:54 | DEBUG   | dpfl.core.base_simulator | Update norms — honest: ['0.10', '0.09', '0.10', '0.10', '0.09'], attacker: ['0.10', '0.09', '0.10', '0.10', '0.09']
2026-05-14 05:44:02 | INFO    | dpfl.core.base_simulator | Round   9/150 | Acc: 0.7167 | Loss: 0.9141 | eps: 0.00 | P: nan R: nan F1: nan
2026-05-14 05:44:02 | DEBUG   | dpfl.core.base_simulator | Update norms — honest: ['0.09', '0.09', '0.09', '0.09', '0.08'], attacker: ['0.09', '0.09', '0.09', '0.09', '0.09']
2026-05-14 05:44:12 | INFO    | dpfl.core.base_simulator | Round  10/150 | Acc: 0.7228 | Loss: 0.8791 | eps: 0.00 | P: nan R: nan F1: nan
2026-05-14 05:44:12 | DEBUG   | dpfl.core.base_simulator | Update norms — honest: ['0.08', '0.08', '0.08', '0.08', '0.08'], attacker: ['0.08', '0.08', '0.08', '0.08', '0.08']
2026-05-14 05:44:20 | INFO    | dpfl.core.base_simulator | Round  11/150 | Acc: 0.7278 | Loss: 0.8497 | eps: 0.00 | P: nan R: nan F1: nan
2026-05-14 05:44:20 | DEBUG   | dpfl.core.base_simulator | Update norms — honest: ['0.07', '0.07', '0.08', '0.07', '0.07'], attacker: ['0.08', '0.07', '0.07', '0.07', '0.07']
2026-05-14 05:44:29 | INFO    | dpfl.core.base_simulator | Round  12/150 | Acc: 0.7325 | Loss: 0.8247 | eps: 0.00 | P: nan R: nan F1: nan
2026-05-14 05:44:29 | DEBUG   | dpfl.core.base_simulator | Update norms — honest: ['0.07', '0.07', '0.07', '0.07', '0.07'], attacker: ['0.07', '0.07', '0.07', '0.07', '0.07']
2026-05-14 05:44:37 | INFO    | dpfl.core.base_simulator | Round  13/150 | Acc: 0.7365 | Loss: 0.8034 | eps: 0.00 | P: nan R: nan F1: nan
2026-05-14 05:44:37 | DEBUG   | dpfl.core.base_simulator | Update norms — honest: ['0.07', '0.06', '0.06', '0.06', '0.07'], attacker: ['0.07', '0.06', '0.07', '0.07', '0.06']
2026-05-14 05:44:46 | INFO    | dpfl.core.base_simulator | Round  14/150 | Acc: 0.7402 | Loss: 0.7848 | eps: 0.00 | P: nan R: nan F1: nan
2026-05-14 05:44:46 | DEBUG   | dpfl.core.base_simulator | Update norms — honest: ['0.06', '0.06', '0.06', '0.06', '0.06'], attacker: ['0.07', '0.06', '0.06', '0.06', '0.06']
2026-05-14 05:44:54 | INFO    | dpfl.core.base_simulator | Round  15/150 | Acc: 0.7434 | Loss: 0.7687 | eps: 0.00 | P: nan R: nan F1: nan
2026-05-14 05:44:54 | DEBUG   | dpfl.core.base_simulator | Update norms — honest: ['0.06', '0.06', '0.06', '0.06', '0.06'], attacker: ['0.06', '0.06', '0.06', '0.06', '0.06']
2026-05-14 05:45:03 | INFO    | dpfl.core.base_simulator | Round  16/150 | Acc: 0.7464 | Loss: 0.7543 | eps: 0.00 | P: nan R: nan F1: nan
2026-05-14 05:45:03 | DEBUG   | dpfl.core.base_simulator | Update norms — honest: ['0.06', '0.06', '0.06', '0.05', '0.05'], attacker: ['0.06', '0.06', '0.06', '0.05', '0.06']
2026-05-14 05:45:12 | INFO    | dpfl.core.base_simulator | Round  17/150 | Acc: 0.7491 | Loss: 0.7417 | eps: 0.00 | P: nan R: nan F1: nan
2026-05-14 05:45:12 | DEBUG   | dpfl.core.base_simulator | Update norms — honest: ['0.05', '0.06', '0.06', '0.05', '0.05'], attacker: ['0.05', '0.05', '0.05', '0.06', '0.06']
2026-05-14 05:45:21 | INFO    | dpfl.core.base_simulator | Round  18/150 | Acc: 0.7520 | Loss: 0.7302 | eps: 0.00 | P: nan R: nan F1: nan
2026-05-14 05:45:21 | DEBUG   | dpfl.core.base_simulator | Update norms — honest: ['0.05', '0.05', '0.05', '0.05', '0.05'], attacker: ['0.05', '0.05', '0.05', '0.05', '0.05']
2026-05-14 05:45:29 | INFO    | dpfl.core.base_simulator | Round  19/150 | Acc: 0.7545 | Loss: 0.7199 | eps: 0.00 | P: nan R: nan F1: nan
2026-05-14 05:45:29 | DEBUG   | dpfl.core.base_simulator | Update norms — honest: ['0.05', '0.05', '0.05', '0.05', '0.05'], attacker: ['0.05', '0.05', '0.05', '0.05', '0.05']
2026-05-14 05:45:37 | INFO    | dpfl.core.base_simulator | Round  20/150 | Acc: 0.7565 | Loss: 0.7106 | eps: 0.00 | P: nan R: nan F1: nan
2026-05-14 05:45:37 | DEBUG   | dpfl.core.base_simulator | Update norms — honest: ['0.05', '0.05', '0.05', '0.05', '0.05'], attacker: ['0.05', '0.05', '0.05', '0.05', '0.05']
2026-05-14 05:45:44 | INFO    | dpfl.core.base_simulator | Round  21/150 | Acc: 0.7587 | Loss: 0.7020 | eps: 0.00 | P: nan R: nan F1: nan
2026-05-14 05:45:44 | DEBUG   | dpfl.core.base_simulator | Update norms — honest: ['0.05', '0.05', '0.05', '0.05', '0.05'], attacker: ['0.05', '0.05', '0.05', '0.05', '0.05']
2026-05-14 05:45:53 | INFO    | dpfl.core.base_simulator | Round  22/150 | Acc: 0.7604 | Loss: 0.6946 | eps: 0.00 | P: nan R: nan F1: nan
2026-05-14 05:45:53 | DEBUG   | dpfl.core.base_simulator | Update norms — honest: ['0.04', '0.05', '0.05', '0.05', '0.05'], attacker: ['0.05', '0.05', '0.05', '0.05', '0.04']
2026-05-14 05:46:01 | INFO    | dpfl.core.base_simulator | Round  23/150 | Acc: 0.7624 | Loss: 0.6869 | eps: 0.00 | P: nan R: nan F1: nan
2026-05-14 05:46:01 | DEBUG   | dpfl.core.base_simulator | Update norms — honest: ['0.04', '0.05', '0.05', '0.04', '0.04'], attacker: ['0.04', '0.05', '0.04', '0.05', '0.04']
2026-05-14 05:46:10 | INFO    | dpfl.core.base_simulator | Round  24/150 | Acc: 0.7642 | Loss: 0.6805 | eps: 0.00 | P: nan R: nan F1: nan
2026-05-14 05:46:10 | DEBUG   | dpfl.core.base_simulator | Update norms — honest: ['0.04', '0.04', '0.04', '0.04', '0.04'], attacker: ['0.04', '0.05', '0.04', '0.04', '0.04']
2026-05-14 05:46:18 | INFO    | dpfl.core.base_simulator | Round  25/150 | Acc: 0.7659 | Loss: 0.6743 | eps: 0.00 | P: nan R: nan F1: nan
2026-05-14 05:46:18 | DEBUG   | dpfl.core.base_simulator | Update norms — honest: ['0.04', '0.04', '0.05', '0.04', '0.04'], attacker: ['0.04', '0.04', '0.04', '0.04', '0.05']
2026-05-14 05:46:26 | INFO    | dpfl.core.base_simulator | Round  26/150 | Acc: 0.7672 | Loss: 0.6689 | eps: 0.00 | P: nan R: nan F1: nan
2026-05-14 05:46:26 | DEBUG   | dpfl.core.base_simulator | Update norms — honest: ['0.04', '0.04', '0.04', '0.04', '0.04'], attacker: ['0.05', '0.04', '0.04', '0.04', '0.04']
2026-05-14 05:46:35 | INFO    | dpfl.core.base_simulator | Round  27/150 | Acc: 0.7686 | Loss: 0.6634 | eps: 0.00 | P: nan R: nan F1: nan
2026-05-14 05:46:35 | DEBUG   | dpfl.core.base_simulator | Update norms — honest: ['0.05', '0.04', '0.04', '0.04', '0.04'], attacker: ['0.04', '0.04', '0.04', '0.04', '0.04']
2026-05-14 05:46:44 | INFO    | dpfl.core.base_simulator | Round  28/150 | Acc: 0.7702 | Loss: 0.6585 | eps: 0.00 | P: nan R: nan F1: nan
2026-05-14 05:46:44 | DEBUG   | dpfl.core.base_simulator | Update norms — honest: ['0.05', '0.04', '0.04', '0.04', '0.04'], attacker: ['0.04', '0.04', '0.04', '0.04', '0.04']
2026-05-14 05:46:53 | INFO    | dpfl.core.base_simulator | Round  29/150 | Acc: 0.7716 | Loss: 0.6537 | eps: 0.00 | P: nan R: nan F1: nan
2026-05-14 05:46:53 | DEBUG   | dpfl.core.base_simulator | Update norms — honest: ['0.04', '0.04', '0.04', '0.04', '0.04'], attacker: ['0.04', '0.04', '0.04', '0.04', '0.04']
2026-05-14 05:47:01 | INFO    | dpfl.core.base_simulator | Round  30/150 | Acc: 0.7727 | Loss: 0.6494 | eps: 0.00 | P: nan R: nan F1: nan
2026-05-14 05:47:01 | DEBUG   | dpfl.core.base_simulator | Update norms — honest: ['0.04', '0.04', '0.04', '0.04', '0.04'], attacker: ['0.04', '0.04', '0.04', '0.04', '0.04']
2026-05-14 05:47:10 | INFO    | dpfl.core.base_simulator | Round  31/150 | Acc: 0.7740 | Loss: 0.6452 | eps: 0.00 | P: nan R: nan F1: nan
2026-05-14 05:47:10 | DEBUG   | dpfl.core.base_simulator | Update norms — honest: ['0.04', '0.04', '0.04', '0.04', '0.03'], attacker: ['0.04', '0.04', '0.04', '0.04', '0.04']
2026-05-14 05:47:17 | INFO    | dpfl.core.base_simulator | Round  32/150 | Acc: 0.7751 | Loss: 0.6414 | eps: 0.00 | P: nan R: nan F1: nan
2026-05-14 05:47:17 | DEBUG   | dpfl.core.base_simulator | Update norms — honest: ['0.04', '0.05', '0.04', '0.03', '0.04'], attacker: ['0.04', '0.04', '0.04', '0.04', '0.04']
2026-05-14 05:47:26 | INFO    | dpfl.core.base_simulator | Round  33/150 | Acc: 0.7760 | Loss: 0.6379 | eps: 0.00 | P: nan R: nan F1: nan
2026-05-14 05:47:26 | DEBUG   | dpfl.core.base_simulator | Update norms — honest: ['0.04', '0.04', '0.04', '0.04', '0.04'], attacker: ['0.04', '0.04', '0.04', '0.04', '0.04']
2026-05-14 05:47:34 | INFO    | dpfl.core.base_simulator | Round  34/150 | Acc: 0.7771 | Loss: 0.6343 | eps: 0.00 | P: nan R: nan F1: nan
2026-05-14 05:47:34 | DEBUG   | dpfl.core.base_simulator | Update norms — honest: ['0.04', '0.04', '0.04', '0.04', '0.04'], attacker: ['0.04', '0.04', '0.04', '0.04', '0.04']
2026-05-14 05:47:42 | INFO    | dpfl.core.base_simulator | Round  35/150 | Acc: 0.7781 | Loss: 0.6311 | eps: 0.00 | P: nan R: nan F1: nan
2026-05-14 05:47:42 | DEBUG   | dpfl.core.base_simulator | Update norms — honest: ['0.03', '0.03', '0.04', '0.04', '0.04'], attacker: ['0.04', '0.04', '0.04', '0.04', '0.03']
2026-05-14 05:47:50 | INFO    | dpfl.core.base_simulator | Round  36/150 | Acc: 0.7789 | Loss: 0.6280 | eps: 0.00 | P: nan R: nan F1: nan
2026-05-14 05:47:50 | DEBUG   | dpfl.core.base_simulator | Update norms — honest: ['0.04', '0.03', '0.04', '0.03', '0.04'], attacker: ['0.04', '0.04', '0.04', '0.04', '0.04']
2026-05-14 05:47:59 | INFO    | dpfl.core.base_simulator | Round  37/150 | Acc: 0.7794 | Loss: 0.6256 | eps: 0.00 | P: nan R: nan F1: nan
2026-05-14 05:47:59 | DEBUG   | dpfl.core.base_simulator | Update norms — honest: ['0.04', '0.03', '0.04', '0.03', '0.04'], attacker: ['0.04', '0.04', '0.03', '0.04', '0.04']
2026-05-14 05:48:08 | INFO    | dpfl.core.base_simulator | Round  38/150 | Acc: 0.7804 | Loss: 0.6231 | eps: 0.00 | P: nan R: nan F1: nan
2026-05-14 05:48:08 | DEBUG   | dpfl.core.base_simulator | Update norms — honest: ['0.03', '0.03', '0.04', '0.03', '0.04'], attacker: ['0.03', '0.04', '0.03', '0.04', '0.04']
2026-05-14 05:48:15 | INFO    | dpfl.core.base_simulator | Round  39/150 | Acc: 0.7812 | Loss: 0.6202 | eps: 0.00 | P: nan R: nan F1: nan
2026-05-14 05:48:15 | DEBUG   | dpfl.core.base_simulator | Update norms — honest: ['0.03', '0.04', '0.03', '0.04', '0.03'], attacker: ['0.03', '0.04', '0.04', '0.04', '0.04']
2026-05-14 05:48:23 | INFO    | dpfl.core.base_simulator | Round  40/150 | Acc: 0.7819 | Loss: 0.6177 | eps: 0.00 | P: nan R: nan F1: nan
2026-05-14 05:48:23 | DEBUG   | dpfl.core.base_simulator | Update norms — honest: ['0.03', '0.04', '0.04', '0.03', '0.03'], attacker: ['0.03', '0.04', '0.03', '0.04', '0.03']
2026-05-14 05:48:31 | INFO    | dpfl.core.base_simulator | Round  41/150 | Acc: 0.7826 | Loss: 0.6157 | eps: 0.00 | P: nan R: nan F1: nan
2026-05-14 05:48:31 | DEBUG   | dpfl.core.base_simulator | Update norms — honest: ['0.03', '0.03', '0.04', '0.04', '0.03'], attacker: ['0.04', '0.04', '0.03', '0.03', '0.03']
2026-05-14 05:48:40 | INFO    | dpfl.core.base_simulator | Round  42/150 | Acc: 0.7836 | Loss: 0.6133 | eps: 0.00 | P: nan R: nan F1: nan
2026-05-14 05:48:40 | DEBUG   | dpfl.core.base_simulator | Update norms — honest: ['0.04', '0.03', '0.03', '0.04', '0.03'], attacker: ['0.03', '0.04', '0.03', '0.03', '0.03']
2026-05-14 05:48:47 | INFO    | dpfl.core.base_simulator | Round  43/150 | Acc: 0.7838 | Loss: 0.6115 | eps: 0.00 | P: nan R: nan F1: nan
2026-05-14 05:48:47 | DEBUG   | dpfl.core.base_simulator | Update norms — honest: ['0.03', '0.03', '0.03', '0.04', '0.04'], attacker: ['0.03', '0.04', '0.03', '0.03', '0.03']
2026-05-14 05:48:56 | INFO    | dpfl.core.base_simulator | Round  44/150 | Acc: 0.7847 | Loss: 0.6092 | eps: 0.00 | P: nan R: nan F1: nan
2026-05-14 05:48:56 | DEBUG   | dpfl.core.base_simulator | Update norms — honest: ['0.03', '0.03', '0.03', '0.04', '0.03'], attacker: ['0.04', '0.03', '0.03', '0.04', '0.04']
2026-05-14 05:49:05 | INFO    | dpfl.core.base_simulator | Round  45/150 | Acc: 0.7854 | Loss: 0.6072 | eps: 0.00 | P: nan R: nan F1: nan
2026-05-14 05:49:05 | DEBUG   | dpfl.core.base_simulator | Update norms — honest: ['0.03', '0.03', '0.03', '0.03', '0.03'], attacker: ['0.03', '0.03', '0.03', '0.04', '0.03']
2026-05-14 05:49:13 | INFO    | dpfl.core.base_simulator | Round  46/150 | Acc: 0.7858 | Loss: 0.6055 | eps: 0.00 | P: nan R: nan F1: nan
2026-05-14 05:49:13 | DEBUG   | dpfl.core.base_simulator | Update norms — honest: ['0.04', '0.03', '0.03', '0.03', '0.04'], attacker: ['0.03', '0.03', '0.03', '0.04', '0.03']
2026-05-14 05:49:21 | INFO    | dpfl.core.base_simulator | Round  47/150 | Acc: 0.7864 | Loss: 0.6038 | eps: 0.00 | P: nan R: nan F1: nan
2026-05-14 05:49:21 | DEBUG   | dpfl.core.base_simulator | Update norms — honest: ['0.03', '0.03', '0.03', '0.03', '0.03'], attacker: ['0.03', '0.04', '0.03', '0.04', '0.03']
2026-05-14 05:49:28 | INFO    | dpfl.core.base_simulator | Round  48/150 | Acc: 0.7868 | Loss: 0.6023 | eps: 0.00 | P: nan R: nan F1: nan
2026-05-14 05:49:28 | DEBUG   | dpfl.core.base_simulator | Update norms — honest: ['0.03', '0.03', '0.03', '0.03', '0.03'], attacker: ['0.03', '0.03', '0.03', '0.03', '0.03']
2026-05-14 05:49:37 | INFO    | dpfl.core.base_simulator | Round  49/150 | Acc: 0.7875 | Loss: 0.6006 | eps: 0.00 | P: nan R: nan F1: nan
2026-05-14 05:49:37 | DEBUG   | dpfl.core.base_simulator | Update norms — honest: ['0.04', '0.03', '0.03', '0.03', '0.03'], attacker: ['0.03', '0.03', '0.03', '0.04', '0.03']
2026-05-14 05:49:44 | INFO    | dpfl.core.base_simulator | Round  50/150 | Acc: 0.7879 | Loss: 0.5992 | eps: 0.00 | P: nan R: nan F1: nan
2026-05-14 05:49:44 | DEBUG   | dpfl.core.base_simulator | Update norms — honest: ['0.04', '0.03', '0.03', '0.03', '0.03'], attacker: ['0.03', '0.03', '0.03', '0.03', '0.04']
2026-05-14 05:49:52 | INFO    | dpfl.core.base_simulator | Round  51/150 | Acc: 0.7882 | Loss: 0.5983 | eps: 0.00 | P: nan R: 0.00 F1: nan
2026-05-14 05:49:52 | DEBUG   | dpfl.core.base_simulator | Update norms — honest: ['0.03', '0.04', '0.03', '0.04', '0.03'], attacker: ['0.34', '0.33', '0.31', '0.36', '0.32']
2026-05-14 05:50:01 | INFO    | dpfl.core.base_simulator | Round  52/150 | Acc: 0.7882 | Loss: 0.5988 | eps: 0.00 | P: nan R: 0.00 F1: nan
2026-05-14 05:50:01 | DEBUG   | dpfl.core.base_simulator | Update norms — honest: ['0.03', '0.03', '0.03', '0.03', '0.03'], attacker: ['0.97', '0.83', '0.67', '1.04', '0.98']
2026-05-14 05:50:10 | INFO    | dpfl.core.base_simulator | Round  53/150 | Acc: 0.7776 | Loss: 0.7064 | eps: 0.00 | P: nan R: 0.00 F1: nan
2026-05-14 05:50:10 | DEBUG   | dpfl.core.base_simulator | Update norms — honest: ['0.04', '0.04', '0.08', '0.03', '0.03'], attacker: ['5.53', '4.27', '2.67', '4.56', '4.09']
2026-05-14 05:50:16 | INFO    | dpfl.core.base_simulator | Round  54/150 | Acc: 0.7890 | Loss: 0.5960 | eps: 0.00 | P: 1.00 R: 1.00 F1: 1.00
2026-05-14 05:50:16 | DEBUG   | dpfl.core.base_simulator | Update norms — honest: ['0.04', '0.03', '0.03', '0.03', '0.03'], attacker: ['25.09', '17.65', '9.71', '21.14', '18.25']
2026-05-14 05:50:23 | INFO    | dpfl.core.base_simulator | Round  55/150 | Acc: 0.7896 | Loss: 0.5942 | eps: 0.00 | P: 1.00 R: 1.00 F1: 1.00
2026-05-14 05:50:23 | DEBUG   | dpfl.core.base_simulator | Update norms — honest: ['0.03', '0.03', '0.03', '0.03', '0.04'], attacker: ['126.66', '89.22', '53.99', '104.64', '93.61']
2026-05-14 05:50:31 | INFO    | dpfl.core.base_simulator | Round  56/150 | Acc: 0.7898 | Loss: 0.5933 | eps: 0.00 | P: 1.00 R: 1.00 F1: 1.00
2026-05-14 05:50:31 | DEBUG   | dpfl.core.base_simulator | Update norms — honest: ['0.03', '0.04', '0.03', '0.03', '0.03'], attacker: ['656.24', '492.59', '336.55', '567.13', '511.25']
2026-05-14 05:50:40 | INFO    | dpfl.core.base_simulator | Round  57/150 | Acc: 0.7905 | Loss: 0.5917 | eps: 0.00 | P: 1.00 R: 1.00 F1: 1.00
2026-05-14 05:50:40 | DEBUG   | dpfl.core.base_simulator | Update norms — honest: ['0.03', '0.04', '0.03', '0.03', '0.03'], attacker: ['3493.57', '2606.24', '2214.00', '2985.68', '2718.30']
2026-05-14 05:50:48 | INFO    | dpfl.core.base_simulator | Round  58/150 | Acc: 0.7905 | Loss: 0.5912 | eps: 0.00 | P: 1.00 R: 1.00 F1: 1.00
2026-05-14 05:50:48 | DEBUG   | dpfl.core.base_simulator | Update norms — honest: ['0.03', '0.03', '0.03', '0.03', '0.03'], attacker: ['19976.26', '15524.42', '14604.25', '17279.67', '16336.67']
2026-05-14 05:50:56 | INFO    | dpfl.core.base_simulator | Round  59/150 | Acc: 0.7911 | Loss: 0.5898 | eps: 0.00 | P: 1.00 R: 1.00 F1: 1.00
2026-05-14 05:50:56 | DEBUG   | dpfl.core.base_simulator | Update norms — honest: ['0.03', '0.04', '0.03', '0.04', '0.03'], attacker: ['111263.77', '94896.46', '100631.46', '100596.20', '98313.68']
2026-05-14 05:51:03 | INFO    | dpfl.core.base_simulator | Round  60/150 | Acc: 0.7912 | Loss: 0.5892 | eps: 0.00 | P: 1.00 R: 1.00 F1: 1.00
2026-05-14 05:51:03 | DEBUG   | dpfl.core.base_simulator | Update norms — honest: ['0.03', '0.03', '0.03', '0.03', '0.04'], attacker: ['704924.25', '618873.00', '627146.81', '637635.25', '648374.88']
2026-05-14 05:51:11 | INFO    | dpfl.core.base_simulator | Round  61/150 | Acc: 0.7915 | Loss: 0.5886 | eps: 0.00 | P: 1.00 R: 1.00 F1: 1.00
2026-05-14 05:51:11 | DEBUG   | dpfl.core.base_simulator | Update norms — honest: ['0.03', '0.03', '0.03', '0.04', '0.03'], attacker: ['4117284.75', '4127602.50', '4094311.75', '4160473.75', '4148294.50']
2026-05-14 05:51:18 | INFO    | dpfl.core.base_simulator | Round  62/150 | Acc: 0.7918 | Loss: 0.5878 | eps: 0.00 | P: 1.00 R: 1.00 F1: 1.00
2026-05-14 05:51:18 | DEBUG   | dpfl.core.base_simulator | Update norms — honest: ['0.03', '0.03', '0.03', '0.03', '0.03'], attacker: ['27562138.00', '26282492.00', '26014618.00', '26473320.00', '27091780.00']
2026-05-14 05:51:27 | INFO    | dpfl.core.base_simulator | Round  63/150 | Acc: 0.7923 | Loss: 0.5867 | eps: 0.00 | P: 1.00 R: 1.00 F1: 1.00
2026-05-14 05:51:27 | DEBUG   | dpfl.core.base_simulator | Update norms — honest: ['0.03', '0.03', '0.03', '0.03', '0.03'], attacker: ['164400496.00', '159039408.00', '155424704.00', '177792064.00', '156862448.00']
2026-05-14 05:51:35 | INFO    | dpfl.core.base_simulator | Round  64/150 | Acc: 0.7925 | Loss: 0.5859 | eps: 0.00 | P: 1.00 R: 1.00 F1: 1.00
2026-05-14 05:51:35 | DEBUG   | dpfl.core.base_simulator | Update norms — honest: ['0.03', '0.03', '0.03', '0.03', '0.02'], attacker: ['1022782144.00', '1066802880.00', '1035756736.00', '1086297600.00', '1052367488.00']
2026-05-14 05:51:42 | INFO    | dpfl.core.base_simulator | Round  65/150 | Acc: 0.7928 | Loss: 0.5853 | eps: 0.00 | P: 1.00 R: 1.00 F1: 1.00
2026-05-14 05:51:42 | DEBUG   | dpfl.core.base_simulator | Update norms — honest: ['0.03', '0.03', '0.03', '0.02', '0.03'], attacker: ['6108691968.00', '6774237696.00', '6340366336.00', '6494311424.00', '6930337792.00']
2026-05-14 05:51:49 | INFO    | dpfl.core.base_simulator | Round  66/150 | Acc: 0.7932 | Loss: 0.5844 | eps: 0.00 | P: 1.00 R: 1.00 F1: 1.00
2026-05-14 05:51:49 | DEBUG   | dpfl.core.base_simulator | Update norms — honest: ['0.03', '0.03', '0.03', '0.04', '0.03'], attacker: ['42247102464.00', '44627730432.00', '42233294848.00', '45201870848.00', '44675493888.00']
2026-05-14 05:51:57 | INFO    | dpfl.core.base_simulator | Round  67/150 | Acc: 0.7936 | Loss: 0.5837 | eps: 0.00 | P: 1.00 R: 1.00 F1: 1.00
2026-05-14 05:51:57 | DEBUG   | dpfl.core.base_simulator | Update norms — honest: ['0.03', '0.03', '0.03', '0.03', '0.03'], attacker: ['269895385088.00', '254740348928.00', '255801049088.00', '270503346176.00', '272311582720.00']
2026-05-14 05:52:05 | INFO    | dpfl.core.base_simulator | Round  68/150 | Acc: 0.7935 | Loss: 0.5835 | eps: 0.00 | P: 1.00 R: 1.00 F1: 1.00
2026-05-14 05:52:05 | DEBUG   | dpfl.core.base_simulator | Update norms — honest: ['0.03', '0.03', '0.03', '0.03', '0.03'], attacker: ['1711148892160.00', '1693061873664.00', '1790976720896.00', '1755294072832.00', '1800806465536.00']
2026-05-14 05:52:13 | INFO    | dpfl.core.base_simulator | Round  69/150 | Acc: 0.7939 | Loss: 0.5829 | eps: 0.00 | P: 1.00 R: 1.00 F1: 1.00
2026-05-14 05:52:13 | DEBUG   | dpfl.core.base_simulator | Update norms — honest: ['0.03', '0.03', '0.03', '0.03', '0.03'], attacker: ['10793561096192.00', '9440698826752.00', '10941928308736.00', '10078144954368.00', '10063168143360.00']
2026-05-14 05:52:20 | INFO    | dpfl.core.base_simulator | Round  70/150 | Acc: 0.7940 | Loss: 0.5825 | eps: 0.00 | P: 1.00 R: 1.00 F1: 1.00
2026-05-14 05:52:20 | DEBUG   | dpfl.core.base_simulator | Update norms — honest: ['0.03', '0.03', '0.03', '0.03', '0.03'], attacker: ['68754025218048.00', '66895428452352.00', '68783339208704.00', '67948068732928.00', '69535616991232.00']
2026-05-14 05:52:28 | INFO    | dpfl.core.base_simulator | Round  71/150 | Acc: 0.7942 | Loss: 0.5819 | eps: 0.00 | P: 1.00 R: 1.00 F1: 1.00
2026-05-14 05:52:28 | DEBUG   | dpfl.core.base_simulator | Update norms — honest: ['0.03', '0.03', '0.04', '0.03', '0.03'], attacker: ['396989833412608.00', '412918759817216.00', '388462846935040.00', '390988589694976.00', '452933460164608.00']
2026-05-14 05:52:36 | INFO    | dpfl.core.base_simulator | Round  72/150 | Acc: 0.7943 | Loss: 0.5816 | eps: 0.00 | P: 1.00 R: 1.00 F1: 1.00
2026-05-14 05:52:36 | DEBUG   | dpfl.core.base_simulator | Update norms — honest: ['0.03', '0.03', '0.03', '0.03', '0.03'], attacker: ['2739286117974016.00', '2736013889765376.00', '2796214298869760.00', '2791467286265856.00', '2868710394036224.00']
2026-05-14 05:52:44 | INFO    | dpfl.core.base_simulator | Round  73/150 | Acc: 0.7947 | Loss: 0.5812 | eps: 0.00 | P: 1.00 R: 1.00 F1: 1.00
2026-05-14 05:52:44 | DEBUG   | dpfl.core.base_simulator | Update norms — honest: ['0.03', '0.03', '0.03', '0.03', '0.03'], attacker: ['16328129924562944.00', '15416733569384448.00', '15772220496281600.00', '15608708943839232.00', '16430176200032256.00']
2026-05-14 05:52:53 | INFO    | dpfl.core.base_simulator | Round  74/150 | Acc: 0.7948 | Loss: 0.5810 | eps: 0.00 | P: 1.00 R: 1.00 F1: 1.00
2026-05-14 05:52:53 | DEBUG   | dpfl.core.base_simulator | Update norms — honest: ['0.03', '0.04', '0.03', '0.04', '0.03'], attacker: ['110577850045693952.00', '111990627998105600.00', '112939609612091392.00', '114895872726138880.00', '112809094145900544.00']
2026-05-14 05:53:01 | INFO    | dpfl.core.base_simulator | Round  75/150 | Acc: 0.7949 | Loss: 0.5806 | eps: 0.00 | P: 1.00 R: 1.00 F1: 1.00
2026-05-14 05:53:01 | DEBUG   | dpfl.core.base_simulator | Update norms — honest: ['0.03', '0.04', '0.03', '0.03', '0.03'], attacker: ['630259237775212544.00', '643305286836158464.00', '693620863068536832.00', '621296225144012800.00', '657895393819885568.00']
2026-05-14 05:53:08 | INFO    | dpfl.core.base_simulator | Round  76/150 | Acc: 0.7949 | Loss: 0.5803 | eps: 0.00 | P: 1.00 R: 1.00 F1: 1.00
2026-05-14 05:53:08 | DEBUG   | dpfl.core.base_simulator | Update norms — honest: ['0.02', '0.03', '0.03', '0.03', '0.03'], attacker: ['4460618068573290496.00', '4591420094982127616.00', '4564367161136513024.00', '4594141111382966272.00', '4492169379366043648.00']
2026-05-14 05:53:16 | INFO    | dpfl.core.base_simulator | Round  77/150 | Acc: 0.7955 | Loss: 0.5796 | eps: 0.00 | P: 1.00 R: 1.00 F1: 1.00
2026-05-14 05:53:16 | DEBUG   | dpfl.core.base_simulator | Update norms — honest: ['0.03', '0.03', '0.03', '0.03', '0.02'], attacker: ['inf', 'inf', 'inf', 'inf', 'inf']
2026-05-14 05:53:22 | INFO    | dpfl.core.base_simulator | Round  78/150 | Acc: 0.7955 | Loss: 0.5798 | eps: 0.00 | P: 1.00 R: 1.00 F1: 1.00
2026-05-14 05:53:22 | DEBUG   | dpfl.core.base_simulator | Update norms — honest: ['0.02', '0.03', '0.03', '0.03', '0.02'], attacker: ['nan', 'nan', 'nan', 'nan', 'nan']
2026-05-14 05:53:31 | INFO    | dpfl.core.base_simulator | Round  79/150 | Acc: 0.7958 | Loss: 0.5791 | eps: 0.00 | P: 1.00 R: 1.00 F1: 1.00
2026-05-14 05:53:31 | DEBUG   | dpfl.core.base_simulator | Update norms — honest: ['0.03', '0.02', '0.03', '0.03', '0.03'], attacker: ['nan', 'nan', 'nan', 'nan', 'nan']
2026-05-14 05:53:39 | INFO    | dpfl.core.base_simulator | Round  80/150 | Acc: 0.7959 | Loss: 0.5791 | eps: 0.00 | P: 1.00 R: 1.00 F1: 1.00
2026-05-14 05:53:39 | DEBUG   | dpfl.core.base_simulator | Update norms — honest: ['0.03', '0.03', '0.03', '0.03', '0.03'], attacker: ['nan', 'nan', 'nan', 'nan', 'nan']
2026-05-14 05:53:46 | INFO    | dpfl.core.base_simulator | Round  81/150 | Acc: 0.7959 | Loss: 0.5793 | eps: 0.00 | P: 1.00 R: 1.00 F1: 1.00
2026-05-14 05:53:46 | DEBUG   | dpfl.core.base_simulator | Update norms — honest: ['0.03', '0.03', '0.03', '0.03', '0.04'], attacker: ['nan', 'nan', 'nan', 'nan', 'nan']
2026-05-14 05:53:52 | INFO    | dpfl.core.base_simulator | Round  82/150 | Acc: 0.7960 | Loss: 0.5789 | eps: 0.00 | P: 1.00 R: 1.00 F1: 1.00
2026-05-14 05:53:52 | DEBUG   | dpfl.core.base_simulator | Update norms — honest: ['0.02', '0.02', '0.03', '0.03', '0.03'], attacker: ['nan', 'nan', 'nan', 'nan', 'nan']
2026-05-14 05:53:59 | INFO    | dpfl.core.base_simulator | Round  83/150 | Acc: 0.7962 | Loss: 0.5787 | eps: 0.00 | P: 1.00 R: 1.00 F1: 1.00
2026-05-14 05:53:59 | DEBUG   | dpfl.core.base_simulator | Update norms — honest: ['0.02', '0.03', '0.03', '0.02', '0.02'], attacker: ['nan', 'nan', 'nan', 'nan', 'nan']
2026-05-14 05:54:08 | INFO    | dpfl.core.base_simulator | Round  84/150 | Acc: 0.7963 | Loss: 0.5789 | eps: 0.00 | P: 1.00 R: 1.00 F1: 1.00
2026-05-14 05:54:08 | DEBUG   | dpfl.core.base_simulator | Update norms — honest: ['0.02', '0.03', '0.03', '0.02', '0.02'], attacker: ['nan', 'nan', 'nan', 'nan', 'nan']
2026-05-14 05:54:14 | INFO    | dpfl.core.base_simulator | Round  85/150 | Acc: 0.7964 | Loss: 0.5785 | eps: 0.00 | P: 1.00 R: 1.00 F1: 1.00
2026-05-14 05:54:14 | DEBUG   | dpfl.core.base_simulator | Update norms — honest: ['0.02', '0.03', '0.03', '0.02', '0.02'], attacker: ['nan', 'nan', 'nan', 'nan', 'nan']
2026-05-14 05:54:20 | INFO    | dpfl.core.base_simulator | Round  86/150 | Acc: 0.7966 | Loss: 0.5783 | eps: 0.00 | P: 1.00 R: 1.00 F1: 1.00
2026-05-14 05:54:20 | DEBUG   | dpfl.core.base_simulator | Update norms — honest: ['0.03', '0.03', '0.03', '0.03', '0.03'], attacker: ['nan', 'nan', 'nan', 'nan', 'nan']
2026-05-14 05:54:28 | INFO    | dpfl.core.base_simulator | Round  87/150 | Acc: 0.7966 | Loss: 0.5783 | eps: 0.00 | P: 1.00 R: 1.00 F1: 1.00
2026-05-14 05:54:28 | DEBUG   | dpfl.core.base_simulator | Update norms — honest: ['0.03', '0.02', '0.03', '0.03', '0.02'], attacker: ['nan', 'nan', 'nan', 'nan', 'nan']
2026-05-14 05:54:36 | INFO    | dpfl.core.base_simulator | Round  88/150 | Acc: 0.7969 | Loss: 0.5784 | eps: 0.00 | P: 1.00 R: 1.00 F1: 1.00
2026-05-14 05:54:36 | DEBUG   | dpfl.core.base_simulator | Update norms — honest: ['0.03', '0.03', '0.03', '0.03', '0.02'], attacker: ['nan', 'nan', 'nan', 'nan', 'nan']
2026-05-14 05:54:42 | INFO    | dpfl.core.base_simulator | Round  89/150 | Acc: 0.7970 | Loss: 0.5781 | eps: 0.00 | P: 1.00 R: 1.00 F1: 1.00
2026-05-14 05:54:42 | DEBUG   | dpfl.core.base_simulator | Update norms — honest: ['0.03', '0.02', '0.03', '0.03', '0.03'], attacker: ['nan', 'nan', 'nan', 'nan', 'nan']
2026-05-14 05:54:48 | INFO    | dpfl.core.base_simulator | Round  90/150 | Acc: 0.7970 | Loss: 0.5782 | eps: 0.00 | P: 1.00 R: 1.00 F1: 1.00
2026-05-14 05:54:48 | DEBUG   | dpfl.core.base_simulator | Update norms — honest: ['0.02', '0.02', '0.03', '0.03', '0.02'], attacker: ['nan', 'nan', 'nan', 'nan', 'nan']
2026-05-14 05:54:56 | INFO    | dpfl.core.base_simulator | Round  91/150 | Acc: 0.7971 | Loss: 0.5783 | eps: 0.00 | P: 1.00 R: 1.00 F1: 1.00
2026-05-14 05:54:56 | DEBUG   | dpfl.core.base_simulator | Update norms — honest: ['0.03', '0.03', '0.03', '0.02', '0.03'], attacker: ['nan', 'nan', 'nan', 'nan', 'nan']
2026-05-14 05:55:03 | INFO    | dpfl.core.base_simulator | Round  92/150 | Acc: 0.7973 | Loss: 0.5781 | eps: 0.00 | P: 1.00 R: 1.00 F1: 1.00
2026-05-14 05:55:03 | DEBUG   | dpfl.core.base_simulator | Update norms — honest: ['0.03', '0.03', '0.03', '0.03', '0.03'], attacker: ['nan', 'nan', 'nan', 'nan', 'nan']
2026-05-14 05:55:10 | INFO    | dpfl.core.base_simulator | Round  93/150 | Acc: 0.7972 | Loss: 0.5782 | eps: 0.00 | P: 1.00 R: 1.00 F1: 1.00
2026-05-14 05:55:10 | DEBUG   | dpfl.core.base_simulator | Update norms — honest: ['0.02', '0.03', '0.03', '0.03', '0.02'], attacker: ['nan', 'nan', 'nan', 'nan', 'nan']
2026-05-14 05:55:15 | INFO    | dpfl.core.base_simulator | Round  94/150 | Acc: 0.7976 | Loss: 0.5781 | eps: 0.00 | P: 1.00 R: 1.00 F1: 1.00
2026-05-14 05:55:15 | DEBUG   | dpfl.core.base_simulator | Update norms — honest: ['0.02', '0.03', '0.03', '0.03', '0.03'], attacker: ['nan', 'nan', 'nan', 'nan', 'nan']
2026-05-14 05:55:24 | INFO    | dpfl.core.base_simulator | Round  95/150 | Acc: 0.7976 | Loss: 0.5784 | eps: 0.00 | P: 1.00 R: 1.00 F1: 1.00
2026-05-14 05:55:24 | DEBUG   | dpfl.core.base_simulator | Update norms — honest: ['0.03', '0.02', '0.03', '0.03', '0.02'], attacker: ['nan', 'nan', 'nan', 'nan', 'nan']
2026-05-14 05:55:31 | INFO    | dpfl.core.base_simulator | Round  96/150 | Acc: 0.7974 | Loss: 0.5786 | eps: 0.00 | P: 1.00 R: 1.00 F1: 1.00
2026-05-14 05:55:31 | DEBUG   | dpfl.core.base_simulator | Update norms — honest: ['0.02', '0.03', '0.03', '0.03', '0.02'], attacker: ['nan', 'nan', 'nan', 'nan', 'nan']
2026-05-14 05:55:37 | INFO    | dpfl.core.base_simulator | Round  97/150 | Acc: 0.7976 | Loss: 0.5788 | eps: 0.00 | P: 1.00 R: 1.00 F1: 1.00
2026-05-14 05:55:37 | DEBUG   | dpfl.core.base_simulator | Update norms — honest: ['0.03', '0.03', '0.03', '0.03', '0.02'], attacker: ['nan', 'nan', 'nan', 'nan', 'nan']
2026-05-14 05:55:44 | INFO    | dpfl.core.base_simulator | Round  98/150 | Acc: 0.7979 | Loss: 0.5783 | eps: 0.00 | P: 1.00 R: 1.00 F1: 1.00
2026-05-14 05:55:44 | DEBUG   | dpfl.core.base_simulator | Update norms — honest: ['0.03', '0.03', '0.03', '0.03', '0.03'], attacker: ['nan', 'nan', 'nan', 'nan', 'nan']
2026-05-14 05:55:53 | INFO    | dpfl.core.base_simulator | Round  99/150 | Acc: 0.7978 | Loss: 0.5786 | eps: 0.00 | P: 1.00 R: 1.00 F1: 1.00
2026-05-14 05:55:53 | DEBUG   | dpfl.core.base_simulator | Update norms — honest: ['0.03', '0.02', '0.03', '0.03', '0.02'], attacker: ['nan', 'nan', 'nan', 'nan', 'nan']
2026-05-14 05:55:59 | INFO    | dpfl.core.base_simulator | Round 100/150 | Acc: 0.7980 | Loss: 0.5791 | eps: 0.00 | P: 1.00 R: 1.00 F1: 1.00
2026-05-14 05:55:59 | DEBUG   | dpfl.core.base_simulator | Update norms — honest: ['0.03', '0.02', '0.03', '0.04', '0.02'], attacker: ['nan', 'nan', 'nan', 'nan', 'nan']
2026-05-14 05:56:04 | INFO    | dpfl.core.base_simulator | Round 101/150 | Acc: 0.7981 | Loss: 0.5787 | eps: 0.00 | P: 1.00 R: 1.00 F1: 1.00
2026-05-14 05:56:04 | DEBUG   | dpfl.core.base_simulator | Update norms — honest: ['0.02', '0.03', '0.02', '0.02', '0.03'], attacker: ['nan', 'nan', 'nan', 'nan', 'nan']
2026-05-14 05:56:13 | INFO    | dpfl.core.base_simulator | Round 102/150 | Acc: 0.7983 | Loss: 0.5790 | eps: 0.00 | P: 1.00 R: 1.00 F1: 1.00
2026-05-14 05:56:13 | DEBUG   | dpfl.core.base_simulator | Update norms — honest: ['0.03', '0.03', '0.02', '0.03', '0.03'], attacker: ['nan', 'nan', 'nan', 'nan', 'nan']
2026-05-14 05:56:18 | INFO    | dpfl.core.base_simulator | Round 103/150 | Acc: 0.7981 | Loss: 0.5793 | eps: 0.00 | P: 1.00 R: 1.00 F1: 1.00
2026-05-14 05:56:18 | DEBUG   | dpfl.core.base_simulator | Update norms — honest: ['0.03', '0.03', '0.02', '0.03', '0.02'], attacker: ['nan', 'nan', 'nan', 'nan', 'nan']
2026-05-14 05:56:24 | INFO    | dpfl.core.base_simulator | Round 104/150 | Acc: 0.7982 | Loss: 0.5796 | eps: 0.00 | P: 1.00 R: 1.00 F1: 1.00
2026-05-14 05:56:24 | DEBUG   | dpfl.core.base_simulator | Update norms — honest: ['0.02', '0.03', '0.03', '0.02', '0.03'], attacker: ['nan', 'nan', 'nan', 'nan', 'nan']
2026-05-14 05:56:32 | INFO    | dpfl.core.base_simulator | Round 105/150 | Acc: 0.7981 | Loss: 0.5802 | eps: 0.00 | P: 1.00 R: 1.00 F1: 1.00
2026-05-14 05:56:32 | DEBUG   | dpfl.core.base_simulator | Update norms — honest: ['0.03', '0.03', '0.03', '0.03', '0.03'], attacker: ['nan', 'nan', 'nan', 'nan', 'nan']
2026-05-14 05:56:34 | INFO    | dpfl.core.base_simulator | Round 106/150 | Acc: 0.7983 | Loss: 0.5799 | eps: 0.00 | P: 1.00 R: 1.00 F1: 1.00
2026-05-14 05:56:34 | DEBUG   | dpfl.core.base_simulator | Update norms — honest: ['0.02', '0.03', '0.03', '0.02', '0.02'], attacker: ['nan', 'nan', 'nan', 'nan', 'nan']
2026-05-14 05:56:35 | INFO    | dpfl.core.base_simulator | Round 107/150 | Acc: 0.7983 | Loss: 0.5802 | eps: 0.00 | P: 1.00 R: 1.00 F1: 1.00
2026-05-14 05:56:35 | DEBUG   | dpfl.core.base_simulator | Update norms — honest: ['0.02', '0.02', '0.03', '0.02', '0.02'], attacker: ['nan', 'nan', 'nan', 'nan', 'nan']
2026-05-14 05:56:36 | INFO    | dpfl.core.base_simulator | Round 108/150 | Acc: 0.7985 | Loss: 0.5800 | eps: 0.00 | P: 1.00 R: 1.00 F1: 1.00
2026-05-14 05:56:36 | DEBUG   | dpfl.core.base_simulator | Update norms — honest: ['0.02', '0.02', '0.02', '0.03', '0.02'], attacker: ['nan', 'nan', 'nan', 'nan', 'nan']
2026-05-14 05:56:38 | INFO    | dpfl.core.base_simulator | Round 109/150 | Acc: 0.7985 | Loss: 0.5808 | eps: 0.00 | P: 1.00 R: 1.00 F1: 1.00
2026-05-14 05:56:38 | DEBUG   | dpfl.core.base_simulator | Update norms — honest: ['0.03', '0.02', '0.03', '0.02', '0.03'], attacker: ['nan', 'nan', 'nan', 'nan', 'nan']
2026-05-14 05:56:48 | INFO    | dpfl.core.base_simulator | Round 110/150 | Acc: 0.7985 | Loss: 0.5810 | eps: 0.00 | P: 1.00 R: 1.00 F1: 1.00
2026-05-14 05:56:48 | DEBUG   | dpfl.core.base_simulator | Update norms — honest: ['0.03', '0.03', '0.03', '0.02', '0.02'], attacker: ['nan', 'nan', 'nan', 'nan', 'nan']
2026-05-14 05:57:07 | INFO    | dpfl.core.base_simulator | Round 111/150 | Acc: 0.7985 | Loss: 0.5812 | eps: 0.00 | P: 1.00 R: 1.00 F1: 1.00
2026-05-14 05:57:07 | DEBUG   | dpfl.core.base_simulator | Update norms — honest: ['0.02', '0.02', '0.03', '0.02', '0.02'], attacker: ['nan', 'nan', 'nan', 'nan', 'nan']
2026-05-14 05:57:27 | INFO    | dpfl.core.base_simulator | Round 112/150 | Acc: 0.7985 | Loss: 0.5815 | eps: 0.00 | P: 1.00 R: 1.00 F1: 1.00
2026-05-14 05:57:27 | DEBUG   | dpfl.core.base_simulator | Update norms — honest: ['0.02', '0.03', '0.03', '0.03', '0.03'], attacker: ['nan', 'nan', 'nan', 'nan', 'nan']
2026-05-14 05:57:46 | INFO    | dpfl.core.base_simulator | Round 113/150 | Acc: 0.7987 | Loss: 0.5815 | eps: 0.00 | P: 1.00 R: 1.00 F1: 1.00
2026-05-14 05:57:46 | DEBUG   | dpfl.core.base_simulator | Update norms — honest: ['0.02', '0.02', '0.03', '0.04', '0.03'], attacker: ['nan', 'nan', 'nan', 'nan', 'nan']
2026-05-14 05:58:00 | INFO    | dpfl.core.base_simulator | Round 114/150 | Acc: 0.7988 | Loss: 0.5819 | eps: 0.00 | P: 1.00 R: 1.00 F1: 1.00
2026-05-14 05:58:00 | DEBUG   | dpfl.core.base_simulator | Update norms — honest: ['0.02', '0.02', '0.03', '0.03', '0.03'], attacker: ['nan', 'nan', 'nan', 'nan', 'nan']
2026-05-14 05:58:16 | INFO    | dpfl.core.base_simulator | Round 115/150 | Acc: 0.7985 | Loss: 0.5825 | eps: 0.00 | P: 1.00 R: 1.00 F1: 1.00
2026-05-14 05:58:16 | DEBUG   | dpfl.core.base_simulator | Update norms — honest: ['0.02', '0.02', '0.02', '0.02', '0.03'], attacker: ['nan', 'nan', 'nan', 'nan', 'nan']
2026-05-14 05:58:33 | INFO    | dpfl.core.base_simulator | Round 116/150 | Acc: 0.7990 | Loss: 0.5825 | eps: 0.00 | P: 1.00 R: 1.00 F1: 1.00
2026-05-14 05:58:33 | DEBUG   | dpfl.core.base_simulator | Update norms — honest: ['0.02', '0.03', '0.02', '0.02', '0.03'], attacker: ['nan', 'nan', 'nan', 'nan', 'nan']
2026-05-14 05:58:51 | INFO    | dpfl.core.base_simulator | Round 117/150 | Acc: 0.7990 | Loss: 0.5825 | eps: 0.00 | P: 1.00 R: 1.00 F1: 1.00
2026-05-14 05:58:51 | DEBUG   | dpfl.core.base_simulator | Update norms — honest: ['0.03', '0.02', '0.03', '0.03', '0.02'], attacker: ['nan', 'nan', 'nan', 'nan', 'nan']
2026-05-14 05:59:12 | INFO    | dpfl.core.base_simulator | Round 118/150 | Acc: 0.7989 | Loss: 0.5832 | eps: 0.00 | P: 1.00 R: 1.00 F1: 1.00
2026-05-14 05:59:12 | DEBUG   | dpfl.core.base_simulator | Update norms — honest: ['0.03', '0.02', '0.02', '0.02', '0.04'], attacker: ['nan', 'nan', 'nan', 'nan', 'nan']
2026-05-14 05:59:17 | INFO    | dpfl.core.base_simulator | Round 119/150 | Acc: 0.7989 | Loss: 0.5836 | eps: 0.00 | P: 1.00 R: 1.00 F1: 1.00
2026-05-14 05:59:17 | DEBUG   | dpfl.core.base_simulator | Update norms — honest: ['0.02', '0.02', '0.03', '0.02', '0.03'], attacker: ['nan', 'nan', 'nan', 'nan', 'nan']
2026-05-14 05:59:18 | INFO    | dpfl.core.base_simulator | Round 120/150 | Acc: 0.7987 | Loss: 0.5840 | eps: 0.00 | P: 1.00 R: 1.00 F1: 1.00
2026-05-14 05:59:18 | DEBUG   | dpfl.core.base_simulator | Update norms — honest: ['0.02', '0.02', '0.03', '0.03', '0.02'], attacker: ['nan', 'nan', 'nan', 'nan', 'nan']
2026-05-14 05:59:20 | INFO    | dpfl.core.base_simulator | Round 121/150 | Acc: 0.7990 | Loss: 0.5842 | eps: 0.00 | P: 1.00 R: 1.00 F1: 1.00
2026-05-14 05:59:20 | DEBUG   | dpfl.core.base_simulator | Update norms — honest: ['0.02', '0.03', '0.02', '0.03', '0.02'], attacker: ['nan', 'nan', 'nan', 'nan', 'nan']
2026-05-14 05:59:23 | INFO    | dpfl.core.base_simulator | Round 122/150 | Acc: 0.7991 | Loss: 0.5844 | eps: 0.00 | P: 1.00 R: 1.00 F1: 1.00
2026-05-14 05:59:23 | DEBUG   | dpfl.core.base_simulator | Update norms — honest: ['0.03', '0.02', '0.02', '0.03', '0.02'], attacker: ['nan', 'nan', 'nan', 'nan', 'nan']
2026-05-14 05:59:32 | INFO    | dpfl.core.base_simulator | Round 123/150 | Acc: 0.7991 | Loss: 0.5849 | eps: 0.00 | P: 1.00 R: 1.00 F1: 1.00
2026-05-14 05:59:32 | DEBUG   | dpfl.core.base_simulator | Update norms — honest: ['0.02', '0.02', '0.02', '0.02', '0.02'], attacker: ['nan', 'nan', 'nan', 'nan', 'nan']
2026-05-14 05:59:38 | INFO    | dpfl.core.base_simulator | Round 124/150 | Acc: 0.7991 | Loss: 0.5853 | eps: 0.00 | P: 1.00 R: 1.00 F1: 1.00
2026-05-14 05:59:38 | DEBUG   | dpfl.core.base_simulator | Update norms — honest: ['0.03', '0.03', '0.02', '0.02', '0.03'], attacker: ['nan', 'nan', 'nan', 'nan', 'nan']
2026-05-14 05:59:40 | INFO    | dpfl.core.base_simulator | Round 125/150 | Acc: 0.7991 | Loss: 0.5857 | eps: 0.00 | P: 1.00 R: 1.00 F1: 1.00
2026-05-14 05:59:40 | DEBUG   | dpfl.core.base_simulator | Update norms — honest: ['0.02', '0.02', '0.02', '0.03', '0.02'], attacker: ['nan', 'nan', 'nan', 'nan', 'nan']
2026-05-14 05:59:49 | INFO    | dpfl.core.base_simulator | Round 126/150 | Acc: 0.7990 | Loss: 0.5862 | eps: 0.00 | P: 1.00 R: 1.00 F1: 1.00
2026-05-14 05:59:49 | DEBUG   | dpfl.core.base_simulator | Update norms — honest: ['0.02', '0.02', '0.02', '0.02', '0.02'], attacker: ['nan', 'nan', 'nan', 'nan', 'nan']
2026-05-14 05:59:51 | INFO    | dpfl.core.base_simulator | Round 127/150 | Acc: 0.7991 | Loss: 0.5863 | eps: 0.00 | P: 1.00 R: 1.00 F1: 1.00
2026-05-14 05:59:51 | DEBUG   | dpfl.core.base_simulator | Update norms — honest: ['0.02', '0.02', '0.02', '0.03', '0.02'], attacker: ['nan', 'nan', 'nan', 'nan', 'nan']
2026-05-14 05:59:57 | INFO    | dpfl.core.base_simulator | Round 128/150 | Acc: 0.7990 | Loss: 0.5872 | eps: 0.00 | P: 1.00 R: 1.00 F1: 1.00
2026-05-14 05:59:57 | DEBUG   | dpfl.core.base_simulator | Update norms — honest: ['0.02', '0.02', '0.02', '0.02', '0.03'], attacker: ['nan', 'nan', 'nan', 'nan', 'nan']
2026-05-14 06:00:03 | INFO    | dpfl.core.base_simulator | Round 129/150 | Acc: 0.7992 | Loss: 0.5870 | eps: 0.00 | P: 1.00 R: 1.00 F1: 1.00
2026-05-14 06:00:03 | DEBUG   | dpfl.core.base_simulator | Update norms — honest: ['0.02', '0.02', '0.02', '0.03', '0.02'], attacker: ['nan', 'nan', 'nan', 'nan', 'nan']
2026-05-14 06:00:05 | INFO    | dpfl.core.base_simulator | Round 130/150 | Acc: 0.7989 | Loss: 0.5881 | eps: 0.00 | P: 1.00 R: 1.00 F1: 1.00
2026-05-14 06:00:05 | DEBUG   | dpfl.core.base_simulator | Update norms — honest: ['0.02', '0.02', '0.02', '0.02', '0.02'], attacker: ['nan', 'nan', 'nan', 'nan', 'nan']
2026-05-14 06:00:14 | INFO    | dpfl.core.base_simulator | Round 131/150 | Acc: 0.7992 | Loss: 0.5881 | eps: 0.00 | P: 1.00 R: 1.00 F1: 1.00
2026-05-14 06:00:14 | DEBUG   | dpfl.core.base_simulator | Update norms — honest: ['0.02', '0.02', '0.02', '0.02', '0.03'], attacker: ['nan', 'nan', 'nan', 'nan', 'nan']
2026-05-14 06:00:16 | INFO    | dpfl.core.base_simulator | Round 132/150 | Acc: 0.7992 | Loss: 0.5885 | eps: 0.00 | P: 1.00 R: 1.00 F1: 1.00
2026-05-14 06:00:16 | DEBUG   | dpfl.core.base_simulator | Update norms — honest: ['0.02', '0.02', '0.02', '0.03', '0.02'], attacker: ['nan', 'nan', 'nan', 'nan', 'nan']
2026-05-14 06:00:22 | INFO    | dpfl.core.base_simulator | Round 133/150 | Acc: 0.7990 | Loss: 0.5892 | eps: 0.00 | P: 1.00 R: 1.00 F1: 1.00
2026-05-14 06:00:22 | DEBUG   | dpfl.core.base_simulator | Update norms — honest: ['0.02', '0.03', '0.02', '0.02', '0.02'], attacker: ['nan', 'nan', 'nan', 'nan', 'nan']
2026-05-14 06:00:27 | INFO    | dpfl.core.base_simulator | Round 134/150 | Acc: 0.7992 | Loss: 0.5897 | eps: 0.00 | P: 1.00 R: 1.00 F1: 1.00
2026-05-14 06:00:27 | DEBUG   | dpfl.core.base_simulator | Update norms — honest: ['0.02', '0.03', '0.02', '0.02', '0.02'], attacker: ['nan', 'nan', 'nan', 'nan', 'nan']
2026-05-14 06:00:29 | INFO    | dpfl.core.base_simulator | Round 135/150 | Acc: 0.7992 | Loss: 0.5902 | eps: 0.00 | P: 1.00 R: 1.00 F1: 1.00
2026-05-14 06:00:29 | DEBUG   | dpfl.core.base_simulator | Update norms — honest: ['0.02', '0.03', '0.02', '0.02', '0.03'], attacker: ['nan', 'nan', 'nan', 'nan', 'nan']
2026-05-14 06:00:39 | INFO    | dpfl.core.base_simulator | Round 136/150 | Acc: 0.7992 | Loss: 0.5904 | eps: 0.00 | P: 1.00 R: 1.00 F1: 1.00
2026-05-14 06:00:39 | DEBUG   | dpfl.core.base_simulator | Update norms — honest: ['0.02', '0.02', '0.02', '0.02', '0.02'], attacker: ['nan', 'nan', 'nan', 'nan', 'nan']
2026-05-14 06:00:40 | INFO    | dpfl.core.base_simulator | Round 137/150 | Acc: 0.7993 | Loss: 0.5906 | eps: 0.00 | P: 1.00 R: 1.00 F1: 1.00
2026-05-14 06:00:40 | DEBUG   | dpfl.core.base_simulator | Update norms — honest: ['0.02', '0.02', '0.02', '0.03', '0.02'], attacker: ['nan', 'nan', 'nan', 'nan', 'nan']
2026-05-14 06:00:47 | INFO    | dpfl.core.base_simulator | Round 138/150 | Acc: 0.7993 | Loss: 0.5912 | eps: 0.00 | P: 1.00 R: 1.00 F1: 1.00
2026-05-14 06:00:47 | DEBUG   | dpfl.core.base_simulator | Update norms — honest: ['0.02', '0.02', '0.02', '0.03', '0.02'], attacker: ['nan', 'nan', 'nan', 'nan', 'nan']
2026-05-14 06:00:52 | INFO    | dpfl.core.base_simulator | Round 139/150 | Acc: 0.7992 | Loss: 0.5919 | eps: 0.00 | P: 1.00 R: 1.00 F1: 1.00
2026-05-14 06:00:52 | DEBUG   | dpfl.core.base_simulator | Update norms — honest: ['0.03', '0.02', '0.02', '0.02', '0.03'], attacker: ['nan', 'nan', 'nan', 'nan', 'nan']
2026-05-14 06:00:55 | INFO    | dpfl.core.base_simulator | Round 140/150 | Acc: 0.7992 | Loss: 0.5922 | eps: 0.00 | P: 1.00 R: 1.00 F1: 1.00
2026-05-14 06:00:55 | DEBUG   | dpfl.core.base_simulator | Update norms — honest: ['0.03', '0.02', '0.02', '0.03', '0.03'], attacker: ['nan', 'nan', 'nan', 'nan', 'nan']
2026-05-14 06:01:04 | INFO    | dpfl.core.base_simulator | Round 141/150 | Acc: 0.7992 | Loss: 0.5930 | eps: 0.00 | P: 1.00 R: 1.00 F1: 1.00
2026-05-14 06:01:04 | DEBUG   | dpfl.core.base_simulator | Update norms — honest: ['0.03', '0.03', '0.03', '0.02', '0.03'], attacker: ['nan', 'nan', 'nan', 'nan', 'nan']
2026-05-14 06:01:05 | INFO    | dpfl.core.base_simulator | Round 142/150 | Acc: 0.7991 | Loss: 0.5935 | eps: 0.00 | P: 1.00 R: 1.00 F1: 1.00
2026-05-14 06:01:05 | DEBUG   | dpfl.core.base_simulator | Update norms — honest: ['0.02', '0.03', '0.02', '0.02', '0.02'], attacker: ['nan', 'nan', 'nan', 'nan', 'nan']
2026-05-14 06:01:11 | INFO    | dpfl.core.base_simulator | Round 143/150 | Acc: 0.7993 | Loss: 0.5938 | eps: 0.00 | P: 1.00 R: 1.00 F1: 1.00
2026-05-14 06:01:11 | DEBUG   | dpfl.core.base_simulator | Update norms — honest: ['0.02', '0.03', '0.03', '0.02', '0.03'], attacker: ['nan', 'nan', 'nan', 'nan', 'nan']
2026-05-14 06:01:17 | INFO    | dpfl.core.base_simulator | Round 144/150 | Acc: 0.7993 | Loss: 0.5943 | eps: 0.00 | P: 1.00 R: 1.00 F1: 1.00
2026-05-14 06:01:17 | DEBUG   | dpfl.core.base_simulator | Update norms — honest: ['0.02', '0.02', '0.03', '0.02', '0.03'], attacker: ['nan', 'nan', 'nan', 'nan', 'nan']
2026-05-14 06:01:18 | INFO    | dpfl.core.base_simulator | Round 145/150 | Acc: 0.7993 | Loss: 0.5950 | eps: 0.00 | P: 1.00 R: 1.00 F1: 1.00
2026-05-14 06:01:18 | DEBUG   | dpfl.core.base_simulator | Update norms — honest: ['0.02', '0.03', '0.02', '0.03', '0.02'], attacker: ['nan', 'nan', 'nan', 'nan', 'nan']
2026-05-14 06:01:22 | INFO    | dpfl.core.base_simulator | Round 146/150 | Acc: 0.7992 | Loss: 0.5955 | eps: 0.00 | P: 1.00 R: 1.00 F1: 1.00
2026-05-14 06:01:22 | DEBUG   | dpfl.core.base_simulator | Update norms — honest: ['0.02', '0.02', '0.02', '0.02', '0.02'], attacker: ['nan', 'nan', 'nan', 'nan', 'nan']
2026-05-14 06:01:30 | INFO    | dpfl.core.base_simulator | Round 147/150 | Acc: 0.7993 | Loss: 0.5960 | eps: 0.00 | P: 1.00 R: 1.00 F1: 1.00
2026-05-14 06:01:30 | DEBUG   | dpfl.core.base_simulator | Update norms — honest: ['0.02', '0.02', '0.03', '0.03', '0.03'], attacker: ['nan', 'nan', 'nan', 'nan', 'nan']
2026-05-14 06:01:31 | INFO    | dpfl.core.base_simulator | Round 148/150 | Acc: 0.7992 | Loss: 0.5961 | eps: 0.00 | P: 1.00 R: 1.00 F1: 1.00
2026-05-14 06:01:31 | DEBUG   | dpfl.core.base_simulator | Update norms — honest: ['0.02', '0.02', '0.03', '0.02', '0.03'], attacker: ['nan', 'nan', 'nan', 'nan', 'nan']
2026-05-14 06:01:38 | INFO    | dpfl.core.base_simulator | Round 149/150 | Acc: 0.7993 | Loss: 0.5969 | eps: 0.00 | P: 1.00 R: 1.00 F1: 1.00
2026-05-14 06:01:38 | DEBUG   | dpfl.core.base_simulator | Update norms — honest: ['0.03', '0.02', '0.02', '0.02', '0.03'], attacker: ['nan', 'nan', 'nan', 'nan', 'nan']
2026-05-14 06:01:43 | INFO    | dpfl.core.base_simulator | Round 150/150 | Acc: 0.7993 | Loss: 0.5974 | eps: 0.00 | P: 1.00 R: 1.00 F1: 1.00
2026-05-14 06:01:43 | DEBUG   | dpfl.core.base_simulator | Update norms — honest: ['0.02', '0.02', '0.02', '0.02', '0.02'], attacker: ['nan', 'nan', 'nan', 'nan', 'nan']
2026-05-14 06:01:44 | INFO    | dpfl | Experiment complete in 1219.0s
============================================================
REPORT: DP-SGD Decentralized Federated Learning
============================================================
Timestamp:                  20260514_054124
Rounds completed:           150
Attack-active rounds:       100  (from round 50)
Final accuracy:             0.7993
Final test loss:            0.5974
Final epsilon:              0.00
Best alpha:                 None
Avg precision:              1.0000
Avg recall:                 0.9700
Avg F1 score:               1.0000
Avg update norm (honest):   0.0389
Avg update norm (attacker): nan
============================================================
