2026-05-14 13:25:47 | INFO    | dpfl | Experiment start: algorithm=noise_game, dataset=fashion_mnist, model=mlp, device=cuda
2026-05-14 13:25:47 | INFO    | dpfl | Config: nodes=500, attackers=300, rounds=150, noise_mode=none, attack=scale
2026-05-14 13:25:47 | INFO    | dpfl.data.fashion_mnist_dataset | Loading Fashion-MNIST dataset...
2026-05-14 13:25:47 | INFO    | dpfl.data.fashion_mnist_dataset | Fashion-MNIST loaded: 60000 train, 10000 test samples
2026-05-14 13:28:22 | INFO    | dpfl.core.base_simulator | Vectorized state ready: param_spec.D=50890, X_test=(10000, 1, 28, 28), train clients N=500, max_n_samples=1000
2026-05-14 13:28:22 | INFO    | dpfl.core.base_simulator | Setup complete: 500 nodes (300 attackers), param_dim=50890, split=iid
2026-05-14 13:28:22 | DEBUG   | dpfl.core.base_simulator | Attacker IDs: {0, 1, 2, 3, 4, 5, 6, 7, 8, 9, 10, 11, 12, 13, 14, 15, 16, 17, 18, 19, 20, 21, 22, 23, 24, 25, 26, 27, 28, 29, 30, 31, 32, 33, 34, 35, 36, 37, 38, 39, 40, 41, 42, 43, 44, 45, 46, 47, 48, 49, 50, 51, 52, 53, 54, 55, 56, 57, 58, 59, 60, 61, 62, 63, 64, 65, 66, 67, 68, 69, 70, 71, 72, 73, 74, 75, 76, 77, 78, 79, 80, 81, 82, 83, 84, 85, 86, 87, 88, 89, 90, 91, 92, 93, 94, 95, 96, 97, 98, 99, 100, 101, 102, 103, 104, 105, 106, 107, 108, 109, 110, 111, 112, 113, 114, 115, 116, 117, 118, 119, 120, 121, 122, 123, 124, 125, 126, 127, 128, 129, 130, 131, 132, 133, 134, 135, 136, 137, 138, 139, 140, 141, 142, 143, 144, 145, 146, 147, 148, 149, 150, 151, 152, 153, 154, 155, 156, 157, 158, 159, 160, 161, 162, 163, 164, 165, 166, 167, 168, 169, 170, 171, 172, 173, 174, 175, 176, 177, 178, 179, 180, 181, 182, 183, 184, 185, 186, 187, 188, 189, 190, 191, 192, 193, 194, 195, 196, 197, 198, 199, 200, 201, 202, 203, 204, 205, 206, 207, 208, 209, 210, 211, 212, 213, 214, 215, 216, 217, 218, 219, 220, 221, 222, 223, 224, 225, 226, 227, 228, 229, 230, 231, 232, 233, 234, 235, 236, 237, 238, 239, 240, 241, 242, 243, 244, 245, 246, 247, 248, 249, 250, 251, 252, 253, 254, 255, 256, 257, 258, 259, 260, 261, 262, 263, 264, 265, 266, 267, 268, 269, 270, 271, 272, 273, 274, 275, 276, 277, 278, 279, 280, 281, 282, 283, 284, 285, 286, 287, 288, 289, 290, 291, 292, 293, 294, 295, 296, 297, 298, 299}
2026-05-14 13:28:32 | INFO    | dpfl.core.base_simulator | Round   1/150 | Acc: 0.4588 | Loss: 1.9726 | eps_max: 1.91 eps_avg: 1.15 | P: nan R: nan F1: nan
2026-05-14 13:28:32 | DEBUG   | dpfl.core.base_simulator | Update norms — honest: ['0.56', '0.56'], attacker: ['0.56', '0.57', '0.57', '0.56', '0.56']
2026-05-14 13:28:41 | INFO    | dpfl.core.base_simulator | Round   2/150 | Acc: 0.5726 | Loss: 1.7058 | eps_max: 1.95 eps_avg: 1.22 | P: nan R: nan F1: nan
2026-05-14 13:28:41 | DEBUG   | dpfl.core.base_simulator | Update norms — honest: ['0.56', '0.56', '0.56', '0.56', '0.56'], attacker: ['0.95', '0.97', '0.97', '0.96', '0.97']
2026-05-14 13:28:51 | INFO    | dpfl.core.base_simulator | Round   3/150 | Acc: 0.6225 | Loss: 1.4814 | eps_max: 2.06 eps_avg: 1.31 | P: nan R: nan F1: nan
2026-05-14 13:28:51 | DEBUG   | dpfl.core.base_simulator | Update norms — honest: ['0.55', '0.55', '0.55', '0.55', '0.55'], attacker: ['1.53', '1.51', '1.53', '1.55', '1.52']
2026-05-14 13:29:02 | INFO    | dpfl.core.base_simulator | Round   4/150 | Acc: 0.6512 | Loss: 1.3053 | eps_max: 2.22 eps_avg: 1.45 | P: nan R: nan F1: nan
2026-05-14 13:29:02 | DEBUG   | dpfl.core.base_simulator | Update norms — honest: ['0.55', '0.55', '0.55', '0.55', '0.55'], attacker: ['2.02', '2.04', '2.02', '2.04', '2.03']
2026-05-14 13:29:12 | INFO    | dpfl.core.base_simulator | Round   5/150 | Acc: 0.6735 | Loss: 1.1758 | eps_max: 2.41 eps_avg: 1.58 | P: nan R: nan F1: nan
2026-05-14 13:29:12 | DEBUG   | dpfl.core.base_simulator | Update norms — honest: ['0.54', '0.54', '0.54', '0.54', '0.54'], attacker: ['2.47', '2.49', '2.45', '2.43', '2.47']
2026-05-14 13:29:21 | INFO    | dpfl.core.base_simulator | Round   6/150 | Acc: 0.6908 | Loss: 1.0817 | eps_max: 2.46 eps_avg: 1.66 | P: nan R: nan F1: nan
2026-05-14 13:29:21 | DEBUG   | dpfl.core.base_simulator | Update norms — honest: ['0.53', '1.03', '1.02', '0.54', '0.96'], attacker: ['2.86', '2.92', '2.86', '2.87', '2.90']
2026-05-14 13:29:31 | INFO    | dpfl.core.base_simulator | Round   7/150 | Acc: 0.7022 | Loss: 1.0116 | eps_max: 2.51 eps_avg: 1.70 | P: nan R: nan F1: nan
2026-05-14 13:29:31 | DEBUG   | dpfl.core.base_simulator | Update norms — honest: ['1.01', '0.53', '0.94', '0.53', '0.53'], attacker: ['3.26', '3.29', '3.28', '3.22', '3.26']
2026-05-14 13:29:41 | INFO    | dpfl.core.base_simulator | Round   8/150 | Acc: 0.7101 | Loss: 0.9578 | eps_max: 2.57 eps_avg: 1.78 | P: nan R: nan F1: nan
2026-05-14 13:29:41 | DEBUG   | dpfl.core.base_simulator | Update norms — honest: ['0.53', '0.91', '0.80', '0.53', '0.53'], attacker: ['3.68', '3.54', '3.53', '3.64', '3.52']
2026-05-14 13:29:52 | INFO    | dpfl.core.base_simulator | Round   9/150 | Acc: 0.7164 | Loss: 0.9148 | eps_max: 2.63 eps_avg: 1.86 | P: nan R: nan F1: nan
2026-05-14 13:29:52 | DEBUG   | dpfl.core.base_simulator | Update norms — honest: ['0.52', '0.52', '0.97', '1.42', '0.52'], attacker: ['3.93', '3.85', '3.97', '3.99', '4.03']
2026-05-14 13:30:02 | INFO    | dpfl.core.base_simulator | Round  10/150 | Acc: 0.7224 | Loss: 0.8799 | eps_max: 2.69 eps_avg: 1.91 | P: nan R: nan F1: nan
2026-05-14 13:30:02 | DEBUG   | dpfl.core.base_simulator | Update norms — honest: ['0.84', '0.52', '0.75', '0.52', '0.70'], attacker: ['3.74', '4.23', '4.23', '4.33', '4.27']
2026-05-14 13:30:12 | INFO    | dpfl.core.base_simulator | Round  11/150 | Acc: 0.7275 | Loss: 0.8505 | eps_max: 2.75 eps_avg: 1.98 | P: nan R: nan F1: nan
2026-05-14 13:30:12 | DEBUG   | dpfl.core.base_simulator | Update norms — honest: ['0.51', '0.51', '0.89', '0.51', '0.51'], attacker: ['4.37', '4.44', '4.49', '4.65', '4.38']
2026-05-14 13:30:22 | INFO    | dpfl.core.base_simulator | Round  12/150 | Acc: 0.7322 | Loss: 0.8254 | eps_max: 2.80 eps_avg: 2.04 | P: nan R: nan F1: nan
2026-05-14 13:30:22 | DEBUG   | dpfl.core.base_simulator | Update norms — honest: ['0.51', '0.94', '0.93', '0.51', '1.42'], attacker: ['4.11', '4.59', '4.86', '4.98', '4.57']
2026-05-14 13:30:32 | INFO    | dpfl.core.base_simulator | Round  13/150 | Acc: 0.7363 | Loss: 0.8041 | eps_max: 2.88 eps_avg: 2.08 | P: nan R: nan F1: nan
2026-05-14 13:30:32 | DEBUG   | dpfl.core.base_simulator | Update norms — honest: ['1.31', '0.50', '1.25', '1.40', '0.88'], attacker: ['4.78', '4.82', '4.56', '4.91', '5.07']
2026-05-14 13:30:41 | INFO    | dpfl.core.base_simulator | Round  14/150 | Acc: 0.7400 | Loss: 0.7853 | eps_max: 2.97 eps_avg: 2.14 | P: nan R: nan F1: nan
2026-05-14 13:30:41 | DEBUG   | dpfl.core.base_simulator | Update norms — honest: ['0.69', '0.84', '0.49', '0.50', '0.88'], attacker: ['5.14', '5.04', '4.80', '5.40', '5.43']
2026-05-14 13:30:51 | INFO    | dpfl.core.base_simulator | Round  15/150 | Acc: 0.7431 | Loss: 0.7693 | eps_max: 3.07 eps_avg: 2.20 | P: nan R: nan F1: nan
2026-05-14 13:30:51 | DEBUG   | dpfl.core.base_simulator | Update norms — honest: ['0.72', '0.49', '1.85', '0.49', '0.49'], attacker: ['5.49', '5.54', '5.74', '5.70', '5.47']
2026-05-14 13:31:01 | INFO    | dpfl.core.base_simulator | Round  16/150 | Acc: 0.7462 | Loss: 0.7550 | eps_max: 3.19 eps_avg: 2.26 | P: nan R: nan F1: nan
2026-05-14 13:31:01 | DEBUG   | dpfl.core.base_simulator | Update norms — honest: ['0.73', '0.86', '1.85', '1.20', '0.48'], attacker: ['5.51', '5.99', '5.17', '5.75', '5.38']
2026-05-14 13:31:11 | INFO    | dpfl.core.base_simulator | Round  17/150 | Acc: 0.7488 | Loss: 0.7422 | eps_max: 3.31 eps_avg: 2.32 | P: nan R: nan F1: nan
2026-05-14 13:31:11 | DEBUG   | dpfl.core.base_simulator | Update norms — honest: ['0.90', '1.43', '1.74', '0.48', '1.29'], attacker: ['5.82', '6.08', '5.88', '6.09', '4.50']
2026-05-14 13:31:22 | INFO    | dpfl.core.base_simulator | Round  18/150 | Acc: 0.7517 | Loss: 0.7309 | eps_max: 3.46 eps_avg: 2.39 | P: nan R: nan F1: nan
2026-05-14 13:31:22 | DEBUG   | dpfl.core.base_simulator | Update norms — honest: ['1.24', '1.34', '0.47', '0.86', '0.80'], attacker: ['5.86', '6.26', '5.73', '5.87', '5.14']
2026-05-14 13:31:32 | INFO    | dpfl.core.base_simulator | Round  19/150 | Acc: 0.7543 | Loss: 0.7206 | eps_max: 3.53 eps_avg: 2.48 | P: nan R: nan F1: nan
2026-05-14 13:31:32 | DEBUG   | dpfl.core.base_simulator | Update norms — honest: ['0.47', '1.81', '0.47', '0.72', '0.47'], attacker: ['5.71', '6.00', '6.07', '6.56', '6.43']
2026-05-14 13:31:42 | INFO    | dpfl.core.base_simulator | Round  20/150 | Acc: 0.7562 | Loss: 0.7112 | eps_max: 3.57 eps_avg: 2.55 | P: nan R: nan F1: nan
2026-05-14 13:31:42 | DEBUG   | dpfl.core.base_simulator | Update norms — honest: ['1.19', '1.60', '1.65', '1.07', '0.47'], attacker: ['5.19', '6.08', '6.55', '6.40', '6.43']
2026-05-14 13:31:53 | INFO    | dpfl.core.base_simulator | Round  21/150 | Acc: 0.7584 | Loss: 0.7027 | eps_max: 3.61 eps_avg: 2.63 | P: nan R: nan F1: nan
2026-05-14 13:31:53 | DEBUG   | dpfl.core.base_simulator | Update norms — honest: ['0.46', '0.46', '1.91', '0.62', '0.54'], attacker: ['4.47', '6.70', '6.20', '6.30', '6.66']
2026-05-14 13:32:03 | INFO    | dpfl.core.base_simulator | Round  22/150 | Acc: 0.7602 | Loss: 0.6951 | eps_max: 3.65 eps_avg: 2.69 | P: nan R: nan F1: nan
2026-05-14 13:32:03 | DEBUG   | dpfl.core.base_simulator | Update norms — honest: ['1.22', '0.82', '0.57', '0.95', '0.46'], attacker: ['4.81', '6.71', '5.35', '6.21', '6.86']
2026-05-14 13:32:14 | INFO    | dpfl.core.base_simulator | Round  23/150 | Acc: 0.7620 | Loss: 0.6877 | eps_max: 3.70 eps_avg: 2.74 | P: nan R: nan F1: nan
2026-05-14 13:32:14 | DEBUG   | dpfl.core.base_simulator | Update norms — honest: ['0.58', '1.56', '1.94', '0.68', '0.78'], attacker: ['6.38', '6.49', '5.76', '6.49', '6.20']
2026-05-14 13:32:24 | INFO    | dpfl.core.base_simulator | Round  24/150 | Acc: 0.7638 | Loss: 0.6813 | eps_max: 3.73 eps_avg: 2.79 | P: nan R: nan F1: nan
2026-05-14 13:32:24 | DEBUG   | dpfl.core.base_simulator | Update norms — honest: ['1.75', '0.45', '1.12', '1.87', '0.45'], attacker: ['6.71', '7.14', '6.30', '7.25', '6.12']
2026-05-14 13:32:35 | INFO    | dpfl.core.base_simulator | Round  25/150 | Acc: 0.7652 | Loss: 0.6754 | eps_max: 3.78 eps_avg: 2.83 | P: nan R: nan F1: nan
2026-05-14 13:32:35 | DEBUG   | dpfl.core.base_simulator | Update norms — honest: ['1.68', '1.09', '0.44', '0.70', '0.69'], attacker: ['5.91', '7.20', '7.35', '7.02', '6.22']
2026-05-14 13:32:47 | INFO    | dpfl.core.base_simulator | Round  26/150 | Acc: 0.7668 | Loss: 0.6698 | eps_max: 3.83 eps_avg: 2.88 | P: nan R: nan F1: nan
2026-05-14 13:32:47 | DEBUG   | dpfl.core.base_simulator | Update norms — honest: ['0.44', '0.58', '0.78', '1.20', '0.44'], attacker: ['6.82', '6.76', '7.46', '7.36', '6.35']
2026-05-14 13:32:57 | INFO    | dpfl.core.base_simulator | Round  27/150 | Acc: 0.7682 | Loss: 0.6642 | eps_max: 3.87 eps_avg: 2.92 | P: nan R: nan F1: nan
2026-05-14 13:32:57 | DEBUG   | dpfl.core.base_simulator | Update norms — honest: ['1.10', '0.48', '1.65', '0.55', '0.44'], attacker: ['7.38', '6.70', '7.26', '7.23', '6.59']
2026-05-14 13:33:07 | INFO    | dpfl.core.base_simulator | Round  28/150 | Acc: 0.7697 | Loss: 0.6595 | eps_max: 3.92 eps_avg: 2.96 | P: nan R: nan F1: nan
2026-05-14 13:33:07 | DEBUG   | dpfl.core.base_simulator | Update norms — honest: ['0.55', '0.43', '0.43', '1.13', '1.27'], attacker: ['7.54', '6.87', '6.41', '7.49', '5.76']
2026-05-14 13:33:18 | INFO    | dpfl.core.base_simulator | Round  29/150 | Acc: 0.7711 | Loss: 0.6546 | eps_max: 3.98 eps_avg: 2.99 | P: nan R: nan F1: nan
2026-05-14 13:33:18 | DEBUG   | dpfl.core.base_simulator | Update norms — honest: ['1.75', '0.42', '0.81', '1.73', '0.94'], attacker: ['7.36', '7.24', '5.94', '7.30', '5.03']
2026-05-14 13:33:28 | INFO    | dpfl.core.base_simulator | Round  30/150 | Acc: 0.7721 | Loss: 0.6507 | eps_max: 4.03 eps_avg: 3.02 | P: nan R: nan F1: nan
2026-05-14 13:33:28 | DEBUG   | dpfl.core.base_simulator | Update norms — honest: ['0.48', '1.28', '0.76', '1.22', '0.42'], attacker: ['6.71', '7.36', '5.94', '6.76', '6.17']
2026-05-14 13:33:39 | INFO    | dpfl.core.base_simulator | Round  31/150 | Acc: 0.7733 | Loss: 0.6464 | eps_max: 4.09 eps_avg: 3.07 | P: nan R: nan F1: nan
2026-05-14 13:33:39 | DEBUG   | dpfl.core.base_simulator | Update norms — honest: ['2.06', '0.42', '1.63', '0.42', '0.34'], attacker: ['5.63', '7.45', '6.83', '6.74', '5.81']
2026-05-14 13:33:49 | INFO    | dpfl.core.base_simulator | Round  32/150 | Acc: 0.7745 | Loss: 0.6426 | eps_max: 4.14 eps_avg: 3.10 | P: nan R: nan F1: nan
2026-05-14 13:33:49 | DEBUG   | dpfl.core.base_simulator | Update norms — honest: ['0.58', '0.63', '1.02', '0.42', '1.22'], attacker: ['6.66', '6.99', '7.04', '7.19', '5.76']
2026-05-14 13:34:00 | INFO    | dpfl.core.base_simulator | Round  33/150 | Acc: 0.7754 | Loss: 0.6391 | eps_max: 4.21 eps_avg: 3.15 | P: nan R: nan F1: nan
2026-05-14 13:34:00 | DEBUG   | dpfl.core.base_simulator | Update norms — honest: ['0.77', '0.41', '1.53', '0.60', '1.67'], attacker: ['6.11', '7.09', '6.50', '6.72', '7.20']
2026-05-14 13:34:10 | INFO    | dpfl.core.base_simulator | Round  34/150 | Acc: 0.7766 | Loss: 0.6355 | eps_max: 4.27 eps_avg: 3.18 | P: nan R: nan F1: nan
2026-05-14 13:34:10 | DEBUG   | dpfl.core.base_simulator | Update norms — honest: ['1.17', '1.97', '0.40', '0.59', '0.41'], attacker: ['4.69', '6.44', '6.53', '7.18', '5.81']
2026-05-14 13:34:22 | INFO    | dpfl.core.base_simulator | Round  35/150 | Acc: 0.7773 | Loss: 0.6324 | eps_max: 4.34 eps_avg: 3.21 | P: nan R: nan F1: nan
2026-05-14 13:34:22 | DEBUG   | dpfl.core.base_simulator | Update norms — honest: ['0.51', '0.94', '0.40', '0.63', '1.27'], attacker: ['5.23', '7.22', '6.28', '7.35', '5.42']
2026-05-14 13:34:32 | INFO    | dpfl.core.base_simulator | Round  36/150 | Acc: 0.7784 | Loss: 0.6292 | eps_max: 4.39 eps_avg: 3.25 | P: nan R: nan F1: nan
2026-05-14 13:34:32 | DEBUG   | dpfl.core.base_simulator | Update norms — honest: ['0.61', '0.61', '1.50', '1.04', '0.40'], attacker: ['6.07', '6.07', '6.35', '5.70', '5.38']
2026-05-14 13:34:42 | INFO    | dpfl.core.base_simulator | Round  37/150 | Acc: 0.7790 | Loss: 0.6270 | eps_max: 4.47 eps_avg: 3.29 | P: nan R: nan F1: nan
2026-05-14 13:34:42 | DEBUG   | dpfl.core.base_simulator | Update norms — honest: ['0.39', '0.30', '1.05', '0.60', '1.13'], attacker: ['5.52', '6.40', '6.11', '5.73', '6.30']
2026-05-14 13:34:53 | INFO    | dpfl.core.base_simulator | Round  38/150 | Acc: 0.7798 | Loss: 0.6245 | eps_max: 4.58 eps_avg: 3.33 | P: nan R: nan F1: nan
2026-05-14 13:34:53 | DEBUG   | dpfl.core.base_simulator | Update norms — honest: ['1.45', '0.30', '2.16', '1.68', '0.75'], attacker: ['5.05', '6.81', '6.42', '5.91', '7.21']
2026-05-14 13:35:04 | INFO    | dpfl.core.base_simulator | Round  39/150 | Acc: 0.7806 | Loss: 0.6216 | eps_max: 4.66 eps_avg: 3.36 | P: nan R: nan F1: nan
2026-05-14 13:35:04 | DEBUG   | dpfl.core.base_simulator | Update norms — honest: ['0.12', '1.67', '1.91', '0.68', '0.41'], attacker: ['6.12', '6.03', '6.08', '7.44', '6.21']
2026-05-14 13:35:14 | INFO    | dpfl.core.base_simulator | Round  40/150 | Acc: 0.7811 | Loss: 0.6195 | eps_max: 4.73 eps_avg: 3.40 | P: nan R: nan F1: nan
2026-05-14 13:35:14 | DEBUG   | dpfl.core.base_simulator | Update norms — honest: ['1.08', '1.11', '0.38', '1.22', '0.96'], attacker: ['6.84', '6.55', '6.77', '6.82', '6.77']
2026-05-14 13:35:25 | INFO    | dpfl.core.base_simulator | Round  41/150 | Acc: 0.7820 | Loss: 0.6172 | eps_max: 4.85 eps_avg: 3.43 | P: nan R: nan F1: nan
2026-05-14 13:35:25 | DEBUG   | dpfl.core.base_simulator | Update norms — honest: ['1.60', '0.81', '0.64', '0.92', '2.25'], attacker: ['5.28', '5.82', '7.32', '6.08', '5.71']
2026-05-14 13:35:36 | INFO    | dpfl.core.base_simulator | Round  42/150 | Acc: 0.7827 | Loss: 0.6153 | eps_max: 4.90 eps_avg: 3.45 | P: nan R: nan F1: nan
2026-05-14 13:35:36 | DEBUG   | dpfl.core.base_simulator | Update norms — honest: ['0.81', '1.67', '0.74', '1.00', '0.49'], attacker: ['4.61', '5.87', '7.12', '6.68', '5.20']
2026-05-14 13:35:47 | INFO    | dpfl.core.base_simulator | Round  43/150 | Acc: 0.7832 | Loss: 0.6132 | eps_max: 4.95 eps_avg: 3.48 | P: nan R: nan F1: nan
2026-05-14 13:35:47 | DEBUG   | dpfl.core.base_simulator | Update norms — honest: ['1.03', '0.92', '0.63', '1.78', '0.73'], attacker: ['3.22', '7.13', '5.53', '6.88', '4.45']
2026-05-14 13:35:57 | INFO    | dpfl.core.base_simulator | Round  44/150 | Acc: 0.7839 | Loss: 0.6109 | eps_max: 4.99 eps_avg: 3.53 | P: nan R: nan F1: nan
2026-05-14 13:35:57 | DEBUG   | dpfl.core.base_simulator | Update norms — honest: ['1.27', '2.28', '0.90', '0.62', '0.27'], attacker: ['1.73', '6.47', '5.27', '7.74', '4.46']
2026-05-14 13:36:07 | INFO    | dpfl.core.base_simulator | Round  45/150 | Acc: 0.7845 | Loss: 0.6091 | eps_max: 5.05 eps_avg: 3.57 | P: nan R: nan F1: nan
2026-05-14 13:36:07 | DEBUG   | dpfl.core.base_simulator | Update norms — honest: ['1.75', '0.36', '1.45', '1.89', '0.50'], attacker: ['4.55', '6.85', '5.79', '6.96', '5.60']
2026-05-14 13:36:18 | INFO    | dpfl.core.base_simulator | Round  46/150 | Acc: 0.7850 | Loss: 0.6073 | eps_max: 5.17 eps_avg: 3.61 | P: nan R: nan F1: nan
2026-05-14 13:36:18 | DEBUG   | dpfl.core.base_simulator | Update norms — honest: ['1.07', '1.15', '1.25', '1.09', '1.14'], attacker: ['3.65', '5.77', '5.70', '6.53', '5.53']
2026-05-14 13:36:28 | INFO    | dpfl.core.base_simulator | Round  47/150 | Acc: 0.7856 | Loss: 0.6059 | eps_max: 5.26 eps_avg: 3.63 | P: nan R: nan F1: nan
2026-05-14 13:36:28 | DEBUG   | dpfl.core.base_simulator | Update norms — honest: ['1.18', '0.85', '1.42', '1.31', '1.10'], attacker: ['5.64', '6.96', '6.25', '6.63', '5.92']
2026-05-14 13:36:38 | INFO    | dpfl.core.base_simulator | Round  48/150 | Acc: 0.7859 | Loss: 0.6045 | eps_max: 5.30 eps_avg: 3.67 | P: nan R: nan F1: nan
2026-05-14 13:36:38 | DEBUG   | dpfl.core.base_simulator | Update norms — honest: ['0.54', '2.74', '2.17', '0.35', '1.16'], attacker: ['4.71', '6.99', '6.37', '5.98', '5.84']
2026-05-14 13:36:48 | INFO    | dpfl.core.base_simulator | Round  49/150 | Acc: 0.7864 | Loss: 0.6031 | eps_max: 5.42 eps_avg: 3.69 | P: nan R: nan F1: nan
2026-05-14 13:36:48 | DEBUG   | dpfl.core.base_simulator | Update norms — honest: ['1.74', '1.89', '0.43', '0.79', '0.45'], attacker: ['3.66', '5.75', '5.96', '6.16', '5.42']
2026-05-14 13:36:58 | INFO    | dpfl.core.base_simulator | Round  50/150 | Acc: 0.7870 | Loss: 0.6015 | eps_max: 5.50 eps_avg: 3.72 | P: nan R: nan F1: nan
2026-05-14 13:36:58 | DEBUG   | dpfl.core.base_simulator | Update norms — honest: ['2.24', '0.57', '0.90', '1.03', '1.62'], attacker: ['4.43', '5.43', '5.25', '5.21', '6.04']
2026-05-14 13:37:01 | INFO    | dpfl.core.base_simulator | Round  51/150 | Acc: 0.7872 | Loss: 0.6005 | eps_max: 5.11 eps_avg: 2.58 | P: nan R: 0.00 F1: nan
2026-05-14 13:37:01 | DEBUG   | dpfl.core.base_simulator | Update norms — honest: ['1.23', '0.34', '0.86', '0.69', '0.34'], attacker: ['1.00', '1.38', '1.24', '1.29', '1.20']
2026-05-14 13:37:03 | INFO    | dpfl.core.base_simulator | Round  52/150 | Acc: 0.7870 | Loss: 0.6012 | eps_max: 5.19 eps_avg: 2.62 | P: nan R: 0.00 F1: nan
2026-05-14 13:37:03 | DEBUG   | dpfl.core.base_simulator | Update norms — honest: ['0.46', '3.27', '0.49', '0.59', '0.81'], attacker: ['2.07', '2.77', '2.63', '2.49', '2.70']
2026-05-14 13:37:05 | INFO    | dpfl.core.base_simulator | Round  53/150 | Acc: 0.7796 | Loss: 0.6345 | eps_max: 5.19 eps_avg: 2.68 | P: 1.00 R: 0.14 F1: 0.28
2026-05-14 13:37:05 | DEBUG   | dpfl.core.base_simulator | Update norms — honest: ['0.34', '1.10', '1.90', '0.34', '0.57'], attacker: ['5.73', '6.66', '7.37', '6.93', '8.23']
2026-05-14 13:37:07 | INFO    | dpfl.core.base_simulator | Round  54/150 | Acc: 0.7882 | Loss: 0.5985 | eps_max: 5.19 eps_avg: 2.73 | P: 1.00 R: 1.00 F1: 1.00
2026-05-14 13:37:07 | DEBUG   | dpfl.core.base_simulator | Update norms — honest: ['0.96', '1.77', '0.43', '0.34', '0.55'], attacker: ['17.47', '15.36', '15.65', '17.79', '24.79']
2026-05-14 13:37:09 | INFO    | dpfl.core.base_simulator | Round  55/150 | Acc: 0.7887 | Loss: 0.5965 | eps_max: 5.19 eps_avg: 2.76 | P: 1.00 R: 1.00 F1: 1.00
2026-05-14 13:37:09 | DEBUG   | dpfl.core.base_simulator | Update norms — honest: ['1.39', '2.29', '0.39', '1.06', '1.02'], attacker: ['48.13', '36.07', '40.24', '46.88', '72.05']
2026-05-14 13:37:11 | INFO    | dpfl.core.base_simulator | Round  56/150 | Acc: 0.7892 | Loss: 0.5954 | eps_max: 5.23 eps_avg: 2.77 | P: 1.00 R: 1.00 F1: 1.00
2026-05-14 13:37:11 | DEBUG   | dpfl.core.base_simulator | Update norms — honest: ['1.09', '0.71', '0.49', '1.45', '0.60'], attacker: ['145.21', '102.30', '115.91', '140.04', '211.82']
2026-05-14 13:37:13 | INFO    | dpfl.core.base_simulator | Round  57/150 | Acc: 0.7897 | Loss: 0.5940 | eps_max: 5.26 eps_avg: 2.80 | P: 1.00 R: 1.00 F1: 1.00
2026-05-14 13:37:13 | DEBUG   | dpfl.core.base_simulator | Update norms — honest: ['0.54', '0.53', '1.22', '1.40', '0.44'], attacker: ['455.00', '311.12', '340.51', '428.03', '658.64']
2026-05-14 13:37:16 | INFO    | dpfl.core.base_simulator | Round  58/150 | Acc: 0.7897 | Loss: 0.5933 | eps_max: 5.31 eps_avg: 2.90 | P: 1.00 R: 1.00 F1: 1.00
2026-05-14 13:37:16 | DEBUG   | dpfl.core.base_simulator | Update norms — honest: ['0.54', '0.51', '0.72', '0.65', '0.51'], attacker: ['1434.21', '1062.32', '1154.66', '1432.34', '1900.08']
2026-05-14 13:37:18 | INFO    | dpfl.core.base_simulator | Round  59/150 | Acc: 0.7905 | Loss: 0.5919 | eps_max: 5.31 eps_avg: 2.99 | P: 1.00 R: 1.00 F1: 1.00
2026-05-14 13:37:18 | DEBUG   | dpfl.core.base_simulator | Update norms — honest: ['1.07', '0.59', '0.34', '0.93', '1.10'], attacker: ['4964.46', '4023.32', '3904.85', '5364.21', '6480.18']
2026-05-14 13:37:20 | INFO    | dpfl.core.base_simulator | Round  60/150 | Acc: 0.7906 | Loss: 0.5913 | eps_max: 5.31 eps_avg: 3.05 | P: 1.00 R: 1.00 F1: 1.00
2026-05-14 13:37:20 | DEBUG   | dpfl.core.base_simulator | Update norms — honest: ['1.39', '0.96', '0.80', '0.67', '0.27'], attacker: ['17707.51', '15279.13', '14757.29', '18565.04', '21800.00']
2026-05-14 13:37:23 | INFO    | dpfl.core.base_simulator | Round  61/150 | Acc: 0.7909 | Loss: 0.5906 | eps_max: 5.31 eps_avg: 3.06 | P: 1.00 R: 1.00 F1: 1.00
2026-05-14 13:37:23 | DEBUG   | dpfl.core.base_simulator | Update norms — honest: ['1.21', '0.35', '0.54', '0.06', '1.10'], attacker: ['68692.57', '64444.06', '60989.52', '74057.98', '77235.21']
2026-05-14 13:37:25 | INFO    | dpfl.core.base_simulator | Round  62/150 | Acc: 0.7912 | Loss: 0.5899 | eps_max: 5.31 eps_avg: 3.13 | P: 1.00 R: 1.00 F1: 1.00
2026-05-14 13:37:25 | DEBUG   | dpfl.core.base_simulator | Update norms — honest: ['0.62', '0.34', '2.36', '1.80', '1.26'], attacker: ['262881.78', '252116.11', '235895.02', '264946.34', '268491.97']
2026-05-14 13:37:27 | INFO    | dpfl.core.base_simulator | Round  63/150 | Acc: 0.7915 | Loss: 0.5892 | eps_max: 5.32 eps_avg: 3.20 | P: 1.00 R: 1.00 F1: 1.00
2026-05-14 13:37:27 | DEBUG   | dpfl.core.base_simulator | Update norms — honest: ['1.46', '0.34', '1.44', '1.50', '1.12'], attacker: ['1017075.19', '983934.38', '956372.75', '1035940.69', '1023531.19']
2026-05-14 13:37:30 | INFO    | dpfl.core.base_simulator | Round  64/150 | Acc: 0.7917 | Loss: 0.5884 | eps_max: 5.32 eps_avg: 3.23 | P: 1.00 R: 1.00 F1: 1.00
2026-05-14 13:37:30 | DEBUG   | dpfl.core.base_simulator | Update norms — honest: ['0.60', '0.81', '1.72', '0.36', '0.70'], attacker: ['3980616.25', '3831497.00', '3905658.75', '4021020.00', '3843890.50']
2026-05-14 13:37:32 | INFO    | dpfl.core.base_simulator | Round  65/150 | Acc: 0.7920 | Loss: 0.5880 | eps_max: 5.32 eps_avg: 3.28 | P: 1.00 R: 1.00 F1: 1.00
2026-05-14 13:37:32 | DEBUG   | dpfl.core.base_simulator | Update norms — honest: ['1.89', '1.18', '1.32', '0.68', '0.58'], attacker: ['15410118.00', '14810627.00', '14931541.00', '15814605.00', '14738287.00']
2026-05-14 13:37:35 | INFO    | dpfl.core.base_simulator | Round  66/150 | Acc: 0.7924 | Loss: 0.5869 | eps_max: 5.39 eps_avg: 3.30 | P: 1.00 R: 1.00 F1: 1.00
2026-05-14 13:37:35 | DEBUG   | dpfl.core.base_simulator | Update norms — honest: ['0.44', '0.51', '0.87', '0.77', '0.35'], attacker: ['57465296.00', '55543796.00', '57012576.00', '58650328.00', '57054232.00']
2026-05-14 13:37:37 | INFO    | dpfl.core.base_simulator | Round  67/150 | Acc: 0.7929 | Loss: 0.5865 | eps_max: 5.40 eps_avg: 3.31 | P: 1.00 R: 1.00 F1: 1.00
2026-05-14 13:37:37 | DEBUG   | dpfl.core.base_simulator | Update norms — honest: ['1.31', '0.19', '1.00', '1.34', '0.41'], attacker: ['240846880.00', '232357152.00', '237061376.00', '240778864.00', '231372048.00']
2026-05-14 13:37:39 | INFO    | dpfl.core.base_simulator | Round  68/150 | Acc: 0.7929 | Loss: 0.5860 | eps_max: 5.40 eps_avg: 3.43 | P: 1.00 R: 1.00 F1: 1.00
2026-05-14 13:37:39 | DEBUG   | dpfl.core.base_simulator | Update norms — honest: ['0.34', '2.91', '0.69', '0.72', '0.84'], attacker: ['920141952.00', '835702912.00', '853886848.00', '919153344.00', '857432576.00']
2026-05-14 13:37:42 | INFO    | dpfl.core.base_simulator | Round  69/150 | Acc: 0.7930 | Loss: 0.5858 | eps_max: 5.41 eps_avg: 3.50 | P: 1.00 R: 1.00 F1: 1.00
2026-05-14 13:37:42 | DEBUG   | dpfl.core.base_simulator | Update norms — honest: ['0.34', '1.19', '0.68', '0.00', '1.20'], attacker: ['3705209344.00', '3712868096.00', '3791565568.00', '3728119552.00', '3683902208.00']
2026-05-14 13:37:44 | INFO    | dpfl.core.base_simulator | Round  70/150 | Acc: 0.7932 | Loss: 0.5853 | eps_max: 5.45 eps_avg: 3.51 | P: 1.00 R: 1.00 F1: 1.00
2026-05-14 13:37:44 | DEBUG   | dpfl.core.base_simulator | Update norms — honest: ['0.12', '0.69', '0.58', '1.98', '0.42'], attacker: ['15239355392.00', '13814969344.00', '14521699328.00', '15020638208.00', '15267131392.00']
2026-05-14 13:37:46 | INFO    | dpfl.core.base_simulator | Round  71/150 | Acc: 0.7933 | Loss: 0.5848 | eps_max: 5.45 eps_avg: 3.54 | P: 1.00 R: 1.00 F1: 1.00
2026-05-14 13:37:46 | DEBUG   | dpfl.core.base_simulator | Update norms — honest: ['1.10', '0.87', '1.53', '2.38', '1.28'], attacker: ['61502742528.00', '61392752640.00', '62507552768.00', '62261628928.00', '62518636544.00']
2026-05-14 13:37:48 | INFO    | dpfl.core.base_simulator | Round  72/150 | Acc: 0.7936 | Loss: 0.5844 | eps_max: 5.45 eps_avg: 3.55 | P: 1.00 R: 1.00 F1: 1.00
2026-05-14 13:37:48 | DEBUG   | dpfl.core.base_simulator | Update norms — honest: ['1.30', '0.50', '0.71'], attacker: ['241397596160.00', '248078581760.00', '242747654144.00', '239618572288.00', '245939437568.00']
2026-05-14 13:37:50 | INFO    | dpfl.core.base_simulator | Round  73/150 | Acc: 0.7938 | Loss: 0.5840 | eps_max: 5.45 eps_avg: 3.59 | P: 1.00 R: 1.00 F1: 1.00
2026-05-14 13:37:50 | DEBUG   | dpfl.core.base_simulator | Update norms — honest: ['1.54', '0.99', '0.09', '1.40', '1.20'], attacker: ['1041572495360.00', '1066947641344.00', '1081544015872.00', '1086518132736.00', '1060401577984.00']
2026-05-14 13:37:52 | INFO    | dpfl.core.base_simulator | Round  74/150 | Acc: 0.7939 | Loss: 0.5839 | eps_max: 5.45 eps_avg: 3.66 | P: 1.00 R: 1.00 F1: 1.00
2026-05-14 13:37:52 | DEBUG   | dpfl.core.base_simulator | Update norms — honest: ['1.89', '2.07', '0.23', '1.14', '0.87'], attacker: ['4094170234880.00', '4085050507264.00', '4174866284544.00', '4123773108224.00', '4130115158016.00']
2026-05-14 13:37:54 | INFO    | dpfl.core.base_simulator | Round  75/150 | Acc: 0.7941 | Loss: 0.5834 | eps_max: 5.45 eps_avg: 3.69 | P: 1.00 R: 1.00 F1: 1.00
2026-05-14 13:37:54 | DEBUG   | dpfl.core.base_simulator | Update norms — honest: ['0.37', '1.96', '1.72', '0.88', '0.43'], attacker: ['17145409830912.00', '17359373860864.00', '17958352977920.00', '17492721270784.00', '17966481539072.00']
2026-05-14 13:37:57 | INFO    | dpfl.core.base_simulator | Round  76/150 | Acc: 0.7940 | Loss: 0.5832 | eps_max: 5.45 eps_avg: 3.73 | P: 1.00 R: 1.00 F1: 1.00
2026-05-14 13:37:57 | DEBUG   | dpfl.core.base_simulator | Update norms — honest: ['0.45', '0.25', '1.73', '0.56', '1.80'], attacker: ['70426071924736.00', '71302597574656.00', '72697975406592.00', '69113686786048.00', '69157362073600.00']
2026-05-14 13:37:59 | INFO    | dpfl.core.base_simulator | Round  77/150 | Acc: 0.7946 | Loss: 0.5827 | eps_max: 5.45 eps_avg: 3.80 | P: 1.00 R: 1.00 F1: 1.00
2026-05-14 13:37:59 | DEBUG   | dpfl.core.base_simulator | Update norms — honest: ['0.34', '2.00', '1.41', '2.15', '0.47'], attacker: ['285298302910464.00', '304959321014272.00', '300594996707328.00', '296688958832640.00', '290715665956864.00']
2026-05-14 13:38:01 | INFO    | dpfl.core.base_simulator | Round  78/150 | Acc: 0.7944 | Loss: 0.5833 | eps_max: 5.46 eps_avg: 3.87 | P: 1.00 R: 1.00 F1: 1.00
2026-05-14 13:38:01 | DEBUG   | dpfl.core.base_simulator | Update norms — honest: ['2.26', '0.88', '1.11', '1.24', '2.70'], attacker: ['1115050349690880.00', '1175505302716416.00', '1178222406402048.00', '1100512623591424.00', '1135530968350720.00']
2026-05-14 13:38:03 | INFO    | dpfl.core.base_simulator | Round  79/150 | Acc: 0.7947 | Loss: 0.5826 | eps_max: 5.50 eps_avg: 3.89 | P: 1.00 R: 1.00 F1: 1.00
2026-05-14 13:38:03 | DEBUG   | dpfl.core.base_simulator | Update norms — honest: ['1.72', '1.51', '1.27', '2.07', '0.76'], attacker: ['4602005381185536.00', '4838499702276096.00', '4957171259277312.00', '4792928488652800.00', '4791249693310976.00']
2026-05-14 13:38:05 | INFO    | dpfl.core.base_simulator | Round  80/150 | Acc: 0.7948 | Loss: 0.5825 | eps_max: 5.50 eps_avg: 3.94 | P: 1.00 R: 1.00 F1: 1.00
2026-05-14 13:38:05 | DEBUG   | dpfl.core.base_simulator | Update norms — honest: ['0.34', '1.38', '0.34', '0.87', '0.00'], attacker: ['18443122144968704.00', '19268990668898304.00', '18553700372971520.00', '18746658221195264.00', '19557702665502720.00']
2026-05-14 13:38:08 | INFO    | dpfl.core.base_simulator | Round  81/150 | Acc: 0.7950 | Loss: 0.5824 | eps_max: 5.92 eps_avg: 3.99 | P: 1.00 R: 1.00 F1: 1.00
2026-05-14 13:38:08 | DEBUG   | dpfl.core.base_simulator | Update norms — honest: ['2.18', '0.51', '1.22', '1.54', '1.12'], attacker: ['76082837387739136.00', '79353643962204160.00', '80869234841747456.00', '79273525642264576.00', '79980760727027712.00']
2026-05-14 13:38:11 | INFO    | dpfl.core.base_simulator | Round  82/150 | Acc: 0.7950 | Loss: 0.5825 | eps_max: 5.92 eps_avg: 4.01 | P: 1.00 R: 1.00 F1: 1.00
2026-05-14 13:38:11 | DEBUG   | dpfl.core.base_simulator | Update norms — honest: ['1.68', '0.63', '0.71', '0.36', '0.30'], attacker: ['297518947303948288.00', '317423371941838848.00', '319652837925584896.00', '312184748791300096.00', '308390986998874112.00']
2026-05-14 13:38:13 | INFO    | dpfl.core.base_simulator | Round  83/150 | Acc: 0.7954 | Loss: 0.5819 | eps_max: 5.92 eps_avg: 4.02 | P: 1.00 R: 1.00 F1: 1.00
2026-05-14 13:38:13 | DEBUG   | dpfl.core.base_simulator | Update norms — honest: ['0.44', '1.52', '1.14'], attacker: ['1273057031275675648.00', '1312125153311719424.00', '1308555313934237696.00', '1268001889128022016.00', '1291114723055501312.00']
2026-05-14 13:38:15 | INFO    | dpfl.core.base_simulator | Round  84/150 | Acc: 0.7954 | Loss: 0.5825 | eps_max: 5.92 eps_avg: 4.08 | P: 1.00 R: 1.00 F1: 1.00
2026-05-14 13:38:15 | DEBUG   | dpfl.core.base_simulator | Update norms — honest: ['1.53', '3.15', '0.51', '1.64', '1.74'], attacker: ['4855979909933170688.00', '5352576535641456640.00', '4798218715835400192.00', '5118066648355438592.00', '4984968017034084352.00']
2026-05-14 13:38:17 | INFO    | dpfl.core.base_simulator | Round  85/150 | Acc: 0.7953 | Loss: 0.5821 | eps_max: 5.92 eps_avg: 4.12 | P: 1.00 R: 1.00 F1: 1.00
2026-05-14 13:38:17 | DEBUG   | dpfl.core.base_simulator | Update norms — honest: ['0.78', '1.28', '1.26', '0.53', '1.82'], attacker: ['nan', 'nan', 'nan', 'nan', 'nan']
2026-05-14 13:38:19 | INFO    | dpfl.core.base_simulator | Round  86/150 | Acc: 0.7956 | Loss: 0.5818 | eps_max: 6.08 eps_avg: 4.15 | P: 1.00 R: 1.00 F1: 1.00
2026-05-14 13:38:19 | DEBUG   | dpfl.core.base_simulator | Update norms — honest: ['1.60', '0.32', '0.36', '0.91', '1.19'], attacker: ['nan', 'nan', 'nan', 'nan', 'nan']
2026-05-14 13:38:21 | INFO    | dpfl.core.base_simulator | Round  87/150 | Acc: 0.7955 | Loss: 0.5820 | eps_max: 6.08 eps_avg: 4.18 | P: 1.00 R: 1.00 F1: 1.00
2026-05-14 13:38:21 | DEBUG   | dpfl.core.base_simulator | Update norms — honest: ['0.46', '0.81', '1.75', '2.68', '0.99'], attacker: ['nan', 'nan', 'nan', 'nan', 'nan']
2026-05-14 13:38:23 | INFO    | dpfl.core.base_simulator | Round  88/150 | Acc: 0.7958 | Loss: 0.5824 | eps_max: 6.08 eps_avg: 4.21 | P: 1.00 R: 1.00 F1: 1.00
2026-05-14 13:38:23 | DEBUG   | dpfl.core.base_simulator | Update norms — honest: ['0.67', '0.86', '1.22', '0.18', '0.79'], attacker: ['nan', 'nan', 'nan', 'nan', 'nan']
2026-05-14 13:38:26 | INFO    | dpfl.core.base_simulator | Round  89/150 | Acc: 0.7959 | Loss: 0.5817 | eps_max: 6.08 eps_avg: 4.22 | P: 1.00 R: 1.00 F1: 1.00
2026-05-14 13:38:26 | DEBUG   | dpfl.core.base_simulator | Update norms — honest: ['0.21', '0.51', '0.74', '0.41', '0.66'], attacker: ['nan', 'nan', 'nan', 'nan', 'nan']
2026-05-14 13:38:28 | INFO    | dpfl.core.base_simulator | Round  90/150 | Acc: 0.7958 | Loss: 0.5823 | eps_max: 6.08 eps_avg: 4.27 | P: 1.00 R: 1.00 F1: 1.00
2026-05-14 13:38:28 | DEBUG   | dpfl.core.base_simulator | Update norms — honest: ['0.71', '3.30', '0.87', '0.85', '1.38'], attacker: ['nan', 'nan', 'nan', 'nan', 'nan']
2026-05-14 13:38:30 | INFO    | dpfl.core.base_simulator | Round  91/150 | Acc: 0.7961 | Loss: 0.5822 | eps_max: 6.08 eps_avg: 4.34 | P: 1.00 R: 1.00 F1: 1.00
2026-05-14 13:38:30 | DEBUG   | dpfl.core.base_simulator | Update norms — honest: ['0.41', '1.90', '0.84', '1.98', '1.65'], attacker: ['nan', 'nan', 'nan', 'nan', 'nan']
2026-05-14 13:38:32 | INFO    | dpfl.core.base_simulator | Round  92/150 | Acc: 0.7962 | Loss: 0.5821 | eps_max: 6.08 eps_avg: 4.39 | P: 1.00 R: 1.00 F1: 1.00
2026-05-14 13:38:32 | DEBUG   | dpfl.core.base_simulator | Update norms — honest: ['0.94', '2.09', '1.06', '1.46', '1.64'], attacker: ['nan', 'nan', 'nan', 'nan', 'nan']
2026-05-14 13:38:34 | INFO    | dpfl.core.base_simulator | Round  93/150 | Acc: 0.7960 | Loss: 0.5825 | eps_max: 6.08 eps_avg: 4.45 | P: 1.00 R: 1.00 F1: 1.00
2026-05-14 13:38:34 | DEBUG   | dpfl.core.base_simulator | Update norms — honest: ['1.31', '1.99', '1.08', '0.56', '1.28'], attacker: ['nan', 'nan', 'nan', 'nan', 'nan']
2026-05-14 13:38:37 | INFO    | dpfl.core.base_simulator | Round  94/150 | Acc: 0.7964 | Loss: 0.5822 | eps_max: 6.08 eps_avg: 4.50 | P: 1.00 R: 1.00 F1: 1.00
2026-05-14 13:38:37 | DEBUG   | dpfl.core.base_simulator | Update norms — honest: ['0.89', '1.61', '2.24', '0.46', '1.12'], attacker: ['nan', 'nan', 'nan', 'nan', 'nan']
2026-05-14 13:38:38 | INFO    | dpfl.core.base_simulator | Round  95/150 | Acc: 0.7963 | Loss: 0.5824 | eps_max: 6.08 eps_avg: 4.56 | P: 1.00 R: 1.00 F1: 1.00
2026-05-14 13:38:38 | DEBUG   | dpfl.core.base_simulator | Update norms — honest: ['2.63', '0.00', '0.93', '0.34', '1.38'], attacker: ['nan', 'nan', 'nan', 'nan', 'nan']
2026-05-14 13:38:41 | INFO    | dpfl.core.base_simulator | Round  96/150 | Acc: 0.7962 | Loss: 0.5827 | eps_max: 6.08 eps_avg: 4.60 | P: 1.00 R: 1.00 F1: 1.00
2026-05-14 13:38:41 | DEBUG   | dpfl.core.base_simulator | Update norms — honest: ['1.25', '2.43', '1.24', '0.37', '1.27'], attacker: ['nan', 'nan', 'nan', 'nan', 'nan']
2026-05-14 13:38:42 | INFO    | dpfl.core.base_simulator | Round  97/150 | Acc: 0.7964 | Loss: 0.5830 | eps_max: 6.08 eps_avg: 4.64 | P: 1.00 R: 1.00 F1: 1.00
2026-05-14 13:38:42 | DEBUG   | dpfl.core.base_simulator | Update norms — honest: ['1.49', '1.01', '2.27', '0.70', '0.79'], attacker: ['nan', 'nan', 'nan', 'nan', 'nan']
2026-05-14 13:38:45 | INFO    | dpfl.core.base_simulator | Round  98/150 | Acc: 0.7965 | Loss: 0.5829 | eps_max: 6.10 eps_avg: 4.68 | P: 1.00 R: 1.00 F1: 1.00
2026-05-14 13:38:45 | DEBUG   | dpfl.core.base_simulator | Update norms — honest: ['1.00', '0.19', '0.74', '0.03', '0.83'], attacker: ['nan', 'nan', 'nan', 'nan', 'nan']
2026-05-14 13:38:47 | INFO    | dpfl.core.base_simulator | Round  99/150 | Acc: 0.7967 | Loss: 0.5831 | eps_max: 6.21 eps_avg: 4.70 | P: 1.00 R: 1.00 F1: 1.00
2026-05-14 13:38:47 | DEBUG   | dpfl.core.base_simulator | Update norms — honest: ['0.25', '0.79', '0.89', '1.02', '1.73'], attacker: ['nan', 'nan', 'nan', 'nan', 'nan']
2026-05-14 13:38:49 | INFO    | dpfl.core.base_simulator | Round 100/150 | Acc: 0.7968 | Loss: 0.5834 | eps_max: 6.21 eps_avg: 4.73 | P: 1.00 R: 1.00 F1: 1.00
2026-05-14 13:38:49 | DEBUG   | dpfl.core.base_simulator | Update norms — honest: ['1.10', '1.10', '2.31', '0.34', '1.55'], attacker: ['nan', 'nan', 'nan', 'nan', 'nan']
2026-05-14 13:38:51 | INFO    | dpfl.core.base_simulator | Round 101/150 | Acc: 0.7968 | Loss: 0.5834 | eps_max: 6.21 eps_avg: 4.78 | P: 1.00 R: 1.00 F1: 1.00
2026-05-14 13:38:51 | DEBUG   | dpfl.core.base_simulator | Update norms — honest: ['1.42', '1.33', '1.65', '1.06', '1.29'], attacker: ['nan', 'nan', 'nan', 'nan', 'nan']
2026-05-14 13:38:53 | INFO    | dpfl.core.base_simulator | Round 102/150 | Acc: 0.7970 | Loss: 0.5838 | eps_max: 6.34 eps_avg: 4.82 | P: 1.00 R: 1.00 F1: 1.00
2026-05-14 13:38:53 | DEBUG   | dpfl.core.base_simulator | Update norms — honest: ['0.99', '0.38', '1.16', '0.59', '1.88'], attacker: ['nan', 'nan', 'nan', 'nan', 'nan']
2026-05-14 13:38:55 | INFO    | dpfl.core.base_simulator | Round 103/150 | Acc: 0.7967 | Loss: 0.5844 | eps_max: 6.36 eps_avg: 4.85 | P: 1.00 R: 1.00 F1: 1.00
2026-05-14 13:38:55 | DEBUG   | dpfl.core.base_simulator | Update norms — honest: ['1.41', '1.43', '0.74', '0.44', '2.13'], attacker: ['nan', 'nan', 'nan', 'nan', 'nan']
2026-05-14 13:38:57 | INFO    | dpfl.core.base_simulator | Round 104/150 | Acc: 0.7969 | Loss: 0.5845 | eps_max: 6.36 eps_avg: 4.92 | P: 1.00 R: 1.00 F1: 1.00
2026-05-14 13:38:57 | DEBUG   | dpfl.core.base_simulator | Update norms — honest: ['0.94', '0.34', '2.16', '0.84', '1.25'], attacker: ['nan', 'nan', 'nan', 'nan', 'nan']
2026-05-14 13:38:59 | INFO    | dpfl.core.base_simulator | Round 105/150 | Acc: 0.7968 | Loss: 0.5851 | eps_max: 6.36 eps_avg: 4.96 | P: 1.00 R: 1.00 F1: 1.00
2026-05-14 13:38:59 | DEBUG   | dpfl.core.base_simulator | Update norms — honest: ['0.57', '1.03', '1.37', '0.09', '1.71'], attacker: ['nan', 'nan', 'nan', 'nan', 'nan']
2026-05-14 13:39:01 | INFO    | dpfl.core.base_simulator | Round 106/150 | Acc: 0.7970 | Loss: 0.5848 | eps_max: 6.36 eps_avg: 4.97 | P: 1.00 R: 1.00 F1: 1.00
2026-05-14 13:39:01 | DEBUG   | dpfl.core.base_simulator | Update norms — honest: ['0.47', '2.03', '1.37', '1.31'], attacker: ['nan', 'nan', 'nan', 'nan', 'nan']
2026-05-14 13:39:03 | INFO    | dpfl.core.base_simulator | Round 107/150 | Acc: 0.7969 | Loss: 0.5853 | eps_max: 6.69 eps_avg: 5.00 | P: 1.00 R: 1.00 F1: 1.00
2026-05-14 13:39:03 | DEBUG   | dpfl.core.base_simulator | Update norms — honest: ['0.00', '2.30', '0.96', '0.22', '1.19'], attacker: ['nan', 'nan', 'nan', 'nan', 'nan']
2026-05-14 13:39:05 | INFO    | dpfl.core.base_simulator | Round 108/150 | Acc: 0.7971 | Loss: 0.5854 | eps_max: 6.69 eps_avg: 5.04 | P: 1.00 R: 1.00 F1: 1.00
2026-05-14 13:39:05 | DEBUG   | dpfl.core.base_simulator | Update norms — honest: ['3.58', '0.94', '2.49', '1.31', '0.47'], attacker: ['nan', 'nan', 'nan', 'nan', 'nan']
2026-05-14 13:39:07 | INFO    | dpfl.core.base_simulator | Round 109/150 | Acc: 0.7970 | Loss: 0.5862 | eps_max: 6.73 eps_avg: 5.06 | P: 1.00 R: 1.00 F1: 1.00
2026-05-14 13:39:07 | DEBUG   | dpfl.core.base_simulator | Update norms — honest: ['2.94', '1.71', '1.22', '2.01', '0.23'], attacker: ['nan', 'nan', 'nan', 'nan', 'nan']
2026-05-14 13:39:09 | INFO    | dpfl.core.base_simulator | Round 110/150 | Acc: 0.7972 | Loss: 0.5862 | eps_max: 6.73 eps_avg: 5.12 | P: 1.00 R: 1.00 F1: 1.00
2026-05-14 13:39:09 | DEBUG   | dpfl.core.base_simulator | Update norms — honest: ['0.34', '0.54', '0.42', '0.99', '0.51'], attacker: ['nan', 'nan', 'nan', 'nan', 'nan']
2026-05-14 13:39:11 | INFO    | dpfl.core.base_simulator | Round 111/150 | Acc: 0.7969 | Loss: 0.5868 | eps_max: 6.73 eps_avg: 5.17 | P: 1.00 R: 1.00 F1: 1.00
2026-05-14 13:39:11 | DEBUG   | dpfl.core.base_simulator | Update norms — honest: ['2.15', '2.27', '1.24', '0.40', '0.50'], attacker: ['nan', 'nan', 'nan', 'nan', 'nan']
2026-05-14 13:39:13 | INFO    | dpfl.core.base_simulator | Round 112/150 | Acc: 0.7969 | Loss: 0.5876 | eps_max: 6.73 eps_avg: 5.20 | P: 1.00 R: 1.00 F1: 1.00
2026-05-14 13:39:13 | DEBUG   | dpfl.core.base_simulator | Update norms — honest: ['2.87', '0.31', '0.58', '0.51', '1.88'], attacker: ['nan', 'nan', 'nan', 'nan', 'nan']
2026-05-14 13:39:15 | INFO    | dpfl.core.base_simulator | Round 113/150 | Acc: 0.7975 | Loss: 0.5871 | eps_max: 6.73 eps_avg: 5.21 | P: 1.00 R: 1.00 F1: 1.00
2026-05-14 13:39:15 | DEBUG   | dpfl.core.base_simulator | Update norms — honest: ['1.25', '0.54', '1.70', '2.15'], attacker: ['nan', 'nan', 'nan', 'nan', 'nan']
2026-05-14 13:39:17 | INFO    | dpfl.core.base_simulator | Round 114/150 | Acc: 0.7972 | Loss: 0.5881 | eps_max: 6.73 eps_avg: 5.24 | P: 1.00 R: 1.00 F1: 1.00
2026-05-14 13:39:17 | DEBUG   | dpfl.core.base_simulator | Update norms — honest: ['1.80', '2.27', '1.66', '1.41', '0.31'], attacker: ['nan', 'nan', 'nan', 'nan', 'nan']
2026-05-14 13:39:19 | INFO    | dpfl.core.base_simulator | Round 115/150 | Acc: 0.7970 | Loss: 0.5885 | eps_max: 6.73 eps_avg: 5.27 | P: 1.00 R: 1.00 F1: 1.00
2026-05-14 13:39:20 | DEBUG   | dpfl.core.base_simulator | Update norms — honest: ['1.77', '0.34', '2.34', '2.04', '3.38'], attacker: ['nan', 'nan', 'nan', 'nan', 'nan']
2026-05-14 13:39:22 | INFO    | dpfl.core.base_simulator | Round 116/150 | Acc: 0.7974 | Loss: 0.5889 | eps_max: 6.73 eps_avg: 5.30 | P: 1.00 R: 1.00 F1: 1.00
2026-05-14 13:39:22 | DEBUG   | dpfl.core.base_simulator | Update norms — honest: ['0.62', '0.89', '0.84', '1.46', '0.00'], attacker: ['nan', 'nan', 'nan', 'nan', 'nan']
2026-05-14 13:39:24 | INFO    | dpfl.core.base_simulator | Round 117/150 | Acc: 0.7974 | Loss: 0.5889 | eps_max: 6.78 eps_avg: 5.34 | P: 1.00 R: 1.00 F1: 1.00
2026-05-14 13:39:24 | DEBUG   | dpfl.core.base_simulator | Update norms — honest: ['0.59', '2.61', '2.13', '1.99', '1.55'], attacker: ['nan', 'nan', 'nan', 'nan', 'nan']
2026-05-14 13:39:26 | INFO    | dpfl.core.base_simulator | Round 118/150 | Acc: 0.7974 | Loss: 0.5895 | eps_max: 6.78 eps_avg: 5.38 | P: 1.00 R: 1.00 F1: 1.00
2026-05-14 13:39:26 | DEBUG   | dpfl.core.base_simulator | Update norms — honest: ['1.12', '0.59', '1.72', '0.81', '1.61'], attacker: ['nan', 'nan', 'nan', 'nan', 'nan']
2026-05-14 13:39:28 | INFO    | dpfl.core.base_simulator | Round 119/150 | Acc: 0.7974 | Loss: 0.5900 | eps_max: 7.20 eps_avg: 5.43 | P: 1.00 R: 1.00 F1: 1.00
2026-05-14 13:39:28 | DEBUG   | dpfl.core.base_simulator | Update norms — honest: ['1.46', '1.03', '1.12', '0.99', '1.13'], attacker: ['nan', 'nan', 'nan', 'nan', 'nan']
2026-05-14 13:39:31 | INFO    | dpfl.core.base_simulator | Round 120/150 | Acc: 0.7973 | Loss: 0.5903 | eps_max: 7.20 eps_avg: 5.46 | P: 1.00 R: 1.00 F1: 1.00
2026-05-14 13:39:31 | DEBUG   | dpfl.core.base_simulator | Update norms — honest: ['0.47', '0.00', '1.14', '1.36', '0.89'], attacker: ['nan', 'nan', 'nan', 'nan', 'nan']
2026-05-14 13:39:33 | INFO    | dpfl.core.base_simulator | Round 121/150 | Acc: 0.7973 | Loss: 0.5909 | eps_max: 7.20 eps_avg: 5.49 | P: 1.00 R: 1.00 F1: 1.00
2026-05-14 13:39:33 | DEBUG   | dpfl.core.base_simulator | Update norms — honest: ['2.93', '0.00', '2.75', '0.98', '1.10'], attacker: ['nan', 'nan', 'nan', 'nan', 'nan']
2026-05-14 13:39:35 | INFO    | dpfl.core.base_simulator | Round 122/150 | Acc: 0.7976 | Loss: 0.5913 | eps_max: 7.20 eps_avg: 5.51 | P: 1.00 R: 1.00 F1: 1.00
2026-05-14 13:39:35 | DEBUG   | dpfl.core.base_simulator | Update norms — honest: ['3.05', '2.93', '0.00', '1.97', '0.51'], attacker: ['nan', 'nan', 'nan', 'nan', 'nan']
2026-05-14 13:39:37 | INFO    | dpfl.core.base_simulator | Round 123/150 | Acc: 0.7972 | Loss: 0.5922 | eps_max: 7.20 eps_avg: 5.54 | P: 1.00 R: 1.00 F1: 1.00
2026-05-14 13:39:37 | DEBUG   | dpfl.core.base_simulator | Update norms — honest: ['0.65', '2.21', '1.02', '1.09', '1.78'], attacker: ['nan', 'nan', 'nan', 'nan', 'nan']
2026-05-14 13:39:39 | INFO    | dpfl.core.base_simulator | Round 124/150 | Acc: 0.7972 | Loss: 0.5926 | eps_max: 7.20 eps_avg: 5.55 | P: 1.00 R: 1.00 F1: 1.00
2026-05-14 13:39:39 | DEBUG   | dpfl.core.base_simulator | Update norms — honest: ['2.30', '0.55', '2.04', '0.97', '1.02'], attacker: ['nan', 'nan', 'nan', 'nan', 'nan']
2026-05-14 13:39:41 | INFO    | dpfl.core.base_simulator | Round 125/150 | Acc: 0.7974 | Loss: 0.5927 | eps_max: 7.20 eps_avg: 5.57 | P: 1.00 R: 1.00 F1: 1.00
2026-05-14 13:39:41 | DEBUG   | dpfl.core.base_simulator | Update norms — honest: ['0.63', '1.94', '1.53', '0.18', '2.59'], attacker: ['nan', 'nan', 'nan', 'nan', 'nan']
2026-05-14 13:39:43 | INFO    | dpfl.core.base_simulator | Round 126/150 | Acc: 0.7973 | Loss: 0.5934 | eps_max: 7.20 eps_avg: 5.59 | P: 1.00 R: 1.00 F1: 1.00
2026-05-14 13:39:43 | DEBUG   | dpfl.core.base_simulator | Update norms — honest: ['0.26', '1.01', '1.51', '2.07', '0.72'], attacker: ['nan', 'nan', 'nan', 'nan', 'nan']
2026-05-14 13:39:45 | INFO    | dpfl.core.base_simulator | Round 127/150 | Acc: 0.7973 | Loss: 0.5937 | eps_max: 7.20 eps_avg: 5.61 | P: 1.00 R: 1.00 F1: 1.00
2026-05-14 13:39:45 | DEBUG   | dpfl.core.base_simulator | Update norms — honest: ['1.73', '0.00', '1.47', '1.75', '1.39'], attacker: ['nan', 'nan', 'nan', 'nan', 'nan']
2026-05-14 13:39:48 | INFO    | dpfl.core.base_simulator | Round 128/150 | Acc: 0.7971 | Loss: 0.5948 | eps_max: 7.20 eps_avg: 5.65 | P: 1.00 R: 1.00 F1: 1.00
2026-05-14 13:39:48 | DEBUG   | dpfl.core.base_simulator | Update norms — honest: ['2.23', '1.93', '0.68', '0.20', '0.33'], attacker: ['nan', 'nan', 'nan', 'nan', 'nan']
2026-05-14 13:39:50 | INFO    | dpfl.core.base_simulator | Round 129/150 | Acc: 0.7974 | Loss: 0.5947 | eps_max: 7.20 eps_avg: 5.68 | P: 1.00 R: 1.00 F1: 1.00
2026-05-14 13:39:50 | DEBUG   | dpfl.core.base_simulator | Update norms — honest: ['0.94', '0.79', '1.08', '0.57', '0.78'], attacker: ['nan', 'nan', 'nan', 'nan', 'nan']
2026-05-14 13:39:52 | INFO    | dpfl.core.base_simulator | Round 130/150 | Acc: 0.7971 | Loss: 0.5958 | eps_max: 7.20 eps_avg: 5.71 | P: 1.00 R: 1.00 F1: 1.00
2026-05-14 13:39:52 | DEBUG   | dpfl.core.base_simulator | Update norms — honest: ['1.20', '0.50', '0.86', '1.61', '0.38'], attacker: ['nan', 'nan', 'nan', 'nan', 'nan']
2026-05-14 13:39:54 | INFO    | dpfl.core.base_simulator | Round 131/150 | Acc: 0.7977 | Loss: 0.5957 | eps_max: 7.44 eps_avg: 5.73 | P: 1.00 R: 1.00 F1: 1.00
2026-05-14 13:39:54 | DEBUG   | dpfl.core.base_simulator | Update norms — honest: ['1.01', '0.61', '0.86', '2.02', '2.55'], attacker: ['nan', 'nan', 'nan', 'nan', 'nan']
2026-05-14 13:39:56 | INFO    | dpfl.core.base_simulator | Round 132/150 | Acc: 0.7975 | Loss: 0.5963 | eps_max: 7.44 eps_avg: 5.75 | P: 1.00 R: 1.00 F1: 1.00
2026-05-14 13:39:56 | DEBUG   | dpfl.core.base_simulator | Update norms — honest: ['1.05', '2.18', '1.33', '2.50', '3.60'], attacker: ['nan', 'nan', 'nan', 'nan', 'nan']
2026-05-14 13:39:58 | INFO    | dpfl.core.base_simulator | Round 133/150 | Acc: 0.7970 | Loss: 0.5973 | eps_max: 7.57 eps_avg: 5.78 | P: 1.00 R: 1.00 F1: 1.00
2026-05-14 13:39:58 | DEBUG   | dpfl.core.base_simulator | Update norms — honest: ['3.18', '1.18', '2.25', '2.19', '1.94'], attacker: ['nan', 'nan', 'nan', 'nan', 'nan']
2026-05-14 13:40:00 | INFO    | dpfl.core.base_simulator | Round 134/150 | Acc: 0.7972 | Loss: 0.5979 | eps_max: 7.57 eps_avg: 5.81 | P: 1.00 R: 1.00 F1: 1.00
2026-05-14 13:40:00 | DEBUG   | dpfl.core.base_simulator | Update norms — honest: ['1.37', '0.00', '0.55', '1.93', '2.09'], attacker: ['nan', 'nan', 'nan', 'nan', 'nan']
2026-05-14 13:40:02 | INFO    | dpfl.core.base_simulator | Round 135/150 | Acc: 0.7974 | Loss: 0.5983 | eps_max: 7.57 eps_avg: 5.84 | P: 1.00 R: 1.00 F1: 1.00
2026-05-14 13:40:02 | DEBUG   | dpfl.core.base_simulator | Update norms — honest: ['2.23', '2.27', '1.37', '1.40', '2.69'], attacker: ['nan', 'nan', 'nan', 'nan', 'nan']
2026-05-14 13:40:04 | INFO    | dpfl.core.base_simulator | Round 136/150 | Acc: 0.7974 | Loss: 0.5987 | eps_max: 7.57 eps_avg: 5.86 | P: 1.00 R: 1.00 F1: 1.00
2026-05-14 13:40:04 | DEBUG   | dpfl.core.base_simulator | Update norms — honest: ['1.50', '1.07', '0.47', '1.28', '1.40'], attacker: ['nan', 'nan', 'nan', 'nan', 'nan']
2026-05-14 13:40:06 | INFO    | dpfl.core.base_simulator | Round 137/150 | Acc: 0.7974 | Loss: 0.5990 | eps_max: 7.57 eps_avg: 5.87 | P: 1.00 R: 1.00 F1: 1.00
2026-05-14 13:40:06 | DEBUG   | dpfl.core.base_simulator | Update norms — honest: ['1.57', '1.10', '1.32', '1.78', '1.36'], attacker: ['nan', 'nan', 'nan', 'nan', 'nan']
2026-05-14 13:40:09 | INFO    | dpfl.core.base_simulator | Round 138/150 | Acc: 0.7973 | Loss: 0.5997 | eps_max: 7.57 eps_avg: 5.89 | P: 1.00 R: 1.00 F1: 1.00
2026-05-14 13:40:09 | DEBUG   | dpfl.core.base_simulator | Update norms — honest: ['1.79', '2.29', '0.00', '0.92', '2.04'], attacker: ['nan', 'nan', 'nan', 'nan', 'nan']
2026-05-14 13:40:11 | INFO    | dpfl.core.base_simulator | Round 139/150 | Acc: 0.7972 | Loss: 0.6005 | eps_max: 7.57 eps_avg: 5.91 | P: 1.00 R: 1.00 F1: 1.00
2026-05-14 13:40:11 | DEBUG   | dpfl.core.base_simulator | Update norms — honest: ['2.66', '1.95', '0.37', '1.67', '0.00'], attacker: ['nan', 'nan', 'nan', 'nan', 'nan']
2026-05-14 13:40:13 | INFO    | dpfl.core.base_simulator | Round 140/150 | Acc: 0.7972 | Loss: 0.6013 | eps_max: 7.57 eps_avg: 5.93 | P: 1.00 R: 1.00 F1: 1.00
2026-05-14 13:40:13 | DEBUG   | dpfl.core.base_simulator | Update norms — honest: ['0.00', '0.69', '2.35', '3.08', '1.51'], attacker: ['nan', 'nan', 'nan', 'nan', 'nan']
2026-05-14 13:40:15 | INFO    | dpfl.core.base_simulator | Round 141/150 | Acc: 0.7972 | Loss: 0.6021 | eps_max: 7.57 eps_avg: 5.95 | P: 1.00 R: 1.00 F1: 1.00
2026-05-14 13:40:15 | DEBUG   | dpfl.core.base_simulator | Update norms — honest: ['0.25', '0.40', '1.46', '0.11', '0.65'], attacker: ['nan', 'nan', 'nan', 'nan', 'nan']
2026-05-14 13:40:17 | INFO    | dpfl.core.base_simulator | Round 142/150 | Acc: 0.7972 | Loss: 0.6024 | eps_max: 7.57 eps_avg: 5.98 | P: 1.00 R: 1.00 F1: 1.00
2026-05-14 13:40:17 | DEBUG   | dpfl.core.base_simulator | Update norms — honest: ['0.00', '1.03', '1.40', '0.00', '1.05'], attacker: ['nan', 'nan', 'nan', 'nan', 'nan']
2026-05-14 13:40:19 | INFO    | dpfl.core.base_simulator | Round 143/150 | Acc: 0.7973 | Loss: 0.6030 | eps_max: 7.57 eps_avg: 6.02 | P: 1.00 R: 1.00 F1: 1.00
2026-05-14 13:40:19 | DEBUG   | dpfl.core.base_simulator | Update norms — honest: ['0.76', '0.38', '2.37', '0.45', '1.14'], attacker: ['nan', 'nan', 'nan', 'nan', 'nan']
2026-05-14 13:40:21 | INFO    | dpfl.core.base_simulator | Round 144/150 | Acc: 0.7973 | Loss: 0.6035 | eps_max: 7.57 eps_avg: 6.04 | P: 1.00 R: 1.00 F1: 1.00
2026-05-14 13:40:21 | DEBUG   | dpfl.core.base_simulator | Update norms — honest: ['1.22', '1.45', '0.00', '1.89', '0.00'], attacker: ['nan', 'nan', 'nan', 'nan', 'nan']
2026-05-14 13:40:23 | INFO    | dpfl.core.base_simulator | Round 145/150 | Acc: 0.7974 | Loss: 0.6042 | eps_max: 7.57 eps_avg: 6.06 | P: 1.00 R: 1.00 F1: 1.00
2026-05-14 13:40:23 | DEBUG   | dpfl.core.base_simulator | Update norms — honest: ['1.25', '0.54', '1.37', '0.00', '0.74'], attacker: ['nan', 'nan', 'nan', 'nan', 'nan']
2026-05-14 13:40:25 | INFO    | dpfl.core.base_simulator | Round 146/150 | Acc: 0.7971 | Loss: 0.6050 | eps_max: 7.57 eps_avg: 6.10 | P: 1.00 R: 1.00 F1: 1.00
2026-05-14 13:40:25 | DEBUG   | dpfl.core.base_simulator | Update norms — honest: ['0.00', '0.00', '2.70', '1.70', '0.40'], attacker: ['nan', 'nan', 'nan', 'nan', 'nan']
2026-05-14 13:40:27 | INFO    | dpfl.core.base_simulator | Round 147/150 | Acc: 0.7973 | Loss: 0.6056 | eps_max: 7.57 eps_avg: 6.13 | P: 1.00 R: 1.00 F1: 1.00
2026-05-14 13:40:27 | DEBUG   | dpfl.core.base_simulator | Update norms — honest: ['1.19', '1.83', '1.66', '0.95', '1.96'], attacker: ['nan', 'nan', 'nan', 'nan', 'nan']
2026-05-14 13:40:30 | INFO    | dpfl.core.base_simulator | Round 148/150 | Acc: 0.7971 | Loss: 0.6059 | eps_max: 7.57 eps_avg: 6.16 | P: 1.00 R: 1.00 F1: 1.00
2026-05-14 13:40:30 | DEBUG   | dpfl.core.base_simulator | Update norms — honest: ['2.64', '1.37', '1.73', '0.71', '1.90'], attacker: ['nan', 'nan', 'nan', 'nan', 'nan']
2026-05-14 13:40:32 | INFO    | dpfl.core.base_simulator | Round 149/150 | Acc: 0.7970 | Loss: 0.6071 | eps_max: 7.57 eps_avg: 6.18 | P: 1.00 R: 1.00 F1: 1.00
2026-05-14 13:40:32 | DEBUG   | dpfl.core.base_simulator | Update norms — honest: ['1.92', '1.70', '2.80', '0.00', '0.48'], attacker: ['nan', 'nan', 'nan', 'nan', 'nan']
2026-05-14 13:40:34 | INFO    | dpfl.core.base_simulator | Round 150/150 | Acc: 0.7972 | Loss: 0.6073 | eps_max: 7.57 eps_avg: 6.20 | P: 1.00 R: 1.00 F1: 1.00
2026-05-14 13:40:34 | DEBUG   | dpfl.core.base_simulator | Update norms — honest: ['1.27', '0.28', '0.00', '1.55', '2.04'], attacker: ['nan', 'nan', 'nan', 'nan', 'nan']
2026-05-14 13:40:35 | INFO    | dpfl | Experiment complete in 886.1s
============================================================
REPORT: DP-SGD Decentralized Federated Learning
============================================================
Timestamp:                  20260514_132547
Rounds completed:           150
Attack-active rounds:       100  (from round 50)
Final accuracy:             0.7972
Final test loss:            0.6073
Final epsilon (max honest): 7.57
Final epsilon (avg honest): 6.20
Best alpha:                 1000.0
Avg precision:              1.0000
Avg recall:                 0.9714
Avg F1 score:               0.9927
Avg update norm (honest):   1.0708
Avg update norm (attacker): nan

eps_system (max honest): 7.5681
eps_avg (honest):        6.2001
eps_std (honest):        0.8054
n_frozen:                0/200
============================================================
