2026-05-14 06:33:06 | INFO    | dpfl | Experiment start: algorithm=noise_game, dataset=mnist, model=mlp, device=cuda
2026-05-14 06:33:06 | INFO    | dpfl | Config: nodes=500, attackers=200, rounds=150, noise_mode=none, attack=scale
2026-05-14 06:33:06 | INFO    | dpfl.data.mnist_dataset | Loading MNIST dataset...
2026-05-14 06:33:06 | INFO    | dpfl.data.mnist_dataset | MNIST loaded: 60000 train, 10000 test samples
2026-05-14 06:34:36 | INFO    | dpfl.core.base_simulator | Vectorized state ready: param_spec.D=50890, X_test=(10000, 1, 28, 28), train clients N=500, max_n_samples=1000
2026-05-14 06:34:36 | INFO    | dpfl.core.base_simulator | Setup complete: 500 nodes (200 attackers), param_dim=50890, split=iid
2026-05-14 06:34:36 | DEBUG   | dpfl.core.base_simulator | Attacker IDs: {0, 1, 2, 3, 4, 5, 6, 7, 8, 9, 10, 11, 12, 13, 14, 15, 16, 17, 18, 19, 20, 21, 22, 23, 24, 25, 26, 27, 28, 29, 30, 31, 32, 33, 34, 35, 36, 37, 38, 39, 40, 41, 42, 43, 44, 45, 46, 47, 48, 49, 50, 51, 52, 53, 54, 55, 56, 57, 58, 59, 60, 61, 62, 63, 64, 65, 66, 67, 68, 69, 70, 71, 72, 73, 74, 75, 76, 77, 78, 79, 80, 81, 82, 83, 84, 85, 86, 87, 88, 89, 90, 91, 92, 93, 94, 95, 96, 97, 98, 99, 100, 101, 102, 103, 104, 105, 106, 107, 108, 109, 110, 111, 112, 113, 114, 115, 116, 117, 118, 119, 120, 121, 122, 123, 124, 125, 126, 127, 128, 129, 130, 131, 132, 133, 134, 135, 136, 137, 138, 139, 140, 141, 142, 143, 144, 145, 146, 147, 148, 149, 150, 151, 152, 153, 154, 155, 156, 157, 158, 159, 160, 161, 162, 163, 164, 165, 166, 167, 168, 169, 170, 171, 172, 173, 174, 175, 176, 177, 178, 179, 180, 181, 182, 183, 184, 185, 186, 187, 188, 189, 190, 191, 192, 193, 194, 195, 196, 197, 198, 199}
2026-05-14 06:34:53 | INFO    | dpfl.core.base_simulator | Round   1/150 | Acc: 0.3800 | Loss: 2.0956 | eps_max: 2.97 eps_avg: 1.23 | P: nan R: nan F1: nan
2026-05-14 06:34:53 | DEBUG   | dpfl.core.base_simulator | Update norms — honest: ['0.45', '0.45', '0.45', '0.45', '0.45'], attacker: ['0.45', '0.45', '0.45', '0.45', '0.45']
2026-05-14 06:35:10 | INFO    | dpfl.core.base_simulator | Round   2/150 | Acc: 0.5541 | Loss: 1.8904 | eps_max: 3.27 eps_avg: 1.43 | P: nan R: nan F1: nan
2026-05-14 06:35:10 | DEBUG   | dpfl.core.base_simulator | Update norms — honest: ['0.45', '0.45', '0.45', '0.45', '0.45'], attacker: ['0.82', '0.82', '0.83', '0.82', '0.82']
2026-05-14 06:35:27 | INFO    | dpfl.core.base_simulator | Round   3/150 | Acc: 0.6506 | Loss: 1.6799 | eps_max: 3.37 eps_avg: 1.56 | P: nan R: nan F1: nan
2026-05-14 06:35:27 | DEBUG   | dpfl.core.base_simulator | Update norms — honest: ['0.44', '0.44', '0.44', '0.44', '0.44'], attacker: ['1.24', '1.25', '1.25', '1.25', '1.24']
2026-05-14 06:35:45 | INFO    | dpfl.core.base_simulator | Round   4/150 | Acc: 0.7096 | Loss: 1.4801 | eps_max: 3.50 eps_avg: 1.73 | P: nan R: nan F1: nan
2026-05-14 06:35:45 | DEBUG   | dpfl.core.base_simulator | Update norms — honest: ['0.44', '0.44', '0.44', '0.44', '0.44'], attacker: ['1.63', '1.64', '1.64', '1.64', '1.63']
2026-05-14 06:36:03 | INFO    | dpfl.core.base_simulator | Round   5/150 | Acc: 0.7508 | Loss: 1.3000 | eps_max: 3.66 eps_avg: 1.87 | P: nan R: nan F1: nan
2026-05-14 06:36:03 | DEBUG   | dpfl.core.base_simulator | Update norms — honest: ['0.43', '0.43', '0.43', '0.43', '0.43'], attacker: ['1.99', '2.01', '2.00', '2.00', '1.99']
2026-05-14 06:36:19 | INFO    | dpfl.core.base_simulator | Round   6/150 | Acc: 0.7792 | Loss: 1.1459 | eps_max: 3.84 eps_avg: 1.97 | P: nan R: nan F1: nan
2026-05-14 06:36:19 | DEBUG   | dpfl.core.base_simulator | Update norms — honest: ['0.43', '0.82', '0.82', '0.43', '0.83'], attacker: ['2.34', '2.35', '2.36', '2.35', '2.34']
2026-05-14 06:37:33 | INFO    | dpfl.core.base_simulator | Round   7/150 | Acc: 0.7996 | Loss: 1.0195 | eps_max: 4.04 eps_avg: 2.13 | P: nan R: nan F1: nan
2026-05-14 06:37:33 | DEBUG   | dpfl.core.base_simulator | Update norms — honest: ['0.83', '0.42', '0.77', '0.42', '0.42'], attacker: ['2.65', '2.69', '2.68', '2.67', '2.64']
2026-05-14 06:37:46 | INFO    | dpfl.core.base_simulator | Round   8/150 | Acc: 0.8139 | Loss: 0.9186 | eps_max: 4.27 eps_avg: 2.30 | P: nan R: nan F1: nan
2026-05-14 06:37:46 | DEBUG   | dpfl.core.base_simulator | Update norms — honest: ['0.42', '0.75', '0.69', '0.42', '0.42'], attacker: ['2.95', '2.97', '2.99', '2.97', '2.91']
2026-05-14 06:38:04 | INFO    | dpfl.core.base_simulator | Round   9/150 | Acc: 0.8242 | Loss: 0.8389 | eps_max: 4.53 eps_avg: 2.49 | P: nan R: nan F1: nan
2026-05-14 06:38:04 | DEBUG   | dpfl.core.base_simulator | Update norms — honest: ['0.42', '0.42', '0.80', '1.22', '0.42'], attacker: ['3.25', '3.22', '3.26', '3.24', '3.21']
2026-05-14 06:38:21 | INFO    | dpfl.core.base_simulator | Round  10/150 | Acc: 0.8321 | Loss: 0.7752 | eps_max: 4.82 eps_avg: 2.64 | P: nan R: nan F1: nan
2026-05-14 06:38:21 | DEBUG   | dpfl.core.base_simulator | Update norms — honest: ['0.77', '0.41', '0.65', '0.41', '0.66'], attacker: ['3.51', '3.47', '3.47', '3.49', '3.53']
2026-05-14 06:38:39 | INFO    | dpfl.core.base_simulator | Round  11/150 | Acc: 0.8383 | Loss: 0.7244 | eps_max: 5.14 eps_avg: 2.84 | P: nan R: nan F1: nan
2026-05-14 06:38:39 | DEBUG   | dpfl.core.base_simulator | Update norms — honest: ['0.41', '0.41', '0.77', '0.41', '0.41'], attacker: ['3.74', '3.63', '3.76', '3.77', '3.78']
2026-05-14 06:38:57 | INFO    | dpfl.core.base_simulator | Round  12/150 | Acc: 0.8436 | Loss: 0.6827 | eps_max: 5.25 eps_avg: 3.00 | P: nan R: nan F1: nan
2026-05-14 06:38:57 | DEBUG   | dpfl.core.base_simulator | Update norms — honest: ['0.40', '0.75', '0.77', '0.40', '1.17'], attacker: ['3.93', '3.95', '3.95', '3.94', '4.01']
2026-05-14 06:39:14 | INFO    | dpfl.core.base_simulator | Round  13/150 | Acc: 0.8479 | Loss: 0.6484 | eps_max: 5.30 eps_avg: 3.08 | P: nan R: nan F1: nan
2026-05-14 06:39:14 | DEBUG   | dpfl.core.base_simulator | Update norms — honest: ['1.13', '0.40', '1.49', '1.19', '0.75'], attacker: ['4.22', '4.18', '4.19', '4.19', '4.27']
2026-05-14 06:39:31 | INFO    | dpfl.core.base_simulator | Round  14/150 | Acc: 0.8514 | Loss: 0.6198 | eps_max: 5.36 eps_avg: 3.15 | P: nan R: nan F1: nan
2026-05-14 06:39:31 | DEBUG   | dpfl.core.base_simulator | Update norms — honest: ['0.67', '0.76', '0.40', '0.40', '0.74'], attacker: ['4.45', '4.37', '4.44', '4.45', '4.42']
2026-05-14 06:39:48 | INFO    | dpfl.core.base_simulator | Round  15/150 | Acc: 0.8548 | Loss: 0.5953 | eps_max: 5.42 eps_avg: 3.20 | P: nan R: nan F1: nan
2026-05-14 06:39:48 | DEBUG   | dpfl.core.base_simulator | Update norms — honest: ['0.67', '0.39', '1.55', '0.40', '0.39'], attacker: ['4.57', '4.64', '4.52', '4.63', '4.43']
2026-05-14 06:40:06 | INFO    | dpfl.core.base_simulator | Round  16/150 | Acc: 0.8576 | Loss: 0.5745 | eps_max: 5.49 eps_avg: 3.28 | P: nan R: nan F1: nan
2026-05-14 06:40:06 | DEBUG   | dpfl.core.base_simulator | Update norms — honest: ['0.64', '0.74', '1.50', '1.15', '0.39'], attacker: ['4.71', '4.70', '4.76', '4.63', '4.70']
2026-05-14 06:40:23 | INFO    | dpfl.core.base_simulator | Round  17/150 | Acc: 0.8599 | Loss: 0.5563 | eps_max: 5.57 eps_avg: 3.33 | P: nan R: nan F1: nan
2026-05-14 06:40:23 | DEBUG   | dpfl.core.base_simulator | Update norms — honest: ['0.72', '1.16', '1.47', '0.39', '1.10'], attacker: ['4.82', '4.82', '4.99', '4.69', '4.80']
2026-05-14 06:40:41 | INFO    | dpfl.core.base_simulator | Round  18/150 | Acc: 0.8620 | Loss: 0.5407 | eps_max: 5.63 eps_avg: 3.42 | P: nan R: nan F1: nan
2026-05-14 06:40:41 | DEBUG   | dpfl.core.base_simulator | Update norms — honest: ['1.01', '1.50', '0.38', '0.72', '0.69'], attacker: ['4.97', '4.94', '5.18', '4.96', '4.90']
2026-05-14 06:40:59 | INFO    | dpfl.core.base_simulator | Round  19/150 | Acc: 0.8641 | Loss: 0.5268 | eps_max: 5.71 eps_avg: 3.51 | P: nan R: nan F1: nan
2026-05-14 06:40:59 | DEBUG   | dpfl.core.base_simulator | Update norms — honest: ['0.38', '1.50', '0.38', '0.70', '0.38'], attacker: ['5.04', '5.02', '5.12', '5.20', '5.05']
2026-05-14 06:41:16 | INFO    | dpfl.core.base_simulator | Round  20/150 | Acc: 0.8657 | Loss: 0.5146 | eps_max: 5.81 eps_avg: 3.58 | P: nan R: nan F1: nan
2026-05-14 06:41:16 | DEBUG   | dpfl.core.base_simulator | Update norms — honest: ['1.04', '1.44', '1.34', '0.91', '0.37'], attacker: ['5.23', '5.49', '5.13', '5.05', '5.35']
2026-05-14 06:41:34 | INFO    | dpfl.core.base_simulator | Round  21/150 | Acc: 0.8672 | Loss: 0.5037 | eps_max: 5.89 eps_avg: 3.66 | P: nan R: nan F1: nan
2026-05-14 06:41:34 | DEBUG   | dpfl.core.base_simulator | Update norms — honest: ['0.37', '0.37', '1.44', '0.58', '0.67'], attacker: ['5.51', '5.69', '5.43', '5.20', '5.48']
2026-05-14 06:41:51 | INFO    | dpfl.core.base_simulator | Round  22/150 | Acc: 0.8686 | Loss: 0.4939 | eps_max: 5.99 eps_avg: 3.73 | P: nan R: nan F1: nan
2026-05-14 06:41:51 | DEBUG   | dpfl.core.base_simulator | Update norms — honest: ['1.04', '0.66', '0.54', '1.03', '0.37'], attacker: ['5.57', '5.74', '5.78', '5.61', '5.50']
2026-05-14 06:42:10 | INFO    | dpfl.core.base_simulator | Round  23/150 | Acc: 0.8699 | Loss: 0.4851 | eps_max: 6.10 eps_avg: 3.81 | P: nan R: nan F1: nan
2026-05-14 06:42:10 | DEBUG   | dpfl.core.base_simulator | Update norms — honest: ['0.65', '1.44', '1.69', '0.67', '0.68'], attacker: ['5.61', '5.83', '5.75', '5.77', '5.44']
2026-05-14 06:42:28 | INFO    | dpfl.core.base_simulator | Round  24/150 | Acc: 0.8710 | Loss: 0.4772 | eps_max: 6.22 eps_avg: 3.91 | P: nan R: nan F1: nan
2026-05-14 06:42:28 | DEBUG   | dpfl.core.base_simulator | Update norms — honest: ['1.74', '0.48', '1.07', '1.58', '0.36'], attacker: ['5.54', '5.98', '5.59', '5.98', '5.79']
2026-05-14 06:42:46 | INFO    | dpfl.core.base_simulator | Round  25/150 | Acc: 0.8719 | Loss: 0.4700 | eps_max: 6.34 eps_avg: 4.00 | P: nan R: nan F1: nan
2026-05-14 06:42:46 | DEBUG   | dpfl.core.base_simulator | Update norms — honest: ['1.71', '1.00', '0.35', '0.63', '0.62'], attacker: ['5.82', '6.14', '5.79', '5.95', '5.79']
2026-05-14 06:43:04 | INFO    | dpfl.core.base_simulator | Round  26/150 | Acc: 0.8730 | Loss: 0.4635 | eps_max: 6.44 eps_avg: 4.11 | P: nan R: nan F1: nan
2026-05-14 06:43:04 | DEBUG   | dpfl.core.base_simulator | Update norms — honest: ['0.35', '0.58', '0.67', '0.94', '0.35'], attacker: ['6.08', '6.22', '5.81', '5.49', '5.06']
2026-05-14 06:43:22 | INFO    | dpfl.core.base_simulator | Round  27/150 | Acc: 0.8738 | Loss: 0.4574 | eps_max: 6.57 eps_avg: 4.21 | P: nan R: nan F1: nan
2026-05-14 06:43:22 | DEBUG   | dpfl.core.base_simulator | Update norms — honest: ['1.00', '0.46', '1.62', '0.94', '0.35'], attacker: ['5.93', '6.14', '5.83', '5.86', '5.45']
2026-05-14 06:43:40 | INFO    | dpfl.core.base_simulator | Round  28/150 | Acc: 0.8746 | Loss: 0.4520 | eps_max: 6.72 eps_avg: 4.30 | P: nan R: nan F1: nan
2026-05-14 06:43:40 | DEBUG   | dpfl.core.base_simulator | Update norms — honest: ['0.52', '0.34', '0.35', '0.99', '1.25'], attacker: ['5.66', '6.30', '5.76', '6.40', '5.88']
2026-05-14 06:43:58 | INFO    | dpfl.core.base_simulator | Round  29/150 | Acc: 0.8754 | Loss: 0.4469 | eps_max: 6.86 eps_avg: 4.41 | P: nan R: nan F1: nan
2026-05-14 06:43:58 | DEBUG   | dpfl.core.base_simulator | Update norms — honest: ['1.82', '0.34', '1.11', '1.42', '0.97'], attacker: ['6.34', '6.31', '5.41', '6.59', '5.55']
2026-05-14 06:44:16 | INFO    | dpfl.core.base_simulator | Round  30/150 | Acc: 0.8761 | Loss: 0.4422 | eps_max: 7.08 eps_avg: 4.50 | P: nan R: nan F1: nan
2026-05-14 06:44:16 | DEBUG   | dpfl.core.base_simulator | Update norms — honest: ['0.43', '1.08', '0.62', '1.11', '0.34'], attacker: ['6.46', '6.24', '5.97', '6.44', '5.27']
2026-05-14 06:44:34 | INFO    | dpfl.core.base_simulator | Round  31/150 | Acc: 0.8767 | Loss: 0.4379 | eps_max: 7.22 eps_avg: 4.63 | P: nan R: nan F1: nan
2026-05-14 06:44:34 | DEBUG   | dpfl.core.base_simulator | Update norms — honest: ['1.65', '0.52', '1.67', '0.34', '0.41'], attacker: ['6.41', '6.49', '5.57', '6.34', '5.73']
2026-05-14 06:44:52 | INFO    | dpfl.core.base_simulator | Round  32/150 | Acc: 0.8773 | Loss: 0.4340 | eps_max: 7.41 eps_avg: 4.72 | P: nan R: nan F1: nan
2026-05-14 06:44:52 | DEBUG   | dpfl.core.base_simulator | Update norms — honest: ['0.60', '0.67', '0.95', '0.34', '1.08'], attacker: ['6.43', '5.85', '5.43', '6.34', '5.88']
2026-05-14 06:45:11 | INFO    | dpfl.core.base_simulator | Round  33/150 | Acc: 0.8779 | Loss: 0.4303 | eps_max: 7.63 eps_avg: 4.83 | P: nan R: nan F1: nan
2026-05-14 06:45:11 | DEBUG   | dpfl.core.base_simulator | Update norms — honest: ['0.89', '0.34', '1.44', '0.62', '1.44'], attacker: ['6.45', '5.43', '6.24', '5.43', '6.10']
2026-05-14 06:45:28 | INFO    | dpfl.core.base_simulator | Round  34/150 | Acc: 0.8783 | Loss: 0.4269 | eps_max: 7.89 eps_avg: 4.93 | P: nan R: nan F1: nan
2026-05-14 06:45:28 | DEBUG   | dpfl.core.base_simulator | Update norms — honest: ['0.96', '1.55', '0.34', '0.54', '0.34'], attacker: ['6.32', '5.55', '6.41', '4.42', '6.46']
2026-05-14 06:45:47 | INFO    | dpfl.core.base_simulator | Round  35/150 | Acc: 0.8789 | Loss: 0.4238 | eps_max: 7.98 eps_avg: 5.03 | P: nan R: nan F1: nan
2026-05-14 06:45:47 | DEBUG   | dpfl.core.base_simulator | Update norms — honest: ['0.64', '0.95', '0.34', '0.58', '1.14'], attacker: ['6.05', '6.07', '5.75', '5.94', '6.32']
2026-05-14 06:46:04 | INFO    | dpfl.core.base_simulator | Round  36/150 | Acc: 0.8794 | Loss: 0.4208 | eps_max: 8.07 eps_avg: 5.12 | P: nan R: nan F1: nan
2026-05-14 06:46:04 | DEBUG   | dpfl.core.base_simulator | Update norms — honest: ['0.63', '0.53', '1.44', '0.86', '0.34'], attacker: ['6.37', '6.22', '6.05', '6.19', '5.72']
2026-05-14 06:46:04 | WARNING | dpfl.algorithms.noise_game.simulator | Round  36/150 | Budget exceeded (eps_max=8.07 > 8.00)
2026-05-14 06:46:06 | INFO    | dpfl | Experiment complete in 778.2s
============================================================
REPORT: DP-SGD Decentralized Federated Learning
============================================================
Timestamp:                  20260514_063306
Rounds completed:           36
Attack-active rounds:       0  (from round 50)
Final accuracy:             0.8794
Final test loss:            0.4208
Final epsilon (max honest): 8.07
Final epsilon (avg honest): 5.12
Best alpha:                 1000.0
Avg precision:              nan
Avg recall:                 nan
Avg F1 score:               nan
Avg update norm (honest):   0.6803
Avg update norm (attacker): 4.5081

eps_system (max honest): 5.5140
eps_avg (honest):        3.5483
eps_std (honest):        1.7533
n_frozen:                0/300
============================================================
