2026-05-14 05:29:16 | INFO    | dpfl | Experiment start: algorithm=noise_game, dataset=mnist, model=mlp, device=cuda
2026-05-14 05:29:16 | INFO    | dpfl | Config: nodes=500, attackers=200, rounds=150, noise_mode=none, attack=scale
2026-05-14 05:29:16 | INFO    | dpfl.data.mnist_dataset | Loading MNIST dataset...
2026-05-14 05:29:16 | INFO    | dpfl.data.mnist_dataset | MNIST loaded: 60000 train, 10000 test samples
2026-05-14 05:31:08 | INFO    | dpfl.core.base_simulator | Vectorized state ready: param_spec.D=50890, X_test=(10000, 1, 28, 28), train clients N=500, max_n_samples=1000
2026-05-14 05:31:08 | INFO    | dpfl.core.base_simulator | Setup complete: 500 nodes (200 attackers), param_dim=50890, split=iid
2026-05-14 05:31:08 | DEBUG   | dpfl.core.base_simulator | Attacker IDs: {0, 1, 2, 3, 4, 5, 6, 7, 8, 9, 10, 11, 12, 13, 14, 15, 16, 17, 18, 19, 20, 21, 22, 23, 24, 25, 26, 27, 28, 29, 30, 31, 32, 33, 34, 35, 36, 37, 38, 39, 40, 41, 42, 43, 44, 45, 46, 47, 48, 49, 50, 51, 52, 53, 54, 55, 56, 57, 58, 59, 60, 61, 62, 63, 64, 65, 66, 67, 68, 69, 70, 71, 72, 73, 74, 75, 76, 77, 78, 79, 80, 81, 82, 83, 84, 85, 86, 87, 88, 89, 90, 91, 92, 93, 94, 95, 96, 97, 98, 99, 100, 101, 102, 103, 104, 105, 106, 107, 108, 109, 110, 111, 112, 113, 114, 115, 116, 117, 118, 119, 120, 121, 122, 123, 124, 125, 126, 127, 128, 129, 130, 131, 132, 133, 134, 135, 136, 137, 138, 139, 140, 141, 142, 143, 144, 145, 146, 147, 148, 149, 150, 151, 152, 153, 154, 155, 156, 157, 158, 159, 160, 161, 162, 163, 164, 165, 166, 167, 168, 169, 170, 171, 172, 173, 174, 175, 176, 177, 178, 179, 180, 181, 182, 183, 184, 185, 186, 187, 188, 189, 190, 191, 192, 193, 194, 195, 196, 197, 198, 199}
2026-05-14 05:31:20 | INFO    | dpfl.core.base_simulator | Round   1/150 | Acc: 0.3799 | Loss: 2.0956 | eps_max: 0.24 eps_avg: 0.10 | P: nan R: nan F1: nan
2026-05-14 05:31:20 | DEBUG   | dpfl.core.base_simulator | Update norms — honest: ['1.68', '1.69', '1.69', '1.69', '1.70'], attacker: ['1.69', '1.70', '1.70', '1.69', '1.69']
2026-05-14 05:31:32 | INFO    | dpfl.core.base_simulator | Round   2/150 | Acc: 0.5534 | Loss: 1.8907 | eps_max: 0.25 eps_avg: 0.11 | P: nan R: nan F1: nan
2026-05-14 05:31:32 | DEBUG   | dpfl.core.base_simulator | Update norms — honest: ['1.69', '1.67', '1.68', '1.67', '1.67'], attacker: ['3.06', '3.07', '3.10', '3.04', '3.06']
2026-05-14 05:31:43 | INFO    | dpfl.core.base_simulator | Round   3/150 | Acc: 0.6499 | Loss: 1.6803 | eps_max: 0.26 eps_avg: 0.12 | P: nan R: nan F1: nan
2026-05-14 05:31:43 | DEBUG   | dpfl.core.base_simulator | Update norms — honest: ['1.66', '1.65', '1.66', '1.66', '1.66'], attacker: ['4.60', '4.62', '4.66', '4.63', '4.59']
2026-05-14 05:31:55 | INFO    | dpfl.core.base_simulator | Round   4/150 | Acc: 0.7091 | Loss: 1.4806 | eps_max: 0.27 eps_avg: 0.13 | P: nan R: nan F1: nan
2026-05-14 05:31:55 | DEBUG   | dpfl.core.base_simulator | Update norms — honest: ['1.65', '1.63', '1.64', '1.63', '1.65'], attacker: ['6.01', '6.02', '6.05', '6.05', '6.00']
2026-05-14 05:32:07 | INFO    | dpfl.core.base_simulator | Round   5/150 | Acc: 0.7503 | Loss: 1.3004 | eps_max: 0.28 eps_avg: 0.14 | P: nan R: nan F1: nan
2026-05-14 05:32:07 | DEBUG   | dpfl.core.base_simulator | Update norms — honest: ['1.63', '1.61', '1.63', '1.62', '1.62'], attacker: ['7.33', '7.38', '7.30', '7.38', '7.31']
2026-05-14 05:32:19 | INFO    | dpfl.core.base_simulator | Round   6/150 | Acc: 0.7788 | Loss: 1.1465 | eps_max: 0.29 eps_avg: 0.15 | P: nan R: nan F1: nan
2026-05-14 05:32:19 | DEBUG   | dpfl.core.base_simulator | Update norms — honest: ['1.61', '3.05', '3.05', '1.60', '3.09'], attacker: ['8.60', '8.66', '8.67', '8.64', '8.63']
2026-05-14 05:32:30 | INFO    | dpfl.core.base_simulator | Round   7/150 | Acc: 0.7990 | Loss: 1.0203 | eps_max: 0.31 eps_avg: 0.16 | P: 0.00 R: nan F1: nan
2026-05-14 05:32:30 | DEBUG   | dpfl.core.base_simulator | Update norms — honest: ['3.08', '1.59', '2.88', '1.59', '1.59'], attacker: ['9.78', '9.82', '9.83', '9.83', '9.60']
2026-05-14 05:32:42 | INFO    | dpfl.core.base_simulator | Round   8/150 | Acc: 0.8134 | Loss: 0.9193 | eps_max: 0.32 eps_avg: 0.17 | P: 0.00 R: nan F1: nan
2026-05-14 05:32:42 | DEBUG   | dpfl.core.base_simulator | Update norms — honest: ['1.58', '2.80', '2.59', '1.58', '1.57'], attacker: ['10.88', '10.81', '10.98', '10.98', '10.62']
2026-05-14 05:32:54 | INFO    | dpfl.core.base_simulator | Round   9/150 | Acc: 0.8237 | Loss: 0.8399 | eps_max: 0.34 eps_avg: 0.19 | P: 0.00 R: nan F1: nan
2026-05-14 05:32:54 | DEBUG   | dpfl.core.base_simulator | Update norms — honest: ['1.56', '1.56', '2.97', '4.50', '1.56'], attacker: ['11.98', '11.82', '11.93', '11.98', '11.82']
2026-05-14 05:33:06 | INFO    | dpfl.core.base_simulator | Round  10/150 | Acc: 0.8316 | Loss: 0.7763 | eps_max: 0.38 eps_avg: 0.20 | P: 0.00 R: nan F1: nan
2026-05-14 05:33:06 | DEBUG   | dpfl.core.base_simulator | Update norms — honest: ['2.88', '1.53', '2.44', '1.54', '2.48'], attacker: ['12.86', '12.97', '12.83', '13.09', '13.03']
2026-05-14 05:33:18 | INFO    | dpfl.core.base_simulator | Round  11/150 | Acc: 0.8376 | Loss: 0.7256 | eps_max: 0.43 eps_avg: 0.22 | P: 0.00 R: nan F1: nan
2026-05-14 05:33:18 | DEBUG   | dpfl.core.base_simulator | Update norms — honest: ['1.53', '1.53', '2.88', '1.54', '1.54'], attacker: ['14.01', '13.53', '14.04', '13.91', '14.11']
2026-05-14 05:33:30 | INFO    | dpfl.core.base_simulator | Round  12/150 | Acc: 0.8428 | Loss: 0.6842 | eps_max: 0.47 eps_avg: 0.24 | P: 0.00 R: nan F1: nan
2026-05-14 05:33:30 | DEBUG   | dpfl.core.base_simulator | Update norms — honest: ['1.52', '2.79', '2.90', '1.52', '4.38'], attacker: ['14.78', '14.63', '14.89', '14.84', '14.79']
2026-05-14 05:33:42 | INFO    | dpfl.core.base_simulator | Round  13/150 | Acc: 0.8470 | Loss: 0.6499 | eps_max: 0.48 eps_avg: 0.26 | P: 0.00 R: nan F1: nan
2026-05-14 05:33:42 | DEBUG   | dpfl.core.base_simulator | Update norms — honest: ['4.20', '1.49', '5.13', '4.41', '2.78'], attacker: ['15.46', '15.57', '15.54', '15.65', '15.65']
2026-05-14 05:33:53 | INFO    | dpfl.core.base_simulator | Round  14/150 | Acc: 0.8504 | Loss: 0.6216 | eps_max: 0.48 eps_avg: 0.28 | P: 0.00 R: nan F1: nan
2026-05-14 05:33:53 | DEBUG   | dpfl.core.base_simulator | Update norms — honest: ['2.51', '2.84', '1.49', '1.48', '2.76'], attacker: ['16.06', '16.10', '16.56', '16.42', '16.46']
2026-05-14 05:34:05 | INFO    | dpfl.core.base_simulator | Round  15/150 | Acc: 0.8537 | Loss: 0.5972 | eps_max: 0.49 eps_avg: 0.29 | P: 0.00 R: nan F1: nan
2026-05-14 05:34:05 | DEBUG   | dpfl.core.base_simulator | Update norms — honest: ['2.50', '1.47', '5.71', '1.48', '1.47'], attacker: ['17.28', '16.78', '16.74', '16.97', '17.19']
2026-05-14 05:34:17 | INFO    | dpfl.core.base_simulator | Round  16/150 | Acc: 0.8564 | Loss: 0.5764 | eps_max: 0.50 eps_avg: 0.30 | P: 0.00 R: nan F1: nan
2026-05-14 05:34:17 | DEBUG   | dpfl.core.base_simulator | Update norms — honest: ['2.39', '2.78', '5.61', '4.22', '1.45'], attacker: ['17.64', '17.76', '17.46', '17.53', '18.00']
2026-05-14 05:34:28 | INFO    | dpfl.core.base_simulator | Round  17/150 | Acc: 0.8588 | Loss: 0.5582 | eps_max: 0.50 eps_avg: 0.30 | P: 0.00 R: nan F1: nan
2026-05-14 05:34:28 | DEBUG   | dpfl.core.base_simulator | Update norms — honest: ['2.68', '4.35', '5.47', '1.45', '4.09'], attacker: ['17.98', '17.70', '17.66', '18.08', '18.35']
2026-05-14 05:34:40 | INFO    | dpfl.core.base_simulator | Round  18/150 | Acc: 0.8609 | Loss: 0.5425 | eps_max: 0.51 eps_avg: 0.31 | P: 0.00 R: nan F1: nan
2026-05-14 05:34:40 | DEBUG   | dpfl.core.base_simulator | Update norms — honest: ['3.78', '4.60', '1.43', '2.69', '2.59'], attacker: ['18.29', '17.31', '18.88', '18.73', '17.72']
2026-05-14 05:34:52 | INFO    | dpfl.core.base_simulator | Round  19/150 | Acc: 0.8629 | Loss: 0.5287 | eps_max: 0.52 eps_avg: 0.32 | P: 0.00 R: nan F1: nan
2026-05-14 05:34:52 | DEBUG   | dpfl.core.base_simulator | Update norms — honest: ['1.42', '5.43', '1.41', '2.61', '1.41'], attacker: ['18.66', '18.36', '18.75', '19.78', '18.28']
2026-05-14 05:35:03 | INFO    | dpfl.core.base_simulator | Round  20/150 | Acc: 0.8646 | Loss: 0.5166 | eps_max: 0.53 eps_avg: 0.33 | P: 0.00 R: nan F1: nan
2026-05-14 05:35:03 | DEBUG   | dpfl.core.base_simulator | Update norms — honest: ['3.83', '5.27', '4.96', '3.40', '1.41'], attacker: ['19.08', '20.19', '18.97', '19.38', '19.29']
2026-05-14 05:35:15 | INFO    | dpfl.core.base_simulator | Round  21/150 | Acc: 0.8661 | Loss: 0.5057 | eps_max: 0.53 eps_avg: 0.33 | P: 0.00 R: nan F1: nan
2026-05-14 05:35:15 | DEBUG   | dpfl.core.base_simulator | Update norms — honest: ['1.39', '1.38', '5.37', '2.17', '2.47'], attacker: ['19.40', '19.77', '19.35', '18.63', '19.88']
2026-05-14 05:35:26 | INFO    | dpfl.core.base_simulator | Round  22/150 | Acc: 0.8674 | Loss: 0.4960 | eps_max: 0.54 eps_avg: 0.34 | P: 0.00 R: nan F1: nan
2026-05-14 05:35:26 | DEBUG   | dpfl.core.base_simulator | Update norms — honest: ['3.87', '2.47', '2.03', '3.71', '1.37'], attacker: ['20.20', '19.71', '20.59', '19.33', '19.76']
2026-05-14 05:35:38 | INFO    | dpfl.core.base_simulator | Round  23/150 | Acc: 0.8686 | Loss: 0.4877 | eps_max: 0.55 eps_avg: 0.35 | P: 0.00 R: nan F1: nan
2026-05-14 05:35:38 | DEBUG   | dpfl.core.base_simulator | Update norms — honest: ['2.42', '4.36', '6.30', '2.53', '2.52'], attacker: ['18.89', '19.81', '20.76', '20.35', '20.02']
2026-05-14 05:35:50 | INFO    | dpfl.core.base_simulator | Round  24/150 | Acc: 0.8696 | Loss: 0.4800 | eps_max: 0.56 eps_avg: 0.36 | P: 0.00 R: nan F1: nan
2026-05-14 05:35:50 | DEBUG   | dpfl.core.base_simulator | Update norms — honest: ['6.53', '1.79', '3.98', '5.25', '1.34'], attacker: ['17.84', '20.87', '21.15', '20.36', '19.93']
2026-05-14 05:36:01 | INFO    | dpfl.core.base_simulator | Round  25/150 | Acc: 0.8706 | Loss: 0.4727 | eps_max: 0.56 eps_avg: 0.36 | P: 0.00 R: nan F1: nan
2026-05-14 05:36:01 | DEBUG   | dpfl.core.base_simulator | Update norms — honest: ['6.37', '3.73', '1.33', '2.36', '2.32'], attacker: ['19.77', '20.76', '20.58', '20.43', '19.01']
2026-05-14 05:36:13 | INFO    | dpfl.core.base_simulator | Round  26/150 | Acc: 0.8717 | Loss: 0.4661 | eps_max: 0.57 eps_avg: 0.37 | P: 0.00 R: nan F1: nan
2026-05-14 05:36:13 | DEBUG   | dpfl.core.base_simulator | Update norms — honest: ['1.32', '2.18', '2.52', '3.46', '1.32'], attacker: ['20.46', '20.66', '19.22', '18.27', '17.88']
2026-05-14 05:36:24 | INFO    | dpfl.core.base_simulator | Round  27/150 | Acc: 0.8725 | Loss: 0.4602 | eps_max: 0.58 eps_avg: 0.38 | P: 0.00 R: nan F1: nan
2026-05-14 05:36:24 | DEBUG   | dpfl.core.base_simulator | Update norms — honest: ['3.72', '1.72', '5.58', '3.45', '1.30'], attacker: ['20.12', '20.26', '20.19', '18.73', '20.50']
2026-05-14 05:36:36 | INFO    | dpfl.core.base_simulator | Round  28/150 | Acc: 0.8732 | Loss: 0.4551 | eps_max: 0.59 eps_avg: 0.39 | P: 0.00 R: nan F1: nan
2026-05-14 05:36:36 | DEBUG   | dpfl.core.base_simulator | Update norms — honest: ['1.95', '1.29', '1.30', '3.66', '4.54'], attacker: ['19.64', '20.94', '19.43', '20.83', '20.21']
2026-05-14 05:36:48 | INFO    | dpfl.core.base_simulator | Round  29/150 | Acc: 0.8740 | Loss: 0.4501 | eps_max: 0.60 eps_avg: 0.39 | P: 0.00 R: nan F1: nan
2026-05-14 05:36:48 | DEBUG   | dpfl.core.base_simulator | Update norms — honest: ['6.72', '1.28', '3.94', '5.16', '3.61'], attacker: ['20.71', '20.77', '18.35', '21.31', '18.81']
2026-05-14 05:36:50 | WARNING | dpfl.algorithms.noise_game.simulator | Node 209 round 29: NSR=20637.03 exceeds 20000.0
2026-05-14 05:36:50 | WARNING | dpfl.algorithms.noise_game.simulator | Node 454 round 29: NSR=20081.07 exceeds 20000.0
2026-05-14 05:37:00 | INFO    | dpfl.core.base_simulator | Round  30/150 | Acc: 0.8748 | Loss: 0.4452 | eps_max: 0.60 eps_avg: 0.40 | P: 0.00 R: nan F1: nan
2026-05-14 05:37:00 | DEBUG   | dpfl.core.base_simulator | Update norms — honest: ['1.60', '4.02', '2.30', '4.17', '1.26'], attacker: ['21.09', '19.79', '18.81', '21.74', '16.54']
2026-05-14 05:37:02 | WARNING | dpfl.algorithms.noise_game.simulator | Node 284 round 30: NSR=21467.07 exceeds 20000.0
2026-05-14 05:37:02 | WARNING | dpfl.algorithms.noise_game.simulator | Node 373 round 30: NSR=21446.98 exceeds 20000.0
2026-05-14 05:37:12 | INFO    | dpfl.core.base_simulator | Round  31/150 | Acc: 0.8752 | Loss: 0.4414 | eps_max: 0.61 eps_avg: 0.41 | P: 0.00 R: nan F1: nan
2026-05-14 05:37:12 | DEBUG   | dpfl.core.base_simulator | Update norms — honest: ['4.90', '1.90', '5.31', '1.25', '1.51'], attacker: ['22.07', '20.12', '16.91', '20.63', '17.01']
2026-05-14 05:37:23 | INFO    | dpfl.core.base_simulator | Round  32/150 | Acc: 0.8756 | Loss: 0.4378 | eps_max: 0.62 eps_avg: 0.41 | P: 0.00 R: nan F1: nan
2026-05-14 05:37:23 | DEBUG   | dpfl.core.base_simulator | Update norms — honest: ['2.24', '2.45', '3.51', '1.24', '4.03'], attacker: ['22.01', '20.06', '17.30', '20.87', '17.66']
2026-05-14 05:37:35 | INFO    | dpfl.core.base_simulator | Round  33/150 | Acc: 0.8763 | Loss: 0.4341 | eps_max: 0.62 eps_avg: 0.42 | P: 0.00 R: nan F1: nan
2026-05-14 05:37:35 | DEBUG   | dpfl.core.base_simulator | Update norms — honest: ['3.25', '1.23', '5.26', '2.34', '5.33'], attacker: ['20.82', '19.08', '18.61', '20.27', '17.07']
2026-05-14 05:37:46 | INFO    | dpfl.core.base_simulator | Round  34/150 | Acc: 0.8767 | Loss: 0.4309 | eps_max: 0.63 eps_avg: 0.43 | P: 0.00 R: nan F1: nan
2026-05-14 05:37:46 | DEBUG   | dpfl.core.base_simulator | Update norms — honest: ['3.58', '4.67', '1.21', '2.00', '1.22'], attacker: ['19.05', '19.36', '18.26', '18.08', '18.78']
2026-05-14 05:37:48 | WARNING | dpfl.algorithms.noise_game.simulator | Node 278 round 34: NSR=24067.35 exceeds 20000.0
2026-05-14 05:37:48 | WARNING | dpfl.algorithms.noise_game.simulator | Node 308 round 34: NSR=20696.62 exceeds 20000.0
2026-05-14 05:37:58 | INFO    | dpfl.core.base_simulator | Round  35/150 | Acc: 0.8770 | Loss: 0.4284 | eps_max: 0.64 eps_avg: 0.43 | P: 0.00 R: nan F1: nan
2026-05-14 05:37:58 | DEBUG   | dpfl.core.base_simulator | Update norms — honest: ['2.38', '3.53', '1.20', '2.17', '3.15'], attacker: ['17.63', '19.88', '15.50', '19.27', '20.16']
2026-05-14 05:38:00 | WARNING | dpfl.algorithms.noise_game.simulator | Node 436 round 35: NSR=21255.52 exceeds 20000.0
2026-05-14 05:38:10 | INFO    | dpfl.core.base_simulator | Round  36/150 | Acc: 0.8775 | Loss: 0.4255 | eps_max: 0.65 eps_avg: 0.44 | P: 0.00 R: nan F1: nan
2026-05-14 05:38:10 | DEBUG   | dpfl.core.base_simulator | Update norms — honest: ['2.36', '2.01', '5.81', '3.23', '1.19'], attacker: ['18.76', '19.31', '18.02', '19.24', '17.50']
2026-05-14 05:38:12 | WARNING | dpfl.algorithms.noise_game.simulator | Node 266 round 36: NSR=24671.85 exceeds 20000.0
2026-05-14 05:38:12 | WARNING | dpfl.algorithms.noise_game.simulator | Node 482 round 36: NSR=20976.13 exceeds 20000.0
2026-05-14 05:38:21 | INFO    | dpfl.core.base_simulator | Round  37/150 | Acc: 0.8779 | Loss: 0.4226 | eps_max: 0.66 eps_avg: 0.44 | P: 0.00 R: nan F1: nan
2026-05-14 05:38:21 | DEBUG   | dpfl.core.base_simulator | Update norms — honest: ['1.18', '1.44', '3.38', '1.90', '3.45'], attacker: ['17.45', '20.15', '15.88', '20.22', '18.41']
2026-05-14 05:38:23 | WARNING | dpfl.algorithms.noise_game.simulator | Node 298 round 37: NSR=22766.87 exceeds 20000.0
2026-05-14 05:38:32 | INFO    | dpfl.core.base_simulator | Round  38/150 | Acc: 0.8783 | Loss: 0.4202 | eps_max: 0.66 eps_avg: 0.45 | P: 0.00 R: nan F1: nan
2026-05-14 05:38:32 | DEBUG   | dpfl.core.base_simulator | Update norms — honest: ['6.61', '1.55', '5.83', '4.71', '2.17'], attacker: ['15.73', '20.71', '17.86', '20.06', '17.20']
2026-05-14 05:38:34 | WARNING | dpfl.algorithms.noise_game.simulator | Node 211 round 38: NSR=22935.89 exceeds 20000.0
2026-05-14 05:38:34 | WARNING | dpfl.algorithms.noise_game.simulator | Node 320 round 38: NSR=22334.90 exceeds 20000.0
2026-05-14 05:38:34 | WARNING | dpfl.algorithms.noise_game.simulator | Node 342 round 38: NSR=20364.35 exceeds 20000.0
2026-05-14 05:38:34 | WARNING | dpfl.algorithms.noise_game.simulator | Node 355 round 38: NSR=24029.02 exceeds 20000.0
2026-05-14 05:38:34 | WARNING | dpfl.algorithms.noise_game.simulator | Node 390 round 38: NSR=23793.14 exceeds 20000.0
2026-05-14 05:38:44 | INFO    | dpfl.core.base_simulator | Round  39/150 | Acc: 0.8783 | Loss: 0.4186 | eps_max: 0.67 eps_avg: 0.45 | P: 0.00 R: nan F1: nan
2026-05-14 05:38:44 | DEBUG   | dpfl.core.base_simulator | Update norms — honest: ['1.16', '5.57', '7.29', '1.90', '2.07'], attacker: ['16.51', '19.30', '17.14', '19.52', '19.97']
2026-05-14 05:38:56 | INFO    | dpfl.core.base_simulator | Round  40/150 | Acc: 0.8788 | Loss: 0.4162 | eps_max: 0.68 eps_avg: 0.46 | P: 0.00 R: nan F1: nan
2026-05-14 05:38:56 | DEBUG   | dpfl.core.base_simulator | Update norms — honest: ['3.26', '3.53', '1.14', '4.54', '3.17'], attacker: ['18.08', '19.03', '16.00', '19.43', '17.61']
2026-05-14 05:38:58 | WARNING | dpfl.algorithms.noise_game.simulator | Node 356 round 40: NSR=21216.15 exceeds 20000.0
2026-05-14 05:38:58 | WARNING | dpfl.algorithms.noise_game.simulator | Node 416 round 40: NSR=22224.20 exceeds 20000.0
2026-05-14 05:38:58 | WARNING | dpfl.algorithms.noise_game.simulator | Node 480 round 40: NSR=20328.28 exceeds 20000.0
2026-05-14 05:39:07 | INFO    | dpfl.core.base_simulator | Round  41/150 | Acc: 0.8789 | Loss: 0.4146 | eps_max: 0.69 eps_avg: 0.47 | P: 0.00 R: nan F1: nan
2026-05-14 05:39:07 | DEBUG   | dpfl.core.base_simulator | Update norms — honest: ['7.52', '3.22', '4.03', '2.95', '5.68'], attacker: ['20.15', '20.37', '17.04', '18.69', '14.47']
2026-05-14 05:39:19 | INFO    | dpfl.core.base_simulator | Round  42/150 | Acc: 0.8789 | Loss: 0.4138 | eps_max: 0.70 eps_avg: 0.47 | P: 0.00 R: nan F1: nan
2026-05-14 05:39:19 | DEBUG   | dpfl.core.base_simulator | Update norms — honest: ['3.74', '5.79', '3.27', '3.44', '1.68'], attacker: ['18.83', '18.44', '17.33', '20.12', '16.44']
2026-05-14 05:39:21 | WARNING | dpfl.algorithms.noise_game.simulator | Node 248 round 42: NSR=20200.61 exceeds 20000.0
2026-05-14 05:39:31 | INFO    | dpfl.core.base_simulator | Round  43/150 | Acc: 0.8792 | Loss: 0.4118 | eps_max: 0.71 eps_avg: 0.48 | P: 0.00 R: nan F1: nan
2026-05-14 05:39:31 | DEBUG   | dpfl.core.base_simulator | Update norms — honest: ['3.86', '3.70', '2.11', '5.12', '3.05'], attacker: ['16.21', '17.15', '12.87', '20.53', '14.72']
2026-05-14 05:39:43 | INFO    | dpfl.core.base_simulator | Round  44/150 | Acc: 0.8792 | Loss: 0.4108 | eps_max: 0.71 eps_avg: 0.48 | P: 0.00 R: nan F1: nan
2026-05-14 05:39:43 | DEBUG   | dpfl.core.base_simulator | Update norms — honest: ['3.40', '7.10', '4.78', '2.80', '5.38'], attacker: ['17.90', '15.51', '15.32', '17.11', '15.89']
2026-05-14 05:39:45 | WARNING | dpfl.algorithms.noise_game.simulator | Node 453 round 44: NSR=26080.45 exceeds 20000.0
2026-05-14 05:39:55 | INFO    | dpfl.core.base_simulator | Round  45/150 | Acc: 0.8794 | Loss: 0.4095 | eps_max: 0.72 eps_avg: 0.49 | P: 0.00 R: nan F1: nan
2026-05-14 05:39:55 | DEBUG   | dpfl.core.base_simulator | Update norms — honest: ['5.71', '1.09', '3.51', '7.63', '2.04'], attacker: ['18.45', '13.53', '14.53', '15.72', '13.28']
2026-05-14 05:39:57 | WARNING | dpfl.algorithms.noise_game.simulator | Node 303 round 45: NSR=24174.90 exceeds 20000.0
2026-05-14 05:40:07 | INFO    | dpfl.core.base_simulator | Round  46/150 | Acc: 0.8792 | Loss: 0.4089 | eps_max: 0.73 eps_avg: 0.49 | P: 0.00 R: nan F1: nan
2026-05-14 05:40:07 | DEBUG   | dpfl.core.base_simulator | Update norms — honest: ['3.31', '4.14', '5.33', '5.16', '4.61'], attacker: ['18.09', '16.24', '14.49', '14.21', '9.99']
2026-05-14 05:40:09 | WARNING | dpfl.algorithms.noise_game.simulator | Node 496 round 46: NSR=21730.16 exceeds 20000.0
2026-05-14 05:40:18 | INFO    | dpfl.core.base_simulator | Round  47/150 | Acc: 0.8796 | Loss: 0.4074 | eps_max: 0.74 eps_avg: 0.50 | P: 0.00 R: nan F1: nan
2026-05-14 05:40:18 | DEBUG   | dpfl.core.base_simulator | Update norms — honest: ['4.34', '4.11', '4.82', '5.18', '3.20'], attacker: ['14.23', '20.47', '14.77', '14.14', '13.06']
2026-05-14 05:40:20 | WARNING | dpfl.algorithms.noise_game.simulator | Node 444 round 47: NSR=20639.23 exceeds 20000.0
2026-05-14 05:40:30 | INFO    | dpfl.core.base_simulator | Round  48/150 | Acc: 0.8793 | Loss: 0.4074 | eps_max: 0.75 eps_avg: 0.50 | P: 0.00 R: nan F1: nan
2026-05-14 05:40:30 | DEBUG   | dpfl.core.base_simulator | Update norms — honest: ['1.92', '7.81', '6.94', '1.06', '4.59'], attacker: ['13.51', '18.85', '13.89', '14.79', '11.08']
2026-05-14 05:40:32 | WARNING | dpfl.algorithms.noise_game.simulator | Node 268 round 48: NSR=20228.02 exceeds 20000.0
2026-05-14 05:40:32 | WARNING | dpfl.algorithms.noise_game.simulator | Node 296 round 48: NSR=20191.82 exceeds 20000.0
2026-05-14 05:40:32 | WARNING | dpfl.algorithms.noise_game.simulator | Node 385 round 48: NSR=21495.79 exceeds 20000.0
2026-05-14 05:40:32 | WARNING | dpfl.algorithms.noise_game.simulator | Node 392 round 48: NSR=24223.78 exceeds 20000.0
2026-05-14 05:40:42 | INFO    | dpfl.core.base_simulator | Round  49/150 | Acc: 0.8796 | Loss: 0.4059 | eps_max: 0.75 eps_avg: 0.51 | P: 0.00 R: nan F1: nan
2026-05-14 05:40:42 | DEBUG   | dpfl.core.base_simulator | Update norms — honest: ['4.67', '7.26', '2.05', '3.46', '1.75'], attacker: ['13.00', '16.27', '10.75', '10.94', '9.03']
2026-05-14 05:40:44 | WARNING | dpfl.algorithms.noise_game.simulator | Node 423 round 49: NSR=22008.44 exceeds 20000.0
2026-05-14 05:40:53 | INFO    | dpfl.core.base_simulator | Round  50/150 | Acc: 0.8796 | Loss: 0.4054 | eps_max: 0.76 eps_avg: 0.51 | P: 0.00 R: nan F1: nan
2026-05-14 05:40:53 | DEBUG   | dpfl.core.base_simulator | Update norms — honest: ['8.10', '1.92', '2.66', '4.47', '6.47'], attacker: ['9.62', '14.34', '5.21', '13.04', '12.41']
2026-05-14 05:40:54 | WARNING | dpfl.algorithms.noise_game.simulator | Node 400 round 50: NSR=23077.51 exceeds 20000.0
2026-05-14 05:41:02 | INFO    | dpfl.core.base_simulator | Round  51/150 | Acc: 0.8777 | Loss: 0.4103 | eps_max: 0.60 eps_avg: 0.37 | P: 1.00 R: 0.05 F1: 0.15
2026-05-14 05:41:02 | DEBUG   | dpfl.core.base_simulator | Update norms — honest: ['3.53', '2.07', '3.41', '5.36', '1.03'], attacker: ['7.11', '7.87', '6.72', '7.65', '6.72']
2026-05-14 05:41:03 | WARNING | dpfl.algorithms.noise_game.simulator | Node 202 round 51: NSR=22507.82 exceeds 20000.0
2026-05-14 05:41:12 | INFO    | dpfl.core.base_simulator | Round  52/150 | Acc: 0.8781 | Loss: 0.4159 | eps_max: 0.63 eps_avg: 0.38 | P: 0.99 R: 0.86 F1: 0.86
2026-05-14 05:41:12 | DEBUG   | dpfl.core.base_simulator | Update norms — honest: ['2.85', '10.28', '3.65', '2.02', '4.16'], attacker: ['19.30', '20.25', '22.44', '20.74', '17.44']
2026-05-14 05:41:12 | WARNING | dpfl.algorithms.noise_game.simulator | Node 254 round 52: NSR=20298.80 exceeds 20000.0
2026-05-14 05:41:19 | INFO    | dpfl.core.base_simulator | Round  53/150 | Acc: 0.8794 | Loss: 0.4051 | eps_max: 0.67 eps_avg: 0.38 | P: 1.00 R: 1.00 F1: 1.00
2026-05-14 05:41:19 | DEBUG   | dpfl.core.base_simulator | Update norms — honest: ['1.01', '3.54', '6.94', '1.00', '6.72'], attacker: ['78.12', '83.05', '117.56', '93.22', '73.11']
2026-05-14 05:41:19 | WARNING | dpfl.algorithms.noise_game.simulator | Node 236 round 53: NSR=22810.17 exceeds 20000.0
2026-05-14 05:41:19 | WARNING | dpfl.algorithms.noise_game.simulator | Node 322 round 53: NSR=21398.06 exceeds 20000.0
2026-05-14 05:41:19 | WARNING | dpfl.algorithms.noise_game.simulator | Node 379 round 53: NSR=20261.69 exceeds 20000.0
2026-05-14 05:41:20 | INFO    | dpfl.core.base_simulator | Round  54/150 | Acc: 0.8796 | Loss: 0.4037 | eps_max: 0.71 eps_avg: 0.39 | P: 1.00 R: 1.00 F1: 1.00
2026-05-14 05:41:20 | DEBUG   | dpfl.core.base_simulator | Update norms — honest: ['3.65', '6.56', '1.44', '0.99', '1.84'], attacker: ['291.42', '354.94', '562.08', '376.33', '264.48']
2026-05-14 05:41:20 | WARNING | dpfl.algorithms.noise_game.simulator | Node 247 round 54: NSR=24498.63 exceeds 20000.0
2026-05-14 05:41:20 | WARNING | dpfl.algorithms.noise_game.simulator | Node 277 round 54: NSR=20411.73 exceeds 20000.0
2026-05-14 05:41:20 | WARNING | dpfl.algorithms.noise_game.simulator | Node 339 round 54: NSR=20082.43 exceeds 20000.0
2026-05-14 05:41:22 | INFO    | dpfl.core.base_simulator | Round  55/150 | Acc: 0.8796 | Loss: 0.4035 | eps_max: 0.71 eps_avg: 0.39 | P: 1.00 R: 1.00 F1: 1.00
2026-05-14 05:41:22 | DEBUG   | dpfl.core.base_simulator | Update norms — honest: ['5.71', '8.05', '1.40', '4.16', '3.27'], attacker: ['1490.22', '1856.27', '2532.19', '1806.45', '1311.21']
2026-05-14 05:41:23 | INFO    | dpfl.core.base_simulator | Round  56/150 | Acc: 0.8798 | Loss: 0.4028 | eps_max: 0.71 eps_avg: 0.39 | P: 1.00 R: 1.00 F1: 1.00
2026-05-14 05:41:23 | DEBUG   | dpfl.core.base_simulator | Update norms — honest: ['5.83', '3.15', '1.47', '4.94', '1.87'], attacker: ['9169.13', '11658.62', '14326.20', '8535.69', '7497.97']
2026-05-14 05:41:23 | WARNING | dpfl.algorithms.noise_game.simulator | Node 246 round 56: NSR=22293.73 exceeds 20000.0
2026-05-14 05:41:23 | WARNING | dpfl.algorithms.noise_game.simulator | Node 278 round 56: NSR=20054.48 exceeds 20000.0
2026-05-14 05:41:23 | WARNING | dpfl.algorithms.noise_game.simulator | Node 372 round 56: NSR=21034.66 exceeds 20000.0
2026-05-14 05:41:37 | INFO    | dpfl.core.base_simulator | Round  57/150 | Acc: 0.8800 | Loss: 0.4016 | eps_max: 0.75 eps_avg: 0.40 | P: 1.00 R: 1.00 F1: 1.00
2026-05-14 05:41:37 | DEBUG   | dpfl.core.base_simulator | Update norms — honest: ['1.70', '1.86', '4.19', '4.13', '1.67'], attacker: ['50307.49', '62315.50', '65533.99', '47424.84', '43397.17']
2026-05-14 05:41:41 | WARNING | dpfl.algorithms.noise_game.simulator | Node 337 round 57: NSR=20724.97 exceeds 20000.0
2026-05-14 05:41:42 | WARNING | dpfl.algorithms.noise_game.simulator | Node 361 round 57: NSR=22005.05 exceeds 20000.0
2026-05-14 05:41:42 | WARNING | dpfl.algorithms.noise_game.simulator | Node 380 round 57: NSR=20655.81 exceeds 20000.0
2026-05-14 05:42:08 | INFO    | dpfl.core.base_simulator | Round  58/150 | Acc: 0.8801 | Loss: 0.4010 | eps_max: 0.75 eps_avg: 0.41 | P: 1.00 R: 1.00 F1: 1.00
2026-05-14 05:42:08 | DEBUG   | dpfl.core.base_simulator | Update norms — honest: ['5.48', '1.54', '2.33', '4.93', '2.64'], attacker: ['352937.00', '399927.97', '424898.97', '294360.72', '336727.22']
2026-05-14 05:42:12 | WARNING | dpfl.algorithms.noise_game.simulator | Node 242 round 58: NSR=20581.42 exceeds 20000.0
2026-05-14 05:42:12 | WARNING | dpfl.algorithms.noise_game.simulator | Node 273 round 58: NSR=20750.42 exceeds 20000.0
2026-05-14 05:42:12 | WARNING | dpfl.algorithms.noise_game.simulator | Node 332 round 58: NSR=24501.04 exceeds 20000.0
2026-05-14 05:42:13 | WARNING | dpfl.algorithms.noise_game.simulator | Node 444 round 58: NSR=21612.31 exceeds 20000.0
2026-05-14 05:42:13 | WARNING | dpfl.algorithms.noise_game.simulator | Node 470 round 58: NSR=21506.68 exceeds 20000.0
2026-05-14 05:42:36 | INFO    | dpfl.core.base_simulator | Round  59/150 | Acc: 0.8801 | Loss: 0.4007 | eps_max: 0.75 eps_avg: 0.43 | P: 1.00 R: 1.00 F1: 1.00
2026-05-14 05:42:36 | DEBUG   | dpfl.core.base_simulator | Update norms — honest: ['5.32', '3.42', '0.95', '2.98', '7.27'], attacker: ['2187714.50', '2036421.38', '2253882.50', '1835019.00', '1754012.38']
2026-05-14 05:42:36 | WARNING | dpfl.algorithms.noise_game.simulator | Node 269 round 59: NSR=23136.33 exceeds 20000.0
2026-05-14 05:42:36 | WARNING | dpfl.algorithms.noise_game.simulator | Node 382 round 59: NSR=22088.00 exceeds 20000.0
2026-05-14 05:42:36 | WARNING | dpfl.algorithms.noise_game.simulator | Node 385 round 59: NSR=20254.11 exceeds 20000.0
2026-05-14 05:42:36 | WARNING | dpfl.algorithms.noise_game.simulator | Node 387 round 59: NSR=21338.85 exceeds 20000.0
2026-05-14 05:42:38 | INFO    | dpfl.core.base_simulator | Round  60/150 | Acc: 0.8803 | Loss: 0.3998 | eps_max: 0.75 eps_avg: 0.43 | P: 1.00 R: 1.00 F1: 1.00
2026-05-14 05:42:38 | DEBUG   | dpfl.core.base_simulator | Update norms — honest: ['5.47', '3.06', '3.04', '3.83', '1.57'], attacker: ['13991851.00', '15145368.00', '15366384.00', '13087585.00', '14188450.00']
2026-05-14 05:42:39 | WARNING | dpfl.algorithms.noise_game.simulator | Node 429 round 60: NSR=22700.11 exceeds 20000.0
2026-05-14 05:42:40 | INFO    | dpfl.core.base_simulator | Round  61/150 | Acc: 0.8802 | Loss: 0.4000 | eps_max: 0.75 eps_avg: 0.43 | P: 1.00 R: 1.00 F1: 1.00
2026-05-14 05:42:40 | DEBUG   | dpfl.core.base_simulator | Update norms — honest: ['7.58', '3.06', '1.97', '4.17', '4.23'], attacker: ['69596792.00', '84373200.00', '74137304.00', '71652616.00', '81213776.00']
2026-05-14 05:42:40 | WARNING | dpfl.algorithms.noise_game.simulator | Node 206 round 61: NSR=21362.68 exceeds 20000.0
2026-05-14 05:42:40 | WARNING | dpfl.algorithms.noise_game.simulator | Node 297 round 61: NSR=20469.26 exceeds 20000.0
2026-05-14 05:42:40 | WARNING | dpfl.algorithms.noise_game.simulator | Node 340 round 61: NSR=21739.89 exceeds 20000.0
2026-05-14 05:42:40 | WARNING | dpfl.algorithms.noise_game.simulator | Node 370 round 61: NSR=22478.43 exceeds 20000.0
2026-05-14 05:42:42 | INFO    | dpfl.core.base_simulator | Round  62/150 | Acc: 0.8800 | Loss: 0.4004 | eps_max: 0.76 eps_avg: 0.44 | P: 1.00 R: 1.00 F1: 1.00
2026-05-14 05:42:42 | DEBUG   | dpfl.core.base_simulator | Update norms — honest: ['2.73', '0.92', '5.71', '4.91', '5.18'], attacker: ['572752960.00', '606694272.00', '599883136.00', '545431424.00', '587843520.00']
2026-05-14 05:42:50 | INFO    | dpfl.core.base_simulator | Round  63/150 | Acc: 0.8800 | Loss: 0.4000 | eps_max: 0.76 eps_avg: 0.45 | P: 1.00 R: 1.00 F1: 1.00
2026-05-14 05:42:50 | DEBUG   | dpfl.core.base_simulator | Update norms — honest: ['5.11', '0.91', '5.93', '4.85', '4.19'], attacker: ['3292778752.00', '3299387136.00', '3268187904.00', '2767962368.00', '3149062400.00']
2026-05-14 05:42:51 | WARNING | dpfl.algorithms.noise_game.simulator | Node 230 round 63: NSR=20239.32 exceeds 20000.0
2026-05-14 05:42:51 | WARNING | dpfl.algorithms.noise_game.simulator | Node 250 round 63: NSR=22418.95 exceeds 20000.0
2026-05-14 05:42:51 | WARNING | dpfl.algorithms.noise_game.simulator | Node 342 round 63: NSR=20317.98 exceeds 20000.0
2026-05-14 05:42:51 | WARNING | dpfl.algorithms.noise_game.simulator | Node 371 round 63: NSR=22867.41 exceeds 20000.0
2026-05-14 05:42:51 | WARNING | dpfl.algorithms.noise_game.simulator | Node 453 round 63: NSR=20188.06 exceeds 20000.0
2026-05-14 05:43:00 | INFO    | dpfl.core.base_simulator | Round  64/150 | Acc: 0.8800 | Loss: 0.4002 | eps_max: 0.77 eps_avg: 0.46 | P: 0.87 R: 1.00 F1: 1.00
2026-05-14 05:43:00 | DEBUG   | dpfl.core.base_simulator | Update norms — honest: ['2.40', '3.66', '4.15', '1.29', '2.62'], attacker: ['22687680512.00', '24169611264.00', '22835326976.00', '22806773760.00', '23973978112.00']
2026-05-14 05:43:00 | WARNING | dpfl.algorithms.noise_game.simulator | Node 202 round 64: NSR=20387.34 exceeds 20000.0
2026-05-14 05:43:00 | WARNING | dpfl.algorithms.noise_game.simulator | Node 257 round 64: NSR=23188.97 exceeds 20000.0
2026-05-14 05:43:00 | WARNING | dpfl.algorithms.noise_game.simulator | Node 396 round 64: NSR=21125.60 exceeds 20000.0
2026-05-14 05:43:00 | WARNING | dpfl.algorithms.noise_game.simulator | Node 486 round 64: NSR=22702.49 exceeds 20000.0
2026-05-14 05:43:10 | INFO    | dpfl.core.base_simulator | Round  65/150 | Acc: 0.8795 | Loss: 0.4015 | eps_max: 0.77 eps_avg: 0.46 | P: 0.88 R: 1.00 F1: 1.00
2026-05-14 05:43:10 | DEBUG   | dpfl.core.base_simulator | Update norms — honest: ['5.14', '4.87', '8.09', '4.48', '2.53'], attacker: ['110453940224.00', '135861329920.00', '128682131456.00', '122519666688.00', '131892879360.00']
2026-05-14 05:43:10 | WARNING | dpfl.algorithms.noise_game.simulator | Node 237 round 65: NSR=21964.50 exceeds 20000.0
2026-05-14 05:43:10 | WARNING | dpfl.algorithms.noise_game.simulator | Node 331 round 65: NSR=20456.61 exceeds 20000.0
2026-05-14 05:43:19 | INFO    | dpfl.core.base_simulator | Round  66/150 | Acc: 0.8795 | Loss: 0.4013 | eps_max: 0.77 eps_avg: 0.47 | P: 1.00 R: 1.00 F1: 1.00
2026-05-14 05:43:19 | DEBUG   | dpfl.core.base_simulator | Update norms — honest: ['1.42', '2.45', '7.06', '2.82', '1.59'], attacker: ['947385991168.00', '967960559616.00', '912609050624.00', '926495145984.00', '958708580352.00']
2026-05-14 05:43:20 | WARNING | dpfl.algorithms.noise_game.simulator | Node 384 round 66: NSR=21252.96 exceeds 20000.0
2026-05-14 05:43:29 | INFO    | dpfl.core.base_simulator | Round  67/150 | Acc: 0.8793 | Loss: 0.4016 | eps_max: 0.77 eps_avg: 0.47 | P: 1.00 R: 1.00 F1: 1.00
2026-05-14 05:43:29 | DEBUG   | dpfl.core.base_simulator | Update norms — honest: ['4.96', '5.57', '5.37', '4.78', '1.44'], attacker: ['5116433268736.00', '5457866391552.00', '4879850405888.00', '5703783153664.00', '5922110308352.00']
2026-05-14 05:43:29 | WARNING | dpfl.algorithms.noise_game.simulator | Node 260 round 67: NSR=21269.71 exceeds 20000.0
2026-05-14 05:43:29 | WARNING | dpfl.algorithms.noise_game.simulator | Node 330 round 67: NSR=20617.83 exceeds 20000.0
2026-05-14 05:43:29 | WARNING | dpfl.algorithms.noise_game.simulator | Node 413 round 67: NSR=21677.46 exceeds 20000.0
2026-05-14 05:43:29 | WARNING | dpfl.algorithms.noise_game.simulator | Node 498 round 67: NSR=21328.58 exceeds 20000.0
2026-05-14 05:43:38 | INFO    | dpfl.core.base_simulator | Round  68/150 | Acc: 0.8792 | Loss: 0.4024 | eps_max: 0.82 eps_avg: 0.49 | P: 0.74 R: 1.00 F1: 0.99
2026-05-14 05:43:38 | DEBUG   | dpfl.core.base_simulator | Update norms — honest: ['0.86', '9.45', '3.28', '3.96', '2.80'], attacker: ['39248354869248.00', '38472727396352.00', '38934268608512.00', '38055092158464.00', '40399192195072.00']
2026-05-14 05:43:39 | WARNING | dpfl.algorithms.noise_game.simulator | Node 270 round 68: NSR=20189.83 exceeds 20000.0
2026-05-14 05:43:39 | WARNING | dpfl.algorithms.noise_game.simulator | Node 401 round 68: NSR=20662.34 exceeds 20000.0
2026-05-14 05:43:39 | WARNING | dpfl.algorithms.noise_game.simulator | Node 404 round 68: NSR=21116.75 exceeds 20000.0
2026-05-14 05:43:39 | WARNING | dpfl.algorithms.noise_game.simulator | Node 412 round 68: NSR=20119.88 exceeds 20000.0
2026-05-14 05:43:48 | INFO    | dpfl.core.base_simulator | Round  69/150 | Acc: 0.8787 | Loss: 0.4037 | eps_max: 0.84 eps_avg: 0.50 | P: 0.92 R: 1.00 F1: 0.98
2026-05-14 05:43:48 | DEBUG   | dpfl.core.base_simulator | Update norms — honest: ['0.85', '3.98', '2.26', '3.83', '5.38'], attacker: ['252809828106240.00', '216583674789888.00', '243247687401472.00', '239242311630848.00', '245624448483328.00']
2026-05-14 05:43:57 | INFO    | dpfl.core.base_simulator | Round  70/150 | Acc: 0.8792 | Loss: 0.4022 | eps_max: 0.88 eps_avg: 0.50 | P: 1.00 R: 1.00 F1: 1.00
2026-05-14 05:43:57 | DEBUG   | dpfl.core.base_simulator | Update norms — honest: ['1.15', '2.56', '3.13', '4.91', '2.90'], attacker: ['1566771723108352.00', '1614748655288320.00', '1563546873757696.00', '1547216065921024.00', '1590125741998080.00']
2026-05-14 05:43:58 | WARNING | dpfl.algorithms.noise_game.simulator | Node 320 round 70: NSR=20435.69 exceeds 20000.0
2026-05-14 05:43:58 | WARNING | dpfl.algorithms.noise_game.simulator | Node 378 round 70: NSR=20644.96 exceeds 20000.0
2026-05-14 05:43:58 | WARNING | dpfl.algorithms.noise_game.simulator | Node 498 round 70: NSR=20113.70 exceeds 20000.0
2026-05-14 05:44:06 | INFO    | dpfl.core.base_simulator | Round  71/150 | Acc: 0.8792 | Loss: 0.4022 | eps_max: 0.88 eps_avg: 0.51 | P: 1.00 R: 1.00 F1: 1.00
2026-05-14 05:44:06 | DEBUG   | dpfl.core.base_simulator | Update norms — honest: ['4.47', '3.44', '6.68', '7.13', '4.71'], attacker: ['8933944829411328.00', '9125595396964352.00', '10172209133780992.00', '8561783765729280.00', '8917767835090944.00']
2026-05-14 05:44:07 | WARNING | dpfl.algorithms.noise_game.simulator | Node 402 round 71: NSR=20797.66 exceeds 20000.0
2026-05-14 05:44:16 | INFO    | dpfl.core.base_simulator | Round  72/150 | Acc: 0.8792 | Loss: 0.4022 | eps_max: 0.88 eps_avg: 0.51 | P: 0.94 R: 1.00 F1: 0.96
2026-05-14 05:44:16 | DEBUG   | dpfl.core.base_simulator | Update norms — honest: ['3.87', '3.39', '2.99', '3.67', '1.28'], attacker: ['66400452094197760.00', '67680579981672448.00', '67373150517592064.00', '64146436077387776.00', '64627566903820288.00']
2026-05-14 05:44:16 | WARNING | dpfl.algorithms.noise_game.simulator | Node 312 round 72: NSR=20675.14 exceeds 20000.0
2026-05-14 05:44:16 | WARNING | dpfl.algorithms.noise_game.simulator | Node 464 round 72: NSR=21144.17 exceeds 20000.0
2026-05-14 05:44:16 | WARNING | dpfl.algorithms.noise_game.simulator | Node 474 round 72: NSR=20781.26 exceeds 20000.0
2026-05-14 05:44:16 | WARNING | dpfl.algorithms.noise_game.simulator | Node 482 round 72: NSR=21562.16 exceeds 20000.0
2026-05-14 05:44:25 | INFO    | dpfl.core.base_simulator | Round  73/150 | Acc: 0.8790 | Loss: 0.4027 | eps_max: 0.88 eps_avg: 0.52 | P: 0.89 R: 1.00 F1: 1.00
2026-05-14 05:44:25 | DEBUG   | dpfl.core.base_simulator | Update norms — honest: ['5.47', '4.66', '2.07', '5.30', '4.75'], attacker: ['358077951817809920.00', '365344108769705984.00', '351490571497373696.00', '346710410335879168.00', '350446894444445696.00']
2026-05-14 05:44:26 | WARNING | dpfl.algorithms.noise_game.simulator | Node 266 round 73: NSR=21410.94 exceeds 20000.0
2026-05-14 05:44:26 | WARNING | dpfl.algorithms.noise_game.simulator | Node 267 round 73: NSR=22801.06 exceeds 20000.0
2026-05-14 05:44:26 | WARNING | dpfl.algorithms.noise_game.simulator | Node 321 round 73: NSR=21150.20 exceeds 20000.0
2026-05-14 05:44:26 | WARNING | dpfl.algorithms.noise_game.simulator | Node 339 round 73: NSR=20482.13 exceeds 20000.0
2026-05-14 05:44:35 | INFO    | dpfl.core.base_simulator | Round  74/150 | Acc: 0.8785 | Loss: 0.4047 | eps_max: 0.89 eps_avg: 0.53 | P: 0.73 R: 1.00 F1: 0.99
2026-05-14 05:44:35 | DEBUG   | dpfl.core.base_simulator | Update norms — honest: ['7.34', '6.92', '3.20', '4.78', '2.50'], attacker: ['2685452422360334336.00', '2701925580445581312.00', '2604784827643199488.00', '2570287375443820544.00', '2601327963085471744.00']
2026-05-14 05:44:35 | WARNING | dpfl.algorithms.noise_game.simulator | Node 216 round 74: NSR=20046.10 exceeds 20000.0
2026-05-14 05:44:35 | WARNING | dpfl.algorithms.noise_game.simulator | Node 353 round 74: NSR=20595.10 exceeds 20000.0
2026-05-14 05:44:35 | WARNING | dpfl.algorithms.noise_game.simulator | Node 406 round 74: NSR=20890.50 exceeds 20000.0
2026-05-14 05:44:35 | WARNING | dpfl.algorithms.noise_game.simulator | Node 434 round 74: NSR=21805.87 exceeds 20000.0
2026-05-14 05:44:35 | WARNING | dpfl.algorithms.noise_game.simulator | Node 439 round 74: NSR=20885.41 exceeds 20000.0
2026-05-14 05:44:44 | INFO    | dpfl.core.base_simulator | Round  75/150 | Acc: 0.8784 | Loss: 0.4049 | eps_max: 0.95 eps_avg: 0.54 | P: 0.85 R: 1.00 F1: 0.99
2026-05-14 05:44:44 | DEBUG   | dpfl.core.base_simulator | Update norms — honest: ['1.35', '5.14', '6.34', '3.17', '2.73'], attacker: ['14913677862618791936.00', '14728778489733840896.00', '16202646338976874496.00', '16362763819283382272.00', '13902923211483381760.00']
2026-05-14 05:44:45 | WARNING | dpfl.algorithms.noise_game.simulator | Node 287 round 75: NSR=22123.70 exceeds 20000.0
2026-05-14 05:44:45 | WARNING | dpfl.algorithms.noise_game.simulator | Node 307 round 75: NSR=20180.80 exceeds 20000.0
2026-05-14 05:44:45 | WARNING | dpfl.algorithms.noise_game.simulator | Node 377 round 75: NSR=26148.80 exceeds 20000.0
2026-05-14 05:44:53 | INFO    | dpfl.core.base_simulator | Round  76/150 | Acc: 0.8783 | Loss: 0.4055 | eps_max: 0.95 eps_avg: 0.55 | P: 1.00 R: 1.00 F1: 1.00
2026-05-14 05:44:53 | DEBUG   | dpfl.core.base_simulator | Update norms — honest: ['5.92', '5.75', '6.49', '1.90', '5.78'], attacker: ['nan', 'nan', 'nan', 'nan', 'nan']
2026-05-14 05:44:54 | WARNING | dpfl.algorithms.noise_game.simulator | Node 294 round 76: NSR=20518.34 exceeds 20000.0
2026-05-14 05:44:54 | WARNING | dpfl.algorithms.noise_game.simulator | Node 387 round 76: NSR=20096.88 exceeds 20000.0
2026-05-14 05:45:03 | INFO    | dpfl.core.base_simulator | Round  77/150 | Acc: 0.8776 | Loss: 0.4074 | eps_max: 0.97 eps_avg: 0.56 | P: 0.82 R: 1.00 F1: 0.99
2026-05-14 05:45:03 | DEBUG   | dpfl.core.base_simulator | Update norms — honest: ['0.79', '7.24', '6.14', '6.92', '1.95'], attacker: ['nan', 'nan', 'nan', 'nan', 'nan']
2026-05-14 05:45:03 | WARNING | dpfl.algorithms.noise_game.simulator | Node 240 round 77: NSR=20861.75 exceeds 20000.0
2026-05-14 05:45:03 | WARNING | dpfl.algorithms.noise_game.simulator | Node 366 round 77: NSR=20567.87 exceeds 20000.0
2026-05-14 05:45:03 | WARNING | dpfl.algorithms.noise_game.simulator | Node 382 round 77: NSR=20567.92 exceeds 20000.0
2026-05-14 05:45:03 | WARNING | dpfl.algorithms.noise_game.simulator | Node 417 round 77: NSR=20801.96 exceeds 20000.0
2026-05-14 05:45:12 | INFO    | dpfl.core.base_simulator | Round  78/150 | Acc: 0.8773 | Loss: 0.4086 | eps_max: 0.97 eps_avg: 0.57 | P: 0.58 R: 1.00 F1: 0.99
2026-05-14 05:45:12 | DEBUG   | dpfl.core.base_simulator | Update norms — honest: ['7.35', '3.86', '4.54', '3.97', '5.51'], attacker: ['nan', 'nan', 'nan', 'nan', 'nan']
2026-05-14 05:45:13 | WARNING | dpfl.algorithms.noise_game.simulator | Node 326 round 78: NSR=21312.56 exceeds 20000.0
2026-05-14 05:45:21 | INFO    | dpfl.core.base_simulator | Round  79/150 | Acc: 0.8772 | Loss: 0.4099 | eps_max: 0.97 eps_avg: 0.58 | P: 0.89 R: 1.00 F1: 0.99
2026-05-14 05:45:21 | DEBUG   | dpfl.core.base_simulator | Update norms — honest: ['5.31', '9.60', '7.67', '6.25', '3.57'], attacker: ['nan', 'nan', 'nan', 'nan', 'nan']
2026-05-14 05:45:22 | WARNING | dpfl.algorithms.noise_game.simulator | Node 285 round 79: NSR=20055.27 exceeds 20000.0
2026-05-14 05:45:22 | WARNING | dpfl.algorithms.noise_game.simulator | Node 306 round 79: NSR=20152.85 exceeds 20000.0
2026-05-14 05:45:22 | WARNING | dpfl.algorithms.noise_game.simulator | Node 402 round 79: NSR=21743.44 exceeds 20000.0
2026-05-14 05:45:31 | INFO    | dpfl.core.base_simulator | Round  80/150 | Acc: 0.8771 | Loss: 0.4101 | eps_max: 1.04 eps_avg: 0.59 | P: 0.90 R: 1.00 F1: 0.99
2026-05-14 05:45:31 | DEBUG   | dpfl.core.base_simulator | Update norms — honest: ['0.77', '4.73', '2.69', '3.87', '6.96'], attacker: ['nan', 'nan', 'nan', 'nan', 'nan']
2026-05-14 05:45:31 | WARNING | dpfl.algorithms.noise_game.simulator | Node 262 round 80: NSR=20299.24 exceeds 20000.0
2026-05-14 05:45:31 | WARNING | dpfl.algorithms.noise_game.simulator | Node 288 round 80: NSR=20542.94 exceeds 20000.0
2026-05-14 05:45:31 | WARNING | dpfl.algorithms.noise_game.simulator | Node 335 round 80: NSR=20282.88 exceeds 20000.0
2026-05-14 05:45:31 | WARNING | dpfl.algorithms.noise_game.simulator | Node 406 round 80: NSR=21480.69 exceeds 20000.0
2026-05-14 05:45:40 | INFO    | dpfl.core.base_simulator | Round  81/150 | Acc: 0.8770 | Loss: 0.4111 | eps_max: 1.04 eps_avg: 0.60 | P: 0.67 R: 1.00 F1: 0.97
2026-05-14 05:45:40 | DEBUG   | dpfl.core.base_simulator | Update norms — honest: ['5.65', '4.61', '4.36', '6.97', '3.25'], attacker: ['nan', 'nan', 'nan', 'nan', 'nan']
2026-05-14 05:45:41 | WARNING | dpfl.algorithms.noise_game.simulator | Node 227 round 81: NSR=21659.53 exceeds 20000.0
2026-05-14 05:45:41 | WARNING | dpfl.algorithms.noise_game.simulator | Node 283 round 81: NSR=23454.27 exceeds 20000.0
2026-05-14 05:45:41 | WARNING | dpfl.algorithms.noise_game.simulator | Node 428 round 81: NSR=21526.72 exceeds 20000.0
2026-05-14 05:45:41 | WARNING | dpfl.algorithms.noise_game.simulator | Node 431 round 81: NSR=20806.85 exceeds 20000.0
2026-05-14 05:45:41 | WARNING | dpfl.algorithms.noise_game.simulator | Node 485 round 81: NSR=23498.03 exceeds 20000.0
2026-05-14 05:45:50 | INFO    | dpfl.core.base_simulator | Round  82/150 | Acc: 0.8770 | Loss: 0.4109 | eps_max: 1.04 eps_avg: 0.60 | P: 0.91 R: 1.00 F1: 0.99
2026-05-14 05:45:50 | DEBUG   | dpfl.core.base_simulator | Update norms — honest: ['5.93', '2.63', '2.83', '8.18', '4.36'], attacker: ['nan', 'nan', 'nan', 'nan', 'nan']
2026-05-14 05:45:50 | WARNING | dpfl.algorithms.noise_game.simulator | Node 456 round 82: NSR=20516.45 exceeds 20000.0
2026-05-14 05:45:59 | INFO    | dpfl.core.base_simulator | Round  83/150 | Acc: 0.8773 | Loss: 0.4103 | eps_max: 1.04 eps_avg: 0.61 | P: 1.00 R: 1.00 F1: 1.00
2026-05-14 05:45:59 | DEBUG   | dpfl.core.base_simulator | Update norms — honest: ['4.47', '4.98', '4.21', '6.27', '1.65'], attacker: ['nan', 'nan', 'nan', 'nan', 'nan']
2026-05-14 05:45:59 | WARNING | dpfl.algorithms.noise_game.simulator | Node 351 round 83: NSR=20051.58 exceeds 20000.0
2026-05-14 05:45:59 | WARNING | dpfl.algorithms.noise_game.simulator | Node 442 round 83: NSR=24009.17 exceeds 20000.0
2026-05-14 05:46:08 | INFO    | dpfl.core.base_simulator | Round  84/150 | Acc: 0.8767 | Loss: 0.4124 | eps_max: 1.04 eps_avg: 0.62 | P: 0.76 R: 1.00 F1: 0.99
2026-05-14 05:46:08 | DEBUG   | dpfl.core.base_simulator | Update norms — honest: ['4.70', '9.25', '4.56', '5.42', '7.21'], attacker: ['nan', 'nan', 'nan', 'nan', 'nan']
2026-05-14 05:46:17 | INFO    | dpfl.core.base_simulator | Round  85/150 | Acc: 0.8767 | Loss: 0.4129 | eps_max: 1.04 eps_avg: 0.63 | P: 0.95 R: 1.00 F1: 0.97
2026-05-14 05:46:17 | DEBUG   | dpfl.core.base_simulator | Update norms — honest: ['2.09', '4.30', '8.42', '2.56', '6.71'], attacker: ['nan', 'nan', 'nan', 'nan', 'nan']
2026-05-14 05:46:18 | WARNING | dpfl.algorithms.noise_game.simulator | Node 303 round 85: NSR=20416.06 exceeds 20000.0
2026-05-14 05:46:18 | WARNING | dpfl.algorithms.noise_game.simulator | Node 459 round 85: NSR=22066.63 exceeds 20000.0
2026-05-14 05:46:27 | INFO    | dpfl.core.base_simulator | Round  86/150 | Acc: 0.8765 | Loss: 0.4137 | eps_max: 1.04 eps_avg: 0.64 | P: 0.54 R: 1.00 F1: 0.99
2026-05-14 05:46:27 | DEBUG   | dpfl.core.base_simulator | Update norms — honest: ['8.48', '3.65', '3.67', '6.21', '7.43'], attacker: ['nan', 'nan', 'nan', 'nan', 'nan']
2026-05-14 05:46:36 | INFO    | dpfl.core.base_simulator | Round  87/150 | Acc: 0.8762 | Loss: 0.4154 | eps_max: 1.06 eps_avg: 0.64 | P: 0.99 R: 1.00 F1: 1.00
2026-05-14 05:46:36 | DEBUG   | dpfl.core.base_simulator | Update norms — honest: ['1.23', '3.19', '5.11', '7.17', '6.01'], attacker: ['nan', 'nan', 'nan', 'nan', 'nan']
2026-05-14 05:46:36 | WARNING | dpfl.algorithms.noise_game.simulator | Node 231 round 87: NSR=20201.13 exceeds 20000.0
2026-05-14 05:46:36 | WARNING | dpfl.algorithms.noise_game.simulator | Node 293 round 87: NSR=27277.87 exceeds 20000.0
2026-05-14 05:46:36 | WARNING | dpfl.algorithms.noise_game.simulator | Node 441 round 87: NSR=20214.46 exceeds 20000.0
2026-05-14 05:46:36 | WARNING | dpfl.algorithms.noise_game.simulator | Node 449 round 87: NSR=20781.39 exceeds 20000.0
2026-05-14 05:46:45 | INFO    | dpfl.core.base_simulator | Round  88/150 | Acc: 0.8761 | Loss: 0.4157 | eps_max: 1.06 eps_avg: 0.65 | P: 0.96 R: 1.00 F1: 0.98
2026-05-14 05:46:45 | DEBUG   | dpfl.core.base_simulator | Update norms — honest: ['2.06', '4.05', '4.89', '0.99', '2.36'], attacker: ['nan', 'nan', 'nan', 'nan', 'nan']
2026-05-14 05:46:46 | WARNING | dpfl.algorithms.noise_game.simulator | Node 331 round 88: NSR=20147.41 exceeds 20000.0
2026-05-14 05:46:46 | WARNING | dpfl.algorithms.noise_game.simulator | Node 415 round 88: NSR=22534.14 exceeds 20000.0
2026-05-14 05:46:54 | INFO    | dpfl.core.base_simulator | Round  89/150 | Acc: 0.8759 | Loss: 0.4171 | eps_max: 1.06 eps_avg: 0.66 | P: 0.66 R: 1.00 F1: 0.99
2026-05-14 05:46:54 | DEBUG   | dpfl.core.base_simulator | Update norms — honest: ['9.94', '3.10', '3.86', '4.56', '3.42'], attacker: ['nan', 'nan', 'nan', 'nan', 'nan']
2026-05-14 05:46:55 | WARNING | dpfl.algorithms.noise_game.simulator | Node 200 round 89: NSR=20498.50 exceeds 20000.0
2026-05-14 05:46:55 | WARNING | dpfl.algorithms.noise_game.simulator | Node 233 round 89: NSR=21894.40 exceeds 20000.0
2026-05-14 05:46:55 | WARNING | dpfl.algorithms.noise_game.simulator | Node 264 round 89: NSR=22109.95 exceeds 20000.0
2026-05-14 05:46:55 | WARNING | dpfl.algorithms.noise_game.simulator | Node 403 round 89: NSR=21867.48 exceeds 20000.0
2026-05-14 05:47:04 | INFO    | dpfl.core.base_simulator | Round  90/150 | Acc: 0.8758 | Loss: 0.4178 | eps_max: 1.06 eps_avg: 0.67 | P: 0.82 R: 1.00 F1: 0.99
2026-05-14 05:47:04 | DEBUG   | dpfl.core.base_simulator | Update norms — honest: ['2.78', '7.57', '4.43', '3.55', '4.43'], attacker: ['nan', 'nan', 'nan', 'nan', 'nan']
2026-05-14 05:47:04 | WARNING | dpfl.algorithms.noise_game.simulator | Node 301 round 90: NSR=22407.78 exceeds 20000.0
2026-05-14 05:47:04 | WARNING | dpfl.algorithms.noise_game.simulator | Node 349 round 90: NSR=20814.45 exceeds 20000.0
2026-05-14 05:47:04 | WARNING | dpfl.algorithms.noise_game.simulator | Node 355 round 90: NSR=21653.25 exceeds 20000.0
2026-05-14 05:47:04 | WARNING | dpfl.algorithms.noise_game.simulator | Node 434 round 90: NSR=20740.85 exceeds 20000.0
2026-05-14 05:47:04 | WARNING | dpfl.algorithms.noise_game.simulator | Node 489 round 90: NSR=24045.66 exceeds 20000.0
2026-05-14 05:47:13 | INFO    | dpfl.core.base_simulator | Round  91/150 | Acc: 0.8750 | Loss: 0.4207 | eps_max: 1.06 eps_avg: 0.68 | P: 0.72 R: 1.00 F1: 1.00
2026-05-14 05:47:13 | DEBUG   | dpfl.core.base_simulator | Update norms — honest: ['5.65', '7.05', '3.58', '7.56', '5.87'], attacker: ['nan', 'nan', 'nan', 'nan', 'nan']
2026-05-14 05:47:14 | WARNING | dpfl.algorithms.noise_game.simulator | Node 290 round 91: NSR=23904.41 exceeds 20000.0
2026-05-14 05:47:14 | WARNING | dpfl.algorithms.noise_game.simulator | Node 337 round 91: NSR=20289.08 exceeds 20000.0
2026-05-14 05:47:22 | INFO    | dpfl.core.base_simulator | Round  92/150 | Acc: 0.8752 | Loss: 0.4207 | eps_max: 1.07 eps_avg: 0.69 | P: 0.61 R: 1.00 F1: 0.94
2026-05-14 05:47:22 | DEBUG   | dpfl.core.base_simulator | Update norms — honest: ['4.83', '4.96', '3.83', '4.82', '4.89'], attacker: ['nan', 'nan', 'nan', 'nan', 'nan']
2026-05-14 05:47:23 | WARNING | dpfl.algorithms.noise_game.simulator | Node 361 round 92: NSR=21659.79 exceeds 20000.0
2026-05-14 05:47:23 | WARNING | dpfl.algorithms.noise_game.simulator | Node 394 round 92: NSR=20062.33 exceeds 20000.0
2026-05-14 05:47:32 | INFO    | dpfl.core.base_simulator | Round  93/150 | Acc: 0.8748 | Loss: 0.4222 | eps_max: 1.07 eps_avg: 0.70 | P: 0.56 R: 1.00 F1: 0.99
2026-05-14 05:47:32 | DEBUG   | dpfl.core.base_simulator | Update norms — honest: ['5.07', '7.97', '4.29', '8.26', '2.73'], attacker: ['nan', 'nan', 'nan', 'nan', 'nan']
2026-05-14 05:47:41 | INFO    | dpfl.core.base_simulator | Round  94/150 | Acc: 0.8741 | Loss: 0.4255 | eps_max: 1.16 eps_avg: 0.71 | P: 0.80 R: 1.00 F1: 0.98
2026-05-14 05:47:41 | DEBUG   | dpfl.core.base_simulator | Update norms — honest: ['5.73', '8.71', '7.09', '2.55', '4.24'], attacker: ['nan', 'nan', 'nan', 'nan', 'nan']
2026-05-14 05:47:42 | WARNING | dpfl.algorithms.noise_game.simulator | Node 240 round 94: NSR=22156.86 exceeds 20000.0
2026-05-14 05:47:50 | INFO    | dpfl.core.base_simulator | Round  95/150 | Acc: 0.8745 | Loss: 0.4246 | eps_max: 1.39 eps_avg: 0.72 | P: 0.99 R: 1.00 F1: 1.00
2026-05-14 05:47:50 | DEBUG   | dpfl.core.base_simulator | Update norms — honest: ['8.23', '4.84', '3.97', '0.66', '5.51'], attacker: ['nan', 'nan', 'nan', 'nan', 'nan']
2026-05-14 05:47:51 | WARNING | dpfl.algorithms.noise_game.simulator | Node 319 round 95: NSR=20077.99 exceeds 20000.0
2026-05-14 05:47:51 | WARNING | dpfl.algorithms.noise_game.simulator | Node 437 round 95: NSR=24332.16 exceeds 20000.0
2026-05-14 05:48:00 | INFO    | dpfl.core.base_simulator | Round  96/150 | Acc: 0.8742 | Loss: 0.4257 | eps_max: 1.39 eps_avg: 0.74 | P: 0.80 R: 1.00 F1: 1.00
2026-05-14 05:48:00 | DEBUG   | dpfl.core.base_simulator | Update norms — honest: ['6.90', '8.02', '5.02', '5.53', '3.60'], attacker: ['nan', 'nan', 'nan', 'nan', 'nan']
2026-05-14 05:48:09 | INFO    | dpfl.core.base_simulator | Round  97/150 | Acc: 0.8737 | Loss: 0.4281 | eps_max: 1.39 eps_avg: 0.76 | P: 0.70 R: 1.00 F1: 0.94
2026-05-14 05:48:09 | DEBUG   | dpfl.core.base_simulator | Update norms — honest: ['5.60', '3.08', '7.47', '3.47', '3.22'], attacker: ['nan', 'nan', 'nan', 'nan', 'nan']
2026-05-14 05:48:10 | WARNING | dpfl.algorithms.noise_game.simulator | Node 217 round 97: NSR=20560.36 exceeds 20000.0
2026-05-14 05:48:10 | WARNING | dpfl.algorithms.noise_game.simulator | Node 357 round 97: NSR=20040.69 exceeds 20000.0
2026-05-14 05:48:10 | WARNING | dpfl.algorithms.noise_game.simulator | Node 440 round 97: NSR=20845.52 exceeds 20000.0
2026-05-14 05:48:19 | INFO    | dpfl.core.base_simulator | Round  98/150 | Acc: 0.8736 | Loss: 0.4285 | eps_max: 1.39 eps_avg: 0.77 | P: 0.64 R: 1.00 F1: 0.99
2026-05-14 05:48:19 | DEBUG   | dpfl.core.base_simulator | Update norms — honest: ['4.01', '4.09', '3.74', '5.62', '6.03'], attacker: ['nan', 'nan', 'nan', 'nan', 'nan']
2026-05-14 05:48:28 | INFO    | dpfl.core.base_simulator | Round  99/150 | Acc: 0.8735 | Loss: 0.4297 | eps_max: 1.39 eps_avg: 0.78 | P: 0.69 R: 1.00 F1: 0.98
2026-05-14 05:48:28 | DEBUG   | dpfl.core.base_simulator | Update norms — honest: ['6.16', '3.26', '4.01', '3.62', '6.91'], attacker: ['nan', 'nan', 'nan', 'nan', 'nan']
2026-05-14 05:48:29 | WARNING | dpfl.algorithms.noise_game.simulator | Node 202 round 99: NSR=20456.04 exceeds 20000.0
2026-05-14 05:48:29 | WARNING | dpfl.algorithms.noise_game.simulator | Node 384 round 99: NSR=20236.82 exceeds 20000.0
2026-05-14 05:48:29 | WARNING | dpfl.algorithms.noise_game.simulator | Node 403 round 99: NSR=20251.43 exceeds 20000.0
2026-05-14 05:48:37 | INFO    | dpfl.core.base_simulator | Round 100/150 | Acc: 0.8735 | Loss: 0.4303 | eps_max: 1.39 eps_avg: 0.79 | P: 0.75 R: 1.00 F1: 0.98
2026-05-14 05:48:37 | DEBUG   | dpfl.core.base_simulator | Update norms — honest: ['4.59', '4.68', '7.24', '6.22', '5.72'], attacker: ['nan', 'nan', 'nan', 'nan', 'nan']
2026-05-14 05:48:38 | WARNING | dpfl.algorithms.noise_game.simulator | Node 428 round 100: NSR=20333.58 exceeds 20000.0
2026-05-14 05:48:47 | INFO    | dpfl.core.base_simulator | Round 101/150 | Acc: 0.8731 | Loss: 0.4318 | eps_max: 1.39 eps_avg: 0.81 | P: 0.65 R: 1.00 F1: 0.99
2026-05-14 05:48:47 | DEBUG   | dpfl.core.base_simulator | Update norms — honest: ['10.07', '5.48', '5.73', '4.58', '4.86'], attacker: ['nan', 'nan', 'nan', 'nan', 'nan']
2026-05-14 05:48:47 | WARNING | dpfl.algorithms.noise_game.simulator | Node 298 round 101: NSR=20499.41 exceeds 20000.0
2026-05-14 05:48:47 | WARNING | dpfl.algorithms.noise_game.simulator | Node 475 round 101: NSR=21055.99 exceeds 20000.0
2026-05-14 05:48:56 | INFO    | dpfl.core.base_simulator | Round 102/150 | Acc: 0.8733 | Loss: 0.4315 | eps_max: 1.39 eps_avg: 0.81 | P: 0.99 R: 1.00 F1: 0.99
2026-05-14 05:48:56 | DEBUG   | dpfl.core.base_simulator | Update norms — honest: ['3.41', '1.13', '5.92', '2.82', '6.31'], attacker: ['nan', 'nan', 'nan', 'nan', 'nan']
2026-05-14 05:48:57 | WARNING | dpfl.algorithms.noise_game.simulator | Node 458 round 102: NSR=22068.91 exceeds 20000.0
2026-05-14 05:48:57 | WARNING | dpfl.algorithms.noise_game.simulator | Node 495 round 102: NSR=22005.75 exceeds 20000.0
2026-05-14 05:49:06 | INFO    | dpfl.core.base_simulator | Round 103/150 | Acc: 0.8727 | Loss: 0.4344 | eps_max: 1.42 eps_avg: 0.83 | P: 0.84 R: 1.00 F1: 0.99
2026-05-14 05:49:06 | DEBUG   | dpfl.core.base_simulator | Update norms — honest: ['5.96', '6.05', '3.34', '1.02', '7.83'], attacker: ['nan', 'nan', 'nan', 'nan', 'nan']
2026-05-14 05:49:06 | WARNING | dpfl.algorithms.noise_game.simulator | Node 247 round 103: NSR=20785.47 exceeds 20000.0
2026-05-14 05:49:06 | WARNING | dpfl.algorithms.noise_game.simulator | Node 409 round 103: NSR=21284.77 exceeds 20000.0
2026-05-14 05:49:15 | INFO    | dpfl.core.base_simulator | Round 104/150 | Acc: 0.8726 | Loss: 0.4352 | eps_max: 1.81 eps_avg: 0.85 | P: 0.75 R: 1.00 F1: 0.96
2026-05-14 05:49:15 | DEBUG   | dpfl.core.base_simulator | Update norms — honest: ['4.68', '0.60', '5.89', '3.89', '4.53'], attacker: ['nan', 'nan', 'nan', 'nan', 'nan']
2026-05-14 05:49:16 | WARNING | dpfl.algorithms.noise_game.simulator | Node 232 round 104: NSR=23499.26 exceeds 20000.0
2026-05-14 05:49:25 | INFO    | dpfl.core.base_simulator | Round 105/150 | Acc: 0.8725 | Loss: 0.4356 | eps_max: 1.81 eps_avg: 0.87 | P: 0.91 R: 1.00 F1: 0.99
2026-05-14 05:49:25 | DEBUG   | dpfl.core.base_simulator | Update norms — honest: ['3.32', '2.73', '2.00', '5.19', '6.95'], attacker: ['nan', 'nan', 'nan', 'nan', 'nan']
2026-05-14 05:49:25 | WARNING | dpfl.algorithms.noise_game.simulator | Node 419 round 105: NSR=21820.55 exceeds 20000.0
2026-05-14 05:49:34 | INFO    | dpfl.core.base_simulator | Round 106/150 | Acc: 0.8725 | Loss: 0.4364 | eps_max: 1.81 eps_avg: 0.87 | P: 0.73 R: 1.00 F1: 0.95
2026-05-14 05:49:34 | DEBUG   | dpfl.core.base_simulator | Update norms — honest: ['1.76', '8.08', '4.53', '10.59', '4.80'], attacker: ['nan', 'nan', 'nan', 'nan', 'nan']
2026-05-14 05:49:34 | WARNING | dpfl.algorithms.noise_game.simulator | Node 402 round 106: NSR=22755.62 exceeds 20000.0
2026-05-14 05:49:43 | INFO    | dpfl.core.base_simulator | Round 107/150 | Acc: 0.8721 | Loss: 0.4380 | eps_max: 1.81 eps_avg: 0.89 | P: 0.67 R: 1.00 F1: 0.97
2026-05-14 05:49:43 | DEBUG   | dpfl.core.base_simulator | Update norms — honest: ['7.83', '9.87', '8.27', '1.53', '3.45'], attacker: ['nan', 'nan', 'nan', 'nan', 'nan']
2026-05-14 05:49:44 | WARNING | dpfl.algorithms.noise_game.simulator | Node 248 round 107: NSR=20473.16 exceeds 20000.0
2026-05-14 05:49:44 | WARNING | dpfl.algorithms.noise_game.simulator | Node 355 round 107: NSR=21496.59 exceeds 20000.0
2026-05-14 05:49:53 | INFO    | dpfl.core.base_simulator | Round 108/150 | Acc: 0.8715 | Loss: 0.4413 | eps_max: 1.81 eps_avg: 0.90 | P: 0.69 R: 1.00 F1: 0.95
2026-05-14 05:49:53 | DEBUG   | dpfl.core.base_simulator | Update norms — honest: ['13.10', '8.14', '7.25', '4.77', '1.90'], attacker: ['nan', 'nan', 'nan', 'nan', 'nan']
2026-05-14 05:49:53 | WARNING | dpfl.algorithms.noise_game.simulator | Node 266 round 108: NSR=21201.06 exceeds 20000.0
2026-05-14 05:50:02 | INFO    | dpfl.core.base_simulator | Round 109/150 | Acc: 0.8712 | Loss: 0.4429 | eps_max: 1.81 eps_avg: 0.91 | P: 0.79 R: 1.00 F1: 0.99
2026-05-14 05:50:02 | DEBUG   | dpfl.core.base_simulator | Update norms — honest: ['8.52', '7.45', '4.96', '3.39', '4.16'], attacker: ['nan', 'nan', 'nan', 'nan', 'nan']
2026-05-14 05:50:03 | WARNING | dpfl.algorithms.noise_game.simulator | Node 253 round 109: NSR=20407.28 exceeds 20000.0
2026-05-14 05:50:03 | WARNING | dpfl.algorithms.noise_game.simulator | Node 320 round 109: NSR=20951.65 exceeds 20000.0
2026-05-14 05:50:12 | INFO    | dpfl.core.base_simulator | Round 110/150 | Acc: 0.8702 | Loss: 0.4475 | eps_max: 1.81 eps_avg: 0.95 | P: 0.72 R: 1.00 F1: 0.97
2026-05-14 05:50:12 | DEBUG   | dpfl.core.base_simulator | Update norms — honest: ['5.30', '6.05', '1.41', '11.21', '1.99'], attacker: ['nan', 'nan', 'nan', 'nan', 'nan']
2026-05-14 05:50:13 | WARNING | dpfl.algorithms.noise_game.simulator | Node 250 round 110: NSR=20281.96 exceeds 20000.0
2026-05-14 05:50:13 | WARNING | dpfl.algorithms.noise_game.simulator | Node 414 round 110: NSR=20068.46 exceeds 20000.0
2026-05-14 05:50:13 | WARNING | dpfl.algorithms.noise_game.simulator | Node 437 round 110: NSR=20382.05 exceeds 20000.0
2026-05-14 05:50:22 | INFO    | dpfl.core.base_simulator | Round 111/150 | Acc: 0.8694 | Loss: 0.4509 | eps_max: 1.81 eps_avg: 0.98 | P: 0.75 R: 1.00 F1: 0.97
2026-05-14 05:50:22 | DEBUG   | dpfl.core.base_simulator | Update norms — honest: ['8.97', '6.82', '6.37', '7.05', '4.02'], attacker: ['nan', 'nan', 'nan', 'nan', 'nan']
2026-05-14 05:50:23 | WARNING | dpfl.algorithms.noise_game.simulator | Node 224 round 111: NSR=21082.93 exceeds 20000.0
2026-05-14 05:50:23 | WARNING | dpfl.algorithms.noise_game.simulator | Node 482 round 111: NSR=20710.54 exceeds 20000.0
2026-05-14 05:50:31 | INFO    | dpfl.core.base_simulator | Round 112/150 | Acc: 0.8693 | Loss: 0.4520 | eps_max: 1.81 eps_avg: 1.00 | P: 0.68 R: 1.00 F1: 0.99
2026-05-14 05:50:31 | DEBUG   | dpfl.core.base_simulator | Update norms — honest: ['8.80', '1.73', '6.19', '8.60', '5.72'], attacker: ['nan', 'nan', 'nan', 'nan', 'nan']
2026-05-14 05:50:41 | INFO    | dpfl.core.base_simulator | Round 113/150 | Acc: 0.8694 | Loss: 0.4522 | eps_max: 1.81 eps_avg: 1.00 | P: 0.99 R: 1.00 F1: 1.00
2026-05-14 05:50:41 | DEBUG   | dpfl.core.base_simulator | Update norms — honest: ['5.55', '1.56', '6.71', '6.36', '6.65'], attacker: ['nan', 'nan', 'nan', 'nan', 'nan']
2026-05-14 05:50:41 | WARNING | dpfl.algorithms.noise_game.simulator | Node 260 round 113: NSR=20465.62 exceeds 20000.0
2026-05-14 05:50:50 | INFO    | dpfl.core.base_simulator | Round 114/150 | Acc: 0.8687 | Loss: 0.4565 | eps_max: 1.81 eps_avg: 1.02 | P: 0.83 R: 1.00 F1: 0.93
2026-05-14 05:50:50 | DEBUG   | dpfl.core.base_simulator | Update norms — honest: ['7.56', '7.59', '4.56', '5.53', '3.08'], attacker: ['nan', 'nan', 'nan', 'nan', 'nan']
2026-05-14 05:50:59 | INFO    | dpfl.core.base_simulator | Round 115/150 | Acc: 0.8685 | Loss: 0.4578 | eps_max: 1.81 eps_avg: 1.04 | P: 0.90 R: 1.00 F1: 0.98
2026-05-14 05:50:59 | DEBUG   | dpfl.core.base_simulator | Update norms — honest: ['6.93', '6.51', '4.35', '7.39', '7.52'], attacker: ['nan', 'nan', 'nan', 'nan', 'nan']
2026-05-14 05:51:00 | WARNING | dpfl.algorithms.noise_game.simulator | Node 413 round 115: NSR=24726.48 exceeds 20000.0
2026-05-14 05:51:09 | INFO    | dpfl.core.base_simulator | Round 116/150 | Acc: 0.8681 | Loss: 0.4601 | eps_max: 1.85 eps_avg: 1.06 | P: 0.70 R: 1.00 F1: 0.97
2026-05-14 05:51:09 | DEBUG   | dpfl.core.base_simulator | Update norms — honest: ['1.60', '4.48', '2.86', '4.63', '6.27'], attacker: ['nan', 'nan', 'nan', 'nan', 'nan']
2026-05-14 05:51:09 | WARNING | dpfl.algorithms.noise_game.simulator | Node 328 round 116: NSR=20598.36 exceeds 20000.0
2026-05-14 05:51:19 | INFO    | dpfl.core.base_simulator | Round 117/150 | Acc: 0.8668 | Loss: 0.4659 | eps_max: 1.89 eps_avg: 1.09 | P: 0.75 R: 1.00 F1: 0.93
2026-05-14 05:51:19 | DEBUG   | dpfl.core.base_simulator | Update norms — honest: ['3.33', '6.73', '7.64', '12.53', '9.72'], attacker: ['nan', 'nan', 'nan', 'nan', 'nan']
2026-05-14 05:51:19 | WARNING | dpfl.algorithms.noise_game.simulator | Node 359 round 117: NSR=20736.20 exceeds 20000.0
2026-05-14 05:51:28 | INFO    | dpfl.core.base_simulator | Round 118/150 | Acc: 0.8673 | Loss: 0.4651 | eps_max: 1.89 eps_avg: 1.10 | P: 0.59 R: 1.00 F1: 0.99
2026-05-14 05:51:28 | DEBUG   | dpfl.core.base_simulator | Update norms — honest: ['6.27', '3.34', '7.39', '4.64', '7.38'], attacker: ['nan', 'nan', 'nan', 'nan', 'nan']
2026-05-14 05:51:28 | WARNING | dpfl.algorithms.noise_game.simulator | Node 395 round 118: NSR=20465.11 exceeds 20000.0
2026-05-14 05:51:38 | INFO    | dpfl.core.base_simulator | Round 119/150 | Acc: 0.8654 | Loss: 0.4741 | eps_max: 1.89 eps_avg: 1.13 | P: 0.78 R: 1.00 F1: 0.98
2026-05-14 05:51:38 | DEBUG   | dpfl.core.base_simulator | Update norms — honest: ['5.28', '6.50', '5.69', '6.22', '9.71'], attacker: ['nan', 'nan', 'nan', 'nan', 'nan']
2026-05-14 05:51:48 | INFO    | dpfl.core.base_simulator | Round 120/150 | Acc: 0.8657 | Loss: 0.4737 | eps_max: 1.89 eps_avg: 1.17 | P: 0.56 R: 1.00 F1: 0.96
2026-05-14 05:51:48 | DEBUG   | dpfl.core.base_simulator | Update norms — honest: ['3.55', '5.18', '9.34', '6.97', '4.92'], attacker: ['nan', 'nan', 'nan', 'nan', 'nan']
2026-05-14 05:51:57 | INFO    | dpfl.core.base_simulator | Round 121/150 | Acc: 0.8644 | Loss: 0.4799 | eps_max: 1.93 eps_avg: 1.20 | P: 0.71 R: 1.00 F1: 0.94
2026-05-14 05:51:57 | DEBUG   | dpfl.core.base_simulator | Update norms — honest: ['8.84', '9.88', '8.01', '3.71', '5.02'], attacker: ['nan', 'nan', 'nan', 'nan', 'nan']
2026-05-14 05:52:07 | INFO    | dpfl.core.base_simulator | Round 122/150 | Acc: 0.8641 | Loss: 0.4827 | eps_max: 1.93 eps_avg: 1.21 | P: 0.75 R: 1.00 F1: 0.98
2026-05-14 05:52:07 | DEBUG   | dpfl.core.base_simulator | Update norms — honest: ['7.83', '9.15', '6.05', '7.79', '4.82'], attacker: ['nan', 'nan', 'nan', 'nan', 'nan']
2026-05-14 05:52:16 | INFO    | dpfl.core.base_simulator | Round 123/150 | Acc: 0.8637 | Loss: 0.4862 | eps_max: 1.93 eps_avg: 1.23 | P: 0.72 R: 1.00 F1: 0.98
2026-05-14 05:52:16 | DEBUG   | dpfl.core.base_simulator | Update norms — honest: ['3.20', '10.21', '6.38', '4.22', '4.81'], attacker: ['nan', 'nan', 'nan', 'nan', 'nan']
2026-05-14 05:52:26 | INFO    | dpfl.core.base_simulator | Round 124/150 | Acc: 0.8639 | Loss: 0.4872 | eps_max: 1.93 eps_avg: 1.24 | P: 0.62 R: 1.00 F1: 1.00
2026-05-14 05:52:26 | DEBUG   | dpfl.core.base_simulator | Update norms — honest: ['10.20', '6.15', '8.18', '1.86', '4.00'], attacker: ['nan', 'nan', 'nan', 'nan', 'nan']
2026-05-14 05:52:35 | INFO    | dpfl.core.base_simulator | Round 125/150 | Acc: 0.8644 | Loss: 0.4860 | eps_max: 1.95 eps_avg: 1.26 | P: 0.71 R: 1.00 F1: 0.99
2026-05-14 05:52:35 | DEBUG   | dpfl.core.base_simulator | Update norms — honest: ['4.46', '5.33', '0.00', '6.63', '7.53'], attacker: ['nan', 'nan', 'nan', 'nan', 'nan']
2026-05-14 05:52:35 | WARNING | dpfl.algorithms.noise_game.simulator | Node 266 round 125: NSR=21802.22 exceeds 20000.0
2026-05-14 05:52:35 | WARNING | dpfl.algorithms.noise_game.simulator | Node 417 round 125: NSR=21326.54 exceeds 20000.0
2026-05-14 05:52:44 | INFO    | dpfl.core.base_simulator | Round 126/150 | Acc: 0.8641 | Loss: 0.4873 | eps_max: 1.96 eps_avg: 1.29 | P: 0.76 R: 1.00 F1: 0.97
2026-05-14 05:52:44 | DEBUG   | dpfl.core.base_simulator | Update norms — honest: ['5.21', '3.63', '6.52', '7.74', '6.38'], attacker: ['nan', 'nan', 'nan', 'nan', 'nan']
2026-05-14 05:52:53 | INFO    | dpfl.core.base_simulator | Round 127/150 | Acc: 0.8641 | Loss: 0.4884 | eps_max: 2.24 eps_avg: 1.30 | P: 0.83 R: 1.00 F1: 0.98
2026-05-14 05:52:53 | DEBUG   | dpfl.core.base_simulator | Update norms — honest: ['6.77', '3.18', '5.14', '6.17', '6.23'], attacker: ['nan', 'nan', 'nan', 'nan', 'nan']
2026-05-14 05:52:54 | WARNING | dpfl.algorithms.noise_game.simulator | Node 217 round 127: NSR=20070.68 exceeds 20000.0
2026-05-14 05:52:54 | WARNING | dpfl.algorithms.noise_game.simulator | Node 280 round 127: NSR=23953.85 exceeds 20000.0
2026-05-14 05:53:03 | INFO    | dpfl.core.base_simulator | Round 128/150 | Acc: 0.8635 | Loss: 0.4941 | eps_max: 2.25 eps_avg: 1.32 | P: 0.64 R: 1.00 F1: 0.93
2026-05-14 05:53:03 | DEBUG   | dpfl.core.base_simulator | Update norms — honest: ['8.74', '8.78', '4.70', '6.21', '2.81'], attacker: ['nan', 'nan', 'nan', 'nan', 'nan']
2026-05-14 05:53:04 | WARNING | dpfl.algorithms.noise_game.simulator | Node 254 round 128: NSR=21279.11 exceeds 20000.0
2026-05-14 05:53:04 | WARNING | dpfl.algorithms.noise_game.simulator | Node 299 round 128: NSR=23060.22 exceeds 20000.0
2026-05-14 05:53:12 | INFO    | dpfl.core.base_simulator | Round 129/150 | Acc: 0.8640 | Loss: 0.4920 | eps_max: 2.25 eps_avg: 1.35 | P: 0.69 R: 1.00 F1: 0.95
2026-05-14 05:53:12 | DEBUG   | dpfl.core.base_simulator | Update norms — honest: ['2.77', '1.89', '5.59', '2.61', '1.64'], attacker: ['nan', 'nan', 'nan', 'nan', 'nan']
2026-05-14 05:53:22 | INFO    | dpfl.core.base_simulator | Round 130/150 | Acc: 0.8635 | Loss: 0.4954 | eps_max: 2.38 eps_avg: 1.38 | P: 0.65 R: 1.00 F1: 0.96
2026-05-14 05:53:22 | DEBUG   | dpfl.core.base_simulator | Update norms — honest: ['6.69', '3.98', '4.05', '8.50', '3.85'], attacker: ['nan', 'nan', 'nan', 'nan', 'nan']
2026-05-14 05:53:23 | WARNING | dpfl.algorithms.noise_game.simulator | Node 444 round 130: NSR=20744.44 exceeds 20000.0
2026-05-14 05:53:31 | INFO    | dpfl.core.base_simulator | Round 131/150 | Acc: 0.8633 | Loss: 0.4982 | eps_max: 2.40 eps_avg: 1.40 | P: 0.85 R: 1.00 F1: 0.99
2026-05-14 05:53:31 | DEBUG   | dpfl.core.base_simulator | Update norms — honest: ['2.60', '5.10', '2.01', '6.43', '9.96'], attacker: ['nan', 'nan', 'nan', 'nan', 'nan']
2026-05-14 05:53:32 | WARNING | dpfl.algorithms.noise_game.simulator | Node 209 round 131: NSR=23673.75 exceeds 20000.0
2026-05-14 05:53:41 | INFO    | dpfl.core.base_simulator | Round 132/150 | Acc: 0.8631 | Loss: 0.4995 | eps_max: 2.46 eps_avg: 1.42 | P: 0.96 R: 1.00 F1: 0.98
2026-05-14 05:53:41 | DEBUG   | dpfl.core.base_simulator | Update norms — honest: ['6.29', '5.30', '7.67', '6.34', '10.05'], attacker: ['nan', 'nan', 'nan', 'nan', 'nan']
2026-05-14 05:53:41 | WARNING | dpfl.algorithms.noise_game.simulator | Node 370 round 132: NSR=21149.55 exceeds 20000.0
2026-05-14 05:53:50 | INFO    | dpfl.core.base_simulator | Round 133/150 | Acc: 0.8626 | Loss: 0.5019 | eps_max: 2.49 eps_avg: 1.44 | P: 0.68 R: 1.00 F1: 0.96
2026-05-14 05:53:50 | DEBUG   | dpfl.core.base_simulator | Update norms — honest: ['7.57', '7.40', '6.88', '6.26', '7.92'], attacker: ['nan', 'nan', 'nan', 'nan', 'nan']
2026-05-14 05:53:51 | WARNING | dpfl.algorithms.noise_game.simulator | Node 407 round 133: NSR=22129.03 exceeds 20000.0
2026-05-14 05:54:00 | INFO    | dpfl.core.base_simulator | Round 134/150 | Acc: 0.8616 | Loss: 0.5086 | eps_max: 2.51 eps_avg: 1.47 | P: 0.73 R: 1.00 F1: 0.95
2026-05-14 05:54:00 | DEBUG   | dpfl.core.base_simulator | Update norms — honest: ['10.60', '4.60', '5.24', '5.19', '8.47'], attacker: ['nan', 'nan', 'nan', 'nan', 'nan']
2026-05-14 05:54:00 | WARNING | dpfl.algorithms.noise_game.simulator | Node 361 round 134: NSR=22874.85 exceeds 20000.0
2026-05-14 05:54:00 | WARNING | dpfl.algorithms.noise_game.simulator | Node 383 round 134: NSR=21484.64 exceeds 20000.0
2026-05-14 05:54:00 | WARNING | dpfl.algorithms.noise_game.simulator | Node 459 round 134: NSR=20637.53 exceeds 20000.0
2026-05-14 05:54:09 | INFO    | dpfl.core.base_simulator | Round 135/150 | Acc: 0.8613 | Loss: 0.5118 | eps_max: 2.51 eps_avg: 1.50 | P: 0.78 R: 1.00 F1: 0.98
2026-05-14 05:54:09 | DEBUG   | dpfl.core.base_simulator | Update norms — honest: ['6.44', '8.36', '5.68', '5.93', '9.12'], attacker: ['nan', 'nan', 'nan', 'nan', 'nan']
2026-05-14 05:54:19 | INFO    | dpfl.core.base_simulator | Round 136/150 | Acc: 0.8609 | Loss: 0.5147 | eps_max: 2.51 eps_avg: 1.52 | P: 0.64 R: 1.00 F1: 0.98
2026-05-14 05:54:19 | DEBUG   | dpfl.core.base_simulator | Update norms — honest: ['7.56', '9.29', '7.98', '8.69', '5.86'], attacker: ['nan', 'nan', 'nan', 'nan', 'nan']
2026-05-14 05:54:28 | INFO    | dpfl.core.base_simulator | Round 137/150 | Acc: 0.8612 | Loss: 0.5154 | eps_max: 2.51 eps_avg: 1.54 | P: 0.80 R: 1.00 F1: 0.99
2026-05-14 05:54:28 | DEBUG   | dpfl.core.base_simulator | Update norms — honest: ['5.30', '3.66', '2.77', '5.30', '1.18'], attacker: ['nan', 'nan', 'nan', 'nan', 'nan']
2026-05-14 05:54:29 | WARNING | dpfl.algorithms.noise_game.simulator | Node 373 round 137: NSR=21468.66 exceeds 20000.0
2026-05-14 05:54:29 | WARNING | dpfl.algorithms.noise_game.simulator | Node 485 round 137: NSR=20211.89 exceeds 20000.0
2026-05-14 05:54:38 | INFO    | dpfl.core.base_simulator | Round 138/150 | Acc: 0.8602 | Loss: 0.5245 | eps_max: 2.58 eps_avg: 1.57 | P: 0.83 R: 1.00 F1: 0.98
2026-05-14 05:54:38 | DEBUG   | dpfl.core.base_simulator | Update norms — honest: ['6.89', '7.40', '10.26', '8.44', '8.30'], attacker: ['nan', 'nan', 'nan', 'nan', 'nan']
2026-05-14 05:54:47 | INFO    | dpfl.core.base_simulator | Round 139/150 | Acc: 0.8599 | Loss: 0.5260 | eps_max: 2.58 eps_avg: 1.60 | P: 0.86 R: 1.00 F1: 0.98
2026-05-14 05:54:47 | DEBUG   | dpfl.core.base_simulator | Update norms — honest: ['10.00', '5.74', '6.76', '5.40', '4.36'], attacker: ['nan', 'nan', 'nan', 'nan', 'nan']
2026-05-14 05:54:57 | INFO    | dpfl.core.base_simulator | Round 140/150 | Acc: 0.8594 | Loss: 0.5290 | eps_max: 2.58 eps_avg: 1.64 | P: 0.86 R: 1.00 F1: 0.96
2026-05-14 05:54:57 | DEBUG   | dpfl.core.base_simulator | Update norms — honest: ['7.71', '7.56', '10.58', '9.14', '7.40'], attacker: ['nan', 'nan', 'nan', 'nan', 'nan']
2026-05-14 05:55:07 | INFO    | dpfl.core.base_simulator | Round 141/150 | Acc: 0.8597 | Loss: 0.5279 | eps_max: 2.62 eps_avg: 1.66 | P: 0.50 R: 1.00 F1: 1.00
2026-05-14 05:55:07 | DEBUG   | dpfl.core.base_simulator | Update norms — honest: ['7.06', '4.14', '5.12', '3.57', '6.43'], attacker: ['nan', 'nan', 'nan', 'nan', 'nan']
2026-05-14 05:55:16 | INFO    | dpfl.core.base_simulator | Round 142/150 | Acc: 0.8590 | Loss: 0.5352 | eps_max: 2.79 eps_avg: 1.71 | P: 0.54 R: 1.00 F1: 0.88
2026-05-14 05:55:16 | DEBUG   | dpfl.core.base_simulator | Update norms — honest: ['11.20', '6.68', '8.73', '3.58', '4.38'], attacker: ['nan', 'nan', 'nan', 'nan', 'nan']
2026-05-14 05:55:25 | INFO    | dpfl.core.base_simulator | Round 143/150 | Acc: 0.8594 | Loss: 0.5338 | eps_max: 3.51 eps_avg: 1.73 | P: 0.81 R: 1.00 F1: 0.99
2026-05-14 05:55:25 | DEBUG   | dpfl.core.base_simulator | Update norms — honest: ['5.99', '3.68', '6.78', '2.58', '0.86'], attacker: ['nan', 'nan', 'nan', 'nan', 'nan']
2026-05-14 05:55:26 | WARNING | dpfl.algorithms.noise_game.simulator | Node 496 round 143: NSR=23607.66 exceeds 20000.0
2026-05-14 05:55:35 | INFO    | dpfl.core.base_simulator | Round 144/150 | Acc: 0.8592 | Loss: 0.5351 | eps_max: 3.51 eps_avg: 1.76 | P: 0.82 R: 1.00 F1: 0.93
2026-05-14 05:55:35 | DEBUG   | dpfl.core.base_simulator | Update norms — honest: ['6.68', '5.46', '5.01', '5.56', '6.62'], attacker: ['nan', 'nan', 'nan', 'nan', 'nan']
2026-05-14 05:55:44 | INFO    | dpfl.core.base_simulator | Round 145/150 | Acc: 0.8591 | Loss: 0.5364 | eps_max: 3.51 eps_avg: 1.79 | P: 0.93 R: 1.00 F1: 0.96
2026-05-14 05:55:44 | DEBUG   | dpfl.core.base_simulator | Update norms — honest: ['6.52', '6.97', '7.33', '6.67', '6.25'], attacker: ['nan', 'nan', 'nan', 'nan', 'nan']
2026-05-14 05:55:54 | INFO    | dpfl.core.base_simulator | Round 146/150 | Acc: 0.8586 | Loss: 0.5394 | eps_max: 3.51 eps_avg: 1.82 | P: 0.57 R: 1.00 F1: 0.91
2026-05-14 05:55:54 | DEBUG   | dpfl.core.base_simulator | Update norms — honest: ['4.72', '6.21', '10.21', '8.21', '4.98'], attacker: ['nan', 'nan', 'nan', 'nan', 'nan']
2026-05-14 05:55:54 | WARNING | dpfl.algorithms.noise_game.simulator | Node 210 round 146: NSR=21532.69 exceeds 20000.0
2026-05-14 05:55:54 | WARNING | dpfl.algorithms.noise_game.simulator | Node 383 round 146: NSR=20719.66 exceeds 20000.0
2026-05-14 05:56:04 | INFO    | dpfl.core.base_simulator | Round 147/150 | Acc: 0.8582 | Loss: 0.5414 | eps_max: 3.51 eps_avg: 1.86 | P: 0.71 R: 1.00 F1: 0.97
2026-05-14 05:56:04 | DEBUG   | dpfl.core.base_simulator | Update norms — honest: ['3.85', '7.09', '7.24', '4.73', '4.44'], attacker: ['nan', 'nan', 'nan', 'nan', 'nan']
2026-05-14 05:56:04 | WARNING | dpfl.algorithms.noise_game.simulator | Node 280 round 147: NSR=20756.81 exceeds 20000.0
2026-05-14 05:56:13 | INFO    | dpfl.core.base_simulator | Round 148/150 | Acc: 0.8573 | Loss: 0.5463 | eps_max: 3.51 eps_avg: 1.91 | P: 0.61 R: 1.00 F1: 0.93
2026-05-14 05:56:13 | DEBUG   | dpfl.core.base_simulator | Update norms — honest: ['9.41', '3.58', '6.46', '2.66', '8.77'], attacker: ['nan', 'nan', 'nan', 'nan', 'nan']
2026-05-14 05:56:23 | INFO    | dpfl.core.base_simulator | Round 149/150 | Acc: 0.8570 | Loss: 0.5500 | eps_max: 3.51 eps_avg: 1.94 | P: 0.80 R: 1.00 F1: 0.97
2026-05-14 05:56:23 | DEBUG   | dpfl.core.base_simulator | Update norms — honest: ['5.20', '12.08', '8.52', '10.66', '7.60'], attacker: ['nan', 'nan', 'nan', 'nan', 'nan']
2026-05-14 05:56:33 | INFO    | dpfl.core.base_simulator | Round 150/150 | Acc: 0.8566 | Loss: 0.5537 | eps_max: 3.51 eps_avg: 1.98 | P: 0.78 R: 1.00 F1: 0.97
2026-05-14 05:56:33 | DEBUG   | dpfl.core.base_simulator | Update norms — honest: ['10.50', '9.25', '5.43', '5.40', '11.55'], attacker: ['nan', 'nan', 'nan', 'nan', 'nan']
2026-05-14 05:56:34 | INFO    | dpfl | Experiment complete in 1636.3s
============================================================
REPORT: DP-SGD Decentralized Federated Learning
============================================================
Timestamp:                  20260514_052916
Rounds completed:           150
Attack-active rounds:       100  (from round 50)
Final accuracy:             0.8566
Final test loss:            0.5537
Final epsilon (max honest): 3.51
Final epsilon (avg honest): 1.98
Best alpha:                 1000.0
Avg precision:              0.8096
Avg recall:                 0.9891
Avg F1 score:               0.9692
Avg update norm (honest):   4.5414
Avg update norm (attacker): nan

eps_system (max honest): 3.5134
eps_avg (honest):        1.9835
eps_std (honest):        0.6242
n_frozen:                0/300
============================================================
